<?xml version="1.0" encoding="UTF-8"?>
<testsuite xmlns:xsi="http://www.w3.org/2001/XMLSchema-instance" xsi:noNamespaceSchemaLocation="https://maven.apache.org/surefire/maven-surefire-plugin/xsd/surefire-test-report-3.0.xsd" version="3.0" name="citrus.HttpRESTStubTests" time="3.1" tests="101" errors="3" skipped="0" failures="0">
  <properties>
    <property name="sun.desktop" value="windows"/>
    <property name="awt.toolkit" value="sun.awt.windows.WToolkit"/>
    <property name="java.specification.version" value="11"/>
    <property name="sun.cpu.isalist" value="amd64"/>
    <property name="sun.jnu.encoding" value="Cp1251"/>
    <property name="java.class.path" value="C:\Users\Игорь\Desktop\ikv\otus\oneCitrus\target\test-classes;C:\Users\Игорь\Desktop\ikv\otus\oneCitrus\target\classes;C:\Users\Игорь\.m2\repository\com\consol\citrus\citrus-core\3.2.1\citrus-core-3.2.1.jar;C:\Users\Игорь\.m2\repository\com\consol\citrus\citrus-spring\3.2.1\citrus-spring-3.2.1.jar;C:\Users\Игорь\.m2\repository\xerces\xercesImpl\2.12.2\xercesImpl-2.12.2.jar;C:\Users\Игорь\.m2\repository\xml-apis\xml-apis\1.4.01\xml-apis-1.4.01.jar;C:\Users\Игорь\.m2\repository\com\consol\citrus\citrus-validation-xml\3.2.1\citrus-validation-xml-3.2.1.jar;C:\Users\Игорь\.m2\repository\org\glassfish\jaxb\jaxb-core\2.3.0.1\jaxb-core-2.3.0.1.jar;C:\Users\Игорь\.m2\repository\org\glassfish\jaxb\txw2\2.3.0.1\txw2-2.3.0.1.jar;C:\Users\Игорь\.m2\repository\com\sun\istack\istack-commons-runtime\3.0.5\istack-commons-runtime-3.0.5.jar;C:\Users\Игорь\.m2\repository\org\glassfish\jaxb\jaxb-runtime\2.3.5\jaxb-runtime-2.3.5.jar;C:\Users\Игорь\.m2\repository\xalan\xalan\2.7.2\xalan-2.7.2.jar;C:\Users\Игорь\.m2\repository\xalan\serializer\2.7.2\serializer-2.7.2.jar;C:\Users\Игорь\.m2\repository\wsdl4j\wsdl4j\1.6.3\wsdl4j-1.6.3.jar;C:\Users\Игорь\.m2\repository\net\sf\jtidy\jtidy\r938\jtidy-r938.jar;C:\Users\Игорь\.m2\repository\com\consol\citrus\citrus-validation-text\3.2.1\citrus-validation-text-3.2.1.jar;C:\Users\Игорь\.m2\repository\com\consol\citrus\citrus-validation-binary\3.2.1\citrus-validation-binary-3.2.1.jar;C:\Users\Игорь\.m2\repository\com\consol\citrus\citrus-validation-groovy\3.2.1\citrus-validation-groovy-3.2.1.jar;C:\Users\Игорь\.m2\repository\org\codehaus\groovy\groovy\3.0.9\groovy-3.0.9.jar;C:\Users\Игорь\.m2\repository\org\codehaus\groovy\groovy-jsr223\3.0.9\groovy-jsr223-3.0.9.jar;C:\Users\Игорь\.m2\repository\org\codehaus\groovy\groovy-json\3.0.9\groovy-json-3.0.9.jar;C:\Users\Игорь\.m2\repository\org\codehaus\groovy\groovy-xml\3.0.9\groovy-xml-3.0.9.jar;C:\Users\Игорь\.m2\repository\com\consol\citrus\citrus-validation-hamcrest\3.2.1\citrus-validation-hamcrest-3.2.1.jar;C:\Users\Игорь\.m2\repository\org\hamcrest\hamcrest\2.2\hamcrest-2.2.jar;C:\Users\Игорь\.m2\repository\org\hamcrest\hamcrest-library\2.2\hamcrest-library-2.2.jar;C:\Users\Игорь\.m2\repository\org\hamcrest\hamcrest-core\2.2\hamcrest-core-2.2.jar;C:\Users\Игорь\.m2\repository\com\consol\citrus\citrus-testng\3.2.1\citrus-testng-3.2.1.jar;C:\Users\Игорь\.m2\repository\com\consol\citrus\citrus-junit\3.2.1\citrus-junit-3.2.1.jar;C:\Users\Игорь\.m2\repository\com\consol\citrus\citrus-main\3.2.1\citrus-main-3.2.1.jar;C:\Users\Игорь\.m2\repository\com\consol\citrus\citrus-cucumber\3.2.1\citrus-cucumber-3.2.1.jar;C:\Users\Игорь\.m2\repository\io\cucumber\cucumber-java\6.11.0\cucumber-java-6.11.0.jar;C:\Users\Игорь\.m2\repository\io\cucumber\cucumber-core\6.11.0\cucumber-core-6.11.0.jar;C:\Users\Игорь\.m2\repository\io\cucumber\cucumber-gherkin\6.11.0\cucumber-gherkin-6.11.0.jar;C:\Users\Игорь\.m2\repository\io\cucumber\cucumber-gherkin-messages\6.11.0\cucumber-gherkin-messages-6.11.0.jar;C:\Users\Игорь\.m2\repository\io\cucumber\messages\15.0.0\messages-15.0.0.jar;C:\Users\Игорь\.m2\repository\io\cucumber\tag-expressions\3.0.1\tag-expressions-3.0.1.jar;C:\Users\Игорь\.m2\repository\io\cucumber\cucumber-expressions\10.3.0\cucumber-expressions-10.3.0.jar;C:\Users\Игорь\.m2\repository\io\cucumber\datatable\3.5.0\datatable-3.5.0.jar;C:\Users\Игорь\.m2\repository\io\cucumber\cucumber-plugin\6.11.0\cucumber-plugin-6.11.0.jar;C:\Users\Игорь\.m2\repository\io\cucumber\docstring\6.11.0\docstring-6.11.0.jar;C:\Users\Игорь\.m2\repository\io\cucumber\html-formatter\13.0.0\html-formatter-13.0.0.jar;C:\Users\Игорь\.m2\repository\io\cucumber\create-meta\4.0.0\create-meta-4.0.0.jar;C:\Users\Игорь\.m2\repository\com\consol\citrus\citrus-groovy\3.2.1\citrus-groovy-3.2.1.jar;C:\Users\Игорь\.m2\repository\com\consol\citrus\citrus-spring-integration\3.2.1\citrus-spring-integration-3.2.1.jar;C:\Users\Игорь\.m2\repository\org\springframework\integration\spring-integration-core\5.5.10\spring-integration-core-5.5.10.jar;C:\Users\Игорь\.m2\repository\org\springframework\retry\spring-retry\1.3.2\spring-retry-1.3.2.jar;C:\Users\Игорь\.m2\repository\io\projectreactor\reactor-core\3.4.12\reactor-core-3.4.12.jar;C:\Users\Игорь\.m2\repository\org\reactivestreams\reactive-streams\1.0.3\reactive-streams-1.0.3.jar;C:\Users\Игорь\.m2\repository\com\consol\citrus\citrus-sql\3.2.1\citrus-sql-3.2.1.jar;C:\Users\Игорь\.m2\repository\org\springframework\spring-jdbc\5.3.18\spring-jdbc-5.3.18.jar;C:\Users\Игорь\.m2\repository\org\springframework\spring-test\5.3.18\spring-test-5.3.18.jar;C:\Users\Игорь\.m2\repository\com\consol\citrus\citrus-jms\3.2.1\citrus-jms-3.2.1.jar;C:\Users\Игорь\.m2\repository\com\consol\citrus\citrus-base\3.2.1\citrus-base-3.2.1.jar;C:\Users\Игорь\.m2\repository\com\consol\citrus\citrus-api\3.2.1\citrus-api-3.2.1.jar;C:\Users\Игорь\.m2\repository\commons-lang\commons-lang\2.6\commons-lang-2.6.jar;C:\Users\Игорь\.m2\repository\org\springframework\spring-jms\5.3.18\spring-jms-5.3.18.jar;C:\Users\Игорь\.m2\repository\org\springframework\spring-messaging\5.3.18\spring-messaging-5.3.18.jar;C:\Users\Игорь\.m2\repository\org\springframework\spring-tx\5.3.18\spring-tx-5.3.18.jar;C:\Users\Игорь\.m2\repository\jakarta\jms\jakarta.jms-api\2.0.3\jakarta.jms-api-2.0.3.jar;C:\Users\Игорь\.m2\repository\jakarta\xml\bind\jakarta.xml.bind-api\2.3.3\jakarta.xml.bind-api-2.3.3.jar;C:\Users\Игорь\.m2\repository\jakarta\activation\jakarta.activation-api\1.2.2\jakarta.activation-api-1.2.2.jar;C:\Users\Игорь\.m2\repository\com\sun\xml\messaging\saaj\saaj-impl\1.5.3\saaj-impl-1.5.3.jar;C:\Users\Игорь\.m2\repository\jakarta\xml\soap\jakarta.xml.soap-api\1.4.2\jakarta.xml.soap-api-1.4.2.jar;C:\Users\Игорь\.m2\repository\org\jvnet\staxex\stax-ex\1.8.3\stax-ex-1.8.3.jar;C:\Users\Игорь\.m2\repository\org\springframework\ws\spring-ws-core\3.1.3\spring-ws-core-3.1.3.jar;C:\Users\Игорь\.m2\repository\org\springframework\spring-webmvc\5.3.18\spring-webmvc-5.3.18.jar;C:\Users\Игорь\.m2\repository\org\springframework\spring-expression\5.3.18\spring-expression-5.3.18.jar;C:\Users\Игорь\.m2\repository\com\consol\citrus\citrus-ws\3.2.1\citrus-ws-3.2.1.jar;C:\Users\Игорь\.m2\repository\com\sun\activation\jakarta.activation\1.2.2\jakarta.activation-1.2.2.jar;C:\Users\Игорь\.m2\repository\org\eclipse\jetty\jetty-server\9.4.44.v20210927\jetty-server-9.4.44.v20210927.jar;C:\Users\Игорь\.m2\repository\org\eclipse\jetty\jetty-http\9.4.44.v20210927\jetty-http-9.4.44.v20210927.jar;C:\Users\Игорь\.m2\repository\org\eclipse\jetty\jetty-util\9.4.44.v20210927\jetty-util-9.4.44.v20210927.jar;C:\Users\Игорь\.m2\repository\org\eclipse\jetty\jetty-io\9.4.44.v20210927\jetty-io-9.4.44.v20210927.jar;C:\Users\Игорь\.m2\repository\org\eclipse\jetty\jetty-servlet\9.4.44.v20210927\jetty-servlet-9.4.44.v20210927.jar;C:\Users\Игорь\.m2\repository\org\eclipse\jetty\jetty-security\9.4.44.v20210927\jetty-security-9.4.44.v20210927.jar;C:\Users\Игорь\.m2\repository\org\eclipse\jetty\jetty-util-ajax\9.4.44.v20210927\jetty-util-ajax-9.4.44.v20210927.jar;C:\Users\Игорь\.m2\repository\jakarta\servlet\jakarta.servlet-api\4.0.4\jakarta.servlet-api-4.0.4.jar;C:\Users\Игорь\.m2\repository\commons-codec\commons-codec\1.15\commons-codec-1.15.jar;C:\Users\Игорь\.m2\repository\commons-io\commons-io\2.8.0\commons-io-2.8.0.jar;C:\Users\Игорь\.m2\repository\org\springframework\spring-core\5.3.18\spring-core-5.3.18.jar;C:\Users\Игорь\.m2\repository\org\springframework\spring-jcl\5.3.18\spring-jcl-5.3.18.jar;C:\Users\Игорь\.m2\repository\org\springframework\spring-beans\5.3.18\spring-beans-5.3.18.jar;C:\Users\Игорь\.m2\repository\org\springframework\spring-aop\5.3.18\spring-aop-5.3.18.jar;C:\Users\Игорь\.m2\repository\org\springframework\ws\spring-xml\3.1.3\spring-xml-3.1.3.jar;C:\Users\Игорь\.m2\repository\org\springframework\spring-web\5.3.18\spring-web-5.3.18.jar;C:\Users\Игорь\.m2\repository\org\springframework\spring-context\5.3.18\spring-context-5.3.18.jar;C:\Users\Игорь\.m2\repository\com\consol\citrus\citrus-http\3.2.1\citrus-http-3.2.1.jar;C:\Users\Игорь\.m2\repository\org\springframework\integration\spring-integration-http\5.5.10\spring-integration-http-5.5.10.jar;C:\Users\Игорь\.m2\repository\org\springframework\spring-oxm\5.3.18\spring-oxm-5.3.18.jar;C:\Users\Игорь\.m2\repository\org\apache\httpcomponents\httpclient\4.5.13\httpclient-4.5.13.jar;C:\Users\Игорь\.m2\repository\org\apache\httpcomponents\httpcore\4.4.13\httpcore-4.4.13.jar;C:\Users\Игорь\.m2\repository\commons-logging\commons-logging\1.2\commons-logging-1.2.jar;C:\Users\Игорь\.m2\repository\com\consol\citrus\citrus-junit5\3.2.1\citrus-junit5-3.2.1.jar;C:\Users\Игорь\.m2\repository\org\junit\jupiter\junit-jupiter-api\5.7.2\junit-jupiter-api-5.7.2.jar;C:\Users\Игорь\.m2\repository\org\apiguardian\apiguardian-api\1.1.0\apiguardian-api-1.1.0.jar;C:\Users\Игорь\.m2\repository\org\opentest4j\opentest4j\1.2.0\opentest4j-1.2.0.jar;C:\Users\Игорь\.m2\repository\org\junit\platform\junit-platform-commons\1.7.2\junit-platform-commons-1.7.2.jar;C:\Users\Игорь\.m2\repository\org\junit\jupiter\junit-jupiter-engine\5.7.2\junit-jupiter-engine-5.7.2.jar;C:\Users\Игорь\.m2\repository\org\junit\platform\junit-platform-engine\1.7.2\junit-platform-engine-1.7.2.jar;C:\Users\Игорь\.m2\repository\org\slf4j\slf4j-api\1.7.30\slf4j-api-1.7.30.jar;C:\Users\Игорь\.m2\repository\org\slf4j\jcl-over-slf4j\1.7.30\jcl-over-slf4j-1.7.30.jar;C:\Users\Игорь\.m2\repository\org\apache\logging\log4j\log4j-slf4j-impl\2.15.0\log4j-slf4j-impl-2.15.0.jar;C:\Users\Игорь\.m2\repository\org\apache\logging\log4j\log4j-api\2.15.0\log4j-api-2.15.0.jar;C:\Users\Игорь\.m2\repository\org\apache\logging\log4j\log4j-core\2.15.0\log4j-core-2.15.0.jar;C:\Users\Игорь\.m2\repository\com\consol\citrus\citrus-validation-json\3.2.1\citrus-validation-json-3.2.1.jar;C:\Users\Игорь\.m2\repository\com\fasterxml\jackson\core\jackson-core\2.12.6\jackson-core-2.12.6.jar;C:\Users\Игорь\.m2\repository\com\fasterxml\jackson\core\jackson-databind\2.12.6.1\jackson-databind-2.12.6.1.jar;C:\Users\Игорь\.m2\repository\com\fasterxml\jackson\core\jackson-annotations\2.12.6\jackson-annotations-2.12.6.jar;C:\Users\Игорь\.m2\repository\net\minidev\json-smart\2.4.7\json-smart-2.4.7.jar;C:\Users\Игорь\.m2\repository\net\minidev\accessors-smart\2.4.7\accessors-smart-2.4.7.jar;C:\Users\Игорь\.m2\repository\org\ow2\asm\asm\9.1\asm-9.1.jar;C:\Users\Игорь\.m2\repository\com\jayway\jsonpath\json-path\2.5.0\json-path-2.5.0.jar;C:\Users\Игорь\.m2\repository\com\github\java-json-tools\json-schema-validator\2.2.14\json-schema-validator-2.2.14.jar;C:\Users\Игорь\.m2\repository\com\github\java-json-tools\jackson-coreutils-equivalence\1.0\jackson-coreutils-equivalence-1.0.jar;C:\Users\Игорь\.m2\repository\com\github\java-json-tools\jackson-coreutils\2.0\jackson-coreutils-2.0.jar;C:\Users\Игорь\.m2\repository\com\github\java-json-tools\msg-simple\1.2\msg-simple-1.2.jar;C:\Users\Игорь\.m2\repository\com\github\java-json-tools\btf\1.3\btf-1.3.jar;C:\Users\Игорь\.m2\repository\com\github\java-json-tools\json-schema-core\1.2.14\json-schema-core-1.2.14.jar;C:\Users\Игорь\.m2\repository\com\github\java-json-tools\uri-template\0.10\uri-template-0.10.jar;C:\Users\Игорь\.m2\repository\org\mozilla\rhino\1.7.7.2\rhino-1.7.7.2.jar;C:\Users\Игорь\.m2\repository\com\sun\mail\mailapi\1.6.2\mailapi-1.6.2.jar;C:\Users\Игорь\.m2\repository\joda-time\joda-time\2.10.5\joda-time-2.10.5.jar;C:\Users\Игорь\.m2\repository\com\googlecode\libphonenumber\libphonenumber\8.11.1\libphonenumber-8.11.1.jar;C:\Users\Игорь\.m2\repository\com\google\code\findbugs\jsr305\3.0.2\jsr305-3.0.2.jar;C:\Users\Игорь\.m2\repository\net\sf\jopt-simple\jopt-simple\5.0.4\jopt-simple-5.0.4.jar;C:\Users\Игорь\.m2\repository\com\google\guava\guava\30.1.1-jre\guava-30.1.1-jre.jar;C:\Users\Игорь\.m2\repository\com\google\guava\failureaccess\1.0.1\failureaccess-1.0.1.jar;C:\Users\Игорь\.m2\repository\com\google\guava\listenablefuture\9999.0-empty-to-avoid-conflict-with-guava\listenablefuture-9999.0-empty-to-avoid-conflict-with-guava.jar;C:\Users\Игорь\.m2\repository\org\checkerframework\checker-qual\3.8.0\checker-qual-3.8.0.jar;C:\Users\Игорь\.m2\repository\com\google\errorprone\error_prone_annotations\2.5.1\error_prone_annotations-2.5.1.jar;C:\Users\Игорь\.m2\repository\com\google\j2objc\j2objc-annotations\1.3\j2objc-annotations-1.3.jar;C:\Users\Игорь\.m2\repository\org\projectlombok\lombok\1.18.24\lombok-1.18.24.jar;C:\Users\Игорь\.m2\repository\org\junit\jupiter\junit-jupiter\5.7.2\junit-jupiter-5.7.2.jar;C:\Users\Игорь\.m2\repository\org\junit\jupiter\junit-jupiter-params\5.7.2\junit-jupiter-params-5.7.2.jar;"/>
    <property name="java.vm.vendor" value="Amazon.com Inc."/>
    <property name="sun.arch.data.model" value="64"/>
    <property name="user.variant" value=""/>
    <property name="java.vendor.url" value="https://aws.amazon.com/corretto/"/>
    <property name="user.timezone" value="Europe/Moscow"/>
    <property name="java.vm.specification.version" value="11"/>
    <property name="os.name" value="Windows 10"/>
    <property name="sun.java.launcher" value="SUN_STANDARD"/>
    <property name="user.country" value="RU"/>
    <property name="sun.boot.library.path" value="C:\Users\Игорь\.jdks\corretto-11.0.16\bin"/>
    <property name="sun.java.command" value="C:\Users\Игорь\AppData\Local\Temp\surefire2426366233259813095\surefirebooter11542899406205147373.jar C:\Users\Игорь\AppData\Local\Temp\surefire2426366233259813095 2023-07-12T22-20-38_911-jvmRun1 surefire11266618139209390112tmp surefire_012501538981791506723tmp"/>
    <property name="jdk.debug" value="release"/>
    <property name="surefire.test.class.path" value="C:\Users\Игорь\Desktop\ikv\otus\oneCitrus\target\test-classes;C:\Users\Игорь\Desktop\ikv\otus\oneCitrus\target\classes;C:\Users\Игорь\.m2\repository\com\consol\citrus\citrus-core\3.2.1\citrus-core-3.2.1.jar;C:\Users\Игорь\.m2\repository\com\consol\citrus\citrus-spring\3.2.1\citrus-spring-3.2.1.jar;C:\Users\Игорь\.m2\repository\xerces\xercesImpl\2.12.2\xercesImpl-2.12.2.jar;C:\Users\Игорь\.m2\repository\xml-apis\xml-apis\1.4.01\xml-apis-1.4.01.jar;C:\Users\Игорь\.m2\repository\com\consol\citrus\citrus-validation-xml\3.2.1\citrus-validation-xml-3.2.1.jar;C:\Users\Игорь\.m2\repository\org\glassfish\jaxb\jaxb-core\2.3.0.1\jaxb-core-2.3.0.1.jar;C:\Users\Игорь\.m2\repository\org\glassfish\jaxb\txw2\2.3.0.1\txw2-2.3.0.1.jar;C:\Users\Игорь\.m2\repository\com\sun\istack\istack-commons-runtime\3.0.5\istack-commons-runtime-3.0.5.jar;C:\Users\Игорь\.m2\repository\org\glassfish\jaxb\jaxb-runtime\2.3.5\jaxb-runtime-2.3.5.jar;C:\Users\Игорь\.m2\repository\xalan\xalan\2.7.2\xalan-2.7.2.jar;C:\Users\Игорь\.m2\repository\xalan\serializer\2.7.2\serializer-2.7.2.jar;C:\Users\Игорь\.m2\repository\wsdl4j\wsdl4j\1.6.3\wsdl4j-1.6.3.jar;C:\Users\Игорь\.m2\repository\net\sf\jtidy\jtidy\r938\jtidy-r938.jar;C:\Users\Игорь\.m2\repository\com\consol\citrus\citrus-validation-text\3.2.1\citrus-validation-text-3.2.1.jar;C:\Users\Игорь\.m2\repository\com\consol\citrus\citrus-validation-binary\3.2.1\citrus-validation-binary-3.2.1.jar;C:\Users\Игорь\.m2\repository\com\consol\citrus\citrus-validation-groovy\3.2.1\citrus-validation-groovy-3.2.1.jar;C:\Users\Игорь\.m2\repository\org\codehaus\groovy\groovy\3.0.9\groovy-3.0.9.jar;C:\Users\Игорь\.m2\repository\org\codehaus\groovy\groovy-jsr223\3.0.9\groovy-jsr223-3.0.9.jar;C:\Users\Игорь\.m2\repository\org\codehaus\groovy\groovy-json\3.0.9\groovy-json-3.0.9.jar;C:\Users\Игорь\.m2\repository\org\codehaus\groovy\groovy-xml\3.0.9\groovy-xml-3.0.9.jar;C:\Users\Игорь\.m2\repository\com\consol\citrus\citrus-validation-hamcrest\3.2.1\citrus-validation-hamcrest-3.2.1.jar;C:\Users\Игорь\.m2\repository\org\hamcrest\hamcrest\2.2\hamcrest-2.2.jar;C:\Users\Игорь\.m2\repository\org\hamcrest\hamcrest-library\2.2\hamcrest-library-2.2.jar;C:\Users\Игорь\.m2\repository\org\hamcrest\hamcrest-core\2.2\hamcrest-core-2.2.jar;C:\Users\Игорь\.m2\repository\com\consol\citrus\citrus-testng\3.2.1\citrus-testng-3.2.1.jar;C:\Users\Игорь\.m2\repository\com\consol\citrus\citrus-junit\3.2.1\citrus-junit-3.2.1.jar;C:\Users\Игорь\.m2\repository\com\consol\citrus\citrus-main\3.2.1\citrus-main-3.2.1.jar;C:\Users\Игорь\.m2\repository\com\consol\citrus\citrus-cucumber\3.2.1\citrus-cucumber-3.2.1.jar;C:\Users\Игорь\.m2\repository\io\cucumber\cucumber-java\6.11.0\cucumber-java-6.11.0.jar;C:\Users\Игорь\.m2\repository\io\cucumber\cucumber-core\6.11.0\cucumber-core-6.11.0.jar;C:\Users\Игорь\.m2\repository\io\cucumber\cucumber-gherkin\6.11.0\cucumber-gherkin-6.11.0.jar;C:\Users\Игорь\.m2\repository\io\cucumber\cucumber-gherkin-messages\6.11.0\cucumber-gherkin-messages-6.11.0.jar;C:\Users\Игорь\.m2\repository\io\cucumber\messages\15.0.0\messages-15.0.0.jar;C:\Users\Игорь\.m2\repository\io\cucumber\tag-expressions\3.0.1\tag-expressions-3.0.1.jar;C:\Users\Игорь\.m2\repository\io\cucumber\cucumber-expressions\10.3.0\cucumber-expressions-10.3.0.jar;C:\Users\Игорь\.m2\repository\io\cucumber\datatable\3.5.0\datatable-3.5.0.jar;C:\Users\Игорь\.m2\repository\io\cucumber\cucumber-plugin\6.11.0\cucumber-plugin-6.11.0.jar;C:\Users\Игорь\.m2\repository\io\cucumber\docstring\6.11.0\docstring-6.11.0.jar;C:\Users\Игорь\.m2\repository\io\cucumber\html-formatter\13.0.0\html-formatter-13.0.0.jar;C:\Users\Игорь\.m2\repository\io\cucumber\create-meta\4.0.0\create-meta-4.0.0.jar;C:\Users\Игорь\.m2\repository\com\consol\citrus\citrus-groovy\3.2.1\citrus-groovy-3.2.1.jar;C:\Users\Игорь\.m2\repository\com\consol\citrus\citrus-spring-integration\3.2.1\citrus-spring-integration-3.2.1.jar;C:\Users\Игорь\.m2\repository\org\springframework\integration\spring-integration-core\5.5.10\spring-integration-core-5.5.10.jar;C:\Users\Игорь\.m2\repository\org\springframework\retry\spring-retry\1.3.2\spring-retry-1.3.2.jar;C:\Users\Игорь\.m2\repository\io\projectreactor\reactor-core\3.4.12\reactor-core-3.4.12.jar;C:\Users\Игорь\.m2\repository\org\reactivestreams\reactive-streams\1.0.3\reactive-streams-1.0.3.jar;C:\Users\Игорь\.m2\repository\com\consol\citrus\citrus-sql\3.2.1\citrus-sql-3.2.1.jar;C:\Users\Игорь\.m2\repository\org\springframework\spring-jdbc\5.3.18\spring-jdbc-5.3.18.jar;C:\Users\Игорь\.m2\repository\org\springframework\spring-test\5.3.18\spring-test-5.3.18.jar;C:\Users\Игорь\.m2\repository\com\consol\citrus\citrus-jms\3.2.1\citrus-jms-3.2.1.jar;C:\Users\Игорь\.m2\repository\com\consol\citrus\citrus-base\3.2.1\citrus-base-3.2.1.jar;C:\Users\Игорь\.m2\repository\com\consol\citrus\citrus-api\3.2.1\citrus-api-3.2.1.jar;C:\Users\Игорь\.m2\repository\commons-lang\commons-lang\2.6\commons-lang-2.6.jar;C:\Users\Игорь\.m2\repository\org\springframework\spring-jms\5.3.18\spring-jms-5.3.18.jar;C:\Users\Игорь\.m2\repository\org\springframework\spring-messaging\5.3.18\spring-messaging-5.3.18.jar;C:\Users\Игорь\.m2\repository\org\springframework\spring-tx\5.3.18\spring-tx-5.3.18.jar;C:\Users\Игорь\.m2\repository\jakarta\jms\jakarta.jms-api\2.0.3\jakarta.jms-api-2.0.3.jar;C:\Users\Игорь\.m2\repository\jakarta\xml\bind\jakarta.xml.bind-api\2.3.3\jakarta.xml.bind-api-2.3.3.jar;C:\Users\Игорь\.m2\repository\jakarta\activation\jakarta.activation-api\1.2.2\jakarta.activation-api-1.2.2.jar;C:\Users\Игорь\.m2\repository\com\sun\xml\messaging\saaj\saaj-impl\1.5.3\saaj-impl-1.5.3.jar;C:\Users\Игорь\.m2\repository\jakarta\xml\soap\jakarta.xml.soap-api\1.4.2\jakarta.xml.soap-api-1.4.2.jar;C:\Users\Игорь\.m2\repository\org\jvnet\staxex\stax-ex\1.8.3\stax-ex-1.8.3.jar;C:\Users\Игорь\.m2\repository\org\springframework\ws\spring-ws-core\3.1.3\spring-ws-core-3.1.3.jar;C:\Users\Игорь\.m2\repository\org\springframework\spring-webmvc\5.3.18\spring-webmvc-5.3.18.jar;C:\Users\Игорь\.m2\repository\org\springframework\spring-expression\5.3.18\spring-expression-5.3.18.jar;C:\Users\Игорь\.m2\repository\com\consol\citrus\citrus-ws\3.2.1\citrus-ws-3.2.1.jar;C:\Users\Игорь\.m2\repository\com\sun\activation\jakarta.activation\1.2.2\jakarta.activation-1.2.2.jar;C:\Users\Игорь\.m2\repository\org\eclipse\jetty\jetty-server\9.4.44.v20210927\jetty-server-9.4.44.v20210927.jar;C:\Users\Игорь\.m2\repository\org\eclipse\jetty\jetty-http\9.4.44.v20210927\jetty-http-9.4.44.v20210927.jar;C:\Users\Игорь\.m2\repository\org\eclipse\jetty\jetty-util\9.4.44.v20210927\jetty-util-9.4.44.v20210927.jar;C:\Users\Игорь\.m2\repository\org\eclipse\jetty\jetty-io\9.4.44.v20210927\jetty-io-9.4.44.v20210927.jar;C:\Users\Игорь\.m2\repository\org\eclipse\jetty\jetty-servlet\9.4.44.v20210927\jetty-servlet-9.4.44.v20210927.jar;C:\Users\Игорь\.m2\repository\org\eclipse\jetty\jetty-security\9.4.44.v20210927\jetty-security-9.4.44.v20210927.jar;C:\Users\Игорь\.m2\repository\org\eclipse\jetty\jetty-util-ajax\9.4.44.v20210927\jetty-util-ajax-9.4.44.v20210927.jar;C:\Users\Игорь\.m2\repository\jakarta\servlet\jakarta.servlet-api\4.0.4\jakarta.servlet-api-4.0.4.jar;C:\Users\Игорь\.m2\repository\commons-codec\commons-codec\1.15\commons-codec-1.15.jar;C:\Users\Игорь\.m2\repository\commons-io\commons-io\2.8.0\commons-io-2.8.0.jar;C:\Users\Игорь\.m2\repository\org\springframework\spring-core\5.3.18\spring-core-5.3.18.jar;C:\Users\Игорь\.m2\repository\org\springframework\spring-jcl\5.3.18\spring-jcl-5.3.18.jar;C:\Users\Игорь\.m2\repository\org\springframework\spring-beans\5.3.18\spring-beans-5.3.18.jar;C:\Users\Игорь\.m2\repository\org\springframework\spring-aop\5.3.18\spring-aop-5.3.18.jar;C:\Users\Игорь\.m2\repository\org\springframework\ws\spring-xml\3.1.3\spring-xml-3.1.3.jar;C:\Users\Игорь\.m2\repository\org\springframework\spring-web\5.3.18\spring-web-5.3.18.jar;C:\Users\Игорь\.m2\repository\org\springframework\spring-context\5.3.18\spring-context-5.3.18.jar;C:\Users\Игорь\.m2\repository\com\consol\citrus\citrus-http\3.2.1\citrus-http-3.2.1.jar;C:\Users\Игорь\.m2\repository\org\springframework\integration\spring-integration-http\5.5.10\spring-integration-http-5.5.10.jar;C:\Users\Игорь\.m2\repository\org\springframework\spring-oxm\5.3.18\spring-oxm-5.3.18.jar;C:\Users\Игорь\.m2\repository\org\apache\httpcomponents\httpclient\4.5.13\httpclient-4.5.13.jar;C:\Users\Игорь\.m2\repository\org\apache\httpcomponents\httpcore\4.4.13\httpcore-4.4.13.jar;C:\Users\Игорь\.m2\repository\commons-logging\commons-logging\1.2\commons-logging-1.2.jar;C:\Users\Игорь\.m2\repository\com\consol\citrus\citrus-junit5\3.2.1\citrus-junit5-3.2.1.jar;C:\Users\Игорь\.m2\repository\org\junit\jupiter\junit-jupiter-api\5.7.2\junit-jupiter-api-5.7.2.jar;C:\Users\Игорь\.m2\repository\org\apiguardian\apiguardian-api\1.1.0\apiguardian-api-1.1.0.jar;C:\Users\Игорь\.m2\repository\org\opentest4j\opentest4j\1.2.0\opentest4j-1.2.0.jar;C:\Users\Игорь\.m2\repository\org\junit\platform\junit-platform-commons\1.7.2\junit-platform-commons-1.7.2.jar;C:\Users\Игорь\.m2\repository\org\junit\jupiter\junit-jupiter-engine\5.7.2\junit-jupiter-engine-5.7.2.jar;C:\Users\Игорь\.m2\repository\org\junit\platform\junit-platform-engine\1.7.2\junit-platform-engine-1.7.2.jar;C:\Users\Игорь\.m2\repository\org\slf4j\slf4j-api\1.7.30\slf4j-api-1.7.30.jar;C:\Users\Игорь\.m2\repository\org\slf4j\jcl-over-slf4j\1.7.30\jcl-over-slf4j-1.7.30.jar;C:\Users\Игорь\.m2\repository\org\apache\logging\log4j\log4j-slf4j-impl\2.15.0\log4j-slf4j-impl-2.15.0.jar;C:\Users\Игорь\.m2\repository\org\apache\logging\log4j\log4j-api\2.15.0\log4j-api-2.15.0.jar;C:\Users\Игорь\.m2\repository\org\apache\logging\log4j\log4j-core\2.15.0\log4j-core-2.15.0.jar;C:\Users\Игорь\.m2\repository\com\consol\citrus\citrus-validation-json\3.2.1\citrus-validation-json-3.2.1.jar;C:\Users\Игорь\.m2\repository\com\fasterxml\jackson\core\jackson-core\2.12.6\jackson-core-2.12.6.jar;C:\Users\Игорь\.m2\repository\com\fasterxml\jackson\core\jackson-databind\2.12.6.1\jackson-databind-2.12.6.1.jar;C:\Users\Игорь\.m2\repository\com\fasterxml\jackson\core\jackson-annotations\2.12.6\jackson-annotations-2.12.6.jar;C:\Users\Игорь\.m2\repository\net\minidev\json-smart\2.4.7\json-smart-2.4.7.jar;C:\Users\Игорь\.m2\repository\net\minidev\accessors-smart\2.4.7\accessors-smart-2.4.7.jar;C:\Users\Игорь\.m2\repository\org\ow2\asm\asm\9.1\asm-9.1.jar;C:\Users\Игорь\.m2\repository\com\jayway\jsonpath\json-path\2.5.0\json-path-2.5.0.jar;C:\Users\Игорь\.m2\repository\com\github\java-json-tools\json-schema-validator\2.2.14\json-schema-validator-2.2.14.jar;C:\Users\Игорь\.m2\repository\com\github\java-json-tools\jackson-coreutils-equivalence\1.0\jackson-coreutils-equivalence-1.0.jar;C:\Users\Игорь\.m2\repository\com\github\java-json-tools\jackson-coreutils\2.0\jackson-coreutils-2.0.jar;C:\Users\Игорь\.m2\repository\com\github\java-json-tools\msg-simple\1.2\msg-simple-1.2.jar;C:\Users\Игорь\.m2\repository\com\github\java-json-tools\btf\1.3\btf-1.3.jar;C:\Users\Игорь\.m2\repository\com\github\java-json-tools\json-schema-core\1.2.14\json-schema-core-1.2.14.jar;C:\Users\Игорь\.m2\repository\com\github\java-json-tools\uri-template\0.10\uri-template-0.10.jar;C:\Users\Игорь\.m2\repository\org\mozilla\rhino\1.7.7.2\rhino-1.7.7.2.jar;C:\Users\Игорь\.m2\repository\com\sun\mail\mailapi\1.6.2\mailapi-1.6.2.jar;C:\Users\Игорь\.m2\repository\joda-time\joda-time\2.10.5\joda-time-2.10.5.jar;C:\Users\Игорь\.m2\repository\com\googlecode\libphonenumber\libphonenumber\8.11.1\libphonenumber-8.11.1.jar;C:\Users\Игорь\.m2\repository\com\google\code\findbugs\jsr305\3.0.2\jsr305-3.0.2.jar;C:\Users\Игорь\.m2\repository\net\sf\jopt-simple\jopt-simple\5.0.4\jopt-simple-5.0.4.jar;C:\Users\Игорь\.m2\repository\com\google\guava\guava\30.1.1-jre\guava-30.1.1-jre.jar;C:\Users\Игорь\.m2\repository\com\google\guava\failureaccess\1.0.1\failureaccess-1.0.1.jar;C:\Users\Игорь\.m2\repository\com\google\guava\listenablefuture\9999.0-empty-to-avoid-conflict-with-guava\listenablefuture-9999.0-empty-to-avoid-conflict-with-guava.jar;C:\Users\Игорь\.m2\repository\org\checkerframework\checker-qual\3.8.0\checker-qual-3.8.0.jar;C:\Users\Игорь\.m2\repository\com\google\errorprone\error_prone_annotations\2.5.1\error_prone_annotations-2.5.1.jar;C:\Users\Игорь\.m2\repository\com\google\j2objc\j2objc-annotations\1.3\j2objc-annotations-1.3.jar;C:\Users\Игорь\.m2\repository\org\projectlombok\lombok\1.18.24\lombok-1.18.24.jar;C:\Users\Игорь\.m2\repository\org\junit\jupiter\junit-jupiter\5.7.2\junit-jupiter-5.7.2.jar;C:\Users\Игорь\.m2\repository\org\junit\jupiter\junit-jupiter-params\5.7.2\junit-jupiter-params-5.7.2.jar;"/>
    <property name="sun.cpu.endian" value="little"/>
    <property name="user.home" value="C:\Users\Игорь"/>
    <property name="user.language" value="ru"/>
    <property name="java.specification.vendor" value="Oracle Corporation"/>
    <property name="java.version.date" value="2022-07-19"/>
    <property name="java.home" value="C:\Users\Игорь\.jdks\corretto-11.0.16"/>
    <property name="file.separator" value="\"/>
    <property name="basedir" value="C:\Users\Игорь\Desktop\ikv\otus\oneCitrus"/>
    <property name="java.vm.compressedOopsMode" value="Zero based"/>
    <property name="line.separator" value="&#10;"/>
    <property name="java.specification.name" value="Java Platform API Specification"/>
    <property name="java.vm.specification.vendor" value="Oracle Corporation"/>
    <property name="java.awt.graphicsenv" value="sun.awt.Win32GraphicsEnvironment"/>
    <property name="surefire.real.class.path" value="C:\Users\Игорь\AppData\Local\Temp\surefire2426366233259813095\surefirebooter11542899406205147373.jar"/>
    <property name="user.script" value=""/>
    <property name="sun.management.compiler" value="HotSpot 64-Bit Tiered Compilers"/>
    <property name="java.runtime.version" value="11.0.16+8-LTS"/>
    <property name="user.name" value="Игорь"/>
    <property name="path.separator" value=";"/>
    <property name="os.version" value="10.0"/>
    <property name="java.runtime.name" value="OpenJDK Runtime Environment"/>
    <property name="file.encoding" value="Cp1251"/>
    <property name="java.vm.name" value="OpenJDK 64-Bit Server VM"/>
    <property name="java.vendor.version" value="Corretto-11.0.16.8.1"/>
    <property name="localRepository" value="C:\Users\Игорь\.m2\repository"/>
    <property name="java.vendor.url.bug" value="https://github.com/corretto/corretto-11/issues/"/>
    <property name="java.io.tmpdir" value="C:\Users\D395~1\AppData\Local\Temp\"/>
    <property name="idea.version" value="2022.1.3"/>
    <property name="java.version" value="11.0.16"/>
    <property name="user.dir" value="C:\Users\Игорь\Desktop\ikv\otus\oneCitrus\target"/>
    <property name="os.arch" value="amd64"/>
    <property name="java.vm.specification.name" value="Java Virtual Machine Specification"/>
    <property name="java.awt.printerjob" value="sun.awt.windows.WPrinterJob"/>
    <property name="sun.os.patch.level" value=""/>
    <property name="java.library.path" value="C:\Users\Игорь\.jdks\corretto-11.0.16\bin;C:\WINDOWS\Sun\Java\bin;C:\WINDOWS\system32;C:\WINDOWS;C:\Program Files (x86)\Common Files\Oracle\Java\javapath;C:\Windows\system32;C:\Windows;C:\Windows\System32\Wbem;C:\Windows\System32\WindowsPowerShell\v1.0\;C:\Windows\System32\OpenSSH\;C:\Program Files\nodejs\;C:\Program Files (x86)\NVIDIA Corporation\PhysX\Common;C:\Program Files\NVIDIA Corporation\NVIDIA NvDLISR;C:\WINDOWS\system32;C:\WINDOWS;C:\WINDOWS\System32\Wbem;C:\WINDOWS\System32\WindowsPowerShell\v1.0\;C:\WINDOWS\System32\OpenSSH\;C:\Program Files\SafeNet\Authentication\SAC\x64;C:\Program Files\SafeNet\Authentication\SAC\x32;C:\Program Files (x86)\dotnet\;C:\Program Files\Git\cmd;C:\Users\Игорь\scoop\shims;C:\Users\Игорь\AppData\Local\Microsoft\WindowsApps;C:\Users\Игорь\AppData\Roaming\npm;C:\Users\Игорь\AppData\Local\Programs\Microsoft VS Code\bin;C:\Program Files\Java\jdk1.8.0_301\bin;C:\Users\Игорь\JetBrains\IntelliJ-IDEA-Community-Edition-2021.2\bin;C:\apache-maven-3.8.1-bin\apache-maven-3.8.1\bin;C:\Users\Игорь\AppData\Local\gitkraken\bin;C:\Program Files\JetBrains\IntelliJ IDEA 2022.1.3\bin;;."/>
    <property name="java.vm.info" value="mixed mode"/>
    <property name="java.vendor" value="Amazon.com Inc."/>
    <property name="java.vm.version" value="11.0.16+8-LTS"/>
    <property name="sun.io.unicode.encoding" value="UnicodeLittle"/>
    <property name="java.class.version" value="55.0"/>
  </properties>
  <testcase name="getAllUsersStubTest" classname="citrus.HttpRESTStubTests" time="0.225">
    <error type="com.consol.citrus.exceptions.TestCaseFailedException"><![CDATA[com.consol.citrus.exceptions.TestCaseFailedException: MatchesValidationMatcher failed for field '$.[0].name'. Received value is 'Mrs. Phil Rogahn', control value is '^[a-zA-Z\s]*$'
	at citrus.HttpRESTStubTests.getAllUsersStubTest(HttpRESTStubTests.java:41)
Caused by: com.consol.citrus.exceptions.ValidationException: MatchesValidationMatcher failed for field '$.[0].name'. Received value is 'Mrs. Phil Rogahn', control value is '^[a-zA-Z\s]*$'
	at citrus.HttpRESTStubTests.getAllUsersStubTest(HttpRESTStubTests.java:41)
]]></error>
    <system-out><![CDATA[22:20:40,039 DEBUG itrusContextProvider| Found Citrus context provider 'spring.type' as class com.consol.citrus.CitrusSpringContextProvider
22:20:40,043 DEBUG itrusContextProvider| Using Citrus context provider 'spring.type' as com.consol.citrus.CitrusSpringContextProvider@2a3591c5
22:20:40,135 DEBUG igApplicationContext| Refreshing org.springframework.context.annotation.AnnotationConfigApplicationContext@5f2f577
22:20:40,145 DEBUG tListableBeanFactory| Creating shared instance of singleton bean 'org.springframework.context.annotation.internalConfigurationAnnotationProcessor'
22:20:40,425 DEBUG itrusXmlConfigParser| Found XML config parser 'core/json-data-dictionary' as class com.consol.citrus.config.xml.JsonDataDictionaryParser
22:20:40,425 DEBUG itrusXmlConfigParser| Found XML config parser 'core/schema-collection' as class com.consol.citrus.config.xml.SchemaCollectionParser
22:20:40,425 DEBUG itrusXmlConfigParser| Found XML config parser 'core/json-path-data-dictionary' as class com.consol.citrus.config.xml.JsonPathDataDictionaryParser
22:20:40,425 DEBUG itrusXmlConfigParser| Found XML config parser 'core/xml-data-dictionary' as class com.consol.citrus.config.xml.XmlDataDictionaryParser
22:20:40,425 DEBUG itrusXmlConfigParser| Found XML config parser 'core/xpath-data-dictionary' as class com.consol.citrus.config.xml.XpathDataDictionaryParser
22:20:40,426 DEBUG nfigNamespaceHandler| Register bean definition parser class com.consol.citrus.config.xml.JsonDataDictionaryParser from resource json-data-dictionary
22:20:40,426 DEBUG nfigNamespaceHandler| Register bean definition parser class com.consol.citrus.config.xml.SchemaCollectionParser from resource schema-collection
22:20:40,426 DEBUG nfigNamespaceHandler| Register bean definition parser class com.consol.citrus.config.xml.JsonPathDataDictionaryParser from resource json-path-data-dictionary
22:20:40,426 DEBUG nfigNamespaceHandler| Register bean definition parser class com.consol.citrus.config.xml.XmlDataDictionaryParser from resource xml-data-dictionary
22:20:40,426 DEBUG nfigNamespaceHandler| Register bean definition parser class com.consol.citrus.config.xml.XpathDataDictionaryParser from resource xpath-data-dictionary
22:20:40,428 INFO  hemaRepositoryParser| Found schema repository bean definition parser class com.consol.citrus.config.xml.XsdSchemaRepositoryParser from resource META-INF/citrus/schema-repository/parser/xml
22:20:40,445 DEBUG BeanDefinitionReader| Loaded 7 bean definitions from URL [file:/C:/Users/%d0%98%d0%b3%d0%be%d1%80%d1%8c/Desktop/ikv/otus/oneCitrus/target/test-classes/citrus-context.xml]
22:20:40,473 DEBUG tListableBeanFactory| Creating shared instance of singleton bean 'messageValidatorRegistrationProcessor'
22:20:40,508 DEBUG tion.HeaderValidator| Found header validator 'hamcrestHeaderValidator' as class com.consol.citrus.validation.HamcrestHeaderValidator
22:20:40,508 DEBUG tion.HeaderValidator| Found header validator 'defaultHeaderValidator' as class com.consol.citrus.validation.DefaultHeaderValidator
22:20:40,508 DEBUG tion.HeaderValidator| Found header validator 'hamcrestHeaderValidator' as class com.consol.citrus.validation.HamcrestHeaderValidator
22:20:40,508 DEBUG tion.HeaderValidator| Found header validator 'defaultHeaderValidator' as class com.consol.citrus.validation.DefaultHeaderValidator
22:20:40,636 DEBUG ion.MessageValidator| Found message validator 'defaultBinaryBase64MessageValidator' as class com.consol.citrus.validation.text.BinaryBase64MessageValidator
22:20:40,636 DEBUG ion.MessageValidator| Found message validator 'defaultGroovyTextMessageValidator' as class com.consol.citrus.validation.script.GroovyScriptMessageValidator
22:20:40,637 DEBUG ion.MessageValidator| Found message validator 'defaultMessageHeaderValidator' as class com.consol.citrus.validation.DefaultMessageHeaderValidator
22:20:40,637 DEBUG ion.MessageValidator| Found message validator 'defaultPlaintextMessageValidator' as class com.consol.citrus.validation.text.PlainTextMessageValidator
22:20:40,637 DEBUG ion.MessageValidator| Found message validator 'defaultGroovyJsonMessageValidator' as class com.consol.citrus.validation.script.GroovyJsonMessageValidator
22:20:40,637 DEBUG ion.MessageValidator| Found message validator 'defaultGzipBinaryBase64MessageValidator' as class com.consol.citrus.validation.text.GzipBinaryBase64MessageValidator
22:20:40,637 DEBUG ion.MessageValidator| Found message validator 'defaultJsonMessageValidator' as class com.consol.citrus.validation.json.JsonTextMessageValidator
22:20:40,637 DEBUG ion.MessageValidator| Found message validator 'defaultXpathMessageValidator' as class com.consol.citrus.validation.xml.XpathMessageValidator
22:20:40,637 DEBUG ion.MessageValidator| Found message validator 'defaultBinaryMessageValidator' as class com.consol.citrus.validation.binary.BinaryMessageValidator
22:20:40,637 DEBUG ion.MessageValidator| Found message validator 'defaultXhtmlMessageValidator' as class com.consol.citrus.validation.xhtml.XhtmlMessageValidator
22:20:40,637 DEBUG ion.MessageValidator| Found message validator 'defaultJsonPathMessageValidator' as class com.consol.citrus.validation.json.JsonPathMessageValidator
22:20:40,637 DEBUG ion.MessageValidator| Found message validator 'defaultXmlMessageValidator' as class com.consol.citrus.validation.xml.DomXmlMessageValidator
22:20:40,637 DEBUG ion.MessageValidator| Found message validator 'defaultXhtmlXpathMessageValidator' as class com.consol.citrus.validation.xhtml.XhtmlXpathMessageValidator
22:20:40,638 DEBUG ion.MessageValidator| Found message validator 'defaultGroovyXmlMessageValidator' as class com.consol.citrus.validation.script.GroovyXmlMessageValidator
22:20:40,641 DEBUG ion.MessageValidator| Found message validator 'defaultXmlSchemaValidator' as class com.consol.citrus.validation.xml.schema.XmlSchemaValidation
22:20:40,641 DEBUG ion.MessageValidator| Found message validator 'defaultJsonSchemaValidator' as class com.consol.citrus.validation.json.schema.JsonSchemaValidation
22:20:40,701 DEBUG tListableBeanFactory| Creating shared instance of singleton bean 'org.springframework.context.support.PropertySourcesPlaceholderConfigurer#0'
22:20:40,732 DEBUG rcesPropertyResolver| Found key 'url' in PropertySource 'localProperties' with value of type String
22:20:40,732 DEBUG tListableBeanFactory| Creating shared instance of singleton bean 'org.springframework.context.event.internalEventListenerProcessor'
22:20:40,733 DEBUG tListableBeanFactory| Creating shared instance of singleton bean 'org.springframework.context.event.internalEventListenerFactory'
22:20:40,735 DEBUG tListableBeanFactory| Creating shared instance of singleton bean 'org.springframework.context.annotation.internalAutowiredAnnotationProcessor'
22:20:40,736 DEBUG tListableBeanFactory| Creating shared instance of singleton bean 'componentInitializer'
22:20:40,736 DEBUG tListableBeanFactory| Creating shared instance of singleton bean 'citrusSpringConfig'
22:20:40,738 INFO  PostProcessorChecker| Bean 'citrusSpringConfig' of type [com.consol.citrus.config.CitrusSpringConfig$$EnhancerBySpringCGLIB$$57b57c1b] is not eligible for getting processed by all BeanPostProcessors (for example: not eligible for auto-proxying)
22:20:40,749 DEBUG tListableBeanFactory| Creating shared instance of singleton bean 'referenceResolver'
22:20:40,750 INFO  PostProcessorChecker| Bean 'referenceResolver' of type [com.consol.citrus.context.SpringBeanReferenceResolver] is not eligible for getting processed by all BeanPostProcessors (for example: not eligible for auto-proxying)
22:20:40,755 DEBUG tListableBeanFactory| Creating shared instance of singleton bean 'com.consol.citrus.functions.FunctionConfig'
22:20:40,766 DEBUG   functions.Function| Found function 'cdataSection' as class com.consol.citrus.functions.core.CreateCDataSectionFunction
22:20:40,766 DEBUG   functions.Function| Found function 'escapeXml' as class com.consol.citrus.functions.core.EscapeXmlFunction
22:20:40,766 DEBUG   functions.Function| Found function 'xpath' as class com.consol.citrus.functions.core.XpathFunction
22:20:40,766 DEBUG   functions.Function| Found function 'jsonPath' as class com.consol.citrus.functions.core.JsonPathFunction
22:20:40,767 DEBUG   functions.Function| Found function 'env' as class com.consol.citrus.functions.core.EnvironmentPropertyFunction
22:20:40,767 DEBUG faultFunctionLibrary| Register function 'cdataSection' as class com.consol.citrus.functions.core.CreateCDataSectionFunction
22:20:40,767 DEBUG faultFunctionLibrary| Register function 'escapeXml' as class com.consol.citrus.functions.core.EscapeXmlFunction
22:20:40,767 DEBUG faultFunctionLibrary| Register function 'xpath' as class com.consol.citrus.functions.core.XpathFunction
22:20:40,767 DEBUG faultFunctionLibrary| Register function 'jsonPath' as class com.consol.citrus.functions.core.JsonPathFunction
22:20:40,767 DEBUG faultFunctionLibrary| Register function 'env' as class com.consol.citrus.functions.core.EnvironmentPropertyFunction
22:20:40,768 DEBUG tListableBeanFactory| Creating shared instance of singleton bean 'functionRegistry'
22:20:40,772 DEBUG tListableBeanFactory| Creating shared instance of singleton bean 'citrusFunctionLibrary'
22:20:40,773 DEBUG tListableBeanFactory| Creating shared instance of singleton bean 'com.consol.citrus.validation.matcher.ValidationMatcherConfig'
22:20:40,782 DEBUG er.ValidationMatcher| Found validation matcher 'assertThat' as class com.consol.citrus.validation.matcher.hamcrest.HamcrestValidationMatcher
22:20:40,782 DEBUG er.ValidationMatcher| Found validation matcher 'matchesXml' as class com.consol.citrus.validation.matcher.core.XmlValidationMatcher
22:20:40,782 DEBUG dationMatcherLibrary| Register message matcher 'assertThat' as class com.consol.citrus.validation.matcher.hamcrest.HamcrestValidationMatcher
22:20:40,782 DEBUG dationMatcherLibrary| Register message matcher 'matchesXml' as class com.consol.citrus.validation.matcher.core.XmlValidationMatcher
22:20:40,783 DEBUG tListableBeanFactory| Creating shared instance of singleton bean 'validationMatcherRegistry'
22:20:40,786 DEBUG tListableBeanFactory| Creating shared instance of singleton bean 'citrusValidationMatcherLibrary'
22:20:40,787 DEBUG tListableBeanFactory| Creating shared instance of singleton bean 'com.consol.citrus.validation.MessageValidatorConfig'
22:20:40,787 DEBUG tListableBeanFactory| Creating shared instance of singleton bean 'citrusMessageValidatorRegistry'
22:20:40,790 DEBUG tListableBeanFactory| Creating shared instance of singleton bean 'com.consol.citrus.reporter.ReporterConfig'
22:20:40,790 DEBUG tListableBeanFactory| Creating shared instance of singleton bean 'loggingReporter'
22:20:40,793 DEBUG tListableBeanFactory| Creating shared instance of singleton bean 'htmlReporter'
22:20:40,796 DEBUG tListableBeanFactory| Creating shared instance of singleton bean 'junitReporter'
22:20:40,797 DEBUG tListableBeanFactory| Creating shared instance of singleton bean 'testReporters'
22:20:40,799 DEBUG tListableBeanFactory| Creating shared instance of singleton bean 'testContextFactory'
22:20:40,814 DEBUG tListableBeanFactory| Creating shared instance of singleton bean 'globalVariables'
22:20:40,818 DEBUG tListableBeanFactory| Creating shared instance of singleton bean 'defaultBinaryBase64MessageValidator'
22:20:40,819 DEBUG tListableBeanFactory| Creating shared instance of singleton bean 'defaultGroovyTextMessageValidator'
22:20:40,821 DEBUG tListableBeanFactory| Creating shared instance of singleton bean 'defaultMessageHeaderValidator'
22:20:40,822 DEBUG tListableBeanFactory| Creating shared instance of singleton bean 'defaultPlaintextMessageValidator'
22:20:40,822 DEBUG tListableBeanFactory| Creating shared instance of singleton bean 'defaultGroovyJsonMessageValidator'
22:20:40,822 DEBUG tListableBeanFactory| Creating shared instance of singleton bean 'defaultGzipBinaryBase64MessageValidator'
22:20:40,822 DEBUG tListableBeanFactory| Creating shared instance of singleton bean 'defaultJsonMessageValidator'
22:20:40,824 DEBUG tListableBeanFactory| Creating shared instance of singleton bean 'defaultXpathMessageValidator'
22:20:40,825 DEBUG tListableBeanFactory| Creating shared instance of singleton bean 'defaultBinaryMessageValidator'
22:20:40,825 DEBUG tListableBeanFactory| Creating shared instance of singleton bean 'defaultXhtmlMessageValidator'
22:20:40,825 DEBUG ntLifecycleProcessor| Initializing component 'defaultXhtmlMessageValidator'
22:20:40,847 DEBUG tListableBeanFactory| Creating shared instance of singleton bean 'defaultJsonPathMessageValidator'
22:20:40,848 DEBUG tListableBeanFactory| Creating shared instance of singleton bean 'defaultXmlMessageValidator'
22:20:40,848 DEBUG tListableBeanFactory| Creating shared instance of singleton bean 'defaultXhtmlXpathMessageValidator'
22:20:40,849 DEBUG ntLifecycleProcessor| Initializing component 'defaultXhtmlXpathMessageValidator'
22:20:40,849 DEBUG tListableBeanFactory| Creating shared instance of singleton bean 'defaultGroovyXmlMessageValidator'
22:20:40,850 DEBUG ageValidatorRegistry| Overwriting message validator 'defaultBinaryBase64MessageValidator' in registry
22:20:40,850 DEBUG ageValidatorRegistry| Overwriting message validator 'defaultGroovyTextMessageValidator' in registry
22:20:40,850 DEBUG ageValidatorRegistry| Overwriting message validator 'defaultMessageHeaderValidator' in registry
22:20:40,850 DEBUG ageValidatorRegistry| Overwriting message validator 'defaultPlaintextMessageValidator' in registry
22:20:40,850 DEBUG ageValidatorRegistry| Overwriting message validator 'defaultGroovyJsonMessageValidator' in registry
22:20:40,850 DEBUG ageValidatorRegistry| Overwriting message validator 'defaultGzipBinaryBase64MessageValidator' in registry
22:20:40,850 DEBUG ageValidatorRegistry| Overwriting message validator 'defaultJsonMessageValidator' in registry
22:20:40,850 DEBUG ageValidatorRegistry| Overwriting message validator 'defaultXpathMessageValidator' in registry
22:20:40,850 DEBUG ageValidatorRegistry| Overwriting message validator 'defaultBinaryMessageValidator' in registry
22:20:40,850 DEBUG ageValidatorRegistry| Overwriting message validator 'defaultXhtmlMessageValidator' in registry
22:20:40,851 DEBUG ageValidatorRegistry| Overwriting message validator 'defaultJsonPathMessageValidator' in registry
22:20:40,851 DEBUG ageValidatorRegistry| Overwriting message validator 'defaultXmlMessageValidator' in registry
22:20:40,851 DEBUG ageValidatorRegistry| Overwriting message validator 'defaultXhtmlXpathMessageValidator' in registry
22:20:40,851 DEBUG ageValidatorRegistry| Overwriting message validator 'defaultGroovyXmlMessageValidator' in registry
22:20:40,851 DEBUG tListableBeanFactory| Creating shared instance of singleton bean 'testListeners'
22:20:40,852 DEBUG tListableBeanFactory| Creating shared instance of singleton bean 'failureStackTestListener'
22:20:40,854 DEBUG tListableBeanFactory| Creating shared instance of singleton bean 'testActionListeners'
22:20:40,856 DEBUG tListableBeanFactory| Creating shared instance of singleton bean 'messageListeners'
22:20:40,858 DEBUG tListableBeanFactory| Creating shared instance of singleton bean 'endpointFactory'
22:20:40,860 DEBUG tListableBeanFactory| Creating shared instance of singleton bean 'typeConverter'
22:20:40,861 DEBUG tListableBeanFactory| Creating shared instance of singleton bean 'logModifier'
22:20:40,862 DEBUG tListableBeanFactory| Creating shared instance of singleton bean 'messageProcessors'
22:20:40,864 DEBUG tListableBeanFactory| Creating shared instance of singleton bean 'segmentVariableExtractorRegistry'
22:20:40,866 DEBUG tListableBeanFactory| Creating shared instance of singleton bean 'testSuiteListeners'
22:20:40,866 DEBUG tListableBeanFactory| Creating shared instance of singleton bean 'schemaRepository'
22:20:40,867 DEBUG ntLifecycleProcessor| Initializing component 'schemaRepository'
22:20:40,868 DEBUG .XsdSchemaRepository| Loading XSD schema resource citrus-http-message.xsd
22:20:40,871 WARN  tBuilderFactoryUtils| http://javax.xml.XMLConstants/property/accessExternalDTD property not supported by org.apache.xerces.jaxp.DocumentBuilderFactoryImpl
22:20:40,872 WARN  tBuilderFactoryUtils| http://javax.xml.XMLConstants/property/accessExternalSchema property not supported by org.apache.xerces.jaxp.DocumentBuilderFactoryImpl
22:20:40,876 DEBUG tListableBeanFactory| Creating shared instance of singleton bean 'globalVariablesPropertyLoader'
22:20:40,879 DEBUG iablesPropertyLoader| Reading property file citrus.properties
22:20:40,885 DEBUG iablesPropertyLoader| Property line [ #Test creating ]
22:20:40,885 DEBUG iablesPropertyLoader| Property line [ default.test.author=Unknown ]
22:20:40,885 DEBUG iablesPropertyLoader| Property value replace dynamic content [ Unknown ]
22:20:40,888 DEBUG iablesPropertyLoader| Loading property: default.test.author=Unknown into default variables
22:20:40,888 DEBUG  context.TestContext| Setting variable: default.test.author with value: 'Unknown'
22:20:40,888 DEBUG iablesPropertyLoader| Property line [ default.test.package=citrus ]
22:20:40,888 DEBUG iablesPropertyLoader| Property value replace dynamic content [ citrus ]
22:20:40,888 DEBUG iablesPropertyLoader| Loading property: default.test.package=citrus into default variables
22:20:40,889 DEBUG  context.TestContext| Setting variable: default.test.package with value: 'citrus'
22:20:40,889 DEBUG iablesPropertyLoader| Property line [  ]
22:20:40,889 DEBUG iablesPropertyLoader| Property line [ #Stub ]
22:20:40,889 DEBUG iablesPropertyLoader| Property line [ url=http://localhost:8080/user ]
22:20:40,889 DEBUG iablesPropertyLoader| Property value replace dynamic content [ http://localhost:8080/user ]
22:20:40,889 DEBUG iablesPropertyLoader| Loading property: url=http://localhost:8080/user into default variables
22:20:40,889 DEBUG  context.TestContext| Setting variable: url with value: 'http://localhost:8080/user'
22:20:40,889 DEBUG iablesPropertyLoader| Property line [ userId=35 ]
22:20:40,889 DEBUG iablesPropertyLoader| Property value replace dynamic content [ 35 ]
22:20:40,889 DEBUG iablesPropertyLoader| Loading property: userId=35 into default variables
22:20:40,889 DEBUG  context.TestContext| Setting variable: userId with value: '35'
22:20:40,889 INFO  iablesPropertyLoader| Loaded property file citrus.properties
22:20:40,889 DEBUG tListableBeanFactory| Creating shared instance of singleton bean 'httpRESTClientConfiguration'
22:20:41,375 DEBUG tListableBeanFactory| Creating shared instance of singleton bean 'httpRESTClient'
22:20:41,386 DEBUG tListableBeanFactory| Creating shared instance of singleton bean 'objectMapper'
22:20:41,423 DEBUG faultFunctionLibrary| Register function 'cdataSection' as class com.consol.citrus.functions.core.CreateCDataSectionFunction
22:20:41,423 DEBUG faultFunctionLibrary| Register function 'escapeXml' as class com.consol.citrus.functions.core.EscapeXmlFunction
22:20:41,423 DEBUG faultFunctionLibrary| Register function 'xpath' as class com.consol.citrus.functions.core.XpathFunction
22:20:41,423 DEBUG faultFunctionLibrary| Register function 'jsonPath' as class com.consol.citrus.functions.core.JsonPathFunction
22:20:41,423 DEBUG faultFunctionLibrary| Register function 'env' as class com.consol.citrus.functions.core.EnvironmentPropertyFunction
22:20:41,423 DEBUG dationMatcherLibrary| Register message matcher 'assertThat' as class com.consol.citrus.validation.matcher.hamcrest.HamcrestValidationMatcher
22:20:41,423 DEBUG dationMatcherLibrary| Register message matcher 'matchesXml' as class com.consol.citrus.validation.matcher.core.XmlValidationMatcher
22:20:41,431 DEBUG ion.MessageValidator| Found message validator 'defaultBinaryBase64MessageValidator' as class com.consol.citrus.validation.text.BinaryBase64MessageValidator
22:20:41,431 DEBUG ion.MessageValidator| Found message validator 'defaultGroovyTextMessageValidator' as class com.consol.citrus.validation.script.GroovyScriptMessageValidator
22:20:41,431 DEBUG ion.MessageValidator| Found message validator 'defaultMessageHeaderValidator' as class com.consol.citrus.validation.DefaultMessageHeaderValidator
22:20:41,431 DEBUG ion.MessageValidator| Found message validator 'defaultPlaintextMessageValidator' as class com.consol.citrus.validation.text.PlainTextMessageValidator
22:20:41,431 DEBUG ion.MessageValidator| Found message validator 'defaultGroovyJsonMessageValidator' as class com.consol.citrus.validation.script.GroovyJsonMessageValidator
22:20:41,431 DEBUG ion.MessageValidator| Found message validator 'defaultGzipBinaryBase64MessageValidator' as class com.consol.citrus.validation.text.GzipBinaryBase64MessageValidator
22:20:41,431 DEBUG ion.MessageValidator| Found message validator 'defaultJsonMessageValidator' as class com.consol.citrus.validation.json.JsonTextMessageValidator
22:20:41,431 DEBUG ion.MessageValidator| Found message validator 'defaultXpathMessageValidator' as class com.consol.citrus.validation.xml.XpathMessageValidator
22:20:41,432 DEBUG ion.MessageValidator| Found message validator 'defaultBinaryMessageValidator' as class com.consol.citrus.validation.binary.BinaryMessageValidator
22:20:41,432 DEBUG ion.MessageValidator| Found message validator 'defaultXhtmlMessageValidator' as class com.consol.citrus.validation.xhtml.XhtmlMessageValidator
22:20:41,432 DEBUG ion.MessageValidator| Found message validator 'defaultJsonPathMessageValidator' as class com.consol.citrus.validation.json.JsonPathMessageValidator
22:20:41,432 DEBUG ion.MessageValidator| Found message validator 'defaultXmlMessageValidator' as class com.consol.citrus.validation.xml.DomXmlMessageValidator
22:20:41,432 DEBUG ion.MessageValidator| Found message validator 'defaultXhtmlXpathMessageValidator' as class com.consol.citrus.validation.xhtml.XhtmlXpathMessageValidator
22:20:41,432 DEBUG ion.MessageValidator| Found message validator 'defaultGroovyXmlMessageValidator' as class com.consol.citrus.validation.script.GroovyXmlMessageValidator
22:20:41,434 DEBUG ion.MessageValidator| Found message validator 'defaultXmlSchemaValidator' as class com.consol.citrus.validation.xml.schema.XmlSchemaValidation
22:20:41,434 DEBUG ion.MessageValidator| Found message validator 'defaultJsonSchemaValidator' as class com.consol.citrus.validation.json.schema.JsonSchemaValidation
22:20:41,436 INFO  port.LoggingReporter| 
22:20:41,436 INFO  port.LoggingReporter| ------------------------------------------------------------------------
22:20:41,437 INFO  port.LoggingReporter|        .__  __                       
22:20:41,437 INFO  port.LoggingReporter|   ____ |__|/  |________ __ __  ______
22:20:41,437 INFO  port.LoggingReporter| _/ ___\|  \   __\_  __ \  |  \/  ___/
22:20:41,437 INFO  port.LoggingReporter| \  \___|  ||  |  |  | \/  |  /\___ \ 
22:20:41,437 INFO  port.LoggingReporter|  \___  >__||__|  |__|  |____//____  >
22:20:41,437 INFO  port.LoggingReporter|      \/                           \/
22:20:41,437 INFO  port.LoggingReporter| 
22:20:41,438 INFO  port.LoggingReporter| C I T R U S  T E S T S  3.2.1
22:20:41,438 INFO  port.LoggingReporter| 
22:20:41,438 INFO  port.LoggingReporter| ------------------------------------------------------------------------
22:20:41,438 DEBUG port.LoggingReporter| BEFORE TEST SUITE
22:20:41,438 INFO  port.LoggingReporter| 
22:20:41,438 INFO  port.LoggingReporter| 
22:20:41,438 INFO  port.LoggingReporter| BEFORE TEST SUITE: SUCCESS
22:20:41,438 INFO  port.LoggingReporter| ------------------------------------------------------------------------
22:20:41,438 INFO  port.LoggingReporter| 
22:20:41,465 INFO  port.LoggingReporter| 
22:20:41,466 INFO  port.LoggingReporter| ------------------------------------------------------------------------
22:20:41,466 DEBUG port.LoggingReporter| STARTING TEST HttpRESTStubTests.getAllUsersStubTest <citrus>
22:20:41,466 INFO  port.LoggingReporter| 
22:20:41,466 DEBUG trus.DefaultTestCase| Initializing test case
22:20:41,466 DEBUG trus.DefaultTestCase| Global variables:
22:20:41,466 DEBUG trus.DefaultTestCase| default.test.author = Unknown
22:20:41,466 DEBUG trus.DefaultTestCase| project.name = Citrus Integration Tests
22:20:41,467 DEBUG trus.DefaultTestCase| userId = 35
22:20:41,467 DEBUG trus.DefaultTestCase| url = http://localhost:8080/user
22:20:41,467 DEBUG trus.DefaultTestCase| default.test.package = citrus
22:20:41,467 DEBUG  context.TestContext| Setting variable: citrus.test.name with value: 'HttpRESTStubTests.getAllUsersStubTest'
22:20:41,467 DEBUG  context.TestContext| Setting variable: citrus.test.package with value: 'citrus'
22:20:41,467 DEBUG trus.DefaultTestCase| Test variables:
22:20:41,467 DEBUG trus.DefaultTestCase| default.test.author = Unknown
22:20:41,467 DEBUG trus.DefaultTestCase| citrus.test.package = citrus
22:20:41,467 DEBUG trus.DefaultTestCase| citrus.test.name = HttpRESTStubTests.getAllUsersStubTest
22:20:41,467 DEBUG trus.DefaultTestCase| project.name = Citrus Integration Tests
22:20:41,467 DEBUG trus.DefaultTestCase| userId = 35
22:20:41,467 DEBUG trus.DefaultTestCase| url = http://localhost:8080/user
22:20:41,467 DEBUG trus.DefaultTestCase| default.test.package = citrus
22:20:41,486 INFO  port.LoggingReporter| 
22:20:41,489 DEBUG port.LoggingReporter| TEST STEP 1: send
22:20:41,493 DEBUG   util.TypeConverter| Found type converter 'spring' as class com.consol.citrus.util.SpringBeanTypeConverter
22:20:41,493 DEBUG   util.TypeConverter| Using type converter 'spring'
22:20:41,503 DEBUG ltCorrelationManager| Saving correlation key for 'citrus_message_correlator_httpRESTClient'
22:20:41,503 DEBUG  context.TestContext| Setting variable: citrus_message_correlator_httpRESTClient with value: 'citrus_message_id = 'a9602556-29f7-4f97-8e72-34dd266303ae''
22:20:41,503 DEBUG  context.TestContext| Setting variable: citrus_message_replyTo_citrus_message_correlator_httpRESTClient with value: 'http://localhost:8080/user/get/all'
22:20:41,503 INFO     client.HttpClient| Sending HTTP message to: 'http://localhost:8080/user/get/all'
22:20:41,504 DEBUG    client.HttpClient| Message to send:

22:20:41,507 DEBUG aultHttpHeaderMapper| outboundHeaderNames=[Accept, Accept-Charset, Accept-Encoding, Accept-Language, Accept-Ranges, Authorization, Cache-Control, Connection, Content-Length, Content-Type, Cookie, Date, Expect, From, Host, If-Match, If-Modified-Since, If-None-Match, If-Range, If-Unmodified-Since, Max-Forwards, Pragma, Proxy-Authorization, Range, Referer, TE, Upgrade, User-Agent, Via, Warning]
22:20:41,508 DEBUG aultHttpHeaderMapper| headerName=[citrus_message_timestamp] WILL NOT be mapped
22:20:41,508 DEBUG aultHttpHeaderMapper| headerName=[citrus_message_type] WILL NOT be mapped
22:20:41,508 DEBUG aultHttpHeaderMapper| headerName=[citrus_request_path] WILL NOT be mapped
22:20:41,508 DEBUG aultHttpHeaderMapper| headerName=[citrus_http_request_uri] WILL NOT be mapped
22:20:41,508 DEBUG aultHttpHeaderMapper| headerName=[id] WILL NOT be mapped
22:20:41,508 DEBUG aultHttpHeaderMapper| headerName=[citrus_message_id] WILL NOT be mapped
22:20:41,508 DEBUG aultHttpHeaderMapper| headerName=[citrus_http_method] WILL NOT be mapped
22:20:41,508 DEBUG aultHttpHeaderMapper| headerName=[timestamp] WILL NOT be mapped
22:20:41,513 DEBUG  client.RestTemplate| HTTP GET http://localhost:8080/user/get/all
22:20:41,516 DEBUG  client.RestTemplate| Accept=[text/plain, application/json, application/*+json, */*]
22:20:41,518 DEBUG ingClientInterceptor| Sending Http request message
22:20:41,528 DEBUG   Logger.Message_OUT| RAWMESSAGE [id: 45f77049-a9c3-435a-b5bd-68857639c1bd, payload: GET http://localhost:8080/user/get/all
Accept:text/plain, application/json, application/*+json, */*
Content-Type:application/json;charset=UTF-8
Content-Length:0][headers: {citrus_message_id=45f77049-a9c3-435a-b5bd-68857639c1bd, citrus_message_timestamp=1689189641519}]
22:20:41,544 DEBUG ol.RequestAddCookies| CookieSpec selected: default
22:20:41,550 DEBUG col.RequestAuthCache| Auth cache not set in the context
22:20:41,551 DEBUG entConnectionManager| Connection request: [route: {}->http://localhost:8080][total available: 0; route allocated: 0 of 5; total allocated: 0 of 10]
22:20:41,560 DEBUG entConnectionManager| Connection leased: [id: 0][route: {}->http://localhost:8080][total available: 0; route allocated: 1 of 5; total allocated: 1 of 10]
22:20:41,561 DEBUG chain.MainClientExec| Opening connection {}->http://localhost:8080
22:20:41,563 DEBUG ntConnectionOperator| Connecting to localhost/127.0.0.1:8080
22:20:41,564 DEBUG ntConnectionOperator| Connection established 127.0.0.1:52101<->127.0.0.1:8080
22:20:41,564 DEBUG chain.MainClientExec| Executing request GET /user/get/all HTTP/1.1
22:20:41,564 DEBUG chain.MainClientExec| Target auth state: UNCHALLENGED
22:20:41,565 DEBUG chain.MainClientExec| Proxy auth state: UNCHALLENGED
22:20:41,566 DEBUG         http.headers| http-outgoing-0 >> GET /user/get/all HTTP/1.1
22:20:41,566 DEBUG         http.headers| http-outgoing-0 >> Accept: text/plain, application/json, application/*+json, */*
22:20:41,566 DEBUG         http.headers| http-outgoing-0 >> Content-Type: application/json;charset=UTF-8
22:20:41,566 DEBUG         http.headers| http-outgoing-0 >> Host: localhost:8080
22:20:41,566 DEBUG         http.headers| http-outgoing-0 >> Connection: Keep-Alive
22:20:41,566 DEBUG         http.headers| http-outgoing-0 >> User-Agent: Apache-HttpClient/4.5.13 (Java/11.0.16)
22:20:41,566 DEBUG         http.headers| http-outgoing-0 >> Accept-Encoding: gzip,deflate
22:20:41,566 DEBUG            http.wire| http-outgoing-0 >> "GET /user/get/all HTTP/1.1[\r][\n]"
22:20:41,566 DEBUG            http.wire| http-outgoing-0 >> "Accept: text/plain, application/json, application/*+json, */*[\r][\n]"
22:20:41,566 DEBUG            http.wire| http-outgoing-0 >> "Content-Type: application/json;charset=UTF-8[\r][\n]"
22:20:41,566 DEBUG            http.wire| http-outgoing-0 >> "Host: localhost:8080[\r][\n]"
22:20:41,566 DEBUG            http.wire| http-outgoing-0 >> "Connection: Keep-Alive[\r][\n]"
22:20:41,566 DEBUG            http.wire| http-outgoing-0 >> "User-Agent: Apache-HttpClient/4.5.13 (Java/11.0.16)[\r][\n]"
22:20:41,566 DEBUG            http.wire| http-outgoing-0 >> "Accept-Encoding: gzip,deflate[\r][\n]"
22:20:41,566 DEBUG            http.wire| http-outgoing-0 >> "[\r][\n]"
22:20:41,572 DEBUG            http.wire| http-outgoing-0 << "HTTP/1.1 200 [\r][\n]"
22:20:41,572 DEBUG            http.wire| http-outgoing-0 << "Content-Type: application/json[\r][\n]"
22:20:41,572 DEBUG            http.wire| http-outgoing-0 << "Transfer-Encoding: chunked[\r][\n]"
22:20:41,572 DEBUG            http.wire| http-outgoing-0 << "Date: Wed, 12 Jul 2023 19:20:41 GMT[\r][\n]"
22:20:41,572 DEBUG            http.wire| http-outgoing-0 << "Keep-Alive: timeout=60[\r][\n]"
22:20:41,572 DEBUG            http.wire| http-outgoing-0 << "Connection: keep-alive[\r][\n]"
22:20:41,572 DEBUG            http.wire| http-outgoing-0 << "[\r][\n]"
22:20:41,572 DEBUG            http.wire| http-outgoing-0 << "2000[\r][\n]"
22:20:41,573 DEBUG            http.wire| http-outgoing-0 << "[{"userId":1,"name":"Mrs. Phil Rogahn","course":"International Response Agent","email":"1@qa.ru","age":10,"mark":null},{"userId":2,"name":"Dion Lemke","course":"Principal Functionality Director","email":"2@qa.ru","age":39,"mark":null},{"userId":3,"name":"Russ Bahringer","course":"Customer Security Facilitator","email":"3@qa.ru","age":60,"mark":null},{"userId":4,"name":"Jacinda Hermiston","course":"International Marketing Analyst","email":"4@qa.ru","age":22,"mark":null},{"userId":5,"name":"Dr. Johnsie Brekke","course":"Legacy Functionality Strategist","email":"5@qa.ru","age":62,"mark":null},{"userId":6,"name":"Tristan Nitzsche","course":"Investor Interactions Architect","email":"6@qa.ru","age":10,"mark":null},{"userId":7,"name":"Darrel Green","course":"Legacy Accountability Representative","email":"7@qa.ru","age":18,"mark":null},{"userId":8,"name":"Vernice Parisian","course":"Central Metrics Analyst","email":"8@qa.ru","age":66,"mark":null},{"userId":9,"name":"Stephine Mante","course":"Regional Response Planner","email":"9@qa.ru","age":38,"mark":null},{"userId":10,"name":"Mr. Kimberli Jacobi","course":"Future Usability Liaison","email":"10@qa.ru","age":65,"mark":null},{"userId":11,"name":"Timmy Spencer","course":"Regional Metrics Engineer","email":"11@qa.ru","age":86,"mark":null},{"userId":12,"name":"Matt Hegmann","course":"Future Paradigm Coordinator","email":"12@qa.ru","age":45,"mark":null},{"userId":13,"name":"Lois Wilkinson","course":"National Accountability Manager","email":"13@qa.ru","age":83,"mark":null},{"userId":14,"name":"Malcolm Morissette","course":"Product Accountability Architect","email":"14@qa.ru","age":93,"mark":null},{"userId":15,"name":"Palmer Little","course":"Principal Interactions Specialist","email":"15@qa.ru","age":75,"mark":null},{"userId":16,"name":"Conrad Keeling","course":"Dynamic Data Technician","email":"16@qa.ru","age":47,"mark":null},{"userId":17,"name":"Alva Runolfsdottir II","course":"District Group Administrator","email":"17@qa.ru","age":99,"mark":null},{"userId":18,"name":"Kazuko Herzog III","course":"District Interactions Administrator","email":"18@qa.ru","age":19,"mark":null},{"userId":19,"name":"Bruno Boehm","course":"National Usability Supervisor","email":"19@qa.ru","age":71,"mark":null},{"userId":20,"name":"Jamey Johns","course":"District Tactics Consultant","email":"20@qa.ru","age":73,"mark":null},{"userId":21,"name":"Vern D'Amore","course":"Customer Accounts Associate","email":"21@qa.ru","age":86,"mark":null},{"userId":22,"name":"Georgianna Littel","course":"Customer Accountability Planner","email":"22@qa.ru","age":64,"mark":null},{"userId":23,"name":"Mr. Cedric Marvin","course":"Forward Assurance Director","email":"23@qa.ru","age":18,"mark":null},{"userId":24,"name":"Reda Jacobi PhD","course":"Chief Optimization Supervisor","email":"24@qa.ru","age":18,"mark":null},{"userId":25,"name":"Coletta Hackett","course":"Customer Accounts Producer","email":"25@qa.ru","age":44,"mark":null},{"userId":26,"name":"Moira Mann","course":"District Applications Architect","email":"26@qa.ru","age":91,"mark":null},{"userId":27,"name":"Ms. Shantae Gorczany","course":"Product Factors Officer","email":"27@qa.ru","age":73,"mark":null},{"userId":28,"name":"Truman Ledner II","course":"Product Creative Orchestrator","email":"28@qa.ru","age":83,"mark":null},{"userId":29,"name":"Kareem Moore","course":"Internal Branding Producer","email":"29@qa.ru","age":87,"mark":null},{"userId":30,"name":"Maurine Krajcik DDS","course":"Legacy Group Planner","email":"30@qa.ru","age":62,"mark":null},{"userId":31,"name":"Jack Casper","course":"Regional Directives Orchestrator","email":"31@qa.ru","age":51,"mark":null},{"userId":32,"name":"Millicent Rippin II","course":"District Markets Specialist","email":"32@qa.ru","age":34,"mark":null},{"userId":33,"name":"Sarai White","course":"International Web Technician","email":"33@qa.ru","age":53,"mark":null},{"userId":34,"name":"Dr. Kenneth DuBuque","course":"Forward Intranet Designer","email":"34@qa.ru","age":74,"mark":null},{"userId":35,"name":"Vasiliki McLaughlin DVM","course":"Human Security Manager","email":"35@qa.ru","age":61,"mark":null},{"userId":36,"name":"Victor Mitchell DDS","course":"Dynamic Communications Agent","email":"36@qa.ru","age":40,"mark":null},{"userId":37,"name":"Olin Kassulke","course":"Human Accounts Developer","email":"37@qa.ru","age":72,"mark":null},{"userId":38,"name":"Jacelyn Tillman","course":"Lead Integration Officer","email":"38@qa.ru","age":47,"mark":null},{"userId":39,"name":"Dirk Barrows","course":"Customer Accountability Specialist","email":"39@qa.ru","age":31,"mark":null},{"userId":40,"name":"Suzanna Emard","course":"National Solutions Assistant","email":"40@qa.ru","age":10,"mark":null},{"userId":41,"name":"Marc Barrows","course":"Direct Accountability Executive","email":"41@qa.ru","age":99,"mark":null},{"userId":42,"name":"Sharla Marvin","course":"Corporate Markets Supervisor","email":"42@qa.ru","age":86,"mark":null},{"userId":43,"name":"Lily Runte","course":"Chief Configuration Coordinator","email":"43@qa.ru","age":64,"mark":null},{"userId":44,"name":"Mrs. Elenora Abbott","course":"National Paradigm Executive","email":"44@qa.ru","age":32,"mark":null},{"userId":45,"name":"Lula Renner","course":"Corporate Configuration Liaison","email":"45@qa.ru","age":14,"mark":null},{"userId":46,"name":"Richie Rolfson","course":"Product Web Coordinator","email":"46@qa.ru","age":85,"mark":null},{"userId":47,"name":"Ulrike Hoppe","course":"Chief Operations Designer","email":"47@qa.ru","age":51,"mark":null},{"userId":48,"name":"Enoch Kunze MD","course":"International Mobility Associate","email":"48@qa.ru","age":33,"mark":null},{"userId":49,"name":"Marcel Volkman","course":"Forward Implementation Strategist","email":"49@qa.ru","age":92,"mark":null},{"userId":50,"name":"Miss Jude Kilback","course":"Human Response Agent","email":"50@qa.ru","age":39,"mark":null},{"userId":51,"name":"Sonny Gulgowski I","course":"District Group Administrator","email":"51@qa.ru","age":75,"mark":null},{"userId":52,"name":"Ms. Catheryn Wolff","course":"Product Intranet Analyst","email":"52@qa.ru","age":67,"mark":null},{"userId":53,"name":"Tory Gutmann","course":"Future Marketing Director","email":"53@qa.ru","age":40,"mark":null},{"userId":54,"name":"Dr. Britney Ankunding","course":"National Markets Liaison","email":"54@qa.ru","age":69,"mark":null},{"userId":55,"name":"Arleen Shanahan","course":"Future Research Strategist","email":"55@qa.ru","age":18,"mark":null},{"userId":56,"name":"Anika Maggio","course":"Global Implementation Manager","email":"56@qa.ru","age":40,"mark":null},{"userId":57,"name":"Garrett Walker IV","course":"District Quality Manager","email":"57@qa.ru","age":58,"mark":null},{"userId":58,"name":"Felicia Fahey","course":"Principal Brand Analyst","email":"58@qa.ru","age":77,"mark":null},{"userId":59,"name":"Eli Wunsch","course":"Product Program Liaison","email":"59@qa.ru","age":87,"mark":null},{"userId":60,"name":"Na Weissnat","course":"Customer Branding Designer","email":"60@qa.ru","age":43,"mark":null},{"userId":61,"name":"Casey Herzog","course":"Global Implementation Coordinator","email":"61@qa.ru","age":42,"mark":null},{"userId":62,"name":"Lillian Hammes","course":"Principal Communications Associate","email":"62@qa.ru","age":56,"mark":null},{"userId":63,"name":"Nicolle Pfeffer MD","course":"Investor Communications Supervisor","email":"63@qa.ru","age":52,"mark":null},{"userId":64,"name":"Darline Labadie","course":"Lead Solutions Designer","email":"64@qa.ru","age":49,"mark":null},{"userId":65,"name":"Coral Yundt DVM","course":"Regional Functionality Engineer","email":"65@qa.ru","age":46,"mark":null},{"userId":66,"name":"Dr. Blanca Koepp","course":"Global Intranet Strategist","email":"66@qa.ru","age":49,"mark":null},{"userId":67,"name":"Samual Emard Sr.","course":"Human Marketing Engineer","email":"67@qa.ru","age":56,"mark":null},{"userId":68,"name":"Dr. Ivory Quigley","course":"Corporate Operations Technician","email":"68@qa.r"
22:20:41,575 DEBUG         http.headers| http-outgoing-0 << HTTP/1.1 200 
22:20:41,575 DEBUG         http.headers| http-outgoing-0 << Content-Type: application/json
22:20:41,575 DEBUG         http.headers| http-outgoing-0 << Transfer-Encoding: chunked
22:20:41,575 DEBUG         http.headers| http-outgoing-0 << Date: Wed, 12 Jul 2023 19:20:41 GMT
22:20:41,575 DEBUG         http.headers| http-outgoing-0 << Keep-Alive: timeout=60
22:20:41,575 DEBUG         http.headers| http-outgoing-0 << Connection: keep-alive
22:20:41,578 DEBUG chain.MainClientExec| Connection can be kept alive for 60000 MILLISECONDS
22:20:41,581 DEBUG            http.wire| http-outgoing-0 << "u","age":85,"mark":null},{"userId":69,"name":"Adah Mills IV","course":"Future Intranet Facilitator","email":"69@qa.ru","age":99,"mark":null},{"userId":70,"name":"Ariana[\r][\n]"
22:20:41,581 DEBUG            http.wire| http-outgoing-0 << "da0[\r][\n]"
22:20:41,582 DEBUG            http.wire| http-outgoing-0 << " McCullough","course":"Forward Infrastructure Administrator","email":"70@qa.ru","age":36,"mark":null},{"userId":71,"name":"Harvey Homenick","course":"Corporate Paradigm Technician","email":"71@qa.ru","age":59,"mark":null},{"userId":72,"name":"Josef Pagac DVM","course":"Human Response Facilitator","email":"72@qa.ru","age":96,"mark":null},{"userId":73,"name":"Rick D'Amore MD","course":"Legacy Data Architect","email":"73@qa.ru","age":59,"mark":null},{"userId":74,"name":"Mrs. Clair Bogan","course":"Regional Program Analyst","email":"74@qa.ru","age":66,"mark":null},{"userId":75,"name":"Carl Kohler","course":"Lead Paradigm Technician","email":"75@qa.ru","age":45,"mark":null},{"userId":76,"name":"Emmett Lind","course":"Product Directives Administrator","email":"76@qa.ru","age":69,"mark":null},{"userId":77,"name":"Noma Anderson","course":"National Directives Specialist","email":"77@qa.ru","age":66,"mark":null},{"userId":78,"name":"Berry Pagac","course":"Internal Accounts Officer","email":"78@qa.ru","age":93,"mark":null},{"userId":79,"name":"Tora Grimes","course":"Corporate Mobility Facilitator","email":"79@qa.ru","age":61,"mark":null},{"userId":80,"name":"Jerome Olson","course":"Forward Assurance Agent","email":"80@qa.ru","age":25,"mark":null},{"userId":81,"name":"Pierre Lemke DDS","course":"Lead Marketing Producer","email":"81@qa.ru","age":65,"mark":null},{"userId":82,"name":"Mr. Barbera Block","course":"Customer Intranet Facilitator","email":"82@qa.ru","age":64,"mark":null},{"userId":83,"name":"Britni D'Amore","course":"International Branding Representative","email":"83@qa.ru","age":89,"mark":null},{"userId":84,"name":"Deena McKenzie IV","course":"Legacy Accountability Associate","email":"84@qa.ru","age":32,"mark":null},{"userId":85,"name":"Myrtie Beier","course":"Dynamic Functionality Executive","email":"85@qa.ru","age":30,"mark":null},{"userId":86,"name":"Dr. Matt Rice","course":"Senior Mobility Orchestrator","email":"86@qa.ru","age":92,"mark":null},{"userId":87,"name":"Drusilla Schoen","course":"Central Factors Manager","email":"87@qa.ru","age":33,"mark":null},{"userId":88,"name":"Logan Gleichner","course":"Investor Metrics Developer","email":"88@qa.ru","age":19,"mark":null},{"userId":89,"name":"Cyrus Hills II","course":"Senior Web Director","email":"89@qa.ru","age":64,"mark":null},{"userId":90,"name":"Mrs. Guillermo Borer","course":"Product Tactics Specialist","email":"90@qa.ru","age":90,"mark":null},{"userId":91,"name":"Jacklyn Keebler","course":"Dynamic Factors Coordinator","email":"91@qa.ru","age":70,"mark":null},{"userId":92,"name":"Vada Greenholt","course":"Regional Applications Facilitator","email":"92@qa.ru","age":52,"mark":null},{"userId":93,"name":"Darryl Hammes","course":"Global Usability Manager","email":"93@qa.ru","age":29,"mark":null},{"userId":94,"name":"Terrance Yost","course":"Human Optimization Coordinator","email":"94@qa.ru","age":37,"mark":null},{"userId":95,"name":"Danial Kling II","course":"Senior Quality Analyst","email":"95@qa.ru","age":52,"mark":null},{"userId":96,"name":"Mrs. Addie Friesen","course":"Internal Mobility Specialist","email":"96@qa.ru","age":26,"mark":null},{"userId":97,"name":"Marcel Wyman","course":"Dynamic Marketing Liaison","email":"97@qa.ru","age":42,"mark":null},{"userId":98,"name":"Heriberto King","course":"Future Branding Officer","email":"98@qa.ru","age":54,"mark":null},{"userId":99,"name":"Ismael Towne","course":"Senior Mobility Engineer","email":"99@qa.ru","age":14,"mark":null}][\r][\n]"
22:20:41,582 DEBUG            http.wire| http-outgoing-0 << "0[\r][\n]"
22:20:41,582 DEBUG            http.wire| http-outgoing-0 << "[\r][\n]"
22:20:41,582 DEBUG entConnectionManager| Connection [id: 0][route: {}->http://localhost:8080] can be kept alive for 60.0 seconds
22:20:41,582 DEBUG HttpClientConnection| http-outgoing-0: set socket timeout to 0
22:20:41,582 DEBUG entConnectionManager| Connection released: [id: 0][route: {}->http://localhost:8080][total available: 1; route allocated: 1 of 5; total allocated: 1 of 10]
22:20:41,582 DEBUG ingClientInterceptor| Received Http response message
22:20:41,584 DEBUG    Logger.Message_IN| RAWMESSAGE [id: 13fd340d-0518-447f-b113-d003dc4c3639, payload: HTTP/1.1 200 OK 
Content-Type:application/json
Transfer-Encoding:chunked
Date:Wed, 12 Jul 2023 19:20:41 GMT
Keep-Alive:timeout=60
Connection:keep-alive

[{"userId":1,"name":"Mrs. Phil Rogahn","course":"International Response Agent","email":"1@qa.ru","age":10,"mark":null},{"userId":2,"name":"Dion Lemke","course":"Principal Functionality Director","email":"2@qa.ru","age":39,"mark":null},{"userId":3,"name":"Russ Bahringer","course":"Customer Security Facilitator","email":"3@qa.ru","age":60,"mark":null},{"userId":4,"name":"Jacinda Hermiston","course":"International Marketing Analyst","email":"4@qa.ru","age":22,"mark":null},{"userId":5,"name":"Dr. Johnsie Brekke","course":"Legacy Functionality Strategist","email":"5@qa.ru","age":62,"mark":null},{"userId":6,"name":"Tristan Nitzsche","course":"Investor Interactions Architect","email":"6@qa.ru","age":10,"mark":null},{"userId":7,"name":"Darrel Green","course":"Legacy Accountability Representative","email":"7@qa.ru","age":18,"mark":null},{"userId":8,"name":"Vernice Parisian","course":"Central Metrics Analyst","email":"8@qa.ru","age":66,"mark":null},{"userId":9,"name":"Stephine Mante","course":"Regional Response Planner","email":"9@qa.ru","age":38,"mark":null},{"userId":10,"name":"Mr. Kimberli Jacobi","course":"Future Usability Liaison","email":"10@qa.ru","age":65,"mark":null},{"userId":11,"name":"Timmy Spencer","course":"Regional Metrics Engineer","email":"11@qa.ru","age":86,"mark":null},{"userId":12,"name":"Matt Hegmann","course":"Future Paradigm Coordinator","email":"12@qa.ru","age":45,"mark":null},{"userId":13,"name":"Lois Wilkinson","course":"National Accountability Manager","email":"13@qa.ru","age":83,"mark":null},{"userId":14,"name":"Malcolm Morissette","course":"Product Accountability Architect","email":"14@qa.ru","age":93,"mark":null},{"userId":15,"name":"Palmer Little","course":"Principal Interactions Specialist","email":"15@qa.ru","age":75,"mark":null},{"userId":16,"name":"Conrad Keeling","course":"Dynamic Data Technician","email":"16@qa.ru","age":47,"mark":null},{"userId":17,"name":"Alva Runolfsdottir II","course":"District Group Administrator","email":"17@qa.ru","age":99,"mark":null},{"userId":18,"name":"Kazuko Herzog III","course":"District Interactions Administrator","email":"18@qa.ru","age":19,"mark":null},{"userId":19,"name":"Bruno Boehm","course":"National Usability Supervisor","email":"19@qa.ru","age":71,"mark":null},{"userId":20,"name":"Jamey Johns","course":"District Tactics Consultant","email":"20@qa.ru","age":73,"mark":null},{"userId":21,"name":"Vern D'Amore","course":"Customer Accounts Associate","email":"21@qa.ru","age":86,"mark":null},{"userId":22,"name":"Georgianna Littel","course":"Customer Accountability Planner","email":"22@qa.ru","age":64,"mark":null},{"userId":23,"name":"Mr. Cedric Marvin","course":"Forward Assurance Director","email":"23@qa.ru","age":18,"mark":null},{"userId":24,"name":"Reda Jacobi PhD","course":"Chief Optimization Supervisor","email":"24@qa.ru","age":18,"mark":null},{"userId":25,"name":"Coletta Hackett","course":"Customer Accounts Producer","email":"25@qa.ru","age":44,"mark":null},{"userId":26,"name":"Moira Mann","course":"District Applications Architect","email":"26@qa.ru","age":91,"mark":null},{"userId":27,"name":"Ms. Shantae Gorczany","course":"Product Factors Officer","email":"27@qa.ru","age":73,"mark":null},{"userId":28,"name":"Truman Ledner II","course":"Product Creative Orchestrator","email":"28@qa.ru","age":83,"mark":null},{"userId":29,"name":"Kareem Moore","course":"Internal Branding Producer","email":"29@qa.ru","age":87,"mark":null},{"userId":30,"name":"Maurine Krajcik DDS","course":"Legacy Group Planner","email":"30@qa.ru","age":62,"mark":null},{"userId":31,"name":"Jack Casper","course":"Regional Directives Orchestrator","email":"31@qa.ru","age":51,"mark":null},{"userId":32,"name":"Millicent Rippin II","course":"District Markets Specialist","email":"32@qa.ru","age":34,"mark":null},{"userId":33,"name":"Sarai White","course":"International Web Technician","email":"33@qa.ru","age":53,"mark":null},{"userId":34,"name":"Dr. Kenneth DuBuque","course":"Forward Intranet Designer","email":"34@qa.ru","age":74,"mark":null},{"userId":35,"name":"Vasiliki McLaughlin DVM","course":"Human Security Manager","email":"35@qa.ru","age":61,"mark":null},{"userId":36,"name":"Victor Mitchell DDS","course":"Dynamic Communications Agent","email":"36@qa.ru","age":40,"mark":null},{"userId":37,"name":"Olin Kassulke","course":"Human Accounts Developer","email":"37@qa.ru","age":72,"mark":null},{"userId":38,"name":"Jacelyn Tillman","course":"Lead Integration Officer","email":"38@qa.ru","age":47,"mark":null},{"userId":39,"name":"Dirk Barrows","course":"Customer Accountability Specialist","email":"39@qa.ru","age":31,"mark":null},{"userId":40,"name":"Suzanna Emard","course":"National Solutions Assistant","email":"40@qa.ru","age":10,"mark":null},{"userId":41,"name":"Marc Barrows","course":"Direct Accountability Executive","email":"41@qa.ru","age":99,"mark":null},{"userId":42,"name":"Sharla Marvin","course":"Corporate Markets Supervisor","email":"42@qa.ru","age":86,"mark":null},{"userId":43,"name":"Lily Runte","course":"Chief Configuration Coordinator","email":"43@qa.ru","age":64,"mark":null},{"userId":44,"name":"Mrs. Elenora Abbott","course":"National Paradigm Executive","email":"44@qa.ru","age":32,"mark":null},{"userId":45,"name":"Lula Renner","course":"Corporate Configuration Liaison","email":"45@qa.ru","age":14,"mark":null},{"userId":46,"name":"Richie Rolfson","course":"Product Web Coordinator","email":"46@qa.ru","age":85,"mark":null},{"userId":47,"name":"Ulrike Hoppe","course":"Chief Operations Designer","email":"47@qa.ru","age":51,"mark":null},{"userId":48,"name":"Enoch Kunze MD","course":"International Mobility Associate","email":"48@qa.ru","age":33,"mark":null},{"userId":49,"name":"Marcel Volkman","course":"Forward Implementation Strategist","email":"49@qa.ru","age":92,"mark":null},{"userId":50,"name":"Miss Jude Kilback","course":"Human Response Agent","email":"50@qa.ru","age":39,"mark":null},{"userId":51,"name":"Sonny Gulgowski I","course":"District Group Administrator","email":"51@qa.ru","age":75,"mark":null},{"userId":52,"name":"Ms. Catheryn Wolff","course":"Product Intranet Analyst","email":"52@qa.ru","age":67,"mark":null},{"userId":53,"name":"Tory Gutmann","course":"Future Marketing Director","email":"53@qa.ru","age":40,"mark":null},{"userId":54,"name":"Dr. Britney Ankunding","course":"National Markets Liaison","email":"54@qa.ru","age":69,"mark":null},{"userId":55,"name":"Arleen Shanahan","course":"Future Research Strategist","email":"55@qa.ru","age":18,"mark":null},{"userId":56,"name":"Anika Maggio","course":"Global Implementation Manager","email":"56@qa.ru","age":40,"mark":null},{"userId":57,"name":"Garrett Walker IV","course":"District Quality Manager","email":"57@qa.ru","age":58,"mark":null},{"userId":58,"name":"Felicia Fahey","course":"Principal Brand Analyst","email":"58@qa.ru","age":77,"mark":null},{"userId":59,"name":"Eli Wunsch","course":"Product Program Liaison","email":"59@qa.ru","age":87,"mark":null},{"userId":60,"name":"Na Weissnat","course":"Customer Branding Designer","email":"60@qa.ru","age":43,"mark":null},{"userId":61,"name":"Casey Herzog","course":"Global Implementation Coordinator","email":"61@qa.ru","age":42,"mark":null},{"userId":62,"name":"Lillian Hammes","course":"Principal Communications Associate","email":"62@qa.ru","age":56,"mark":null},{"userId":63,"name":"Nicolle Pfeffer MD","course":"Investor Communications Supervisor","email":"63@qa.ru","age":52,"mark":null},{"userId":64,"name":"Darline Labadie","course":"Lead Solutions Designer","email":"64@qa.ru","age":49,"mark":null},{"userId":65,"name":"Coral Yundt DVM","course":"Regional Functionality Engineer","email":"65@qa.ru","age":46,"mark":null},{"userId":66,"name":"Dr. Blanca Koepp","course":"Global Intranet Strategist","email":"66@qa.ru","age":49,"mark":null},{"userId":67,"name":"Samual Emard Sr.","course":"Human Marketing Engineer","email":"67@qa.ru","age":56,"mark":null},{"userId":68,"name":"Dr. Ivory Quigley","course":"Corporate Operations Technician","email":"68@qa.ru","age":85,"mark":null},{"userId":69,"name":"Adah Mills IV","course":"Future Intranet Facilitator","email":"69@qa.ru","age":99,"mark":null},{"userId":70,"name":"Ariana McCullough","course":"Forward Infrastructure Administrator","email":"70@qa.ru","age":36,"mark":null},{"userId":71,"name":"Harvey Homenick","course":"Corporate Paradigm Technician","email":"71@qa.ru","age":59,"mark":null},{"userId":72,"name":"Josef Pagac DVM","course":"Human Response Facilitator","email":"72@qa.ru","age":96,"mark":null},{"userId":73,"name":"Rick D'Amore MD","course":"Legacy Data Architect","email":"73@qa.ru","age":59,"mark":null},{"userId":74,"name":"Mrs. Clair Bogan","course":"Regional Program Analyst","email":"74@qa.ru","age":66,"mark":null},{"userId":75,"name":"Carl Kohler","course":"Lead Paradigm Technician","email":"75@qa.ru","age":45,"mark":null},{"userId":76,"name":"Emmett Lind","course":"Product Directives Administrator","email":"76@qa.ru","age":69,"mark":null},{"userId":77,"name":"Noma Anderson","course":"National Directives Specialist","email":"77@qa.ru","age":66,"mark":null},{"userId":78,"name":"Berry Pagac","course":"Internal Accounts Officer","email":"78@qa.ru","age":93,"mark":null},{"userId":79,"name":"Tora Grimes","course":"Corporate Mobility Facilitator","email":"79@qa.ru","age":61,"mark":null},{"userId":80,"name":"Jerome Olson","course":"Forward Assurance Agent","email":"80@qa.ru","age":25,"mark":null},{"userId":81,"name":"Pierre Lemke DDS","course":"Lead Marketing Producer","email":"81@qa.ru","age":65,"mark":null},{"userId":82,"name":"Mr. Barbera Block","course":"Customer Intranet Facilitator","email":"82@qa.ru","age":64,"mark":null},{"userId":83,"name":"Britni D'Amore","course":"International Branding Representative","email":"83@qa.ru","age":89,"mark":null},{"userId":84,"name":"Deena McKenzie IV","course":"Legacy Accountability Associate","email":"84@qa.ru","age":32,"mark":null},{"userId":85,"name":"Myrtie Beier","course":"Dynamic Functionality Executive","email":"85@qa.ru","age":30,"mark":null},{"userId":86,"name":"Dr. Matt Rice","course":"Senior Mobility Orchestrator","email":"86@qa.ru","age":92,"mark":null},{"userId":87,"name":"Drusilla Schoen","course":"Central Factors Manager","email":"87@qa.ru","age":33,"mark":null},{"userId":88,"name":"Logan Gleichner","course":"Investor Metrics Developer","email":"88@qa.ru","age":19,"mark":null},{"userId":89,"name":"Cyrus Hills II","course":"Senior Web Director","email":"89@qa.ru","age":64,"mark":null},{"userId":90,"name":"Mrs. Guillermo Borer","course":"Product Tactics Specialist","email":"90@qa.ru","age":90,"mark":null},{"userId":91,"name":"Jacklyn Keebler","course":"Dynamic Factors Coordinator","email":"91@qa.ru","age":70,"mark":null},{"userId":92,"name":"Vada Greenholt","course":"Regional Applications Facilitator","email":"92@qa.ru","age":52,"mark":null},{"userId":93,"name":"Darryl Hammes","course":"Global Usability Manager","email":"93@qa.ru","age":29,"mark":null},{"userId":94,"name":"Terrance Yost","course":"Human Optimization Coordinator","email":"94@qa.ru","age":37,"mark":null},{"userId":95,"name":"Danial Kling II","course":"Senior Quality Analyst","email":"95@qa.ru","age":52,"mark":null},{"userId":96,"name":"Mrs. Addie Friesen","course":"Internal Mobility Specialist","email":"96@qa.ru","age":26,"mark":null},{"userId":97,"name":"Marcel Wyman","course":"Dynamic Marketing Liaison","email":"97@qa.ru","age":42,"mark":null},{"userId":98,"name":"Heriberto King","course":"Future Branding Officer","email":"98@qa.ru","age":54,"mark":null},{"userId":99,"name":"Ismael Towne","course":"Senior Mobility Engineer","email":"99@qa.ru","age":14,"mark":null}]][headers: {citrus_message_id=13fd340d-0518-447f-b113-d003dc4c3639, citrus_message_timestamp=1689189641582}]
22:20:41,584 DEBUG  client.RestTemplate| Response 200 OK
22:20:41,585 DEBUG  client.RestTemplate| Reading to [java.lang.String] as "application/json"
22:20:41,587 INFO     client.HttpClient| HTTP message was sent to endpoint: 'http://localhost:8080/user/get/all'
22:20:41,587 DEBUG aultHttpHeaderMapper| inboundHeaderNames=[Accept-Ranges, Age, Allow, Cache-Control, Connection, Content-Encoding, Content-Language, Content-Length, Content-Location, Content-MD5, Content-Range, Content-Type, Content-Disposition, Transfer-Encoding, Date, ETag, Expires, Last-Modified, Location, Pragma, Proxy-Authenticate, Refresh, Retry-After, Server, Set-Cookie, Trailer, Vary, Via, Warning, WWW-Authenticate]
22:20:41,588 DEBUG aultHttpHeaderMapper| headerName=[content-type] WILL be mapped, matched pattern=content-type
22:20:41,588 DEBUG aultHttpHeaderMapper| setting headerName=[contentType], value=application/json
22:20:41,588 DEBUG aultHttpHeaderMapper| headerName=[transfer-encoding] WILL be mapped, matched pattern=transfer-encoding
22:20:41,588 DEBUG aultHttpHeaderMapper| setting headerName=[Transfer-Encoding], value=[chunked]
22:20:41,588 DEBUG aultHttpHeaderMapper| headerName=[date] WILL be mapped, matched pattern=date
22:20:41,591 DEBUG aultHttpHeaderMapper| setting headerName=[Date], value=1 689 189 641 000
22:20:41,591 DEBUG aultHttpHeaderMapper| headerName=[keep-alive] WILL NOT be mapped
22:20:41,591 DEBUG aultHttpHeaderMapper| headerName=[connection] WILL be mapped, matched pattern=connection
22:20:41,591 DEBUG aultHttpHeaderMapper| setting headerName=[Connection], value=[keep-alive]
22:20:41,591 DEBUG ltCorrelationManager| Saving correlated object for 'citrus_message_id = 'a9602556-29f7-4f97-8e72-34dd266303ae''
22:20:41,591 INFO  port.LoggingReporter| 
22:20:41,592 DEBUG port.LoggingReporter| TEST STEP 1 SUCCESS
22:20:41,599 INFO  port.LoggingReporter| 
22:20:41,599 DEBUG port.LoggingReporter| TEST STEP 2: receive
22:20:41,600 DEBUG ngCorrelationManager| Get correlation key for 'citrus_message_correlator_httpRESTClient'
22:20:41,600 DEBUG ltCorrelationManager| Finding correlated object for 'citrus_message_id = 'a9602556-29f7-4f97-8e72-34dd266303ae''
22:20:41,602 DEBUG ageValidatorRegistry| Found 4 message validators for message
22:20:41,602 DEBUG ssageHeaderValidator| Start message header validation ...
22:20:41,610 DEBUG faultHeaderValidator| Validating header element: citrus_http_reason_phrase='OK': OK.
22:20:41,611 DEBUG faultHeaderValidator| Validating header element: citrus_http_status_code='200': OK.
22:20:41,611 INFO  ssageHeaderValidator| Message header validation successful: All values OK
22:20:41,611 DEBUG TextMessageValidator| Start JSON message validation ...
22:20:41,611 DEBUG JsonSchemaValidation| Starting Json schema validation ...
22:20:41,612 INFO  JsonSchemaValidation| Json schema validation successful: All values OK
22:20:41,614 DEBUG TextMessageValidator| Received message:
HTTPMESSAGE [id: 10d36049-ee23-4536-a7d0-70479aa7f82a, payload: [{"userId":1,"name":"Mrs. Phil Rogahn","course":"International Response Agent","email":"1@qa.ru","age":10,"mark":null},{"userId":2,"name":"Dion Lemke","course":"Principal Functionality Director","email":"2@qa.ru","age":39,"mark":null},{"userId":3,"name":"Russ Bahringer","course":"Customer Security Facilitator","email":"3@qa.ru","age":60,"mark":null},{"userId":4,"name":"Jacinda Hermiston","course":"International Marketing Analyst","email":"4@qa.ru","age":22,"mark":null},{"userId":5,"name":"Dr. Johnsie Brekke","course":"Legacy Functionality Strategist","email":"5@qa.ru","age":62,"mark":null},{"userId":6,"name":"Tristan Nitzsche","course":"Investor Interactions Architect","email":"6@qa.ru","age":10,"mark":null},{"userId":7,"name":"Darrel Green","course":"Legacy Accountability Representative","email":"7@qa.ru","age":18,"mark":null},{"userId":8,"name":"Vernice Parisian","course":"Central Metrics Analyst","email":"8@qa.ru","age":66,"mark":null},{"userId":9,"name":"Stephine Mante","course":"Regional Response Planner","email":"9@qa.ru","age":38,"mark":null},{"userId":10,"name":"Mr. Kimberli Jacobi","course":"Future Usability Liaison","email":"10@qa.ru","age":65,"mark":null},{"userId":11,"name":"Timmy Spencer","course":"Regional Metrics Engineer","email":"11@qa.ru","age":86,"mark":null},{"userId":12,"name":"Matt Hegmann","course":"Future Paradigm Coordinator","email":"12@qa.ru","age":45,"mark":null},{"userId":13,"name":"Lois Wilkinson","course":"National Accountability Manager","email":"13@qa.ru","age":83,"mark":null},{"userId":14,"name":"Malcolm Morissette","course":"Product Accountability Architect","email":"14@qa.ru","age":93,"mark":null},{"userId":15,"name":"Palmer Little","course":"Principal Interactions Specialist","email":"15@qa.ru","age":75,"mark":null},{"userId":16,"name":"Conrad Keeling","course":"Dynamic Data Technician","email":"16@qa.ru","age":47,"mark":null},{"userId":17,"name":"Alva Runolfsdottir II","course":"District Group Administrator","email":"17@qa.ru","age":99,"mark":null},{"userId":18,"name":"Kazuko Herzog III","course":"District Interactions Administrator","email":"18@qa.ru","age":19,"mark":null},{"userId":19,"name":"Bruno Boehm","course":"National Usability Supervisor","email":"19@qa.ru","age":71,"mark":null},{"userId":20,"name":"Jamey Johns","course":"District Tactics Consultant","email":"20@qa.ru","age":73,"mark":null},{"userId":21,"name":"Vern D'Amore","course":"Customer Accounts Associate","email":"21@qa.ru","age":86,"mark":null},{"userId":22,"name":"Georgianna Littel","course":"Customer Accountability Planner","email":"22@qa.ru","age":64,"mark":null},{"userId":23,"name":"Mr. Cedric Marvin","course":"Forward Assurance Director","email":"23@qa.ru","age":18,"mark":null},{"userId":24,"name":"Reda Jacobi PhD","course":"Chief Optimization Supervisor","email":"24@qa.ru","age":18,"mark":null},{"userId":25,"name":"Coletta Hackett","course":"Customer Accounts Producer","email":"25@qa.ru","age":44,"mark":null},{"userId":26,"name":"Moira Mann","course":"District Applications Architect","email":"26@qa.ru","age":91,"mark":null},{"userId":27,"name":"Ms. Shantae Gorczany","course":"Product Factors Officer","email":"27@qa.ru","age":73,"mark":null},{"userId":28,"name":"Truman Ledner II","course":"Product Creative Orchestrator","email":"28@qa.ru","age":83,"mark":null},{"userId":29,"name":"Kareem Moore","course":"Internal Branding Producer","email":"29@qa.ru","age":87,"mark":null},{"userId":30,"name":"Maurine Krajcik DDS","course":"Legacy Group Planner","email":"30@qa.ru","age":62,"mark":null},{"userId":31,"name":"Jack Casper","course":"Regional Directives Orchestrator","email":"31@qa.ru","age":51,"mark":null},{"userId":32,"name":"Millicent Rippin II","course":"District Markets Specialist","email":"32@qa.ru","age":34,"mark":null},{"userId":33,"name":"Sarai White","course":"International Web Technician","email":"33@qa.ru","age":53,"mark":null},{"userId":34,"name":"Dr. Kenneth DuBuque","course":"Forward Intranet Designer","email":"34@qa.ru","age":74,"mark":null},{"userId":35,"name":"Vasiliki McLaughlin DVM","course":"Human Security Manager","email":"35@qa.ru","age":61,"mark":null},{"userId":36,"name":"Victor Mitchell DDS","course":"Dynamic Communications Agent","email":"36@qa.ru","age":40,"mark":null},{"userId":37,"name":"Olin Kassulke","course":"Human Accounts Developer","email":"37@qa.ru","age":72,"mark":null},{"userId":38,"name":"Jacelyn Tillman","course":"Lead Integration Officer","email":"38@qa.ru","age":47,"mark":null},{"userId":39,"name":"Dirk Barrows","course":"Customer Accountability Specialist","email":"39@qa.ru","age":31,"mark":null},{"userId":40,"name":"Suzanna Emard","course":"National Solutions Assistant","email":"40@qa.ru","age":10,"mark":null},{"userId":41,"name":"Marc Barrows","course":"Direct Accountability Executive","email":"41@qa.ru","age":99,"mark":null},{"userId":42,"name":"Sharla Marvin","course":"Corporate Markets Supervisor","email":"42@qa.ru","age":86,"mark":null},{"userId":43,"name":"Lily Runte","course":"Chief Configuration Coordinator","email":"43@qa.ru","age":64,"mark":null},{"userId":44,"name":"Mrs. Elenora Abbott","course":"National Paradigm Executive","email":"44@qa.ru","age":32,"mark":null},{"userId":45,"name":"Lula Renner","course":"Corporate Configuration Liaison","email":"45@qa.ru","age":14,"mark":null},{"userId":46,"name":"Richie Rolfson","course":"Product Web Coordinator","email":"46@qa.ru","age":85,"mark":null},{"userId":47,"name":"Ulrike Hoppe","course":"Chief Operations Designer","email":"47@qa.ru","age":51,"mark":null},{"userId":48,"name":"Enoch Kunze MD","course":"International Mobility Associate","email":"48@qa.ru","age":33,"mark":null},{"userId":49,"name":"Marcel Volkman","course":"Forward Implementation Strategist","email":"49@qa.ru","age":92,"mark":null},{"userId":50,"name":"Miss Jude Kilback","course":"Human Response Agent","email":"50@qa.ru","age":39,"mark":null},{"userId":51,"name":"Sonny Gulgowski I","course":"District Group Administrator","email":"51@qa.ru","age":75,"mark":null},{"userId":52,"name":"Ms. Catheryn Wolff","course":"Product Intranet Analyst","email":"52@qa.ru","age":67,"mark":null},{"userId":53,"name":"Tory Gutmann","course":"Future Marketing Director","email":"53@qa.ru","age":40,"mark":null},{"userId":54,"name":"Dr. Britney Ankunding","course":"National Markets Liaison","email":"54@qa.ru","age":69,"mark":null},{"userId":55,"name":"Arleen Shanahan","course":"Future Research Strategist","email":"55@qa.ru","age":18,"mark":null},{"userId":56,"name":"Anika Maggio","course":"Global Implementation Manager","email":"56@qa.ru","age":40,"mark":null},{"userId":57,"name":"Garrett Walker IV","course":"District Quality Manager","email":"57@qa.ru","age":58,"mark":null},{"userId":58,"name":"Felicia Fahey","course":"Principal Brand Analyst","email":"58@qa.ru","age":77,"mark":null},{"userId":59,"name":"Eli Wunsch","course":"Product Program Liaison","email":"59@qa.ru","age":87,"mark":null},{"userId":60,"name":"Na Weissnat","course":"Customer Branding Designer","email":"60@qa.ru","age":43,"mark":null},{"userId":61,"name":"Casey Herzog","course":"Global Implementation Coordinator","email":"61@qa.ru","age":42,"mark":null},{"userId":62,"name":"Lillian Hammes","course":"Principal Communications Associate","email":"62@qa.ru","age":56,"mark":null},{"userId":63,"name":"Nicolle Pfeffer MD","course":"Investor Communications Supervisor","email":"63@qa.ru","age":52,"mark":null},{"userId":64,"name":"Darline Labadie","course":"Lead Solutions Designer","email":"64@qa.ru","age":49,"mark":null},{"userId":65,"name":"Coral Yundt DVM","course":"Regional Functionality Engineer","email":"65@qa.ru","age":46,"mark":null},{"userId":66,"name":"Dr. Blanca Koepp","course":"Global Intranet Strategist","email":"66@qa.ru","age":49,"mark":null},{"userId":67,"name":"Samual Emard Sr.","course":"Human Marketing Engineer","email":"67@qa.ru","age":56,"mark":null},{"userId":68,"name":"Dr. Ivory Quigley","course":"Corporate Operations Technician","email":"68@qa.ru","age":85,"mark":null},{"userId":69,"name":"Adah Mills IV","course":"Future Intranet Facilitator","email":"69@qa.ru","age":99,"mark":null},{"userId":70,"name":"Ariana McCullough","course":"Forward Infrastructure Administrator","email":"70@qa.ru","age":36,"mark":null},{"userId":71,"name":"Harvey Homenick","course":"Corporate Paradigm Technician","email":"71@qa.ru","age":59,"mark":null},{"userId":72,"name":"Josef Pagac DVM","course":"Human Response Facilitator","email":"72@qa.ru","age":96,"mark":null},{"userId":73,"name":"Rick D'Amore MD","course":"Legacy Data Architect","email":"73@qa.ru","age":59,"mark":null},{"userId":74,"name":"Mrs. Clair Bogan","course":"Regional Program Analyst","email":"74@qa.ru","age":66,"mark":null},{"userId":75,"name":"Carl Kohler","course":"Lead Paradigm Technician","email":"75@qa.ru","age":45,"mark":null},{"userId":76,"name":"Emmett Lind","course":"Product Directives Administrator","email":"76@qa.ru","age":69,"mark":null},{"userId":77,"name":"Noma Anderson","course":"National Directives Specialist","email":"77@qa.ru","age":66,"mark":null},{"userId":78,"name":"Berry Pagac","course":"Internal Accounts Officer","email":"78@qa.ru","age":93,"mark":null},{"userId":79,"name":"Tora Grimes","course":"Corporate Mobility Facilitator","email":"79@qa.ru","age":61,"mark":null},{"userId":80,"name":"Jerome Olson","course":"Forward Assurance Agent","email":"80@qa.ru","age":25,"mark":null},{"userId":81,"name":"Pierre Lemke DDS","course":"Lead Marketing Producer","email":"81@qa.ru","age":65,"mark":null},{"userId":82,"name":"Mr. Barbera Block","course":"Customer Intranet Facilitator","email":"82@qa.ru","age":64,"mark":null},{"userId":83,"name":"Britni D'Amore","course":"International Branding Representative","email":"83@qa.ru","age":89,"mark":null},{"userId":84,"name":"Deena McKenzie IV","course":"Legacy Accountability Associate","email":"84@qa.ru","age":32,"mark":null},{"userId":85,"name":"Myrtie Beier","course":"Dynamic Functionality Executive","email":"85@qa.ru","age":30,"mark":null},{"userId":86,"name":"Dr. Matt Rice","course":"Senior Mobility Orchestrator","email":"86@qa.ru","age":92,"mark":null},{"userId":87,"name":"Drusilla Schoen","course":"Central Factors Manager","email":"87@qa.ru","age":33,"mark":null},{"userId":88,"name":"Logan Gleichner","course":"Investor Metrics Developer","email":"88@qa.ru","age":19,"mark":null},{"userId":89,"name":"Cyrus Hills II","course":"Senior Web Director","email":"89@qa.ru","age":64,"mark":null},{"userId":90,"name":"Mrs. Guillermo Borer","course":"Product Tactics Specialist","email":"90@qa.ru","age":90,"mark":null},{"userId":91,"name":"Jacklyn Keebler","course":"Dynamic Factors Coordinator","email":"91@qa.ru","age":70,"mark":null},{"userId":92,"name":"Vada Greenholt","course":"Regional Applications Facilitator","email":"92@qa.ru","age":52,"mark":null},{"userId":93,"name":"Darryl Hammes","course":"Global Usability Manager","email":"93@qa.ru","age":29,"mark":null},{"userId":94,"name":"Terrance Yost","course":"Human Optimization Coordinator","email":"94@qa.ru","age":37,"mark":null},{"userId":95,"name":"Danial Kling II","course":"Senior Quality Analyst","email":"95@qa.ru","age":52,"mark":null},{"userId":96,"name":"Mrs. Addie Friesen","course":"Internal Mobility Specialist","email":"96@qa.ru","age":26,"mark":null},{"userId":97,"name":"Marcel Wyman","course":"Dynamic Marketing Liaison","email":"97@qa.ru","age":42,"mark":null},{"userId":98,"name":"Heriberto King","course":"Future Branding Officer","email":"98@qa.ru","age":54,"mark":null},{"userId":99,"name":"Ismael Towne","course":"Senior Mobility Engineer","email":"99@qa.ru","age":14,"mark":null}]][headers: {Transfer-Encoding=chunked, Connection=keep-alive, contentType=application/json, Date=1689189641000, citrus_message_id=10d36049-ee23-4536-a7d0-70479aa7f82a, citrus_message_timestamp=1689189641591, Keep-Alive=timeout=60, Content-Type=application/json, citrus_http_status_code=200, citrus_http_reason_phrase=OK, citrus_http_version=HTTP/1.1}]
22:20:41,615 DEBUG TextMessageValidator| Control message:
HTTPMESSAGE [id: 697384d0-fa4d-4191-92f5-ee1c8756a21a, payload: ][headers: {citrus_message_id=697384d0-fa4d-4191-92f5-ee1c8756a21a, citrus_message_timestamp=1689189641594, citrus_http_reason_phrase=OK, citrus_http_status_code=200, citrus_message_type=JSON}]
22:20:41,615 DEBUG TextMessageValidator| Skip message payload validation as no control message was defined
22:20:41,615 DEBUG PathMessageValidator| Start JSONPath element validation ...
22:20:41,651 DEBUG    path.CompiledPath| Evaluating path: $[0]['userId']
22:20:41,656 DEBUG ion.MessageValidator| Found value matcher 'hamcrest' as class com.consol.citrus.validation.HamcrestValueMatcher
22:20:41,662 DEBUG PathMessageValidator| Validating element: $.[0].userId='1': OK.
22:20:41,663 DEBUG    path.CompiledPath| Evaluating path: $[0]['age']
22:20:41,663 DEBUG PathMessageValidator| Validating element: $.[0].age='@isNumber()@': OK.
22:20:41,664 DEBUG    path.CompiledPath| Evaluating path: $[0]['mark']
22:20:41,664 DEBUG PathMessageValidator| Validating element: $.[0].mark='null': OK.
22:20:41,664 DEBUG    path.CompiledPath| Evaluating path: $[0]['name']
]]></system-out>
  </testcase>
  <testcase name="getUserStubTest" classname="citrus.HttpRESTStubTests" time="0.061">
    <system-out><![CDATA[22:20:41,677 INFO  port.LoggingReporter| 
22:20:41,677 INFO  port.LoggingReporter| ------------------------------------------------------------------------
22:20:41,677 DEBUG port.LoggingReporter| STARTING TEST HttpRESTStubTests.getUserStubTest <citrus>
22:20:41,677 INFO  port.LoggingReporter| 
22:20:41,677 DEBUG trus.DefaultTestCase| Initializing test case
22:20:41,677 DEBUG trus.DefaultTestCase| Global variables:
22:20:41,677 DEBUG trus.DefaultTestCase| default.test.author = Unknown
22:20:41,677 DEBUG trus.DefaultTestCase| project.name = Citrus Integration Tests
22:20:41,677 DEBUG trus.DefaultTestCase| userId = 35
22:20:41,677 DEBUG trus.DefaultTestCase| url = http://localhost:8080/user
22:20:41,677 DEBUG trus.DefaultTestCase| default.test.package = citrus
22:20:41,677 DEBUG  context.TestContext| Setting variable: citrus.test.name with value: 'HttpRESTStubTests.getUserStubTest'
22:20:41,677 DEBUG  context.TestContext| Setting variable: citrus.test.package with value: 'citrus'
22:20:41,677 DEBUG trus.DefaultTestCase| Test variables:
22:20:41,677 DEBUG trus.DefaultTestCase| default.test.author = Unknown
22:20:41,677 DEBUG trus.DefaultTestCase| citrus.test.package = citrus
22:20:41,677 DEBUG trus.DefaultTestCase| citrus.test.name = HttpRESTStubTests.getUserStubTest
22:20:41,677 DEBUG trus.DefaultTestCase| project.name = Citrus Integration Tests
22:20:41,677 DEBUG trus.DefaultTestCase| userId = 35
22:20:41,677 DEBUG trus.DefaultTestCase| url = http://localhost:8080/user
22:20:41,677 DEBUG trus.DefaultTestCase| default.test.package = citrus
22:20:41,678 INFO  port.LoggingReporter| 
22:20:41,678 DEBUG port.LoggingReporter| TEST STEP 1: send
22:20:41,678 DEBUG ltCorrelationManager| Saving correlation key for 'citrus_message_correlator_httpRESTClient'
22:20:41,678 DEBUG  context.TestContext| Setting variable: citrus_message_correlator_httpRESTClient with value: 'citrus_message_id = '2f5402ad-3b3a-44df-bd39-71627178617a''
22:20:41,679 DEBUG  context.TestContext| Setting variable: citrus_message_replyTo_citrus_message_correlator_httpRESTClient with value: 'http://localhost:8080/user/get/35'
22:20:41,679 INFO     client.HttpClient| Sending HTTP message to: 'http://localhost:8080/user/get/35'
22:20:41,679 DEBUG    client.HttpClient| Message to send:

22:20:41,679 DEBUG aultHttpHeaderMapper| outboundHeaderNames=[Accept, Accept-Charset, Accept-Encoding, Accept-Language, Accept-Ranges, Authorization, Cache-Control, Connection, Content-Length, Content-Type, Cookie, Date, Expect, From, Host, If-Match, If-Modified-Since, If-None-Match, If-Range, If-Unmodified-Since, Max-Forwards, Pragma, Proxy-Authorization, Range, Referer, TE, Upgrade, User-Agent, Via, Warning]
22:20:41,679 DEBUG aultHttpHeaderMapper| headerName=[citrus_message_timestamp] WILL NOT be mapped
22:20:41,679 DEBUG aultHttpHeaderMapper| headerName=[citrus_message_type] WILL NOT be mapped
22:20:41,679 DEBUG aultHttpHeaderMapper| headerName=[citrus_request_path] WILL NOT be mapped
22:20:41,679 DEBUG aultHttpHeaderMapper| headerName=[citrus_http_request_uri] WILL NOT be mapped
22:20:41,679 DEBUG aultHttpHeaderMapper| headerName=[id] WILL NOT be mapped
22:20:41,679 DEBUG aultHttpHeaderMapper| headerName=[citrus_message_id] WILL NOT be mapped
22:20:41,679 DEBUG aultHttpHeaderMapper| headerName=[citrus_http_method] WILL NOT be mapped
22:20:41,679 DEBUG aultHttpHeaderMapper| headerName=[timestamp] WILL NOT be mapped
22:20:41,679 DEBUG  client.RestTemplate| HTTP GET http://localhost:8080/user/get/35
22:20:41,679 DEBUG  client.RestTemplate| Accept=[text/plain, application/json, application/*+json, */*]
22:20:41,679 DEBUG ingClientInterceptor| Sending Http request message
22:20:41,681 DEBUG   Logger.Message_OUT| RAWMESSAGE [id: 7e624798-afe2-4b19-b993-d4ec076592ff, payload: GET http://localhost:8080/user/get/35
Accept:text/plain, application/json, application/*+json, */*
Content-Type:application/json;charset=UTF-8
Content-Length:0][headers: {citrus_message_id=7e624798-afe2-4b19-b993-d4ec076592ff, citrus_message_timestamp=1689189641679}]
22:20:41,681 DEBUG ol.RequestAddCookies| CookieSpec selected: default
22:20:41,681 DEBUG col.RequestAuthCache| Auth cache not set in the context
22:20:41,681 DEBUG entConnectionManager| Connection request: [route: {}->http://localhost:8080][total available: 1; route allocated: 1 of 5; total allocated: 1 of 10]
22:20:41,682 DEBUG entConnectionManager| Connection leased: [id: 0][route: {}->http://localhost:8080][total available: 0; route allocated: 1 of 5; total allocated: 1 of 10]
22:20:41,682 DEBUG HttpClientConnection| http-outgoing-0: set socket timeout to 0
22:20:41,682 DEBUG chain.MainClientExec| Executing request GET /user/get/35 HTTP/1.1
22:20:41,682 DEBUG chain.MainClientExec| Target auth state: UNCHALLENGED
22:20:41,682 DEBUG chain.MainClientExec| Proxy auth state: UNCHALLENGED
22:20:41,682 DEBUG         http.headers| http-outgoing-0 >> GET /user/get/35 HTTP/1.1
22:20:41,682 DEBUG         http.headers| http-outgoing-0 >> Accept: text/plain, application/json, application/*+json, */*
22:20:41,682 DEBUG         http.headers| http-outgoing-0 >> Content-Type: application/json;charset=UTF-8
22:20:41,682 DEBUG         http.headers| http-outgoing-0 >> Host: localhost:8080
22:20:41,682 DEBUG         http.headers| http-outgoing-0 >> Connection: Keep-Alive
22:20:41,682 DEBUG         http.headers| http-outgoing-0 >> User-Agent: Apache-HttpClient/4.5.13 (Java/11.0.16)
22:20:41,682 DEBUG         http.headers| http-outgoing-0 >> Accept-Encoding: gzip,deflate
22:20:41,682 DEBUG            http.wire| http-outgoing-0 >> "GET /user/get/35 HTTP/1.1[\r][\n]"
22:20:41,682 DEBUG            http.wire| http-outgoing-0 >> "Accept: text/plain, application/json, application/*+json, */*[\r][\n]"
22:20:41,682 DEBUG            http.wire| http-outgoing-0 >> "Content-Type: application/json;charset=UTF-8[\r][\n]"
22:20:41,682 DEBUG            http.wire| http-outgoing-0 >> "Host: localhost:8080[\r][\n]"
22:20:41,682 DEBUG            http.wire| http-outgoing-0 >> "Connection: Keep-Alive[\r][\n]"
22:20:41,682 DEBUG            http.wire| http-outgoing-0 >> "User-Agent: Apache-HttpClient/4.5.13 (Java/11.0.16)[\r][\n]"
22:20:41,682 DEBUG            http.wire| http-outgoing-0 >> "Accept-Encoding: gzip,deflate[\r][\n]"
22:20:41,682 DEBUG            http.wire| http-outgoing-0 >> "[\r][\n]"
22:20:41,683 DEBUG            http.wire| http-outgoing-0 << "HTTP/1.1 200 [\r][\n]"
22:20:41,683 DEBUG            http.wire| http-outgoing-0 << "Content-Type: application/json[\r][\n]"
22:20:41,684 DEBUG            http.wire| http-outgoing-0 << "Transfer-Encoding: chunked[\r][\n]"
22:20:41,684 DEBUG            http.wire| http-outgoing-0 << "Date: Wed, 12 Jul 2023 19:20:41 GMT[\r][\n]"
22:20:41,684 DEBUG            http.wire| http-outgoing-0 << "Keep-Alive: timeout=60[\r][\n]"
22:20:41,684 DEBUG            http.wire| http-outgoing-0 << "Connection: keep-alive[\r][\n]"
22:20:41,684 DEBUG            http.wire| http-outgoing-0 << "[\r][\n]"
22:20:41,684 DEBUG            http.wire| http-outgoing-0 << "96[\r][\n]"
22:20:41,684 DEBUG            http.wire| http-outgoing-0 << "{"userId":35,"name":"Ricki Schinner PhD","course":"Future Operations Coordinator","email":"35@qa.ru","age":92,"mark":{"name":"Course mark","score":7}}[\r][\n]"
22:20:41,684 DEBUG         http.headers| http-outgoing-0 << HTTP/1.1 200 
22:20:41,684 DEBUG         http.headers| http-outgoing-0 << Content-Type: application/json
22:20:41,684 DEBUG         http.headers| http-outgoing-0 << Transfer-Encoding: chunked
22:20:41,684 DEBUG         http.headers| http-outgoing-0 << Date: Wed, 12 Jul 2023 19:20:41 GMT
22:20:41,684 DEBUG         http.headers| http-outgoing-0 << Keep-Alive: timeout=60
22:20:41,684 DEBUG         http.headers| http-outgoing-0 << Connection: keep-alive
22:20:41,684 DEBUG chain.MainClientExec| Connection can be kept alive for 60000 MILLISECONDS
22:20:41,685 DEBUG            http.wire| http-outgoing-0 << "0[\r][\n]"
22:20:41,685 DEBUG            http.wire| http-outgoing-0 << "[\r][\n]"
22:20:41,685 DEBUG entConnectionManager| Connection [id: 0][route: {}->http://localhost:8080] can be kept alive for 60.0 seconds
22:20:41,685 DEBUG HttpClientConnection| http-outgoing-0: set socket timeout to 0
22:20:41,685 DEBUG entConnectionManager| Connection released: [id: 0][route: {}->http://localhost:8080][total available: 1; route allocated: 1 of 5; total allocated: 1 of 10]
22:20:41,685 DEBUG ingClientInterceptor| Received Http response message
22:20:41,687 DEBUG    Logger.Message_IN| RAWMESSAGE [id: feaea5c3-e1c8-4548-becd-5dba605710d5, payload: HTTP/1.1 200 OK 
Content-Type:application/json
Transfer-Encoding:chunked
Date:Wed, 12 Jul 2023 19:20:41 GMT
Keep-Alive:timeout=60
Connection:keep-alive

{"userId":35,"name":"Ricki Schinner PhD","course":"Future Operations Coordinator","email":"35@qa.ru","age":92,"mark":{"name":"Course mark","score":7}}][headers: {citrus_message_id=feaea5c3-e1c8-4548-becd-5dba605710d5, citrus_message_timestamp=1689189641685}]
22:20:41,687 DEBUG  client.RestTemplate| Response 200 OK
22:20:41,687 DEBUG  client.RestTemplate| Reading to [java.lang.String] as "application/json"
22:20:41,687 INFO     client.HttpClient| HTTP message was sent to endpoint: 'http://localhost:8080/user/get/35'
22:20:41,687 DEBUG aultHttpHeaderMapper| inboundHeaderNames=[Accept-Ranges, Age, Allow, Cache-Control, Connection, Content-Encoding, Content-Language, Content-Length, Content-Location, Content-MD5, Content-Range, Content-Type, Content-Disposition, Transfer-Encoding, Date, ETag, Expires, Last-Modified, Location, Pragma, Proxy-Authenticate, Refresh, Retry-After, Server, Set-Cookie, Trailer, Vary, Via, Warning, WWW-Authenticate]
22:20:41,687 DEBUG aultHttpHeaderMapper| headerName=[content-type] WILL be mapped, matched pattern=content-type
22:20:41,687 DEBUG aultHttpHeaderMapper| setting headerName=[contentType], value=application/json
22:20:41,688 DEBUG aultHttpHeaderMapper| headerName=[transfer-encoding] WILL be mapped, matched pattern=transfer-encoding
22:20:41,688 DEBUG aultHttpHeaderMapper| setting headerName=[Transfer-Encoding], value=[chunked]
22:20:41,688 DEBUG aultHttpHeaderMapper| headerName=[date] WILL be mapped, matched pattern=date
22:20:41,688 DEBUG aultHttpHeaderMapper| setting headerName=[Date], value=1 689 189 641 000
22:20:41,688 DEBUG aultHttpHeaderMapper| headerName=[keep-alive] WILL NOT be mapped
22:20:41,688 DEBUG aultHttpHeaderMapper| headerName=[connection] WILL be mapped, matched pattern=connection
22:20:41,688 DEBUG aultHttpHeaderMapper| setting headerName=[Connection], value=[keep-alive]
22:20:41,688 DEBUG ltCorrelationManager| Saving correlated object for 'citrus_message_id = '2f5402ad-3b3a-44df-bd39-71627178617a''
22:20:41,688 INFO  port.LoggingReporter| 
22:20:41,688 DEBUG port.LoggingReporter| TEST STEP 1 SUCCESS
22:20:41,693 INFO  port.LoggingReporter| 
22:20:41,693 DEBUG port.LoggingReporter| TEST STEP 2: receive
22:20:41,693 DEBUG ngCorrelationManager| Get correlation key for 'citrus_message_correlator_httpRESTClient'
22:20:41,693 DEBUG ltCorrelationManager| Finding correlated object for 'citrus_message_id = '2f5402ad-3b3a-44df-bd39-71627178617a''
22:20:41,733 DEBUG ageValidatorRegistry| Found 4 message validators for message
22:20:41,734 DEBUG ssageHeaderValidator| Start message header validation ...
22:20:41,734 DEBUG faultHeaderValidator| Validating header element: citrus_http_reason_phrase='OK': OK.
22:20:41,734 DEBUG faultHeaderValidator| Validating header element: citrus_http_status_code='200': OK.
22:20:41,734 INFO  ssageHeaderValidator| Message header validation successful: All values OK
22:20:41,734 DEBUG TextMessageValidator| Start JSON message validation ...
22:20:41,734 DEBUG JsonSchemaValidation| Starting Json schema validation ...
22:20:41,734 INFO  JsonSchemaValidation| Json schema validation successful: All values OK
22:20:41,734 DEBUG TextMessageValidator| Received message:
HTTPMESSAGE [id: 703c790e-1c36-43d0-a141-64ec82faf072, payload: {"userId":35,"name":"Ricki Schinner PhD","course":"Future Operations Coordinator","email":"35@qa.ru","age":92,"mark":{"name":"Course mark","score":7}}][headers: {Transfer-Encoding=chunked, Connection=keep-alive, contentType=application/json, Date=1689189641000, citrus_message_id=703c790e-1c36-43d0-a141-64ec82faf072, citrus_message_timestamp=1689189641688, Keep-Alive=timeout=60, Content-Type=application/json, citrus_http_status_code=200, citrus_http_reason_phrase=OK, citrus_http_version=HTTP/1.1}]
22:20:41,734 DEBUG TextMessageValidator| Control message:
HTTPMESSAGE [id: c891318c-410b-4605-8123-d7ed8e9cb312, payload: {"userId":35,"email":"@contains('@qa.ru')@","name":"@matches('^[a-zA-Z\\s\\.]*$')@","course":"@matches('^[a-zA-Z\\s]*$')@","age":"@isNumber()@","mark":{"name":"@contains('Course mark')@","score":"@isNumber()@"}}][headers: {citrus_message_id=c891318c-410b-4605-8123-d7ed8e9cb312, citrus_message_timestamp=1689189641688, citrus_http_reason_phrase=OK, citrus_http_status_code=200, citrus_message_type=JSON}]
22:20:41,735 DEBUG TextMessageValidator| Validation successful for JSON entry 'name' (@matches('^[a-zA-Z\s\.]*$')@)
22:20:41,735 DEBUG TextMessageValidator| Validation successful for JSON entry 'course' (@matches('^[a-zA-Z\s]*$')@)
22:20:41,735 DEBUG TextMessageValidator| Validation successful for JSON entry 'userId' (35)
22:20:41,735 DEBUG TextMessageValidator| Validation successful for JSON entry 'email' (@contains('@qa.ru')@)
22:20:41,735 DEBUG TextMessageValidator| Validation successful for JSON entry 'age' (@isNumber()@)
22:20:41,736 DEBUG TextMessageValidator| Validation successful for JSON entry 'score' (@isNumber()@)
22:20:41,736 DEBUG TextMessageValidator| Validation successful for JSON entry 'name' (@contains('Course mark')@)
22:20:41,736 DEBUG TextMessageValidator| Validation successful for JSON entry 'mark' ({"score":"@isNumber()@","name":"@contains('Course mark')@"})
22:20:41,736 INFO  TextMessageValidator| JSON message validation successful: All values OK
22:20:41,736 INFO  port.LoggingReporter| 
22:20:41,736 DEBUG port.LoggingReporter| TEST STEP 2 SUCCESS
]]></system-out>
  </testcase>
  <testcase name="getUserStubParametrizedTest(int)[1]" classname="citrus.HttpRESTStubTests" time="0.029">
    <system-out><![CDATA[22:20:41,756 INFO  port.LoggingReporter| 
22:20:41,756 INFO  port.LoggingReporter| ------------------------------------------------------------------------
22:20:41,756 DEBUG port.LoggingReporter| STARTING TEST HttpRESTStubTests.getUserStubParametrizedTest <citrus>
22:20:41,756 INFO  port.LoggingReporter| 
22:20:41,756 DEBUG trus.DefaultTestCase| Initializing test case
22:20:41,756 DEBUG trus.DefaultTestCase| Global variables:
22:20:41,756 DEBUG trus.DefaultTestCase| default.test.author = Unknown
22:20:41,756 DEBUG trus.DefaultTestCase| project.name = Citrus Integration Tests
22:20:41,756 DEBUG trus.DefaultTestCase| userId = 35
22:20:41,756 DEBUG trus.DefaultTestCase| url = http://localhost:8080/user
22:20:41,756 DEBUG trus.DefaultTestCase| default.test.package = citrus
22:20:41,756 DEBUG  context.TestContext| Setting variable: citrus.test.name with value: 'HttpRESTStubTests.getUserStubParametrizedTest'
22:20:41,756 DEBUG  context.TestContext| Setting variable: citrus.test.package with value: 'citrus'
22:20:41,757 DEBUG trus.DefaultTestCase| Test variables:
22:20:41,757 DEBUG trus.DefaultTestCase| default.test.author = Unknown
22:20:41,757 DEBUG trus.DefaultTestCase| citrus.test.package = citrus
22:20:41,757 DEBUG trus.DefaultTestCase| citrus.test.name = HttpRESTStubTests.getUserStubParametrizedTest
22:20:41,757 DEBUG trus.DefaultTestCase| project.name = Citrus Integration Tests
22:20:41,757 DEBUG trus.DefaultTestCase| userId = 35
22:20:41,757 DEBUG trus.DefaultTestCase| url = http://localhost:8080/user
22:20:41,757 DEBUG trus.DefaultTestCase| default.test.package = citrus
22:20:41,770 INFO  port.LoggingReporter| 
22:20:41,770 DEBUG port.LoggingReporter| TEST STEP 1: send
22:20:41,770 DEBUG ltCorrelationManager| Saving correlation key for 'citrus_message_correlator_httpRESTClient'
22:20:41,770 DEBUG  context.TestContext| Setting variable: citrus_message_correlator_httpRESTClient with value: 'citrus_message_id = '5f85f4f0-adea-4103-a49f-506c67e98f54''
22:20:41,770 DEBUG  context.TestContext| Setting variable: citrus_message_replyTo_citrus_message_correlator_httpRESTClient with value: 'http://localhost:8080/user/get/1'
22:20:41,770 INFO     client.HttpClient| Sending HTTP message to: 'http://localhost:8080/user/get/1'
22:20:41,770 DEBUG    client.HttpClient| Message to send:

22:20:41,770 DEBUG aultHttpHeaderMapper| outboundHeaderNames=[Accept, Accept-Charset, Accept-Encoding, Accept-Language, Accept-Ranges, Authorization, Cache-Control, Connection, Content-Length, Content-Type, Cookie, Date, Expect, From, Host, If-Match, If-Modified-Since, If-None-Match, If-Range, If-Unmodified-Since, Max-Forwards, Pragma, Proxy-Authorization, Range, Referer, TE, Upgrade, User-Agent, Via, Warning]
22:20:41,771 DEBUG aultHttpHeaderMapper| headerName=[citrus_message_timestamp] WILL NOT be mapped
22:20:41,771 DEBUG aultHttpHeaderMapper| headerName=[citrus_message_type] WILL NOT be mapped
22:20:41,771 DEBUG aultHttpHeaderMapper| headerName=[citrus_request_path] WILL NOT be mapped
22:20:41,771 DEBUG aultHttpHeaderMapper| headerName=[citrus_http_request_uri] WILL NOT be mapped
22:20:41,771 DEBUG aultHttpHeaderMapper| headerName=[id] WILL NOT be mapped
22:20:41,771 DEBUG aultHttpHeaderMapper| headerName=[citrus_message_id] WILL NOT be mapped
22:20:41,771 DEBUG aultHttpHeaderMapper| headerName=[citrus_http_method] WILL NOT be mapped
22:20:41,771 DEBUG aultHttpHeaderMapper| headerName=[timestamp] WILL NOT be mapped
22:20:41,771 DEBUG  client.RestTemplate| HTTP GET http://localhost:8080/user/get/1
22:20:41,771 DEBUG  client.RestTemplate| Accept=[text/plain, application/json, application/*+json, */*]
22:20:41,771 DEBUG ingClientInterceptor| Sending Http request message
22:20:41,773 DEBUG   Logger.Message_OUT| RAWMESSAGE [id: 8eb04c48-a805-4fc1-9983-5c421b315fdf, payload: GET http://localhost:8080/user/get/1
Accept:text/plain, application/json, application/*+json, */*
Content-Type:application/json;charset=UTF-8
Content-Length:0][headers: {citrus_message_id=8eb04c48-a805-4fc1-9983-5c421b315fdf, citrus_message_timestamp=1689189641771}]
22:20:41,773 DEBUG ol.RequestAddCookies| CookieSpec selected: default
22:20:41,773 DEBUG col.RequestAuthCache| Auth cache not set in the context
22:20:41,773 DEBUG entConnectionManager| Connection request: [route: {}->http://localhost:8080][total available: 1; route allocated: 1 of 5; total allocated: 1 of 10]
22:20:41,773 DEBUG entConnectionManager| Connection leased: [id: 0][route: {}->http://localhost:8080][total available: 0; route allocated: 1 of 5; total allocated: 1 of 10]
22:20:41,773 DEBUG HttpClientConnection| http-outgoing-0: set socket timeout to 0
22:20:41,774 DEBUG chain.MainClientExec| Executing request GET /user/get/1 HTTP/1.1
22:20:41,774 DEBUG chain.MainClientExec| Target auth state: UNCHALLENGED
22:20:41,774 DEBUG chain.MainClientExec| Proxy auth state: UNCHALLENGED
22:20:41,774 DEBUG         http.headers| http-outgoing-0 >> GET /user/get/1 HTTP/1.1
22:20:41,774 DEBUG         http.headers| http-outgoing-0 >> Accept: text/plain, application/json, application/*+json, */*
22:20:41,774 DEBUG         http.headers| http-outgoing-0 >> Content-Type: application/json;charset=UTF-8
22:20:41,774 DEBUG         http.headers| http-outgoing-0 >> Host: localhost:8080
22:20:41,774 DEBUG         http.headers| http-outgoing-0 >> Connection: Keep-Alive
22:20:41,774 DEBUG         http.headers| http-outgoing-0 >> User-Agent: Apache-HttpClient/4.5.13 (Java/11.0.16)
22:20:41,774 DEBUG         http.headers| http-outgoing-0 >> Accept-Encoding: gzip,deflate
22:20:41,774 DEBUG            http.wire| http-outgoing-0 >> "GET /user/get/1 HTTP/1.1[\r][\n]"
22:20:41,774 DEBUG            http.wire| http-outgoing-0 >> "Accept: text/plain, application/json, application/*+json, */*[\r][\n]"
22:20:41,774 DEBUG            http.wire| http-outgoing-0 >> "Content-Type: application/json;charset=UTF-8[\r][\n]"
22:20:41,774 DEBUG            http.wire| http-outgoing-0 >> "Host: localhost:8080[\r][\n]"
22:20:41,774 DEBUG            http.wire| http-outgoing-0 >> "Connection: Keep-Alive[\r][\n]"
22:20:41,774 DEBUG            http.wire| http-outgoing-0 >> "User-Agent: Apache-HttpClient/4.5.13 (Java/11.0.16)[\r][\n]"
22:20:41,774 DEBUG            http.wire| http-outgoing-0 >> "Accept-Encoding: gzip,deflate[\r][\n]"
22:20:41,774 DEBUG            http.wire| http-outgoing-0 >> "[\r][\n]"
22:20:41,776 DEBUG            http.wire| http-outgoing-0 << "HTTP/1.1 200 [\r][\n]"
22:20:41,776 DEBUG            http.wire| http-outgoing-0 << "Content-Type: application/json[\r][\n]"
22:20:41,776 DEBUG            http.wire| http-outgoing-0 << "Transfer-Encoding: chunked[\r][\n]"
22:20:41,776 DEBUG            http.wire| http-outgoing-0 << "Date: Wed, 12 Jul 2023 19:20:41 GMT[\r][\n]"
22:20:41,776 DEBUG            http.wire| http-outgoing-0 << "Keep-Alive: timeout=60[\r][\n]"
22:20:41,776 DEBUG            http.wire| http-outgoing-0 << "Connection: keep-alive[\r][\n]"
22:20:41,776 DEBUG            http.wire| http-outgoing-0 << "[\r][\n]"
22:20:41,776 DEBUG            http.wire| http-outgoing-0 << "94[\r][\n]"
22:20:41,776 DEBUG            http.wire| http-outgoing-0 << "{"userId":1,"name":"Dr. Barton Weimann","course":"Dynamic Integration Assistant","email":"1@qa.ru","age":95,"mark":{"name":"Course mark","score":0}}[\r][\n]"
22:20:41,776 DEBUG         http.headers| http-outgoing-0 << HTTP/1.1 200 
22:20:41,776 DEBUG         http.headers| http-outgoing-0 << Content-Type: application/json
22:20:41,776 DEBUG         http.headers| http-outgoing-0 << Transfer-Encoding: chunked
22:20:41,776 DEBUG         http.headers| http-outgoing-0 << Date: Wed, 12 Jul 2023 19:20:41 GMT
22:20:41,776 DEBUG         http.headers| http-outgoing-0 << Keep-Alive: timeout=60
22:20:41,777 DEBUG         http.headers| http-outgoing-0 << Connection: keep-alive
22:20:41,777 DEBUG chain.MainClientExec| Connection can be kept alive for 60000 MILLISECONDS
22:20:41,777 DEBUG            http.wire| http-outgoing-0 << "0[\r][\n]"
22:20:41,777 DEBUG            http.wire| http-outgoing-0 << "[\r][\n]"
22:20:41,777 DEBUG entConnectionManager| Connection [id: 0][route: {}->http://localhost:8080] can be kept alive for 60.0 seconds
22:20:41,777 DEBUG HttpClientConnection| http-outgoing-0: set socket timeout to 0
22:20:41,777 DEBUG entConnectionManager| Connection released: [id: 0][route: {}->http://localhost:8080][total available: 1; route allocated: 1 of 5; total allocated: 1 of 10]
22:20:41,777 DEBUG ingClientInterceptor| Received Http response message
22:20:41,779 DEBUG    Logger.Message_IN| RAWMESSAGE [id: 269fe823-b7df-458a-b172-fd57e73d5994, payload: HTTP/1.1 200 OK 
Content-Type:application/json
Transfer-Encoding:chunked
Date:Wed, 12 Jul 2023 19:20:41 GMT
Keep-Alive:timeout=60
Connection:keep-alive

{"userId":1,"name":"Dr. Barton Weimann","course":"Dynamic Integration Assistant","email":"1@qa.ru","age":95,"mark":{"name":"Course mark","score":0}}][headers: {citrus_message_id=269fe823-b7df-458a-b172-fd57e73d5994, citrus_message_timestamp=1689189641777}]
22:20:41,779 DEBUG  client.RestTemplate| Response 200 OK
22:20:41,779 DEBUG  client.RestTemplate| Reading to [java.lang.String] as "application/json"
22:20:41,779 INFO     client.HttpClient| HTTP message was sent to endpoint: 'http://localhost:8080/user/get/1'
22:20:41,779 DEBUG aultHttpHeaderMapper| inboundHeaderNames=[Accept-Ranges, Age, Allow, Cache-Control, Connection, Content-Encoding, Content-Language, Content-Length, Content-Location, Content-MD5, Content-Range, Content-Type, Content-Disposition, Transfer-Encoding, Date, ETag, Expires, Last-Modified, Location, Pragma, Proxy-Authenticate, Refresh, Retry-After, Server, Set-Cookie, Trailer, Vary, Via, Warning, WWW-Authenticate]
22:20:41,779 DEBUG aultHttpHeaderMapper| headerName=[content-type] WILL be mapped, matched pattern=content-type
22:20:41,779 DEBUG aultHttpHeaderMapper| setting headerName=[contentType], value=application/json
22:20:41,779 DEBUG aultHttpHeaderMapper| headerName=[transfer-encoding] WILL be mapped, matched pattern=transfer-encoding
22:20:41,779 DEBUG aultHttpHeaderMapper| setting headerName=[Transfer-Encoding], value=[chunked]
22:20:41,779 DEBUG aultHttpHeaderMapper| headerName=[date] WILL be mapped, matched pattern=date
22:20:41,779 DEBUG aultHttpHeaderMapper| setting headerName=[Date], value=1 689 189 641 000
22:20:41,779 DEBUG aultHttpHeaderMapper| headerName=[keep-alive] WILL NOT be mapped
22:20:41,780 DEBUG aultHttpHeaderMapper| headerName=[connection] WILL be mapped, matched pattern=connection
22:20:41,780 DEBUG aultHttpHeaderMapper| setting headerName=[Connection], value=[keep-alive]
22:20:41,780 DEBUG ltCorrelationManager| Saving correlated object for 'citrus_message_id = '5f85f4f0-adea-4103-a49f-506c67e98f54''
22:20:41,780 INFO  port.LoggingReporter| 
22:20:41,780 DEBUG port.LoggingReporter| TEST STEP 1 SUCCESS
22:20:41,780 INFO  port.LoggingReporter| 
22:20:41,780 DEBUG port.LoggingReporter| TEST STEP 2: receive
22:20:41,780 DEBUG ngCorrelationManager| Get correlation key for 'citrus_message_correlator_httpRESTClient'
22:20:41,780 DEBUG ltCorrelationManager| Finding correlated object for 'citrus_message_id = '5f85f4f0-adea-4103-a49f-506c67e98f54''
22:20:41,781 DEBUG ageValidatorRegistry| Found 4 message validators for message
22:20:41,781 DEBUG ssageHeaderValidator| Start message header validation ...
22:20:41,781 DEBUG faultHeaderValidator| Validating header element: citrus_http_reason_phrase='OK': OK.
22:20:41,781 DEBUG faultHeaderValidator| Validating header element: citrus_http_status_code='200': OK.
22:20:41,781 INFO  ssageHeaderValidator| Message header validation successful: All values OK
22:20:41,781 DEBUG TextMessageValidator| Start JSON message validation ...
22:20:41,781 DEBUG JsonSchemaValidation| Starting Json schema validation ...
22:20:41,782 INFO  JsonSchemaValidation| Json schema validation successful: All values OK
22:20:41,782 DEBUG TextMessageValidator| Received message:
HTTPMESSAGE [id: 2e138163-fb75-4593-bb38-9f51465af853, payload: {"userId":1,"name":"Dr. Barton Weimann","course":"Dynamic Integration Assistant","email":"1@qa.ru","age":95,"mark":{"name":"Course mark","score":0}}][headers: {Transfer-Encoding=chunked, Connection=keep-alive, contentType=application/json, Date=1689189641000, citrus_message_id=2e138163-fb75-4593-bb38-9f51465af853, citrus_message_timestamp=1689189641780, Keep-Alive=timeout=60, Content-Type=application/json, citrus_http_status_code=200, citrus_http_reason_phrase=OK, citrus_http_version=HTTP/1.1}]
22:20:41,782 DEBUG TextMessageValidator| Control message:
HTTPMESSAGE [id: 2217a835-d24f-444d-a556-4811a8cfe116, payload: {"userId":1,"email":"@contains('@qa.ru')@","name":"@matches('^[a-zA-Z\\s\\.]*$')@","course":"@matches('^[a-zA-Z\\s]*$')@","age":"@isNumber()@","mark":{"name":"@contains('Course mark')@","score":"@isNumber()@"}}][headers: {citrus_message_id=2217a835-d24f-444d-a556-4811a8cfe116, citrus_message_timestamp=1689189641780, citrus_http_reason_phrase=OK, citrus_http_status_code=200, citrus_message_type=JSON}]
22:20:41,782 DEBUG TextMessageValidator| Validation successful for JSON entry 'name' (@matches('^[a-zA-Z\s\.]*$')@)
22:20:41,782 DEBUG TextMessageValidator| Validation successful for JSON entry 'course' (@matches('^[a-zA-Z\s]*$')@)
22:20:41,782 DEBUG TextMessageValidator| Validation successful for JSON entry 'userId' (1)
22:20:41,782 DEBUG TextMessageValidator| Validation successful for JSON entry 'email' (@contains('@qa.ru')@)
22:20:41,782 DEBUG TextMessageValidator| Validation successful for JSON entry 'age' (@isNumber()@)
22:20:41,782 DEBUG TextMessageValidator| Validation successful for JSON entry 'score' (@isNumber()@)
22:20:41,782 DEBUG TextMessageValidator| Validation successful for JSON entry 'name' (@contains('Course mark')@)
22:20:41,782 DEBUG TextMessageValidator| Validation successful for JSON entry 'mark' ({"score":"@isNumber()@","name":"@contains('Course mark')@"})
22:20:41,782 INFO  TextMessageValidator| JSON message validation successful: All values OK
22:20:41,782 INFO  port.LoggingReporter| 
22:20:41,782 DEBUG port.LoggingReporter| TEST STEP 2 SUCCESS
]]></system-out>
  </testcase>
  <testcase name="getUserStubParametrizedTest(int)[2]" classname="citrus.HttpRESTStubTests" time="0.017">
    <system-out><![CDATA[22:20:41,786 INFO  port.LoggingReporter| 
22:20:41,786 INFO  port.LoggingReporter| ------------------------------------------------------------------------
22:20:41,786 DEBUG port.LoggingReporter| STARTING TEST HttpRESTStubTests.getUserStubParametrizedTest <citrus>
22:20:41,786 INFO  port.LoggingReporter| 
22:20:41,786 DEBUG trus.DefaultTestCase| Initializing test case
22:20:41,786 DEBUG trus.DefaultTestCase| Global variables:
22:20:41,786 DEBUG trus.DefaultTestCase| citrus_message_correlator_httpRESTClient = citrus_message_id = '5f85f4f0-adea-4103-a49f-506c67e98f54'
22:20:41,787 DEBUG trus.DefaultTestCase| default.test.author = Unknown
22:20:41,787 DEBUG trus.DefaultTestCase| citrus.test.package = citrus
22:20:41,787 DEBUG trus.DefaultTestCase| citrus.test.name = HttpRESTStubTests.getUserStubParametrizedTest
22:20:41,787 DEBUG trus.DefaultTestCase| project.name = Citrus Integration Tests
22:20:41,787 DEBUG trus.DefaultTestCase| userId = 35
22:20:41,787 DEBUG trus.DefaultTestCase| citrus_message_replyTo_citrus_message_correlator_httpRESTClient = http://localhost:8080/user/get/1
22:20:41,787 DEBUG trus.DefaultTestCase| url = http://localhost:8080/user
22:20:41,787 DEBUG trus.DefaultTestCase| default.test.package = citrus
22:20:41,787 DEBUG  context.TestContext| Setting variable: citrus.test.name with value: 'HttpRESTStubTests.getUserStubParametrizedTest'
22:20:41,787 DEBUG  context.TestContext| Setting variable: citrus.test.package with value: 'citrus'
22:20:41,787 DEBUG trus.DefaultTestCase| Test variables:
22:20:41,787 DEBUG trus.DefaultTestCase| citrus_message_correlator_httpRESTClient = citrus_message_id = '5f85f4f0-adea-4103-a49f-506c67e98f54'
22:20:41,787 DEBUG trus.DefaultTestCase| default.test.author = Unknown
22:20:41,787 DEBUG trus.DefaultTestCase| citrus.test.package = citrus
22:20:41,787 DEBUG trus.DefaultTestCase| citrus.test.name = HttpRESTStubTests.getUserStubParametrizedTest
22:20:41,787 DEBUG trus.DefaultTestCase| project.name = Citrus Integration Tests
22:20:41,787 DEBUG trus.DefaultTestCase| userId = 35
22:20:41,787 DEBUG trus.DefaultTestCase| citrus_message_replyTo_citrus_message_correlator_httpRESTClient = http://localhost:8080/user/get/1
22:20:41,787 DEBUG trus.DefaultTestCase| url = http://localhost:8080/user
22:20:41,787 DEBUG trus.DefaultTestCase| default.test.package = citrus
22:20:41,788 INFO  port.LoggingReporter| 
22:20:41,788 DEBUG port.LoggingReporter| TEST STEP 3: send
22:20:41,788 DEBUG ltCorrelationManager| Saving correlation key for 'citrus_message_correlator_httpRESTClient'
22:20:41,788 DEBUG  context.TestContext| Setting variable: citrus_message_correlator_httpRESTClient with value: 'citrus_message_id = 'cc8241c1-7f0b-4021-af7a-96291592b881''
22:20:41,789 DEBUG  context.TestContext| Setting variable: citrus_message_replyTo_citrus_message_correlator_httpRESTClient with value: 'http://localhost:8080/user/get/2'
22:20:41,789 INFO     client.HttpClient| Sending HTTP message to: 'http://localhost:8080/user/get/2'
22:20:41,789 DEBUG    client.HttpClient| Message to send:

22:20:41,789 DEBUG aultHttpHeaderMapper| outboundHeaderNames=[Accept, Accept-Charset, Accept-Encoding, Accept-Language, Accept-Ranges, Authorization, Cache-Control, Connection, Content-Length, Content-Type, Cookie, Date, Expect, From, Host, If-Match, If-Modified-Since, If-None-Match, If-Range, If-Unmodified-Since, Max-Forwards, Pragma, Proxy-Authorization, Range, Referer, TE, Upgrade, User-Agent, Via, Warning]
22:20:41,789 DEBUG aultHttpHeaderMapper| headerName=[citrus_message_timestamp] WILL NOT be mapped
22:20:41,789 DEBUG aultHttpHeaderMapper| headerName=[citrus_message_type] WILL NOT be mapped
22:20:41,789 DEBUG aultHttpHeaderMapper| headerName=[citrus_request_path] WILL NOT be mapped
22:20:41,789 DEBUG aultHttpHeaderMapper| headerName=[citrus_http_request_uri] WILL NOT be mapped
22:20:41,789 DEBUG aultHttpHeaderMapper| headerName=[id] WILL NOT be mapped
22:20:41,789 DEBUG aultHttpHeaderMapper| headerName=[citrus_message_id] WILL NOT be mapped
22:20:41,789 DEBUG aultHttpHeaderMapper| headerName=[citrus_http_method] WILL NOT be mapped
22:20:41,789 DEBUG aultHttpHeaderMapper| headerName=[timestamp] WILL NOT be mapped
22:20:41,789 DEBUG  client.RestTemplate| HTTP GET http://localhost:8080/user/get/2
22:20:41,789 DEBUG  client.RestTemplate| Accept=[text/plain, application/json, application/*+json, */*]
22:20:41,790 DEBUG ingClientInterceptor| Sending Http request message
22:20:41,791 DEBUG   Logger.Message_OUT| RAWMESSAGE [id: 45baa0fd-e6ac-451c-8619-d08241697c6e, payload: GET http://localhost:8080/user/get/2
Accept:text/plain, application/json, application/*+json, */*
Content-Type:application/json;charset=UTF-8
Content-Length:0][headers: {citrus_message_id=45baa0fd-e6ac-451c-8619-d08241697c6e, citrus_message_timestamp=1689189641790}]
22:20:41,791 DEBUG ol.RequestAddCookies| CookieSpec selected: default
22:20:41,791 DEBUG col.RequestAuthCache| Auth cache not set in the context
22:20:41,791 DEBUG entConnectionManager| Connection request: [route: {}->http://localhost:8080][total available: 1; route allocated: 1 of 5; total allocated: 1 of 10]
22:20:41,792 DEBUG entConnectionManager| Connection leased: [id: 0][route: {}->http://localhost:8080][total available: 0; route allocated: 1 of 5; total allocated: 1 of 10]
22:20:41,792 DEBUG HttpClientConnection| http-outgoing-0: set socket timeout to 0
22:20:41,792 DEBUG chain.MainClientExec| Executing request GET /user/get/2 HTTP/1.1
22:20:41,792 DEBUG chain.MainClientExec| Target auth state: UNCHALLENGED
22:20:41,792 DEBUG chain.MainClientExec| Proxy auth state: UNCHALLENGED
22:20:41,792 DEBUG         http.headers| http-outgoing-0 >> GET /user/get/2 HTTP/1.1
22:20:41,792 DEBUG         http.headers| http-outgoing-0 >> Accept: text/plain, application/json, application/*+json, */*
22:20:41,792 DEBUG         http.headers| http-outgoing-0 >> Content-Type: application/json;charset=UTF-8
22:20:41,792 DEBUG         http.headers| http-outgoing-0 >> Host: localhost:8080
22:20:41,792 DEBUG         http.headers| http-outgoing-0 >> Connection: Keep-Alive
22:20:41,792 DEBUG         http.headers| http-outgoing-0 >> User-Agent: Apache-HttpClient/4.5.13 (Java/11.0.16)
22:20:41,792 DEBUG         http.headers| http-outgoing-0 >> Accept-Encoding: gzip,deflate
22:20:41,792 DEBUG            http.wire| http-outgoing-0 >> "GET /user/get/2 HTTP/1.1[\r][\n]"
22:20:41,792 DEBUG            http.wire| http-outgoing-0 >> "Accept: text/plain, application/json, application/*+json, */*[\r][\n]"
22:20:41,792 DEBUG            http.wire| http-outgoing-0 >> "Content-Type: application/json;charset=UTF-8[\r][\n]"
22:20:41,793 DEBUG            http.wire| http-outgoing-0 >> "Host: localhost:8080[\r][\n]"
22:20:41,793 DEBUG            http.wire| http-outgoing-0 >> "Connection: Keep-Alive[\r][\n]"
22:20:41,793 DEBUG            http.wire| http-outgoing-0 >> "User-Agent: Apache-HttpClient/4.5.13 (Java/11.0.16)[\r][\n]"
22:20:41,793 DEBUG            http.wire| http-outgoing-0 >> "Accept-Encoding: gzip,deflate[\r][\n]"
22:20:41,793 DEBUG            http.wire| http-outgoing-0 >> "[\r][\n]"
22:20:41,794 DEBUG            http.wire| http-outgoing-0 << "HTTP/1.1 200 [\r][\n]"
22:20:41,794 DEBUG            http.wire| http-outgoing-0 << "Content-Type: application/json[\r][\n]"
22:20:41,794 DEBUG            http.wire| http-outgoing-0 << "Transfer-Encoding: chunked[\r][\n]"
22:20:41,794 DEBUG            http.wire| http-outgoing-0 << "Date: Wed, 12 Jul 2023 19:20:41 GMT[\r][\n]"
22:20:41,794 DEBUG            http.wire| http-outgoing-0 << "Keep-Alive: timeout=60[\r][\n]"
22:20:41,794 DEBUG            http.wire| http-outgoing-0 << "Connection: keep-alive[\r][\n]"
22:20:41,794 DEBUG            http.wire| http-outgoing-0 << "[\r][\n]"
22:20:41,794 DEBUG            http.wire| http-outgoing-0 << "89[\r][\n]"
22:20:41,794 DEBUG            http.wire| http-outgoing-0 << "{"userId":2,"name":"Shelton Littel","course":"Central Research Agent","email":"2@qa.ru","age":10,"mark":{"name":"Course mark","score":2}}[\r][\n]"
22:20:41,794 DEBUG         http.headers| http-outgoing-0 << HTTP/1.1 200 
22:20:41,794 DEBUG         http.headers| http-outgoing-0 << Content-Type: application/json
22:20:41,794 DEBUG         http.headers| http-outgoing-0 << Transfer-Encoding: chunked
22:20:41,794 DEBUG         http.headers| http-outgoing-0 << Date: Wed, 12 Jul 2023 19:20:41 GMT
22:20:41,794 DEBUG         http.headers| http-outgoing-0 << Keep-Alive: timeout=60
22:20:41,794 DEBUG         http.headers| http-outgoing-0 << Connection: keep-alive
22:20:41,795 DEBUG chain.MainClientExec| Connection can be kept alive for 60000 MILLISECONDS
22:20:41,795 DEBUG            http.wire| http-outgoing-0 << "0[\r][\n]"
22:20:41,795 DEBUG            http.wire| http-outgoing-0 << "[\r][\n]"
22:20:41,795 DEBUG entConnectionManager| Connection [id: 0][route: {}->http://localhost:8080] can be kept alive for 60.0 seconds
22:20:41,795 DEBUG HttpClientConnection| http-outgoing-0: set socket timeout to 0
22:20:41,795 DEBUG entConnectionManager| Connection released: [id: 0][route: {}->http://localhost:8080][total available: 1; route allocated: 1 of 5; total allocated: 1 of 10]
22:20:41,795 DEBUG ingClientInterceptor| Received Http response message
22:20:41,797 DEBUG    Logger.Message_IN| RAWMESSAGE [id: fd2eeab4-733b-4710-b8a7-43b40cf43251, payload: HTTP/1.1 200 OK 
Content-Type:application/json
Transfer-Encoding:chunked
Date:Wed, 12 Jul 2023 19:20:41 GMT
Keep-Alive:timeout=60
Connection:keep-alive

{"userId":2,"name":"Shelton Littel","course":"Central Research Agent","email":"2@qa.ru","age":10,"mark":{"name":"Course mark","score":2}}][headers: {citrus_message_id=fd2eeab4-733b-4710-b8a7-43b40cf43251, citrus_message_timestamp=1689189641795}]
22:20:41,797 DEBUG  client.RestTemplate| Response 200 OK
22:20:41,797 DEBUG  client.RestTemplate| Reading to [java.lang.String] as "application/json"
22:20:41,797 INFO     client.HttpClient| HTTP message was sent to endpoint: 'http://localhost:8080/user/get/2'
22:20:41,797 DEBUG aultHttpHeaderMapper| inboundHeaderNames=[Accept-Ranges, Age, Allow, Cache-Control, Connection, Content-Encoding, Content-Language, Content-Length, Content-Location, Content-MD5, Content-Range, Content-Type, Content-Disposition, Transfer-Encoding, Date, ETag, Expires, Last-Modified, Location, Pragma, Proxy-Authenticate, Refresh, Retry-After, Server, Set-Cookie, Trailer, Vary, Via, Warning, WWW-Authenticate]
22:20:41,798 DEBUG aultHttpHeaderMapper| headerName=[content-type] WILL be mapped, matched pattern=content-type
22:20:41,798 DEBUG aultHttpHeaderMapper| setting headerName=[contentType], value=application/json
22:20:41,798 DEBUG aultHttpHeaderMapper| headerName=[transfer-encoding] WILL be mapped, matched pattern=transfer-encoding
22:20:41,798 DEBUG aultHttpHeaderMapper| setting headerName=[Transfer-Encoding], value=[chunked]
22:20:41,798 DEBUG aultHttpHeaderMapper| headerName=[date] WILL be mapped, matched pattern=date
22:20:41,798 DEBUG aultHttpHeaderMapper| setting headerName=[Date], value=1 689 189 641 000
22:20:41,798 DEBUG aultHttpHeaderMapper| headerName=[keep-alive] WILL NOT be mapped
22:20:41,798 DEBUG aultHttpHeaderMapper| headerName=[connection] WILL be mapped, matched pattern=connection
22:20:41,798 DEBUG aultHttpHeaderMapper| setting headerName=[Connection], value=[keep-alive]
22:20:41,798 DEBUG ltCorrelationManager| Saving correlated object for 'citrus_message_id = 'cc8241c1-7f0b-4021-af7a-96291592b881''
22:20:41,798 INFO  port.LoggingReporter| 
22:20:41,798 DEBUG port.LoggingReporter| TEST STEP 3 SUCCESS
22:20:41,798 INFO  port.LoggingReporter| 
22:20:41,798 DEBUG port.LoggingReporter| TEST STEP 4: receive
22:20:41,798 DEBUG ngCorrelationManager| Get correlation key for 'citrus_message_correlator_httpRESTClient'
22:20:41,798 DEBUG ltCorrelationManager| Finding correlated object for 'citrus_message_id = 'cc8241c1-7f0b-4021-af7a-96291592b881''
22:20:41,800 DEBUG ageValidatorRegistry| Found 4 message validators for message
22:20:41,800 DEBUG ssageHeaderValidator| Start message header validation ...
22:20:41,800 DEBUG faultHeaderValidator| Validating header element: citrus_http_reason_phrase='OK': OK.
22:20:41,800 DEBUG faultHeaderValidator| Validating header element: citrus_http_status_code='200': OK.
22:20:41,800 INFO  ssageHeaderValidator| Message header validation successful: All values OK
22:20:41,800 DEBUG TextMessageValidator| Start JSON message validation ...
22:20:41,800 DEBUG JsonSchemaValidation| Starting Json schema validation ...
22:20:41,800 INFO  JsonSchemaValidation| Json schema validation successful: All values OK
22:20:41,800 DEBUG TextMessageValidator| Received message:
HTTPMESSAGE [id: b184d83e-757e-4486-81df-cace474c8013, payload: {"userId":2,"name":"Shelton Littel","course":"Central Research Agent","email":"2@qa.ru","age":10,"mark":{"name":"Course mark","score":2}}][headers: {Transfer-Encoding=chunked, Connection=keep-alive, contentType=application/json, Date=1689189641000, citrus_message_id=b184d83e-757e-4486-81df-cace474c8013, citrus_message_timestamp=1689189641798, Keep-Alive=timeout=60, Content-Type=application/json, citrus_http_status_code=200, citrus_http_reason_phrase=OK, citrus_http_version=HTTP/1.1}]
22:20:41,800 DEBUG TextMessageValidator| Control message:
HTTPMESSAGE [id: e7972c09-e8f7-43e9-b85f-7df26e301e21, payload: {"userId":2,"email":"@contains('@qa.ru')@","name":"@matches('^[a-zA-Z\\s\\.]*$')@","course":"@matches('^[a-zA-Z\\s]*$')@","age":"@isNumber()@","mark":{"name":"@contains('Course mark')@","score":"@isNumber()@"}}][headers: {citrus_message_id=e7972c09-e8f7-43e9-b85f-7df26e301e21, citrus_message_timestamp=1689189641798, citrus_http_reason_phrase=OK, citrus_http_status_code=200, citrus_message_type=JSON}]
22:20:41,801 DEBUG TextMessageValidator| Validation successful for JSON entry 'name' (@matches('^[a-zA-Z\s\.]*$')@)
22:20:41,801 DEBUG TextMessageValidator| Validation successful for JSON entry 'course' (@matches('^[a-zA-Z\s]*$')@)
22:20:41,801 DEBUG TextMessageValidator| Validation successful for JSON entry 'userId' (2)
22:20:41,801 DEBUG TextMessageValidator| Validation successful for JSON entry 'email' (@contains('@qa.ru')@)
22:20:41,801 DEBUG TextMessageValidator| Validation successful for JSON entry 'age' (@isNumber()@)
22:20:41,801 DEBUG TextMessageValidator| Validation successful for JSON entry 'score' (@isNumber()@)
22:20:41,801 DEBUG TextMessageValidator| Validation successful for JSON entry 'name' (@contains('Course mark')@)
22:20:41,801 DEBUG TextMessageValidator| Validation successful for JSON entry 'mark' ({"score":"@isNumber()@","name":"@contains('Course mark')@"})
22:20:41,801 INFO  TextMessageValidator| JSON message validation successful: All values OK
22:20:41,801 INFO  port.LoggingReporter| 
22:20:41,801 DEBUG port.LoggingReporter| TEST STEP 4 SUCCESS
]]></system-out>
  </testcase>
  <testcase name="getUserStubParametrizedTest(int)[3]" classname="citrus.HttpRESTStubTests" time="0.014">
    <system-out><![CDATA[22:20:41,804 INFO  port.LoggingReporter| 
22:20:41,804 INFO  port.LoggingReporter| ------------------------------------------------------------------------
22:20:41,804 DEBUG port.LoggingReporter| STARTING TEST HttpRESTStubTests.getUserStubParametrizedTest <citrus>
22:20:41,804 INFO  port.LoggingReporter| 
22:20:41,804 DEBUG trus.DefaultTestCase| Initializing test case
22:20:41,804 DEBUG trus.DefaultTestCase| Global variables:
22:20:41,804 DEBUG trus.DefaultTestCase| citrus_message_correlator_httpRESTClient = citrus_message_id = 'cc8241c1-7f0b-4021-af7a-96291592b881'
22:20:41,804 DEBUG trus.DefaultTestCase| default.test.author = Unknown
22:20:41,804 DEBUG trus.DefaultTestCase| citrus.test.package = citrus
22:20:41,804 DEBUG trus.DefaultTestCase| citrus.test.name = HttpRESTStubTests.getUserStubParametrizedTest
22:20:41,804 DEBUG trus.DefaultTestCase| project.name = Citrus Integration Tests
22:20:41,804 DEBUG trus.DefaultTestCase| userId = 35
22:20:41,804 DEBUG trus.DefaultTestCase| citrus_message_replyTo_citrus_message_correlator_httpRESTClient = http://localhost:8080/user/get/2
22:20:41,804 DEBUG trus.DefaultTestCase| url = http://localhost:8080/user
22:20:41,804 DEBUG trus.DefaultTestCase| default.test.package = citrus
22:20:41,805 DEBUG  context.TestContext| Setting variable: citrus.test.name with value: 'HttpRESTStubTests.getUserStubParametrizedTest'
22:20:41,805 DEBUG  context.TestContext| Setting variable: citrus.test.package with value: 'citrus'
22:20:41,805 DEBUG trus.DefaultTestCase| Test variables:
22:20:41,805 DEBUG trus.DefaultTestCase| citrus_message_correlator_httpRESTClient = citrus_message_id = 'cc8241c1-7f0b-4021-af7a-96291592b881'
22:20:41,805 DEBUG trus.DefaultTestCase| default.test.author = Unknown
22:20:41,805 DEBUG trus.DefaultTestCase| citrus.test.package = citrus
22:20:41,805 DEBUG trus.DefaultTestCase| citrus.test.name = HttpRESTStubTests.getUserStubParametrizedTest
22:20:41,805 DEBUG trus.DefaultTestCase| project.name = Citrus Integration Tests
22:20:41,805 DEBUG trus.DefaultTestCase| userId = 35
22:20:41,805 DEBUG trus.DefaultTestCase| citrus_message_replyTo_citrus_message_correlator_httpRESTClient = http://localhost:8080/user/get/2
22:20:41,805 DEBUG trus.DefaultTestCase| url = http://localhost:8080/user
22:20:41,805 DEBUG trus.DefaultTestCase| default.test.package = citrus
22:20:41,805 INFO  port.LoggingReporter| 
22:20:41,805 DEBUG port.LoggingReporter| TEST STEP 5: send
22:20:41,805 DEBUG ltCorrelationManager| Saving correlation key for 'citrus_message_correlator_httpRESTClient'
22:20:41,806 DEBUG  context.TestContext| Setting variable: citrus_message_correlator_httpRESTClient with value: 'citrus_message_id = 'a891e969-45fd-4c3e-a267-02ef3e402997''
22:20:41,806 DEBUG  context.TestContext| Setting variable: citrus_message_replyTo_citrus_message_correlator_httpRESTClient with value: 'http://localhost:8080/user/get/3'
22:20:41,806 INFO     client.HttpClient| Sending HTTP message to: 'http://localhost:8080/user/get/3'
22:20:41,806 DEBUG    client.HttpClient| Message to send:

22:20:41,806 DEBUG aultHttpHeaderMapper| outboundHeaderNames=[Accept, Accept-Charset, Accept-Encoding, Accept-Language, Accept-Ranges, Authorization, Cache-Control, Connection, Content-Length, Content-Type, Cookie, Date, Expect, From, Host, If-Match, If-Modified-Since, If-None-Match, If-Range, If-Unmodified-Since, Max-Forwards, Pragma, Proxy-Authorization, Range, Referer, TE, Upgrade, User-Agent, Via, Warning]
22:20:41,806 DEBUG aultHttpHeaderMapper| headerName=[citrus_message_timestamp] WILL NOT be mapped
22:20:41,806 DEBUG aultHttpHeaderMapper| headerName=[citrus_message_type] WILL NOT be mapped
22:20:41,806 DEBUG aultHttpHeaderMapper| headerName=[citrus_request_path] WILL NOT be mapped
22:20:41,806 DEBUG aultHttpHeaderMapper| headerName=[citrus_http_request_uri] WILL NOT be mapped
22:20:41,806 DEBUG aultHttpHeaderMapper| headerName=[id] WILL NOT be mapped
22:20:41,806 DEBUG aultHttpHeaderMapper| headerName=[citrus_message_id] WILL NOT be mapped
22:20:41,806 DEBUG aultHttpHeaderMapper| headerName=[citrus_http_method] WILL NOT be mapped
22:20:41,806 DEBUG aultHttpHeaderMapper| headerName=[timestamp] WILL NOT be mapped
22:20:41,806 DEBUG  client.RestTemplate| HTTP GET http://localhost:8080/user/get/3
22:20:41,806 DEBUG  client.RestTemplate| Accept=[text/plain, application/json, application/*+json, */*]
22:20:41,806 DEBUG ingClientInterceptor| Sending Http request message
22:20:41,808 DEBUG   Logger.Message_OUT| RAWMESSAGE [id: 7eef2469-37f9-4014-badf-94116dd1f832, payload: GET http://localhost:8080/user/get/3
Accept:text/plain, application/json, application/*+json, */*
Content-Type:application/json;charset=UTF-8
Content-Length:0][headers: {citrus_message_id=7eef2469-37f9-4014-badf-94116dd1f832, citrus_message_timestamp=1689189641806}]
22:20:41,808 DEBUG ol.RequestAddCookies| CookieSpec selected: default
22:20:41,808 DEBUG col.RequestAuthCache| Auth cache not set in the context
22:20:41,808 DEBUG entConnectionManager| Connection request: [route: {}->http://localhost:8080][total available: 1; route allocated: 1 of 5; total allocated: 1 of 10]
22:20:41,808 DEBUG entConnectionManager| Connection leased: [id: 0][route: {}->http://localhost:8080][total available: 0; route allocated: 1 of 5; total allocated: 1 of 10]
22:20:41,808 DEBUG HttpClientConnection| http-outgoing-0: set socket timeout to 0
22:20:41,808 DEBUG chain.MainClientExec| Executing request GET /user/get/3 HTTP/1.1
22:20:41,808 DEBUG chain.MainClientExec| Target auth state: UNCHALLENGED
22:20:41,808 DEBUG chain.MainClientExec| Proxy auth state: UNCHALLENGED
22:20:41,808 DEBUG         http.headers| http-outgoing-0 >> GET /user/get/3 HTTP/1.1
22:20:41,808 DEBUG         http.headers| http-outgoing-0 >> Accept: text/plain, application/json, application/*+json, */*
22:20:41,808 DEBUG         http.headers| http-outgoing-0 >> Content-Type: application/json;charset=UTF-8
22:20:41,809 DEBUG         http.headers| http-outgoing-0 >> Host: localhost:8080
22:20:41,809 DEBUG         http.headers| http-outgoing-0 >> Connection: Keep-Alive
22:20:41,809 DEBUG         http.headers| http-outgoing-0 >> User-Agent: Apache-HttpClient/4.5.13 (Java/11.0.16)
22:20:41,809 DEBUG         http.headers| http-outgoing-0 >> Accept-Encoding: gzip,deflate
22:20:41,809 DEBUG            http.wire| http-outgoing-0 >> "GET /user/get/3 HTTP/1.1[\r][\n]"
22:20:41,809 DEBUG            http.wire| http-outgoing-0 >> "Accept: text/plain, application/json, application/*+json, */*[\r][\n]"
22:20:41,809 DEBUG            http.wire| http-outgoing-0 >> "Content-Type: application/json;charset=UTF-8[\r][\n]"
22:20:41,809 DEBUG            http.wire| http-outgoing-0 >> "Host: localhost:8080[\r][\n]"
22:20:41,809 DEBUG            http.wire| http-outgoing-0 >> "Connection: Keep-Alive[\r][\n]"
22:20:41,809 DEBUG            http.wire| http-outgoing-0 >> "User-Agent: Apache-HttpClient/4.5.13 (Java/11.0.16)[\r][\n]"
22:20:41,809 DEBUG            http.wire| http-outgoing-0 >> "Accept-Encoding: gzip,deflate[\r][\n]"
22:20:41,809 DEBUG            http.wire| http-outgoing-0 >> "[\r][\n]"
22:20:41,810 DEBUG            http.wire| http-outgoing-0 << "HTTP/1.1 200 [\r][\n]"
22:20:41,810 DEBUG            http.wire| http-outgoing-0 << "Content-Type: application/json[\r][\n]"
22:20:41,810 DEBUG            http.wire| http-outgoing-0 << "Transfer-Encoding: chunked[\r][\n]"
22:20:41,810 DEBUG            http.wire| http-outgoing-0 << "Date: Wed, 12 Jul 2023 19:20:41 GMT[\r][\n]"
22:20:41,810 DEBUG            http.wire| http-outgoing-0 << "Keep-Alive: timeout=60[\r][\n]"
22:20:41,810 DEBUG            http.wire| http-outgoing-0 << "Connection: keep-alive[\r][\n]"
22:20:41,810 DEBUG            http.wire| http-outgoing-0 << "[\r][\n]"
22:20:41,810 DEBUG            http.wire| http-outgoing-0 << "89[\r][\n]"
22:20:41,810 DEBUG            http.wire| http-outgoing-0 << "{"userId":3,"name":"Kathrin Hintz","course":"Senior Operations Agent","email":"3@qa.ru","age":47,"mark":{"name":"Course mark","score":4}}[\r][\n]"
22:20:41,810 DEBUG         http.headers| http-outgoing-0 << HTTP/1.1 200 
22:20:41,810 DEBUG         http.headers| http-outgoing-0 << Content-Type: application/json
22:20:41,811 DEBUG         http.headers| http-outgoing-0 << Transfer-Encoding: chunked
22:20:41,811 DEBUG         http.headers| http-outgoing-0 << Date: Wed, 12 Jul 2023 19:20:41 GMT
22:20:41,811 DEBUG         http.headers| http-outgoing-0 << Keep-Alive: timeout=60
22:20:41,811 DEBUG         http.headers| http-outgoing-0 << Connection: keep-alive
22:20:41,811 DEBUG chain.MainClientExec| Connection can be kept alive for 60000 MILLISECONDS
22:20:41,811 DEBUG            http.wire| http-outgoing-0 << "0[\r][\n]"
22:20:41,811 DEBUG            http.wire| http-outgoing-0 << "[\r][\n]"
22:20:41,811 DEBUG entConnectionManager| Connection [id: 0][route: {}->http://localhost:8080] can be kept alive for 60.0 seconds
22:20:41,811 DEBUG HttpClientConnection| http-outgoing-0: set socket timeout to 0
22:20:41,811 DEBUG entConnectionManager| Connection released: [id: 0][route: {}->http://localhost:8080][total available: 1; route allocated: 1 of 5; total allocated: 1 of 10]
22:20:41,811 DEBUG ingClientInterceptor| Received Http response message
22:20:41,812 DEBUG    Logger.Message_IN| RAWMESSAGE [id: 47c2eb02-b129-417e-840c-76b9231f8e60, payload: HTTP/1.1 200 OK 
Content-Type:application/json
Transfer-Encoding:chunked
Date:Wed, 12 Jul 2023 19:20:41 GMT
Keep-Alive:timeout=60
Connection:keep-alive

{"userId":3,"name":"Kathrin Hintz","course":"Senior Operations Agent","email":"3@qa.ru","age":47,"mark":{"name":"Course mark","score":4}}][headers: {citrus_message_id=47c2eb02-b129-417e-840c-76b9231f8e60, citrus_message_timestamp=1689189641811}]
22:20:41,812 DEBUG  client.RestTemplate| Response 200 OK
22:20:41,813 DEBUG  client.RestTemplate| Reading to [java.lang.String] as "application/json"
22:20:41,813 INFO     client.HttpClient| HTTP message was sent to endpoint: 'http://localhost:8080/user/get/3'
22:20:41,813 DEBUG aultHttpHeaderMapper| inboundHeaderNames=[Accept-Ranges, Age, Allow, Cache-Control, Connection, Content-Encoding, Content-Language, Content-Length, Content-Location, Content-MD5, Content-Range, Content-Type, Content-Disposition, Transfer-Encoding, Date, ETag, Expires, Last-Modified, Location, Pragma, Proxy-Authenticate, Refresh, Retry-After, Server, Set-Cookie, Trailer, Vary, Via, Warning, WWW-Authenticate]
22:20:41,813 DEBUG aultHttpHeaderMapper| headerName=[content-type] WILL be mapped, matched pattern=content-type
22:20:41,813 DEBUG aultHttpHeaderMapper| setting headerName=[contentType], value=application/json
22:20:41,813 DEBUG aultHttpHeaderMapper| headerName=[transfer-encoding] WILL be mapped, matched pattern=transfer-encoding
22:20:41,813 DEBUG aultHttpHeaderMapper| setting headerName=[Transfer-Encoding], value=[chunked]
22:20:41,813 DEBUG aultHttpHeaderMapper| headerName=[date] WILL be mapped, matched pattern=date
22:20:41,813 DEBUG aultHttpHeaderMapper| setting headerName=[Date], value=1 689 189 641 000
22:20:41,813 DEBUG aultHttpHeaderMapper| headerName=[keep-alive] WILL NOT be mapped
22:20:41,813 DEBUG aultHttpHeaderMapper| headerName=[connection] WILL be mapped, matched pattern=connection
22:20:41,813 DEBUG aultHttpHeaderMapper| setting headerName=[Connection], value=[keep-alive]
22:20:41,813 DEBUG ltCorrelationManager| Saving correlated object for 'citrus_message_id = 'a891e969-45fd-4c3e-a267-02ef3e402997''
22:20:41,813 INFO  port.LoggingReporter| 
22:20:41,813 DEBUG port.LoggingReporter| TEST STEP 5 SUCCESS
22:20:41,814 INFO  port.LoggingReporter| 
22:20:41,814 DEBUG port.LoggingReporter| TEST STEP 6: receive
22:20:41,814 DEBUG ngCorrelationManager| Get correlation key for 'citrus_message_correlator_httpRESTClient'
22:20:41,814 DEBUG ltCorrelationManager| Finding correlated object for 'citrus_message_id = 'a891e969-45fd-4c3e-a267-02ef3e402997''
22:20:41,815 DEBUG ageValidatorRegistry| Found 4 message validators for message
22:20:41,815 DEBUG ssageHeaderValidator| Start message header validation ...
22:20:41,815 DEBUG faultHeaderValidator| Validating header element: citrus_http_reason_phrase='OK': OK.
22:20:41,815 DEBUG faultHeaderValidator| Validating header element: citrus_http_status_code='200': OK.
22:20:41,815 INFO  ssageHeaderValidator| Message header validation successful: All values OK
22:20:41,815 DEBUG TextMessageValidator| Start JSON message validation ...
22:20:41,815 DEBUG JsonSchemaValidation| Starting Json schema validation ...
22:20:41,815 INFO  JsonSchemaValidation| Json schema validation successful: All values OK
22:20:41,815 DEBUG TextMessageValidator| Received message:
HTTPMESSAGE [id: dd9ae57c-405e-44cd-9344-1257741fc56f, payload: {"userId":3,"name":"Kathrin Hintz","course":"Senior Operations Agent","email":"3@qa.ru","age":47,"mark":{"name":"Course mark","score":4}}][headers: {Transfer-Encoding=chunked, Connection=keep-alive, contentType=application/json, Date=1689189641000, citrus_message_id=dd9ae57c-405e-44cd-9344-1257741fc56f, citrus_message_timestamp=1689189641813, Keep-Alive=timeout=60, Content-Type=application/json, citrus_http_status_code=200, citrus_http_reason_phrase=OK, citrus_http_version=HTTP/1.1}]
22:20:41,815 DEBUG TextMessageValidator| Control message:
HTTPMESSAGE [id: 1783bd12-69bc-4f03-ac58-2e8562c52119, payload: {"userId":3,"email":"@contains('@qa.ru')@","name":"@matches('^[a-zA-Z\\s\\.]*$')@","course":"@matches('^[a-zA-Z\\s]*$')@","age":"@isNumber()@","mark":{"name":"@contains('Course mark')@","score":"@isNumber()@"}}][headers: {citrus_message_id=1783bd12-69bc-4f03-ac58-2e8562c52119, citrus_message_timestamp=1689189641813, citrus_http_reason_phrase=OK, citrus_http_status_code=200, citrus_message_type=JSON}]
22:20:41,815 DEBUG TextMessageValidator| Validation successful for JSON entry 'name' (@matches('^[a-zA-Z\s\.]*$')@)
22:20:41,816 DEBUG TextMessageValidator| Validation successful for JSON entry 'course' (@matches('^[a-zA-Z\s]*$')@)
22:20:41,816 DEBUG TextMessageValidator| Validation successful for JSON entry 'userId' (3)
22:20:41,816 DEBUG TextMessageValidator| Validation successful for JSON entry 'email' (@contains('@qa.ru')@)
22:20:41,816 DEBUG TextMessageValidator| Validation successful for JSON entry 'age' (@isNumber()@)
22:20:41,816 DEBUG TextMessageValidator| Validation successful for JSON entry 'score' (@isNumber()@)
22:20:41,816 DEBUG TextMessageValidator| Validation successful for JSON entry 'name' (@contains('Course mark')@)
22:20:41,816 DEBUG TextMessageValidator| Validation successful for JSON entry 'mark' ({"score":"@isNumber()@","name":"@contains('Course mark')@"})
22:20:41,816 INFO  TextMessageValidator| JSON message validation successful: All values OK
22:20:41,816 INFO  port.LoggingReporter| 
22:20:41,816 DEBUG port.LoggingReporter| TEST STEP 6 SUCCESS
]]></system-out>
  </testcase>
  <testcase name="getUserStubParametrizedTest(int)[4]" classname="citrus.HttpRESTStubTests" time="0.012">
    <system-out><![CDATA[22:20:41,818 INFO  port.LoggingReporter| 
22:20:41,818 INFO  port.LoggingReporter| ------------------------------------------------------------------------
22:20:41,818 DEBUG port.LoggingReporter| STARTING TEST HttpRESTStubTests.getUserStubParametrizedTest <citrus>
22:20:41,818 INFO  port.LoggingReporter| 
22:20:41,818 DEBUG trus.DefaultTestCase| Initializing test case
22:20:41,818 DEBUG trus.DefaultTestCase| Global variables:
22:20:41,818 DEBUG trus.DefaultTestCase| citrus_message_correlator_httpRESTClient = citrus_message_id = 'a891e969-45fd-4c3e-a267-02ef3e402997'
22:20:41,818 DEBUG trus.DefaultTestCase| default.test.author = Unknown
22:20:41,818 DEBUG trus.DefaultTestCase| citrus.test.package = citrus
22:20:41,818 DEBUG trus.DefaultTestCase| citrus.test.name = HttpRESTStubTests.getUserStubParametrizedTest
22:20:41,818 DEBUG trus.DefaultTestCase| project.name = Citrus Integration Tests
22:20:41,818 DEBUG trus.DefaultTestCase| userId = 35
22:20:41,818 DEBUG trus.DefaultTestCase| citrus_message_replyTo_citrus_message_correlator_httpRESTClient = http://localhost:8080/user/get/3
22:20:41,818 DEBUG trus.DefaultTestCase| url = http://localhost:8080/user
22:20:41,819 DEBUG trus.DefaultTestCase| default.test.package = citrus
22:20:41,819 DEBUG  context.TestContext| Setting variable: citrus.test.name with value: 'HttpRESTStubTests.getUserStubParametrizedTest'
22:20:41,819 DEBUG  context.TestContext| Setting variable: citrus.test.package with value: 'citrus'
22:20:41,819 DEBUG trus.DefaultTestCase| Test variables:
22:20:41,819 DEBUG trus.DefaultTestCase| citrus_message_correlator_httpRESTClient = citrus_message_id = 'a891e969-45fd-4c3e-a267-02ef3e402997'
22:20:41,819 DEBUG trus.DefaultTestCase| default.test.author = Unknown
22:20:41,819 DEBUG trus.DefaultTestCase| citrus.test.package = citrus
22:20:41,819 DEBUG trus.DefaultTestCase| citrus.test.name = HttpRESTStubTests.getUserStubParametrizedTest
22:20:41,819 DEBUG trus.DefaultTestCase| project.name = Citrus Integration Tests
22:20:41,819 DEBUG trus.DefaultTestCase| userId = 35
22:20:41,819 DEBUG trus.DefaultTestCase| citrus_message_replyTo_citrus_message_correlator_httpRESTClient = http://localhost:8080/user/get/3
22:20:41,819 DEBUG trus.DefaultTestCase| url = http://localhost:8080/user
22:20:41,819 DEBUG trus.DefaultTestCase| default.test.package = citrus
22:20:41,819 INFO  port.LoggingReporter| 
22:20:41,819 DEBUG port.LoggingReporter| TEST STEP 7: send
22:20:41,819 DEBUG ltCorrelationManager| Saving correlation key for 'citrus_message_correlator_httpRESTClient'
22:20:41,819 DEBUG  context.TestContext| Setting variable: citrus_message_correlator_httpRESTClient with value: 'citrus_message_id = '1ba5fde7-3d27-43f1-8e74-5178746919ec''
22:20:41,820 DEBUG  context.TestContext| Setting variable: citrus_message_replyTo_citrus_message_correlator_httpRESTClient with value: 'http://localhost:8080/user/get/4'
22:20:41,820 INFO     client.HttpClient| Sending HTTP message to: 'http://localhost:8080/user/get/4'
22:20:41,820 DEBUG    client.HttpClient| Message to send:

22:20:41,820 DEBUG aultHttpHeaderMapper| outboundHeaderNames=[Accept, Accept-Charset, Accept-Encoding, Accept-Language, Accept-Ranges, Authorization, Cache-Control, Connection, Content-Length, Content-Type, Cookie, Date, Expect, From, Host, If-Match, If-Modified-Since, If-None-Match, If-Range, If-Unmodified-Since, Max-Forwards, Pragma, Proxy-Authorization, Range, Referer, TE, Upgrade, User-Agent, Via, Warning]
22:20:41,820 DEBUG aultHttpHeaderMapper| headerName=[citrus_message_timestamp] WILL NOT be mapped
22:20:41,820 DEBUG aultHttpHeaderMapper| headerName=[citrus_message_type] WILL NOT be mapped
22:20:41,820 DEBUG aultHttpHeaderMapper| headerName=[citrus_request_path] WILL NOT be mapped
22:20:41,820 DEBUG aultHttpHeaderMapper| headerName=[citrus_http_request_uri] WILL NOT be mapped
22:20:41,820 DEBUG aultHttpHeaderMapper| headerName=[id] WILL NOT be mapped
22:20:41,820 DEBUG aultHttpHeaderMapper| headerName=[citrus_message_id] WILL NOT be mapped
22:20:41,820 DEBUG aultHttpHeaderMapper| headerName=[citrus_http_method] WILL NOT be mapped
22:20:41,820 DEBUG aultHttpHeaderMapper| headerName=[timestamp] WILL NOT be mapped
22:20:41,820 DEBUG  client.RestTemplate| HTTP GET http://localhost:8080/user/get/4
22:20:41,820 DEBUG  client.RestTemplate| Accept=[text/plain, application/json, application/*+json, */*]
22:20:41,820 DEBUG ingClientInterceptor| Sending Http request message
22:20:41,821 DEBUG   Logger.Message_OUT| RAWMESSAGE [id: 08b6f9c0-e87c-4ce2-b1a5-cc3742f8cc56, payload: GET http://localhost:8080/user/get/4
Accept:text/plain, application/json, application/*+json, */*
Content-Type:application/json;charset=UTF-8
Content-Length:0][headers: {citrus_message_id=08b6f9c0-e87c-4ce2-b1a5-cc3742f8cc56, citrus_message_timestamp=1689189641820}]
22:20:41,821 DEBUG ol.RequestAddCookies| CookieSpec selected: default
22:20:41,821 DEBUG col.RequestAuthCache| Auth cache not set in the context
22:20:41,822 DEBUG entConnectionManager| Connection request: [route: {}->http://localhost:8080][total available: 1; route allocated: 1 of 5; total allocated: 1 of 10]
22:20:41,822 DEBUG entConnectionManager| Connection leased: [id: 0][route: {}->http://localhost:8080][total available: 0; route allocated: 1 of 5; total allocated: 1 of 10]
22:20:41,822 DEBUG HttpClientConnection| http-outgoing-0: set socket timeout to 0
22:20:41,822 DEBUG chain.MainClientExec| Executing request GET /user/get/4 HTTP/1.1
22:20:41,822 DEBUG chain.MainClientExec| Target auth state: UNCHALLENGED
22:20:41,822 DEBUG chain.MainClientExec| Proxy auth state: UNCHALLENGED
22:20:41,822 DEBUG         http.headers| http-outgoing-0 >> GET /user/get/4 HTTP/1.1
22:20:41,822 DEBUG         http.headers| http-outgoing-0 >> Accept: text/plain, application/json, application/*+json, */*
22:20:41,822 DEBUG         http.headers| http-outgoing-0 >> Content-Type: application/json;charset=UTF-8
22:20:41,822 DEBUG         http.headers| http-outgoing-0 >> Host: localhost:8080
22:20:41,822 DEBUG         http.headers| http-outgoing-0 >> Connection: Keep-Alive
22:20:41,822 DEBUG         http.headers| http-outgoing-0 >> User-Agent: Apache-HttpClient/4.5.13 (Java/11.0.16)
22:20:41,822 DEBUG         http.headers| http-outgoing-0 >> Accept-Encoding: gzip,deflate
22:20:41,822 DEBUG            http.wire| http-outgoing-0 >> "GET /user/get/4 HTTP/1.1[\r][\n]"
22:20:41,822 DEBUG            http.wire| http-outgoing-0 >> "Accept: text/plain, application/json, application/*+json, */*[\r][\n]"
22:20:41,822 DEBUG            http.wire| http-outgoing-0 >> "Content-Type: application/json;charset=UTF-8[\r][\n]"
22:20:41,822 DEBUG            http.wire| http-outgoing-0 >> "Host: localhost:8080[\r][\n]"
22:20:41,822 DEBUG            http.wire| http-outgoing-0 >> "Connection: Keep-Alive[\r][\n]"
22:20:41,822 DEBUG            http.wire| http-outgoing-0 >> "User-Agent: Apache-HttpClient/4.5.13 (Java/11.0.16)[\r][\n]"
22:20:41,822 DEBUG            http.wire| http-outgoing-0 >> "Accept-Encoding: gzip,deflate[\r][\n]"
22:20:41,822 DEBUG            http.wire| http-outgoing-0 >> "[\r][\n]"
22:20:41,823 DEBUG            http.wire| http-outgoing-0 << "HTTP/1.1 200 [\r][\n]"
22:20:41,823 DEBUG            http.wire| http-outgoing-0 << "Content-Type: application/json[\r][\n]"
22:20:41,823 DEBUG            http.wire| http-outgoing-0 << "Transfer-Encoding: chunked[\r][\n]"
22:20:41,823 DEBUG            http.wire| http-outgoing-0 << "Date: Wed, 12 Jul 2023 19:20:41 GMT[\r][\n]"
22:20:41,823 DEBUG            http.wire| http-outgoing-0 << "Keep-Alive: timeout=60[\r][\n]"
22:20:41,823 DEBUG            http.wire| http-outgoing-0 << "Connection: keep-alive[\r][\n]"
22:20:41,823 DEBUG            http.wire| http-outgoing-0 << "[\r][\n]"
22:20:41,823 DEBUG            http.wire| http-outgoing-0 << "8e[\r][\n]"
22:20:41,823 DEBUG            http.wire| http-outgoing-0 << "{"userId":4,"name":"Elijah Huels","course":"Chief Infrastructure Director","email":"4@qa.ru","age":41,"mark":{"name":"Course mark","score":0}}[\r][\n]"
22:20:41,824 DEBUG         http.headers| http-outgoing-0 << HTTP/1.1 200 
22:20:41,824 DEBUG         http.headers| http-outgoing-0 << Content-Type: application/json
22:20:41,824 DEBUG         http.headers| http-outgoing-0 << Transfer-Encoding: chunked
22:20:41,824 DEBUG         http.headers| http-outgoing-0 << Date: Wed, 12 Jul 2023 19:20:41 GMT
22:20:41,824 DEBUG         http.headers| http-outgoing-0 << Keep-Alive: timeout=60
22:20:41,824 DEBUG         http.headers| http-outgoing-0 << Connection: keep-alive
22:20:41,824 DEBUG chain.MainClientExec| Connection can be kept alive for 60000 MILLISECONDS
22:20:41,824 DEBUG            http.wire| http-outgoing-0 << "0[\r][\n]"
22:20:41,824 DEBUG            http.wire| http-outgoing-0 << "[\r][\n]"
22:20:41,824 DEBUG entConnectionManager| Connection [id: 0][route: {}->http://localhost:8080] can be kept alive for 60.0 seconds
22:20:41,824 DEBUG HttpClientConnection| http-outgoing-0: set socket timeout to 0
22:20:41,824 DEBUG entConnectionManager| Connection released: [id: 0][route: {}->http://localhost:8080][total available: 1; route allocated: 1 of 5; total allocated: 1 of 10]
22:20:41,824 DEBUG ingClientInterceptor| Received Http response message
22:20:41,826 DEBUG    Logger.Message_IN| RAWMESSAGE [id: cc1c5b9f-34dc-4335-a381-1ded390f1d66, payload: HTTP/1.1 200 OK 
Content-Type:application/json
Transfer-Encoding:chunked
Date:Wed, 12 Jul 2023 19:20:41 GMT
Keep-Alive:timeout=60
Connection:keep-alive

{"userId":4,"name":"Elijah Huels","course":"Chief Infrastructure Director","email":"4@qa.ru","age":41,"mark":{"name":"Course mark","score":0}}][headers: {citrus_message_id=cc1c5b9f-34dc-4335-a381-1ded390f1d66, citrus_message_timestamp=1689189641824}]
22:20:41,826 DEBUG  client.RestTemplate| Response 200 OK
22:20:41,826 DEBUG  client.RestTemplate| Reading to [java.lang.String] as "application/json"
22:20:41,826 INFO     client.HttpClient| HTTP message was sent to endpoint: 'http://localhost:8080/user/get/4'
22:20:41,826 DEBUG aultHttpHeaderMapper| inboundHeaderNames=[Accept-Ranges, Age, Allow, Cache-Control, Connection, Content-Encoding, Content-Language, Content-Length, Content-Location, Content-MD5, Content-Range, Content-Type, Content-Disposition, Transfer-Encoding, Date, ETag, Expires, Last-Modified, Location, Pragma, Proxy-Authenticate, Refresh, Retry-After, Server, Set-Cookie, Trailer, Vary, Via, Warning, WWW-Authenticate]
22:20:41,826 DEBUG aultHttpHeaderMapper| headerName=[content-type] WILL be mapped, matched pattern=content-type
22:20:41,826 DEBUG aultHttpHeaderMapper| setting headerName=[contentType], value=application/json
22:20:41,826 DEBUG aultHttpHeaderMapper| headerName=[transfer-encoding] WILL be mapped, matched pattern=transfer-encoding
22:20:41,826 DEBUG aultHttpHeaderMapper| setting headerName=[Transfer-Encoding], value=[chunked]
22:20:41,826 DEBUG aultHttpHeaderMapper| headerName=[date] WILL be mapped, matched pattern=date
22:20:41,826 DEBUG aultHttpHeaderMapper| setting headerName=[Date], value=1 689 189 641 000
22:20:41,826 DEBUG aultHttpHeaderMapper| headerName=[keep-alive] WILL NOT be mapped
22:20:41,826 DEBUG aultHttpHeaderMapper| headerName=[connection] WILL be mapped, matched pattern=connection
22:20:41,826 DEBUG aultHttpHeaderMapper| setting headerName=[Connection], value=[keep-alive]
22:20:41,826 DEBUG ltCorrelationManager| Saving correlated object for 'citrus_message_id = '1ba5fde7-3d27-43f1-8e74-5178746919ec''
22:20:41,826 INFO  port.LoggingReporter| 
22:20:41,827 DEBUG port.LoggingReporter| TEST STEP 7 SUCCESS
22:20:41,827 INFO  port.LoggingReporter| 
22:20:41,827 DEBUG port.LoggingReporter| TEST STEP 8: receive
22:20:41,827 DEBUG ngCorrelationManager| Get correlation key for 'citrus_message_correlator_httpRESTClient'
22:20:41,827 DEBUG ltCorrelationManager| Finding correlated object for 'citrus_message_id = '1ba5fde7-3d27-43f1-8e74-5178746919ec''
22:20:41,828 DEBUG ageValidatorRegistry| Found 4 message validators for message
22:20:41,828 DEBUG ssageHeaderValidator| Start message header validation ...
22:20:41,828 DEBUG faultHeaderValidator| Validating header element: citrus_http_reason_phrase='OK': OK.
22:20:41,828 DEBUG faultHeaderValidator| Validating header element: citrus_http_status_code='200': OK.
22:20:41,828 INFO  ssageHeaderValidator| Message header validation successful: All values OK
22:20:41,828 DEBUG TextMessageValidator| Start JSON message validation ...
22:20:41,828 DEBUG JsonSchemaValidation| Starting Json schema validation ...
22:20:41,828 INFO  JsonSchemaValidation| Json schema validation successful: All values OK
22:20:41,829 DEBUG TextMessageValidator| Received message:
HTTPMESSAGE [id: 60018204-9009-4a1e-9f13-f9cdcd5edcd4, payload: {"userId":4,"name":"Elijah Huels","course":"Chief Infrastructure Director","email":"4@qa.ru","age":41,"mark":{"name":"Course mark","score":0}}][headers: {Transfer-Encoding=chunked, Connection=keep-alive, contentType=application/json, Date=1689189641000, citrus_message_id=60018204-9009-4a1e-9f13-f9cdcd5edcd4, citrus_message_timestamp=1689189641826, Keep-Alive=timeout=60, Content-Type=application/json, citrus_http_status_code=200, citrus_http_reason_phrase=OK, citrus_http_version=HTTP/1.1}]
22:20:41,829 DEBUG TextMessageValidator| Control message:
HTTPMESSAGE [id: 4370f555-5c36-43b0-a452-87068f49dd2e, payload: {"userId":4,"email":"@contains('@qa.ru')@","name":"@matches('^[a-zA-Z\\s\\.]*$')@","course":"@matches('^[a-zA-Z\\s]*$')@","age":"@isNumber()@","mark":{"name":"@contains('Course mark')@","score":"@isNumber()@"}}][headers: {citrus_message_id=4370f555-5c36-43b0-a452-87068f49dd2e, citrus_message_timestamp=1689189641827, citrus_http_reason_phrase=OK, citrus_http_status_code=200, citrus_message_type=JSON}]
22:20:41,829 DEBUG TextMessageValidator| Validation successful for JSON entry 'name' (@matches('^[a-zA-Z\s\.]*$')@)
22:20:41,829 DEBUG TextMessageValidator| Validation successful for JSON entry 'course' (@matches('^[a-zA-Z\s]*$')@)
22:20:41,829 DEBUG TextMessageValidator| Validation successful for JSON entry 'userId' (4)
22:20:41,829 DEBUG TextMessageValidator| Validation successful for JSON entry 'email' (@contains('@qa.ru')@)
22:20:41,829 DEBUG TextMessageValidator| Validation successful for JSON entry 'age' (@isNumber()@)
22:20:41,829 DEBUG TextMessageValidator| Validation successful for JSON entry 'score' (@isNumber()@)
22:20:41,829 DEBUG TextMessageValidator| Validation successful for JSON entry 'name' (@contains('Course mark')@)
22:20:41,829 DEBUG TextMessageValidator| Validation successful for JSON entry 'mark' ({"score":"@isNumber()@","name":"@contains('Course mark')@"})
22:20:41,829 INFO  TextMessageValidator| JSON message validation successful: All values OK
22:20:41,829 INFO  port.LoggingReporter| 
22:20:41,829 DEBUG port.LoggingReporter| TEST STEP 8 SUCCESS
]]></system-out>
  </testcase>
  <testcase name="getUserStubParametrizedTest(int)[5]" classname="citrus.HttpRESTStubTests" time="0.011">
    <system-out><![CDATA[22:20:41,831 INFO  port.LoggingReporter| 
22:20:41,831 INFO  port.LoggingReporter| ------------------------------------------------------------------------
22:20:41,831 DEBUG port.LoggingReporter| STARTING TEST HttpRESTStubTests.getUserStubParametrizedTest <citrus>
22:20:41,831 INFO  port.LoggingReporter| 
22:20:41,831 DEBUG trus.DefaultTestCase| Initializing test case
22:20:41,832 DEBUG trus.DefaultTestCase| Global variables:
22:20:41,832 DEBUG trus.DefaultTestCase| citrus_message_correlator_httpRESTClient = citrus_message_id = '1ba5fde7-3d27-43f1-8e74-5178746919ec'
22:20:41,832 DEBUG trus.DefaultTestCase| default.test.author = Unknown
22:20:41,832 DEBUG trus.DefaultTestCase| citrus.test.package = citrus
22:20:41,832 DEBUG trus.DefaultTestCase| citrus.test.name = HttpRESTStubTests.getUserStubParametrizedTest
22:20:41,832 DEBUG trus.DefaultTestCase| project.name = Citrus Integration Tests
22:20:41,832 DEBUG trus.DefaultTestCase| userId = 35
22:20:41,832 DEBUG trus.DefaultTestCase| citrus_message_replyTo_citrus_message_correlator_httpRESTClient = http://localhost:8080/user/get/4
22:20:41,832 DEBUG trus.DefaultTestCase| url = http://localhost:8080/user
22:20:41,832 DEBUG trus.DefaultTestCase| default.test.package = citrus
22:20:41,832 DEBUG  context.TestContext| Setting variable: citrus.test.name with value: 'HttpRESTStubTests.getUserStubParametrizedTest'
22:20:41,832 DEBUG  context.TestContext| Setting variable: citrus.test.package with value: 'citrus'
22:20:41,832 DEBUG trus.DefaultTestCase| Test variables:
22:20:41,832 DEBUG trus.DefaultTestCase| citrus_message_correlator_httpRESTClient = citrus_message_id = '1ba5fde7-3d27-43f1-8e74-5178746919ec'
22:20:41,832 DEBUG trus.DefaultTestCase| default.test.author = Unknown
22:20:41,832 DEBUG trus.DefaultTestCase| citrus.test.package = citrus
22:20:41,832 DEBUG trus.DefaultTestCase| citrus.test.name = HttpRESTStubTests.getUserStubParametrizedTest
22:20:41,832 DEBUG trus.DefaultTestCase| project.name = Citrus Integration Tests
22:20:41,832 DEBUG trus.DefaultTestCase| userId = 35
22:20:41,832 DEBUG trus.DefaultTestCase| citrus_message_replyTo_citrus_message_correlator_httpRESTClient = http://localhost:8080/user/get/4
22:20:41,832 DEBUG trus.DefaultTestCase| url = http://localhost:8080/user
22:20:41,832 DEBUG trus.DefaultTestCase| default.test.package = citrus
22:20:41,832 INFO  port.LoggingReporter| 
22:20:41,832 DEBUG port.LoggingReporter| TEST STEP 9: send
22:20:41,832 DEBUG ltCorrelationManager| Saving correlation key for 'citrus_message_correlator_httpRESTClient'
22:20:41,832 DEBUG  context.TestContext| Setting variable: citrus_message_correlator_httpRESTClient with value: 'citrus_message_id = 'fcefd788-6520-4a6c-8f1d-3b9f9a80f417''
22:20:41,833 DEBUG  context.TestContext| Setting variable: citrus_message_replyTo_citrus_message_correlator_httpRESTClient with value: 'http://localhost:8080/user/get/5'
22:20:41,833 INFO     client.HttpClient| Sending HTTP message to: 'http://localhost:8080/user/get/5'
22:20:41,833 DEBUG    client.HttpClient| Message to send:

22:20:41,833 DEBUG aultHttpHeaderMapper| outboundHeaderNames=[Accept, Accept-Charset, Accept-Encoding, Accept-Language, Accept-Ranges, Authorization, Cache-Control, Connection, Content-Length, Content-Type, Cookie, Date, Expect, From, Host, If-Match, If-Modified-Since, If-None-Match, If-Range, If-Unmodified-Since, Max-Forwards, Pragma, Proxy-Authorization, Range, Referer, TE, Upgrade, User-Agent, Via, Warning]
22:20:41,833 DEBUG aultHttpHeaderMapper| headerName=[citrus_message_timestamp] WILL NOT be mapped
22:20:41,833 DEBUG aultHttpHeaderMapper| headerName=[citrus_message_type] WILL NOT be mapped
22:20:41,833 DEBUG aultHttpHeaderMapper| headerName=[citrus_request_path] WILL NOT be mapped
22:20:41,833 DEBUG aultHttpHeaderMapper| headerName=[citrus_http_request_uri] WILL NOT be mapped
22:20:41,833 DEBUG aultHttpHeaderMapper| headerName=[id] WILL NOT be mapped
22:20:41,833 DEBUG aultHttpHeaderMapper| headerName=[citrus_message_id] WILL NOT be mapped
22:20:41,833 DEBUG aultHttpHeaderMapper| headerName=[citrus_http_method] WILL NOT be mapped
22:20:41,833 DEBUG aultHttpHeaderMapper| headerName=[timestamp] WILL NOT be mapped
22:20:41,833 DEBUG  client.RestTemplate| HTTP GET http://localhost:8080/user/get/5
22:20:41,833 DEBUG  client.RestTemplate| Accept=[text/plain, application/json, application/*+json, */*]
22:20:41,833 DEBUG ingClientInterceptor| Sending Http request message
22:20:41,835 DEBUG   Logger.Message_OUT| RAWMESSAGE [id: 64ace5c2-a566-448d-b783-cd889ad79584, payload: GET http://localhost:8080/user/get/5
Accept:text/plain, application/json, application/*+json, */*
Content-Type:application/json;charset=UTF-8
Content-Length:0][headers: {citrus_message_id=64ace5c2-a566-448d-b783-cd889ad79584, citrus_message_timestamp=1689189641833}]
22:20:41,835 DEBUG ol.RequestAddCookies| CookieSpec selected: default
22:20:41,835 DEBUG col.RequestAuthCache| Auth cache not set in the context
22:20:41,835 DEBUG entConnectionManager| Connection request: [route: {}->http://localhost:8080][total available: 1; route allocated: 1 of 5; total allocated: 1 of 10]
22:20:41,835 DEBUG entConnectionManager| Connection leased: [id: 0][route: {}->http://localhost:8080][total available: 0; route allocated: 1 of 5; total allocated: 1 of 10]
22:20:41,835 DEBUG HttpClientConnection| http-outgoing-0: set socket timeout to 0
22:20:41,835 DEBUG chain.MainClientExec| Executing request GET /user/get/5 HTTP/1.1
22:20:41,835 DEBUG chain.MainClientExec| Target auth state: UNCHALLENGED
22:20:41,835 DEBUG chain.MainClientExec| Proxy auth state: UNCHALLENGED
22:20:41,835 DEBUG         http.headers| http-outgoing-0 >> GET /user/get/5 HTTP/1.1
22:20:41,835 DEBUG         http.headers| http-outgoing-0 >> Accept: text/plain, application/json, application/*+json, */*
22:20:41,835 DEBUG         http.headers| http-outgoing-0 >> Content-Type: application/json;charset=UTF-8
22:20:41,835 DEBUG         http.headers| http-outgoing-0 >> Host: localhost:8080
22:20:41,835 DEBUG         http.headers| http-outgoing-0 >> Connection: Keep-Alive
22:20:41,835 DEBUG         http.headers| http-outgoing-0 >> User-Agent: Apache-HttpClient/4.5.13 (Java/11.0.16)
22:20:41,835 DEBUG         http.headers| http-outgoing-0 >> Accept-Encoding: gzip,deflate
22:20:41,835 DEBUG            http.wire| http-outgoing-0 >> "GET /user/get/5 HTTP/1.1[\r][\n]"
22:20:41,835 DEBUG            http.wire| http-outgoing-0 >> "Accept: text/plain, application/json, application/*+json, */*[\r][\n]"
22:20:41,835 DEBUG            http.wire| http-outgoing-0 >> "Content-Type: application/json;charset=UTF-8[\r][\n]"
22:20:41,835 DEBUG            http.wire| http-outgoing-0 >> "Host: localhost:8080[\r][\n]"
22:20:41,835 DEBUG            http.wire| http-outgoing-0 >> "Connection: Keep-Alive[\r][\n]"
22:20:41,835 DEBUG            http.wire| http-outgoing-0 >> "User-Agent: Apache-HttpClient/4.5.13 (Java/11.0.16)[\r][\n]"
22:20:41,835 DEBUG            http.wire| http-outgoing-0 >> "Accept-Encoding: gzip,deflate[\r][\n]"
22:20:41,835 DEBUG            http.wire| http-outgoing-0 >> "[\r][\n]"
22:20:41,836 DEBUG            http.wire| http-outgoing-0 << "HTTP/1.1 200 [\r][\n]"
22:20:41,836 DEBUG            http.wire| http-outgoing-0 << "Content-Type: application/json[\r][\n]"
22:20:41,836 DEBUG            http.wire| http-outgoing-0 << "Transfer-Encoding: chunked[\r][\n]"
22:20:41,836 DEBUG            http.wire| http-outgoing-0 << "Date: Wed, 12 Jul 2023 19:20:41 GMT[\r][\n]"
22:20:41,836 DEBUG            http.wire| http-outgoing-0 << "Keep-Alive: timeout=60[\r][\n]"
22:20:41,836 DEBUG            http.wire| http-outgoing-0 << "Connection: keep-alive[\r][\n]"
22:20:41,836 DEBUG            http.wire| http-outgoing-0 << "[\r][\n]"
22:20:41,836 DEBUG            http.wire| http-outgoing-0 << "92[\r][\n]"
22:20:41,836 DEBUG            http.wire| http-outgoing-0 << "{"userId":5,"name":"Frances McLaughlin","course":"National Branding Architect","email":"5@qa.ru","age":36,"mark":{"name":"Course mark","score":5}}[\r][\n]"
22:20:41,836 DEBUG         http.headers| http-outgoing-0 << HTTP/1.1 200 
22:20:41,836 DEBUG         http.headers| http-outgoing-0 << Content-Type: application/json
22:20:41,836 DEBUG         http.headers| http-outgoing-0 << Transfer-Encoding: chunked
22:20:41,836 DEBUG         http.headers| http-outgoing-0 << Date: Wed, 12 Jul 2023 19:20:41 GMT
22:20:41,836 DEBUG         http.headers| http-outgoing-0 << Keep-Alive: timeout=60
22:20:41,836 DEBUG         http.headers| http-outgoing-0 << Connection: keep-alive
22:20:41,836 DEBUG chain.MainClientExec| Connection can be kept alive for 60000 MILLISECONDS
22:20:41,837 DEBUG            http.wire| http-outgoing-0 << "0[\r][\n]"
22:20:41,837 DEBUG            http.wire| http-outgoing-0 << "[\r][\n]"
22:20:41,837 DEBUG entConnectionManager| Connection [id: 0][route: {}->http://localhost:8080] can be kept alive for 60.0 seconds
22:20:41,837 DEBUG HttpClientConnection| http-outgoing-0: set socket timeout to 0
22:20:41,837 DEBUG entConnectionManager| Connection released: [id: 0][route: {}->http://localhost:8080][total available: 1; route allocated: 1 of 5; total allocated: 1 of 10]
22:20:41,837 DEBUG ingClientInterceptor| Received Http response message
22:20:41,838 DEBUG    Logger.Message_IN| RAWMESSAGE [id: ece90e94-677f-45a8-b4e0-263a550bc96f, payload: HTTP/1.1 200 OK 
Content-Type:application/json
Transfer-Encoding:chunked
Date:Wed, 12 Jul 2023 19:20:41 GMT
Keep-Alive:timeout=60
Connection:keep-alive

{"userId":5,"name":"Frances McLaughlin","course":"National Branding Architect","email":"5@qa.ru","age":36,"mark":{"name":"Course mark","score":5}}][headers: {citrus_message_id=ece90e94-677f-45a8-b4e0-263a550bc96f, citrus_message_timestamp=1689189641837}]
22:20:41,838 DEBUG  client.RestTemplate| Response 200 OK
22:20:41,838 DEBUG  client.RestTemplate| Reading to [java.lang.String] as "application/json"
22:20:41,838 INFO     client.HttpClient| HTTP message was sent to endpoint: 'http://localhost:8080/user/get/5'
22:20:41,838 DEBUG aultHttpHeaderMapper| inboundHeaderNames=[Accept-Ranges, Age, Allow, Cache-Control, Connection, Content-Encoding, Content-Language, Content-Length, Content-Location, Content-MD5, Content-Range, Content-Type, Content-Disposition, Transfer-Encoding, Date, ETag, Expires, Last-Modified, Location, Pragma, Proxy-Authenticate, Refresh, Retry-After, Server, Set-Cookie, Trailer, Vary, Via, Warning, WWW-Authenticate]
22:20:41,838 DEBUG aultHttpHeaderMapper| headerName=[content-type] WILL be mapped, matched pattern=content-type
22:20:41,838 DEBUG aultHttpHeaderMapper| setting headerName=[contentType], value=application/json
22:20:41,838 DEBUG aultHttpHeaderMapper| headerName=[transfer-encoding] WILL be mapped, matched pattern=transfer-encoding
22:20:41,838 DEBUG aultHttpHeaderMapper| setting headerName=[Transfer-Encoding], value=[chunked]
22:20:41,838 DEBUG aultHttpHeaderMapper| headerName=[date] WILL be mapped, matched pattern=date
22:20:41,838 DEBUG aultHttpHeaderMapper| setting headerName=[Date], value=1 689 189 641 000
22:20:41,838 DEBUG aultHttpHeaderMapper| headerName=[keep-alive] WILL NOT be mapped
22:20:41,838 DEBUG aultHttpHeaderMapper| headerName=[connection] WILL be mapped, matched pattern=connection
22:20:41,838 DEBUG aultHttpHeaderMapper| setting headerName=[Connection], value=[keep-alive]
22:20:41,839 DEBUG ltCorrelationManager| Saving correlated object for 'citrus_message_id = 'fcefd788-6520-4a6c-8f1d-3b9f9a80f417''
22:20:41,839 INFO  port.LoggingReporter| 
22:20:41,839 DEBUG port.LoggingReporter| TEST STEP 9 SUCCESS
22:20:41,839 INFO  port.LoggingReporter| 
22:20:41,839 DEBUG port.LoggingReporter| TEST STEP 10: receive
22:20:41,839 DEBUG ngCorrelationManager| Get correlation key for 'citrus_message_correlator_httpRESTClient'
22:20:41,839 DEBUG ltCorrelationManager| Finding correlated object for 'citrus_message_id = 'fcefd788-6520-4a6c-8f1d-3b9f9a80f417''
22:20:41,840 DEBUG ageValidatorRegistry| Found 4 message validators for message
22:20:41,840 DEBUG ssageHeaderValidator| Start message header validation ...
22:20:41,840 DEBUG faultHeaderValidator| Validating header element: citrus_http_reason_phrase='OK': OK.
22:20:41,840 DEBUG faultHeaderValidator| Validating header element: citrus_http_status_code='200': OK.
22:20:41,840 INFO  ssageHeaderValidator| Message header validation successful: All values OK
22:20:41,840 DEBUG TextMessageValidator| Start JSON message validation ...
22:20:41,840 DEBUG JsonSchemaValidation| Starting Json schema validation ...
22:20:41,840 INFO  JsonSchemaValidation| Json schema validation successful: All values OK
22:20:41,840 DEBUG TextMessageValidator| Received message:
HTTPMESSAGE [id: 3cb026e0-5f5f-4be1-b0c3-e82763aae561, payload: {"userId":5,"name":"Frances McLaughlin","course":"National Branding Architect","email":"5@qa.ru","age":36,"mark":{"name":"Course mark","score":5}}][headers: {Transfer-Encoding=chunked, Connection=keep-alive, contentType=application/json, Date=1689189641000, citrus_message_id=3cb026e0-5f5f-4be1-b0c3-e82763aae561, citrus_message_timestamp=1689189641839, Keep-Alive=timeout=60, Content-Type=application/json, citrus_http_status_code=200, citrus_http_reason_phrase=OK, citrus_http_version=HTTP/1.1}]
22:20:41,840 DEBUG TextMessageValidator| Control message:
HTTPMESSAGE [id: 489728f4-dfc1-4e4c-b261-4c3d92e221c2, payload: {"userId":5,"email":"@contains('@qa.ru')@","name":"@matches('^[a-zA-Z\\s\\.]*$')@","course":"@matches('^[a-zA-Z\\s]*$')@","age":"@isNumber()@","mark":{"name":"@contains('Course mark')@","score":"@isNumber()@"}}][headers: {citrus_message_id=489728f4-dfc1-4e4c-b261-4c3d92e221c2, citrus_message_timestamp=1689189641839, citrus_http_reason_phrase=OK, citrus_http_status_code=200, citrus_message_type=JSON}]
22:20:41,841 DEBUG TextMessageValidator| Validation successful for JSON entry 'name' (@matches('^[a-zA-Z\s\.]*$')@)
22:20:41,841 DEBUG TextMessageValidator| Validation successful for JSON entry 'course' (@matches('^[a-zA-Z\s]*$')@)
22:20:41,841 DEBUG TextMessageValidator| Validation successful for JSON entry 'userId' (5)
22:20:41,841 DEBUG TextMessageValidator| Validation successful for JSON entry 'email' (@contains('@qa.ru')@)
22:20:41,841 DEBUG TextMessageValidator| Validation successful for JSON entry 'age' (@isNumber()@)
22:20:41,841 DEBUG TextMessageValidator| Validation successful for JSON entry 'score' (@isNumber()@)
22:20:41,841 DEBUG TextMessageValidator| Validation successful for JSON entry 'name' (@contains('Course mark')@)
22:20:41,841 DEBUG TextMessageValidator| Validation successful for JSON entry 'mark' ({"score":"@isNumber()@","name":"@contains('Course mark')@"})
22:20:41,841 INFO  TextMessageValidator| JSON message validation successful: All values OK
22:20:41,841 INFO  port.LoggingReporter| 
22:20:41,841 DEBUG port.LoggingReporter| TEST STEP 10 SUCCESS
]]></system-out>
  </testcase>
  <testcase name="getUserStubParametrizedTest(int)[6]" classname="citrus.HttpRESTStubTests" time="0.012">
    <system-out><![CDATA[22:20:41,843 INFO  port.LoggingReporter| 
22:20:41,843 INFO  port.LoggingReporter| ------------------------------------------------------------------------
22:20:41,843 DEBUG port.LoggingReporter| STARTING TEST HttpRESTStubTests.getUserStubParametrizedTest <citrus>
22:20:41,843 INFO  port.LoggingReporter| 
22:20:41,843 DEBUG trus.DefaultTestCase| Initializing test case
22:20:41,843 DEBUG trus.DefaultTestCase| Global variables:
22:20:41,843 DEBUG trus.DefaultTestCase| citrus_message_correlator_httpRESTClient = citrus_message_id = 'fcefd788-6520-4a6c-8f1d-3b9f9a80f417'
22:20:41,843 DEBUG trus.DefaultTestCase| default.test.author = Unknown
22:20:41,843 DEBUG trus.DefaultTestCase| citrus.test.package = citrus
22:20:41,843 DEBUG trus.DefaultTestCase| citrus.test.name = HttpRESTStubTests.getUserStubParametrizedTest
22:20:41,843 DEBUG trus.DefaultTestCase| project.name = Citrus Integration Tests
22:20:41,843 DEBUG trus.DefaultTestCase| userId = 35
22:20:41,843 DEBUG trus.DefaultTestCase| citrus_message_replyTo_citrus_message_correlator_httpRESTClient = http://localhost:8080/user/get/5
22:20:41,843 DEBUG trus.DefaultTestCase| url = http://localhost:8080/user
22:20:41,843 DEBUG trus.DefaultTestCase| default.test.package = citrus
22:20:41,843 DEBUG  context.TestContext| Setting variable: citrus.test.name with value: 'HttpRESTStubTests.getUserStubParametrizedTest'
22:20:41,844 DEBUG  context.TestContext| Setting variable: citrus.test.package with value: 'citrus'
22:20:41,844 DEBUG trus.DefaultTestCase| Test variables:
22:20:41,844 DEBUG trus.DefaultTestCase| citrus_message_correlator_httpRESTClient = citrus_message_id = 'fcefd788-6520-4a6c-8f1d-3b9f9a80f417'
22:20:41,844 DEBUG trus.DefaultTestCase| default.test.author = Unknown
22:20:41,844 DEBUG trus.DefaultTestCase| citrus.test.package = citrus
22:20:41,844 DEBUG trus.DefaultTestCase| citrus.test.name = HttpRESTStubTests.getUserStubParametrizedTest
22:20:41,844 DEBUG trus.DefaultTestCase| project.name = Citrus Integration Tests
22:20:41,844 DEBUG trus.DefaultTestCase| userId = 35
22:20:41,844 DEBUG trus.DefaultTestCase| citrus_message_replyTo_citrus_message_correlator_httpRESTClient = http://localhost:8080/user/get/5
22:20:41,844 DEBUG trus.DefaultTestCase| url = http://localhost:8080/user
22:20:41,844 DEBUG trus.DefaultTestCase| default.test.package = citrus
22:20:41,844 INFO  port.LoggingReporter| 
22:20:41,844 DEBUG port.LoggingReporter| TEST STEP 11: send
22:20:41,844 DEBUG ltCorrelationManager| Saving correlation key for 'citrus_message_correlator_httpRESTClient'
22:20:41,844 DEBUG  context.TestContext| Setting variable: citrus_message_correlator_httpRESTClient with value: 'citrus_message_id = 'd8004a36-9150-4e18-b8b2-6207532f1361''
22:20:41,844 DEBUG  context.TestContext| Setting variable: citrus_message_replyTo_citrus_message_correlator_httpRESTClient with value: 'http://localhost:8080/user/get/6'
22:20:41,844 INFO     client.HttpClient| Sending HTTP message to: 'http://localhost:8080/user/get/6'
22:20:41,844 DEBUG    client.HttpClient| Message to send:

22:20:41,844 DEBUG aultHttpHeaderMapper| outboundHeaderNames=[Accept, Accept-Charset, Accept-Encoding, Accept-Language, Accept-Ranges, Authorization, Cache-Control, Connection, Content-Length, Content-Type, Cookie, Date, Expect, From, Host, If-Match, If-Modified-Since, If-None-Match, If-Range, If-Unmodified-Since, Max-Forwards, Pragma, Proxy-Authorization, Range, Referer, TE, Upgrade, User-Agent, Via, Warning]
22:20:41,844 DEBUG aultHttpHeaderMapper| headerName=[citrus_message_timestamp] WILL NOT be mapped
22:20:41,844 DEBUG aultHttpHeaderMapper| headerName=[citrus_message_type] WILL NOT be mapped
22:20:41,844 DEBUG aultHttpHeaderMapper| headerName=[citrus_request_path] WILL NOT be mapped
22:20:41,844 DEBUG aultHttpHeaderMapper| headerName=[citrus_http_request_uri] WILL NOT be mapped
22:20:41,844 DEBUG aultHttpHeaderMapper| headerName=[id] WILL NOT be mapped
22:20:41,844 DEBUG aultHttpHeaderMapper| headerName=[citrus_message_id] WILL NOT be mapped
22:20:41,844 DEBUG aultHttpHeaderMapper| headerName=[citrus_http_method] WILL NOT be mapped
22:20:41,844 DEBUG aultHttpHeaderMapper| headerName=[timestamp] WILL NOT be mapped
22:20:41,845 DEBUG  client.RestTemplate| HTTP GET http://localhost:8080/user/get/6
22:20:41,845 DEBUG  client.RestTemplate| Accept=[text/plain, application/json, application/*+json, */*]
22:20:41,845 DEBUG ingClientInterceptor| Sending Http request message
22:20:41,846 DEBUG   Logger.Message_OUT| RAWMESSAGE [id: fb97ac4d-d090-4aca-a67c-18761eaed089, payload: GET http://localhost:8080/user/get/6
Accept:text/plain, application/json, application/*+json, */*
Content-Type:application/json;charset=UTF-8
Content-Length:0][headers: {citrus_message_id=fb97ac4d-d090-4aca-a67c-18761eaed089, citrus_message_timestamp=1689189641845}]
22:20:41,846 DEBUG ol.RequestAddCookies| CookieSpec selected: default
22:20:41,846 DEBUG col.RequestAuthCache| Auth cache not set in the context
22:20:41,846 DEBUG entConnectionManager| Connection request: [route: {}->http://localhost:8080][total available: 1; route allocated: 1 of 5; total allocated: 1 of 10]
22:20:41,846 DEBUG entConnectionManager| Connection leased: [id: 0][route: {}->http://localhost:8080][total available: 0; route allocated: 1 of 5; total allocated: 1 of 10]
22:20:41,846 DEBUG HttpClientConnection| http-outgoing-0: set socket timeout to 0
22:20:41,846 DEBUG chain.MainClientExec| Executing request GET /user/get/6 HTTP/1.1
22:20:41,846 DEBUG chain.MainClientExec| Target auth state: UNCHALLENGED
22:20:41,846 DEBUG chain.MainClientExec| Proxy auth state: UNCHALLENGED
22:20:41,846 DEBUG         http.headers| http-outgoing-0 >> GET /user/get/6 HTTP/1.1
22:20:41,846 DEBUG         http.headers| http-outgoing-0 >> Accept: text/plain, application/json, application/*+json, */*
22:20:41,846 DEBUG         http.headers| http-outgoing-0 >> Content-Type: application/json;charset=UTF-8
22:20:41,846 DEBUG         http.headers| http-outgoing-0 >> Host: localhost:8080
22:20:41,846 DEBUG         http.headers| http-outgoing-0 >> Connection: Keep-Alive
22:20:41,846 DEBUG         http.headers| http-outgoing-0 >> User-Agent: Apache-HttpClient/4.5.13 (Java/11.0.16)
22:20:41,846 DEBUG         http.headers| http-outgoing-0 >> Accept-Encoding: gzip,deflate
22:20:41,846 DEBUG            http.wire| http-outgoing-0 >> "GET /user/get/6 HTTP/1.1[\r][\n]"
22:20:41,846 DEBUG            http.wire| http-outgoing-0 >> "Accept: text/plain, application/json, application/*+json, */*[\r][\n]"
22:20:41,846 DEBUG            http.wire| http-outgoing-0 >> "Content-Type: application/json;charset=UTF-8[\r][\n]"
22:20:41,846 DEBUG            http.wire| http-outgoing-0 >> "Host: localhost:8080[\r][\n]"
22:20:41,846 DEBUG            http.wire| http-outgoing-0 >> "Connection: Keep-Alive[\r][\n]"
22:20:41,846 DEBUG            http.wire| http-outgoing-0 >> "User-Agent: Apache-HttpClient/4.5.13 (Java/11.0.16)[\r][\n]"
22:20:41,846 DEBUG            http.wire| http-outgoing-0 >> "Accept-Encoding: gzip,deflate[\r][\n]"
22:20:41,846 DEBUG            http.wire| http-outgoing-0 >> "[\r][\n]"
22:20:41,847 DEBUG            http.wire| http-outgoing-0 << "HTTP/1.1 200 [\r][\n]"
22:20:41,847 DEBUG            http.wire| http-outgoing-0 << "Content-Type: application/json[\r][\n]"
22:20:41,847 DEBUG            http.wire| http-outgoing-0 << "Transfer-Encoding: chunked[\r][\n]"
22:20:41,847 DEBUG            http.wire| http-outgoing-0 << "Date: Wed, 12 Jul 2023 19:20:41 GMT[\r][\n]"
22:20:41,847 DEBUG            http.wire| http-outgoing-0 << "Keep-Alive: timeout=60[\r][\n]"
22:20:41,847 DEBUG            http.wire| http-outgoing-0 << "Connection: keep-alive[\r][\n]"
22:20:41,848 DEBUG            http.wire| http-outgoing-0 << "[\r][\n]"
22:20:41,848 DEBUG            http.wire| http-outgoing-0 << "94[\r][\n]"
22:20:41,848 DEBUG            http.wire| http-outgoing-0 << "{"userId":6,"name":"Milton Smith","course":"Principal Operations Representative","email":"6@qa.ru","age":70,"mark":{"name":"Course mark","score":1}}[\r][\n]"
22:20:41,848 DEBUG         http.headers| http-outgoing-0 << HTTP/1.1 200 
22:20:41,848 DEBUG         http.headers| http-outgoing-0 << Content-Type: application/json
22:20:41,848 DEBUG         http.headers| http-outgoing-0 << Transfer-Encoding: chunked
22:20:41,848 DEBUG         http.headers| http-outgoing-0 << Date: Wed, 12 Jul 2023 19:20:41 GMT
22:20:41,848 DEBUG         http.headers| http-outgoing-0 << Keep-Alive: timeout=60
22:20:41,848 DEBUG         http.headers| http-outgoing-0 << Connection: keep-alive
22:20:41,848 DEBUG chain.MainClientExec| Connection can be kept alive for 60000 MILLISECONDS
22:20:41,848 DEBUG            http.wire| http-outgoing-0 << "0[\r][\n]"
22:20:41,848 DEBUG            http.wire| http-outgoing-0 << "[\r][\n]"
22:20:41,848 DEBUG entConnectionManager| Connection [id: 0][route: {}->http://localhost:8080] can be kept alive for 60.0 seconds
22:20:41,848 DEBUG HttpClientConnection| http-outgoing-0: set socket timeout to 0
22:20:41,848 DEBUG entConnectionManager| Connection released: [id: 0][route: {}->http://localhost:8080][total available: 1; route allocated: 1 of 5; total allocated: 1 of 10]
22:20:41,848 DEBUG ingClientInterceptor| Received Http response message
22:20:41,849 DEBUG    Logger.Message_IN| RAWMESSAGE [id: c7111902-013b-446e-90a4-3954b4c6eb21, payload: HTTP/1.1 200 OK 
Content-Type:application/json
Transfer-Encoding:chunked
Date:Wed, 12 Jul 2023 19:20:41 GMT
Keep-Alive:timeout=60
Connection:keep-alive

{"userId":6,"name":"Milton Smith","course":"Principal Operations Representative","email":"6@qa.ru","age":70,"mark":{"name":"Course mark","score":1}}][headers: {citrus_message_id=c7111902-013b-446e-90a4-3954b4c6eb21, citrus_message_timestamp=1689189641848}]
22:20:41,849 DEBUG  client.RestTemplate| Response 200 OK
22:20:41,849 DEBUG  client.RestTemplate| Reading to [java.lang.String] as "application/json"
22:20:41,849 INFO     client.HttpClient| HTTP message was sent to endpoint: 'http://localhost:8080/user/get/6'
22:20:41,849 DEBUG aultHttpHeaderMapper| inboundHeaderNames=[Accept-Ranges, Age, Allow, Cache-Control, Connection, Content-Encoding, Content-Language, Content-Length, Content-Location, Content-MD5, Content-Range, Content-Type, Content-Disposition, Transfer-Encoding, Date, ETag, Expires, Last-Modified, Location, Pragma, Proxy-Authenticate, Refresh, Retry-After, Server, Set-Cookie, Trailer, Vary, Via, Warning, WWW-Authenticate]
22:20:41,850 DEBUG aultHttpHeaderMapper| headerName=[content-type] WILL be mapped, matched pattern=content-type
22:20:41,850 DEBUG aultHttpHeaderMapper| setting headerName=[contentType], value=application/json
22:20:41,850 DEBUG aultHttpHeaderMapper| headerName=[transfer-encoding] WILL be mapped, matched pattern=transfer-encoding
22:20:41,850 DEBUG aultHttpHeaderMapper| setting headerName=[Transfer-Encoding], value=[chunked]
22:20:41,850 DEBUG aultHttpHeaderMapper| headerName=[date] WILL be mapped, matched pattern=date
22:20:41,850 DEBUG aultHttpHeaderMapper| setting headerName=[Date], value=1 689 189 641 000
22:20:41,850 DEBUG aultHttpHeaderMapper| headerName=[keep-alive] WILL NOT be mapped
22:20:41,850 DEBUG aultHttpHeaderMapper| headerName=[connection] WILL be mapped, matched pattern=connection
22:20:41,850 DEBUG aultHttpHeaderMapper| setting headerName=[Connection], value=[keep-alive]
22:20:41,850 DEBUG ltCorrelationManager| Saving correlated object for 'citrus_message_id = 'd8004a36-9150-4e18-b8b2-6207532f1361''
22:20:41,850 INFO  port.LoggingReporter| 
22:20:41,850 DEBUG port.LoggingReporter| TEST STEP 11 SUCCESS
22:20:41,850 INFO  port.LoggingReporter| 
22:20:41,850 DEBUG port.LoggingReporter| TEST STEP 12: receive
22:20:41,850 DEBUG ngCorrelationManager| Get correlation key for 'citrus_message_correlator_httpRESTClient'
22:20:41,850 DEBUG ltCorrelationManager| Finding correlated object for 'citrus_message_id = 'd8004a36-9150-4e18-b8b2-6207532f1361''
22:20:41,852 DEBUG ageValidatorRegistry| Found 4 message validators for message
22:20:41,852 DEBUG ssageHeaderValidator| Start message header validation ...
22:20:41,852 DEBUG faultHeaderValidator| Validating header element: citrus_http_reason_phrase='OK': OK.
22:20:41,852 DEBUG faultHeaderValidator| Validating header element: citrus_http_status_code='200': OK.
22:20:41,852 INFO  ssageHeaderValidator| Message header validation successful: All values OK
22:20:41,852 DEBUG TextMessageValidator| Start JSON message validation ...
22:20:41,852 DEBUG JsonSchemaValidation| Starting Json schema validation ...
22:20:41,852 INFO  JsonSchemaValidation| Json schema validation successful: All values OK
22:20:41,853 DEBUG TextMessageValidator| Received message:
HTTPMESSAGE [id: 27c2a8d6-74e3-4812-8eff-f909e50b8491, payload: {"userId":6,"name":"Milton Smith","course":"Principal Operations Representative","email":"6@qa.ru","age":70,"mark":{"name":"Course mark","score":1}}][headers: {Transfer-Encoding=chunked, Connection=keep-alive, contentType=application/json, Date=1689189641000, citrus_message_id=27c2a8d6-74e3-4812-8eff-f909e50b8491, citrus_message_timestamp=1689189641850, Keep-Alive=timeout=60, Content-Type=application/json, citrus_http_status_code=200, citrus_http_reason_phrase=OK, citrus_http_version=HTTP/1.1}]
22:20:41,853 DEBUG TextMessageValidator| Control message:
HTTPMESSAGE [id: 4bd57bac-fa5e-4c31-8f1d-f2e2e28a4b44, payload: {"userId":6,"email":"@contains('@qa.ru')@","name":"@matches('^[a-zA-Z\\s\\.]*$')@","course":"@matches('^[a-zA-Z\\s]*$')@","age":"@isNumber()@","mark":{"name":"@contains('Course mark')@","score":"@isNumber()@"}}][headers: {citrus_message_id=4bd57bac-fa5e-4c31-8f1d-f2e2e28a4b44, citrus_message_timestamp=1689189641850, citrus_http_reason_phrase=OK, citrus_http_status_code=200, citrus_message_type=JSON}]
22:20:41,853 DEBUG TextMessageValidator| Validation successful for JSON entry 'name' (@matches('^[a-zA-Z\s\.]*$')@)
22:20:41,853 DEBUG TextMessageValidator| Validation successful for JSON entry 'course' (@matches('^[a-zA-Z\s]*$')@)
22:20:41,853 DEBUG TextMessageValidator| Validation successful for JSON entry 'userId' (6)
22:20:41,853 DEBUG TextMessageValidator| Validation successful for JSON entry 'email' (@contains('@qa.ru')@)
22:20:41,853 DEBUG TextMessageValidator| Validation successful for JSON entry 'age' (@isNumber()@)
22:20:41,853 DEBUG TextMessageValidator| Validation successful for JSON entry 'score' (@isNumber()@)
22:20:41,853 DEBUG TextMessageValidator| Validation successful for JSON entry 'name' (@contains('Course mark')@)
22:20:41,853 DEBUG TextMessageValidator| Validation successful for JSON entry 'mark' ({"score":"@isNumber()@","name":"@contains('Course mark')@"})
22:20:41,853 INFO  TextMessageValidator| JSON message validation successful: All values OK
22:20:41,853 INFO  port.LoggingReporter| 
22:20:41,853 DEBUG port.LoggingReporter| TEST STEP 12 SUCCESS
]]></system-out>
  </testcase>
  <testcase name="getUserStubParametrizedTest(int)[7]" classname="citrus.HttpRESTStubTests" time="0.011">
    <system-out><![CDATA[22:20:41,856 INFO  port.LoggingReporter| 
22:20:41,856 INFO  port.LoggingReporter| ------------------------------------------------------------------------
22:20:41,856 DEBUG port.LoggingReporter| STARTING TEST HttpRESTStubTests.getUserStubParametrizedTest <citrus>
22:20:41,856 INFO  port.LoggingReporter| 
22:20:41,856 DEBUG trus.DefaultTestCase| Initializing test case
22:20:41,856 DEBUG trus.DefaultTestCase| Global variables:
22:20:41,856 DEBUG trus.DefaultTestCase| citrus_message_correlator_httpRESTClient = citrus_message_id = 'd8004a36-9150-4e18-b8b2-6207532f1361'
22:20:41,856 DEBUG trus.DefaultTestCase| default.test.author = Unknown
22:20:41,856 DEBUG trus.DefaultTestCase| citrus.test.package = citrus
22:20:41,856 DEBUG trus.DefaultTestCase| citrus.test.name = HttpRESTStubTests.getUserStubParametrizedTest
22:20:41,856 DEBUG trus.DefaultTestCase| project.name = Citrus Integration Tests
22:20:41,856 DEBUG trus.DefaultTestCase| userId = 35
22:20:41,856 DEBUG trus.DefaultTestCase| citrus_message_replyTo_citrus_message_correlator_httpRESTClient = http://localhost:8080/user/get/6
22:20:41,856 DEBUG trus.DefaultTestCase| url = http://localhost:8080/user
22:20:41,856 DEBUG trus.DefaultTestCase| default.test.package = citrus
22:20:41,856 DEBUG  context.TestContext| Setting variable: citrus.test.name with value: 'HttpRESTStubTests.getUserStubParametrizedTest'
22:20:41,856 DEBUG  context.TestContext| Setting variable: citrus.test.package with value: 'citrus'
22:20:41,856 DEBUG trus.DefaultTestCase| Test variables:
22:20:41,856 DEBUG trus.DefaultTestCase| citrus_message_correlator_httpRESTClient = citrus_message_id = 'd8004a36-9150-4e18-b8b2-6207532f1361'
22:20:41,856 DEBUG trus.DefaultTestCase| default.test.author = Unknown
22:20:41,856 DEBUG trus.DefaultTestCase| citrus.test.package = citrus
22:20:41,857 DEBUG trus.DefaultTestCase| citrus.test.name = HttpRESTStubTests.getUserStubParametrizedTest
22:20:41,857 DEBUG trus.DefaultTestCase| project.name = Citrus Integration Tests
22:20:41,857 DEBUG trus.DefaultTestCase| userId = 35
22:20:41,857 DEBUG trus.DefaultTestCase| citrus_message_replyTo_citrus_message_correlator_httpRESTClient = http://localhost:8080/user/get/6
22:20:41,857 DEBUG trus.DefaultTestCase| url = http://localhost:8080/user
22:20:41,857 DEBUG trus.DefaultTestCase| default.test.package = citrus
22:20:41,857 INFO  port.LoggingReporter| 
22:20:41,857 DEBUG port.LoggingReporter| TEST STEP 13: send
22:20:41,857 DEBUG ltCorrelationManager| Saving correlation key for 'citrus_message_correlator_httpRESTClient'
22:20:41,857 DEBUG  context.TestContext| Setting variable: citrus_message_correlator_httpRESTClient with value: 'citrus_message_id = '999aafe1-7652-43fb-8ec5-46ec32c3d7ec''
22:20:41,857 DEBUG  context.TestContext| Setting variable: citrus_message_replyTo_citrus_message_correlator_httpRESTClient with value: 'http://localhost:8080/user/get/7'
22:20:41,857 INFO     client.HttpClient| Sending HTTP message to: 'http://localhost:8080/user/get/7'
22:20:41,857 DEBUG    client.HttpClient| Message to send:

22:20:41,857 DEBUG aultHttpHeaderMapper| outboundHeaderNames=[Accept, Accept-Charset, Accept-Encoding, Accept-Language, Accept-Ranges, Authorization, Cache-Control, Connection, Content-Length, Content-Type, Cookie, Date, Expect, From, Host, If-Match, If-Modified-Since, If-None-Match, If-Range, If-Unmodified-Since, Max-Forwards, Pragma, Proxy-Authorization, Range, Referer, TE, Upgrade, User-Agent, Via, Warning]
22:20:41,857 DEBUG aultHttpHeaderMapper| headerName=[citrus_message_timestamp] WILL NOT be mapped
22:20:41,857 DEBUG aultHttpHeaderMapper| headerName=[citrus_message_type] WILL NOT be mapped
22:20:41,857 DEBUG aultHttpHeaderMapper| headerName=[citrus_request_path] WILL NOT be mapped
22:20:41,857 DEBUG aultHttpHeaderMapper| headerName=[citrus_http_request_uri] WILL NOT be mapped
22:20:41,857 DEBUG aultHttpHeaderMapper| headerName=[id] WILL NOT be mapped
22:20:41,857 DEBUG aultHttpHeaderMapper| headerName=[citrus_message_id] WILL NOT be mapped
22:20:41,857 DEBUG aultHttpHeaderMapper| headerName=[citrus_http_method] WILL NOT be mapped
22:20:41,857 DEBUG aultHttpHeaderMapper| headerName=[timestamp] WILL NOT be mapped
22:20:41,857 DEBUG  client.RestTemplate| HTTP GET http://localhost:8080/user/get/7
22:20:41,858 DEBUG  client.RestTemplate| Accept=[text/plain, application/json, application/*+json, */*]
22:20:41,858 DEBUG ingClientInterceptor| Sending Http request message
22:20:41,859 DEBUG   Logger.Message_OUT| RAWMESSAGE [id: 16886cc8-8093-43d3-8b67-545326b30544, payload: GET http://localhost:8080/user/get/7
Accept:text/plain, application/json, application/*+json, */*
Content-Type:application/json;charset=UTF-8
Content-Length:0][headers: {citrus_message_id=16886cc8-8093-43d3-8b67-545326b30544, citrus_message_timestamp=1689189641858}]
22:20:41,859 DEBUG ol.RequestAddCookies| CookieSpec selected: default
22:20:41,859 DEBUG col.RequestAuthCache| Auth cache not set in the context
22:20:41,859 DEBUG entConnectionManager| Connection request: [route: {}->http://localhost:8080][total available: 1; route allocated: 1 of 5; total allocated: 1 of 10]
22:20:41,859 DEBUG entConnectionManager| Connection leased: [id: 0][route: {}->http://localhost:8080][total available: 0; route allocated: 1 of 5; total allocated: 1 of 10]
22:20:41,859 DEBUG HttpClientConnection| http-outgoing-0: set socket timeout to 0
22:20:41,859 DEBUG chain.MainClientExec| Executing request GET /user/get/7 HTTP/1.1
22:20:41,859 DEBUG chain.MainClientExec| Target auth state: UNCHALLENGED
22:20:41,859 DEBUG chain.MainClientExec| Proxy auth state: UNCHALLENGED
22:20:41,859 DEBUG         http.headers| http-outgoing-0 >> GET /user/get/7 HTTP/1.1
22:20:41,859 DEBUG         http.headers| http-outgoing-0 >> Accept: text/plain, application/json, application/*+json, */*
22:20:41,859 DEBUG         http.headers| http-outgoing-0 >> Content-Type: application/json;charset=UTF-8
22:20:41,859 DEBUG         http.headers| http-outgoing-0 >> Host: localhost:8080
22:20:41,859 DEBUG         http.headers| http-outgoing-0 >> Connection: Keep-Alive
22:20:41,859 DEBUG         http.headers| http-outgoing-0 >> User-Agent: Apache-HttpClient/4.5.13 (Java/11.0.16)
22:20:41,859 DEBUG         http.headers| http-outgoing-0 >> Accept-Encoding: gzip,deflate
22:20:41,859 DEBUG            http.wire| http-outgoing-0 >> "GET /user/get/7 HTTP/1.1[\r][\n]"
22:20:41,859 DEBUG            http.wire| http-outgoing-0 >> "Accept: text/plain, application/json, application/*+json, */*[\r][\n]"
22:20:41,859 DEBUG            http.wire| http-outgoing-0 >> "Content-Type: application/json;charset=UTF-8[\r][\n]"
22:20:41,859 DEBUG            http.wire| http-outgoing-0 >> "Host: localhost:8080[\r][\n]"
22:20:41,859 DEBUG            http.wire| http-outgoing-0 >> "Connection: Keep-Alive[\r][\n]"
22:20:41,859 DEBUG            http.wire| http-outgoing-0 >> "User-Agent: Apache-HttpClient/4.5.13 (Java/11.0.16)[\r][\n]"
22:20:41,859 DEBUG            http.wire| http-outgoing-0 >> "Accept-Encoding: gzip,deflate[\r][\n]"
22:20:41,859 DEBUG            http.wire| http-outgoing-0 >> "[\r][\n]"
22:20:41,860 DEBUG            http.wire| http-outgoing-0 << "HTTP/1.1 200 [\r][\n]"
22:20:41,860 DEBUG            http.wire| http-outgoing-0 << "Content-Type: application/json[\r][\n]"
22:20:41,860 DEBUG            http.wire| http-outgoing-0 << "Transfer-Encoding: chunked[\r][\n]"
22:20:41,860 DEBUG            http.wire| http-outgoing-0 << "Date: Wed, 12 Jul 2023 19:20:41 GMT[\r][\n]"
22:20:41,860 DEBUG            http.wire| http-outgoing-0 << "Keep-Alive: timeout=60[\r][\n]"
22:20:41,860 DEBUG            http.wire| http-outgoing-0 << "Connection: keep-alive[\r][\n]"
22:20:41,860 DEBUG            http.wire| http-outgoing-0 << "[\r][\n]"
22:20:41,860 DEBUG            http.wire| http-outgoing-0 << "8f[\r][\n]"
22:20:41,860 DEBUG            http.wire| http-outgoing-0 << "{"userId":7,"name":"Cordell Beer","course":"Product Solutions Orchestrator","email":"7@qa.ru","age":10,"mark":{"name":"Course mark","score":4}}[\r][\n]"
22:20:41,860 DEBUG         http.headers| http-outgoing-0 << HTTP/1.1 200 
22:20:41,860 DEBUG         http.headers| http-outgoing-0 << Content-Type: application/json
22:20:41,860 DEBUG         http.headers| http-outgoing-0 << Transfer-Encoding: chunked
22:20:41,860 DEBUG         http.headers| http-outgoing-0 << Date: Wed, 12 Jul 2023 19:20:41 GMT
22:20:41,860 DEBUG         http.headers| http-outgoing-0 << Keep-Alive: timeout=60
22:20:41,860 DEBUG         http.headers| http-outgoing-0 << Connection: keep-alive
22:20:41,860 DEBUG chain.MainClientExec| Connection can be kept alive for 60000 MILLISECONDS
22:20:41,861 DEBUG            http.wire| http-outgoing-0 << "0[\r][\n]"
22:20:41,861 DEBUG            http.wire| http-outgoing-0 << "[\r][\n]"
22:20:41,861 DEBUG entConnectionManager| Connection [id: 0][route: {}->http://localhost:8080] can be kept alive for 60.0 seconds
22:20:41,861 DEBUG HttpClientConnection| http-outgoing-0: set socket timeout to 0
22:20:41,861 DEBUG entConnectionManager| Connection released: [id: 0][route: {}->http://localhost:8080][total available: 1; route allocated: 1 of 5; total allocated: 1 of 10]
22:20:41,861 DEBUG ingClientInterceptor| Received Http response message
22:20:41,862 DEBUG    Logger.Message_IN| RAWMESSAGE [id: e135f5f4-85e3-4831-8699-69aa8500ed62, payload: HTTP/1.1 200 OK 
Content-Type:application/json
Transfer-Encoding:chunked
Date:Wed, 12 Jul 2023 19:20:41 GMT
Keep-Alive:timeout=60
Connection:keep-alive

{"userId":7,"name":"Cordell Beer","course":"Product Solutions Orchestrator","email":"7@qa.ru","age":10,"mark":{"name":"Course mark","score":4}}][headers: {citrus_message_id=e135f5f4-85e3-4831-8699-69aa8500ed62, citrus_message_timestamp=1689189641861}]
22:20:41,862 DEBUG  client.RestTemplate| Response 200 OK
22:20:41,862 DEBUG  client.RestTemplate| Reading to [java.lang.String] as "application/json"
22:20:41,862 INFO     client.HttpClient| HTTP message was sent to endpoint: 'http://localhost:8080/user/get/7'
22:20:41,862 DEBUG aultHttpHeaderMapper| inboundHeaderNames=[Accept-Ranges, Age, Allow, Cache-Control, Connection, Content-Encoding, Content-Language, Content-Length, Content-Location, Content-MD5, Content-Range, Content-Type, Content-Disposition, Transfer-Encoding, Date, ETag, Expires, Last-Modified, Location, Pragma, Proxy-Authenticate, Refresh, Retry-After, Server, Set-Cookie, Trailer, Vary, Via, Warning, WWW-Authenticate]
22:20:41,862 DEBUG aultHttpHeaderMapper| headerName=[content-type] WILL be mapped, matched pattern=content-type
22:20:41,862 DEBUG aultHttpHeaderMapper| setting headerName=[contentType], value=application/json
22:20:41,862 DEBUG aultHttpHeaderMapper| headerName=[transfer-encoding] WILL be mapped, matched pattern=transfer-encoding
22:20:41,863 DEBUG aultHttpHeaderMapper| setting headerName=[Transfer-Encoding], value=[chunked]
22:20:41,863 DEBUG aultHttpHeaderMapper| headerName=[date] WILL be mapped, matched pattern=date
22:20:41,863 DEBUG aultHttpHeaderMapper| setting headerName=[Date], value=1 689 189 641 000
22:20:41,863 DEBUG aultHttpHeaderMapper| headerName=[keep-alive] WILL NOT be mapped
22:20:41,863 DEBUG aultHttpHeaderMapper| headerName=[connection] WILL be mapped, matched pattern=connection
22:20:41,863 DEBUG aultHttpHeaderMapper| setting headerName=[Connection], value=[keep-alive]
22:20:41,863 DEBUG ltCorrelationManager| Saving correlated object for 'citrus_message_id = '999aafe1-7652-43fb-8ec5-46ec32c3d7ec''
22:20:41,863 INFO  port.LoggingReporter| 
22:20:41,863 DEBUG port.LoggingReporter| TEST STEP 13 SUCCESS
22:20:41,863 INFO  port.LoggingReporter| 
22:20:41,863 DEBUG port.LoggingReporter| TEST STEP 14: receive
22:20:41,863 DEBUG ngCorrelationManager| Get correlation key for 'citrus_message_correlator_httpRESTClient'
22:20:41,863 DEBUG ltCorrelationManager| Finding correlated object for 'citrus_message_id = '999aafe1-7652-43fb-8ec5-46ec32c3d7ec''
22:20:41,864 DEBUG ageValidatorRegistry| Found 4 message validators for message
22:20:41,864 DEBUG ssageHeaderValidator| Start message header validation ...
22:20:41,864 DEBUG faultHeaderValidator| Validating header element: citrus_http_reason_phrase='OK': OK.
22:20:41,865 DEBUG faultHeaderValidator| Validating header element: citrus_http_status_code='200': OK.
22:20:41,865 INFO  ssageHeaderValidator| Message header validation successful: All values OK
22:20:41,865 DEBUG TextMessageValidator| Start JSON message validation ...
22:20:41,865 DEBUG JsonSchemaValidation| Starting Json schema validation ...
22:20:41,865 INFO  JsonSchemaValidation| Json schema validation successful: All values OK
22:20:41,865 DEBUG TextMessageValidator| Received message:
HTTPMESSAGE [id: 8a4ff409-ccd5-45ad-aa11-0d713672d5d0, payload: {"userId":7,"name":"Cordell Beer","course":"Product Solutions Orchestrator","email":"7@qa.ru","age":10,"mark":{"name":"Course mark","score":4}}][headers: {Transfer-Encoding=chunked, Connection=keep-alive, contentType=application/json, Date=1689189641000, citrus_message_id=8a4ff409-ccd5-45ad-aa11-0d713672d5d0, citrus_message_timestamp=1689189641863, Keep-Alive=timeout=60, Content-Type=application/json, citrus_http_status_code=200, citrus_http_reason_phrase=OK, citrus_http_version=HTTP/1.1}]
22:20:41,865 DEBUG TextMessageValidator| Control message:
HTTPMESSAGE [id: ffd7d425-f085-40ad-b622-5902208bd11a, payload: {"userId":7,"email":"@contains('@qa.ru')@","name":"@matches('^[a-zA-Z\\s\\.]*$')@","course":"@matches('^[a-zA-Z\\s]*$')@","age":"@isNumber()@","mark":{"name":"@contains('Course mark')@","score":"@isNumber()@"}}][headers: {citrus_message_id=ffd7d425-f085-40ad-b622-5902208bd11a, citrus_message_timestamp=1689189641863, citrus_http_reason_phrase=OK, citrus_http_status_code=200, citrus_message_type=JSON}]
22:20:41,865 DEBUG TextMessageValidator| Validation successful for JSON entry 'name' (@matches('^[a-zA-Z\s\.]*$')@)
22:20:41,865 DEBUG TextMessageValidator| Validation successful for JSON entry 'course' (@matches('^[a-zA-Z\s]*$')@)
22:20:41,865 DEBUG TextMessageValidator| Validation successful for JSON entry 'userId' (7)
22:20:41,865 DEBUG TextMessageValidator| Validation successful for JSON entry 'email' (@contains('@qa.ru')@)
22:20:41,865 DEBUG TextMessageValidator| Validation successful for JSON entry 'age' (@isNumber()@)
22:20:41,865 DEBUG TextMessageValidator| Validation successful for JSON entry 'score' (@isNumber()@)
22:20:41,865 DEBUG TextMessageValidator| Validation successful for JSON entry 'name' (@contains('Course mark')@)
22:20:41,866 DEBUG TextMessageValidator| Validation successful for JSON entry 'mark' ({"score":"@isNumber()@","name":"@contains('Course mark')@"})
22:20:41,866 INFO  TextMessageValidator| JSON message validation successful: All values OK
22:20:41,866 INFO  port.LoggingReporter| 
22:20:41,866 DEBUG port.LoggingReporter| TEST STEP 14 SUCCESS
]]></system-out>
  </testcase>
  <testcase name="getUserStubParametrizedTest(int)[8]" classname="citrus.HttpRESTStubTests" time="0.011">
    <system-out><![CDATA[22:20:41,868 INFO  port.LoggingReporter| 
22:20:41,868 INFO  port.LoggingReporter| ------------------------------------------------------------------------
22:20:41,868 DEBUG port.LoggingReporter| STARTING TEST HttpRESTStubTests.getUserStubParametrizedTest <citrus>
22:20:41,868 INFO  port.LoggingReporter| 
22:20:41,868 DEBUG trus.DefaultTestCase| Initializing test case
22:20:41,868 DEBUG trus.DefaultTestCase| Global variables:
22:20:41,868 DEBUG trus.DefaultTestCase| citrus_message_correlator_httpRESTClient = citrus_message_id = '999aafe1-7652-43fb-8ec5-46ec32c3d7ec'
22:20:41,868 DEBUG trus.DefaultTestCase| default.test.author = Unknown
22:20:41,868 DEBUG trus.DefaultTestCase| citrus.test.package = citrus
22:20:41,868 DEBUG trus.DefaultTestCase| citrus.test.name = HttpRESTStubTests.getUserStubParametrizedTest
22:20:41,868 DEBUG trus.DefaultTestCase| project.name = Citrus Integration Tests
22:20:41,868 DEBUG trus.DefaultTestCase| userId = 35
22:20:41,868 DEBUG trus.DefaultTestCase| citrus_message_replyTo_citrus_message_correlator_httpRESTClient = http://localhost:8080/user/get/7
22:20:41,868 DEBUG trus.DefaultTestCase| url = http://localhost:8080/user
22:20:41,868 DEBUG trus.DefaultTestCase| default.test.package = citrus
22:20:41,868 DEBUG  context.TestContext| Setting variable: citrus.test.name with value: 'HttpRESTStubTests.getUserStubParametrizedTest'
22:20:41,868 DEBUG  context.TestContext| Setting variable: citrus.test.package with value: 'citrus'
22:20:41,868 DEBUG trus.DefaultTestCase| Test variables:
22:20:41,868 DEBUG trus.DefaultTestCase| citrus_message_correlator_httpRESTClient = citrus_message_id = '999aafe1-7652-43fb-8ec5-46ec32c3d7ec'
22:20:41,868 DEBUG trus.DefaultTestCase| default.test.author = Unknown
22:20:41,868 DEBUG trus.DefaultTestCase| citrus.test.package = citrus
22:20:41,868 DEBUG trus.DefaultTestCase| citrus.test.name = HttpRESTStubTests.getUserStubParametrizedTest
22:20:41,868 DEBUG trus.DefaultTestCase| project.name = Citrus Integration Tests
22:20:41,868 DEBUG trus.DefaultTestCase| userId = 35
22:20:41,868 DEBUG trus.DefaultTestCase| citrus_message_replyTo_citrus_message_correlator_httpRESTClient = http://localhost:8080/user/get/7
22:20:41,868 DEBUG trus.DefaultTestCase| url = http://localhost:8080/user
22:20:41,868 DEBUG trus.DefaultTestCase| default.test.package = citrus
22:20:41,869 INFO  port.LoggingReporter| 
22:20:41,869 DEBUG port.LoggingReporter| TEST STEP 15: send
22:20:41,869 DEBUG ltCorrelationManager| Saving correlation key for 'citrus_message_correlator_httpRESTClient'
22:20:41,869 DEBUG  context.TestContext| Setting variable: citrus_message_correlator_httpRESTClient with value: 'citrus_message_id = '8d65dfad-002d-4b37-9962-0cb62b345d8d''
22:20:41,869 DEBUG  context.TestContext| Setting variable: citrus_message_replyTo_citrus_message_correlator_httpRESTClient with value: 'http://localhost:8080/user/get/8'
22:20:41,869 INFO     client.HttpClient| Sending HTTP message to: 'http://localhost:8080/user/get/8'
22:20:41,869 DEBUG    client.HttpClient| Message to send:

22:20:41,869 DEBUG aultHttpHeaderMapper| outboundHeaderNames=[Accept, Accept-Charset, Accept-Encoding, Accept-Language, Accept-Ranges, Authorization, Cache-Control, Connection, Content-Length, Content-Type, Cookie, Date, Expect, From, Host, If-Match, If-Modified-Since, If-None-Match, If-Range, If-Unmodified-Since, Max-Forwards, Pragma, Proxy-Authorization, Range, Referer, TE, Upgrade, User-Agent, Via, Warning]
22:20:41,869 DEBUG aultHttpHeaderMapper| headerName=[citrus_message_timestamp] WILL NOT be mapped
22:20:41,869 DEBUG aultHttpHeaderMapper| headerName=[citrus_message_type] WILL NOT be mapped
22:20:41,869 DEBUG aultHttpHeaderMapper| headerName=[citrus_request_path] WILL NOT be mapped
22:20:41,869 DEBUG aultHttpHeaderMapper| headerName=[citrus_http_request_uri] WILL NOT be mapped
22:20:41,869 DEBUG aultHttpHeaderMapper| headerName=[id] WILL NOT be mapped
22:20:41,869 DEBUG aultHttpHeaderMapper| headerName=[citrus_message_id] WILL NOT be mapped
22:20:41,869 DEBUG aultHttpHeaderMapper| headerName=[citrus_http_method] WILL NOT be mapped
22:20:41,869 DEBUG aultHttpHeaderMapper| headerName=[timestamp] WILL NOT be mapped
22:20:41,869 DEBUG  client.RestTemplate| HTTP GET http://localhost:8080/user/get/8
22:20:41,869 DEBUG  client.RestTemplate| Accept=[text/plain, application/json, application/*+json, */*]
22:20:41,869 DEBUG ingClientInterceptor| Sending Http request message
22:20:41,870 DEBUG   Logger.Message_OUT| RAWMESSAGE [id: 02ad2c22-73d3-45bb-9856-45eb30c54503, payload: GET http://localhost:8080/user/get/8
Accept:text/plain, application/json, application/*+json, */*
Content-Type:application/json;charset=UTF-8
Content-Length:0][headers: {citrus_message_id=02ad2c22-73d3-45bb-9856-45eb30c54503, citrus_message_timestamp=1689189641869}]
22:20:41,871 DEBUG ol.RequestAddCookies| CookieSpec selected: default
22:20:41,871 DEBUG col.RequestAuthCache| Auth cache not set in the context
22:20:41,871 DEBUG entConnectionManager| Connection request: [route: {}->http://localhost:8080][total available: 1; route allocated: 1 of 5; total allocated: 1 of 10]
22:20:41,871 DEBUG entConnectionManager| Connection leased: [id: 0][route: {}->http://localhost:8080][total available: 0; route allocated: 1 of 5; total allocated: 1 of 10]
22:20:41,871 DEBUG HttpClientConnection| http-outgoing-0: set socket timeout to 0
22:20:41,871 DEBUG chain.MainClientExec| Executing request GET /user/get/8 HTTP/1.1
22:20:41,871 DEBUG chain.MainClientExec| Target auth state: UNCHALLENGED
22:20:41,871 DEBUG chain.MainClientExec| Proxy auth state: UNCHALLENGED
22:20:41,871 DEBUG         http.headers| http-outgoing-0 >> GET /user/get/8 HTTP/1.1
22:20:41,871 DEBUG         http.headers| http-outgoing-0 >> Accept: text/plain, application/json, application/*+json, */*
22:20:41,871 DEBUG         http.headers| http-outgoing-0 >> Content-Type: application/json;charset=UTF-8
22:20:41,871 DEBUG         http.headers| http-outgoing-0 >> Host: localhost:8080
22:20:41,871 DEBUG         http.headers| http-outgoing-0 >> Connection: Keep-Alive
22:20:41,871 DEBUG         http.headers| http-outgoing-0 >> User-Agent: Apache-HttpClient/4.5.13 (Java/11.0.16)
22:20:41,871 DEBUG         http.headers| http-outgoing-0 >> Accept-Encoding: gzip,deflate
22:20:41,871 DEBUG            http.wire| http-outgoing-0 >> "GET /user/get/8 HTTP/1.1[\r][\n]"
22:20:41,871 DEBUG            http.wire| http-outgoing-0 >> "Accept: text/plain, application/json, application/*+json, */*[\r][\n]"
22:20:41,871 DEBUG            http.wire| http-outgoing-0 >> "Content-Type: application/json;charset=UTF-8[\r][\n]"
22:20:41,871 DEBUG            http.wire| http-outgoing-0 >> "Host: localhost:8080[\r][\n]"
22:20:41,871 DEBUG            http.wire| http-outgoing-0 >> "Connection: Keep-Alive[\r][\n]"
22:20:41,871 DEBUG            http.wire| http-outgoing-0 >> "User-Agent: Apache-HttpClient/4.5.13 (Java/11.0.16)[\r][\n]"
22:20:41,871 DEBUG            http.wire| http-outgoing-0 >> "Accept-Encoding: gzip,deflate[\r][\n]"
22:20:41,871 DEBUG            http.wire| http-outgoing-0 >> "[\r][\n]"
22:20:41,872 DEBUG            http.wire| http-outgoing-0 << "HTTP/1.1 200 [\r][\n]"
22:20:41,872 DEBUG            http.wire| http-outgoing-0 << "Content-Type: application/json[\r][\n]"
22:20:41,872 DEBUG            http.wire| http-outgoing-0 << "Transfer-Encoding: chunked[\r][\n]"
22:20:41,872 DEBUG            http.wire| http-outgoing-0 << "Date: Wed, 12 Jul 2023 19:20:41 GMT[\r][\n]"
22:20:41,872 DEBUG            http.wire| http-outgoing-0 << "Keep-Alive: timeout=60[\r][\n]"
22:20:41,872 DEBUG            http.wire| http-outgoing-0 << "Connection: keep-alive[\r][\n]"
22:20:41,872 DEBUG            http.wire| http-outgoing-0 << "[\r][\n]"
22:20:41,872 DEBUG            http.wire| http-outgoing-0 << "91[\r][\n]"
22:20:41,872 DEBUG            http.wire| http-outgoing-0 << "{"userId":8,"name":"Mr. Jeanette Schaefer","course":"Human Usability Planner","email":"8@qa.ru","age":65,"mark":{"name":"Course mark","score":8}}[\r][\n]"
22:20:41,872 DEBUG         http.headers| http-outgoing-0 << HTTP/1.1 200 
22:20:41,872 DEBUG         http.headers| http-outgoing-0 << Content-Type: application/json
22:20:41,872 DEBUG         http.headers| http-outgoing-0 << Transfer-Encoding: chunked
22:20:41,872 DEBUG         http.headers| http-outgoing-0 << Date: Wed, 12 Jul 2023 19:20:41 GMT
22:20:41,872 DEBUG         http.headers| http-outgoing-0 << Keep-Alive: timeout=60
22:20:41,872 DEBUG         http.headers| http-outgoing-0 << Connection: keep-alive
22:20:41,872 DEBUG chain.MainClientExec| Connection can be kept alive for 60000 MILLISECONDS
22:20:41,872 DEBUG            http.wire| http-outgoing-0 << "0[\r][\n]"
22:20:41,872 DEBUG            http.wire| http-outgoing-0 << "[\r][\n]"
22:20:41,873 DEBUG entConnectionManager| Connection [id: 0][route: {}->http://localhost:8080] can be kept alive for 60.0 seconds
22:20:41,873 DEBUG HttpClientConnection| http-outgoing-0: set socket timeout to 0
22:20:41,873 DEBUG entConnectionManager| Connection released: [id: 0][route: {}->http://localhost:8080][total available: 1; route allocated: 1 of 5; total allocated: 1 of 10]
22:20:41,873 DEBUG ingClientInterceptor| Received Http response message
22:20:41,874 DEBUG    Logger.Message_IN| RAWMESSAGE [id: 8da8cf64-876b-43b7-8a73-0fee322ac97f, payload: HTTP/1.1 200 OK 
Content-Type:application/json
Transfer-Encoding:chunked
Date:Wed, 12 Jul 2023 19:20:41 GMT
Keep-Alive:timeout=60
Connection:keep-alive

{"userId":8,"name":"Mr. Jeanette Schaefer","course":"Human Usability Planner","email":"8@qa.ru","age":65,"mark":{"name":"Course mark","score":8}}][headers: {citrus_message_id=8da8cf64-876b-43b7-8a73-0fee322ac97f, citrus_message_timestamp=1689189641873}]
22:20:41,874 DEBUG  client.RestTemplate| Response 200 OK
22:20:41,874 DEBUG  client.RestTemplate| Reading to [java.lang.String] as "application/json"
22:20:41,874 INFO     client.HttpClient| HTTP message was sent to endpoint: 'http://localhost:8080/user/get/8'
22:20:41,874 DEBUG aultHttpHeaderMapper| inboundHeaderNames=[Accept-Ranges, Age, Allow, Cache-Control, Connection, Content-Encoding, Content-Language, Content-Length, Content-Location, Content-MD5, Content-Range, Content-Type, Content-Disposition, Transfer-Encoding, Date, ETag, Expires, Last-Modified, Location, Pragma, Proxy-Authenticate, Refresh, Retry-After, Server, Set-Cookie, Trailer, Vary, Via, Warning, WWW-Authenticate]
22:20:41,874 DEBUG aultHttpHeaderMapper| headerName=[content-type] WILL be mapped, matched pattern=content-type
22:20:41,874 DEBUG aultHttpHeaderMapper| setting headerName=[contentType], value=application/json
22:20:41,874 DEBUG aultHttpHeaderMapper| headerName=[transfer-encoding] WILL be mapped, matched pattern=transfer-encoding
22:20:41,875 DEBUG aultHttpHeaderMapper| setting headerName=[Transfer-Encoding], value=[chunked]
22:20:41,875 DEBUG aultHttpHeaderMapper| headerName=[date] WILL be mapped, matched pattern=date
22:20:41,875 DEBUG aultHttpHeaderMapper| setting headerName=[Date], value=1 689 189 641 000
22:20:41,875 DEBUG aultHttpHeaderMapper| headerName=[keep-alive] WILL NOT be mapped
22:20:41,875 DEBUG aultHttpHeaderMapper| headerName=[connection] WILL be mapped, matched pattern=connection
22:20:41,875 DEBUG aultHttpHeaderMapper| setting headerName=[Connection], value=[keep-alive]
22:20:41,875 DEBUG ltCorrelationManager| Saving correlated object for 'citrus_message_id = '8d65dfad-002d-4b37-9962-0cb62b345d8d''
22:20:41,875 INFO  port.LoggingReporter| 
22:20:41,875 DEBUG port.LoggingReporter| TEST STEP 15 SUCCESS
22:20:41,875 INFO  port.LoggingReporter| 
22:20:41,875 DEBUG port.LoggingReporter| TEST STEP 16: receive
22:20:41,875 DEBUG ngCorrelationManager| Get correlation key for 'citrus_message_correlator_httpRESTClient'
22:20:41,875 DEBUG ltCorrelationManager| Finding correlated object for 'citrus_message_id = '8d65dfad-002d-4b37-9962-0cb62b345d8d''
22:20:41,876 DEBUG ageValidatorRegistry| Found 4 message validators for message
22:20:41,876 DEBUG ssageHeaderValidator| Start message header validation ...
22:20:41,876 DEBUG faultHeaderValidator| Validating header element: citrus_http_reason_phrase='OK': OK.
22:20:41,876 DEBUG faultHeaderValidator| Validating header element: citrus_http_status_code='200': OK.
22:20:41,876 INFO  ssageHeaderValidator| Message header validation successful: All values OK
22:20:41,876 DEBUG TextMessageValidator| Start JSON message validation ...
22:20:41,876 DEBUG JsonSchemaValidation| Starting Json schema validation ...
22:20:41,876 INFO  JsonSchemaValidation| Json schema validation successful: All values OK
22:20:41,877 DEBUG TextMessageValidator| Received message:
HTTPMESSAGE [id: ee1c4b9c-13af-4c4d-9bf2-4417db48ee1f, payload: {"userId":8,"name":"Mr. Jeanette Schaefer","course":"Human Usability Planner","email":"8@qa.ru","age":65,"mark":{"name":"Course mark","score":8}}][headers: {Transfer-Encoding=chunked, Connection=keep-alive, contentType=application/json, Date=1689189641000, citrus_message_id=ee1c4b9c-13af-4c4d-9bf2-4417db48ee1f, citrus_message_timestamp=1689189641875, Keep-Alive=timeout=60, Content-Type=application/json, citrus_http_status_code=200, citrus_http_reason_phrase=OK, citrus_http_version=HTTP/1.1}]
22:20:41,877 DEBUG TextMessageValidator| Control message:
HTTPMESSAGE [id: eb21da5a-1604-406b-b6cb-3be3382ea987, payload: {"userId":8,"email":"@contains('@qa.ru')@","name":"@matches('^[a-zA-Z\\s\\.]*$')@","course":"@matches('^[a-zA-Z\\s]*$')@","age":"@isNumber()@","mark":{"name":"@contains('Course mark')@","score":"@isNumber()@"}}][headers: {citrus_message_id=eb21da5a-1604-406b-b6cb-3be3382ea987, citrus_message_timestamp=1689189641875, citrus_http_reason_phrase=OK, citrus_http_status_code=200, citrus_message_type=JSON}]
22:20:41,877 DEBUG TextMessageValidator| Validation successful for JSON entry 'name' (@matches('^[a-zA-Z\s\.]*$')@)
22:20:41,877 DEBUG TextMessageValidator| Validation successful for JSON entry 'course' (@matches('^[a-zA-Z\s]*$')@)
22:20:41,877 DEBUG TextMessageValidator| Validation successful for JSON entry 'userId' (8)
22:20:41,877 DEBUG TextMessageValidator| Validation successful for JSON entry 'email' (@contains('@qa.ru')@)
22:20:41,877 DEBUG TextMessageValidator| Validation successful for JSON entry 'age' (@isNumber()@)
22:20:41,877 DEBUG TextMessageValidator| Validation successful for JSON entry 'score' (@isNumber()@)
22:20:41,877 DEBUG TextMessageValidator| Validation successful for JSON entry 'name' (@contains('Course mark')@)
22:20:41,877 DEBUG TextMessageValidator| Validation successful for JSON entry 'mark' ({"score":"@isNumber()@","name":"@contains('Course mark')@"})
22:20:41,877 INFO  TextMessageValidator| JSON message validation successful: All values OK
22:20:41,877 INFO  port.LoggingReporter| 
22:20:41,877 DEBUG port.LoggingReporter| TEST STEP 16 SUCCESS
]]></system-out>
  </testcase>
  <testcase name="getUserStubParametrizedTest(int)[9]" classname="citrus.HttpRESTStubTests" time="0.013">
    <system-out><![CDATA[22:20:41,880 INFO  port.LoggingReporter| 
22:20:41,880 INFO  port.LoggingReporter| ------------------------------------------------------------------------
22:20:41,880 DEBUG port.LoggingReporter| STARTING TEST HttpRESTStubTests.getUserStubParametrizedTest <citrus>
22:20:41,880 INFO  port.LoggingReporter| 
22:20:41,880 DEBUG trus.DefaultTestCase| Initializing test case
22:20:41,880 DEBUG trus.DefaultTestCase| Global variables:
22:20:41,880 DEBUG trus.DefaultTestCase| citrus_message_correlator_httpRESTClient = citrus_message_id = '8d65dfad-002d-4b37-9962-0cb62b345d8d'
22:20:41,880 DEBUG trus.DefaultTestCase| default.test.author = Unknown
22:20:41,880 DEBUG trus.DefaultTestCase| citrus.test.package = citrus
22:20:41,880 DEBUG trus.DefaultTestCase| citrus.test.name = HttpRESTStubTests.getUserStubParametrizedTest
22:20:41,880 DEBUG trus.DefaultTestCase| project.name = Citrus Integration Tests
22:20:41,880 DEBUG trus.DefaultTestCase| userId = 35
22:20:41,880 DEBUG trus.DefaultTestCase| citrus_message_replyTo_citrus_message_correlator_httpRESTClient = http://localhost:8080/user/get/8
22:20:41,880 DEBUG trus.DefaultTestCase| url = http://localhost:8080/user
22:20:41,880 DEBUG trus.DefaultTestCase| default.test.package = citrus
22:20:41,880 DEBUG  context.TestContext| Setting variable: citrus.test.name with value: 'HttpRESTStubTests.getUserStubParametrizedTest'
22:20:41,880 DEBUG  context.TestContext| Setting variable: citrus.test.package with value: 'citrus'
22:20:41,880 DEBUG trus.DefaultTestCase| Test variables:
22:20:41,880 DEBUG trus.DefaultTestCase| citrus_message_correlator_httpRESTClient = citrus_message_id = '8d65dfad-002d-4b37-9962-0cb62b345d8d'
22:20:41,880 DEBUG trus.DefaultTestCase| default.test.author = Unknown
22:20:41,880 DEBUG trus.DefaultTestCase| citrus.test.package = citrus
22:20:41,880 DEBUG trus.DefaultTestCase| citrus.test.name = HttpRESTStubTests.getUserStubParametrizedTest
22:20:41,880 DEBUG trus.DefaultTestCase| project.name = Citrus Integration Tests
22:20:41,880 DEBUG trus.DefaultTestCase| userId = 35
22:20:41,880 DEBUG trus.DefaultTestCase| citrus_message_replyTo_citrus_message_correlator_httpRESTClient = http://localhost:8080/user/get/8
22:20:41,880 DEBUG trus.DefaultTestCase| url = http://localhost:8080/user
22:20:41,880 DEBUG trus.DefaultTestCase| default.test.package = citrus
22:20:41,881 INFO  port.LoggingReporter| 
22:20:41,881 DEBUG port.LoggingReporter| TEST STEP 17: send
22:20:41,881 DEBUG ltCorrelationManager| Saving correlation key for 'citrus_message_correlator_httpRESTClient'
22:20:41,881 DEBUG  context.TestContext| Setting variable: citrus_message_correlator_httpRESTClient with value: 'citrus_message_id = 'b4f509ce-9057-436f-8655-8834648a0291''
22:20:41,881 DEBUG  context.TestContext| Setting variable: citrus_message_replyTo_citrus_message_correlator_httpRESTClient with value: 'http://localhost:8080/user/get/9'
22:20:41,881 INFO     client.HttpClient| Sending HTTP message to: 'http://localhost:8080/user/get/9'
22:20:41,881 DEBUG    client.HttpClient| Message to send:

22:20:41,881 DEBUG aultHttpHeaderMapper| outboundHeaderNames=[Accept, Accept-Charset, Accept-Encoding, Accept-Language, Accept-Ranges, Authorization, Cache-Control, Connection, Content-Length, Content-Type, Cookie, Date, Expect, From, Host, If-Match, If-Modified-Since, If-None-Match, If-Range, If-Unmodified-Since, Max-Forwards, Pragma, Proxy-Authorization, Range, Referer, TE, Upgrade, User-Agent, Via, Warning]
22:20:41,881 DEBUG aultHttpHeaderMapper| headerName=[citrus_message_timestamp] WILL NOT be mapped
22:20:41,881 DEBUG aultHttpHeaderMapper| headerName=[citrus_message_type] WILL NOT be mapped
22:20:41,881 DEBUG aultHttpHeaderMapper| headerName=[citrus_request_path] WILL NOT be mapped
22:20:41,881 DEBUG aultHttpHeaderMapper| headerName=[citrus_http_request_uri] WILL NOT be mapped
22:20:41,881 DEBUG aultHttpHeaderMapper| headerName=[id] WILL NOT be mapped
22:20:41,881 DEBUG aultHttpHeaderMapper| headerName=[citrus_message_id] WILL NOT be mapped
22:20:41,881 DEBUG aultHttpHeaderMapper| headerName=[citrus_http_method] WILL NOT be mapped
22:20:41,881 DEBUG aultHttpHeaderMapper| headerName=[timestamp] WILL NOT be mapped
22:20:41,881 DEBUG  client.RestTemplate| HTTP GET http://localhost:8080/user/get/9
22:20:41,881 DEBUG  client.RestTemplate| Accept=[text/plain, application/json, application/*+json, */*]
22:20:41,881 DEBUG ingClientInterceptor| Sending Http request message
22:20:41,882 DEBUG   Logger.Message_OUT| RAWMESSAGE [id: edfda3a9-e8af-408f-911a-27f1bf72e63b, payload: GET http://localhost:8080/user/get/9
Accept:text/plain, application/json, application/*+json, */*
Content-Type:application/json;charset=UTF-8
Content-Length:0][headers: {citrus_message_id=edfda3a9-e8af-408f-911a-27f1bf72e63b, citrus_message_timestamp=1689189641881}]
22:20:41,883 DEBUG ol.RequestAddCookies| CookieSpec selected: default
22:20:41,883 DEBUG col.RequestAuthCache| Auth cache not set in the context
22:20:41,883 DEBUG entConnectionManager| Connection request: [route: {}->http://localhost:8080][total available: 1; route allocated: 1 of 5; total allocated: 1 of 10]
22:20:41,883 DEBUG entConnectionManager| Connection leased: [id: 0][route: {}->http://localhost:8080][total available: 0; route allocated: 1 of 5; total allocated: 1 of 10]
22:20:41,883 DEBUG HttpClientConnection| http-outgoing-0: set socket timeout to 0
22:20:41,883 DEBUG chain.MainClientExec| Executing request GET /user/get/9 HTTP/1.1
22:20:41,883 DEBUG chain.MainClientExec| Target auth state: UNCHALLENGED
22:20:41,883 DEBUG chain.MainClientExec| Proxy auth state: UNCHALLENGED
22:20:41,883 DEBUG         http.headers| http-outgoing-0 >> GET /user/get/9 HTTP/1.1
22:20:41,883 DEBUG         http.headers| http-outgoing-0 >> Accept: text/plain, application/json, application/*+json, */*
22:20:41,883 DEBUG         http.headers| http-outgoing-0 >> Content-Type: application/json;charset=UTF-8
22:20:41,883 DEBUG         http.headers| http-outgoing-0 >> Host: localhost:8080
22:20:41,883 DEBUG         http.headers| http-outgoing-0 >> Connection: Keep-Alive
22:20:41,883 DEBUG         http.headers| http-outgoing-0 >> User-Agent: Apache-HttpClient/4.5.13 (Java/11.0.16)
22:20:41,883 DEBUG         http.headers| http-outgoing-0 >> Accept-Encoding: gzip,deflate
22:20:41,883 DEBUG            http.wire| http-outgoing-0 >> "GET /user/get/9 HTTP/1.1[\r][\n]"
22:20:41,883 DEBUG            http.wire| http-outgoing-0 >> "Accept: text/plain, application/json, application/*+json, */*[\r][\n]"
22:20:41,883 DEBUG            http.wire| http-outgoing-0 >> "Content-Type: application/json;charset=UTF-8[\r][\n]"
22:20:41,883 DEBUG            http.wire| http-outgoing-0 >> "Host: localhost:8080[\r][\n]"
22:20:41,883 DEBUG            http.wire| http-outgoing-0 >> "Connection: Keep-Alive[\r][\n]"
22:20:41,883 DEBUG            http.wire| http-outgoing-0 >> "User-Agent: Apache-HttpClient/4.5.13 (Java/11.0.16)[\r][\n]"
22:20:41,883 DEBUG            http.wire| http-outgoing-0 >> "Accept-Encoding: gzip,deflate[\r][\n]"
22:20:41,883 DEBUG            http.wire| http-outgoing-0 >> "[\r][\n]"
22:20:41,885 DEBUG            http.wire| http-outgoing-0 << "HTTP/1.1 200 [\r][\n]"
22:20:41,885 DEBUG            http.wire| http-outgoing-0 << "Content-Type: application/json[\r][\n]"
22:20:41,885 DEBUG            http.wire| http-outgoing-0 << "Transfer-Encoding: chunked[\r][\n]"
22:20:41,885 DEBUG            http.wire| http-outgoing-0 << "Date: Wed, 12 Jul 2023 19:20:41 GMT[\r][\n]"
22:20:41,885 DEBUG            http.wire| http-outgoing-0 << "Keep-Alive: timeout=60[\r][\n]"
22:20:41,885 DEBUG            http.wire| http-outgoing-0 << "Connection: keep-alive[\r][\n]"
22:20:41,885 DEBUG            http.wire| http-outgoing-0 << "[\r][\n]"
22:20:41,885 DEBUG            http.wire| http-outgoing-0 << "8a[\r][\n]"
22:20:41,885 DEBUG            http.wire| http-outgoing-0 << "{"userId":9,"name":"Herman Cronin","course":"Dynamic Factors Producer","email":"9@qa.ru","age":33,"mark":{"name":"Course mark","score":3}}[\r][\n]"
22:20:41,885 DEBUG         http.headers| http-outgoing-0 << HTTP/1.1 200 
22:20:41,885 DEBUG         http.headers| http-outgoing-0 << Content-Type: application/json
22:20:41,885 DEBUG         http.headers| http-outgoing-0 << Transfer-Encoding: chunked
22:20:41,885 DEBUG         http.headers| http-outgoing-0 << Date: Wed, 12 Jul 2023 19:20:41 GMT
22:20:41,885 DEBUG         http.headers| http-outgoing-0 << Keep-Alive: timeout=60
22:20:41,885 DEBUG         http.headers| http-outgoing-0 << Connection: keep-alive
22:20:41,885 DEBUG chain.MainClientExec| Connection can be kept alive for 60000 MILLISECONDS
22:20:41,885 DEBUG            http.wire| http-outgoing-0 << "0[\r][\n]"
22:20:41,885 DEBUG            http.wire| http-outgoing-0 << "[\r][\n]"
22:20:41,885 DEBUG entConnectionManager| Connection [id: 0][route: {}->http://localhost:8080] can be kept alive for 60.0 seconds
22:20:41,885 DEBUG HttpClientConnection| http-outgoing-0: set socket timeout to 0
22:20:41,885 DEBUG entConnectionManager| Connection released: [id: 0][route: {}->http://localhost:8080][total available: 1; route allocated: 1 of 5; total allocated: 1 of 10]
22:20:41,885 DEBUG ingClientInterceptor| Received Http response message
22:20:41,887 DEBUG    Logger.Message_IN| RAWMESSAGE [id: 29a162bb-2fba-4197-9081-4f55fa0d33ad, payload: HTTP/1.1 200 OK 
Content-Type:application/json
Transfer-Encoding:chunked
Date:Wed, 12 Jul 2023 19:20:41 GMT
Keep-Alive:timeout=60
Connection:keep-alive

{"userId":9,"name":"Herman Cronin","course":"Dynamic Factors Producer","email":"9@qa.ru","age":33,"mark":{"name":"Course mark","score":3}}][headers: {citrus_message_id=29a162bb-2fba-4197-9081-4f55fa0d33ad, citrus_message_timestamp=1689189641885}]
22:20:41,887 DEBUG  client.RestTemplate| Response 200 OK
22:20:41,887 DEBUG  client.RestTemplate| Reading to [java.lang.String] as "application/json"
22:20:41,887 INFO     client.HttpClient| HTTP message was sent to endpoint: 'http://localhost:8080/user/get/9'
22:20:41,887 DEBUG aultHttpHeaderMapper| inboundHeaderNames=[Accept-Ranges, Age, Allow, Cache-Control, Connection, Content-Encoding, Content-Language, Content-Length, Content-Location, Content-MD5, Content-Range, Content-Type, Content-Disposition, Transfer-Encoding, Date, ETag, Expires, Last-Modified, Location, Pragma, Proxy-Authenticate, Refresh, Retry-After, Server, Set-Cookie, Trailer, Vary, Via, Warning, WWW-Authenticate]
22:20:41,887 DEBUG aultHttpHeaderMapper| headerName=[content-type] WILL be mapped, matched pattern=content-type
22:20:41,887 DEBUG aultHttpHeaderMapper| setting headerName=[contentType], value=application/json
22:20:41,887 DEBUG aultHttpHeaderMapper| headerName=[transfer-encoding] WILL be mapped, matched pattern=transfer-encoding
22:20:41,887 DEBUG aultHttpHeaderMapper| setting headerName=[Transfer-Encoding], value=[chunked]
22:20:41,887 DEBUG aultHttpHeaderMapper| headerName=[date] WILL be mapped, matched pattern=date
22:20:41,887 DEBUG aultHttpHeaderMapper| setting headerName=[Date], value=1 689 189 641 000
22:20:41,887 DEBUG aultHttpHeaderMapper| headerName=[keep-alive] WILL NOT be mapped
22:20:41,887 DEBUG aultHttpHeaderMapper| headerName=[connection] WILL be mapped, matched pattern=connection
22:20:41,887 DEBUG aultHttpHeaderMapper| setting headerName=[Connection], value=[keep-alive]
22:20:41,888 DEBUG ltCorrelationManager| Saving correlated object for 'citrus_message_id = 'b4f509ce-9057-436f-8655-8834648a0291''
22:20:41,888 INFO  port.LoggingReporter| 
22:20:41,888 DEBUG port.LoggingReporter| TEST STEP 17 SUCCESS
22:20:41,888 INFO  port.LoggingReporter| 
22:20:41,888 DEBUG port.LoggingReporter| TEST STEP 18: receive
22:20:41,888 DEBUG ngCorrelationManager| Get correlation key for 'citrus_message_correlator_httpRESTClient'
22:20:41,888 DEBUG ltCorrelationManager| Finding correlated object for 'citrus_message_id = 'b4f509ce-9057-436f-8655-8834648a0291''
22:20:41,889 DEBUG ageValidatorRegistry| Found 4 message validators for message
22:20:41,890 DEBUG ssageHeaderValidator| Start message header validation ...
22:20:41,890 DEBUG faultHeaderValidator| Validating header element: citrus_http_reason_phrase='OK': OK.
22:20:41,890 DEBUG faultHeaderValidator| Validating header element: citrus_http_status_code='200': OK.
22:20:41,890 INFO  ssageHeaderValidator| Message header validation successful: All values OK
22:20:41,890 DEBUG TextMessageValidator| Start JSON message validation ...
22:20:41,890 DEBUG JsonSchemaValidation| Starting Json schema validation ...
22:20:41,890 INFO  JsonSchemaValidation| Json schema validation successful: All values OK
22:20:41,890 DEBUG TextMessageValidator| Received message:
HTTPMESSAGE [id: ec0bf27d-0e0f-4346-99ec-881c2bfeb35f, payload: {"userId":9,"name":"Herman Cronin","course":"Dynamic Factors Producer","email":"9@qa.ru","age":33,"mark":{"name":"Course mark","score":3}}][headers: {Transfer-Encoding=chunked, Connection=keep-alive, contentType=application/json, Date=1689189641000, citrus_message_id=ec0bf27d-0e0f-4346-99ec-881c2bfeb35f, citrus_message_timestamp=1689189641888, Keep-Alive=timeout=60, Content-Type=application/json, citrus_http_status_code=200, citrus_http_reason_phrase=OK, citrus_http_version=HTTP/1.1}]
22:20:41,890 DEBUG TextMessageValidator| Control message:
HTTPMESSAGE [id: 88f3c979-d4d0-465c-bbc0-fb272e9ebf4c, payload: {"userId":9,"email":"@contains('@qa.ru')@","name":"@matches('^[a-zA-Z\\s\\.]*$')@","course":"@matches('^[a-zA-Z\\s]*$')@","age":"@isNumber()@","mark":{"name":"@contains('Course mark')@","score":"@isNumber()@"}}][headers: {citrus_message_id=88f3c979-d4d0-465c-bbc0-fb272e9ebf4c, citrus_message_timestamp=1689189641888, citrus_http_reason_phrase=OK, citrus_http_status_code=200, citrus_message_type=JSON}]
22:20:41,891 DEBUG TextMessageValidator| Validation successful for JSON entry 'name' (@matches('^[a-zA-Z\s\.]*$')@)
22:20:41,891 DEBUG TextMessageValidator| Validation successful for JSON entry 'course' (@matches('^[a-zA-Z\s]*$')@)
22:20:41,891 DEBUG TextMessageValidator| Validation successful for JSON entry 'userId' (9)
22:20:41,891 DEBUG TextMessageValidator| Validation successful for JSON entry 'email' (@contains('@qa.ru')@)
22:20:41,891 DEBUG TextMessageValidator| Validation successful for JSON entry 'age' (@isNumber()@)
22:20:41,891 DEBUG TextMessageValidator| Validation successful for JSON entry 'score' (@isNumber()@)
22:20:41,891 DEBUG TextMessageValidator| Validation successful for JSON entry 'name' (@contains('Course mark')@)
22:20:41,891 DEBUG TextMessageValidator| Validation successful for JSON entry 'mark' ({"score":"@isNumber()@","name":"@contains('Course mark')@"})
22:20:41,891 INFO  TextMessageValidator| JSON message validation successful: All values OK
22:20:41,891 INFO  port.LoggingReporter| 
22:20:41,891 DEBUG port.LoggingReporter| TEST STEP 18 SUCCESS
]]></system-out>
  </testcase>
  <testcase name="getUserStubParametrizedTest(int)[10]" classname="citrus.HttpRESTStubTests" time="0.013">
    <system-out><![CDATA[22:20:41,895 INFO  port.LoggingReporter| 
22:20:41,895 INFO  port.LoggingReporter| ------------------------------------------------------------------------
22:20:41,895 DEBUG port.LoggingReporter| STARTING TEST HttpRESTStubTests.getUserStubParametrizedTest <citrus>
22:20:41,895 INFO  port.LoggingReporter| 
22:20:41,895 DEBUG trus.DefaultTestCase| Initializing test case
22:20:41,895 DEBUG trus.DefaultTestCase| Global variables:
22:20:41,895 DEBUG trus.DefaultTestCase| citrus_message_correlator_httpRESTClient = citrus_message_id = 'b4f509ce-9057-436f-8655-8834648a0291'
22:20:41,895 DEBUG trus.DefaultTestCase| default.test.author = Unknown
22:20:41,895 DEBUG trus.DefaultTestCase| citrus.test.package = citrus
22:20:41,895 DEBUG trus.DefaultTestCase| citrus.test.name = HttpRESTStubTests.getUserStubParametrizedTest
22:20:41,895 DEBUG trus.DefaultTestCase| project.name = Citrus Integration Tests
22:20:41,895 DEBUG trus.DefaultTestCase| userId = 35
22:20:41,895 DEBUG trus.DefaultTestCase| citrus_message_replyTo_citrus_message_correlator_httpRESTClient = http://localhost:8080/user/get/9
22:20:41,895 DEBUG trus.DefaultTestCase| url = http://localhost:8080/user
22:20:41,895 DEBUG trus.DefaultTestCase| default.test.package = citrus
22:20:41,895 DEBUG  context.TestContext| Setting variable: citrus.test.name with value: 'HttpRESTStubTests.getUserStubParametrizedTest'
22:20:41,895 DEBUG  context.TestContext| Setting variable: citrus.test.package with value: 'citrus'
22:20:41,895 DEBUG trus.DefaultTestCase| Test variables:
22:20:41,895 DEBUG trus.DefaultTestCase| citrus_message_correlator_httpRESTClient = citrus_message_id = 'b4f509ce-9057-436f-8655-8834648a0291'
22:20:41,895 DEBUG trus.DefaultTestCase| default.test.author = Unknown
22:20:41,895 DEBUG trus.DefaultTestCase| citrus.test.package = citrus
22:20:41,895 DEBUG trus.DefaultTestCase| citrus.test.name = HttpRESTStubTests.getUserStubParametrizedTest
22:20:41,895 DEBUG trus.DefaultTestCase| project.name = Citrus Integration Tests
22:20:41,895 DEBUG trus.DefaultTestCase| userId = 35
22:20:41,895 DEBUG trus.DefaultTestCase| citrus_message_replyTo_citrus_message_correlator_httpRESTClient = http://localhost:8080/user/get/9
22:20:41,895 DEBUG trus.DefaultTestCase| url = http://localhost:8080/user
22:20:41,895 DEBUG trus.DefaultTestCase| default.test.package = citrus
22:20:41,895 INFO  port.LoggingReporter| 
22:20:41,895 DEBUG port.LoggingReporter| TEST STEP 19: send
22:20:41,896 DEBUG ltCorrelationManager| Saving correlation key for 'citrus_message_correlator_httpRESTClient'
22:20:41,896 DEBUG  context.TestContext| Setting variable: citrus_message_correlator_httpRESTClient with value: 'citrus_message_id = 'e580c489-42e1-4997-a3b1-5eee905723b0''
22:20:41,896 DEBUG  context.TestContext| Setting variable: citrus_message_replyTo_citrus_message_correlator_httpRESTClient with value: 'http://localhost:8080/user/get/10'
22:20:41,896 INFO     client.HttpClient| Sending HTTP message to: 'http://localhost:8080/user/get/10'
22:20:41,896 DEBUG    client.HttpClient| Message to send:

22:20:41,896 DEBUG aultHttpHeaderMapper| outboundHeaderNames=[Accept, Accept-Charset, Accept-Encoding, Accept-Language, Accept-Ranges, Authorization, Cache-Control, Connection, Content-Length, Content-Type, Cookie, Date, Expect, From, Host, If-Match, If-Modified-Since, If-None-Match, If-Range, If-Unmodified-Since, Max-Forwards, Pragma, Proxy-Authorization, Range, Referer, TE, Upgrade, User-Agent, Via, Warning]
22:20:41,896 DEBUG aultHttpHeaderMapper| headerName=[citrus_message_timestamp] WILL NOT be mapped
22:20:41,896 DEBUG aultHttpHeaderMapper| headerName=[citrus_message_type] WILL NOT be mapped
22:20:41,896 DEBUG aultHttpHeaderMapper| headerName=[citrus_request_path] WILL NOT be mapped
22:20:41,896 DEBUG aultHttpHeaderMapper| headerName=[citrus_http_request_uri] WILL NOT be mapped
22:20:41,896 DEBUG aultHttpHeaderMapper| headerName=[id] WILL NOT be mapped
22:20:41,896 DEBUG aultHttpHeaderMapper| headerName=[citrus_message_id] WILL NOT be mapped
22:20:41,896 DEBUG aultHttpHeaderMapper| headerName=[citrus_http_method] WILL NOT be mapped
22:20:41,896 DEBUG aultHttpHeaderMapper| headerName=[timestamp] WILL NOT be mapped
22:20:41,896 DEBUG  client.RestTemplate| HTTP GET http://localhost:8080/user/get/10
22:20:41,896 DEBUG  client.RestTemplate| Accept=[text/plain, application/json, application/*+json, */*]
22:20:41,896 DEBUG ingClientInterceptor| Sending Http request message
22:20:41,898 DEBUG   Logger.Message_OUT| RAWMESSAGE [id: 8db9d058-7133-41e6-9944-329b58cac6d4, payload: GET http://localhost:8080/user/get/10
Accept:text/plain, application/json, application/*+json, */*
Content-Type:application/json;charset=UTF-8
Content-Length:0][headers: {citrus_message_id=8db9d058-7133-41e6-9944-329b58cac6d4, citrus_message_timestamp=1689189641896}]
22:20:41,898 DEBUG ol.RequestAddCookies| CookieSpec selected: default
22:20:41,898 DEBUG col.RequestAuthCache| Auth cache not set in the context
22:20:41,898 DEBUG entConnectionManager| Connection request: [route: {}->http://localhost:8080][total available: 1; route allocated: 1 of 5; total allocated: 1 of 10]
22:20:41,898 DEBUG entConnectionManager| Connection leased: [id: 0][route: {}->http://localhost:8080][total available: 0; route allocated: 1 of 5; total allocated: 1 of 10]
22:20:41,898 DEBUG HttpClientConnection| http-outgoing-0: set socket timeout to 0
22:20:41,898 DEBUG chain.MainClientExec| Executing request GET /user/get/10 HTTP/1.1
22:20:41,898 DEBUG chain.MainClientExec| Target auth state: UNCHALLENGED
22:20:41,898 DEBUG chain.MainClientExec| Proxy auth state: UNCHALLENGED
22:20:41,898 DEBUG         http.headers| http-outgoing-0 >> GET /user/get/10 HTTP/1.1
22:20:41,898 DEBUG         http.headers| http-outgoing-0 >> Accept: text/plain, application/json, application/*+json, */*
22:20:41,898 DEBUG         http.headers| http-outgoing-0 >> Content-Type: application/json;charset=UTF-8
22:20:41,898 DEBUG         http.headers| http-outgoing-0 >> Host: localhost:8080
22:20:41,898 DEBUG         http.headers| http-outgoing-0 >> Connection: Keep-Alive
22:20:41,898 DEBUG         http.headers| http-outgoing-0 >> User-Agent: Apache-HttpClient/4.5.13 (Java/11.0.16)
22:20:41,898 DEBUG         http.headers| http-outgoing-0 >> Accept-Encoding: gzip,deflate
22:20:41,898 DEBUG            http.wire| http-outgoing-0 >> "GET /user/get/10 HTTP/1.1[\r][\n]"
22:20:41,898 DEBUG            http.wire| http-outgoing-0 >> "Accept: text/plain, application/json, application/*+json, */*[\r][\n]"
22:20:41,898 DEBUG            http.wire| http-outgoing-0 >> "Content-Type: application/json;charset=UTF-8[\r][\n]"
22:20:41,898 DEBUG            http.wire| http-outgoing-0 >> "Host: localhost:8080[\r][\n]"
22:20:41,898 DEBUG            http.wire| http-outgoing-0 >> "Connection: Keep-Alive[\r][\n]"
22:20:41,898 DEBUG            http.wire| http-outgoing-0 >> "User-Agent: Apache-HttpClient/4.5.13 (Java/11.0.16)[\r][\n]"
22:20:41,898 DEBUG            http.wire| http-outgoing-0 >> "Accept-Encoding: gzip,deflate[\r][\n]"
22:20:41,898 DEBUG            http.wire| http-outgoing-0 >> "[\r][\n]"
22:20:41,900 DEBUG            http.wire| http-outgoing-0 << "HTTP/1.1 200 [\r][\n]"
22:20:41,900 DEBUG            http.wire| http-outgoing-0 << "Content-Type: application/json[\r][\n]"
22:20:41,900 DEBUG            http.wire| http-outgoing-0 << "Transfer-Encoding: chunked[\r][\n]"
22:20:41,900 DEBUG            http.wire| http-outgoing-0 << "Date: Wed, 12 Jul 2023 19:20:41 GMT[\r][\n]"
22:20:41,900 DEBUG            http.wire| http-outgoing-0 << "Keep-Alive: timeout=60[\r][\n]"
22:20:41,900 DEBUG            http.wire| http-outgoing-0 << "Connection: keep-alive[\r][\n]"
22:20:41,900 DEBUG            http.wire| http-outgoing-0 << "[\r][\n]"
22:20:41,900 DEBUG            http.wire| http-outgoing-0 << "94[\r][\n]"
22:20:41,900 DEBUG            http.wire| http-outgoing-0 << "{"userId":10,"name":"Randell Gleichner","course":"Internal Creative Technician","email":"10@qa.ru","age":63,"mark":{"name":"Course mark","score":1}}[\r][\n]"
22:20:41,900 DEBUG         http.headers| http-outgoing-0 << HTTP/1.1 200 
22:20:41,900 DEBUG         http.headers| http-outgoing-0 << Content-Type: application/json
22:20:41,900 DEBUG         http.headers| http-outgoing-0 << Transfer-Encoding: chunked
22:20:41,900 DEBUG         http.headers| http-outgoing-0 << Date: Wed, 12 Jul 2023 19:20:41 GMT
22:20:41,900 DEBUG         http.headers| http-outgoing-0 << Keep-Alive: timeout=60
22:20:41,900 DEBUG         http.headers| http-outgoing-0 << Connection: keep-alive
22:20:41,900 DEBUG chain.MainClientExec| Connection can be kept alive for 60000 MILLISECONDS
22:20:41,900 DEBUG            http.wire| http-outgoing-0 << "0[\r][\n]"
22:20:41,900 DEBUG            http.wire| http-outgoing-0 << "[\r][\n]"
22:20:41,900 DEBUG entConnectionManager| Connection [id: 0][route: {}->http://localhost:8080] can be kept alive for 60.0 seconds
22:20:41,900 DEBUG HttpClientConnection| http-outgoing-0: set socket timeout to 0
22:20:41,900 DEBUG entConnectionManager| Connection released: [id: 0][route: {}->http://localhost:8080][total available: 1; route allocated: 1 of 5; total allocated: 1 of 10]
22:20:41,900 DEBUG ingClientInterceptor| Received Http response message
22:20:41,902 DEBUG    Logger.Message_IN| RAWMESSAGE [id: ef58f982-fc57-4f15-a578-208581d6a8a9, payload: HTTP/1.1 200 OK 
Content-Type:application/json
Transfer-Encoding:chunked
Date:Wed, 12 Jul 2023 19:20:41 GMT
Keep-Alive:timeout=60
Connection:keep-alive

{"userId":10,"name":"Randell Gleichner","course":"Internal Creative Technician","email":"10@qa.ru","age":63,"mark":{"name":"Course mark","score":1}}][headers: {citrus_message_id=ef58f982-fc57-4f15-a578-208581d6a8a9, citrus_message_timestamp=1689189641900}]
22:20:41,902 DEBUG  client.RestTemplate| Response 200 OK
22:20:41,902 DEBUG  client.RestTemplate| Reading to [java.lang.String] as "application/json"
22:20:41,902 INFO     client.HttpClient| HTTP message was sent to endpoint: 'http://localhost:8080/user/get/10'
22:20:41,902 DEBUG aultHttpHeaderMapper| inboundHeaderNames=[Accept-Ranges, Age, Allow, Cache-Control, Connection, Content-Encoding, Content-Language, Content-Length, Content-Location, Content-MD5, Content-Range, Content-Type, Content-Disposition, Transfer-Encoding, Date, ETag, Expires, Last-Modified, Location, Pragma, Proxy-Authenticate, Refresh, Retry-After, Server, Set-Cookie, Trailer, Vary, Via, Warning, WWW-Authenticate]
22:20:41,902 DEBUG aultHttpHeaderMapper| headerName=[content-type] WILL be mapped, matched pattern=content-type
22:20:41,902 DEBUG aultHttpHeaderMapper| setting headerName=[contentType], value=application/json
22:20:41,902 DEBUG aultHttpHeaderMapper| headerName=[transfer-encoding] WILL be mapped, matched pattern=transfer-encoding
22:20:41,902 DEBUG aultHttpHeaderMapper| setting headerName=[Transfer-Encoding], value=[chunked]
22:20:41,902 DEBUG aultHttpHeaderMapper| headerName=[date] WILL be mapped, matched pattern=date
22:20:41,902 DEBUG aultHttpHeaderMapper| setting headerName=[Date], value=1 689 189 641 000
22:20:41,902 DEBUG aultHttpHeaderMapper| headerName=[keep-alive] WILL NOT be mapped
22:20:41,902 DEBUG aultHttpHeaderMapper| headerName=[connection] WILL be mapped, matched pattern=connection
22:20:41,902 DEBUG aultHttpHeaderMapper| setting headerName=[Connection], value=[keep-alive]
22:20:41,902 DEBUG ltCorrelationManager| Saving correlated object for 'citrus_message_id = 'e580c489-42e1-4997-a3b1-5eee905723b0''
22:20:41,902 INFO  port.LoggingReporter| 
22:20:41,902 DEBUG port.LoggingReporter| TEST STEP 19 SUCCESS
22:20:41,903 INFO  port.LoggingReporter| 
22:20:41,903 DEBUG port.LoggingReporter| TEST STEP 20: receive
22:20:41,903 DEBUG ngCorrelationManager| Get correlation key for 'citrus_message_correlator_httpRESTClient'
22:20:41,903 DEBUG ltCorrelationManager| Finding correlated object for 'citrus_message_id = 'e580c489-42e1-4997-a3b1-5eee905723b0''
22:20:41,904 DEBUG ageValidatorRegistry| Found 4 message validators for message
22:20:41,904 DEBUG ssageHeaderValidator| Start message header validation ...
22:20:41,904 DEBUG faultHeaderValidator| Validating header element: citrus_http_reason_phrase='OK': OK.
22:20:41,904 DEBUG faultHeaderValidator| Validating header element: citrus_http_status_code='200': OK.
22:20:41,904 INFO  ssageHeaderValidator| Message header validation successful: All values OK
22:20:41,904 DEBUG TextMessageValidator| Start JSON message validation ...
22:20:41,904 DEBUG JsonSchemaValidation| Starting Json schema validation ...
22:20:41,904 INFO  JsonSchemaValidation| Json schema validation successful: All values OK
22:20:41,904 DEBUG TextMessageValidator| Received message:
HTTPMESSAGE [id: c970c34c-1794-4390-a6af-ef4298618581, payload: {"userId":10,"name":"Randell Gleichner","course":"Internal Creative Technician","email":"10@qa.ru","age":63,"mark":{"name":"Course mark","score":1}}][headers: {Transfer-Encoding=chunked, Connection=keep-alive, contentType=application/json, Date=1689189641000, citrus_message_id=c970c34c-1794-4390-a6af-ef4298618581, citrus_message_timestamp=1689189641902, Keep-Alive=timeout=60, Content-Type=application/json, citrus_http_status_code=200, citrus_http_reason_phrase=OK, citrus_http_version=HTTP/1.1}]
22:20:41,904 DEBUG TextMessageValidator| Control message:
HTTPMESSAGE [id: a8c73343-a020-4890-9d37-f1ac765eebd6, payload: {"userId":10,"email":"@contains('@qa.ru')@","name":"@matches('^[a-zA-Z\\s\\.]*$')@","course":"@matches('^[a-zA-Z\\s]*$')@","age":"@isNumber()@","mark":{"name":"@contains('Course mark')@","score":"@isNumber()@"}}][headers: {citrus_message_id=a8c73343-a020-4890-9d37-f1ac765eebd6, citrus_message_timestamp=1689189641902, citrus_http_reason_phrase=OK, citrus_http_status_code=200, citrus_message_type=JSON}]
22:20:41,904 DEBUG TextMessageValidator| Validation successful for JSON entry 'name' (@matches('^[a-zA-Z\s\.]*$')@)
22:20:41,904 DEBUG TextMessageValidator| Validation successful for JSON entry 'course' (@matches('^[a-zA-Z\s]*$')@)
22:20:41,904 DEBUG TextMessageValidator| Validation successful for JSON entry 'userId' (10)
22:20:41,904 DEBUG TextMessageValidator| Validation successful for JSON entry 'email' (@contains('@qa.ru')@)
22:20:41,904 DEBUG TextMessageValidator| Validation successful for JSON entry 'age' (@isNumber()@)
22:20:41,904 DEBUG TextMessageValidator| Validation successful for JSON entry 'score' (@isNumber()@)
22:20:41,905 DEBUG TextMessageValidator| Validation successful for JSON entry 'name' (@contains('Course mark')@)
22:20:41,905 DEBUG TextMessageValidator| Validation successful for JSON entry 'mark' ({"score":"@isNumber()@","name":"@contains('Course mark')@"})
22:20:41,905 INFO  TextMessageValidator| JSON message validation successful: All values OK
22:20:41,905 INFO  port.LoggingReporter| 
22:20:41,905 DEBUG port.LoggingReporter| TEST STEP 20 SUCCESS
]]></system-out>
  </testcase>
  <testcase name="getUserStubParametrizedTest(int)[11]" classname="citrus.HttpRESTStubTests" time="0.013">
    <system-out><![CDATA[22:20:41,907 INFO  port.LoggingReporter| 
22:20:41,907 INFO  port.LoggingReporter| ------------------------------------------------------------------------
22:20:41,907 DEBUG port.LoggingReporter| STARTING TEST HttpRESTStubTests.getUserStubParametrizedTest <citrus>
22:20:41,907 INFO  port.LoggingReporter| 
22:20:41,907 DEBUG trus.DefaultTestCase| Initializing test case
22:20:41,907 DEBUG trus.DefaultTestCase| Global variables:
22:20:41,907 DEBUG trus.DefaultTestCase| citrus_message_correlator_httpRESTClient = citrus_message_id = 'e580c489-42e1-4997-a3b1-5eee905723b0'
22:20:41,907 DEBUG trus.DefaultTestCase| default.test.author = Unknown
22:20:41,907 DEBUG trus.DefaultTestCase| citrus.test.package = citrus
22:20:41,907 DEBUG trus.DefaultTestCase| citrus.test.name = HttpRESTStubTests.getUserStubParametrizedTest
22:20:41,907 DEBUG trus.DefaultTestCase| project.name = Citrus Integration Tests
22:20:41,907 DEBUG trus.DefaultTestCase| userId = 35
22:20:41,907 DEBUG trus.DefaultTestCase| citrus_message_replyTo_citrus_message_correlator_httpRESTClient = http://localhost:8080/user/get/10
22:20:41,907 DEBUG trus.DefaultTestCase| url = http://localhost:8080/user
22:20:41,907 DEBUG trus.DefaultTestCase| default.test.package = citrus
22:20:41,907 DEBUG  context.TestContext| Setting variable: citrus.test.name with value: 'HttpRESTStubTests.getUserStubParametrizedTest'
22:20:41,907 DEBUG  context.TestContext| Setting variable: citrus.test.package with value: 'citrus'
22:20:41,907 DEBUG trus.DefaultTestCase| Test variables:
22:20:41,907 DEBUG trus.DefaultTestCase| citrus_message_correlator_httpRESTClient = citrus_message_id = 'e580c489-42e1-4997-a3b1-5eee905723b0'
22:20:41,907 DEBUG trus.DefaultTestCase| default.test.author = Unknown
22:20:41,907 DEBUG trus.DefaultTestCase| citrus.test.package = citrus
22:20:41,907 DEBUG trus.DefaultTestCase| citrus.test.name = HttpRESTStubTests.getUserStubParametrizedTest
22:20:41,907 DEBUG trus.DefaultTestCase| project.name = Citrus Integration Tests
22:20:41,907 DEBUG trus.DefaultTestCase| userId = 35
22:20:41,907 DEBUG trus.DefaultTestCase| citrus_message_replyTo_citrus_message_correlator_httpRESTClient = http://localhost:8080/user/get/10
22:20:41,907 DEBUG trus.DefaultTestCase| url = http://localhost:8080/user
22:20:41,907 DEBUG trus.DefaultTestCase| default.test.package = citrus
22:20:41,908 INFO  port.LoggingReporter| 
22:20:41,908 DEBUG port.LoggingReporter| TEST STEP 21: send
22:20:41,908 DEBUG ltCorrelationManager| Saving correlation key for 'citrus_message_correlator_httpRESTClient'
22:20:41,908 DEBUG  context.TestContext| Setting variable: citrus_message_correlator_httpRESTClient with value: 'citrus_message_id = '2185abc4-7267-44c2-9978-1294e67b3ebe''
22:20:41,908 DEBUG  context.TestContext| Setting variable: citrus_message_replyTo_citrus_message_correlator_httpRESTClient with value: 'http://localhost:8080/user/get/11'
22:20:41,908 INFO     client.HttpClient| Sending HTTP message to: 'http://localhost:8080/user/get/11'
22:20:41,908 DEBUG    client.HttpClient| Message to send:

22:20:41,908 DEBUG aultHttpHeaderMapper| outboundHeaderNames=[Accept, Accept-Charset, Accept-Encoding, Accept-Language, Accept-Ranges, Authorization, Cache-Control, Connection, Content-Length, Content-Type, Cookie, Date, Expect, From, Host, If-Match, If-Modified-Since, If-None-Match, If-Range, If-Unmodified-Since, Max-Forwards, Pragma, Proxy-Authorization, Range, Referer, TE, Upgrade, User-Agent, Via, Warning]
22:20:41,908 DEBUG aultHttpHeaderMapper| headerName=[citrus_message_timestamp] WILL NOT be mapped
22:20:41,908 DEBUG aultHttpHeaderMapper| headerName=[citrus_message_type] WILL NOT be mapped
22:20:41,908 DEBUG aultHttpHeaderMapper| headerName=[citrus_request_path] WILL NOT be mapped
22:20:41,908 DEBUG aultHttpHeaderMapper| headerName=[citrus_http_request_uri] WILL NOT be mapped
22:20:41,908 DEBUG aultHttpHeaderMapper| headerName=[id] WILL NOT be mapped
22:20:41,908 DEBUG aultHttpHeaderMapper| headerName=[citrus_message_id] WILL NOT be mapped
22:20:41,908 DEBUG aultHttpHeaderMapper| headerName=[citrus_http_method] WILL NOT be mapped
22:20:41,908 DEBUG aultHttpHeaderMapper| headerName=[timestamp] WILL NOT be mapped
22:20:41,908 DEBUG  client.RestTemplate| HTTP GET http://localhost:8080/user/get/11
22:20:41,908 DEBUG  client.RestTemplate| Accept=[text/plain, application/json, application/*+json, */*]
22:20:41,908 DEBUG ingClientInterceptor| Sending Http request message
22:20:41,910 DEBUG   Logger.Message_OUT| RAWMESSAGE [id: e0a1dd43-3c37-4f0e-ae4f-5cc5a0097356, payload: GET http://localhost:8080/user/get/11
Accept:text/plain, application/json, application/*+json, */*
Content-Type:application/json;charset=UTF-8
Content-Length:0][headers: {citrus_message_id=e0a1dd43-3c37-4f0e-ae4f-5cc5a0097356, citrus_message_timestamp=1689189641908}]
22:20:41,910 DEBUG ol.RequestAddCookies| CookieSpec selected: default
22:20:41,910 DEBUG col.RequestAuthCache| Auth cache not set in the context
22:20:41,910 DEBUG entConnectionManager| Connection request: [route: {}->http://localhost:8080][total available: 1; route allocated: 1 of 5; total allocated: 1 of 10]
22:20:41,910 DEBUG entConnectionManager| Connection leased: [id: 0][route: {}->http://localhost:8080][total available: 0; route allocated: 1 of 5; total allocated: 1 of 10]
22:20:41,910 DEBUG HttpClientConnection| http-outgoing-0: set socket timeout to 0
22:20:41,910 DEBUG chain.MainClientExec| Executing request GET /user/get/11 HTTP/1.1
22:20:41,910 DEBUG chain.MainClientExec| Target auth state: UNCHALLENGED
22:20:41,910 DEBUG chain.MainClientExec| Proxy auth state: UNCHALLENGED
22:20:41,910 DEBUG         http.headers| http-outgoing-0 >> GET /user/get/11 HTTP/1.1
22:20:41,910 DEBUG         http.headers| http-outgoing-0 >> Accept: text/plain, application/json, application/*+json, */*
22:20:41,910 DEBUG         http.headers| http-outgoing-0 >> Content-Type: application/json;charset=UTF-8
22:20:41,910 DEBUG         http.headers| http-outgoing-0 >> Host: localhost:8080
22:20:41,910 DEBUG         http.headers| http-outgoing-0 >> Connection: Keep-Alive
22:20:41,910 DEBUG         http.headers| http-outgoing-0 >> User-Agent: Apache-HttpClient/4.5.13 (Java/11.0.16)
22:20:41,910 DEBUG         http.headers| http-outgoing-0 >> Accept-Encoding: gzip,deflate
22:20:41,910 DEBUG            http.wire| http-outgoing-0 >> "GET /user/get/11 HTTP/1.1[\r][\n]"
22:20:41,910 DEBUG            http.wire| http-outgoing-0 >> "Accept: text/plain, application/json, application/*+json, */*[\r][\n]"
22:20:41,910 DEBUG            http.wire| http-outgoing-0 >> "Content-Type: application/json;charset=UTF-8[\r][\n]"
22:20:41,910 DEBUG            http.wire| http-outgoing-0 >> "Host: localhost:8080[\r][\n]"
22:20:41,910 DEBUG            http.wire| http-outgoing-0 >> "Connection: Keep-Alive[\r][\n]"
22:20:41,910 DEBUG            http.wire| http-outgoing-0 >> "User-Agent: Apache-HttpClient/4.5.13 (Java/11.0.16)[\r][\n]"
22:20:41,910 DEBUG            http.wire| http-outgoing-0 >> "Accept-Encoding: gzip,deflate[\r][\n]"
22:20:41,910 DEBUG            http.wire| http-outgoing-0 >> "[\r][\n]"
22:20:41,912 DEBUG            http.wire| http-outgoing-0 << "HTTP/1.1 200 [\r][\n]"
22:20:41,912 DEBUG            http.wire| http-outgoing-0 << "Content-Type: application/json[\r][\n]"
22:20:41,912 DEBUG            http.wire| http-outgoing-0 << "Transfer-Encoding: chunked[\r][\n]"
22:20:41,912 DEBUG            http.wire| http-outgoing-0 << "Date: Wed, 12 Jul 2023 19:20:41 GMT[\r][\n]"
22:20:41,912 DEBUG            http.wire| http-outgoing-0 << "Keep-Alive: timeout=60[\r][\n]"
22:20:41,912 DEBUG            http.wire| http-outgoing-0 << "Connection: keep-alive[\r][\n]"
22:20:41,912 DEBUG            http.wire| http-outgoing-0 << "[\r][\n]"
22:20:41,912 DEBUG            http.wire| http-outgoing-0 << "90[\r][\n]"
22:20:41,912 DEBUG            http.wire| http-outgoing-0 << "{"userId":11,"name":"Johnnie Cormier","course":"Customer Markets Executive","email":"11@qa.ru","age":88,"mark":{"name":"Course mark","score":6}}[\r][\n]"
22:20:41,912 DEBUG         http.headers| http-outgoing-0 << HTTP/1.1 200 
22:20:41,912 DEBUG         http.headers| http-outgoing-0 << Content-Type: application/json
22:20:41,912 DEBUG         http.headers| http-outgoing-0 << Transfer-Encoding: chunked
22:20:41,912 DEBUG         http.headers| http-outgoing-0 << Date: Wed, 12 Jul 2023 19:20:41 GMT
22:20:41,912 DEBUG         http.headers| http-outgoing-0 << Keep-Alive: timeout=60
22:20:41,912 DEBUG         http.headers| http-outgoing-0 << Connection: keep-alive
22:20:41,912 DEBUG chain.MainClientExec| Connection can be kept alive for 60000 MILLISECONDS
22:20:41,912 DEBUG            http.wire| http-outgoing-0 << "0[\r][\n]"
22:20:41,912 DEBUG            http.wire| http-outgoing-0 << "[\r][\n]"
22:20:41,912 DEBUG entConnectionManager| Connection [id: 0][route: {}->http://localhost:8080] can be kept alive for 60.0 seconds
22:20:41,912 DEBUG HttpClientConnection| http-outgoing-0: set socket timeout to 0
22:20:41,912 DEBUG entConnectionManager| Connection released: [id: 0][route: {}->http://localhost:8080][total available: 1; route allocated: 1 of 5; total allocated: 1 of 10]
22:20:41,912 DEBUG ingClientInterceptor| Received Http response message
22:20:41,914 DEBUG    Logger.Message_IN| RAWMESSAGE [id: 03a108a5-ca57-4973-87a5-80de8922e68f, payload: HTTP/1.1 200 OK 
Content-Type:application/json
Transfer-Encoding:chunked
Date:Wed, 12 Jul 2023 19:20:41 GMT
Keep-Alive:timeout=60
Connection:keep-alive

{"userId":11,"name":"Johnnie Cormier","course":"Customer Markets Executive","email":"11@qa.ru","age":88,"mark":{"name":"Course mark","score":6}}][headers: {citrus_message_id=03a108a5-ca57-4973-87a5-80de8922e68f, citrus_message_timestamp=1689189641913}]
22:20:41,914 DEBUG  client.RestTemplate| Response 200 OK
22:20:41,914 DEBUG  client.RestTemplate| Reading to [java.lang.String] as "application/json"
22:20:41,914 INFO     client.HttpClient| HTTP message was sent to endpoint: 'http://localhost:8080/user/get/11'
22:20:41,914 DEBUG aultHttpHeaderMapper| inboundHeaderNames=[Accept-Ranges, Age, Allow, Cache-Control, Connection, Content-Encoding, Content-Language, Content-Length, Content-Location, Content-MD5, Content-Range, Content-Type, Content-Disposition, Transfer-Encoding, Date, ETag, Expires, Last-Modified, Location, Pragma, Proxy-Authenticate, Refresh, Retry-After, Server, Set-Cookie, Trailer, Vary, Via, Warning, WWW-Authenticate]
22:20:41,914 DEBUG aultHttpHeaderMapper| headerName=[content-type] WILL be mapped, matched pattern=content-type
22:20:41,914 DEBUG aultHttpHeaderMapper| setting headerName=[contentType], value=application/json
22:20:41,914 DEBUG aultHttpHeaderMapper| headerName=[transfer-encoding] WILL be mapped, matched pattern=transfer-encoding
22:20:41,914 DEBUG aultHttpHeaderMapper| setting headerName=[Transfer-Encoding], value=[chunked]
22:20:41,914 DEBUG aultHttpHeaderMapper| headerName=[date] WILL be mapped, matched pattern=date
22:20:41,915 DEBUG aultHttpHeaderMapper| setting headerName=[Date], value=1 689 189 641 000
22:20:41,915 DEBUG aultHttpHeaderMapper| headerName=[keep-alive] WILL NOT be mapped
22:20:41,915 DEBUG aultHttpHeaderMapper| headerName=[connection] WILL be mapped, matched pattern=connection
22:20:41,915 DEBUG aultHttpHeaderMapper| setting headerName=[Connection], value=[keep-alive]
22:20:41,915 DEBUG ltCorrelationManager| Saving correlated object for 'citrus_message_id = '2185abc4-7267-44c2-9978-1294e67b3ebe''
22:20:41,915 INFO  port.LoggingReporter| 
22:20:41,915 DEBUG port.LoggingReporter| TEST STEP 21 SUCCESS
22:20:41,915 INFO  port.LoggingReporter| 
22:20:41,915 DEBUG port.LoggingReporter| TEST STEP 22: receive
22:20:41,915 DEBUG ngCorrelationManager| Get correlation key for 'citrus_message_correlator_httpRESTClient'
22:20:41,915 DEBUG ltCorrelationManager| Finding correlated object for 'citrus_message_id = '2185abc4-7267-44c2-9978-1294e67b3ebe''
22:20:41,917 DEBUG ageValidatorRegistry| Found 4 message validators for message
22:20:41,917 DEBUG ssageHeaderValidator| Start message header validation ...
22:20:41,917 DEBUG faultHeaderValidator| Validating header element: citrus_http_reason_phrase='OK': OK.
22:20:41,917 DEBUG faultHeaderValidator| Validating header element: citrus_http_status_code='200': OK.
22:20:41,917 INFO  ssageHeaderValidator| Message header validation successful: All values OK
22:20:41,917 DEBUG TextMessageValidator| Start JSON message validation ...
22:20:41,917 DEBUG JsonSchemaValidation| Starting Json schema validation ...
22:20:41,917 INFO  JsonSchemaValidation| Json schema validation successful: All values OK
22:20:41,917 DEBUG TextMessageValidator| Received message:
HTTPMESSAGE [id: 7395278f-bac6-4c23-b9c0-3c5dc7022307, payload: {"userId":11,"name":"Johnnie Cormier","course":"Customer Markets Executive","email":"11@qa.ru","age":88,"mark":{"name":"Course mark","score":6}}][headers: {Transfer-Encoding=chunked, Connection=keep-alive, contentType=application/json, Date=1689189641000, citrus_message_id=7395278f-bac6-4c23-b9c0-3c5dc7022307, citrus_message_timestamp=1689189641915, Keep-Alive=timeout=60, Content-Type=application/json, citrus_http_status_code=200, citrus_http_reason_phrase=OK, citrus_http_version=HTTP/1.1}]
22:20:41,918 DEBUG TextMessageValidator| Control message:
HTTPMESSAGE [id: 9ca8403a-2e8c-4989-93a2-5eb197adc876, payload: {"userId":11,"email":"@contains('@qa.ru')@","name":"@matches('^[a-zA-Z\\s\\.]*$')@","course":"@matches('^[a-zA-Z\\s]*$')@","age":"@isNumber()@","mark":{"name":"@contains('Course mark')@","score":"@isNumber()@"}}][headers: {citrus_message_id=9ca8403a-2e8c-4989-93a2-5eb197adc876, citrus_message_timestamp=1689189641915, citrus_http_reason_phrase=OK, citrus_http_status_code=200, citrus_message_type=JSON}]
22:20:41,918 DEBUG TextMessageValidator| Validation successful for JSON entry 'name' (@matches('^[a-zA-Z\s\.]*$')@)
22:20:41,918 DEBUG TextMessageValidator| Validation successful for JSON entry 'course' (@matches('^[a-zA-Z\s]*$')@)
22:20:41,918 DEBUG TextMessageValidator| Validation successful for JSON entry 'userId' (11)
22:20:41,918 DEBUG TextMessageValidator| Validation successful for JSON entry 'email' (@contains('@qa.ru')@)
22:20:41,918 DEBUG TextMessageValidator| Validation successful for JSON entry 'age' (@isNumber()@)
22:20:41,918 DEBUG TextMessageValidator| Validation successful for JSON entry 'score' (@isNumber()@)
22:20:41,918 DEBUG TextMessageValidator| Validation successful for JSON entry 'name' (@contains('Course mark')@)
22:20:41,918 DEBUG TextMessageValidator| Validation successful for JSON entry 'mark' ({"score":"@isNumber()@","name":"@contains('Course mark')@"})
22:20:41,918 INFO  TextMessageValidator| JSON message validation successful: All values OK
22:20:41,918 INFO  port.LoggingReporter| 
22:20:41,918 DEBUG port.LoggingReporter| TEST STEP 22 SUCCESS
]]></system-out>
  </testcase>
  <testcase name="getUserStubParametrizedTest(int)[12]" classname="citrus.HttpRESTStubTests" time="0.013">
    <system-out><![CDATA[22:20:41,921 INFO  port.LoggingReporter| 
22:20:41,921 INFO  port.LoggingReporter| ------------------------------------------------------------------------
22:20:41,921 DEBUG port.LoggingReporter| STARTING TEST HttpRESTStubTests.getUserStubParametrizedTest <citrus>
22:20:41,921 INFO  port.LoggingReporter| 
22:20:41,921 DEBUG trus.DefaultTestCase| Initializing test case
22:20:41,921 DEBUG trus.DefaultTestCase| Global variables:
22:20:41,921 DEBUG trus.DefaultTestCase| citrus_message_correlator_httpRESTClient = citrus_message_id = '2185abc4-7267-44c2-9978-1294e67b3ebe'
22:20:41,921 DEBUG trus.DefaultTestCase| default.test.author = Unknown
22:20:41,921 DEBUG trus.DefaultTestCase| citrus.test.package = citrus
22:20:41,921 DEBUG trus.DefaultTestCase| citrus.test.name = HttpRESTStubTests.getUserStubParametrizedTest
22:20:41,921 DEBUG trus.DefaultTestCase| project.name = Citrus Integration Tests
22:20:41,921 DEBUG trus.DefaultTestCase| userId = 35
22:20:41,921 DEBUG trus.DefaultTestCase| citrus_message_replyTo_citrus_message_correlator_httpRESTClient = http://localhost:8080/user/get/11
22:20:41,921 DEBUG trus.DefaultTestCase| url = http://localhost:8080/user
22:20:41,922 DEBUG trus.DefaultTestCase| default.test.package = citrus
22:20:41,922 DEBUG  context.TestContext| Setting variable: citrus.test.name with value: 'HttpRESTStubTests.getUserStubParametrizedTest'
22:20:41,922 DEBUG  context.TestContext| Setting variable: citrus.test.package with value: 'citrus'
22:20:41,922 DEBUG trus.DefaultTestCase| Test variables:
22:20:41,922 DEBUG trus.DefaultTestCase| citrus_message_correlator_httpRESTClient = citrus_message_id = '2185abc4-7267-44c2-9978-1294e67b3ebe'
22:20:41,922 DEBUG trus.DefaultTestCase| default.test.author = Unknown
22:20:41,922 DEBUG trus.DefaultTestCase| citrus.test.package = citrus
22:20:41,922 DEBUG trus.DefaultTestCase| citrus.test.name = HttpRESTStubTests.getUserStubParametrizedTest
22:20:41,922 DEBUG trus.DefaultTestCase| project.name = Citrus Integration Tests
22:20:41,922 DEBUG trus.DefaultTestCase| userId = 35
22:20:41,922 DEBUG trus.DefaultTestCase| citrus_message_replyTo_citrus_message_correlator_httpRESTClient = http://localhost:8080/user/get/11
22:20:41,922 DEBUG trus.DefaultTestCase| url = http://localhost:8080/user
22:20:41,922 DEBUG trus.DefaultTestCase| default.test.package = citrus
22:20:41,922 INFO  port.LoggingReporter| 
22:20:41,922 DEBUG port.LoggingReporter| TEST STEP 23: send
22:20:41,922 DEBUG ltCorrelationManager| Saving correlation key for 'citrus_message_correlator_httpRESTClient'
22:20:41,922 DEBUG  context.TestContext| Setting variable: citrus_message_correlator_httpRESTClient with value: 'citrus_message_id = '440bf02f-cd30-4c19-80a6-a938b4c863e2''
22:20:41,922 DEBUG  context.TestContext| Setting variable: citrus_message_replyTo_citrus_message_correlator_httpRESTClient with value: 'http://localhost:8080/user/get/12'
22:20:41,923 INFO     client.HttpClient| Sending HTTP message to: 'http://localhost:8080/user/get/12'
22:20:41,923 DEBUG    client.HttpClient| Message to send:

22:20:41,923 DEBUG aultHttpHeaderMapper| outboundHeaderNames=[Accept, Accept-Charset, Accept-Encoding, Accept-Language, Accept-Ranges, Authorization, Cache-Control, Connection, Content-Length, Content-Type, Cookie, Date, Expect, From, Host, If-Match, If-Modified-Since, If-None-Match, If-Range, If-Unmodified-Since, Max-Forwards, Pragma, Proxy-Authorization, Range, Referer, TE, Upgrade, User-Agent, Via, Warning]
22:20:41,923 DEBUG aultHttpHeaderMapper| headerName=[citrus_message_timestamp] WILL NOT be mapped
22:20:41,923 DEBUG aultHttpHeaderMapper| headerName=[citrus_message_type] WILL NOT be mapped
22:20:41,923 DEBUG aultHttpHeaderMapper| headerName=[citrus_request_path] WILL NOT be mapped
22:20:41,923 DEBUG aultHttpHeaderMapper| headerName=[citrus_http_request_uri] WILL NOT be mapped
22:20:41,923 DEBUG aultHttpHeaderMapper| headerName=[id] WILL NOT be mapped
22:20:41,923 DEBUG aultHttpHeaderMapper| headerName=[citrus_message_id] WILL NOT be mapped
22:20:41,923 DEBUG aultHttpHeaderMapper| headerName=[citrus_http_method] WILL NOT be mapped
22:20:41,923 DEBUG aultHttpHeaderMapper| headerName=[timestamp] WILL NOT be mapped
22:20:41,923 DEBUG  client.RestTemplate| HTTP GET http://localhost:8080/user/get/12
22:20:41,923 DEBUG  client.RestTemplate| Accept=[text/plain, application/json, application/*+json, */*]
22:20:41,923 DEBUG ingClientInterceptor| Sending Http request message
22:20:41,925 DEBUG   Logger.Message_OUT| RAWMESSAGE [id: 2871ff91-ef9c-474e-81ba-da95029b8665, payload: GET http://localhost:8080/user/get/12
Accept:text/plain, application/json, application/*+json, */*
Content-Type:application/json;charset=UTF-8
Content-Length:0][headers: {citrus_message_id=2871ff91-ef9c-474e-81ba-da95029b8665, citrus_message_timestamp=1689189641923}]
22:20:41,925 DEBUG ol.RequestAddCookies| CookieSpec selected: default
22:20:41,925 DEBUG col.RequestAuthCache| Auth cache not set in the context
22:20:41,925 DEBUG entConnectionManager| Connection request: [route: {}->http://localhost:8080][total available: 1; route allocated: 1 of 5; total allocated: 1 of 10]
22:20:41,925 DEBUG entConnectionManager| Connection leased: [id: 0][route: {}->http://localhost:8080][total available: 0; route allocated: 1 of 5; total allocated: 1 of 10]
22:20:41,925 DEBUG HttpClientConnection| http-outgoing-0: set socket timeout to 0
22:20:41,925 DEBUG chain.MainClientExec| Executing request GET /user/get/12 HTTP/1.1
22:20:41,925 DEBUG chain.MainClientExec| Target auth state: UNCHALLENGED
22:20:41,925 DEBUG chain.MainClientExec| Proxy auth state: UNCHALLENGED
22:20:41,925 DEBUG         http.headers| http-outgoing-0 >> GET /user/get/12 HTTP/1.1
22:20:41,925 DEBUG         http.headers| http-outgoing-0 >> Accept: text/plain, application/json, application/*+json, */*
22:20:41,925 DEBUG         http.headers| http-outgoing-0 >> Content-Type: application/json;charset=UTF-8
22:20:41,925 DEBUG         http.headers| http-outgoing-0 >> Host: localhost:8080
22:20:41,925 DEBUG         http.headers| http-outgoing-0 >> Connection: Keep-Alive
22:20:41,925 DEBUG         http.headers| http-outgoing-0 >> User-Agent: Apache-HttpClient/4.5.13 (Java/11.0.16)
22:20:41,925 DEBUG         http.headers| http-outgoing-0 >> Accept-Encoding: gzip,deflate
22:20:41,925 DEBUG            http.wire| http-outgoing-0 >> "GET /user/get/12 HTTP/1.1[\r][\n]"
22:20:41,925 DEBUG            http.wire| http-outgoing-0 >> "Accept: text/plain, application/json, application/*+json, */*[\r][\n]"
22:20:41,925 DEBUG            http.wire| http-outgoing-0 >> "Content-Type: application/json;charset=UTF-8[\r][\n]"
22:20:41,925 DEBUG            http.wire| http-outgoing-0 >> "Host: localhost:8080[\r][\n]"
22:20:41,925 DEBUG            http.wire| http-outgoing-0 >> "Connection: Keep-Alive[\r][\n]"
22:20:41,925 DEBUG            http.wire| http-outgoing-0 >> "User-Agent: Apache-HttpClient/4.5.13 (Java/11.0.16)[\r][\n]"
22:20:41,925 DEBUG            http.wire| http-outgoing-0 >> "Accept-Encoding: gzip,deflate[\r][\n]"
22:20:41,925 DEBUG            http.wire| http-outgoing-0 >> "[\r][\n]"
22:20:41,927 DEBUG            http.wire| http-outgoing-0 << "HTTP/1.1 200 [\r][\n]"
22:20:41,927 DEBUG            http.wire| http-outgoing-0 << "Content-Type: application/json[\r][\n]"
22:20:41,927 DEBUG            http.wire| http-outgoing-0 << "Transfer-Encoding: chunked[\r][\n]"
22:20:41,927 DEBUG            http.wire| http-outgoing-0 << "Date: Wed, 12 Jul 2023 19:20:41 GMT[\r][\n]"
22:20:41,927 DEBUG            http.wire| http-outgoing-0 << "Keep-Alive: timeout=60[\r][\n]"
22:20:41,927 DEBUG            http.wire| http-outgoing-0 << "Connection: keep-alive[\r][\n]"
22:20:41,927 DEBUG            http.wire| http-outgoing-0 << "[\r][\n]"
22:20:41,927 DEBUG            http.wire| http-outgoing-0 << "8a[\r][\n]"
22:20:41,927 DEBUG            http.wire| http-outgoing-0 << "{"userId":12,"name":"Adria Emard","course":"Investor Markets Analyst","email":"12@qa.ru","age":74,"mark":{"name":"Course mark","score":9}}[\r][\n]"
22:20:41,927 DEBUG         http.headers| http-outgoing-0 << HTTP/1.1 200 
22:20:41,927 DEBUG         http.headers| http-outgoing-0 << Content-Type: application/json
22:20:41,927 DEBUG         http.headers| http-outgoing-0 << Transfer-Encoding: chunked
22:20:41,927 DEBUG         http.headers| http-outgoing-0 << Date: Wed, 12 Jul 2023 19:20:41 GMT
22:20:41,927 DEBUG         http.headers| http-outgoing-0 << Keep-Alive: timeout=60
22:20:41,927 DEBUG         http.headers| http-outgoing-0 << Connection: keep-alive
22:20:41,927 DEBUG chain.MainClientExec| Connection can be kept alive for 60000 MILLISECONDS
22:20:41,927 DEBUG            http.wire| http-outgoing-0 << "0[\r][\n]"
22:20:41,927 DEBUG            http.wire| http-outgoing-0 << "[\r][\n]"
22:20:41,927 DEBUG entConnectionManager| Connection [id: 0][route: {}->http://localhost:8080] can be kept alive for 60.0 seconds
22:20:41,927 DEBUG HttpClientConnection| http-outgoing-0: set socket timeout to 0
22:20:41,927 DEBUG entConnectionManager| Connection released: [id: 0][route: {}->http://localhost:8080][total available: 1; route allocated: 1 of 5; total allocated: 1 of 10]
22:20:41,927 DEBUG ingClientInterceptor| Received Http response message
22:20:41,929 DEBUG    Logger.Message_IN| RAWMESSAGE [id: 9d3de60b-40e7-4d4f-af0b-2744b1d5777f, payload: HTTP/1.1 200 OK 
Content-Type:application/json
Transfer-Encoding:chunked
Date:Wed, 12 Jul 2023 19:20:41 GMT
Keep-Alive:timeout=60
Connection:keep-alive

{"userId":12,"name":"Adria Emard","course":"Investor Markets Analyst","email":"12@qa.ru","age":74,"mark":{"name":"Course mark","score":9}}][headers: {citrus_message_id=9d3de60b-40e7-4d4f-af0b-2744b1d5777f, citrus_message_timestamp=1689189641927}]
22:20:41,929 DEBUG  client.RestTemplate| Response 200 OK
22:20:41,929 DEBUG  client.RestTemplate| Reading to [java.lang.String] as "application/json"
22:20:41,929 INFO     client.HttpClient| HTTP message was sent to endpoint: 'http://localhost:8080/user/get/12'
22:20:41,929 DEBUG aultHttpHeaderMapper| inboundHeaderNames=[Accept-Ranges, Age, Allow, Cache-Control, Connection, Content-Encoding, Content-Language, Content-Length, Content-Location, Content-MD5, Content-Range, Content-Type, Content-Disposition, Transfer-Encoding, Date, ETag, Expires, Last-Modified, Location, Pragma, Proxy-Authenticate, Refresh, Retry-After, Server, Set-Cookie, Trailer, Vary, Via, Warning, WWW-Authenticate]
22:20:41,929 DEBUG aultHttpHeaderMapper| headerName=[content-type] WILL be mapped, matched pattern=content-type
22:20:41,929 DEBUG aultHttpHeaderMapper| setting headerName=[contentType], value=application/json
22:20:41,929 DEBUG aultHttpHeaderMapper| headerName=[transfer-encoding] WILL be mapped, matched pattern=transfer-encoding
22:20:41,929 DEBUG aultHttpHeaderMapper| setting headerName=[Transfer-Encoding], value=[chunked]
22:20:41,929 DEBUG aultHttpHeaderMapper| headerName=[date] WILL be mapped, matched pattern=date
22:20:41,929 DEBUG aultHttpHeaderMapper| setting headerName=[Date], value=1 689 189 641 000
22:20:41,929 DEBUG aultHttpHeaderMapper| headerName=[keep-alive] WILL NOT be mapped
22:20:41,929 DEBUG aultHttpHeaderMapper| headerName=[connection] WILL be mapped, matched pattern=connection
22:20:41,929 DEBUG aultHttpHeaderMapper| setting headerName=[Connection], value=[keep-alive]
22:20:41,929 DEBUG ltCorrelationManager| Saving correlated object for 'citrus_message_id = '440bf02f-cd30-4c19-80a6-a938b4c863e2''
22:20:41,929 INFO  port.LoggingReporter| 
22:20:41,929 DEBUG port.LoggingReporter| TEST STEP 23 SUCCESS
22:20:41,929 INFO  port.LoggingReporter| 
22:20:41,929 DEBUG port.LoggingReporter| TEST STEP 24: receive
22:20:41,929 DEBUG ngCorrelationManager| Get correlation key for 'citrus_message_correlator_httpRESTClient'
22:20:41,929 DEBUG ltCorrelationManager| Finding correlated object for 'citrus_message_id = '440bf02f-cd30-4c19-80a6-a938b4c863e2''
22:20:41,930 DEBUG ageValidatorRegistry| Found 4 message validators for message
22:20:41,930 DEBUG ssageHeaderValidator| Start message header validation ...
22:20:41,931 DEBUG faultHeaderValidator| Validating header element: citrus_http_reason_phrase='OK': OK.
22:20:41,931 DEBUG faultHeaderValidator| Validating header element: citrus_http_status_code='200': OK.
22:20:41,931 INFO  ssageHeaderValidator| Message header validation successful: All values OK
22:20:41,931 DEBUG TextMessageValidator| Start JSON message validation ...
22:20:41,931 DEBUG JsonSchemaValidation| Starting Json schema validation ...
22:20:41,931 INFO  JsonSchemaValidation| Json schema validation successful: All values OK
22:20:41,931 DEBUG TextMessageValidator| Received message:
HTTPMESSAGE [id: d075d293-2b79-4a65-bcb2-748010f4360f, payload: {"userId":12,"name":"Adria Emard","course":"Investor Markets Analyst","email":"12@qa.ru","age":74,"mark":{"name":"Course mark","score":9}}][headers: {Transfer-Encoding=chunked, Connection=keep-alive, contentType=application/json, Date=1689189641000, citrus_message_id=d075d293-2b79-4a65-bcb2-748010f4360f, citrus_message_timestamp=1689189641929, Keep-Alive=timeout=60, Content-Type=application/json, citrus_http_status_code=200, citrus_http_reason_phrase=OK, citrus_http_version=HTTP/1.1}]
22:20:41,931 DEBUG TextMessageValidator| Control message:
HTTPMESSAGE [id: ad5fc7b6-a5c3-4807-b8a4-a11b02351fbe, payload: {"userId":12,"email":"@contains('@qa.ru')@","name":"@matches('^[a-zA-Z\\s\\.]*$')@","course":"@matches('^[a-zA-Z\\s]*$')@","age":"@isNumber()@","mark":{"name":"@contains('Course mark')@","score":"@isNumber()@"}}][headers: {citrus_message_id=ad5fc7b6-a5c3-4807-b8a4-a11b02351fbe, citrus_message_timestamp=1689189641929, citrus_http_reason_phrase=OK, citrus_http_status_code=200, citrus_message_type=JSON}]
22:20:41,931 DEBUG TextMessageValidator| Validation successful for JSON entry 'name' (@matches('^[a-zA-Z\s\.]*$')@)
22:20:41,931 DEBUG TextMessageValidator| Validation successful for JSON entry 'course' (@matches('^[a-zA-Z\s]*$')@)
22:20:41,931 DEBUG TextMessageValidator| Validation successful for JSON entry 'userId' (12)
22:20:41,931 DEBUG TextMessageValidator| Validation successful for JSON entry 'email' (@contains('@qa.ru')@)
22:20:41,931 DEBUG TextMessageValidator| Validation successful for JSON entry 'age' (@isNumber()@)
22:20:41,931 DEBUG TextMessageValidator| Validation successful for JSON entry 'score' (@isNumber()@)
22:20:41,931 DEBUG TextMessageValidator| Validation successful for JSON entry 'name' (@contains('Course mark')@)
22:20:41,931 DEBUG TextMessageValidator| Validation successful for JSON entry 'mark' ({"score":"@isNumber()@","name":"@contains('Course mark')@"})
22:20:41,931 INFO  TextMessageValidator| JSON message validation successful: All values OK
22:20:41,931 INFO  port.LoggingReporter| 
22:20:41,931 DEBUG port.LoggingReporter| TEST STEP 24 SUCCESS
]]></system-out>
  </testcase>
  <testcase name="getUserStubParametrizedTest(int)[13]" classname="citrus.HttpRESTStubTests" time="0.011">
    <system-out><![CDATA[22:20:41,934 INFO  port.LoggingReporter| 
22:20:41,934 INFO  port.LoggingReporter| ------------------------------------------------------------------------
22:20:41,934 DEBUG port.LoggingReporter| STARTING TEST HttpRESTStubTests.getUserStubParametrizedTest <citrus>
22:20:41,934 INFO  port.LoggingReporter| 
22:20:41,934 DEBUG trus.DefaultTestCase| Initializing test case
22:20:41,934 DEBUG trus.DefaultTestCase| Global variables:
22:20:41,934 DEBUG trus.DefaultTestCase| citrus_message_correlator_httpRESTClient = citrus_message_id = '440bf02f-cd30-4c19-80a6-a938b4c863e2'
22:20:41,934 DEBUG trus.DefaultTestCase| default.test.author = Unknown
22:20:41,934 DEBUG trus.DefaultTestCase| citrus.test.package = citrus
22:20:41,934 DEBUG trus.DefaultTestCase| citrus.test.name = HttpRESTStubTests.getUserStubParametrizedTest
22:20:41,934 DEBUG trus.DefaultTestCase| project.name = Citrus Integration Tests
22:20:41,934 DEBUG trus.DefaultTestCase| userId = 35
22:20:41,934 DEBUG trus.DefaultTestCase| citrus_message_replyTo_citrus_message_correlator_httpRESTClient = http://localhost:8080/user/get/12
22:20:41,934 DEBUG trus.DefaultTestCase| url = http://localhost:8080/user
22:20:41,934 DEBUG trus.DefaultTestCase| default.test.package = citrus
22:20:41,934 DEBUG  context.TestContext| Setting variable: citrus.test.name with value: 'HttpRESTStubTests.getUserStubParametrizedTest'
22:20:41,934 DEBUG  context.TestContext| Setting variable: citrus.test.package with value: 'citrus'
22:20:41,934 DEBUG trus.DefaultTestCase| Test variables:
22:20:41,934 DEBUG trus.DefaultTestCase| citrus_message_correlator_httpRESTClient = citrus_message_id = '440bf02f-cd30-4c19-80a6-a938b4c863e2'
22:20:41,934 DEBUG trus.DefaultTestCase| default.test.author = Unknown
22:20:41,934 DEBUG trus.DefaultTestCase| citrus.test.package = citrus
22:20:41,934 DEBUG trus.DefaultTestCase| citrus.test.name = HttpRESTStubTests.getUserStubParametrizedTest
22:20:41,934 DEBUG trus.DefaultTestCase| project.name = Citrus Integration Tests
22:20:41,934 DEBUG trus.DefaultTestCase| userId = 35
22:20:41,934 DEBUG trus.DefaultTestCase| citrus_message_replyTo_citrus_message_correlator_httpRESTClient = http://localhost:8080/user/get/12
22:20:41,934 DEBUG trus.DefaultTestCase| url = http://localhost:8080/user
22:20:41,934 DEBUG trus.DefaultTestCase| default.test.package = citrus
22:20:41,935 INFO  port.LoggingReporter| 
22:20:41,935 DEBUG port.LoggingReporter| TEST STEP 25: send
22:20:41,935 DEBUG ltCorrelationManager| Saving correlation key for 'citrus_message_correlator_httpRESTClient'
22:20:41,935 DEBUG  context.TestContext| Setting variable: citrus_message_correlator_httpRESTClient with value: 'citrus_message_id = 'b0055be3-1a61-4b17-b215-61edc9d5605b''
22:20:41,935 DEBUG  context.TestContext| Setting variable: citrus_message_replyTo_citrus_message_correlator_httpRESTClient with value: 'http://localhost:8080/user/get/13'
22:20:41,935 INFO     client.HttpClient| Sending HTTP message to: 'http://localhost:8080/user/get/13'
22:20:41,935 DEBUG    client.HttpClient| Message to send:

22:20:41,935 DEBUG aultHttpHeaderMapper| outboundHeaderNames=[Accept, Accept-Charset, Accept-Encoding, Accept-Language, Accept-Ranges, Authorization, Cache-Control, Connection, Content-Length, Content-Type, Cookie, Date, Expect, From, Host, If-Match, If-Modified-Since, If-None-Match, If-Range, If-Unmodified-Since, Max-Forwards, Pragma, Proxy-Authorization, Range, Referer, TE, Upgrade, User-Agent, Via, Warning]
22:20:41,935 DEBUG aultHttpHeaderMapper| headerName=[citrus_message_timestamp] WILL NOT be mapped
22:20:41,935 DEBUG aultHttpHeaderMapper| headerName=[citrus_message_type] WILL NOT be mapped
22:20:41,935 DEBUG aultHttpHeaderMapper| headerName=[citrus_request_path] WILL NOT be mapped
22:20:41,935 DEBUG aultHttpHeaderMapper| headerName=[citrus_http_request_uri] WILL NOT be mapped
22:20:41,935 DEBUG aultHttpHeaderMapper| headerName=[id] WILL NOT be mapped
22:20:41,935 DEBUG aultHttpHeaderMapper| headerName=[citrus_message_id] WILL NOT be mapped
22:20:41,935 DEBUG aultHttpHeaderMapper| headerName=[citrus_http_method] WILL NOT be mapped
22:20:41,935 DEBUG aultHttpHeaderMapper| headerName=[timestamp] WILL NOT be mapped
22:20:41,935 DEBUG  client.RestTemplate| HTTP GET http://localhost:8080/user/get/13
22:20:41,935 DEBUG  client.RestTemplate| Accept=[text/plain, application/json, application/*+json, */*]
22:20:41,935 DEBUG ingClientInterceptor| Sending Http request message
22:20:41,936 DEBUG   Logger.Message_OUT| RAWMESSAGE [id: 9ca3c907-831e-4ea7-800c-c8a9ec92ecbe, payload: GET http://localhost:8080/user/get/13
Accept:text/plain, application/json, application/*+json, */*
Content-Type:application/json;charset=UTF-8
Content-Length:0][headers: {citrus_message_id=9ca3c907-831e-4ea7-800c-c8a9ec92ecbe, citrus_message_timestamp=1689189641935}]
22:20:41,936 DEBUG ol.RequestAddCookies| CookieSpec selected: default
22:20:41,936 DEBUG col.RequestAuthCache| Auth cache not set in the context
22:20:41,937 DEBUG entConnectionManager| Connection request: [route: {}->http://localhost:8080][total available: 1; route allocated: 1 of 5; total allocated: 1 of 10]
22:20:41,937 DEBUG entConnectionManager| Connection leased: [id: 0][route: {}->http://localhost:8080][total available: 0; route allocated: 1 of 5; total allocated: 1 of 10]
22:20:41,937 DEBUG HttpClientConnection| http-outgoing-0: set socket timeout to 0
22:20:41,937 DEBUG chain.MainClientExec| Executing request GET /user/get/13 HTTP/1.1
22:20:41,937 DEBUG chain.MainClientExec| Target auth state: UNCHALLENGED
22:20:41,937 DEBUG chain.MainClientExec| Proxy auth state: UNCHALLENGED
22:20:41,937 DEBUG         http.headers| http-outgoing-0 >> GET /user/get/13 HTTP/1.1
22:20:41,937 DEBUG         http.headers| http-outgoing-0 >> Accept: text/plain, application/json, application/*+json, */*
22:20:41,937 DEBUG         http.headers| http-outgoing-0 >> Content-Type: application/json;charset=UTF-8
22:20:41,937 DEBUG         http.headers| http-outgoing-0 >> Host: localhost:8080
22:20:41,937 DEBUG         http.headers| http-outgoing-0 >> Connection: Keep-Alive
22:20:41,937 DEBUG         http.headers| http-outgoing-0 >> User-Agent: Apache-HttpClient/4.5.13 (Java/11.0.16)
22:20:41,937 DEBUG         http.headers| http-outgoing-0 >> Accept-Encoding: gzip,deflate
22:20:41,937 DEBUG            http.wire| http-outgoing-0 >> "GET /user/get/13 HTTP/1.1[\r][\n]"
22:20:41,937 DEBUG            http.wire| http-outgoing-0 >> "Accept: text/plain, application/json, application/*+json, */*[\r][\n]"
22:20:41,937 DEBUG            http.wire| http-outgoing-0 >> "Content-Type: application/json;charset=UTF-8[\r][\n]"
22:20:41,937 DEBUG            http.wire| http-outgoing-0 >> "Host: localhost:8080[\r][\n]"
22:20:41,937 DEBUG            http.wire| http-outgoing-0 >> "Connection: Keep-Alive[\r][\n]"
22:20:41,937 DEBUG            http.wire| http-outgoing-0 >> "User-Agent: Apache-HttpClient/4.5.13 (Java/11.0.16)[\r][\n]"
22:20:41,937 DEBUG            http.wire| http-outgoing-0 >> "Accept-Encoding: gzip,deflate[\r][\n]"
22:20:41,937 DEBUG            http.wire| http-outgoing-0 >> "[\r][\n]"
22:20:41,938 DEBUG            http.wire| http-outgoing-0 << "HTTP/1.1 200 [\r][\n]"
22:20:41,938 DEBUG            http.wire| http-outgoing-0 << "Content-Type: application/json[\r][\n]"
22:20:41,938 DEBUG            http.wire| http-outgoing-0 << "Transfer-Encoding: chunked[\r][\n]"
22:20:41,938 DEBUG            http.wire| http-outgoing-0 << "Date: Wed, 12 Jul 2023 19:20:41 GMT[\r][\n]"
22:20:41,938 DEBUG            http.wire| http-outgoing-0 << "Keep-Alive: timeout=60[\r][\n]"
22:20:41,938 DEBUG            http.wire| http-outgoing-0 << "Connection: keep-alive[\r][\n]"
22:20:41,938 DEBUG            http.wire| http-outgoing-0 << "[\r][\n]"
22:20:41,938 DEBUG            http.wire| http-outgoing-0 << "8a[\r][\n]"
22:20:41,938 DEBUG            http.wire| http-outgoing-0 << "{"userId":13,"name":"Trent Brown","course":"Global Solutions Planner","email":"13@qa.ru","age":67,"mark":{"name":"Course mark","score":5}}[\r][\n]"
22:20:41,938 DEBUG         http.headers| http-outgoing-0 << HTTP/1.1 200 
22:20:41,938 DEBUG         http.headers| http-outgoing-0 << Content-Type: application/json
22:20:41,938 DEBUG         http.headers| http-outgoing-0 << Transfer-Encoding: chunked
22:20:41,938 DEBUG         http.headers| http-outgoing-0 << Date: Wed, 12 Jul 2023 19:20:41 GMT
22:20:41,938 DEBUG         http.headers| http-outgoing-0 << Keep-Alive: timeout=60
22:20:41,938 DEBUG         http.headers| http-outgoing-0 << Connection: keep-alive
22:20:41,938 DEBUG chain.MainClientExec| Connection can be kept alive for 60000 MILLISECONDS
22:20:41,938 DEBUG            http.wire| http-outgoing-0 << "0[\r][\n]"
22:20:41,938 DEBUG            http.wire| http-outgoing-0 << "[\r][\n]"
22:20:41,938 DEBUG entConnectionManager| Connection [id: 0][route: {}->http://localhost:8080] can be kept alive for 60.0 seconds
22:20:41,938 DEBUG HttpClientConnection| http-outgoing-0: set socket timeout to 0
22:20:41,938 DEBUG entConnectionManager| Connection released: [id: 0][route: {}->http://localhost:8080][total available: 1; route allocated: 1 of 5; total allocated: 1 of 10]
22:20:41,938 DEBUG ingClientInterceptor| Received Http response message
22:20:41,940 DEBUG    Logger.Message_IN| RAWMESSAGE [id: c7b3bf82-d578-4601-b125-830211d4af8c, payload: HTTP/1.1 200 OK 
Content-Type:application/json
Transfer-Encoding:chunked
Date:Wed, 12 Jul 2023 19:20:41 GMT
Keep-Alive:timeout=60
Connection:keep-alive

{"userId":13,"name":"Trent Brown","course":"Global Solutions Planner","email":"13@qa.ru","age":67,"mark":{"name":"Course mark","score":5}}][headers: {citrus_message_id=c7b3bf82-d578-4601-b125-830211d4af8c, citrus_message_timestamp=1689189641938}]
22:20:41,940 DEBUG  client.RestTemplate| Response 200 OK
22:20:41,940 DEBUG  client.RestTemplate| Reading to [java.lang.String] as "application/json"
22:20:41,940 INFO     client.HttpClient| HTTP message was sent to endpoint: 'http://localhost:8080/user/get/13'
22:20:41,940 DEBUG aultHttpHeaderMapper| inboundHeaderNames=[Accept-Ranges, Age, Allow, Cache-Control, Connection, Content-Encoding, Content-Language, Content-Length, Content-Location, Content-MD5, Content-Range, Content-Type, Content-Disposition, Transfer-Encoding, Date, ETag, Expires, Last-Modified, Location, Pragma, Proxy-Authenticate, Refresh, Retry-After, Server, Set-Cookie, Trailer, Vary, Via, Warning, WWW-Authenticate]
22:20:41,940 DEBUG aultHttpHeaderMapper| headerName=[content-type] WILL be mapped, matched pattern=content-type
22:20:41,940 DEBUG aultHttpHeaderMapper| setting headerName=[contentType], value=application/json
22:20:41,940 DEBUG aultHttpHeaderMapper| headerName=[transfer-encoding] WILL be mapped, matched pattern=transfer-encoding
22:20:41,940 DEBUG aultHttpHeaderMapper| setting headerName=[Transfer-Encoding], value=[chunked]
22:20:41,940 DEBUG aultHttpHeaderMapper| headerName=[date] WILL be mapped, matched pattern=date
22:20:41,940 DEBUG aultHttpHeaderMapper| setting headerName=[Date], value=1 689 189 641 000
22:20:41,940 DEBUG aultHttpHeaderMapper| headerName=[keep-alive] WILL NOT be mapped
22:20:41,940 DEBUG aultHttpHeaderMapper| headerName=[connection] WILL be mapped, matched pattern=connection
22:20:41,940 DEBUG aultHttpHeaderMapper| setting headerName=[Connection], value=[keep-alive]
22:20:41,940 DEBUG ltCorrelationManager| Saving correlated object for 'citrus_message_id = 'b0055be3-1a61-4b17-b215-61edc9d5605b''
22:20:41,940 INFO  port.LoggingReporter| 
22:20:41,940 DEBUG port.LoggingReporter| TEST STEP 25 SUCCESS
22:20:41,940 INFO  port.LoggingReporter| 
22:20:41,940 DEBUG port.LoggingReporter| TEST STEP 26: receive
22:20:41,940 DEBUG ngCorrelationManager| Get correlation key for 'citrus_message_correlator_httpRESTClient'
22:20:41,940 DEBUG ltCorrelationManager| Finding correlated object for 'citrus_message_id = 'b0055be3-1a61-4b17-b215-61edc9d5605b''
22:20:41,941 DEBUG ageValidatorRegistry| Found 4 message validators for message
22:20:41,941 DEBUG ssageHeaderValidator| Start message header validation ...
22:20:41,941 DEBUG faultHeaderValidator| Validating header element: citrus_http_reason_phrase='OK': OK.
22:20:41,942 DEBUG faultHeaderValidator| Validating header element: citrus_http_status_code='200': OK.
22:20:41,942 INFO  ssageHeaderValidator| Message header validation successful: All values OK
22:20:41,942 DEBUG TextMessageValidator| Start JSON message validation ...
22:20:41,942 DEBUG JsonSchemaValidation| Starting Json schema validation ...
22:20:41,942 INFO  JsonSchemaValidation| Json schema validation successful: All values OK
22:20:41,942 DEBUG TextMessageValidator| Received message:
HTTPMESSAGE [id: 74a1c7f4-94da-4c3e-ac4b-1a24b8a1842b, payload: {"userId":13,"name":"Trent Brown","course":"Global Solutions Planner","email":"13@qa.ru","age":67,"mark":{"name":"Course mark","score":5}}][headers: {Transfer-Encoding=chunked, Connection=keep-alive, contentType=application/json, Date=1689189641000, citrus_message_id=74a1c7f4-94da-4c3e-ac4b-1a24b8a1842b, citrus_message_timestamp=1689189641940, Keep-Alive=timeout=60, Content-Type=application/json, citrus_http_status_code=200, citrus_http_reason_phrase=OK, citrus_http_version=HTTP/1.1}]
22:20:41,942 DEBUG TextMessageValidator| Control message:
HTTPMESSAGE [id: 2434bad1-1298-48e8-900c-afef74095ed1, payload: {"userId":13,"email":"@contains('@qa.ru')@","name":"@matches('^[a-zA-Z\\s\\.]*$')@","course":"@matches('^[a-zA-Z\\s]*$')@","age":"@isNumber()@","mark":{"name":"@contains('Course mark')@","score":"@isNumber()@"}}][headers: {citrus_message_id=2434bad1-1298-48e8-900c-afef74095ed1, citrus_message_timestamp=1689189641940, citrus_http_reason_phrase=OK, citrus_http_status_code=200, citrus_message_type=JSON}]
22:20:41,942 DEBUG TextMessageValidator| Validation successful for JSON entry 'name' (@matches('^[a-zA-Z\s\.]*$')@)
22:20:41,942 DEBUG TextMessageValidator| Validation successful for JSON entry 'course' (@matches('^[a-zA-Z\s]*$')@)
22:20:41,942 DEBUG TextMessageValidator| Validation successful for JSON entry 'userId' (13)
22:20:41,942 DEBUG TextMessageValidator| Validation successful for JSON entry 'email' (@contains('@qa.ru')@)
22:20:41,942 DEBUG TextMessageValidator| Validation successful for JSON entry 'age' (@isNumber()@)
22:20:41,942 DEBUG TextMessageValidator| Validation successful for JSON entry 'score' (@isNumber()@)
22:20:41,942 DEBUG TextMessageValidator| Validation successful for JSON entry 'name' (@contains('Course mark')@)
22:20:41,942 DEBUG TextMessageValidator| Validation successful for JSON entry 'mark' ({"score":"@isNumber()@","name":"@contains('Course mark')@"})
22:20:41,942 INFO  TextMessageValidator| JSON message validation successful: All values OK
22:20:41,942 INFO  port.LoggingReporter| 
22:20:41,942 DEBUG port.LoggingReporter| TEST STEP 26 SUCCESS
]]></system-out>
  </testcase>
  <testcase name="getUserStubParametrizedTest(int)[14]" classname="citrus.HttpRESTStubTests" time="0.013">
    <system-out><![CDATA[22:20:41,946 INFO  port.LoggingReporter| 
22:20:41,946 INFO  port.LoggingReporter| ------------------------------------------------------------------------
22:20:41,946 DEBUG port.LoggingReporter| STARTING TEST HttpRESTStubTests.getUserStubParametrizedTest <citrus>
22:20:41,946 INFO  port.LoggingReporter| 
22:20:41,946 DEBUG trus.DefaultTestCase| Initializing test case
22:20:41,946 DEBUG trus.DefaultTestCase| Global variables:
22:20:41,947 DEBUG trus.DefaultTestCase| citrus_message_correlator_httpRESTClient = citrus_message_id = 'b0055be3-1a61-4b17-b215-61edc9d5605b'
22:20:41,947 DEBUG trus.DefaultTestCase| default.test.author = Unknown
22:20:41,947 DEBUG trus.DefaultTestCase| citrus.test.package = citrus
22:20:41,947 DEBUG trus.DefaultTestCase| citrus.test.name = HttpRESTStubTests.getUserStubParametrizedTest
22:20:41,947 DEBUG trus.DefaultTestCase| project.name = Citrus Integration Tests
22:20:41,947 DEBUG trus.DefaultTestCase| userId = 35
22:20:41,947 DEBUG trus.DefaultTestCase| citrus_message_replyTo_citrus_message_correlator_httpRESTClient = http://localhost:8080/user/get/13
22:20:41,947 DEBUG trus.DefaultTestCase| url = http://localhost:8080/user
22:20:41,947 DEBUG trus.DefaultTestCase| default.test.package = citrus
22:20:41,947 DEBUG  context.TestContext| Setting variable: citrus.test.name with value: 'HttpRESTStubTests.getUserStubParametrizedTest'
22:20:41,947 DEBUG  context.TestContext| Setting variable: citrus.test.package with value: 'citrus'
22:20:41,947 DEBUG trus.DefaultTestCase| Test variables:
22:20:41,947 DEBUG trus.DefaultTestCase| citrus_message_correlator_httpRESTClient = citrus_message_id = 'b0055be3-1a61-4b17-b215-61edc9d5605b'
22:20:41,947 DEBUG trus.DefaultTestCase| default.test.author = Unknown
22:20:41,947 DEBUG trus.DefaultTestCase| citrus.test.package = citrus
22:20:41,947 DEBUG trus.DefaultTestCase| citrus.test.name = HttpRESTStubTests.getUserStubParametrizedTest
22:20:41,947 DEBUG trus.DefaultTestCase| project.name = Citrus Integration Tests
22:20:41,947 DEBUG trus.DefaultTestCase| userId = 35
22:20:41,947 DEBUG trus.DefaultTestCase| citrus_message_replyTo_citrus_message_correlator_httpRESTClient = http://localhost:8080/user/get/13
22:20:41,947 DEBUG trus.DefaultTestCase| url = http://localhost:8080/user
22:20:41,947 DEBUG trus.DefaultTestCase| default.test.package = citrus
22:20:41,947 INFO  port.LoggingReporter| 
22:20:41,947 DEBUG port.LoggingReporter| TEST STEP 27: send
22:20:41,948 DEBUG ltCorrelationManager| Saving correlation key for 'citrus_message_correlator_httpRESTClient'
22:20:41,948 DEBUG  context.TestContext| Setting variable: citrus_message_correlator_httpRESTClient with value: 'citrus_message_id = 'eba98fe9-1234-4d65-a05b-144ec37f8377''
22:20:41,948 DEBUG  context.TestContext| Setting variable: citrus_message_replyTo_citrus_message_correlator_httpRESTClient with value: 'http://localhost:8080/user/get/14'
22:20:41,948 INFO     client.HttpClient| Sending HTTP message to: 'http://localhost:8080/user/get/14'
22:20:41,948 DEBUG    client.HttpClient| Message to send:

22:20:41,948 DEBUG aultHttpHeaderMapper| outboundHeaderNames=[Accept, Accept-Charset, Accept-Encoding, Accept-Language, Accept-Ranges, Authorization, Cache-Control, Connection, Content-Length, Content-Type, Cookie, Date, Expect, From, Host, If-Match, If-Modified-Since, If-None-Match, If-Range, If-Unmodified-Since, Max-Forwards, Pragma, Proxy-Authorization, Range, Referer, TE, Upgrade, User-Agent, Via, Warning]
22:20:41,948 DEBUG aultHttpHeaderMapper| headerName=[citrus_message_timestamp] WILL NOT be mapped
22:20:41,948 DEBUG aultHttpHeaderMapper| headerName=[citrus_message_type] WILL NOT be mapped
22:20:41,948 DEBUG aultHttpHeaderMapper| headerName=[citrus_request_path] WILL NOT be mapped
22:20:41,948 DEBUG aultHttpHeaderMapper| headerName=[citrus_http_request_uri] WILL NOT be mapped
22:20:41,948 DEBUG aultHttpHeaderMapper| headerName=[id] WILL NOT be mapped
22:20:41,948 DEBUG aultHttpHeaderMapper| headerName=[citrus_message_id] WILL NOT be mapped
22:20:41,948 DEBUG aultHttpHeaderMapper| headerName=[citrus_http_method] WILL NOT be mapped
22:20:41,948 DEBUG aultHttpHeaderMapper| headerName=[timestamp] WILL NOT be mapped
22:20:41,948 DEBUG  client.RestTemplate| HTTP GET http://localhost:8080/user/get/14
22:20:41,948 DEBUG  client.RestTemplate| Accept=[text/plain, application/json, application/*+json, */*]
22:20:41,948 DEBUG ingClientInterceptor| Sending Http request message
22:20:41,950 DEBUG   Logger.Message_OUT| RAWMESSAGE [id: a62ded85-3832-4167-a9ac-f852d67a3325, payload: GET http://localhost:8080/user/get/14
Accept:text/plain, application/json, application/*+json, */*
Content-Type:application/json;charset=UTF-8
Content-Length:0][headers: {citrus_message_id=a62ded85-3832-4167-a9ac-f852d67a3325, citrus_message_timestamp=1689189641948}]
22:20:41,950 DEBUG ol.RequestAddCookies| CookieSpec selected: default
22:20:41,950 DEBUG col.RequestAuthCache| Auth cache not set in the context
22:20:41,950 DEBUG entConnectionManager| Connection request: [route: {}->http://localhost:8080][total available: 1; route allocated: 1 of 5; total allocated: 1 of 10]
22:20:41,950 DEBUG entConnectionManager| Connection leased: [id: 0][route: {}->http://localhost:8080][total available: 0; route allocated: 1 of 5; total allocated: 1 of 10]
22:20:41,950 DEBUG HttpClientConnection| http-outgoing-0: set socket timeout to 0
22:20:41,950 DEBUG chain.MainClientExec| Executing request GET /user/get/14 HTTP/1.1
22:20:41,951 DEBUG chain.MainClientExec| Target auth state: UNCHALLENGED
22:20:41,951 DEBUG chain.MainClientExec| Proxy auth state: UNCHALLENGED
22:20:41,951 DEBUG         http.headers| http-outgoing-0 >> GET /user/get/14 HTTP/1.1
22:20:41,951 DEBUG         http.headers| http-outgoing-0 >> Accept: text/plain, application/json, application/*+json, */*
22:20:41,951 DEBUG         http.headers| http-outgoing-0 >> Content-Type: application/json;charset=UTF-8
22:20:41,951 DEBUG         http.headers| http-outgoing-0 >> Host: localhost:8080
22:20:41,951 DEBUG         http.headers| http-outgoing-0 >> Connection: Keep-Alive
22:20:41,951 DEBUG         http.headers| http-outgoing-0 >> User-Agent: Apache-HttpClient/4.5.13 (Java/11.0.16)
22:20:41,951 DEBUG         http.headers| http-outgoing-0 >> Accept-Encoding: gzip,deflate
22:20:41,951 DEBUG            http.wire| http-outgoing-0 >> "GET /user/get/14 HTTP/1.1[\r][\n]"
22:20:41,951 DEBUG            http.wire| http-outgoing-0 >> "Accept: text/plain, application/json, application/*+json, */*[\r][\n]"
22:20:41,951 DEBUG            http.wire| http-outgoing-0 >> "Content-Type: application/json;charset=UTF-8[\r][\n]"
22:20:41,951 DEBUG            http.wire| http-outgoing-0 >> "Host: localhost:8080[\r][\n]"
22:20:41,951 DEBUG            http.wire| http-outgoing-0 >> "Connection: Keep-Alive[\r][\n]"
22:20:41,951 DEBUG            http.wire| http-outgoing-0 >> "User-Agent: Apache-HttpClient/4.5.13 (Java/11.0.16)[\r][\n]"
22:20:41,951 DEBUG            http.wire| http-outgoing-0 >> "Accept-Encoding: gzip,deflate[\r][\n]"
22:20:41,951 DEBUG            http.wire| http-outgoing-0 >> "[\r][\n]"
22:20:41,952 DEBUG            http.wire| http-outgoing-0 << "HTTP/1.1 200 [\r][\n]"
22:20:41,952 DEBUG            http.wire| http-outgoing-0 << "Content-Type: application/json[\r][\n]"
22:20:41,952 DEBUG            http.wire| http-outgoing-0 << "Transfer-Encoding: chunked[\r][\n]"
22:20:41,952 DEBUG            http.wire| http-outgoing-0 << "Date: Wed, 12 Jul 2023 19:20:41 GMT[\r][\n]"
22:20:41,952 DEBUG            http.wire| http-outgoing-0 << "Keep-Alive: timeout=60[\r][\n]"
22:20:41,952 DEBUG            http.wire| http-outgoing-0 << "Connection: keep-alive[\r][\n]"
22:20:41,952 DEBUG            http.wire| http-outgoing-0 << "[\r][\n]"
22:20:41,952 DEBUG            http.wire| http-outgoing-0 << "9d[\r][\n]"
22:20:41,952 DEBUG            http.wire| http-outgoing-0 << "{"userId":14,"name":"Clarence Bartell Jr.","course":"District Functionality Facilitator","email":"14@qa.ru","age":48,"mark":{"name":"Course mark","score":0}}[\r][\n]"
22:20:41,952 DEBUG         http.headers| http-outgoing-0 << HTTP/1.1 200 
22:20:41,952 DEBUG         http.headers| http-outgoing-0 << Content-Type: application/json
22:20:41,952 DEBUG         http.headers| http-outgoing-0 << Transfer-Encoding: chunked
22:20:41,952 DEBUG         http.headers| http-outgoing-0 << Date: Wed, 12 Jul 2023 19:20:41 GMT
22:20:41,952 DEBUG         http.headers| http-outgoing-0 << Keep-Alive: timeout=60
22:20:41,952 DEBUG         http.headers| http-outgoing-0 << Connection: keep-alive
22:20:41,952 DEBUG chain.MainClientExec| Connection can be kept alive for 60000 MILLISECONDS
22:20:41,953 DEBUG            http.wire| http-outgoing-0 << "0[\r][\n]"
22:20:41,953 DEBUG            http.wire| http-outgoing-0 << "[\r][\n]"
22:20:41,953 DEBUG entConnectionManager| Connection [id: 0][route: {}->http://localhost:8080] can be kept alive for 60.0 seconds
22:20:41,953 DEBUG HttpClientConnection| http-outgoing-0: set socket timeout to 0
22:20:41,953 DEBUG entConnectionManager| Connection released: [id: 0][route: {}->http://localhost:8080][total available: 1; route allocated: 1 of 5; total allocated: 1 of 10]
22:20:41,953 DEBUG ingClientInterceptor| Received Http response message
22:20:41,954 DEBUG    Logger.Message_IN| RAWMESSAGE [id: ac255370-c106-4c30-b4cc-4994bf63d5fc, payload: HTTP/1.1 200 OK 
Content-Type:application/json
Transfer-Encoding:chunked
Date:Wed, 12 Jul 2023 19:20:41 GMT
Keep-Alive:timeout=60
Connection:keep-alive

{"userId":14,"name":"Clarence Bartell Jr.","course":"District Functionality Facilitator","email":"14@qa.ru","age":48,"mark":{"name":"Course mark","score":0}}][headers: {citrus_message_id=ac255370-c106-4c30-b4cc-4994bf63d5fc, citrus_message_timestamp=1689189641953}]
22:20:41,954 DEBUG  client.RestTemplate| Response 200 OK
22:20:41,954 DEBUG  client.RestTemplate| Reading to [java.lang.String] as "application/json"
22:20:41,955 INFO     client.HttpClient| HTTP message was sent to endpoint: 'http://localhost:8080/user/get/14'
22:20:41,955 DEBUG aultHttpHeaderMapper| inboundHeaderNames=[Accept-Ranges, Age, Allow, Cache-Control, Connection, Content-Encoding, Content-Language, Content-Length, Content-Location, Content-MD5, Content-Range, Content-Type, Content-Disposition, Transfer-Encoding, Date, ETag, Expires, Last-Modified, Location, Pragma, Proxy-Authenticate, Refresh, Retry-After, Server, Set-Cookie, Trailer, Vary, Via, Warning, WWW-Authenticate]
22:20:41,955 DEBUG aultHttpHeaderMapper| headerName=[content-type] WILL be mapped, matched pattern=content-type
22:20:41,955 DEBUG aultHttpHeaderMapper| setting headerName=[contentType], value=application/json
22:20:41,955 DEBUG aultHttpHeaderMapper| headerName=[transfer-encoding] WILL be mapped, matched pattern=transfer-encoding
22:20:41,955 DEBUG aultHttpHeaderMapper| setting headerName=[Transfer-Encoding], value=[chunked]
22:20:41,955 DEBUG aultHttpHeaderMapper| headerName=[date] WILL be mapped, matched pattern=date
22:20:41,955 DEBUG aultHttpHeaderMapper| setting headerName=[Date], value=1 689 189 641 000
22:20:41,955 DEBUG aultHttpHeaderMapper| headerName=[keep-alive] WILL NOT be mapped
22:20:41,955 DEBUG aultHttpHeaderMapper| headerName=[connection] WILL be mapped, matched pattern=connection
22:20:41,955 DEBUG aultHttpHeaderMapper| setting headerName=[Connection], value=[keep-alive]
22:20:41,955 DEBUG ltCorrelationManager| Saving correlated object for 'citrus_message_id = 'eba98fe9-1234-4d65-a05b-144ec37f8377''
22:20:41,955 INFO  port.LoggingReporter| 
22:20:41,955 DEBUG port.LoggingReporter| TEST STEP 27 SUCCESS
22:20:41,955 INFO  port.LoggingReporter| 
22:20:41,955 DEBUG port.LoggingReporter| TEST STEP 28: receive
22:20:41,955 DEBUG ngCorrelationManager| Get correlation key for 'citrus_message_correlator_httpRESTClient'
22:20:41,955 DEBUG ltCorrelationManager| Finding correlated object for 'citrus_message_id = 'eba98fe9-1234-4d65-a05b-144ec37f8377''
22:20:41,956 DEBUG ageValidatorRegistry| Found 4 message validators for message
22:20:41,956 DEBUG ssageHeaderValidator| Start message header validation ...
22:20:41,956 DEBUG faultHeaderValidator| Validating header element: citrus_http_reason_phrase='OK': OK.
22:20:41,957 DEBUG faultHeaderValidator| Validating header element: citrus_http_status_code='200': OK.
22:20:41,957 INFO  ssageHeaderValidator| Message header validation successful: All values OK
22:20:41,957 DEBUG TextMessageValidator| Start JSON message validation ...
22:20:41,957 DEBUG JsonSchemaValidation| Starting Json schema validation ...
22:20:41,957 INFO  JsonSchemaValidation| Json schema validation successful: All values OK
22:20:41,957 DEBUG TextMessageValidator| Received message:
HTTPMESSAGE [id: ec11c78b-847e-4ffd-a338-a35e0a961415, payload: {"userId":14,"name":"Clarence Bartell Jr.","course":"District Functionality Facilitator","email":"14@qa.ru","age":48,"mark":{"name":"Course mark","score":0}}][headers: {Transfer-Encoding=chunked, Connection=keep-alive, contentType=application/json, Date=1689189641000, citrus_message_id=ec11c78b-847e-4ffd-a338-a35e0a961415, citrus_message_timestamp=1689189641955, Keep-Alive=timeout=60, Content-Type=application/json, citrus_http_status_code=200, citrus_http_reason_phrase=OK, citrus_http_version=HTTP/1.1}]
22:20:41,957 DEBUG TextMessageValidator| Control message:
HTTPMESSAGE [id: 9b26fa96-b621-4b49-b67c-bf82c14d5b8f, payload: {"userId":14,"email":"@contains('@qa.ru')@","name":"@matches('^[a-zA-Z\\s\\.]*$')@","course":"@matches('^[a-zA-Z\\s]*$')@","age":"@isNumber()@","mark":{"name":"@contains('Course mark')@","score":"@isNumber()@"}}][headers: {citrus_message_id=9b26fa96-b621-4b49-b67c-bf82c14d5b8f, citrus_message_timestamp=1689189641955, citrus_http_reason_phrase=OK, citrus_http_status_code=200, citrus_message_type=JSON}]
22:20:41,957 DEBUG TextMessageValidator| Validation successful for JSON entry 'name' (@matches('^[a-zA-Z\s\.]*$')@)
22:20:41,957 DEBUG TextMessageValidator| Validation successful for JSON entry 'course' (@matches('^[a-zA-Z\s]*$')@)
22:20:41,957 DEBUG TextMessageValidator| Validation successful for JSON entry 'userId' (14)
22:20:41,957 DEBUG TextMessageValidator| Validation successful for JSON entry 'email' (@contains('@qa.ru')@)
22:20:41,957 DEBUG TextMessageValidator| Validation successful for JSON entry 'age' (@isNumber()@)
22:20:41,957 DEBUG TextMessageValidator| Validation successful for JSON entry 'score' (@isNumber()@)
22:20:41,957 DEBUG TextMessageValidator| Validation successful for JSON entry 'name' (@contains('Course mark')@)
22:20:41,957 DEBUG TextMessageValidator| Validation successful for JSON entry 'mark' ({"score":"@isNumber()@","name":"@contains('Course mark')@"})
22:20:41,957 INFO  TextMessageValidator| JSON message validation successful: All values OK
22:20:41,957 INFO  port.LoggingReporter| 
22:20:41,957 DEBUG port.LoggingReporter| TEST STEP 28 SUCCESS
]]></system-out>
  </testcase>
  <testcase name="getUserStubParametrizedTest(int)[15]" classname="citrus.HttpRESTStubTests" time="0.011">
    <system-out><![CDATA[22:20:41,960 INFO  port.LoggingReporter| 
22:20:41,960 INFO  port.LoggingReporter| ------------------------------------------------------------------------
22:20:41,960 DEBUG port.LoggingReporter| STARTING TEST HttpRESTStubTests.getUserStubParametrizedTest <citrus>
22:20:41,960 INFO  port.LoggingReporter| 
22:20:41,961 DEBUG trus.DefaultTestCase| Initializing test case
22:20:41,961 DEBUG trus.DefaultTestCase| Global variables:
22:20:41,961 DEBUG trus.DefaultTestCase| citrus_message_correlator_httpRESTClient = citrus_message_id = 'eba98fe9-1234-4d65-a05b-144ec37f8377'
22:20:41,961 DEBUG trus.DefaultTestCase| default.test.author = Unknown
22:20:41,961 DEBUG trus.DefaultTestCase| citrus.test.package = citrus
22:20:41,961 DEBUG trus.DefaultTestCase| citrus.test.name = HttpRESTStubTests.getUserStubParametrizedTest
22:20:41,961 DEBUG trus.DefaultTestCase| project.name = Citrus Integration Tests
22:20:41,961 DEBUG trus.DefaultTestCase| userId = 35
22:20:41,961 DEBUG trus.DefaultTestCase| citrus_message_replyTo_citrus_message_correlator_httpRESTClient = http://localhost:8080/user/get/14
22:20:41,961 DEBUG trus.DefaultTestCase| url = http://localhost:8080/user
22:20:41,961 DEBUG trus.DefaultTestCase| default.test.package = citrus
22:20:41,961 DEBUG  context.TestContext| Setting variable: citrus.test.name with value: 'HttpRESTStubTests.getUserStubParametrizedTest'
22:20:41,961 DEBUG  context.TestContext| Setting variable: citrus.test.package with value: 'citrus'
22:20:41,961 DEBUG trus.DefaultTestCase| Test variables:
22:20:41,961 DEBUG trus.DefaultTestCase| citrus_message_correlator_httpRESTClient = citrus_message_id = 'eba98fe9-1234-4d65-a05b-144ec37f8377'
22:20:41,961 DEBUG trus.DefaultTestCase| default.test.author = Unknown
22:20:41,961 DEBUG trus.DefaultTestCase| citrus.test.package = citrus
22:20:41,961 DEBUG trus.DefaultTestCase| citrus.test.name = HttpRESTStubTests.getUserStubParametrizedTest
22:20:41,961 DEBUG trus.DefaultTestCase| project.name = Citrus Integration Tests
22:20:41,961 DEBUG trus.DefaultTestCase| userId = 35
22:20:41,961 DEBUG trus.DefaultTestCase| citrus_message_replyTo_citrus_message_correlator_httpRESTClient = http://localhost:8080/user/get/14
22:20:41,961 DEBUG trus.DefaultTestCase| url = http://localhost:8080/user
22:20:41,961 DEBUG trus.DefaultTestCase| default.test.package = citrus
22:20:41,961 INFO  port.LoggingReporter| 
22:20:41,961 DEBUG port.LoggingReporter| TEST STEP 29: send
22:20:41,961 DEBUG ltCorrelationManager| Saving correlation key for 'citrus_message_correlator_httpRESTClient'
22:20:41,961 DEBUG  context.TestContext| Setting variable: citrus_message_correlator_httpRESTClient with value: 'citrus_message_id = '09662bae-ce44-4b3a-a26e-7d62baf986f1''
22:20:41,961 DEBUG  context.TestContext| Setting variable: citrus_message_replyTo_citrus_message_correlator_httpRESTClient with value: 'http://localhost:8080/user/get/15'
22:20:41,961 INFO     client.HttpClient| Sending HTTP message to: 'http://localhost:8080/user/get/15'
22:20:41,961 DEBUG    client.HttpClient| Message to send:

22:20:41,961 DEBUG aultHttpHeaderMapper| outboundHeaderNames=[Accept, Accept-Charset, Accept-Encoding, Accept-Language, Accept-Ranges, Authorization, Cache-Control, Connection, Content-Length, Content-Type, Cookie, Date, Expect, From, Host, If-Match, If-Modified-Since, If-None-Match, If-Range, If-Unmodified-Since, Max-Forwards, Pragma, Proxy-Authorization, Range, Referer, TE, Upgrade, User-Agent, Via, Warning]
22:20:41,961 DEBUG aultHttpHeaderMapper| headerName=[citrus_message_timestamp] WILL NOT be mapped
22:20:41,961 DEBUG aultHttpHeaderMapper| headerName=[citrus_message_type] WILL NOT be mapped
22:20:41,961 DEBUG aultHttpHeaderMapper| headerName=[citrus_request_path] WILL NOT be mapped
22:20:41,961 DEBUG aultHttpHeaderMapper| headerName=[citrus_http_request_uri] WILL NOT be mapped
22:20:41,961 DEBUG aultHttpHeaderMapper| headerName=[id] WILL NOT be mapped
22:20:41,961 DEBUG aultHttpHeaderMapper| headerName=[citrus_message_id] WILL NOT be mapped
22:20:41,962 DEBUG aultHttpHeaderMapper| headerName=[citrus_http_method] WILL NOT be mapped
22:20:41,962 DEBUG aultHttpHeaderMapper| headerName=[timestamp] WILL NOT be mapped
22:20:41,962 DEBUG  client.RestTemplate| HTTP GET http://localhost:8080/user/get/15
22:20:41,962 DEBUG  client.RestTemplate| Accept=[text/plain, application/json, application/*+json, */*]
22:20:41,962 DEBUG ingClientInterceptor| Sending Http request message
22:20:41,963 DEBUG   Logger.Message_OUT| RAWMESSAGE [id: 5fa30430-e012-4002-8df5-532086935267, payload: GET http://localhost:8080/user/get/15
Accept:text/plain, application/json, application/*+json, */*
Content-Type:application/json;charset=UTF-8
Content-Length:0][headers: {citrus_message_id=5fa30430-e012-4002-8df5-532086935267, citrus_message_timestamp=1689189641962}]
22:20:41,963 DEBUG ol.RequestAddCookies| CookieSpec selected: default
22:20:41,963 DEBUG col.RequestAuthCache| Auth cache not set in the context
22:20:41,963 DEBUG entConnectionManager| Connection request: [route: {}->http://localhost:8080][total available: 1; route allocated: 1 of 5; total allocated: 1 of 10]
22:20:41,963 DEBUG entConnectionManager| Connection leased: [id: 0][route: {}->http://localhost:8080][total available: 0; route allocated: 1 of 5; total allocated: 1 of 10]
22:20:41,963 DEBUG HttpClientConnection| http-outgoing-0: set socket timeout to 0
22:20:41,963 DEBUG chain.MainClientExec| Executing request GET /user/get/15 HTTP/1.1
22:20:41,963 DEBUG chain.MainClientExec| Target auth state: UNCHALLENGED
22:20:41,963 DEBUG chain.MainClientExec| Proxy auth state: UNCHALLENGED
22:20:41,963 DEBUG         http.headers| http-outgoing-0 >> GET /user/get/15 HTTP/1.1
22:20:41,963 DEBUG         http.headers| http-outgoing-0 >> Accept: text/plain, application/json, application/*+json, */*
22:20:41,963 DEBUG         http.headers| http-outgoing-0 >> Content-Type: application/json;charset=UTF-8
22:20:41,963 DEBUG         http.headers| http-outgoing-0 >> Host: localhost:8080
22:20:41,963 DEBUG         http.headers| http-outgoing-0 >> Connection: Keep-Alive
22:20:41,963 DEBUG         http.headers| http-outgoing-0 >> User-Agent: Apache-HttpClient/4.5.13 (Java/11.0.16)
22:20:41,963 DEBUG         http.headers| http-outgoing-0 >> Accept-Encoding: gzip,deflate
22:20:41,963 DEBUG            http.wire| http-outgoing-0 >> "GET /user/get/15 HTTP/1.1[\r][\n]"
22:20:41,964 DEBUG            http.wire| http-outgoing-0 >> "Accept: text/plain, application/json, application/*+json, */*[\r][\n]"
22:20:41,964 DEBUG            http.wire| http-outgoing-0 >> "Content-Type: application/json;charset=UTF-8[\r][\n]"
22:20:41,964 DEBUG            http.wire| http-outgoing-0 >> "Host: localhost:8080[\r][\n]"
22:20:41,964 DEBUG            http.wire| http-outgoing-0 >> "Connection: Keep-Alive[\r][\n]"
22:20:41,964 DEBUG            http.wire| http-outgoing-0 >> "User-Agent: Apache-HttpClient/4.5.13 (Java/11.0.16)[\r][\n]"
22:20:41,964 DEBUG            http.wire| http-outgoing-0 >> "Accept-Encoding: gzip,deflate[\r][\n]"
22:20:41,964 DEBUG            http.wire| http-outgoing-0 >> "[\r][\n]"
22:20:41,965 DEBUG            http.wire| http-outgoing-0 << "HTTP/1.1 200 [\r][\n]"
22:20:41,965 DEBUG            http.wire| http-outgoing-0 << "Content-Type: application/json[\r][\n]"
22:20:41,965 DEBUG            http.wire| http-outgoing-0 << "Transfer-Encoding: chunked[\r][\n]"
22:20:41,965 DEBUG            http.wire| http-outgoing-0 << "Date: Wed, 12 Jul 2023 19:20:41 GMT[\r][\n]"
22:20:41,965 DEBUG            http.wire| http-outgoing-0 << "Keep-Alive: timeout=60[\r][\n]"
22:20:41,965 DEBUG            http.wire| http-outgoing-0 << "Connection: keep-alive[\r][\n]"
22:20:41,965 DEBUG            http.wire| http-outgoing-0 << "[\r][\n]"
22:20:41,965 DEBUG            http.wire| http-outgoing-0 << "8a[\r][\n]"
22:20:41,965 DEBUG            http.wire| http-outgoing-0 << "{"userId":15,"name":"Jamie Schoen","course":"Legacy Program Designer","email":"15@qa.ru","age":14,"mark":{"name":"Course mark","score":2}}[\r][\n]"
22:20:41,965 DEBUG         http.headers| http-outgoing-0 << HTTP/1.1 200 
22:20:41,965 DEBUG         http.headers| http-outgoing-0 << Content-Type: application/json
22:20:41,965 DEBUG         http.headers| http-outgoing-0 << Transfer-Encoding: chunked
22:20:41,965 DEBUG         http.headers| http-outgoing-0 << Date: Wed, 12 Jul 2023 19:20:41 GMT
22:20:41,965 DEBUG         http.headers| http-outgoing-0 << Keep-Alive: timeout=60
22:20:41,965 DEBUG         http.headers| http-outgoing-0 << Connection: keep-alive
22:20:41,965 DEBUG chain.MainClientExec| Connection can be kept alive for 60000 MILLISECONDS
22:20:41,965 DEBUG            http.wire| http-outgoing-0 << "0[\r][\n]"
22:20:41,965 DEBUG            http.wire| http-outgoing-0 << "[\r][\n]"
22:20:41,965 DEBUG entConnectionManager| Connection [id: 0][route: {}->http://localhost:8080] can be kept alive for 60.0 seconds
22:20:41,965 DEBUG HttpClientConnection| http-outgoing-0: set socket timeout to 0
22:20:41,965 DEBUG entConnectionManager| Connection released: [id: 0][route: {}->http://localhost:8080][total available: 1; route allocated: 1 of 5; total allocated: 1 of 10]
22:20:41,965 DEBUG ingClientInterceptor| Received Http response message
22:20:41,966 DEBUG    Logger.Message_IN| RAWMESSAGE [id: 20c5670c-53fd-4078-8d7e-eef0920d0419, payload: HTTP/1.1 200 OK 
Content-Type:application/json
Transfer-Encoding:chunked
Date:Wed, 12 Jul 2023 19:20:41 GMT
Keep-Alive:timeout=60
Connection:keep-alive

{"userId":15,"name":"Jamie Schoen","course":"Legacy Program Designer","email":"15@qa.ru","age":14,"mark":{"name":"Course mark","score":2}}][headers: {citrus_message_id=20c5670c-53fd-4078-8d7e-eef0920d0419, citrus_message_timestamp=1689189641965}]
22:20:41,966 DEBUG  client.RestTemplate| Response 200 OK
22:20:41,967 DEBUG  client.RestTemplate| Reading to [java.lang.String] as "application/json"
22:20:41,967 INFO     client.HttpClient| HTTP message was sent to endpoint: 'http://localhost:8080/user/get/15'
22:20:41,967 DEBUG aultHttpHeaderMapper| inboundHeaderNames=[Accept-Ranges, Age, Allow, Cache-Control, Connection, Content-Encoding, Content-Language, Content-Length, Content-Location, Content-MD5, Content-Range, Content-Type, Content-Disposition, Transfer-Encoding, Date, ETag, Expires, Last-Modified, Location, Pragma, Proxy-Authenticate, Refresh, Retry-After, Server, Set-Cookie, Trailer, Vary, Via, Warning, WWW-Authenticate]
22:20:41,967 DEBUG aultHttpHeaderMapper| headerName=[content-type] WILL be mapped, matched pattern=content-type
22:20:41,967 DEBUG aultHttpHeaderMapper| setting headerName=[contentType], value=application/json
22:20:41,967 DEBUG aultHttpHeaderMapper| headerName=[transfer-encoding] WILL be mapped, matched pattern=transfer-encoding
22:20:41,967 DEBUG aultHttpHeaderMapper| setting headerName=[Transfer-Encoding], value=[chunked]
22:20:41,967 DEBUG aultHttpHeaderMapper| headerName=[date] WILL be mapped, matched pattern=date
22:20:41,967 DEBUG aultHttpHeaderMapper| setting headerName=[Date], value=1 689 189 641 000
22:20:41,967 DEBUG aultHttpHeaderMapper| headerName=[keep-alive] WILL NOT be mapped
22:20:41,967 DEBUG aultHttpHeaderMapper| headerName=[connection] WILL be mapped, matched pattern=connection
22:20:41,967 DEBUG aultHttpHeaderMapper| setting headerName=[Connection], value=[keep-alive]
22:20:41,967 DEBUG ltCorrelationManager| Saving correlated object for 'citrus_message_id = '09662bae-ce44-4b3a-a26e-7d62baf986f1''
22:20:41,967 INFO  port.LoggingReporter| 
22:20:41,967 DEBUG port.LoggingReporter| TEST STEP 29 SUCCESS
22:20:41,967 INFO  port.LoggingReporter| 
22:20:41,967 DEBUG port.LoggingReporter| TEST STEP 30: receive
22:20:41,967 DEBUG ngCorrelationManager| Get correlation key for 'citrus_message_correlator_httpRESTClient'
22:20:41,967 DEBUG ltCorrelationManager| Finding correlated object for 'citrus_message_id = '09662bae-ce44-4b3a-a26e-7d62baf986f1''
22:20:41,969 DEBUG ageValidatorRegistry| Found 4 message validators for message
22:20:41,969 DEBUG ssageHeaderValidator| Start message header validation ...
22:20:41,969 DEBUG faultHeaderValidator| Validating header element: citrus_http_reason_phrase='OK': OK.
22:20:41,969 DEBUG faultHeaderValidator| Validating header element: citrus_http_status_code='200': OK.
22:20:41,969 INFO  ssageHeaderValidator| Message header validation successful: All values OK
22:20:41,969 DEBUG TextMessageValidator| Start JSON message validation ...
22:20:41,969 DEBUG JsonSchemaValidation| Starting Json schema validation ...
22:20:41,969 INFO  JsonSchemaValidation| Json schema validation successful: All values OK
22:20:41,970 DEBUG TextMessageValidator| Received message:
HTTPMESSAGE [id: 67d832a5-b9da-4410-ab59-86f0629cbb4d, payload: {"userId":15,"name":"Jamie Schoen","course":"Legacy Program Designer","email":"15@qa.ru","age":14,"mark":{"name":"Course mark","score":2}}][headers: {Transfer-Encoding=chunked, Connection=keep-alive, contentType=application/json, Date=1689189641000, citrus_message_id=67d832a5-b9da-4410-ab59-86f0629cbb4d, citrus_message_timestamp=1689189641967, Keep-Alive=timeout=60, Content-Type=application/json, citrus_http_status_code=200, citrus_http_reason_phrase=OK, citrus_http_version=HTTP/1.1}]
22:20:41,970 DEBUG TextMessageValidator| Control message:
HTTPMESSAGE [id: ce059ab3-8a92-4764-90ad-8ea6937b3aab, payload: {"userId":15,"email":"@contains('@qa.ru')@","name":"@matches('^[a-zA-Z\\s\\.]*$')@","course":"@matches('^[a-zA-Z\\s]*$')@","age":"@isNumber()@","mark":{"name":"@contains('Course mark')@","score":"@isNumber()@"}}][headers: {citrus_message_id=ce059ab3-8a92-4764-90ad-8ea6937b3aab, citrus_message_timestamp=1689189641967, citrus_http_reason_phrase=OK, citrus_http_status_code=200, citrus_message_type=JSON}]
22:20:41,970 DEBUG TextMessageValidator| Validation successful for JSON entry 'name' (@matches('^[a-zA-Z\s\.]*$')@)
22:20:41,970 DEBUG TextMessageValidator| Validation successful for JSON entry 'course' (@matches('^[a-zA-Z\s]*$')@)
22:20:41,970 DEBUG TextMessageValidator| Validation successful for JSON entry 'userId' (15)
22:20:41,970 DEBUG TextMessageValidator| Validation successful for JSON entry 'email' (@contains('@qa.ru')@)
22:20:41,970 DEBUG TextMessageValidator| Validation successful for JSON entry 'age' (@isNumber()@)
22:20:41,970 DEBUG TextMessageValidator| Validation successful for JSON entry 'score' (@isNumber()@)
22:20:41,970 DEBUG TextMessageValidator| Validation successful for JSON entry 'name' (@contains('Course mark')@)
22:20:41,970 DEBUG TextMessageValidator| Validation successful for JSON entry 'mark' ({"score":"@isNumber()@","name":"@contains('Course mark')@"})
22:20:41,970 INFO  TextMessageValidator| JSON message validation successful: All values OK
22:20:41,970 INFO  port.LoggingReporter| 
22:20:41,970 DEBUG port.LoggingReporter| TEST STEP 30 SUCCESS
]]></system-out>
  </testcase>
  <testcase name="getUserStubParametrizedTest(int)[16]" classname="citrus.HttpRESTStubTests" time="0.018">
    <system-out><![CDATA[22:20:41,972 INFO  port.LoggingReporter| 
22:20:41,972 INFO  port.LoggingReporter| ------------------------------------------------------------------------
22:20:41,972 DEBUG port.LoggingReporter| STARTING TEST HttpRESTStubTests.getUserStubParametrizedTest <citrus>
22:20:41,972 INFO  port.LoggingReporter| 
22:20:41,972 DEBUG trus.DefaultTestCase| Initializing test case
22:20:41,972 DEBUG trus.DefaultTestCase| Global variables:
22:20:41,972 DEBUG trus.DefaultTestCase| citrus_message_correlator_httpRESTClient = citrus_message_id = '09662bae-ce44-4b3a-a26e-7d62baf986f1'
22:20:41,972 DEBUG trus.DefaultTestCase| default.test.author = Unknown
22:20:41,972 DEBUG trus.DefaultTestCase| citrus.test.package = citrus
22:20:41,972 DEBUG trus.DefaultTestCase| citrus.test.name = HttpRESTStubTests.getUserStubParametrizedTest
22:20:41,972 DEBUG trus.DefaultTestCase| project.name = Citrus Integration Tests
22:20:41,972 DEBUG trus.DefaultTestCase| userId = 35
22:20:41,972 DEBUG trus.DefaultTestCase| citrus_message_replyTo_citrus_message_correlator_httpRESTClient = http://localhost:8080/user/get/15
22:20:41,972 DEBUG trus.DefaultTestCase| url = http://localhost:8080/user
22:20:41,972 DEBUG trus.DefaultTestCase| default.test.package = citrus
22:20:41,972 DEBUG  context.TestContext| Setting variable: citrus.test.name with value: 'HttpRESTStubTests.getUserStubParametrizedTest'
22:20:41,972 DEBUG  context.TestContext| Setting variable: citrus.test.package with value: 'citrus'
22:20:41,972 DEBUG trus.DefaultTestCase| Test variables:
22:20:41,972 DEBUG trus.DefaultTestCase| citrus_message_correlator_httpRESTClient = citrus_message_id = '09662bae-ce44-4b3a-a26e-7d62baf986f1'
22:20:41,972 DEBUG trus.DefaultTestCase| default.test.author = Unknown
22:20:41,972 DEBUG trus.DefaultTestCase| citrus.test.package = citrus
22:20:41,972 DEBUG trus.DefaultTestCase| citrus.test.name = HttpRESTStubTests.getUserStubParametrizedTest
22:20:41,972 DEBUG trus.DefaultTestCase| project.name = Citrus Integration Tests
22:20:41,972 DEBUG trus.DefaultTestCase| userId = 35
22:20:41,972 DEBUG trus.DefaultTestCase| citrus_message_replyTo_citrus_message_correlator_httpRESTClient = http://localhost:8080/user/get/15
22:20:41,972 DEBUG trus.DefaultTestCase| url = http://localhost:8080/user
22:20:41,972 DEBUG trus.DefaultTestCase| default.test.package = citrus
22:20:41,973 INFO  port.LoggingReporter| 
22:20:41,973 DEBUG port.LoggingReporter| TEST STEP 31: send
22:20:41,973 DEBUG ltCorrelationManager| Saving correlation key for 'citrus_message_correlator_httpRESTClient'
22:20:41,973 DEBUG  context.TestContext| Setting variable: citrus_message_correlator_httpRESTClient with value: 'citrus_message_id = 'c0936cb4-0762-4218-b175-7494a688e130''
22:20:41,973 DEBUG  context.TestContext| Setting variable: citrus_message_replyTo_citrus_message_correlator_httpRESTClient with value: 'http://localhost:8080/user/get/16'
22:20:41,973 INFO     client.HttpClient| Sending HTTP message to: 'http://localhost:8080/user/get/16'
22:20:41,973 DEBUG    client.HttpClient| Message to send:

22:20:41,973 DEBUG aultHttpHeaderMapper| outboundHeaderNames=[Accept, Accept-Charset, Accept-Encoding, Accept-Language, Accept-Ranges, Authorization, Cache-Control, Connection, Content-Length, Content-Type, Cookie, Date, Expect, From, Host, If-Match, If-Modified-Since, If-None-Match, If-Range, If-Unmodified-Since, Max-Forwards, Pragma, Proxy-Authorization, Range, Referer, TE, Upgrade, User-Agent, Via, Warning]
22:20:41,973 DEBUG aultHttpHeaderMapper| headerName=[citrus_message_timestamp] WILL NOT be mapped
22:20:41,973 DEBUG aultHttpHeaderMapper| headerName=[citrus_message_type] WILL NOT be mapped
22:20:41,973 DEBUG aultHttpHeaderMapper| headerName=[citrus_request_path] WILL NOT be mapped
22:20:41,973 DEBUG aultHttpHeaderMapper| headerName=[citrus_http_request_uri] WILL NOT be mapped
22:20:41,973 DEBUG aultHttpHeaderMapper| headerName=[id] WILL NOT be mapped
22:20:41,973 DEBUG aultHttpHeaderMapper| headerName=[citrus_message_id] WILL NOT be mapped
22:20:41,973 DEBUG aultHttpHeaderMapper| headerName=[citrus_http_method] WILL NOT be mapped
22:20:41,973 DEBUG aultHttpHeaderMapper| headerName=[timestamp] WILL NOT be mapped
22:20:41,974 DEBUG  client.RestTemplate| HTTP GET http://localhost:8080/user/get/16
22:20:41,974 DEBUG  client.RestTemplate| Accept=[text/plain, application/json, application/*+json, */*]
22:20:41,980 DEBUG ingClientInterceptor| Sending Http request message
22:20:41,982 DEBUG   Logger.Message_OUT| RAWMESSAGE [id: 672fe720-e5ef-44cb-996f-83fe8d18b9e1, payload: GET http://localhost:8080/user/get/16
Accept:text/plain, application/json, application/*+json, */*
Content-Type:application/json;charset=UTF-8
Content-Length:0][headers: {citrus_message_id=672fe720-e5ef-44cb-996f-83fe8d18b9e1, citrus_message_timestamp=1689189641981}]
22:20:41,982 DEBUG ol.RequestAddCookies| CookieSpec selected: default
22:20:41,982 DEBUG col.RequestAuthCache| Auth cache not set in the context
22:20:41,982 DEBUG entConnectionManager| Connection request: [route: {}->http://localhost:8080][total available: 1; route allocated: 1 of 5; total allocated: 1 of 10]
22:20:41,982 DEBUG entConnectionManager| Connection leased: [id: 0][route: {}->http://localhost:8080][total available: 0; route allocated: 1 of 5; total allocated: 1 of 10]
22:20:41,982 DEBUG HttpClientConnection| http-outgoing-0: set socket timeout to 0
22:20:41,982 DEBUG chain.MainClientExec| Executing request GET /user/get/16 HTTP/1.1
22:20:41,982 DEBUG chain.MainClientExec| Target auth state: UNCHALLENGED
22:20:41,982 DEBUG chain.MainClientExec| Proxy auth state: UNCHALLENGED
22:20:41,982 DEBUG         http.headers| http-outgoing-0 >> GET /user/get/16 HTTP/1.1
22:20:41,983 DEBUG         http.headers| http-outgoing-0 >> Accept: text/plain, application/json, application/*+json, */*
22:20:41,983 DEBUG         http.headers| http-outgoing-0 >> Content-Type: application/json;charset=UTF-8
22:20:41,983 DEBUG         http.headers| http-outgoing-0 >> Host: localhost:8080
22:20:41,983 DEBUG         http.headers| http-outgoing-0 >> Connection: Keep-Alive
22:20:41,983 DEBUG         http.headers| http-outgoing-0 >> User-Agent: Apache-HttpClient/4.5.13 (Java/11.0.16)
22:20:41,983 DEBUG         http.headers| http-outgoing-0 >> Accept-Encoding: gzip,deflate
22:20:41,983 DEBUG            http.wire| http-outgoing-0 >> "GET /user/get/16 HTTP/1.1[\r][\n]"
22:20:41,983 DEBUG            http.wire| http-outgoing-0 >> "Accept: text/plain, application/json, application/*+json, */*[\r][\n]"
22:20:41,983 DEBUG            http.wire| http-outgoing-0 >> "Content-Type: application/json;charset=UTF-8[\r][\n]"
22:20:41,983 DEBUG            http.wire| http-outgoing-0 >> "Host: localhost:8080[\r][\n]"
22:20:41,983 DEBUG            http.wire| http-outgoing-0 >> "Connection: Keep-Alive[\r][\n]"
22:20:41,983 DEBUG            http.wire| http-outgoing-0 >> "User-Agent: Apache-HttpClient/4.5.13 (Java/11.0.16)[\r][\n]"
22:20:41,983 DEBUG            http.wire| http-outgoing-0 >> "Accept-Encoding: gzip,deflate[\r][\n]"
22:20:41,983 DEBUG            http.wire| http-outgoing-0 >> "[\r][\n]"
22:20:41,984 DEBUG            http.wire| http-outgoing-0 << "HTTP/1.1 200 [\r][\n]"
22:20:41,984 DEBUG            http.wire| http-outgoing-0 << "Content-Type: application/json[\r][\n]"
22:20:41,984 DEBUG            http.wire| http-outgoing-0 << "Transfer-Encoding: chunked[\r][\n]"
22:20:41,984 DEBUG            http.wire| http-outgoing-0 << "Date: Wed, 12 Jul 2023 19:20:41 GMT[\r][\n]"
22:20:41,984 DEBUG            http.wire| http-outgoing-0 << "Keep-Alive: timeout=60[\r][\n]"
22:20:41,984 DEBUG            http.wire| http-outgoing-0 << "Connection: keep-alive[\r][\n]"
22:20:41,984 DEBUG            http.wire| http-outgoing-0 << "[\r][\n]"
22:20:41,984 DEBUG            http.wire| http-outgoing-0 << "8e[\r][\n]"
22:20:41,984 DEBUG            http.wire| http-outgoing-0 << "{"userId":16,"name":"Frankie Feest","course":"Central Identity Assistant","email":"16@qa.ru","age":23,"mark":{"name":"Course mark","score":3}}[\r][\n]"
22:20:41,984 DEBUG         http.headers| http-outgoing-0 << HTTP/1.1 200 
22:20:41,984 DEBUG         http.headers| http-outgoing-0 << Content-Type: application/json
22:20:41,984 DEBUG         http.headers| http-outgoing-0 << Transfer-Encoding: chunked
22:20:41,984 DEBUG         http.headers| http-outgoing-0 << Date: Wed, 12 Jul 2023 19:20:41 GMT
22:20:41,984 DEBUG         http.headers| http-outgoing-0 << Keep-Alive: timeout=60
22:20:41,984 DEBUG         http.headers| http-outgoing-0 << Connection: keep-alive
22:20:41,984 DEBUG chain.MainClientExec| Connection can be kept alive for 60000 MILLISECONDS
22:20:41,984 DEBUG            http.wire| http-outgoing-0 << "0[\r][\n]"
22:20:41,984 DEBUG            http.wire| http-outgoing-0 << "[\r][\n]"
22:20:41,984 DEBUG entConnectionManager| Connection [id: 0][route: {}->http://localhost:8080] can be kept alive for 60.0 seconds
22:20:41,984 DEBUG HttpClientConnection| http-outgoing-0: set socket timeout to 0
22:20:41,984 DEBUG entConnectionManager| Connection released: [id: 0][route: {}->http://localhost:8080][total available: 1; route allocated: 1 of 5; total allocated: 1 of 10]
22:20:41,984 DEBUG ingClientInterceptor| Received Http response message
22:20:41,986 DEBUG    Logger.Message_IN| RAWMESSAGE [id: 98f2acda-d4cd-4a0c-995b-93470a00eb09, payload: HTTP/1.1 200 OK 
Content-Type:application/json
Transfer-Encoding:chunked
Date:Wed, 12 Jul 2023 19:20:41 GMT
Keep-Alive:timeout=60
Connection:keep-alive

{"userId":16,"name":"Frankie Feest","course":"Central Identity Assistant","email":"16@qa.ru","age":23,"mark":{"name":"Course mark","score":3}}][headers: {citrus_message_id=98f2acda-d4cd-4a0c-995b-93470a00eb09, citrus_message_timestamp=1689189641984}]
22:20:41,986 DEBUG  client.RestTemplate| Response 200 OK
22:20:41,986 DEBUG  client.RestTemplate| Reading to [java.lang.String] as "application/json"
22:20:41,986 INFO     client.HttpClient| HTTP message was sent to endpoint: 'http://localhost:8080/user/get/16'
22:20:41,986 DEBUG aultHttpHeaderMapper| inboundHeaderNames=[Accept-Ranges, Age, Allow, Cache-Control, Connection, Content-Encoding, Content-Language, Content-Length, Content-Location, Content-MD5, Content-Range, Content-Type, Content-Disposition, Transfer-Encoding, Date, ETag, Expires, Last-Modified, Location, Pragma, Proxy-Authenticate, Refresh, Retry-After, Server, Set-Cookie, Trailer, Vary, Via, Warning, WWW-Authenticate]
22:20:41,986 DEBUG aultHttpHeaderMapper| headerName=[content-type] WILL be mapped, matched pattern=content-type
22:20:41,986 DEBUG aultHttpHeaderMapper| setting headerName=[contentType], value=application/json
22:20:41,986 DEBUG aultHttpHeaderMapper| headerName=[transfer-encoding] WILL be mapped, matched pattern=transfer-encoding
22:20:41,986 DEBUG aultHttpHeaderMapper| setting headerName=[Transfer-Encoding], value=[chunked]
22:20:41,986 DEBUG aultHttpHeaderMapper| headerName=[date] WILL be mapped, matched pattern=date
22:20:41,987 DEBUG aultHttpHeaderMapper| setting headerName=[Date], value=1 689 189 641 000
22:20:41,987 DEBUG aultHttpHeaderMapper| headerName=[keep-alive] WILL NOT be mapped
22:20:41,987 DEBUG aultHttpHeaderMapper| headerName=[connection] WILL be mapped, matched pattern=connection
22:20:41,987 DEBUG aultHttpHeaderMapper| setting headerName=[Connection], value=[keep-alive]
22:20:41,987 DEBUG ltCorrelationManager| Saving correlated object for 'citrus_message_id = 'c0936cb4-0762-4218-b175-7494a688e130''
22:20:41,987 INFO  port.LoggingReporter| 
22:20:41,987 DEBUG port.LoggingReporter| TEST STEP 31 SUCCESS
22:20:41,987 INFO  port.LoggingReporter| 
22:20:41,987 DEBUG port.LoggingReporter| TEST STEP 32: receive
22:20:41,987 DEBUG ngCorrelationManager| Get correlation key for 'citrus_message_correlator_httpRESTClient'
22:20:41,987 DEBUG ltCorrelationManager| Finding correlated object for 'citrus_message_id = 'c0936cb4-0762-4218-b175-7494a688e130''
22:20:41,988 DEBUG ageValidatorRegistry| Found 4 message validators for message
22:20:41,988 DEBUG ssageHeaderValidator| Start message header validation ...
22:20:41,988 DEBUG faultHeaderValidator| Validating header element: citrus_http_reason_phrase='OK': OK.
22:20:41,988 DEBUG faultHeaderValidator| Validating header element: citrus_http_status_code='200': OK.
22:20:41,988 INFO  ssageHeaderValidator| Message header validation successful: All values OK
22:20:41,988 DEBUG TextMessageValidator| Start JSON message validation ...
22:20:41,988 DEBUG JsonSchemaValidation| Starting Json schema validation ...
22:20:41,988 INFO  JsonSchemaValidation| Json schema validation successful: All values OK
22:20:41,988 DEBUG TextMessageValidator| Received message:
HTTPMESSAGE [id: cdd7b817-e061-4646-b08b-8c6fbb1402a2, payload: {"userId":16,"name":"Frankie Feest","course":"Central Identity Assistant","email":"16@qa.ru","age":23,"mark":{"name":"Course mark","score":3}}][headers: {Transfer-Encoding=chunked, Connection=keep-alive, contentType=application/json, Date=1689189641000, citrus_message_id=cdd7b817-e061-4646-b08b-8c6fbb1402a2, citrus_message_timestamp=1689189641987, Keep-Alive=timeout=60, Content-Type=application/json, citrus_http_status_code=200, citrus_http_reason_phrase=OK, citrus_http_version=HTTP/1.1}]
22:20:41,988 DEBUG TextMessageValidator| Control message:
HTTPMESSAGE [id: 65862c0d-e5c3-41d5-b9cf-2f7c87f3075e, payload: {"userId":16,"email":"@contains('@qa.ru')@","name":"@matches('^[a-zA-Z\\s\\.]*$')@","course":"@matches('^[a-zA-Z\\s]*$')@","age":"@isNumber()@","mark":{"name":"@contains('Course mark')@","score":"@isNumber()@"}}][headers: {citrus_message_id=65862c0d-e5c3-41d5-b9cf-2f7c87f3075e, citrus_message_timestamp=1689189641987, citrus_http_reason_phrase=OK, citrus_http_status_code=200, citrus_message_type=JSON}]
22:20:41,988 DEBUG TextMessageValidator| Validation successful for JSON entry 'name' (@matches('^[a-zA-Z\s\.]*$')@)
22:20:41,989 DEBUG TextMessageValidator| Validation successful for JSON entry 'course' (@matches('^[a-zA-Z\s]*$')@)
22:20:41,989 DEBUG TextMessageValidator| Validation successful for JSON entry 'userId' (16)
22:20:41,989 DEBUG TextMessageValidator| Validation successful for JSON entry 'email' (@contains('@qa.ru')@)
22:20:41,989 DEBUG TextMessageValidator| Validation successful for JSON entry 'age' (@isNumber()@)
22:20:41,989 DEBUG TextMessageValidator| Validation successful for JSON entry 'score' (@isNumber()@)
22:20:41,989 DEBUG TextMessageValidator| Validation successful for JSON entry 'name' (@contains('Course mark')@)
22:20:41,989 DEBUG TextMessageValidator| Validation successful for JSON entry 'mark' ({"score":"@isNumber()@","name":"@contains('Course mark')@"})
22:20:41,989 INFO  TextMessageValidator| JSON message validation successful: All values OK
22:20:41,989 INFO  port.LoggingReporter| 
22:20:41,989 DEBUG port.LoggingReporter| TEST STEP 32 SUCCESS
]]></system-out>
  </testcase>
  <testcase name="getUserStubParametrizedTest(int)[17]" classname="citrus.HttpRESTStubTests" time="0.01">
    <system-out><![CDATA[22:20:41,991 INFO  port.LoggingReporter| 
22:20:41,991 INFO  port.LoggingReporter| ------------------------------------------------------------------------
22:20:41,991 DEBUG port.LoggingReporter| STARTING TEST HttpRESTStubTests.getUserStubParametrizedTest <citrus>
22:20:41,991 INFO  port.LoggingReporter| 
22:20:41,991 DEBUG trus.DefaultTestCase| Initializing test case
22:20:41,991 DEBUG trus.DefaultTestCase| Global variables:
22:20:41,991 DEBUG trus.DefaultTestCase| citrus_message_correlator_httpRESTClient = citrus_message_id = 'c0936cb4-0762-4218-b175-7494a688e130'
22:20:41,991 DEBUG trus.DefaultTestCase| default.test.author = Unknown
22:20:41,991 DEBUG trus.DefaultTestCase| citrus.test.package = citrus
22:20:41,991 DEBUG trus.DefaultTestCase| citrus.test.name = HttpRESTStubTests.getUserStubParametrizedTest
22:20:41,991 DEBUG trus.DefaultTestCase| project.name = Citrus Integration Tests
22:20:41,991 DEBUG trus.DefaultTestCase| userId = 35
22:20:41,991 DEBUG trus.DefaultTestCase| citrus_message_replyTo_citrus_message_correlator_httpRESTClient = http://localhost:8080/user/get/16
22:20:41,991 DEBUG trus.DefaultTestCase| url = http://localhost:8080/user
22:20:41,991 DEBUG trus.DefaultTestCase| default.test.package = citrus
22:20:41,991 DEBUG  context.TestContext| Setting variable: citrus.test.name with value: 'HttpRESTStubTests.getUserStubParametrizedTest'
22:20:41,992 DEBUG  context.TestContext| Setting variable: citrus.test.package with value: 'citrus'
22:20:41,992 DEBUG trus.DefaultTestCase| Test variables:
22:20:41,992 DEBUG trus.DefaultTestCase| citrus_message_correlator_httpRESTClient = citrus_message_id = 'c0936cb4-0762-4218-b175-7494a688e130'
22:20:41,992 DEBUG trus.DefaultTestCase| default.test.author = Unknown
22:20:41,992 DEBUG trus.DefaultTestCase| citrus.test.package = citrus
22:20:41,992 DEBUG trus.DefaultTestCase| citrus.test.name = HttpRESTStubTests.getUserStubParametrizedTest
22:20:41,992 DEBUG trus.DefaultTestCase| project.name = Citrus Integration Tests
22:20:41,992 DEBUG trus.DefaultTestCase| userId = 35
22:20:41,992 DEBUG trus.DefaultTestCase| citrus_message_replyTo_citrus_message_correlator_httpRESTClient = http://localhost:8080/user/get/16
22:20:41,992 DEBUG trus.DefaultTestCase| url = http://localhost:8080/user
22:20:41,992 DEBUG trus.DefaultTestCase| default.test.package = citrus
22:20:41,992 INFO  port.LoggingReporter| 
22:20:41,992 DEBUG port.LoggingReporter| TEST STEP 33: send
22:20:41,992 DEBUG ltCorrelationManager| Saving correlation key for 'citrus_message_correlator_httpRESTClient'
22:20:41,992 DEBUG  context.TestContext| Setting variable: citrus_message_correlator_httpRESTClient with value: 'citrus_message_id = 'a91c6936-85c8-4696-a695-a40da7faf265''
22:20:41,992 DEBUG  context.TestContext| Setting variable: citrus_message_replyTo_citrus_message_correlator_httpRESTClient with value: 'http://localhost:8080/user/get/17'
22:20:41,992 INFO     client.HttpClient| Sending HTTP message to: 'http://localhost:8080/user/get/17'
22:20:41,992 DEBUG    client.HttpClient| Message to send:

22:20:41,992 DEBUG aultHttpHeaderMapper| outboundHeaderNames=[Accept, Accept-Charset, Accept-Encoding, Accept-Language, Accept-Ranges, Authorization, Cache-Control, Connection, Content-Length, Content-Type, Cookie, Date, Expect, From, Host, If-Match, If-Modified-Since, If-None-Match, If-Range, If-Unmodified-Since, Max-Forwards, Pragma, Proxy-Authorization, Range, Referer, TE, Upgrade, User-Agent, Via, Warning]
22:20:41,992 DEBUG aultHttpHeaderMapper| headerName=[citrus_message_timestamp] WILL NOT be mapped
22:20:41,992 DEBUG aultHttpHeaderMapper| headerName=[citrus_message_type] WILL NOT be mapped
22:20:41,992 DEBUG aultHttpHeaderMapper| headerName=[citrus_request_path] WILL NOT be mapped
22:20:41,992 DEBUG aultHttpHeaderMapper| headerName=[citrus_http_request_uri] WILL NOT be mapped
22:20:41,992 DEBUG aultHttpHeaderMapper| headerName=[id] WILL NOT be mapped
22:20:41,992 DEBUG aultHttpHeaderMapper| headerName=[citrus_message_id] WILL NOT be mapped
22:20:41,992 DEBUG aultHttpHeaderMapper| headerName=[citrus_http_method] WILL NOT be mapped
22:20:41,992 DEBUG aultHttpHeaderMapper| headerName=[timestamp] WILL NOT be mapped
22:20:41,993 DEBUG  client.RestTemplate| HTTP GET http://localhost:8080/user/get/17
22:20:41,993 DEBUG  client.RestTemplate| Accept=[text/plain, application/json, application/*+json, */*]
22:20:41,993 DEBUG ingClientInterceptor| Sending Http request message
22:20:41,994 DEBUG   Logger.Message_OUT| RAWMESSAGE [id: 6023d5c7-3168-4765-a220-a1bfeaaf2f23, payload: GET http://localhost:8080/user/get/17
Accept:text/plain, application/json, application/*+json, */*
Content-Type:application/json;charset=UTF-8
Content-Length:0][headers: {citrus_message_id=6023d5c7-3168-4765-a220-a1bfeaaf2f23, citrus_message_timestamp=1689189641993}]
22:20:41,994 DEBUG ol.RequestAddCookies| CookieSpec selected: default
22:20:41,994 DEBUG col.RequestAuthCache| Auth cache not set in the context
22:20:41,994 DEBUG entConnectionManager| Connection request: [route: {}->http://localhost:8080][total available: 1; route allocated: 1 of 5; total allocated: 1 of 10]
22:20:41,995 DEBUG entConnectionManager| Connection leased: [id: 0][route: {}->http://localhost:8080][total available: 0; route allocated: 1 of 5; total allocated: 1 of 10]
22:20:41,995 DEBUG HttpClientConnection| http-outgoing-0: set socket timeout to 0
22:20:41,995 DEBUG chain.MainClientExec| Executing request GET /user/get/17 HTTP/1.1
22:20:41,995 DEBUG chain.MainClientExec| Target auth state: UNCHALLENGED
22:20:41,995 DEBUG chain.MainClientExec| Proxy auth state: UNCHALLENGED
22:20:41,995 DEBUG         http.headers| http-outgoing-0 >> GET /user/get/17 HTTP/1.1
22:20:41,995 DEBUG         http.headers| http-outgoing-0 >> Accept: text/plain, application/json, application/*+json, */*
22:20:41,995 DEBUG         http.headers| http-outgoing-0 >> Content-Type: application/json;charset=UTF-8
22:20:41,995 DEBUG         http.headers| http-outgoing-0 >> Host: localhost:8080
22:20:41,995 DEBUG         http.headers| http-outgoing-0 >> Connection: Keep-Alive
22:20:41,995 DEBUG         http.headers| http-outgoing-0 >> User-Agent: Apache-HttpClient/4.5.13 (Java/11.0.16)
22:20:41,995 DEBUG         http.headers| http-outgoing-0 >> Accept-Encoding: gzip,deflate
22:20:41,995 DEBUG            http.wire| http-outgoing-0 >> "GET /user/get/17 HTTP/1.1[\r][\n]"
22:20:41,995 DEBUG            http.wire| http-outgoing-0 >> "Accept: text/plain, application/json, application/*+json, */*[\r][\n]"
22:20:41,995 DEBUG            http.wire| http-outgoing-0 >> "Content-Type: application/json;charset=UTF-8[\r][\n]"
22:20:41,995 DEBUG            http.wire| http-outgoing-0 >> "Host: localhost:8080[\r][\n]"
22:20:41,995 DEBUG            http.wire| http-outgoing-0 >> "Connection: Keep-Alive[\r][\n]"
22:20:41,995 DEBUG            http.wire| http-outgoing-0 >> "User-Agent: Apache-HttpClient/4.5.13 (Java/11.0.16)[\r][\n]"
22:20:41,995 DEBUG            http.wire| http-outgoing-0 >> "Accept-Encoding: gzip,deflate[\r][\n]"
22:20:41,995 DEBUG            http.wire| http-outgoing-0 >> "[\r][\n]"
22:20:41,996 DEBUG            http.wire| http-outgoing-0 << "HTTP/1.1 200 [\r][\n]"
22:20:41,996 DEBUG            http.wire| http-outgoing-0 << "Content-Type: application/json[\r][\n]"
22:20:41,996 DEBUG            http.wire| http-outgoing-0 << "Transfer-Encoding: chunked[\r][\n]"
22:20:41,996 DEBUG            http.wire| http-outgoing-0 << "Date: Wed, 12 Jul 2023 19:20:41 GMT[\r][\n]"
22:20:41,996 DEBUG            http.wire| http-outgoing-0 << "Keep-Alive: timeout=60[\r][\n]"
22:20:41,996 DEBUG            http.wire| http-outgoing-0 << "Connection: keep-alive[\r][\n]"
22:20:41,996 DEBUG            http.wire| http-outgoing-0 << "[\r][\n]"
22:20:41,996 DEBUG            http.wire| http-outgoing-0 << "89[\r][\n]"
22:20:41,996 DEBUG            http.wire| http-outgoing-0 << "{"userId":17,"name":"Willis Pollich","course":"Customer Web Analyst","email":"17@qa.ru","age":41,"mark":{"name":"Course mark","score":5}}[\r][\n]"
22:20:41,996 DEBUG         http.headers| http-outgoing-0 << HTTP/1.1 200 
22:20:41,996 DEBUG         http.headers| http-outgoing-0 << Content-Type: application/json
22:20:41,996 DEBUG         http.headers| http-outgoing-0 << Transfer-Encoding: chunked
22:20:41,996 DEBUG         http.headers| http-outgoing-0 << Date: Wed, 12 Jul 2023 19:20:41 GMT
22:20:41,996 DEBUG         http.headers| http-outgoing-0 << Keep-Alive: timeout=60
22:20:41,996 DEBUG         http.headers| http-outgoing-0 << Connection: keep-alive
22:20:41,996 DEBUG chain.MainClientExec| Connection can be kept alive for 60000 MILLISECONDS
22:20:41,996 DEBUG            http.wire| http-outgoing-0 << "0[\r][\n]"
22:20:41,996 DEBUG            http.wire| http-outgoing-0 << "[\r][\n]"
22:20:41,996 DEBUG entConnectionManager| Connection [id: 0][route: {}->http://localhost:8080] can be kept alive for 60.0 seconds
22:20:41,996 DEBUG HttpClientConnection| http-outgoing-0: set socket timeout to 0
22:20:41,996 DEBUG entConnectionManager| Connection released: [id: 0][route: {}->http://localhost:8080][total available: 1; route allocated: 1 of 5; total allocated: 1 of 10]
22:20:41,996 DEBUG ingClientInterceptor| Received Http response message
22:20:41,998 DEBUG    Logger.Message_IN| RAWMESSAGE [id: 0e2b3917-6eff-47e1-9746-6b8631b9b42a, payload: HTTP/1.1 200 OK 
Content-Type:application/json
Transfer-Encoding:chunked
Date:Wed, 12 Jul 2023 19:20:41 GMT
Keep-Alive:timeout=60
Connection:keep-alive

{"userId":17,"name":"Willis Pollich","course":"Customer Web Analyst","email":"17@qa.ru","age":41,"mark":{"name":"Course mark","score":5}}][headers: {citrus_message_id=0e2b3917-6eff-47e1-9746-6b8631b9b42a, citrus_message_timestamp=1689189641996}]
22:20:41,998 DEBUG  client.RestTemplate| Response 200 OK
22:20:41,998 DEBUG  client.RestTemplate| Reading to [java.lang.String] as "application/json"
22:20:41,998 INFO     client.HttpClient| HTTP message was sent to endpoint: 'http://localhost:8080/user/get/17'
22:20:41,998 DEBUG aultHttpHeaderMapper| inboundHeaderNames=[Accept-Ranges, Age, Allow, Cache-Control, Connection, Content-Encoding, Content-Language, Content-Length, Content-Location, Content-MD5, Content-Range, Content-Type, Content-Disposition, Transfer-Encoding, Date, ETag, Expires, Last-Modified, Location, Pragma, Proxy-Authenticate, Refresh, Retry-After, Server, Set-Cookie, Trailer, Vary, Via, Warning, WWW-Authenticate]
22:20:41,998 DEBUG aultHttpHeaderMapper| headerName=[content-type] WILL be mapped, matched pattern=content-type
22:20:41,998 DEBUG aultHttpHeaderMapper| setting headerName=[contentType], value=application/json
22:20:41,998 DEBUG aultHttpHeaderMapper| headerName=[transfer-encoding] WILL be mapped, matched pattern=transfer-encoding
22:20:41,998 DEBUG aultHttpHeaderMapper| setting headerName=[Transfer-Encoding], value=[chunked]
22:20:41,998 DEBUG aultHttpHeaderMapper| headerName=[date] WILL be mapped, matched pattern=date
22:20:41,998 DEBUG aultHttpHeaderMapper| setting headerName=[Date], value=1 689 189 641 000
22:20:41,998 DEBUG aultHttpHeaderMapper| headerName=[keep-alive] WILL NOT be mapped
22:20:41,998 DEBUG aultHttpHeaderMapper| headerName=[connection] WILL be mapped, matched pattern=connection
22:20:41,998 DEBUG aultHttpHeaderMapper| setting headerName=[Connection], value=[keep-alive]
22:20:41,998 DEBUG ltCorrelationManager| Saving correlated object for 'citrus_message_id = 'a91c6936-85c8-4696-a695-a40da7faf265''
22:20:41,998 INFO  port.LoggingReporter| 
22:20:41,998 DEBUG port.LoggingReporter| TEST STEP 33 SUCCESS
22:20:41,998 INFO  port.LoggingReporter| 
22:20:41,998 DEBUG port.LoggingReporter| TEST STEP 34: receive
22:20:41,998 DEBUG ngCorrelationManager| Get correlation key for 'citrus_message_correlator_httpRESTClient'
22:20:41,998 DEBUG ltCorrelationManager| Finding correlated object for 'citrus_message_id = 'a91c6936-85c8-4696-a695-a40da7faf265''
22:20:41,999 DEBUG ageValidatorRegistry| Found 4 message validators for message
22:20:41,999 DEBUG ssageHeaderValidator| Start message header validation ...
22:20:42,000 DEBUG faultHeaderValidator| Validating header element: citrus_http_reason_phrase='OK': OK.
22:20:42,000 DEBUG faultHeaderValidator| Validating header element: citrus_http_status_code='200': OK.
22:20:42,000 INFO  ssageHeaderValidator| Message header validation successful: All values OK
22:20:42,000 DEBUG TextMessageValidator| Start JSON message validation ...
22:20:42,000 DEBUG JsonSchemaValidation| Starting Json schema validation ...
22:20:42,000 INFO  JsonSchemaValidation| Json schema validation successful: All values OK
22:20:42,000 DEBUG TextMessageValidator| Received message:
HTTPMESSAGE [id: 6c57826a-162e-4beb-9bb2-34d9bcabf96d, payload: {"userId":17,"name":"Willis Pollich","course":"Customer Web Analyst","email":"17@qa.ru","age":41,"mark":{"name":"Course mark","score":5}}][headers: {Transfer-Encoding=chunked, Connection=keep-alive, contentType=application/json, Date=1689189641000, citrus_message_id=6c57826a-162e-4beb-9bb2-34d9bcabf96d, citrus_message_timestamp=1689189641998, Keep-Alive=timeout=60, Content-Type=application/json, citrus_http_status_code=200, citrus_http_reason_phrase=OK, citrus_http_version=HTTP/1.1}]
22:20:42,000 DEBUG TextMessageValidator| Control message:
HTTPMESSAGE [id: 6f88fcdd-0fde-41ce-aee8-2e3df701654b, payload: {"userId":17,"email":"@contains('@qa.ru')@","name":"@matches('^[a-zA-Z\\s\\.]*$')@","course":"@matches('^[a-zA-Z\\s]*$')@","age":"@isNumber()@","mark":{"name":"@contains('Course mark')@","score":"@isNumber()@"}}][headers: {citrus_message_id=6f88fcdd-0fde-41ce-aee8-2e3df701654b, citrus_message_timestamp=1689189641998, citrus_http_reason_phrase=OK, citrus_http_status_code=200, citrus_message_type=JSON}]
22:20:42,000 DEBUG TextMessageValidator| Validation successful for JSON entry 'name' (@matches('^[a-zA-Z\s\.]*$')@)
22:20:42,000 DEBUG TextMessageValidator| Validation successful for JSON entry 'course' (@matches('^[a-zA-Z\s]*$')@)
22:20:42,000 DEBUG TextMessageValidator| Validation successful for JSON entry 'userId' (17)
22:20:42,000 DEBUG TextMessageValidator| Validation successful for JSON entry 'email' (@contains('@qa.ru')@)
22:20:42,000 DEBUG TextMessageValidator| Validation successful for JSON entry 'age' (@isNumber()@)
22:20:42,000 DEBUG TextMessageValidator| Validation successful for JSON entry 'score' (@isNumber()@)
22:20:42,000 DEBUG TextMessageValidator| Validation successful for JSON entry 'name' (@contains('Course mark')@)
22:20:42,000 DEBUG TextMessageValidator| Validation successful for JSON entry 'mark' ({"score":"@isNumber()@","name":"@contains('Course mark')@"})
22:20:42,000 INFO  TextMessageValidator| JSON message validation successful: All values OK
22:20:42,000 INFO  port.LoggingReporter| 
22:20:42,000 DEBUG port.LoggingReporter| TEST STEP 34 SUCCESS
]]></system-out>
  </testcase>
  <testcase name="getUserStubParametrizedTest(int)[18]" classname="citrus.HttpRESTStubTests" time="0.01">
    <system-out><![CDATA[22:20:42,003 INFO  port.LoggingReporter| 
22:20:42,003 INFO  port.LoggingReporter| ------------------------------------------------------------------------
22:20:42,003 DEBUG port.LoggingReporter| STARTING TEST HttpRESTStubTests.getUserStubParametrizedTest <citrus>
22:20:42,003 INFO  port.LoggingReporter| 
22:20:42,003 DEBUG trus.DefaultTestCase| Initializing test case
22:20:42,003 DEBUG trus.DefaultTestCase| Global variables:
22:20:42,003 DEBUG trus.DefaultTestCase| citrus_message_correlator_httpRESTClient = citrus_message_id = 'a91c6936-85c8-4696-a695-a40da7faf265'
22:20:42,003 DEBUG trus.DefaultTestCase| default.test.author = Unknown
22:20:42,003 DEBUG trus.DefaultTestCase| citrus.test.package = citrus
22:20:42,003 DEBUG trus.DefaultTestCase| citrus.test.name = HttpRESTStubTests.getUserStubParametrizedTest
22:20:42,003 DEBUG trus.DefaultTestCase| project.name = Citrus Integration Tests
22:20:42,003 DEBUG trus.DefaultTestCase| userId = 35
22:20:42,003 DEBUG trus.DefaultTestCase| citrus_message_replyTo_citrus_message_correlator_httpRESTClient = http://localhost:8080/user/get/17
22:20:42,003 DEBUG trus.DefaultTestCase| url = http://localhost:8080/user
22:20:42,003 DEBUG trus.DefaultTestCase| default.test.package = citrus
22:20:42,003 DEBUG  context.TestContext| Setting variable: citrus.test.name with value: 'HttpRESTStubTests.getUserStubParametrizedTest'
22:20:42,003 DEBUG  context.TestContext| Setting variable: citrus.test.package with value: 'citrus'
22:20:42,003 DEBUG trus.DefaultTestCase| Test variables:
22:20:42,003 DEBUG trus.DefaultTestCase| citrus_message_correlator_httpRESTClient = citrus_message_id = 'a91c6936-85c8-4696-a695-a40da7faf265'
22:20:42,003 DEBUG trus.DefaultTestCase| default.test.author = Unknown
22:20:42,003 DEBUG trus.DefaultTestCase| citrus.test.package = citrus
22:20:42,003 DEBUG trus.DefaultTestCase| citrus.test.name = HttpRESTStubTests.getUserStubParametrizedTest
22:20:42,003 DEBUG trus.DefaultTestCase| project.name = Citrus Integration Tests
22:20:42,003 DEBUG trus.DefaultTestCase| userId = 35
22:20:42,003 DEBUG trus.DefaultTestCase| citrus_message_replyTo_citrus_message_correlator_httpRESTClient = http://localhost:8080/user/get/17
22:20:42,003 DEBUG trus.DefaultTestCase| url = http://localhost:8080/user
22:20:42,003 DEBUG trus.DefaultTestCase| default.test.package = citrus
22:20:42,004 INFO  port.LoggingReporter| 
22:20:42,004 DEBUG port.LoggingReporter| TEST STEP 35: send
22:20:42,004 DEBUG ltCorrelationManager| Saving correlation key for 'citrus_message_correlator_httpRESTClient'
22:20:42,004 DEBUG  context.TestContext| Setting variable: citrus_message_correlator_httpRESTClient with value: 'citrus_message_id = '12e6ddbc-085a-45ab-9f9c-22c9979c5dfd''
22:20:42,004 DEBUG  context.TestContext| Setting variable: citrus_message_replyTo_citrus_message_correlator_httpRESTClient with value: 'http://localhost:8080/user/get/18'
22:20:42,004 INFO     client.HttpClient| Sending HTTP message to: 'http://localhost:8080/user/get/18'
22:20:42,004 DEBUG    client.HttpClient| Message to send:

22:20:42,004 DEBUG aultHttpHeaderMapper| outboundHeaderNames=[Accept, Accept-Charset, Accept-Encoding, Accept-Language, Accept-Ranges, Authorization, Cache-Control, Connection, Content-Length, Content-Type, Cookie, Date, Expect, From, Host, If-Match, If-Modified-Since, If-None-Match, If-Range, If-Unmodified-Since, Max-Forwards, Pragma, Proxy-Authorization, Range, Referer, TE, Upgrade, User-Agent, Via, Warning]
22:20:42,004 DEBUG aultHttpHeaderMapper| headerName=[citrus_message_timestamp] WILL NOT be mapped
22:20:42,004 DEBUG aultHttpHeaderMapper| headerName=[citrus_message_type] WILL NOT be mapped
22:20:42,004 DEBUG aultHttpHeaderMapper| headerName=[citrus_request_path] WILL NOT be mapped
22:20:42,004 DEBUG aultHttpHeaderMapper| headerName=[citrus_http_request_uri] WILL NOT be mapped
22:20:42,004 DEBUG aultHttpHeaderMapper| headerName=[id] WILL NOT be mapped
22:20:42,004 DEBUG aultHttpHeaderMapper| headerName=[citrus_message_id] WILL NOT be mapped
22:20:42,004 DEBUG aultHttpHeaderMapper| headerName=[citrus_http_method] WILL NOT be mapped
22:20:42,004 DEBUG aultHttpHeaderMapper| headerName=[timestamp] WILL NOT be mapped
22:20:42,004 DEBUG  client.RestTemplate| HTTP GET http://localhost:8080/user/get/18
22:20:42,004 DEBUG  client.RestTemplate| Accept=[text/plain, application/json, application/*+json, */*]
22:20:42,004 DEBUG ingClientInterceptor| Sending Http request message
22:20:42,005 DEBUG   Logger.Message_OUT| RAWMESSAGE [id: 02ae4c77-26ef-4a8b-8888-608272b55e1a, payload: GET http://localhost:8080/user/get/18
Accept:text/plain, application/json, application/*+json, */*
Content-Type:application/json;charset=UTF-8
Content-Length:0][headers: {citrus_message_id=02ae4c77-26ef-4a8b-8888-608272b55e1a, citrus_message_timestamp=1689189642004}]
22:20:42,006 DEBUG ol.RequestAddCookies| CookieSpec selected: default
22:20:42,006 DEBUG col.RequestAuthCache| Auth cache not set in the context
22:20:42,006 DEBUG entConnectionManager| Connection request: [route: {}->http://localhost:8080][total available: 1; route allocated: 1 of 5; total allocated: 1 of 10]
22:20:42,006 DEBUG entConnectionManager| Connection leased: [id: 0][route: {}->http://localhost:8080][total available: 0; route allocated: 1 of 5; total allocated: 1 of 10]
22:20:42,006 DEBUG HttpClientConnection| http-outgoing-0: set socket timeout to 0
22:20:42,006 DEBUG chain.MainClientExec| Executing request GET /user/get/18 HTTP/1.1
22:20:42,006 DEBUG chain.MainClientExec| Target auth state: UNCHALLENGED
22:20:42,006 DEBUG chain.MainClientExec| Proxy auth state: UNCHALLENGED
22:20:42,006 DEBUG         http.headers| http-outgoing-0 >> GET /user/get/18 HTTP/1.1
22:20:42,006 DEBUG         http.headers| http-outgoing-0 >> Accept: text/plain, application/json, application/*+json, */*
22:20:42,006 DEBUG         http.headers| http-outgoing-0 >> Content-Type: application/json;charset=UTF-8
22:20:42,006 DEBUG         http.headers| http-outgoing-0 >> Host: localhost:8080
22:20:42,006 DEBUG         http.headers| http-outgoing-0 >> Connection: Keep-Alive
22:20:42,006 DEBUG         http.headers| http-outgoing-0 >> User-Agent: Apache-HttpClient/4.5.13 (Java/11.0.16)
22:20:42,006 DEBUG         http.headers| http-outgoing-0 >> Accept-Encoding: gzip,deflate
22:20:42,006 DEBUG            http.wire| http-outgoing-0 >> "GET /user/get/18 HTTP/1.1[\r][\n]"
22:20:42,006 DEBUG            http.wire| http-outgoing-0 >> "Accept: text/plain, application/json, application/*+json, */*[\r][\n]"
22:20:42,006 DEBUG            http.wire| http-outgoing-0 >> "Content-Type: application/json;charset=UTF-8[\r][\n]"
22:20:42,006 DEBUG            http.wire| http-outgoing-0 >> "Host: localhost:8080[\r][\n]"
22:20:42,006 DEBUG            http.wire| http-outgoing-0 >> "Connection: Keep-Alive[\r][\n]"
22:20:42,006 DEBUG            http.wire| http-outgoing-0 >> "User-Agent: Apache-HttpClient/4.5.13 (Java/11.0.16)[\r][\n]"
22:20:42,006 DEBUG            http.wire| http-outgoing-0 >> "Accept-Encoding: gzip,deflate[\r][\n]"
22:20:42,006 DEBUG            http.wire| http-outgoing-0 >> "[\r][\n]"
22:20:42,007 DEBUG            http.wire| http-outgoing-0 << "HTTP/1.1 200 [\r][\n]"
22:20:42,007 DEBUG            http.wire| http-outgoing-0 << "Content-Type: application/json[\r][\n]"
22:20:42,007 DEBUG            http.wire| http-outgoing-0 << "Transfer-Encoding: chunked[\r][\n]"
22:20:42,007 DEBUG            http.wire| http-outgoing-0 << "Date: Wed, 12 Jul 2023 19:20:41 GMT[\r][\n]"
22:20:42,007 DEBUG            http.wire| http-outgoing-0 << "Keep-Alive: timeout=60[\r][\n]"
22:20:42,007 DEBUG            http.wire| http-outgoing-0 << "Connection: keep-alive[\r][\n]"
22:20:42,007 DEBUG            http.wire| http-outgoing-0 << "[\r][\n]"
22:20:42,007 DEBUG            http.wire| http-outgoing-0 << "93[\r][\n]"
22:20:42,007 DEBUG            http.wire| http-outgoing-0 << "{"userId":18,"name":"Freddie Weissnat","course":"Internal Intranet Strategist","email":"18@qa.ru","age":30,"mark":{"name":"Course mark","score":2}}[\r][\n]"
22:20:42,007 DEBUG         http.headers| http-outgoing-0 << HTTP/1.1 200 
22:20:42,007 DEBUG         http.headers| http-outgoing-0 << Content-Type: application/json
22:20:42,007 DEBUG         http.headers| http-outgoing-0 << Transfer-Encoding: chunked
22:20:42,007 DEBUG         http.headers| http-outgoing-0 << Date: Wed, 12 Jul 2023 19:20:41 GMT
22:20:42,007 DEBUG         http.headers| http-outgoing-0 << Keep-Alive: timeout=60
22:20:42,007 DEBUG         http.headers| http-outgoing-0 << Connection: keep-alive
22:20:42,007 DEBUG chain.MainClientExec| Connection can be kept alive for 60000 MILLISECONDS
22:20:42,007 DEBUG            http.wire| http-outgoing-0 << "0[\r][\n]"
22:20:42,007 DEBUG            http.wire| http-outgoing-0 << "[\r][\n]"
22:20:42,007 DEBUG entConnectionManager| Connection [id: 0][route: {}->http://localhost:8080] can be kept alive for 60.0 seconds
22:20:42,007 DEBUG HttpClientConnection| http-outgoing-0: set socket timeout to 0
22:20:42,007 DEBUG entConnectionManager| Connection released: [id: 0][route: {}->http://localhost:8080][total available: 1; route allocated: 1 of 5; total allocated: 1 of 10]
22:20:42,007 DEBUG ingClientInterceptor| Received Http response message
22:20:42,009 DEBUG    Logger.Message_IN| RAWMESSAGE [id: 9dfe0228-5494-4022-9699-c94487edfa76, payload: HTTP/1.1 200 OK 
Content-Type:application/json
Transfer-Encoding:chunked
Date:Wed, 12 Jul 2023 19:20:41 GMT
Keep-Alive:timeout=60
Connection:keep-alive

{"userId":18,"name":"Freddie Weissnat","course":"Internal Intranet Strategist","email":"18@qa.ru","age":30,"mark":{"name":"Course mark","score":2}}][headers: {citrus_message_id=9dfe0228-5494-4022-9699-c94487edfa76, citrus_message_timestamp=1689189642007}]
22:20:42,009 DEBUG  client.RestTemplate| Response 200 OK
22:20:42,009 DEBUG  client.RestTemplate| Reading to [java.lang.String] as "application/json"
22:20:42,009 INFO     client.HttpClient| HTTP message was sent to endpoint: 'http://localhost:8080/user/get/18'
22:20:42,009 DEBUG aultHttpHeaderMapper| inboundHeaderNames=[Accept-Ranges, Age, Allow, Cache-Control, Connection, Content-Encoding, Content-Language, Content-Length, Content-Location, Content-MD5, Content-Range, Content-Type, Content-Disposition, Transfer-Encoding, Date, ETag, Expires, Last-Modified, Location, Pragma, Proxy-Authenticate, Refresh, Retry-After, Server, Set-Cookie, Trailer, Vary, Via, Warning, WWW-Authenticate]
22:20:42,009 DEBUG aultHttpHeaderMapper| headerName=[content-type] WILL be mapped, matched pattern=content-type
22:20:42,009 DEBUG aultHttpHeaderMapper| setting headerName=[contentType], value=application/json
22:20:42,009 DEBUG aultHttpHeaderMapper| headerName=[transfer-encoding] WILL be mapped, matched pattern=transfer-encoding
22:20:42,009 DEBUG aultHttpHeaderMapper| setting headerName=[Transfer-Encoding], value=[chunked]
22:20:42,009 DEBUG aultHttpHeaderMapper| headerName=[date] WILL be mapped, matched pattern=date
22:20:42,009 DEBUG aultHttpHeaderMapper| setting headerName=[Date], value=1 689 189 641 000
22:20:42,009 DEBUG aultHttpHeaderMapper| headerName=[keep-alive] WILL NOT be mapped
22:20:42,009 DEBUG aultHttpHeaderMapper| headerName=[connection] WILL be mapped, matched pattern=connection
22:20:42,009 DEBUG aultHttpHeaderMapper| setting headerName=[Connection], value=[keep-alive]
22:20:42,009 DEBUG ltCorrelationManager| Saving correlated object for 'citrus_message_id = '12e6ddbc-085a-45ab-9f9c-22c9979c5dfd''
22:20:42,009 INFO  port.LoggingReporter| 
22:20:42,009 DEBUG port.LoggingReporter| TEST STEP 35 SUCCESS
22:20:42,009 INFO  port.LoggingReporter| 
22:20:42,009 DEBUG port.LoggingReporter| TEST STEP 36: receive
22:20:42,009 DEBUG ngCorrelationManager| Get correlation key for 'citrus_message_correlator_httpRESTClient'
22:20:42,009 DEBUG ltCorrelationManager| Finding correlated object for 'citrus_message_id = '12e6ddbc-085a-45ab-9f9c-22c9979c5dfd''
22:20:42,010 DEBUG ageValidatorRegistry| Found 4 message validators for message
22:20:42,010 DEBUG ssageHeaderValidator| Start message header validation ...
22:20:42,010 DEBUG faultHeaderValidator| Validating header element: citrus_http_reason_phrase='OK': OK.
22:20:42,011 DEBUG faultHeaderValidator| Validating header element: citrus_http_status_code='200': OK.
22:20:42,011 INFO  ssageHeaderValidator| Message header validation successful: All values OK
22:20:42,011 DEBUG TextMessageValidator| Start JSON message validation ...
22:20:42,011 DEBUG JsonSchemaValidation| Starting Json schema validation ...
22:20:42,011 INFO  JsonSchemaValidation| Json schema validation successful: All values OK
22:20:42,011 DEBUG TextMessageValidator| Received message:
HTTPMESSAGE [id: 048241be-8c6b-4427-a9b5-c340493ee016, payload: {"userId":18,"name":"Freddie Weissnat","course":"Internal Intranet Strategist","email":"18@qa.ru","age":30,"mark":{"name":"Course mark","score":2}}][headers: {Transfer-Encoding=chunked, Connection=keep-alive, contentType=application/json, Date=1689189641000, citrus_message_id=048241be-8c6b-4427-a9b5-c340493ee016, citrus_message_timestamp=1689189642009, Keep-Alive=timeout=60, Content-Type=application/json, citrus_http_status_code=200, citrus_http_reason_phrase=OK, citrus_http_version=HTTP/1.1}]
22:20:42,011 DEBUG TextMessageValidator| Control message:
HTTPMESSAGE [id: 3197f634-9e7a-4eae-b177-80c0fde16048, payload: {"userId":18,"email":"@contains('@qa.ru')@","name":"@matches('^[a-zA-Z\\s\\.]*$')@","course":"@matches('^[a-zA-Z\\s]*$')@","age":"@isNumber()@","mark":{"name":"@contains('Course mark')@","score":"@isNumber()@"}}][headers: {citrus_message_id=3197f634-9e7a-4eae-b177-80c0fde16048, citrus_message_timestamp=1689189642009, citrus_http_reason_phrase=OK, citrus_http_status_code=200, citrus_message_type=JSON}]
22:20:42,011 DEBUG TextMessageValidator| Validation successful for JSON entry 'name' (@matches('^[a-zA-Z\s\.]*$')@)
22:20:42,011 DEBUG TextMessageValidator| Validation successful for JSON entry 'course' (@matches('^[a-zA-Z\s]*$')@)
22:20:42,011 DEBUG TextMessageValidator| Validation successful for JSON entry 'userId' (18)
22:20:42,011 DEBUG TextMessageValidator| Validation successful for JSON entry 'email' (@contains('@qa.ru')@)
22:20:42,011 DEBUG TextMessageValidator| Validation successful for JSON entry 'age' (@isNumber()@)
22:20:42,011 DEBUG TextMessageValidator| Validation successful for JSON entry 'score' (@isNumber()@)
22:20:42,011 DEBUG TextMessageValidator| Validation successful for JSON entry 'name' (@contains('Course mark')@)
22:20:42,011 DEBUG TextMessageValidator| Validation successful for JSON entry 'mark' ({"score":"@isNumber()@","name":"@contains('Course mark')@"})
22:20:42,011 INFO  TextMessageValidator| JSON message validation successful: All values OK
22:20:42,011 INFO  port.LoggingReporter| 
22:20:42,011 DEBUG port.LoggingReporter| TEST STEP 36 SUCCESS
]]></system-out>
  </testcase>
  <testcase name="getUserStubParametrizedTest(int)[19]" classname="citrus.HttpRESTStubTests" time="0.012">
    <system-out><![CDATA[22:20:42,014 INFO  port.LoggingReporter| 
22:20:42,014 INFO  port.LoggingReporter| ------------------------------------------------------------------------
22:20:42,014 DEBUG port.LoggingReporter| STARTING TEST HttpRESTStubTests.getUserStubParametrizedTest <citrus>
22:20:42,014 INFO  port.LoggingReporter| 
22:20:42,014 DEBUG trus.DefaultTestCase| Initializing test case
22:20:42,014 DEBUG trus.DefaultTestCase| Global variables:
22:20:42,014 DEBUG trus.DefaultTestCase| citrus_message_correlator_httpRESTClient = citrus_message_id = '12e6ddbc-085a-45ab-9f9c-22c9979c5dfd'
22:20:42,014 DEBUG trus.DefaultTestCase| default.test.author = Unknown
22:20:42,014 DEBUG trus.DefaultTestCase| citrus.test.package = citrus
22:20:42,014 DEBUG trus.DefaultTestCase| citrus.test.name = HttpRESTStubTests.getUserStubParametrizedTest
22:20:42,014 DEBUG trus.DefaultTestCase| project.name = Citrus Integration Tests
22:20:42,014 DEBUG trus.DefaultTestCase| userId = 35
22:20:42,014 DEBUG trus.DefaultTestCase| citrus_message_replyTo_citrus_message_correlator_httpRESTClient = http://localhost:8080/user/get/18
22:20:42,014 DEBUG trus.DefaultTestCase| url = http://localhost:8080/user
22:20:42,014 DEBUG trus.DefaultTestCase| default.test.package = citrus
22:20:42,014 DEBUG  context.TestContext| Setting variable: citrus.test.name with value: 'HttpRESTStubTests.getUserStubParametrizedTest'
22:20:42,014 DEBUG  context.TestContext| Setting variable: citrus.test.package with value: 'citrus'
22:20:42,014 DEBUG trus.DefaultTestCase| Test variables:
22:20:42,014 DEBUG trus.DefaultTestCase| citrus_message_correlator_httpRESTClient = citrus_message_id = '12e6ddbc-085a-45ab-9f9c-22c9979c5dfd'
22:20:42,014 DEBUG trus.DefaultTestCase| default.test.author = Unknown
22:20:42,014 DEBUG trus.DefaultTestCase| citrus.test.package = citrus
22:20:42,014 DEBUG trus.DefaultTestCase| citrus.test.name = HttpRESTStubTests.getUserStubParametrizedTest
22:20:42,014 DEBUG trus.DefaultTestCase| project.name = Citrus Integration Tests
22:20:42,014 DEBUG trus.DefaultTestCase| userId = 35
22:20:42,014 DEBUG trus.DefaultTestCase| citrus_message_replyTo_citrus_message_correlator_httpRESTClient = http://localhost:8080/user/get/18
22:20:42,014 DEBUG trus.DefaultTestCase| url = http://localhost:8080/user
22:20:42,014 DEBUG trus.DefaultTestCase| default.test.package = citrus
22:20:42,014 INFO  port.LoggingReporter| 
22:20:42,015 DEBUG port.LoggingReporter| TEST STEP 37: send
22:20:42,015 DEBUG ltCorrelationManager| Saving correlation key for 'citrus_message_correlator_httpRESTClient'
22:20:42,015 DEBUG  context.TestContext| Setting variable: citrus_message_correlator_httpRESTClient with value: 'citrus_message_id = '1c39ada9-c1d6-4bb0-8916-18ecb57aa81d''
22:20:42,015 DEBUG  context.TestContext| Setting variable: citrus_message_replyTo_citrus_message_correlator_httpRESTClient with value: 'http://localhost:8080/user/get/19'
22:20:42,015 INFO     client.HttpClient| Sending HTTP message to: 'http://localhost:8080/user/get/19'
22:20:42,015 DEBUG    client.HttpClient| Message to send:

22:20:42,015 DEBUG aultHttpHeaderMapper| outboundHeaderNames=[Accept, Accept-Charset, Accept-Encoding, Accept-Language, Accept-Ranges, Authorization, Cache-Control, Connection, Content-Length, Content-Type, Cookie, Date, Expect, From, Host, If-Match, If-Modified-Since, If-None-Match, If-Range, If-Unmodified-Since, Max-Forwards, Pragma, Proxy-Authorization, Range, Referer, TE, Upgrade, User-Agent, Via, Warning]
22:20:42,015 DEBUG aultHttpHeaderMapper| headerName=[citrus_message_timestamp] WILL NOT be mapped
22:20:42,015 DEBUG aultHttpHeaderMapper| headerName=[citrus_message_type] WILL NOT be mapped
22:20:42,015 DEBUG aultHttpHeaderMapper| headerName=[citrus_request_path] WILL NOT be mapped
22:20:42,015 DEBUG aultHttpHeaderMapper| headerName=[citrus_http_request_uri] WILL NOT be mapped
22:20:42,015 DEBUG aultHttpHeaderMapper| headerName=[id] WILL NOT be mapped
22:20:42,015 DEBUG aultHttpHeaderMapper| headerName=[citrus_message_id] WILL NOT be mapped
22:20:42,015 DEBUG aultHttpHeaderMapper| headerName=[citrus_http_method] WILL NOT be mapped
22:20:42,015 DEBUG aultHttpHeaderMapper| headerName=[timestamp] WILL NOT be mapped
22:20:42,015 DEBUG  client.RestTemplate| HTTP GET http://localhost:8080/user/get/19
22:20:42,015 DEBUG  client.RestTemplate| Accept=[text/plain, application/json, application/*+json, */*]
22:20:42,015 DEBUG ingClientInterceptor| Sending Http request message
22:20:42,016 DEBUG   Logger.Message_OUT| RAWMESSAGE [id: 141bceae-8ff3-48be-b31c-e6d4c51e4528, payload: GET http://localhost:8080/user/get/19
Accept:text/plain, application/json, application/*+json, */*
Content-Type:application/json;charset=UTF-8
Content-Length:0][headers: {citrus_message_id=141bceae-8ff3-48be-b31c-e6d4c51e4528, citrus_message_timestamp=1689189642015}]
22:20:42,017 DEBUG ol.RequestAddCookies| CookieSpec selected: default
22:20:42,017 DEBUG col.RequestAuthCache| Auth cache not set in the context
22:20:42,017 DEBUG entConnectionManager| Connection request: [route: {}->http://localhost:8080][total available: 1; route allocated: 1 of 5; total allocated: 1 of 10]
22:20:42,017 DEBUG entConnectionManager| Connection leased: [id: 0][route: {}->http://localhost:8080][total available: 0; route allocated: 1 of 5; total allocated: 1 of 10]
22:20:42,017 DEBUG HttpClientConnection| http-outgoing-0: set socket timeout to 0
22:20:42,017 DEBUG chain.MainClientExec| Executing request GET /user/get/19 HTTP/1.1
22:20:42,017 DEBUG chain.MainClientExec| Target auth state: UNCHALLENGED
22:20:42,017 DEBUG chain.MainClientExec| Proxy auth state: UNCHALLENGED
22:20:42,017 DEBUG         http.headers| http-outgoing-0 >> GET /user/get/19 HTTP/1.1
22:20:42,017 DEBUG         http.headers| http-outgoing-0 >> Accept: text/plain, application/json, application/*+json, */*
22:20:42,017 DEBUG         http.headers| http-outgoing-0 >> Content-Type: application/json;charset=UTF-8
22:20:42,017 DEBUG         http.headers| http-outgoing-0 >> Host: localhost:8080
22:20:42,017 DEBUG         http.headers| http-outgoing-0 >> Connection: Keep-Alive
22:20:42,017 DEBUG         http.headers| http-outgoing-0 >> User-Agent: Apache-HttpClient/4.5.13 (Java/11.0.16)
22:20:42,017 DEBUG         http.headers| http-outgoing-0 >> Accept-Encoding: gzip,deflate
22:20:42,017 DEBUG            http.wire| http-outgoing-0 >> "GET /user/get/19 HTTP/1.1[\r][\n]"
22:20:42,017 DEBUG            http.wire| http-outgoing-0 >> "Accept: text/plain, application/json, application/*+json, */*[\r][\n]"
22:20:42,017 DEBUG            http.wire| http-outgoing-0 >> "Content-Type: application/json;charset=UTF-8[\r][\n]"
22:20:42,017 DEBUG            http.wire| http-outgoing-0 >> "Host: localhost:8080[\r][\n]"
22:20:42,017 DEBUG            http.wire| http-outgoing-0 >> "Connection: Keep-Alive[\r][\n]"
22:20:42,017 DEBUG            http.wire| http-outgoing-0 >> "User-Agent: Apache-HttpClient/4.5.13 (Java/11.0.16)[\r][\n]"
22:20:42,017 DEBUG            http.wire| http-outgoing-0 >> "Accept-Encoding: gzip,deflate[\r][\n]"
22:20:42,017 DEBUG            http.wire| http-outgoing-0 >> "[\r][\n]"
22:20:42,018 DEBUG            http.wire| http-outgoing-0 << "HTTP/1.1 200 [\r][\n]"
22:20:42,018 DEBUG            http.wire| http-outgoing-0 << "Content-Type: application/json[\r][\n]"
22:20:42,018 DEBUG            http.wire| http-outgoing-0 << "Transfer-Encoding: chunked[\r][\n]"
22:20:42,018 DEBUG            http.wire| http-outgoing-0 << "Date: Wed, 12 Jul 2023 19:20:41 GMT[\r][\n]"
22:20:42,018 DEBUG            http.wire| http-outgoing-0 << "Keep-Alive: timeout=60[\r][\n]"
22:20:42,018 DEBUG            http.wire| http-outgoing-0 << "Connection: keep-alive[\r][\n]"
22:20:42,018 DEBUG            http.wire| http-outgoing-0 << "[\r][\n]"
22:20:42,018 DEBUG            http.wire| http-outgoing-0 << "93[\r][\n]"
22:20:42,018 DEBUG            http.wire| http-outgoing-0 << "{"userId":19,"name":"Ronald Swift","course":"Human Configuration Orchestrator","email":"19@qa.ru","age":29,"mark":{"name":"Course mark","score":9}}[\r][\n]"
22:20:42,018 DEBUG         http.headers| http-outgoing-0 << HTTP/1.1 200 
22:20:42,018 DEBUG         http.headers| http-outgoing-0 << Content-Type: application/json
22:20:42,018 DEBUG         http.headers| http-outgoing-0 << Transfer-Encoding: chunked
22:20:42,018 DEBUG         http.headers| http-outgoing-0 << Date: Wed, 12 Jul 2023 19:20:41 GMT
22:20:42,018 DEBUG         http.headers| http-outgoing-0 << Keep-Alive: timeout=60
22:20:42,018 DEBUG         http.headers| http-outgoing-0 << Connection: keep-alive
22:20:42,018 DEBUG chain.MainClientExec| Connection can be kept alive for 60000 MILLISECONDS
22:20:42,019 DEBUG            http.wire| http-outgoing-0 << "0[\r][\n]"
22:20:42,019 DEBUG            http.wire| http-outgoing-0 << "[\r][\n]"
22:20:42,019 DEBUG entConnectionManager| Connection [id: 0][route: {}->http://localhost:8080] can be kept alive for 60.0 seconds
22:20:42,019 DEBUG HttpClientConnection| http-outgoing-0: set socket timeout to 0
22:20:42,019 DEBUG entConnectionManager| Connection released: [id: 0][route: {}->http://localhost:8080][total available: 1; route allocated: 1 of 5; total allocated: 1 of 10]
22:20:42,019 DEBUG ingClientInterceptor| Received Http response message
22:20:42,021 DEBUG    Logger.Message_IN| RAWMESSAGE [id: 9795dbf2-dcc1-4073-8689-14d7577747a6, payload: HTTP/1.1 200 OK 
Content-Type:application/json
Transfer-Encoding:chunked
Date:Wed, 12 Jul 2023 19:20:41 GMT
Keep-Alive:timeout=60
Connection:keep-alive

{"userId":19,"name":"Ronald Swift","course":"Human Configuration Orchestrator","email":"19@qa.ru","age":29,"mark":{"name":"Course mark","score":9}}][headers: {citrus_message_id=9795dbf2-dcc1-4073-8689-14d7577747a6, citrus_message_timestamp=1689189642019}]
22:20:42,021 DEBUG  client.RestTemplate| Response 200 OK
22:20:42,021 DEBUG  client.RestTemplate| Reading to [java.lang.String] as "application/json"
22:20:42,021 INFO     client.HttpClient| HTTP message was sent to endpoint: 'http://localhost:8080/user/get/19'
22:20:42,021 DEBUG aultHttpHeaderMapper| inboundHeaderNames=[Accept-Ranges, Age, Allow, Cache-Control, Connection, Content-Encoding, Content-Language, Content-Length, Content-Location, Content-MD5, Content-Range, Content-Type, Content-Disposition, Transfer-Encoding, Date, ETag, Expires, Last-Modified, Location, Pragma, Proxy-Authenticate, Refresh, Retry-After, Server, Set-Cookie, Trailer, Vary, Via, Warning, WWW-Authenticate]
22:20:42,021 DEBUG aultHttpHeaderMapper| headerName=[content-type] WILL be mapped, matched pattern=content-type
22:20:42,021 DEBUG aultHttpHeaderMapper| setting headerName=[contentType], value=application/json
22:20:42,021 DEBUG aultHttpHeaderMapper| headerName=[transfer-encoding] WILL be mapped, matched pattern=transfer-encoding
22:20:42,021 DEBUG aultHttpHeaderMapper| setting headerName=[Transfer-Encoding], value=[chunked]
22:20:42,021 DEBUG aultHttpHeaderMapper| headerName=[date] WILL be mapped, matched pattern=date
22:20:42,021 DEBUG aultHttpHeaderMapper| setting headerName=[Date], value=1 689 189 641 000
22:20:42,021 DEBUG aultHttpHeaderMapper| headerName=[keep-alive] WILL NOT be mapped
22:20:42,021 DEBUG aultHttpHeaderMapper| headerName=[connection] WILL be mapped, matched pattern=connection
22:20:42,021 DEBUG aultHttpHeaderMapper| setting headerName=[Connection], value=[keep-alive]
22:20:42,021 DEBUG ltCorrelationManager| Saving correlated object for 'citrus_message_id = '1c39ada9-c1d6-4bb0-8916-18ecb57aa81d''
22:20:42,021 INFO  port.LoggingReporter| 
22:20:42,021 DEBUG port.LoggingReporter| TEST STEP 37 SUCCESS
22:20:42,021 INFO  port.LoggingReporter| 
22:20:42,021 DEBUG port.LoggingReporter| TEST STEP 38: receive
22:20:42,022 DEBUG ngCorrelationManager| Get correlation key for 'citrus_message_correlator_httpRESTClient'
22:20:42,022 DEBUG ltCorrelationManager| Finding correlated object for 'citrus_message_id = '1c39ada9-c1d6-4bb0-8916-18ecb57aa81d''
22:20:42,022 DEBUG ageValidatorRegistry| Found 4 message validators for message
22:20:42,022 DEBUG ssageHeaderValidator| Start message header validation ...
22:20:42,023 DEBUG faultHeaderValidator| Validating header element: citrus_http_reason_phrase='OK': OK.
22:20:42,023 DEBUG faultHeaderValidator| Validating header element: citrus_http_status_code='200': OK.
22:20:42,023 INFO  ssageHeaderValidator| Message header validation successful: All values OK
22:20:42,023 DEBUG TextMessageValidator| Start JSON message validation ...
22:20:42,023 DEBUG JsonSchemaValidation| Starting Json schema validation ...
22:20:42,023 INFO  JsonSchemaValidation| Json schema validation successful: All values OK
22:20:42,023 DEBUG TextMessageValidator| Received message:
HTTPMESSAGE [id: 62e65830-3055-4622-9998-209875479f59, payload: {"userId":19,"name":"Ronald Swift","course":"Human Configuration Orchestrator","email":"19@qa.ru","age":29,"mark":{"name":"Course mark","score":9}}][headers: {Transfer-Encoding=chunked, Connection=keep-alive, contentType=application/json, Date=1689189641000, citrus_message_id=62e65830-3055-4622-9998-209875479f59, citrus_message_timestamp=1689189642021, Keep-Alive=timeout=60, Content-Type=application/json, citrus_http_status_code=200, citrus_http_reason_phrase=OK, citrus_http_version=HTTP/1.1}]
22:20:42,023 DEBUG TextMessageValidator| Control message:
HTTPMESSAGE [id: 9c1e0a5d-edc6-4387-9db6-5dbdc0b9a0aa, payload: {"userId":19,"email":"@contains('@qa.ru')@","name":"@matches('^[a-zA-Z\\s\\.]*$')@","course":"@matches('^[a-zA-Z\\s]*$')@","age":"@isNumber()@","mark":{"name":"@contains('Course mark')@","score":"@isNumber()@"}}][headers: {citrus_message_id=9c1e0a5d-edc6-4387-9db6-5dbdc0b9a0aa, citrus_message_timestamp=1689189642021, citrus_http_reason_phrase=OK, citrus_http_status_code=200, citrus_message_type=JSON}]
22:20:42,023 DEBUG TextMessageValidator| Validation successful for JSON entry 'name' (@matches('^[a-zA-Z\s\.]*$')@)
22:20:42,023 DEBUG TextMessageValidator| Validation successful for JSON entry 'course' (@matches('^[a-zA-Z\s]*$')@)
22:20:42,023 DEBUG TextMessageValidator| Validation successful for JSON entry 'userId' (19)
22:20:42,023 DEBUG TextMessageValidator| Validation successful for JSON entry 'email' (@contains('@qa.ru')@)
22:20:42,023 DEBUG TextMessageValidator| Validation successful for JSON entry 'age' (@isNumber()@)
22:20:42,023 DEBUG TextMessageValidator| Validation successful for JSON entry 'score' (@isNumber()@)
22:20:42,023 DEBUG TextMessageValidator| Validation successful for JSON entry 'name' (@contains('Course mark')@)
22:20:42,023 DEBUG TextMessageValidator| Validation successful for JSON entry 'mark' ({"score":"@isNumber()@","name":"@contains('Course mark')@"})
22:20:42,023 INFO  TextMessageValidator| JSON message validation successful: All values OK
22:20:42,023 INFO  port.LoggingReporter| 
22:20:42,023 DEBUG port.LoggingReporter| TEST STEP 38 SUCCESS
]]></system-out>
  </testcase>
  <testcase name="getUserStubParametrizedTest(int)[20]" classname="citrus.HttpRESTStubTests" time="0.01">
    <system-out><![CDATA[22:20:42,026 INFO  port.LoggingReporter| 
22:20:42,026 INFO  port.LoggingReporter| ------------------------------------------------------------------------
22:20:42,026 DEBUG port.LoggingReporter| STARTING TEST HttpRESTStubTests.getUserStubParametrizedTest <citrus>
22:20:42,026 INFO  port.LoggingReporter| 
22:20:42,026 DEBUG trus.DefaultTestCase| Initializing test case
22:20:42,026 DEBUG trus.DefaultTestCase| Global variables:
22:20:42,026 DEBUG trus.DefaultTestCase| citrus_message_correlator_httpRESTClient = citrus_message_id = '1c39ada9-c1d6-4bb0-8916-18ecb57aa81d'
22:20:42,026 DEBUG trus.DefaultTestCase| default.test.author = Unknown
22:20:42,026 DEBUG trus.DefaultTestCase| citrus.test.package = citrus
22:20:42,026 DEBUG trus.DefaultTestCase| citrus.test.name = HttpRESTStubTests.getUserStubParametrizedTest
22:20:42,026 DEBUG trus.DefaultTestCase| project.name = Citrus Integration Tests
22:20:42,026 DEBUG trus.DefaultTestCase| userId = 35
22:20:42,026 DEBUG trus.DefaultTestCase| citrus_message_replyTo_citrus_message_correlator_httpRESTClient = http://localhost:8080/user/get/19
22:20:42,026 DEBUG trus.DefaultTestCase| url = http://localhost:8080/user
22:20:42,026 DEBUG trus.DefaultTestCase| default.test.package = citrus
22:20:42,026 DEBUG  context.TestContext| Setting variable: citrus.test.name with value: 'HttpRESTStubTests.getUserStubParametrizedTest'
22:20:42,026 DEBUG  context.TestContext| Setting variable: citrus.test.package with value: 'citrus'
22:20:42,026 DEBUG trus.DefaultTestCase| Test variables:
22:20:42,026 DEBUG trus.DefaultTestCase| citrus_message_correlator_httpRESTClient = citrus_message_id = '1c39ada9-c1d6-4bb0-8916-18ecb57aa81d'
22:20:42,026 DEBUG trus.DefaultTestCase| default.test.author = Unknown
22:20:42,026 DEBUG trus.DefaultTestCase| citrus.test.package = citrus
22:20:42,026 DEBUG trus.DefaultTestCase| citrus.test.name = HttpRESTStubTests.getUserStubParametrizedTest
22:20:42,026 DEBUG trus.DefaultTestCase| project.name = Citrus Integration Tests
22:20:42,026 DEBUG trus.DefaultTestCase| userId = 35
22:20:42,026 DEBUG trus.DefaultTestCase| citrus_message_replyTo_citrus_message_correlator_httpRESTClient = http://localhost:8080/user/get/19
22:20:42,026 DEBUG trus.DefaultTestCase| url = http://localhost:8080/user
22:20:42,026 DEBUG trus.DefaultTestCase| default.test.package = citrus
22:20:42,027 INFO  port.LoggingReporter| 
22:20:42,027 DEBUG port.LoggingReporter| TEST STEP 39: send
22:20:42,027 DEBUG ltCorrelationManager| Saving correlation key for 'citrus_message_correlator_httpRESTClient'
22:20:42,027 DEBUG  context.TestContext| Setting variable: citrus_message_correlator_httpRESTClient with value: 'citrus_message_id = '1bd5ced7-5bef-4efb-a65f-b809fd4e9845''
22:20:42,027 DEBUG  context.TestContext| Setting variable: citrus_message_replyTo_citrus_message_correlator_httpRESTClient with value: 'http://localhost:8080/user/get/20'
22:20:42,027 INFO     client.HttpClient| Sending HTTP message to: 'http://localhost:8080/user/get/20'
22:20:42,027 DEBUG    client.HttpClient| Message to send:

22:20:42,027 DEBUG aultHttpHeaderMapper| outboundHeaderNames=[Accept, Accept-Charset, Accept-Encoding, Accept-Language, Accept-Ranges, Authorization, Cache-Control, Connection, Content-Length, Content-Type, Cookie, Date, Expect, From, Host, If-Match, If-Modified-Since, If-None-Match, If-Range, If-Unmodified-Since, Max-Forwards, Pragma, Proxy-Authorization, Range, Referer, TE, Upgrade, User-Agent, Via, Warning]
22:20:42,027 DEBUG aultHttpHeaderMapper| headerName=[citrus_message_timestamp] WILL NOT be mapped
22:20:42,027 DEBUG aultHttpHeaderMapper| headerName=[citrus_message_type] WILL NOT be mapped
22:20:42,027 DEBUG aultHttpHeaderMapper| headerName=[citrus_request_path] WILL NOT be mapped
22:20:42,027 DEBUG aultHttpHeaderMapper| headerName=[citrus_http_request_uri] WILL NOT be mapped
22:20:42,027 DEBUG aultHttpHeaderMapper| headerName=[id] WILL NOT be mapped
22:20:42,027 DEBUG aultHttpHeaderMapper| headerName=[citrus_message_id] WILL NOT be mapped
22:20:42,027 DEBUG aultHttpHeaderMapper| headerName=[citrus_http_method] WILL NOT be mapped
22:20:42,027 DEBUG aultHttpHeaderMapper| headerName=[timestamp] WILL NOT be mapped
22:20:42,027 DEBUG  client.RestTemplate| HTTP GET http://localhost:8080/user/get/20
22:20:42,027 DEBUG  client.RestTemplate| Accept=[text/plain, application/json, application/*+json, */*]
22:20:42,027 DEBUG ingClientInterceptor| Sending Http request message
22:20:42,029 DEBUG   Logger.Message_OUT| RAWMESSAGE [id: cce49a28-135c-4e5f-8755-113b8d4cbe0a, payload: GET http://localhost:8080/user/get/20
Accept:text/plain, application/json, application/*+json, */*
Content-Type:application/json;charset=UTF-8
Content-Length:0][headers: {citrus_message_id=cce49a28-135c-4e5f-8755-113b8d4cbe0a, citrus_message_timestamp=1689189642027}]
22:20:42,029 DEBUG ol.RequestAddCookies| CookieSpec selected: default
22:20:42,029 DEBUG col.RequestAuthCache| Auth cache not set in the context
22:20:42,029 DEBUG entConnectionManager| Connection request: [route: {}->http://localhost:8080][total available: 1; route allocated: 1 of 5; total allocated: 1 of 10]
22:20:42,029 DEBUG entConnectionManager| Connection leased: [id: 0][route: {}->http://localhost:8080][total available: 0; route allocated: 1 of 5; total allocated: 1 of 10]
22:20:42,029 DEBUG HttpClientConnection| http-outgoing-0: set socket timeout to 0
22:20:42,029 DEBUG chain.MainClientExec| Executing request GET /user/get/20 HTTP/1.1
22:20:42,029 DEBUG chain.MainClientExec| Target auth state: UNCHALLENGED
22:20:42,029 DEBUG chain.MainClientExec| Proxy auth state: UNCHALLENGED
22:20:42,029 DEBUG         http.headers| http-outgoing-0 >> GET /user/get/20 HTTP/1.1
22:20:42,029 DEBUG         http.headers| http-outgoing-0 >> Accept: text/plain, application/json, application/*+json, */*
22:20:42,029 DEBUG         http.headers| http-outgoing-0 >> Content-Type: application/json;charset=UTF-8
22:20:42,029 DEBUG         http.headers| http-outgoing-0 >> Host: localhost:8080
22:20:42,029 DEBUG         http.headers| http-outgoing-0 >> Connection: Keep-Alive
22:20:42,029 DEBUG         http.headers| http-outgoing-0 >> User-Agent: Apache-HttpClient/4.5.13 (Java/11.0.16)
22:20:42,029 DEBUG         http.headers| http-outgoing-0 >> Accept-Encoding: gzip,deflate
22:20:42,029 DEBUG            http.wire| http-outgoing-0 >> "GET /user/get/20 HTTP/1.1[\r][\n]"
22:20:42,029 DEBUG            http.wire| http-outgoing-0 >> "Accept: text/plain, application/json, application/*+json, */*[\r][\n]"
22:20:42,029 DEBUG            http.wire| http-outgoing-0 >> "Content-Type: application/json;charset=UTF-8[\r][\n]"
22:20:42,029 DEBUG            http.wire| http-outgoing-0 >> "Host: localhost:8080[\r][\n]"
22:20:42,029 DEBUG            http.wire| http-outgoing-0 >> "Connection: Keep-Alive[\r][\n]"
22:20:42,029 DEBUG            http.wire| http-outgoing-0 >> "User-Agent: Apache-HttpClient/4.5.13 (Java/11.0.16)[\r][\n]"
22:20:42,029 DEBUG            http.wire| http-outgoing-0 >> "Accept-Encoding: gzip,deflate[\r][\n]"
22:20:42,029 DEBUG            http.wire| http-outgoing-0 >> "[\r][\n]"
22:20:42,030 DEBUG            http.wire| http-outgoing-0 << "HTTP/1.1 200 [\r][\n]"
22:20:42,030 DEBUG            http.wire| http-outgoing-0 << "Content-Type: application/json[\r][\n]"
22:20:42,030 DEBUG            http.wire| http-outgoing-0 << "Transfer-Encoding: chunked[\r][\n]"
22:20:42,030 DEBUG            http.wire| http-outgoing-0 << "Date: Wed, 12 Jul 2023 19:20:41 GMT[\r][\n]"
22:20:42,030 DEBUG            http.wire| http-outgoing-0 << "Keep-Alive: timeout=60[\r][\n]"
22:20:42,030 DEBUG            http.wire| http-outgoing-0 << "Connection: keep-alive[\r][\n]"
22:20:42,030 DEBUG            http.wire| http-outgoing-0 << "[\r][\n]"
22:20:42,030 DEBUG            http.wire| http-outgoing-0 << "91[\r][\n]"
22:20:42,030 DEBUG            http.wire| http-outgoing-0 << "{"userId":20,"name":"Lana Roberts","course":"Principal Infrastructure Agent","email":"20@qa.ru","age":60,"mark":{"name":"Course mark","score":1}}[\r][\n]"
22:20:42,030 DEBUG         http.headers| http-outgoing-0 << HTTP/1.1 200 
22:20:42,030 DEBUG         http.headers| http-outgoing-0 << Content-Type: application/json
22:20:42,030 DEBUG         http.headers| http-outgoing-0 << Transfer-Encoding: chunked
22:20:42,030 DEBUG         http.headers| http-outgoing-0 << Date: Wed, 12 Jul 2023 19:20:41 GMT
22:20:42,030 DEBUG         http.headers| http-outgoing-0 << Keep-Alive: timeout=60
22:20:42,030 DEBUG         http.headers| http-outgoing-0 << Connection: keep-alive
22:20:42,031 DEBUG chain.MainClientExec| Connection can be kept alive for 60000 MILLISECONDS
22:20:42,031 DEBUG            http.wire| http-outgoing-0 << "0[\r][\n]"
22:20:42,031 DEBUG            http.wire| http-outgoing-0 << "[\r][\n]"
22:20:42,031 DEBUG entConnectionManager| Connection [id: 0][route: {}->http://localhost:8080] can be kept alive for 60.0 seconds
22:20:42,031 DEBUG HttpClientConnection| http-outgoing-0: set socket timeout to 0
22:20:42,031 DEBUG entConnectionManager| Connection released: [id: 0][route: {}->http://localhost:8080][total available: 1; route allocated: 1 of 5; total allocated: 1 of 10]
22:20:42,031 DEBUG ingClientInterceptor| Received Http response message
22:20:42,032 DEBUG    Logger.Message_IN| RAWMESSAGE [id: 628526e1-02ca-42c0-aadd-70182e1dcb7b, payload: HTTP/1.1 200 OK 
Content-Type:application/json
Transfer-Encoding:chunked
Date:Wed, 12 Jul 2023 19:20:41 GMT
Keep-Alive:timeout=60
Connection:keep-alive

{"userId":20,"name":"Lana Roberts","course":"Principal Infrastructure Agent","email":"20@qa.ru","age":60,"mark":{"name":"Course mark","score":1}}][headers: {citrus_message_id=628526e1-02ca-42c0-aadd-70182e1dcb7b, citrus_message_timestamp=1689189642031}]
22:20:42,032 DEBUG  client.RestTemplate| Response 200 OK
22:20:42,032 DEBUG  client.RestTemplate| Reading to [java.lang.String] as "application/json"
22:20:42,032 INFO     client.HttpClient| HTTP message was sent to endpoint: 'http://localhost:8080/user/get/20'
22:20:42,032 DEBUG aultHttpHeaderMapper| inboundHeaderNames=[Accept-Ranges, Age, Allow, Cache-Control, Connection, Content-Encoding, Content-Language, Content-Length, Content-Location, Content-MD5, Content-Range, Content-Type, Content-Disposition, Transfer-Encoding, Date, ETag, Expires, Last-Modified, Location, Pragma, Proxy-Authenticate, Refresh, Retry-After, Server, Set-Cookie, Trailer, Vary, Via, Warning, WWW-Authenticate]
22:20:42,032 DEBUG aultHttpHeaderMapper| headerName=[content-type] WILL be mapped, matched pattern=content-type
22:20:42,032 DEBUG aultHttpHeaderMapper| setting headerName=[contentType], value=application/json
22:20:42,032 DEBUG aultHttpHeaderMapper| headerName=[transfer-encoding] WILL be mapped, matched pattern=transfer-encoding
22:20:42,032 DEBUG aultHttpHeaderMapper| setting headerName=[Transfer-Encoding], value=[chunked]
22:20:42,032 DEBUG aultHttpHeaderMapper| headerName=[date] WILL be mapped, matched pattern=date
22:20:42,032 DEBUG aultHttpHeaderMapper| setting headerName=[Date], value=1 689 189 641 000
22:20:42,032 DEBUG aultHttpHeaderMapper| headerName=[keep-alive] WILL NOT be mapped
22:20:42,032 DEBUG aultHttpHeaderMapper| headerName=[connection] WILL be mapped, matched pattern=connection
22:20:42,032 DEBUG aultHttpHeaderMapper| setting headerName=[Connection], value=[keep-alive]
22:20:42,033 DEBUG ltCorrelationManager| Saving correlated object for 'citrus_message_id = '1bd5ced7-5bef-4efb-a65f-b809fd4e9845''
22:20:42,033 INFO  port.LoggingReporter| 
22:20:42,033 DEBUG port.LoggingReporter| TEST STEP 39 SUCCESS
22:20:42,033 INFO  port.LoggingReporter| 
22:20:42,033 DEBUG port.LoggingReporter| TEST STEP 40: receive
22:20:42,033 DEBUG ngCorrelationManager| Get correlation key for 'citrus_message_correlator_httpRESTClient'
22:20:42,033 DEBUG ltCorrelationManager| Finding correlated object for 'citrus_message_id = '1bd5ced7-5bef-4efb-a65f-b809fd4e9845''
22:20:42,034 DEBUG ageValidatorRegistry| Found 4 message validators for message
22:20:42,034 DEBUG ssageHeaderValidator| Start message header validation ...
22:20:42,034 DEBUG faultHeaderValidator| Validating header element: citrus_http_reason_phrase='OK': OK.
22:20:42,034 DEBUG faultHeaderValidator| Validating header element: citrus_http_status_code='200': OK.
22:20:42,034 INFO  ssageHeaderValidator| Message header validation successful: All values OK
22:20:42,034 DEBUG TextMessageValidator| Start JSON message validation ...
22:20:42,034 DEBUG JsonSchemaValidation| Starting Json schema validation ...
22:20:42,034 INFO  JsonSchemaValidation| Json schema validation successful: All values OK
22:20:42,034 DEBUG TextMessageValidator| Received message:
HTTPMESSAGE [id: aa562944-73b0-4b06-b314-6d7aa1d41b8e, payload: {"userId":20,"name":"Lana Roberts","course":"Principal Infrastructure Agent","email":"20@qa.ru","age":60,"mark":{"name":"Course mark","score":1}}][headers: {Transfer-Encoding=chunked, Connection=keep-alive, contentType=application/json, Date=1689189641000, citrus_message_id=aa562944-73b0-4b06-b314-6d7aa1d41b8e, citrus_message_timestamp=1689189642032, Keep-Alive=timeout=60, Content-Type=application/json, citrus_http_status_code=200, citrus_http_reason_phrase=OK, citrus_http_version=HTTP/1.1}]
22:20:42,034 DEBUG TextMessageValidator| Control message:
HTTPMESSAGE [id: 5adba214-6cbf-406e-9e21-6dad86da32be, payload: {"userId":20,"email":"@contains('@qa.ru')@","name":"@matches('^[a-zA-Z\\s\\.]*$')@","course":"@matches('^[a-zA-Z\\s]*$')@","age":"@isNumber()@","mark":{"name":"@contains('Course mark')@","score":"@isNumber()@"}}][headers: {citrus_message_id=5adba214-6cbf-406e-9e21-6dad86da32be, citrus_message_timestamp=1689189642033, citrus_http_reason_phrase=OK, citrus_http_status_code=200, citrus_message_type=JSON}]
22:20:42,034 DEBUG TextMessageValidator| Validation successful for JSON entry 'name' (@matches('^[a-zA-Z\s\.]*$')@)
22:20:42,034 DEBUG TextMessageValidator| Validation successful for JSON entry 'course' (@matches('^[a-zA-Z\s]*$')@)
22:20:42,034 DEBUG TextMessageValidator| Validation successful for JSON entry 'userId' (20)
22:20:42,034 DEBUG TextMessageValidator| Validation successful for JSON entry 'email' (@contains('@qa.ru')@)
22:20:42,034 DEBUG TextMessageValidator| Validation successful for JSON entry 'age' (@isNumber()@)
22:20:42,034 DEBUG TextMessageValidator| Validation successful for JSON entry 'score' (@isNumber()@)
22:20:42,034 DEBUG TextMessageValidator| Validation successful for JSON entry 'name' (@contains('Course mark')@)
22:20:42,034 DEBUG TextMessageValidator| Validation successful for JSON entry 'mark' ({"score":"@isNumber()@","name":"@contains('Course mark')@"})
22:20:42,034 INFO  TextMessageValidator| JSON message validation successful: All values OK
22:20:42,034 INFO  port.LoggingReporter| 
22:20:42,034 DEBUG port.LoggingReporter| TEST STEP 40 SUCCESS
]]></system-out>
  </testcase>
  <testcase name="getUserStubParametrizedTest(int)[21]" classname="citrus.HttpRESTStubTests" time="0.012">
    <system-out><![CDATA[22:20:42,038 INFO  port.LoggingReporter| 
22:20:42,038 INFO  port.LoggingReporter| ------------------------------------------------------------------------
22:20:42,038 DEBUG port.LoggingReporter| STARTING TEST HttpRESTStubTests.getUserStubParametrizedTest <citrus>
22:20:42,038 INFO  port.LoggingReporter| 
22:20:42,038 DEBUG trus.DefaultTestCase| Initializing test case
22:20:42,038 DEBUG trus.DefaultTestCase| Global variables:
22:20:42,038 DEBUG trus.DefaultTestCase| citrus_message_correlator_httpRESTClient = citrus_message_id = '1bd5ced7-5bef-4efb-a65f-b809fd4e9845'
22:20:42,038 DEBUG trus.DefaultTestCase| default.test.author = Unknown
22:20:42,038 DEBUG trus.DefaultTestCase| citrus.test.package = citrus
22:20:42,038 DEBUG trus.DefaultTestCase| citrus.test.name = HttpRESTStubTests.getUserStubParametrizedTest
22:20:42,038 DEBUG trus.DefaultTestCase| project.name = Citrus Integration Tests
22:20:42,038 DEBUG trus.DefaultTestCase| userId = 35
22:20:42,038 DEBUG trus.DefaultTestCase| citrus_message_replyTo_citrus_message_correlator_httpRESTClient = http://localhost:8080/user/get/20
22:20:42,038 DEBUG trus.DefaultTestCase| url = http://localhost:8080/user
22:20:42,038 DEBUG trus.DefaultTestCase| default.test.package = citrus
22:20:42,038 DEBUG  context.TestContext| Setting variable: citrus.test.name with value: 'HttpRESTStubTests.getUserStubParametrizedTest'
22:20:42,038 DEBUG  context.TestContext| Setting variable: citrus.test.package with value: 'citrus'
22:20:42,038 DEBUG trus.DefaultTestCase| Test variables:
22:20:42,038 DEBUG trus.DefaultTestCase| citrus_message_correlator_httpRESTClient = citrus_message_id = '1bd5ced7-5bef-4efb-a65f-b809fd4e9845'
22:20:42,038 DEBUG trus.DefaultTestCase| default.test.author = Unknown
22:20:42,038 DEBUG trus.DefaultTestCase| citrus.test.package = citrus
22:20:42,038 DEBUG trus.DefaultTestCase| citrus.test.name = HttpRESTStubTests.getUserStubParametrizedTest
22:20:42,038 DEBUG trus.DefaultTestCase| project.name = Citrus Integration Tests
22:20:42,038 DEBUG trus.DefaultTestCase| userId = 35
22:20:42,038 DEBUG trus.DefaultTestCase| citrus_message_replyTo_citrus_message_correlator_httpRESTClient = http://localhost:8080/user/get/20
22:20:42,038 DEBUG trus.DefaultTestCase| url = http://localhost:8080/user
22:20:42,038 DEBUG trus.DefaultTestCase| default.test.package = citrus
22:20:42,039 INFO  port.LoggingReporter| 
22:20:42,039 DEBUG port.LoggingReporter| TEST STEP 41: send
22:20:42,039 DEBUG ltCorrelationManager| Saving correlation key for 'citrus_message_correlator_httpRESTClient'
22:20:42,039 DEBUG  context.TestContext| Setting variable: citrus_message_correlator_httpRESTClient with value: 'citrus_message_id = '3f26bc3d-50b4-444d-8eea-88abd6a2c9bd''
22:20:42,039 DEBUG  context.TestContext| Setting variable: citrus_message_replyTo_citrus_message_correlator_httpRESTClient with value: 'http://localhost:8080/user/get/21'
22:20:42,039 INFO     client.HttpClient| Sending HTTP message to: 'http://localhost:8080/user/get/21'
22:20:42,039 DEBUG    client.HttpClient| Message to send:

22:20:42,039 DEBUG aultHttpHeaderMapper| outboundHeaderNames=[Accept, Accept-Charset, Accept-Encoding, Accept-Language, Accept-Ranges, Authorization, Cache-Control, Connection, Content-Length, Content-Type, Cookie, Date, Expect, From, Host, If-Match, If-Modified-Since, If-None-Match, If-Range, If-Unmodified-Since, Max-Forwards, Pragma, Proxy-Authorization, Range, Referer, TE, Upgrade, User-Agent, Via, Warning]
22:20:42,039 DEBUG aultHttpHeaderMapper| headerName=[citrus_message_timestamp] WILL NOT be mapped
22:20:42,039 DEBUG aultHttpHeaderMapper| headerName=[citrus_message_type] WILL NOT be mapped
22:20:42,039 DEBUG aultHttpHeaderMapper| headerName=[citrus_request_path] WILL NOT be mapped
22:20:42,039 DEBUG aultHttpHeaderMapper| headerName=[citrus_http_request_uri] WILL NOT be mapped
22:20:42,039 DEBUG aultHttpHeaderMapper| headerName=[id] WILL NOT be mapped
22:20:42,039 DEBUG aultHttpHeaderMapper| headerName=[citrus_message_id] WILL NOT be mapped
22:20:42,039 DEBUG aultHttpHeaderMapper| headerName=[citrus_http_method] WILL NOT be mapped
22:20:42,039 DEBUG aultHttpHeaderMapper| headerName=[timestamp] WILL NOT be mapped
22:20:42,039 DEBUG  client.RestTemplate| HTTP GET http://localhost:8080/user/get/21
22:20:42,040 DEBUG  client.RestTemplate| Accept=[text/plain, application/json, application/*+json, */*]
22:20:42,040 DEBUG ingClientInterceptor| Sending Http request message
22:20:42,041 DEBUG   Logger.Message_OUT| RAWMESSAGE [id: 32427498-e554-4740-a617-557911079eb2, payload: GET http://localhost:8080/user/get/21
Accept:text/plain, application/json, application/*+json, */*
Content-Type:application/json;charset=UTF-8
Content-Length:0][headers: {citrus_message_id=32427498-e554-4740-a617-557911079eb2, citrus_message_timestamp=1689189642040}]
22:20:42,041 DEBUG ol.RequestAddCookies| CookieSpec selected: default
22:20:42,041 DEBUG col.RequestAuthCache| Auth cache not set in the context
22:20:42,041 DEBUG entConnectionManager| Connection request: [route: {}->http://localhost:8080][total available: 1; route allocated: 1 of 5; total allocated: 1 of 10]
22:20:42,041 DEBUG entConnectionManager| Connection leased: [id: 0][route: {}->http://localhost:8080][total available: 0; route allocated: 1 of 5; total allocated: 1 of 10]
22:20:42,041 DEBUG HttpClientConnection| http-outgoing-0: set socket timeout to 0
22:20:42,041 DEBUG chain.MainClientExec| Executing request GET /user/get/21 HTTP/1.1
22:20:42,041 DEBUG chain.MainClientExec| Target auth state: UNCHALLENGED
22:20:42,041 DEBUG chain.MainClientExec| Proxy auth state: UNCHALLENGED
22:20:42,041 DEBUG         http.headers| http-outgoing-0 >> GET /user/get/21 HTTP/1.1
22:20:42,041 DEBUG         http.headers| http-outgoing-0 >> Accept: text/plain, application/json, application/*+json, */*
22:20:42,041 DEBUG         http.headers| http-outgoing-0 >> Content-Type: application/json;charset=UTF-8
22:20:42,041 DEBUG         http.headers| http-outgoing-0 >> Host: localhost:8080
22:20:42,041 DEBUG         http.headers| http-outgoing-0 >> Connection: Keep-Alive
22:20:42,042 DEBUG         http.headers| http-outgoing-0 >> User-Agent: Apache-HttpClient/4.5.13 (Java/11.0.16)
22:20:42,042 DEBUG         http.headers| http-outgoing-0 >> Accept-Encoding: gzip,deflate
22:20:42,042 DEBUG            http.wire| http-outgoing-0 >> "GET /user/get/21 HTTP/1.1[\r][\n]"
22:20:42,042 DEBUG            http.wire| http-outgoing-0 >> "Accept: text/plain, application/json, application/*+json, */*[\r][\n]"
22:20:42,042 DEBUG            http.wire| http-outgoing-0 >> "Content-Type: application/json;charset=UTF-8[\r][\n]"
22:20:42,042 DEBUG            http.wire| http-outgoing-0 >> "Host: localhost:8080[\r][\n]"
22:20:42,042 DEBUG            http.wire| http-outgoing-0 >> "Connection: Keep-Alive[\r][\n]"
22:20:42,042 DEBUG            http.wire| http-outgoing-0 >> "User-Agent: Apache-HttpClient/4.5.13 (Java/11.0.16)[\r][\n]"
22:20:42,042 DEBUG            http.wire| http-outgoing-0 >> "Accept-Encoding: gzip,deflate[\r][\n]"
22:20:42,042 DEBUG            http.wire| http-outgoing-0 >> "[\r][\n]"
22:20:42,042 DEBUG            http.wire| http-outgoing-0 << "HTTP/1.1 200 [\r][\n]"
22:20:42,042 DEBUG            http.wire| http-outgoing-0 << "Content-Type: application/json[\r][\n]"
22:20:42,043 DEBUG            http.wire| http-outgoing-0 << "Transfer-Encoding: chunked[\r][\n]"
22:20:42,043 DEBUG            http.wire| http-outgoing-0 << "Date: Wed, 12 Jul 2023 19:20:41 GMT[\r][\n]"
22:20:42,043 DEBUG            http.wire| http-outgoing-0 << "Keep-Alive: timeout=60[\r][\n]"
22:20:42,043 DEBUG            http.wire| http-outgoing-0 << "Connection: keep-alive[\r][\n]"
22:20:42,043 DEBUG            http.wire| http-outgoing-0 << "[\r][\n]"
22:20:42,043 DEBUG            http.wire| http-outgoing-0 << "8a[\r][\n]"
22:20:42,043 DEBUG            http.wire| http-outgoing-0 << "{"userId":21,"name":"Jerry Welch","course":"Senior Division Engineer","email":"21@qa.ru","age":23,"mark":{"name":"Course mark","score":7}}[\r][\n]"
22:20:42,043 DEBUG         http.headers| http-outgoing-0 << HTTP/1.1 200 
22:20:42,043 DEBUG         http.headers| http-outgoing-0 << Content-Type: application/json
22:20:42,043 DEBUG         http.headers| http-outgoing-0 << Transfer-Encoding: chunked
22:20:42,043 DEBUG         http.headers| http-outgoing-0 << Date: Wed, 12 Jul 2023 19:20:41 GMT
22:20:42,043 DEBUG         http.headers| http-outgoing-0 << Keep-Alive: timeout=60
22:20:42,043 DEBUG         http.headers| http-outgoing-0 << Connection: keep-alive
22:20:42,043 DEBUG chain.MainClientExec| Connection can be kept alive for 60000 MILLISECONDS
22:20:42,043 DEBUG            http.wire| http-outgoing-0 << "0[\r][\n]"
22:20:42,043 DEBUG            http.wire| http-outgoing-0 << "[\r][\n]"
22:20:42,043 DEBUG entConnectionManager| Connection [id: 0][route: {}->http://localhost:8080] can be kept alive for 60.0 seconds
22:20:42,043 DEBUG HttpClientConnection| http-outgoing-0: set socket timeout to 0
22:20:42,043 DEBUG entConnectionManager| Connection released: [id: 0][route: {}->http://localhost:8080][total available: 1; route allocated: 1 of 5; total allocated: 1 of 10]
22:20:42,043 DEBUG ingClientInterceptor| Received Http response message
22:20:42,044 DEBUG    Logger.Message_IN| RAWMESSAGE [id: 9f73f59b-305f-494e-bc8d-e9bd8eed64b6, payload: HTTP/1.1 200 OK 
Content-Type:application/json
Transfer-Encoding:chunked
Date:Wed, 12 Jul 2023 19:20:41 GMT
Keep-Alive:timeout=60
Connection:keep-alive

{"userId":21,"name":"Jerry Welch","course":"Senior Division Engineer","email":"21@qa.ru","age":23,"mark":{"name":"Course mark","score":7}}][headers: {citrus_message_id=9f73f59b-305f-494e-bc8d-e9bd8eed64b6, citrus_message_timestamp=1689189642043}]
22:20:42,044 DEBUG  client.RestTemplate| Response 200 OK
22:20:42,044 DEBUG  client.RestTemplate| Reading to [java.lang.String] as "application/json"
22:20:42,044 INFO     client.HttpClient| HTTP message was sent to endpoint: 'http://localhost:8080/user/get/21'
22:20:42,044 DEBUG aultHttpHeaderMapper| inboundHeaderNames=[Accept-Ranges, Age, Allow, Cache-Control, Connection, Content-Encoding, Content-Language, Content-Length, Content-Location, Content-MD5, Content-Range, Content-Type, Content-Disposition, Transfer-Encoding, Date, ETag, Expires, Last-Modified, Location, Pragma, Proxy-Authenticate, Refresh, Retry-After, Server, Set-Cookie, Trailer, Vary, Via, Warning, WWW-Authenticate]
22:20:42,044 DEBUG aultHttpHeaderMapper| headerName=[content-type] WILL be mapped, matched pattern=content-type
22:20:42,044 DEBUG aultHttpHeaderMapper| setting headerName=[contentType], value=application/json
22:20:42,044 DEBUG aultHttpHeaderMapper| headerName=[transfer-encoding] WILL be mapped, matched pattern=transfer-encoding
22:20:42,044 DEBUG aultHttpHeaderMapper| setting headerName=[Transfer-Encoding], value=[chunked]
22:20:42,044 DEBUG aultHttpHeaderMapper| headerName=[date] WILL be mapped, matched pattern=date
22:20:42,045 DEBUG aultHttpHeaderMapper| setting headerName=[Date], value=1 689 189 641 000
22:20:42,045 DEBUG aultHttpHeaderMapper| headerName=[keep-alive] WILL NOT be mapped
22:20:42,045 DEBUG aultHttpHeaderMapper| headerName=[connection] WILL be mapped, matched pattern=connection
22:20:42,045 DEBUG aultHttpHeaderMapper| setting headerName=[Connection], value=[keep-alive]
22:20:42,045 DEBUG ltCorrelationManager| Saving correlated object for 'citrus_message_id = '3f26bc3d-50b4-444d-8eea-88abd6a2c9bd''
22:20:42,045 INFO  port.LoggingReporter| 
22:20:42,045 DEBUG port.LoggingReporter| TEST STEP 41 SUCCESS
22:20:42,045 INFO  port.LoggingReporter| 
22:20:42,045 DEBUG port.LoggingReporter| TEST STEP 42: receive
22:20:42,045 DEBUG ngCorrelationManager| Get correlation key for 'citrus_message_correlator_httpRESTClient'
22:20:42,045 DEBUG ltCorrelationManager| Finding correlated object for 'citrus_message_id = '3f26bc3d-50b4-444d-8eea-88abd6a2c9bd''
22:20:42,046 DEBUG ageValidatorRegistry| Found 4 message validators for message
22:20:42,046 DEBUG ssageHeaderValidator| Start message header validation ...
22:20:42,046 DEBUG faultHeaderValidator| Validating header element: citrus_http_reason_phrase='OK': OK.
22:20:42,046 DEBUG faultHeaderValidator| Validating header element: citrus_http_status_code='200': OK.
22:20:42,046 INFO  ssageHeaderValidator| Message header validation successful: All values OK
22:20:42,046 DEBUG TextMessageValidator| Start JSON message validation ...
22:20:42,046 DEBUG JsonSchemaValidation| Starting Json schema validation ...
22:20:42,046 INFO  JsonSchemaValidation| Json schema validation successful: All values OK
22:20:42,046 DEBUG TextMessageValidator| Received message:
HTTPMESSAGE [id: 1b12cea6-75c5-449a-8cdb-b8318a27a1ad, payload: {"userId":21,"name":"Jerry Welch","course":"Senior Division Engineer","email":"21@qa.ru","age":23,"mark":{"name":"Course mark","score":7}}][headers: {Transfer-Encoding=chunked, Connection=keep-alive, contentType=application/json, Date=1689189641000, citrus_message_id=1b12cea6-75c5-449a-8cdb-b8318a27a1ad, citrus_message_timestamp=1689189642045, Keep-Alive=timeout=60, Content-Type=application/json, citrus_http_status_code=200, citrus_http_reason_phrase=OK, citrus_http_version=HTTP/1.1}]
22:20:42,046 DEBUG TextMessageValidator| Control message:
HTTPMESSAGE [id: 200679d5-8995-4c69-a778-14d64d39b292, payload: {"userId":21,"email":"@contains('@qa.ru')@","name":"@matches('^[a-zA-Z\\s\\.]*$')@","course":"@matches('^[a-zA-Z\\s]*$')@","age":"@isNumber()@","mark":{"name":"@contains('Course mark')@","score":"@isNumber()@"}}][headers: {citrus_message_id=200679d5-8995-4c69-a778-14d64d39b292, citrus_message_timestamp=1689189642045, citrus_http_reason_phrase=OK, citrus_http_status_code=200, citrus_message_type=JSON}]
22:20:42,046 DEBUG TextMessageValidator| Validation successful for JSON entry 'name' (@matches('^[a-zA-Z\s\.]*$')@)
22:20:42,046 DEBUG TextMessageValidator| Validation successful for JSON entry 'course' (@matches('^[a-zA-Z\s]*$')@)
22:20:42,046 DEBUG TextMessageValidator| Validation successful for JSON entry 'userId' (21)
22:20:42,046 DEBUG TextMessageValidator| Validation successful for JSON entry 'email' (@contains('@qa.ru')@)
22:20:42,046 DEBUG TextMessageValidator| Validation successful for JSON entry 'age' (@isNumber()@)
22:20:42,046 DEBUG TextMessageValidator| Validation successful for JSON entry 'score' (@isNumber()@)
22:20:42,046 DEBUG TextMessageValidator| Validation successful for JSON entry 'name' (@contains('Course mark')@)
22:20:42,046 DEBUG TextMessageValidator| Validation successful for JSON entry 'mark' ({"score":"@isNumber()@","name":"@contains('Course mark')@"})
22:20:42,046 INFO  TextMessageValidator| JSON message validation successful: All values OK
22:20:42,046 INFO  port.LoggingReporter| 
22:20:42,046 DEBUG port.LoggingReporter| TEST STEP 42 SUCCESS
]]></system-out>
  </testcase>
  <testcase name="getUserStubParametrizedTest(int)[22]" classname="citrus.HttpRESTStubTests" time="0.009">
    <system-out><![CDATA[22:20:42,048 INFO  port.LoggingReporter| 
22:20:42,048 INFO  port.LoggingReporter| ------------------------------------------------------------------------
22:20:42,048 DEBUG port.LoggingReporter| STARTING TEST HttpRESTStubTests.getUserStubParametrizedTest <citrus>
22:20:42,048 INFO  port.LoggingReporter| 
22:20:42,048 DEBUG trus.DefaultTestCase| Initializing test case
22:20:42,048 DEBUG trus.DefaultTestCase| Global variables:
22:20:42,048 DEBUG trus.DefaultTestCase| citrus_message_correlator_httpRESTClient = citrus_message_id = '3f26bc3d-50b4-444d-8eea-88abd6a2c9bd'
22:20:42,048 DEBUG trus.DefaultTestCase| default.test.author = Unknown
22:20:42,048 DEBUG trus.DefaultTestCase| citrus.test.package = citrus
22:20:42,049 DEBUG trus.DefaultTestCase| citrus.test.name = HttpRESTStubTests.getUserStubParametrizedTest
22:20:42,049 DEBUG trus.DefaultTestCase| project.name = Citrus Integration Tests
22:20:42,049 DEBUG trus.DefaultTestCase| userId = 35
22:20:42,049 DEBUG trus.DefaultTestCase| citrus_message_replyTo_citrus_message_correlator_httpRESTClient = http://localhost:8080/user/get/21
22:20:42,049 DEBUG trus.DefaultTestCase| url = http://localhost:8080/user
22:20:42,049 DEBUG trus.DefaultTestCase| default.test.package = citrus
22:20:42,049 DEBUG  context.TestContext| Setting variable: citrus.test.name with value: 'HttpRESTStubTests.getUserStubParametrizedTest'
22:20:42,049 DEBUG  context.TestContext| Setting variable: citrus.test.package with value: 'citrus'
22:20:42,049 DEBUG trus.DefaultTestCase| Test variables:
22:20:42,049 DEBUG trus.DefaultTestCase| citrus_message_correlator_httpRESTClient = citrus_message_id = '3f26bc3d-50b4-444d-8eea-88abd6a2c9bd'
22:20:42,049 DEBUG trus.DefaultTestCase| default.test.author = Unknown
22:20:42,049 DEBUG trus.DefaultTestCase| citrus.test.package = citrus
22:20:42,049 DEBUG trus.DefaultTestCase| citrus.test.name = HttpRESTStubTests.getUserStubParametrizedTest
22:20:42,049 DEBUG trus.DefaultTestCase| project.name = Citrus Integration Tests
22:20:42,049 DEBUG trus.DefaultTestCase| userId = 35
22:20:42,049 DEBUG trus.DefaultTestCase| citrus_message_replyTo_citrus_message_correlator_httpRESTClient = http://localhost:8080/user/get/21
22:20:42,049 DEBUG trus.DefaultTestCase| url = http://localhost:8080/user
22:20:42,049 DEBUG trus.DefaultTestCase| default.test.package = citrus
22:20:42,049 INFO  port.LoggingReporter| 
22:20:42,049 DEBUG port.LoggingReporter| TEST STEP 43: send
22:20:42,049 DEBUG ltCorrelationManager| Saving correlation key for 'citrus_message_correlator_httpRESTClient'
22:20:42,049 DEBUG  context.TestContext| Setting variable: citrus_message_correlator_httpRESTClient with value: 'citrus_message_id = 'c35deae8-afba-4a9d-bfbe-daaf68ab13b3''
22:20:42,049 DEBUG  context.TestContext| Setting variable: citrus_message_replyTo_citrus_message_correlator_httpRESTClient with value: 'http://localhost:8080/user/get/22'
22:20:42,049 INFO     client.HttpClient| Sending HTTP message to: 'http://localhost:8080/user/get/22'
22:20:42,049 DEBUG    client.HttpClient| Message to send:

22:20:42,049 DEBUG aultHttpHeaderMapper| outboundHeaderNames=[Accept, Accept-Charset, Accept-Encoding, Accept-Language, Accept-Ranges, Authorization, Cache-Control, Connection, Content-Length, Content-Type, Cookie, Date, Expect, From, Host, If-Match, If-Modified-Since, If-None-Match, If-Range, If-Unmodified-Since, Max-Forwards, Pragma, Proxy-Authorization, Range, Referer, TE, Upgrade, User-Agent, Via, Warning]
22:20:42,049 DEBUG aultHttpHeaderMapper| headerName=[citrus_message_timestamp] WILL NOT be mapped
22:20:42,049 DEBUG aultHttpHeaderMapper| headerName=[citrus_message_type] WILL NOT be mapped
22:20:42,049 DEBUG aultHttpHeaderMapper| headerName=[citrus_request_path] WILL NOT be mapped
22:20:42,049 DEBUG aultHttpHeaderMapper| headerName=[citrus_http_request_uri] WILL NOT be mapped
22:20:42,049 DEBUG aultHttpHeaderMapper| headerName=[id] WILL NOT be mapped
22:20:42,049 DEBUG aultHttpHeaderMapper| headerName=[citrus_message_id] WILL NOT be mapped
22:20:42,049 DEBUG aultHttpHeaderMapper| headerName=[citrus_http_method] WILL NOT be mapped
22:20:42,049 DEBUG aultHttpHeaderMapper| headerName=[timestamp] WILL NOT be mapped
22:20:42,049 DEBUG  client.RestTemplate| HTTP GET http://localhost:8080/user/get/22
22:20:42,050 DEBUG  client.RestTemplate| Accept=[text/plain, application/json, application/*+json, */*]
22:20:42,050 DEBUG ingClientInterceptor| Sending Http request message
22:20:42,051 DEBUG   Logger.Message_OUT| RAWMESSAGE [id: 7ded1fe7-eaa3-4a7c-adaa-2ee50b8f70da, payload: GET http://localhost:8080/user/get/22
Accept:text/plain, application/json, application/*+json, */*
Content-Type:application/json;charset=UTF-8
Content-Length:0][headers: {citrus_message_id=7ded1fe7-eaa3-4a7c-adaa-2ee50b8f70da, citrus_message_timestamp=1689189642050}]
22:20:42,051 DEBUG ol.RequestAddCookies| CookieSpec selected: default
22:20:42,051 DEBUG col.RequestAuthCache| Auth cache not set in the context
22:20:42,051 DEBUG entConnectionManager| Connection request: [route: {}->http://localhost:8080][total available: 1; route allocated: 1 of 5; total allocated: 1 of 10]
22:20:42,051 DEBUG entConnectionManager| Connection leased: [id: 0][route: {}->http://localhost:8080][total available: 0; route allocated: 1 of 5; total allocated: 1 of 10]
22:20:42,051 DEBUG HttpClientConnection| http-outgoing-0: set socket timeout to 0
22:20:42,051 DEBUG chain.MainClientExec| Executing request GET /user/get/22 HTTP/1.1
22:20:42,051 DEBUG chain.MainClientExec| Target auth state: UNCHALLENGED
22:20:42,051 DEBUG chain.MainClientExec| Proxy auth state: UNCHALLENGED
22:20:42,051 DEBUG         http.headers| http-outgoing-0 >> GET /user/get/22 HTTP/1.1
22:20:42,051 DEBUG         http.headers| http-outgoing-0 >> Accept: text/plain, application/json, application/*+json, */*
22:20:42,051 DEBUG         http.headers| http-outgoing-0 >> Content-Type: application/json;charset=UTF-8
22:20:42,051 DEBUG         http.headers| http-outgoing-0 >> Host: localhost:8080
22:20:42,051 DEBUG         http.headers| http-outgoing-0 >> Connection: Keep-Alive
22:20:42,051 DEBUG         http.headers| http-outgoing-0 >> User-Agent: Apache-HttpClient/4.5.13 (Java/11.0.16)
22:20:42,051 DEBUG         http.headers| http-outgoing-0 >> Accept-Encoding: gzip,deflate
22:20:42,051 DEBUG            http.wire| http-outgoing-0 >> "GET /user/get/22 HTTP/1.1[\r][\n]"
22:20:42,051 DEBUG            http.wire| http-outgoing-0 >> "Accept: text/plain, application/json, application/*+json, */*[\r][\n]"
22:20:42,051 DEBUG            http.wire| http-outgoing-0 >> "Content-Type: application/json;charset=UTF-8[\r][\n]"
22:20:42,051 DEBUG            http.wire| http-outgoing-0 >> "Host: localhost:8080[\r][\n]"
22:20:42,051 DEBUG            http.wire| http-outgoing-0 >> "Connection: Keep-Alive[\r][\n]"
22:20:42,051 DEBUG            http.wire| http-outgoing-0 >> "User-Agent: Apache-HttpClient/4.5.13 (Java/11.0.16)[\r][\n]"
22:20:42,051 DEBUG            http.wire| http-outgoing-0 >> "Accept-Encoding: gzip,deflate[\r][\n]"
22:20:42,051 DEBUG            http.wire| http-outgoing-0 >> "[\r][\n]"
22:20:42,052 DEBUG            http.wire| http-outgoing-0 << "HTTP/1.1 200 [\r][\n]"
22:20:42,052 DEBUG            http.wire| http-outgoing-0 << "Content-Type: application/json[\r][\n]"
22:20:42,052 DEBUG            http.wire| http-outgoing-0 << "Transfer-Encoding: chunked[\r][\n]"
22:20:42,052 DEBUG            http.wire| http-outgoing-0 << "Date: Wed, 12 Jul 2023 19:20:41 GMT[\r][\n]"
22:20:42,052 DEBUG            http.wire| http-outgoing-0 << "Keep-Alive: timeout=60[\r][\n]"
22:20:42,052 DEBUG            http.wire| http-outgoing-0 << "Connection: keep-alive[\r][\n]"
22:20:42,052 DEBUG            http.wire| http-outgoing-0 << "[\r][\n]"
22:20:42,052 DEBUG            http.wire| http-outgoing-0 << "88[\r][\n]"
22:20:42,052 DEBUG            http.wire| http-outgoing-0 << "{"userId":22,"name":"Marline Mertz","course":"Lead Markets Liaison","email":"22@qa.ru","age":73,"mark":{"name":"Course mark","score":8}}[\r][\n]"
22:20:42,052 DEBUG         http.headers| http-outgoing-0 << HTTP/1.1 200 
22:20:42,052 DEBUG         http.headers| http-outgoing-0 << Content-Type: application/json
22:20:42,052 DEBUG         http.headers| http-outgoing-0 << Transfer-Encoding: chunked
22:20:42,052 DEBUG         http.headers| http-outgoing-0 << Date: Wed, 12 Jul 2023 19:20:41 GMT
22:20:42,052 DEBUG         http.headers| http-outgoing-0 << Keep-Alive: timeout=60
22:20:42,052 DEBUG         http.headers| http-outgoing-0 << Connection: keep-alive
22:20:42,052 DEBUG chain.MainClientExec| Connection can be kept alive for 60000 MILLISECONDS
22:20:42,053 DEBUG            http.wire| http-outgoing-0 << "0[\r][\n]"
22:20:42,053 DEBUG            http.wire| http-outgoing-0 << "[\r][\n]"
22:20:42,053 DEBUG entConnectionManager| Connection [id: 0][route: {}->http://localhost:8080] can be kept alive for 60.0 seconds
22:20:42,053 DEBUG HttpClientConnection| http-outgoing-0: set socket timeout to 0
22:20:42,053 DEBUG entConnectionManager| Connection released: [id: 0][route: {}->http://localhost:8080][total available: 1; route allocated: 1 of 5; total allocated: 1 of 10]
22:20:42,053 DEBUG ingClientInterceptor| Received Http response message
22:20:42,054 DEBUG    Logger.Message_IN| RAWMESSAGE [id: 0fe02335-90e8-4995-81e1-032fc50f6a91, payload: HTTP/1.1 200 OK 
Content-Type:application/json
Transfer-Encoding:chunked
Date:Wed, 12 Jul 2023 19:20:41 GMT
Keep-Alive:timeout=60
Connection:keep-alive

{"userId":22,"name":"Marline Mertz","course":"Lead Markets Liaison","email":"22@qa.ru","age":73,"mark":{"name":"Course mark","score":8}}][headers: {citrus_message_id=0fe02335-90e8-4995-81e1-032fc50f6a91, citrus_message_timestamp=1689189642053}]
22:20:42,054 DEBUG  client.RestTemplate| Response 200 OK
22:20:42,054 DEBUG  client.RestTemplate| Reading to [java.lang.String] as "application/json"
22:20:42,054 INFO     client.HttpClient| HTTP message was sent to endpoint: 'http://localhost:8080/user/get/22'
22:20:42,054 DEBUG aultHttpHeaderMapper| inboundHeaderNames=[Accept-Ranges, Age, Allow, Cache-Control, Connection, Content-Encoding, Content-Language, Content-Length, Content-Location, Content-MD5, Content-Range, Content-Type, Content-Disposition, Transfer-Encoding, Date, ETag, Expires, Last-Modified, Location, Pragma, Proxy-Authenticate, Refresh, Retry-After, Server, Set-Cookie, Trailer, Vary, Via, Warning, WWW-Authenticate]
22:20:42,054 DEBUG aultHttpHeaderMapper| headerName=[content-type] WILL be mapped, matched pattern=content-type
22:20:42,054 DEBUG aultHttpHeaderMapper| setting headerName=[contentType], value=application/json
22:20:42,054 DEBUG aultHttpHeaderMapper| headerName=[transfer-encoding] WILL be mapped, matched pattern=transfer-encoding
22:20:42,054 DEBUG aultHttpHeaderMapper| setting headerName=[Transfer-Encoding], value=[chunked]
22:20:42,054 DEBUG aultHttpHeaderMapper| headerName=[date] WILL be mapped, matched pattern=date
22:20:42,054 DEBUG aultHttpHeaderMapper| setting headerName=[Date], value=1 689 189 641 000
22:20:42,054 DEBUG aultHttpHeaderMapper| headerName=[keep-alive] WILL NOT be mapped
22:20:42,054 DEBUG aultHttpHeaderMapper| headerName=[connection] WILL be mapped, matched pattern=connection
22:20:42,054 DEBUG aultHttpHeaderMapper| setting headerName=[Connection], value=[keep-alive]
22:20:42,054 DEBUG ltCorrelationManager| Saving correlated object for 'citrus_message_id = 'c35deae8-afba-4a9d-bfbe-daaf68ab13b3''
22:20:42,054 INFO  port.LoggingReporter| 
22:20:42,054 DEBUG port.LoggingReporter| TEST STEP 43 SUCCESS
22:20:42,055 INFO  port.LoggingReporter| 
22:20:42,055 DEBUG port.LoggingReporter| TEST STEP 44: receive
22:20:42,055 DEBUG ngCorrelationManager| Get correlation key for 'citrus_message_correlator_httpRESTClient'
22:20:42,055 DEBUG ltCorrelationManager| Finding correlated object for 'citrus_message_id = 'c35deae8-afba-4a9d-bfbe-daaf68ab13b3''
22:20:42,055 DEBUG ageValidatorRegistry| Found 4 message validators for message
22:20:42,056 DEBUG ssageHeaderValidator| Start message header validation ...
22:20:42,056 DEBUG faultHeaderValidator| Validating header element: citrus_http_reason_phrase='OK': OK.
22:20:42,056 DEBUG faultHeaderValidator| Validating header element: citrus_http_status_code='200': OK.
22:20:42,056 INFO  ssageHeaderValidator| Message header validation successful: All values OK
22:20:42,056 DEBUG TextMessageValidator| Start JSON message validation ...
22:20:42,056 DEBUG JsonSchemaValidation| Starting Json schema validation ...
22:20:42,056 INFO  JsonSchemaValidation| Json schema validation successful: All values OK
22:20:42,056 DEBUG TextMessageValidator| Received message:
HTTPMESSAGE [id: f1acd1a8-f2ef-4d6b-afdc-ea38711c37ce, payload: {"userId":22,"name":"Marline Mertz","course":"Lead Markets Liaison","email":"22@qa.ru","age":73,"mark":{"name":"Course mark","score":8}}][headers: {Transfer-Encoding=chunked, Connection=keep-alive, contentType=application/json, Date=1689189641000, citrus_message_id=f1acd1a8-f2ef-4d6b-afdc-ea38711c37ce, citrus_message_timestamp=1689189642054, Keep-Alive=timeout=60, Content-Type=application/json, citrus_http_status_code=200, citrus_http_reason_phrase=OK, citrus_http_version=HTTP/1.1}]
22:20:42,056 DEBUG TextMessageValidator| Control message:
HTTPMESSAGE [id: 39c938e6-f308-4f25-9fd0-a9e3ff3777ba, payload: {"userId":22,"email":"@contains('@qa.ru')@","name":"@matches('^[a-zA-Z\\s\\.]*$')@","course":"@matches('^[a-zA-Z\\s]*$')@","age":"@isNumber()@","mark":{"name":"@contains('Course mark')@","score":"@isNumber()@"}}][headers: {citrus_message_id=39c938e6-f308-4f25-9fd0-a9e3ff3777ba, citrus_message_timestamp=1689189642054, citrus_http_reason_phrase=OK, citrus_http_status_code=200, citrus_message_type=JSON}]
22:20:42,056 DEBUG TextMessageValidator| Validation successful for JSON entry 'name' (@matches('^[a-zA-Z\s\.]*$')@)
22:20:42,056 DEBUG TextMessageValidator| Validation successful for JSON entry 'course' (@matches('^[a-zA-Z\s]*$')@)
22:20:42,056 DEBUG TextMessageValidator| Validation successful for JSON entry 'userId' (22)
22:20:42,056 DEBUG TextMessageValidator| Validation successful for JSON entry 'email' (@contains('@qa.ru')@)
22:20:42,056 DEBUG TextMessageValidator| Validation successful for JSON entry 'age' (@isNumber()@)
22:20:42,056 DEBUG TextMessageValidator| Validation successful for JSON entry 'score' (@isNumber()@)
22:20:42,056 DEBUG TextMessageValidator| Validation successful for JSON entry 'name' (@contains('Course mark')@)
22:20:42,056 DEBUG TextMessageValidator| Validation successful for JSON entry 'mark' ({"score":"@isNumber()@","name":"@contains('Course mark')@"})
22:20:42,056 INFO  TextMessageValidator| JSON message validation successful: All values OK
22:20:42,056 INFO  port.LoggingReporter| 
22:20:42,056 DEBUG port.LoggingReporter| TEST STEP 44 SUCCESS
]]></system-out>
  </testcase>
  <testcase name="getUserStubParametrizedTest(int)[23]" classname="citrus.HttpRESTStubTests" time="0.01">
    <system-out><![CDATA[22:20:42,059 INFO  port.LoggingReporter| 
22:20:42,059 INFO  port.LoggingReporter| ------------------------------------------------------------------------
22:20:42,059 DEBUG port.LoggingReporter| STARTING TEST HttpRESTStubTests.getUserStubParametrizedTest <citrus>
22:20:42,059 INFO  port.LoggingReporter| 
22:20:42,059 DEBUG trus.DefaultTestCase| Initializing test case
22:20:42,059 DEBUG trus.DefaultTestCase| Global variables:
22:20:42,059 DEBUG trus.DefaultTestCase| citrus_message_correlator_httpRESTClient = citrus_message_id = 'c35deae8-afba-4a9d-bfbe-daaf68ab13b3'
22:20:42,059 DEBUG trus.DefaultTestCase| default.test.author = Unknown
22:20:42,059 DEBUG trus.DefaultTestCase| citrus.test.package = citrus
22:20:42,059 DEBUG trus.DefaultTestCase| citrus.test.name = HttpRESTStubTests.getUserStubParametrizedTest
22:20:42,059 DEBUG trus.DefaultTestCase| project.name = Citrus Integration Tests
22:20:42,059 DEBUG trus.DefaultTestCase| userId = 35
22:20:42,059 DEBUG trus.DefaultTestCase| citrus_message_replyTo_citrus_message_correlator_httpRESTClient = http://localhost:8080/user/get/22
22:20:42,059 DEBUG trus.DefaultTestCase| url = http://localhost:8080/user
22:20:42,059 DEBUG trus.DefaultTestCase| default.test.package = citrus
22:20:42,059 DEBUG  context.TestContext| Setting variable: citrus.test.name with value: 'HttpRESTStubTests.getUserStubParametrizedTest'
22:20:42,059 DEBUG  context.TestContext| Setting variable: citrus.test.package with value: 'citrus'
22:20:42,059 DEBUG trus.DefaultTestCase| Test variables:
22:20:42,059 DEBUG trus.DefaultTestCase| citrus_message_correlator_httpRESTClient = citrus_message_id = 'c35deae8-afba-4a9d-bfbe-daaf68ab13b3'
22:20:42,059 DEBUG trus.DefaultTestCase| default.test.author = Unknown
22:20:42,059 DEBUG trus.DefaultTestCase| citrus.test.package = citrus
22:20:42,059 DEBUG trus.DefaultTestCase| citrus.test.name = HttpRESTStubTests.getUserStubParametrizedTest
22:20:42,059 DEBUG trus.DefaultTestCase| project.name = Citrus Integration Tests
22:20:42,059 DEBUG trus.DefaultTestCase| userId = 35
22:20:42,059 DEBUG trus.DefaultTestCase| citrus_message_replyTo_citrus_message_correlator_httpRESTClient = http://localhost:8080/user/get/22
22:20:42,059 DEBUG trus.DefaultTestCase| url = http://localhost:8080/user
22:20:42,059 DEBUG trus.DefaultTestCase| default.test.package = citrus
22:20:42,059 INFO  port.LoggingReporter| 
22:20:42,059 DEBUG port.LoggingReporter| TEST STEP 45: send
22:20:42,060 DEBUG ltCorrelationManager| Saving correlation key for 'citrus_message_correlator_httpRESTClient'
22:20:42,060 DEBUG  context.TestContext| Setting variable: citrus_message_correlator_httpRESTClient with value: 'citrus_message_id = 'e79b8dde-9b2d-457a-9cac-61d48206c854''
22:20:42,060 DEBUG  context.TestContext| Setting variable: citrus_message_replyTo_citrus_message_correlator_httpRESTClient with value: 'http://localhost:8080/user/get/23'
22:20:42,060 INFO     client.HttpClient| Sending HTTP message to: 'http://localhost:8080/user/get/23'
22:20:42,060 DEBUG    client.HttpClient| Message to send:

22:20:42,060 DEBUG aultHttpHeaderMapper| outboundHeaderNames=[Accept, Accept-Charset, Accept-Encoding, Accept-Language, Accept-Ranges, Authorization, Cache-Control, Connection, Content-Length, Content-Type, Cookie, Date, Expect, From, Host, If-Match, If-Modified-Since, If-None-Match, If-Range, If-Unmodified-Since, Max-Forwards, Pragma, Proxy-Authorization, Range, Referer, TE, Upgrade, User-Agent, Via, Warning]
22:20:42,060 DEBUG aultHttpHeaderMapper| headerName=[citrus_message_timestamp] WILL NOT be mapped
22:20:42,060 DEBUG aultHttpHeaderMapper| headerName=[citrus_message_type] WILL NOT be mapped
22:20:42,060 DEBUG aultHttpHeaderMapper| headerName=[citrus_request_path] WILL NOT be mapped
22:20:42,060 DEBUG aultHttpHeaderMapper| headerName=[citrus_http_request_uri] WILL NOT be mapped
22:20:42,060 DEBUG aultHttpHeaderMapper| headerName=[id] WILL NOT be mapped
22:20:42,060 DEBUG aultHttpHeaderMapper| headerName=[citrus_message_id] WILL NOT be mapped
22:20:42,060 DEBUG aultHttpHeaderMapper| headerName=[citrus_http_method] WILL NOT be mapped
22:20:42,060 DEBUG aultHttpHeaderMapper| headerName=[timestamp] WILL NOT be mapped
22:20:42,060 DEBUG  client.RestTemplate| HTTP GET http://localhost:8080/user/get/23
22:20:42,060 DEBUG  client.RestTemplate| Accept=[text/plain, application/json, application/*+json, */*]
22:20:42,060 DEBUG ingClientInterceptor| Sending Http request message
22:20:42,061 DEBUG   Logger.Message_OUT| RAWMESSAGE [id: 5d1c97ac-42b2-4731-9e8d-eba145ca05ef, payload: GET http://localhost:8080/user/get/23
Accept:text/plain, application/json, application/*+json, */*
Content-Type:application/json;charset=UTF-8
Content-Length:0][headers: {citrus_message_id=5d1c97ac-42b2-4731-9e8d-eba145ca05ef, citrus_message_timestamp=1689189642060}]
22:20:42,061 DEBUG ol.RequestAddCookies| CookieSpec selected: default
22:20:42,061 DEBUG col.RequestAuthCache| Auth cache not set in the context
22:20:42,061 DEBUG entConnectionManager| Connection request: [route: {}->http://localhost:8080][total available: 1; route allocated: 1 of 5; total allocated: 1 of 10]
22:20:42,061 DEBUG entConnectionManager| Connection leased: [id: 0][route: {}->http://localhost:8080][total available: 0; route allocated: 1 of 5; total allocated: 1 of 10]
22:20:42,061 DEBUG HttpClientConnection| http-outgoing-0: set socket timeout to 0
22:20:42,061 DEBUG chain.MainClientExec| Executing request GET /user/get/23 HTTP/1.1
22:20:42,061 DEBUG chain.MainClientExec| Target auth state: UNCHALLENGED
22:20:42,061 DEBUG chain.MainClientExec| Proxy auth state: UNCHALLENGED
22:20:42,061 DEBUG         http.headers| http-outgoing-0 >> GET /user/get/23 HTTP/1.1
22:20:42,061 DEBUG         http.headers| http-outgoing-0 >> Accept: text/plain, application/json, application/*+json, */*
22:20:42,061 DEBUG         http.headers| http-outgoing-0 >> Content-Type: application/json;charset=UTF-8
22:20:42,061 DEBUG         http.headers| http-outgoing-0 >> Host: localhost:8080
22:20:42,061 DEBUG         http.headers| http-outgoing-0 >> Connection: Keep-Alive
22:20:42,061 DEBUG         http.headers| http-outgoing-0 >> User-Agent: Apache-HttpClient/4.5.13 (Java/11.0.16)
22:20:42,061 DEBUG         http.headers| http-outgoing-0 >> Accept-Encoding: gzip,deflate
22:20:42,061 DEBUG            http.wire| http-outgoing-0 >> "GET /user/get/23 HTTP/1.1[\r][\n]"
22:20:42,062 DEBUG            http.wire| http-outgoing-0 >> "Accept: text/plain, application/json, application/*+json, */*[\r][\n]"
22:20:42,062 DEBUG            http.wire| http-outgoing-0 >> "Content-Type: application/json;charset=UTF-8[\r][\n]"
22:20:42,062 DEBUG            http.wire| http-outgoing-0 >> "Host: localhost:8080[\r][\n]"
22:20:42,062 DEBUG            http.wire| http-outgoing-0 >> "Connection: Keep-Alive[\r][\n]"
22:20:42,062 DEBUG            http.wire| http-outgoing-0 >> "User-Agent: Apache-HttpClient/4.5.13 (Java/11.0.16)[\r][\n]"
22:20:42,062 DEBUG            http.wire| http-outgoing-0 >> "Accept-Encoding: gzip,deflate[\r][\n]"
22:20:42,062 DEBUG            http.wire| http-outgoing-0 >> "[\r][\n]"
22:20:42,062 DEBUG            http.wire| http-outgoing-0 << "HTTP/1.1 200 [\r][\n]"
22:20:42,062 DEBUG            http.wire| http-outgoing-0 << "Content-Type: application/json[\r][\n]"
22:20:42,062 DEBUG            http.wire| http-outgoing-0 << "Transfer-Encoding: chunked[\r][\n]"
22:20:42,062 DEBUG            http.wire| http-outgoing-0 << "Date: Wed, 12 Jul 2023 19:20:41 GMT[\r][\n]"
22:20:42,062 DEBUG            http.wire| http-outgoing-0 << "Keep-Alive: timeout=60[\r][\n]"
22:20:42,063 DEBUG            http.wire| http-outgoing-0 << "Connection: keep-alive[\r][\n]"
22:20:42,063 DEBUG            http.wire| http-outgoing-0 << "[\r][\n]"
22:20:42,063 DEBUG            http.wire| http-outgoing-0 << "90[\r][\n]"
22:20:42,063 DEBUG            http.wire| http-outgoing-0 << "{"userId":23,"name":"Miss Eda Reichert","course":"Dynamic Accounts Planner","email":"23@qa.ru","age":65,"mark":{"name":"Course mark","score":0}}[\r][\n]"
22:20:42,063 DEBUG         http.headers| http-outgoing-0 << HTTP/1.1 200 
22:20:42,063 DEBUG         http.headers| http-outgoing-0 << Content-Type: application/json
22:20:42,063 DEBUG         http.headers| http-outgoing-0 << Transfer-Encoding: chunked
22:20:42,063 DEBUG         http.headers| http-outgoing-0 << Date: Wed, 12 Jul 2023 19:20:41 GMT
22:20:42,063 DEBUG         http.headers| http-outgoing-0 << Keep-Alive: timeout=60
22:20:42,063 DEBUG         http.headers| http-outgoing-0 << Connection: keep-alive
22:20:42,063 DEBUG chain.MainClientExec| Connection can be kept alive for 60000 MILLISECONDS
22:20:42,063 DEBUG            http.wire| http-outgoing-0 << "0[\r][\n]"
22:20:42,063 DEBUG            http.wire| http-outgoing-0 << "[\r][\n]"
22:20:42,063 DEBUG entConnectionManager| Connection [id: 0][route: {}->http://localhost:8080] can be kept alive for 60.0 seconds
22:20:42,063 DEBUG HttpClientConnection| http-outgoing-0: set socket timeout to 0
22:20:42,063 DEBUG entConnectionManager| Connection released: [id: 0][route: {}->http://localhost:8080][total available: 1; route allocated: 1 of 5; total allocated: 1 of 10]
22:20:42,063 DEBUG ingClientInterceptor| Received Http response message
22:20:42,064 DEBUG    Logger.Message_IN| RAWMESSAGE [id: 17f39de2-df7e-4665-a0b7-65f89a26bfb4, payload: HTTP/1.1 200 OK 
Content-Type:application/json
Transfer-Encoding:chunked
Date:Wed, 12 Jul 2023 19:20:41 GMT
Keep-Alive:timeout=60
Connection:keep-alive

{"userId":23,"name":"Miss Eda Reichert","course":"Dynamic Accounts Planner","email":"23@qa.ru","age":65,"mark":{"name":"Course mark","score":0}}][headers: {citrus_message_id=17f39de2-df7e-4665-a0b7-65f89a26bfb4, citrus_message_timestamp=1689189642063}]
22:20:42,064 DEBUG  client.RestTemplate| Response 200 OK
22:20:42,064 DEBUG  client.RestTemplate| Reading to [java.lang.String] as "application/json"
22:20:42,064 INFO     client.HttpClient| HTTP message was sent to endpoint: 'http://localhost:8080/user/get/23'
22:20:42,064 DEBUG aultHttpHeaderMapper| inboundHeaderNames=[Accept-Ranges, Age, Allow, Cache-Control, Connection, Content-Encoding, Content-Language, Content-Length, Content-Location, Content-MD5, Content-Range, Content-Type, Content-Disposition, Transfer-Encoding, Date, ETag, Expires, Last-Modified, Location, Pragma, Proxy-Authenticate, Refresh, Retry-After, Server, Set-Cookie, Trailer, Vary, Via, Warning, WWW-Authenticate]
22:20:42,064 DEBUG aultHttpHeaderMapper| headerName=[content-type] WILL be mapped, matched pattern=content-type
22:20:42,064 DEBUG aultHttpHeaderMapper| setting headerName=[contentType], value=application/json
22:20:42,064 DEBUG aultHttpHeaderMapper| headerName=[transfer-encoding] WILL be mapped, matched pattern=transfer-encoding
22:20:42,064 DEBUG aultHttpHeaderMapper| setting headerName=[Transfer-Encoding], value=[chunked]
22:20:42,064 DEBUG aultHttpHeaderMapper| headerName=[date] WILL be mapped, matched pattern=date
22:20:42,065 DEBUG aultHttpHeaderMapper| setting headerName=[Date], value=1 689 189 641 000
22:20:42,065 DEBUG aultHttpHeaderMapper| headerName=[keep-alive] WILL NOT be mapped
22:20:42,065 DEBUG aultHttpHeaderMapper| headerName=[connection] WILL be mapped, matched pattern=connection
22:20:42,065 DEBUG aultHttpHeaderMapper| setting headerName=[Connection], value=[keep-alive]
22:20:42,065 DEBUG ltCorrelationManager| Saving correlated object for 'citrus_message_id = 'e79b8dde-9b2d-457a-9cac-61d48206c854''
22:20:42,065 INFO  port.LoggingReporter| 
22:20:42,065 DEBUG port.LoggingReporter| TEST STEP 45 SUCCESS
22:20:42,065 INFO  port.LoggingReporter| 
22:20:42,065 DEBUG port.LoggingReporter| TEST STEP 46: receive
22:20:42,065 DEBUG ngCorrelationManager| Get correlation key for 'citrus_message_correlator_httpRESTClient'
22:20:42,065 DEBUG ltCorrelationManager| Finding correlated object for 'citrus_message_id = 'e79b8dde-9b2d-457a-9cac-61d48206c854''
22:20:42,066 DEBUG ageValidatorRegistry| Found 4 message validators for message
22:20:42,066 DEBUG ssageHeaderValidator| Start message header validation ...
22:20:42,066 DEBUG faultHeaderValidator| Validating header element: citrus_http_reason_phrase='OK': OK.
22:20:42,066 DEBUG faultHeaderValidator| Validating header element: citrus_http_status_code='200': OK.
22:20:42,066 INFO  ssageHeaderValidator| Message header validation successful: All values OK
22:20:42,066 DEBUG TextMessageValidator| Start JSON message validation ...
22:20:42,066 DEBUG JsonSchemaValidation| Starting Json schema validation ...
22:20:42,066 INFO  JsonSchemaValidation| Json schema validation successful: All values OK
22:20:42,066 DEBUG TextMessageValidator| Received message:
HTTPMESSAGE [id: 2012f793-a979-4570-b404-dcb74abd6e8f, payload: {"userId":23,"name":"Miss Eda Reichert","course":"Dynamic Accounts Planner","email":"23@qa.ru","age":65,"mark":{"name":"Course mark","score":0}}][headers: {Transfer-Encoding=chunked, Connection=keep-alive, contentType=application/json, Date=1689189641000, citrus_message_id=2012f793-a979-4570-b404-dcb74abd6e8f, citrus_message_timestamp=1689189642065, Keep-Alive=timeout=60, Content-Type=application/json, citrus_http_status_code=200, citrus_http_reason_phrase=OK, citrus_http_version=HTTP/1.1}]
22:20:42,066 DEBUG TextMessageValidator| Control message:
HTTPMESSAGE [id: 0a394f0b-4604-494d-843b-8181a74c29fc, payload: {"userId":23,"email":"@contains('@qa.ru')@","name":"@matches('^[a-zA-Z\\s\\.]*$')@","course":"@matches('^[a-zA-Z\\s]*$')@","age":"@isNumber()@","mark":{"name":"@contains('Course mark')@","score":"@isNumber()@"}}][headers: {citrus_message_id=0a394f0b-4604-494d-843b-8181a74c29fc, citrus_message_timestamp=1689189642065, citrus_http_reason_phrase=OK, citrus_http_status_code=200, citrus_message_type=JSON}]
22:20:42,066 DEBUG TextMessageValidator| Validation successful for JSON entry 'name' (@matches('^[a-zA-Z\s\.]*$')@)
22:20:42,066 DEBUG TextMessageValidator| Validation successful for JSON entry 'course' (@matches('^[a-zA-Z\s]*$')@)
22:20:42,066 DEBUG TextMessageValidator| Validation successful for JSON entry 'userId' (23)
22:20:42,066 DEBUG TextMessageValidator| Validation successful for JSON entry 'email' (@contains('@qa.ru')@)
22:20:42,066 DEBUG TextMessageValidator| Validation successful for JSON entry 'age' (@isNumber()@)
22:20:42,066 DEBUG TextMessageValidator| Validation successful for JSON entry 'score' (@isNumber()@)
22:20:42,066 DEBUG TextMessageValidator| Validation successful for JSON entry 'name' (@contains('Course mark')@)
22:20:42,066 DEBUG TextMessageValidator| Validation successful for JSON entry 'mark' ({"score":"@isNumber()@","name":"@contains('Course mark')@"})
22:20:42,066 INFO  TextMessageValidator| JSON message validation successful: All values OK
22:20:42,066 INFO  port.LoggingReporter| 
22:20:42,066 DEBUG port.LoggingReporter| TEST STEP 46 SUCCESS
]]></system-out>
  </testcase>
  <testcase name="getUserStubParametrizedTest(int)[24]" classname="citrus.HttpRESTStubTests" time="0.012">
    <system-out><![CDATA[22:20:42,069 INFO  port.LoggingReporter| 
22:20:42,070 INFO  port.LoggingReporter| ------------------------------------------------------------------------
22:20:42,070 DEBUG port.LoggingReporter| STARTING TEST HttpRESTStubTests.getUserStubParametrizedTest <citrus>
22:20:42,070 INFO  port.LoggingReporter| 
22:20:42,070 DEBUG trus.DefaultTestCase| Initializing test case
22:20:42,070 DEBUG trus.DefaultTestCase| Global variables:
22:20:42,070 DEBUG trus.DefaultTestCase| citrus_message_correlator_httpRESTClient = citrus_message_id = 'e79b8dde-9b2d-457a-9cac-61d48206c854'
22:20:42,070 DEBUG trus.DefaultTestCase| default.test.author = Unknown
22:20:42,070 DEBUG trus.DefaultTestCase| citrus.test.package = citrus
22:20:42,070 DEBUG trus.DefaultTestCase| citrus.test.name = HttpRESTStubTests.getUserStubParametrizedTest
22:20:42,070 DEBUG trus.DefaultTestCase| project.name = Citrus Integration Tests
22:20:42,070 DEBUG trus.DefaultTestCase| userId = 35
22:20:42,070 DEBUG trus.DefaultTestCase| citrus_message_replyTo_citrus_message_correlator_httpRESTClient = http://localhost:8080/user/get/23
22:20:42,070 DEBUG trus.DefaultTestCase| url = http://localhost:8080/user
22:20:42,070 DEBUG trus.DefaultTestCase| default.test.package = citrus
22:20:42,070 DEBUG  context.TestContext| Setting variable: citrus.test.name with value: 'HttpRESTStubTests.getUserStubParametrizedTest'
22:20:42,070 DEBUG  context.TestContext| Setting variable: citrus.test.package with value: 'citrus'
22:20:42,070 DEBUG trus.DefaultTestCase| Test variables:
22:20:42,070 DEBUG trus.DefaultTestCase| citrus_message_correlator_httpRESTClient = citrus_message_id = 'e79b8dde-9b2d-457a-9cac-61d48206c854'
22:20:42,070 DEBUG trus.DefaultTestCase| default.test.author = Unknown
22:20:42,070 DEBUG trus.DefaultTestCase| citrus.test.package = citrus
22:20:42,070 DEBUG trus.DefaultTestCase| citrus.test.name = HttpRESTStubTests.getUserStubParametrizedTest
22:20:42,070 DEBUG trus.DefaultTestCase| project.name = Citrus Integration Tests
22:20:42,070 DEBUG trus.DefaultTestCase| userId = 35
22:20:42,070 DEBUG trus.DefaultTestCase| citrus_message_replyTo_citrus_message_correlator_httpRESTClient = http://localhost:8080/user/get/23
22:20:42,070 DEBUG trus.DefaultTestCase| url = http://localhost:8080/user
22:20:42,070 DEBUG trus.DefaultTestCase| default.test.package = citrus
22:20:42,070 INFO  port.LoggingReporter| 
22:20:42,071 DEBUG port.LoggingReporter| TEST STEP 47: send
22:20:42,071 DEBUG ltCorrelationManager| Saving correlation key for 'citrus_message_correlator_httpRESTClient'
22:20:42,071 DEBUG  context.TestContext| Setting variable: citrus_message_correlator_httpRESTClient with value: 'citrus_message_id = '777549be-9d7c-4d9a-acc5-b3d3dd437574''
22:20:42,071 DEBUG  context.TestContext| Setting variable: citrus_message_replyTo_citrus_message_correlator_httpRESTClient with value: 'http://localhost:8080/user/get/24'
22:20:42,071 INFO     client.HttpClient| Sending HTTP message to: 'http://localhost:8080/user/get/24'
22:20:42,071 DEBUG    client.HttpClient| Message to send:

22:20:42,071 DEBUG aultHttpHeaderMapper| outboundHeaderNames=[Accept, Accept-Charset, Accept-Encoding, Accept-Language, Accept-Ranges, Authorization, Cache-Control, Connection, Content-Length, Content-Type, Cookie, Date, Expect, From, Host, If-Match, If-Modified-Since, If-None-Match, If-Range, If-Unmodified-Since, Max-Forwards, Pragma, Proxy-Authorization, Range, Referer, TE, Upgrade, User-Agent, Via, Warning]
22:20:42,071 DEBUG aultHttpHeaderMapper| headerName=[citrus_message_timestamp] WILL NOT be mapped
22:20:42,071 DEBUG aultHttpHeaderMapper| headerName=[citrus_message_type] WILL NOT be mapped
22:20:42,071 DEBUG aultHttpHeaderMapper| headerName=[citrus_request_path] WILL NOT be mapped
22:20:42,071 DEBUG aultHttpHeaderMapper| headerName=[citrus_http_request_uri] WILL NOT be mapped
22:20:42,071 DEBUG aultHttpHeaderMapper| headerName=[id] WILL NOT be mapped
22:20:42,071 DEBUG aultHttpHeaderMapper| headerName=[citrus_message_id] WILL NOT be mapped
22:20:42,071 DEBUG aultHttpHeaderMapper| headerName=[citrus_http_method] WILL NOT be mapped
22:20:42,071 DEBUG aultHttpHeaderMapper| headerName=[timestamp] WILL NOT be mapped
22:20:42,071 DEBUG  client.RestTemplate| HTTP GET http://localhost:8080/user/get/24
22:20:42,071 DEBUG  client.RestTemplate| Accept=[text/plain, application/json, application/*+json, */*]
22:20:42,071 DEBUG ingClientInterceptor| Sending Http request message
22:20:42,073 DEBUG   Logger.Message_OUT| RAWMESSAGE [id: 22b1a826-6e58-4152-bf8d-6b67574704df, payload: GET http://localhost:8080/user/get/24
Accept:text/plain, application/json, application/*+json, */*
Content-Type:application/json;charset=UTF-8
Content-Length:0][headers: {citrus_message_id=22b1a826-6e58-4152-bf8d-6b67574704df, citrus_message_timestamp=1689189642071}]
22:20:42,073 DEBUG ol.RequestAddCookies| CookieSpec selected: default
22:20:42,073 DEBUG col.RequestAuthCache| Auth cache not set in the context
22:20:42,073 DEBUG entConnectionManager| Connection request: [route: {}->http://localhost:8080][total available: 1; route allocated: 1 of 5; total allocated: 1 of 10]
22:20:42,073 DEBUG entConnectionManager| Connection leased: [id: 0][route: {}->http://localhost:8080][total available: 0; route allocated: 1 of 5; total allocated: 1 of 10]
22:20:42,073 DEBUG HttpClientConnection| http-outgoing-0: set socket timeout to 0
22:20:42,073 DEBUG chain.MainClientExec| Executing request GET /user/get/24 HTTP/1.1
22:20:42,073 DEBUG chain.MainClientExec| Target auth state: UNCHALLENGED
22:20:42,073 DEBUG chain.MainClientExec| Proxy auth state: UNCHALLENGED
22:20:42,073 DEBUG         http.headers| http-outgoing-0 >> GET /user/get/24 HTTP/1.1
22:20:42,073 DEBUG         http.headers| http-outgoing-0 >> Accept: text/plain, application/json, application/*+json, */*
22:20:42,073 DEBUG         http.headers| http-outgoing-0 >> Content-Type: application/json;charset=UTF-8
22:20:42,073 DEBUG         http.headers| http-outgoing-0 >> Host: localhost:8080
22:20:42,073 DEBUG         http.headers| http-outgoing-0 >> Connection: Keep-Alive
22:20:42,073 DEBUG         http.headers| http-outgoing-0 >> User-Agent: Apache-HttpClient/4.5.13 (Java/11.0.16)
22:20:42,073 DEBUG         http.headers| http-outgoing-0 >> Accept-Encoding: gzip,deflate
22:20:42,073 DEBUG            http.wire| http-outgoing-0 >> "GET /user/get/24 HTTP/1.1[\r][\n]"
22:20:42,074 DEBUG            http.wire| http-outgoing-0 >> "Accept: text/plain, application/json, application/*+json, */*[\r][\n]"
22:20:42,074 DEBUG            http.wire| http-outgoing-0 >> "Content-Type: application/json;charset=UTF-8[\r][\n]"
22:20:42,074 DEBUG            http.wire| http-outgoing-0 >> "Host: localhost:8080[\r][\n]"
22:20:42,074 DEBUG            http.wire| http-outgoing-0 >> "Connection: Keep-Alive[\r][\n]"
22:20:42,074 DEBUG            http.wire| http-outgoing-0 >> "User-Agent: Apache-HttpClient/4.5.13 (Java/11.0.16)[\r][\n]"
22:20:42,074 DEBUG            http.wire| http-outgoing-0 >> "Accept-Encoding: gzip,deflate[\r][\n]"
22:20:42,074 DEBUG            http.wire| http-outgoing-0 >> "[\r][\n]"
22:20:42,074 DEBUG            http.wire| http-outgoing-0 << "HTTP/1.1 200 [\r][\n]"
22:20:42,074 DEBUG            http.wire| http-outgoing-0 << "Content-Type: application/json[\r][\n]"
22:20:42,075 DEBUG            http.wire| http-outgoing-0 << "Transfer-Encoding: chunked[\r][\n]"
22:20:42,075 DEBUG            http.wire| http-outgoing-0 << "Date: Wed, 12 Jul 2023 19:20:41 GMT[\r][\n]"
22:20:42,075 DEBUG            http.wire| http-outgoing-0 << "Keep-Alive: timeout=60[\r][\n]"
22:20:42,075 DEBUG            http.wire| http-outgoing-0 << "Connection: keep-alive[\r][\n]"
22:20:42,075 DEBUG            http.wire| http-outgoing-0 << "[\r][\n]"
22:20:42,075 DEBUG            http.wire| http-outgoing-0 << "95[\r][\n]"
22:20:42,075 DEBUG            http.wire| http-outgoing-0 << "{"userId":24,"name":"Benny Hodkiewicz","course":"Dynamic Interactions Assistant","email":"24@qa.ru","age":47,"mark":{"name":"Course mark","score":5}}[\r][\n]"
22:20:42,075 DEBUG         http.headers| http-outgoing-0 << HTTP/1.1 200 
22:20:42,075 DEBUG         http.headers| http-outgoing-0 << Content-Type: application/json
22:20:42,075 DEBUG         http.headers| http-outgoing-0 << Transfer-Encoding: chunked
22:20:42,075 DEBUG         http.headers| http-outgoing-0 << Date: Wed, 12 Jul 2023 19:20:41 GMT
22:20:42,075 DEBUG         http.headers| http-outgoing-0 << Keep-Alive: timeout=60
22:20:42,075 DEBUG         http.headers| http-outgoing-0 << Connection: keep-alive
22:20:42,075 DEBUG chain.MainClientExec| Connection can be kept alive for 60000 MILLISECONDS
22:20:42,075 DEBUG            http.wire| http-outgoing-0 << "0[\r][\n]"
22:20:42,075 DEBUG            http.wire| http-outgoing-0 << "[\r][\n]"
22:20:42,075 DEBUG entConnectionManager| Connection [id: 0][route: {}->http://localhost:8080] can be kept alive for 60.0 seconds
22:20:42,075 DEBUG HttpClientConnection| http-outgoing-0: set socket timeout to 0
22:20:42,075 DEBUG entConnectionManager| Connection released: [id: 0][route: {}->http://localhost:8080][total available: 1; route allocated: 1 of 5; total allocated: 1 of 10]
22:20:42,075 DEBUG ingClientInterceptor| Received Http response message
22:20:42,077 DEBUG    Logger.Message_IN| RAWMESSAGE [id: 3629fb55-5a57-46e1-9377-c0967cf0f213, payload: HTTP/1.1 200 OK 
Content-Type:application/json
Transfer-Encoding:chunked
Date:Wed, 12 Jul 2023 19:20:41 GMT
Keep-Alive:timeout=60
Connection:keep-alive

{"userId":24,"name":"Benny Hodkiewicz","course":"Dynamic Interactions Assistant","email":"24@qa.ru","age":47,"mark":{"name":"Course mark","score":5}}][headers: {citrus_message_id=3629fb55-5a57-46e1-9377-c0967cf0f213, citrus_message_timestamp=1689189642075}]
22:20:42,077 DEBUG  client.RestTemplate| Response 200 OK
22:20:42,077 DEBUG  client.RestTemplate| Reading to [java.lang.String] as "application/json"
22:20:42,077 INFO     client.HttpClient| HTTP message was sent to endpoint: 'http://localhost:8080/user/get/24'
22:20:42,077 DEBUG aultHttpHeaderMapper| inboundHeaderNames=[Accept-Ranges, Age, Allow, Cache-Control, Connection, Content-Encoding, Content-Language, Content-Length, Content-Location, Content-MD5, Content-Range, Content-Type, Content-Disposition, Transfer-Encoding, Date, ETag, Expires, Last-Modified, Location, Pragma, Proxy-Authenticate, Refresh, Retry-After, Server, Set-Cookie, Trailer, Vary, Via, Warning, WWW-Authenticate]
22:20:42,077 DEBUG aultHttpHeaderMapper| headerName=[content-type] WILL be mapped, matched pattern=content-type
22:20:42,077 DEBUG aultHttpHeaderMapper| setting headerName=[contentType], value=application/json
22:20:42,077 DEBUG aultHttpHeaderMapper| headerName=[transfer-encoding] WILL be mapped, matched pattern=transfer-encoding
22:20:42,077 DEBUG aultHttpHeaderMapper| setting headerName=[Transfer-Encoding], value=[chunked]
22:20:42,077 DEBUG aultHttpHeaderMapper| headerName=[date] WILL be mapped, matched pattern=date
22:20:42,077 DEBUG aultHttpHeaderMapper| setting headerName=[Date], value=1 689 189 641 000
22:20:42,077 DEBUG aultHttpHeaderMapper| headerName=[keep-alive] WILL NOT be mapped
22:20:42,077 DEBUG aultHttpHeaderMapper| headerName=[connection] WILL be mapped, matched pattern=connection
22:20:42,077 DEBUG aultHttpHeaderMapper| setting headerName=[Connection], value=[keep-alive]
22:20:42,077 DEBUG ltCorrelationManager| Saving correlated object for 'citrus_message_id = '777549be-9d7c-4d9a-acc5-b3d3dd437574''
22:20:42,077 INFO  port.LoggingReporter| 
22:20:42,077 DEBUG port.LoggingReporter| TEST STEP 47 SUCCESS
22:20:42,078 INFO  port.LoggingReporter| 
22:20:42,078 DEBUG port.LoggingReporter| TEST STEP 48: receive
22:20:42,078 DEBUG ngCorrelationManager| Get correlation key for 'citrus_message_correlator_httpRESTClient'
22:20:42,078 DEBUG ltCorrelationManager| Finding correlated object for 'citrus_message_id = '777549be-9d7c-4d9a-acc5-b3d3dd437574''
22:20:42,079 DEBUG ageValidatorRegistry| Found 4 message validators for message
22:20:42,079 DEBUG ssageHeaderValidator| Start message header validation ...
22:20:42,079 DEBUG faultHeaderValidator| Validating header element: citrus_http_reason_phrase='OK': OK.
22:20:42,079 DEBUG faultHeaderValidator| Validating header element: citrus_http_status_code='200': OK.
22:20:42,079 INFO  ssageHeaderValidator| Message header validation successful: All values OK
22:20:42,079 DEBUG TextMessageValidator| Start JSON message validation ...
22:20:42,079 DEBUG JsonSchemaValidation| Starting Json schema validation ...
22:20:42,079 INFO  JsonSchemaValidation| Json schema validation successful: All values OK
22:20:42,079 DEBUG TextMessageValidator| Received message:
HTTPMESSAGE [id: 862e73c8-cfec-4804-96bb-2a2e0c64be08, payload: {"userId":24,"name":"Benny Hodkiewicz","course":"Dynamic Interactions Assistant","email":"24@qa.ru","age":47,"mark":{"name":"Course mark","score":5}}][headers: {Transfer-Encoding=chunked, Connection=keep-alive, contentType=application/json, Date=1689189641000, citrus_message_id=862e73c8-cfec-4804-96bb-2a2e0c64be08, citrus_message_timestamp=1689189642077, Keep-Alive=timeout=60, Content-Type=application/json, citrus_http_status_code=200, citrus_http_reason_phrase=OK, citrus_http_version=HTTP/1.1}]
22:20:42,079 DEBUG TextMessageValidator| Control message:
HTTPMESSAGE [id: cac00620-0545-494f-a087-d0fff05116f3, payload: {"userId":24,"email":"@contains('@qa.ru')@","name":"@matches('^[a-zA-Z\\s\\.]*$')@","course":"@matches('^[a-zA-Z\\s]*$')@","age":"@isNumber()@","mark":{"name":"@contains('Course mark')@","score":"@isNumber()@"}}][headers: {citrus_message_id=cac00620-0545-494f-a087-d0fff05116f3, citrus_message_timestamp=1689189642077, citrus_http_reason_phrase=OK, citrus_http_status_code=200, citrus_message_type=JSON}]
22:20:42,079 DEBUG TextMessageValidator| Validation successful for JSON entry 'name' (@matches('^[a-zA-Z\s\.]*$')@)
22:20:42,079 DEBUG TextMessageValidator| Validation successful for JSON entry 'course' (@matches('^[a-zA-Z\s]*$')@)
22:20:42,079 DEBUG TextMessageValidator| Validation successful for JSON entry 'userId' (24)
22:20:42,079 DEBUG TextMessageValidator| Validation successful for JSON entry 'email' (@contains('@qa.ru')@)
22:20:42,079 DEBUG TextMessageValidator| Validation successful for JSON entry 'age' (@isNumber()@)
22:20:42,079 DEBUG TextMessageValidator| Validation successful for JSON entry 'score' (@isNumber()@)
22:20:42,079 DEBUG TextMessageValidator| Validation successful for JSON entry 'name' (@contains('Course mark')@)
22:20:42,079 DEBUG TextMessageValidator| Validation successful for JSON entry 'mark' ({"score":"@isNumber()@","name":"@contains('Course mark')@"})
22:20:42,079 INFO  TextMessageValidator| JSON message validation successful: All values OK
22:20:42,079 INFO  port.LoggingReporter| 
22:20:42,079 DEBUG port.LoggingReporter| TEST STEP 48 SUCCESS
]]></system-out>
  </testcase>
  <testcase name="getUserStubParametrizedTest(int)[25]" classname="citrus.HttpRESTStubTests" time="0.01">
    <system-out><![CDATA[22:20:42,081 INFO  port.LoggingReporter| 
22:20:42,081 INFO  port.LoggingReporter| ------------------------------------------------------------------------
22:20:42,081 DEBUG port.LoggingReporter| STARTING TEST HttpRESTStubTests.getUserStubParametrizedTest <citrus>
22:20:42,081 INFO  port.LoggingReporter| 
22:20:42,081 DEBUG trus.DefaultTestCase| Initializing test case
22:20:42,081 DEBUG trus.DefaultTestCase| Global variables:
22:20:42,081 DEBUG trus.DefaultTestCase| citrus_message_correlator_httpRESTClient = citrus_message_id = '777549be-9d7c-4d9a-acc5-b3d3dd437574'
22:20:42,081 DEBUG trus.DefaultTestCase| default.test.author = Unknown
22:20:42,082 DEBUG trus.DefaultTestCase| citrus.test.package = citrus
22:20:42,082 DEBUG trus.DefaultTestCase| citrus.test.name = HttpRESTStubTests.getUserStubParametrizedTest
22:20:42,082 DEBUG trus.DefaultTestCase| project.name = Citrus Integration Tests
22:20:42,082 DEBUG trus.DefaultTestCase| userId = 35
22:20:42,082 DEBUG trus.DefaultTestCase| citrus_message_replyTo_citrus_message_correlator_httpRESTClient = http://localhost:8080/user/get/24
22:20:42,082 DEBUG trus.DefaultTestCase| url = http://localhost:8080/user
22:20:42,082 DEBUG trus.DefaultTestCase| default.test.package = citrus
22:20:42,082 DEBUG  context.TestContext| Setting variable: citrus.test.name with value: 'HttpRESTStubTests.getUserStubParametrizedTest'
22:20:42,082 DEBUG  context.TestContext| Setting variable: citrus.test.package with value: 'citrus'
22:20:42,082 DEBUG trus.DefaultTestCase| Test variables:
22:20:42,082 DEBUG trus.DefaultTestCase| citrus_message_correlator_httpRESTClient = citrus_message_id = '777549be-9d7c-4d9a-acc5-b3d3dd437574'
22:20:42,082 DEBUG trus.DefaultTestCase| default.test.author = Unknown
22:20:42,082 DEBUG trus.DefaultTestCase| citrus.test.package = citrus
22:20:42,082 DEBUG trus.DefaultTestCase| citrus.test.name = HttpRESTStubTests.getUserStubParametrizedTest
22:20:42,082 DEBUG trus.DefaultTestCase| project.name = Citrus Integration Tests
22:20:42,082 DEBUG trus.DefaultTestCase| userId = 35
22:20:42,082 DEBUG trus.DefaultTestCase| citrus_message_replyTo_citrus_message_correlator_httpRESTClient = http://localhost:8080/user/get/24
22:20:42,082 DEBUG trus.DefaultTestCase| url = http://localhost:8080/user
22:20:42,082 DEBUG trus.DefaultTestCase| default.test.package = citrus
22:20:42,082 INFO  port.LoggingReporter| 
22:20:42,082 DEBUG port.LoggingReporter| TEST STEP 49: send
22:20:42,082 DEBUG ltCorrelationManager| Saving correlation key for 'citrus_message_correlator_httpRESTClient'
22:20:42,082 DEBUG  context.TestContext| Setting variable: citrus_message_correlator_httpRESTClient with value: 'citrus_message_id = '2eea9c6d-e2fa-467f-a784-ba89ce91f2e9''
22:20:42,082 DEBUG  context.TestContext| Setting variable: citrus_message_replyTo_citrus_message_correlator_httpRESTClient with value: 'http://localhost:8080/user/get/25'
22:20:42,082 INFO     client.HttpClient| Sending HTTP message to: 'http://localhost:8080/user/get/25'
22:20:42,082 DEBUG    client.HttpClient| Message to send:

22:20:42,082 DEBUG aultHttpHeaderMapper| outboundHeaderNames=[Accept, Accept-Charset, Accept-Encoding, Accept-Language, Accept-Ranges, Authorization, Cache-Control, Connection, Content-Length, Content-Type, Cookie, Date, Expect, From, Host, If-Match, If-Modified-Since, If-None-Match, If-Range, If-Unmodified-Since, Max-Forwards, Pragma, Proxy-Authorization, Range, Referer, TE, Upgrade, User-Agent, Via, Warning]
22:20:42,082 DEBUG aultHttpHeaderMapper| headerName=[citrus_message_timestamp] WILL NOT be mapped
22:20:42,082 DEBUG aultHttpHeaderMapper| headerName=[citrus_message_type] WILL NOT be mapped
22:20:42,082 DEBUG aultHttpHeaderMapper| headerName=[citrus_request_path] WILL NOT be mapped
22:20:42,082 DEBUG aultHttpHeaderMapper| headerName=[citrus_http_request_uri] WILL NOT be mapped
22:20:42,082 DEBUG aultHttpHeaderMapper| headerName=[id] WILL NOT be mapped
22:20:42,082 DEBUG aultHttpHeaderMapper| headerName=[citrus_message_id] WILL NOT be mapped
22:20:42,082 DEBUG aultHttpHeaderMapper| headerName=[citrus_http_method] WILL NOT be mapped
22:20:42,082 DEBUG aultHttpHeaderMapper| headerName=[timestamp] WILL NOT be mapped
22:20:42,082 DEBUG  client.RestTemplate| HTTP GET http://localhost:8080/user/get/25
22:20:42,082 DEBUG  client.RestTemplate| Accept=[text/plain, application/json, application/*+json, */*]
22:20:42,083 DEBUG ingClientInterceptor| Sending Http request message
22:20:42,084 DEBUG   Logger.Message_OUT| RAWMESSAGE [id: 8b6763cc-45c0-4443-83ac-a8a2d52283c8, payload: GET http://localhost:8080/user/get/25
Accept:text/plain, application/json, application/*+json, */*
Content-Type:application/json;charset=UTF-8
Content-Length:0][headers: {citrus_message_id=8b6763cc-45c0-4443-83ac-a8a2d52283c8, citrus_message_timestamp=1689189642083}]
22:20:42,084 DEBUG ol.RequestAddCookies| CookieSpec selected: default
22:20:42,084 DEBUG col.RequestAuthCache| Auth cache not set in the context
22:20:42,084 DEBUG entConnectionManager| Connection request: [route: {}->http://localhost:8080][total available: 1; route allocated: 1 of 5; total allocated: 1 of 10]
22:20:42,084 DEBUG entConnectionManager| Connection leased: [id: 0][route: {}->http://localhost:8080][total available: 0; route allocated: 1 of 5; total allocated: 1 of 10]
22:20:42,084 DEBUG HttpClientConnection| http-outgoing-0: set socket timeout to 0
22:20:42,084 DEBUG chain.MainClientExec| Executing request GET /user/get/25 HTTP/1.1
22:20:42,084 DEBUG chain.MainClientExec| Target auth state: UNCHALLENGED
22:20:42,084 DEBUG chain.MainClientExec| Proxy auth state: UNCHALLENGED
22:20:42,084 DEBUG         http.headers| http-outgoing-0 >> GET /user/get/25 HTTP/1.1
22:20:42,084 DEBUG         http.headers| http-outgoing-0 >> Accept: text/plain, application/json, application/*+json, */*
22:20:42,084 DEBUG         http.headers| http-outgoing-0 >> Content-Type: application/json;charset=UTF-8
22:20:42,084 DEBUG         http.headers| http-outgoing-0 >> Host: localhost:8080
22:20:42,084 DEBUG         http.headers| http-outgoing-0 >> Connection: Keep-Alive
22:20:42,084 DEBUG         http.headers| http-outgoing-0 >> User-Agent: Apache-HttpClient/4.5.13 (Java/11.0.16)
22:20:42,084 DEBUG         http.headers| http-outgoing-0 >> Accept-Encoding: gzip,deflate
22:20:42,084 DEBUG            http.wire| http-outgoing-0 >> "GET /user/get/25 HTTP/1.1[\r][\n]"
22:20:42,084 DEBUG            http.wire| http-outgoing-0 >> "Accept: text/plain, application/json, application/*+json, */*[\r][\n]"
22:20:42,084 DEBUG            http.wire| http-outgoing-0 >> "Content-Type: application/json;charset=UTF-8[\r][\n]"
22:20:42,084 DEBUG            http.wire| http-outgoing-0 >> "Host: localhost:8080[\r][\n]"
22:20:42,084 DEBUG            http.wire| http-outgoing-0 >> "Connection: Keep-Alive[\r][\n]"
22:20:42,084 DEBUG            http.wire| http-outgoing-0 >> "User-Agent: Apache-HttpClient/4.5.13 (Java/11.0.16)[\r][\n]"
22:20:42,084 DEBUG            http.wire| http-outgoing-0 >> "Accept-Encoding: gzip,deflate[\r][\n]"
22:20:42,084 DEBUG            http.wire| http-outgoing-0 >> "[\r][\n]"
22:20:42,085 DEBUG            http.wire| http-outgoing-0 << "HTTP/1.1 200 [\r][\n]"
22:20:42,085 DEBUG            http.wire| http-outgoing-0 << "Content-Type: application/json[\r][\n]"
22:20:42,085 DEBUG            http.wire| http-outgoing-0 << "Transfer-Encoding: chunked[\r][\n]"
22:20:42,085 DEBUG            http.wire| http-outgoing-0 << "Date: Wed, 12 Jul 2023 19:20:41 GMT[\r][\n]"
22:20:42,085 DEBUG            http.wire| http-outgoing-0 << "Keep-Alive: timeout=60[\r][\n]"
22:20:42,085 DEBUG            http.wire| http-outgoing-0 << "Connection: keep-alive[\r][\n]"
22:20:42,085 DEBUG            http.wire| http-outgoing-0 << "[\r][\n]"
22:20:42,085 DEBUG            http.wire| http-outgoing-0 << "8e[\r][\n]"
22:20:42,085 DEBUG            http.wire| http-outgoing-0 << "{"userId":25,"name":"Neville Carter","course":"Central Quality Architect","email":"25@qa.ru","age":38,"mark":{"name":"Course mark","score":4}}[\r][\n]"
22:20:42,085 DEBUG         http.headers| http-outgoing-0 << HTTP/1.1 200 
22:20:42,085 DEBUG         http.headers| http-outgoing-0 << Content-Type: application/json
22:20:42,085 DEBUG         http.headers| http-outgoing-0 << Transfer-Encoding: chunked
22:20:42,085 DEBUG         http.headers| http-outgoing-0 << Date: Wed, 12 Jul 2023 19:20:41 GMT
22:20:42,085 DEBUG         http.headers| http-outgoing-0 << Keep-Alive: timeout=60
22:20:42,085 DEBUG         http.headers| http-outgoing-0 << Connection: keep-alive
22:20:42,086 DEBUG chain.MainClientExec| Connection can be kept alive for 60000 MILLISECONDS
22:20:42,086 DEBUG            http.wire| http-outgoing-0 << "0[\r][\n]"
22:20:42,086 DEBUG            http.wire| http-outgoing-0 << "[\r][\n]"
22:20:42,086 DEBUG entConnectionManager| Connection [id: 0][route: {}->http://localhost:8080] can be kept alive for 60.0 seconds
22:20:42,086 DEBUG HttpClientConnection| http-outgoing-0: set socket timeout to 0
22:20:42,086 DEBUG entConnectionManager| Connection released: [id: 0][route: {}->http://localhost:8080][total available: 1; route allocated: 1 of 5; total allocated: 1 of 10]
22:20:42,086 DEBUG ingClientInterceptor| Received Http response message
22:20:42,087 DEBUG    Logger.Message_IN| RAWMESSAGE [id: 836f519e-a0e6-4fa9-833e-b1c9de9164a7, payload: HTTP/1.1 200 OK 
Content-Type:application/json
Transfer-Encoding:chunked
Date:Wed, 12 Jul 2023 19:20:41 GMT
Keep-Alive:timeout=60
Connection:keep-alive

{"userId":25,"name":"Neville Carter","course":"Central Quality Architect","email":"25@qa.ru","age":38,"mark":{"name":"Course mark","score":4}}][headers: {citrus_message_id=836f519e-a0e6-4fa9-833e-b1c9de9164a7, citrus_message_timestamp=1689189642086}]
22:20:42,087 DEBUG  client.RestTemplate| Response 200 OK
22:20:42,087 DEBUG  client.RestTemplate| Reading to [java.lang.String] as "application/json"
22:20:42,087 INFO     client.HttpClient| HTTP message was sent to endpoint: 'http://localhost:8080/user/get/25'
22:20:42,087 DEBUG aultHttpHeaderMapper| inboundHeaderNames=[Accept-Ranges, Age, Allow, Cache-Control, Connection, Content-Encoding, Content-Language, Content-Length, Content-Location, Content-MD5, Content-Range, Content-Type, Content-Disposition, Transfer-Encoding, Date, ETag, Expires, Last-Modified, Location, Pragma, Proxy-Authenticate, Refresh, Retry-After, Server, Set-Cookie, Trailer, Vary, Via, Warning, WWW-Authenticate]
22:20:42,087 DEBUG aultHttpHeaderMapper| headerName=[content-type] WILL be mapped, matched pattern=content-type
22:20:42,087 DEBUG aultHttpHeaderMapper| setting headerName=[contentType], value=application/json
22:20:42,087 DEBUG aultHttpHeaderMapper| headerName=[transfer-encoding] WILL be mapped, matched pattern=transfer-encoding
22:20:42,087 DEBUG aultHttpHeaderMapper| setting headerName=[Transfer-Encoding], value=[chunked]
22:20:42,087 DEBUG aultHttpHeaderMapper| headerName=[date] WILL be mapped, matched pattern=date
22:20:42,087 DEBUG aultHttpHeaderMapper| setting headerName=[Date], value=1 689 189 641 000
22:20:42,087 DEBUG aultHttpHeaderMapper| headerName=[keep-alive] WILL NOT be mapped
22:20:42,087 DEBUG aultHttpHeaderMapper| headerName=[connection] WILL be mapped, matched pattern=connection
22:20:42,087 DEBUG aultHttpHeaderMapper| setting headerName=[Connection], value=[keep-alive]
22:20:42,088 DEBUG ltCorrelationManager| Saving correlated object for 'citrus_message_id = '2eea9c6d-e2fa-467f-a784-ba89ce91f2e9''
22:20:42,088 INFO  port.LoggingReporter| 
22:20:42,088 DEBUG port.LoggingReporter| TEST STEP 49 SUCCESS
22:20:42,088 INFO  port.LoggingReporter| 
22:20:42,088 DEBUG port.LoggingReporter| TEST STEP 50: receive
22:20:42,088 DEBUG ngCorrelationManager| Get correlation key for 'citrus_message_correlator_httpRESTClient'
22:20:42,088 DEBUG ltCorrelationManager| Finding correlated object for 'citrus_message_id = '2eea9c6d-e2fa-467f-a784-ba89ce91f2e9''
22:20:42,089 DEBUG ageValidatorRegistry| Found 4 message validators for message
22:20:42,089 DEBUG ssageHeaderValidator| Start message header validation ...
22:20:42,089 DEBUG faultHeaderValidator| Validating header element: citrus_http_reason_phrase='OK': OK.
22:20:42,089 DEBUG faultHeaderValidator| Validating header element: citrus_http_status_code='200': OK.
22:20:42,089 INFO  ssageHeaderValidator| Message header validation successful: All values OK
22:20:42,089 DEBUG TextMessageValidator| Start JSON message validation ...
22:20:42,089 DEBUG JsonSchemaValidation| Starting Json schema validation ...
22:20:42,089 INFO  JsonSchemaValidation| Json schema validation successful: All values OK
22:20:42,089 DEBUG TextMessageValidator| Received message:
HTTPMESSAGE [id: 7d5a3cb4-e918-4350-bef7-758003cfcb87, payload: {"userId":25,"name":"Neville Carter","course":"Central Quality Architect","email":"25@qa.ru","age":38,"mark":{"name":"Course mark","score":4}}][headers: {Transfer-Encoding=chunked, Connection=keep-alive, contentType=application/json, Date=1689189641000, citrus_message_id=7d5a3cb4-e918-4350-bef7-758003cfcb87, citrus_message_timestamp=1689189642087, Keep-Alive=timeout=60, Content-Type=application/json, citrus_http_status_code=200, citrus_http_reason_phrase=OK, citrus_http_version=HTTP/1.1}]
22:20:42,089 DEBUG TextMessageValidator| Control message:
HTTPMESSAGE [id: 0208688a-1a22-4eb5-9097-50ff41128b78, payload: {"userId":25,"email":"@contains('@qa.ru')@","name":"@matches('^[a-zA-Z\\s\\.]*$')@","course":"@matches('^[a-zA-Z\\s]*$')@","age":"@isNumber()@","mark":{"name":"@contains('Course mark')@","score":"@isNumber()@"}}][headers: {citrus_message_id=0208688a-1a22-4eb5-9097-50ff41128b78, citrus_message_timestamp=1689189642088, citrus_http_reason_phrase=OK, citrus_http_status_code=200, citrus_message_type=JSON}]
22:20:42,089 DEBUG TextMessageValidator| Validation successful for JSON entry 'name' (@matches('^[a-zA-Z\s\.]*$')@)
22:20:42,089 DEBUG TextMessageValidator| Validation successful for JSON entry 'course' (@matches('^[a-zA-Z\s]*$')@)
22:20:42,089 DEBUG TextMessageValidator| Validation successful for JSON entry 'userId' (25)
22:20:42,089 DEBUG TextMessageValidator| Validation successful for JSON entry 'email' (@contains('@qa.ru')@)
22:20:42,089 DEBUG TextMessageValidator| Validation successful for JSON entry 'age' (@isNumber()@)
22:20:42,089 DEBUG TextMessageValidator| Validation successful for JSON entry 'score' (@isNumber()@)
22:20:42,089 DEBUG TextMessageValidator| Validation successful for JSON entry 'name' (@contains('Course mark')@)
22:20:42,089 DEBUG TextMessageValidator| Validation successful for JSON entry 'mark' ({"score":"@isNumber()@","name":"@contains('Course mark')@"})
22:20:42,089 INFO  TextMessageValidator| JSON message validation successful: All values OK
22:20:42,089 INFO  port.LoggingReporter| 
22:20:42,089 DEBUG port.LoggingReporter| TEST STEP 50 SUCCESS
]]></system-out>
  </testcase>
  <testcase name="getUserStubParametrizedTest(int)[26]" classname="citrus.HttpRESTStubTests" time="0.009">
    <system-out><![CDATA[22:20:42,091 INFO  port.LoggingReporter| 
22:20:42,091 INFO  port.LoggingReporter| ------------------------------------------------------------------------
22:20:42,091 DEBUG port.LoggingReporter| STARTING TEST HttpRESTStubTests.getUserStubParametrizedTest <citrus>
22:20:42,091 INFO  port.LoggingReporter| 
22:20:42,091 DEBUG trus.DefaultTestCase| Initializing test case
22:20:42,091 DEBUG trus.DefaultTestCase| Global variables:
22:20:42,091 DEBUG trus.DefaultTestCase| citrus_message_correlator_httpRESTClient = citrus_message_id = '2eea9c6d-e2fa-467f-a784-ba89ce91f2e9'
22:20:42,092 DEBUG trus.DefaultTestCase| default.test.author = Unknown
22:20:42,092 DEBUG trus.DefaultTestCase| citrus.test.package = citrus
22:20:42,092 DEBUG trus.DefaultTestCase| citrus.test.name = HttpRESTStubTests.getUserStubParametrizedTest
22:20:42,092 DEBUG trus.DefaultTestCase| project.name = Citrus Integration Tests
22:20:42,092 DEBUG trus.DefaultTestCase| userId = 35
22:20:42,092 DEBUG trus.DefaultTestCase| citrus_message_replyTo_citrus_message_correlator_httpRESTClient = http://localhost:8080/user/get/25
22:20:42,092 DEBUG trus.DefaultTestCase| url = http://localhost:8080/user
22:20:42,092 DEBUG trus.DefaultTestCase| default.test.package = citrus
22:20:42,092 DEBUG  context.TestContext| Setting variable: citrus.test.name with value: 'HttpRESTStubTests.getUserStubParametrizedTest'
22:20:42,092 DEBUG  context.TestContext| Setting variable: citrus.test.package with value: 'citrus'
22:20:42,092 DEBUG trus.DefaultTestCase| Test variables:
22:20:42,092 DEBUG trus.DefaultTestCase| citrus_message_correlator_httpRESTClient = citrus_message_id = '2eea9c6d-e2fa-467f-a784-ba89ce91f2e9'
22:20:42,092 DEBUG trus.DefaultTestCase| default.test.author = Unknown
22:20:42,092 DEBUG trus.DefaultTestCase| citrus.test.package = citrus
22:20:42,092 DEBUG trus.DefaultTestCase| citrus.test.name = HttpRESTStubTests.getUserStubParametrizedTest
22:20:42,092 DEBUG trus.DefaultTestCase| project.name = Citrus Integration Tests
22:20:42,092 DEBUG trus.DefaultTestCase| userId = 35
22:20:42,092 DEBUG trus.DefaultTestCase| citrus_message_replyTo_citrus_message_correlator_httpRESTClient = http://localhost:8080/user/get/25
22:20:42,092 DEBUG trus.DefaultTestCase| url = http://localhost:8080/user
22:20:42,092 DEBUG trus.DefaultTestCase| default.test.package = citrus
22:20:42,092 INFO  port.LoggingReporter| 
22:20:42,092 DEBUG port.LoggingReporter| TEST STEP 51: send
22:20:42,092 DEBUG ltCorrelationManager| Saving correlation key for 'citrus_message_correlator_httpRESTClient'
22:20:42,092 DEBUG  context.TestContext| Setting variable: citrus_message_correlator_httpRESTClient with value: 'citrus_message_id = '0eb8d83c-cdf2-40c7-a71b-464418bb881e''
22:20:42,092 DEBUG  context.TestContext| Setting variable: citrus_message_replyTo_citrus_message_correlator_httpRESTClient with value: 'http://localhost:8080/user/get/26'
22:20:42,092 INFO     client.HttpClient| Sending HTTP message to: 'http://localhost:8080/user/get/26'
22:20:42,092 DEBUG    client.HttpClient| Message to send:

22:20:42,092 DEBUG aultHttpHeaderMapper| outboundHeaderNames=[Accept, Accept-Charset, Accept-Encoding, Accept-Language, Accept-Ranges, Authorization, Cache-Control, Connection, Content-Length, Content-Type, Cookie, Date, Expect, From, Host, If-Match, If-Modified-Since, If-None-Match, If-Range, If-Unmodified-Since, Max-Forwards, Pragma, Proxy-Authorization, Range, Referer, TE, Upgrade, User-Agent, Via, Warning]
22:20:42,092 DEBUG aultHttpHeaderMapper| headerName=[citrus_message_timestamp] WILL NOT be mapped
22:20:42,092 DEBUG aultHttpHeaderMapper| headerName=[citrus_message_type] WILL NOT be mapped
22:20:42,092 DEBUG aultHttpHeaderMapper| headerName=[citrus_request_path] WILL NOT be mapped
22:20:42,092 DEBUG aultHttpHeaderMapper| headerName=[citrus_http_request_uri] WILL NOT be mapped
22:20:42,092 DEBUG aultHttpHeaderMapper| headerName=[id] WILL NOT be mapped
22:20:42,092 DEBUG aultHttpHeaderMapper| headerName=[citrus_message_id] WILL NOT be mapped
22:20:42,092 DEBUG aultHttpHeaderMapper| headerName=[citrus_http_method] WILL NOT be mapped
22:20:42,092 DEBUG aultHttpHeaderMapper| headerName=[timestamp] WILL NOT be mapped
22:20:42,092 DEBUG  client.RestTemplate| HTTP GET http://localhost:8080/user/get/26
22:20:42,093 DEBUG  client.RestTemplate| Accept=[text/plain, application/json, application/*+json, */*]
22:20:42,093 DEBUG ingClientInterceptor| Sending Http request message
22:20:42,094 DEBUG   Logger.Message_OUT| RAWMESSAGE [id: 14f7d59b-0921-4981-9846-5cc828f4b53a, payload: GET http://localhost:8080/user/get/26
Accept:text/plain, application/json, application/*+json, */*
Content-Type:application/json;charset=UTF-8
Content-Length:0][headers: {citrus_message_id=14f7d59b-0921-4981-9846-5cc828f4b53a, citrus_message_timestamp=1689189642093}]
22:20:42,094 DEBUG ol.RequestAddCookies| CookieSpec selected: default
22:20:42,094 DEBUG col.RequestAuthCache| Auth cache not set in the context
22:20:42,094 DEBUG entConnectionManager| Connection request: [route: {}->http://localhost:8080][total available: 1; route allocated: 1 of 5; total allocated: 1 of 10]
22:20:42,094 DEBUG entConnectionManager| Connection leased: [id: 0][route: {}->http://localhost:8080][total available: 0; route allocated: 1 of 5; total allocated: 1 of 10]
22:20:42,094 DEBUG HttpClientConnection| http-outgoing-0: set socket timeout to 0
22:20:42,094 DEBUG chain.MainClientExec| Executing request GET /user/get/26 HTTP/1.1
22:20:42,094 DEBUG chain.MainClientExec| Target auth state: UNCHALLENGED
22:20:42,094 DEBUG chain.MainClientExec| Proxy auth state: UNCHALLENGED
22:20:42,094 DEBUG         http.headers| http-outgoing-0 >> GET /user/get/26 HTTP/1.1
22:20:42,094 DEBUG         http.headers| http-outgoing-0 >> Accept: text/plain, application/json, application/*+json, */*
22:20:42,094 DEBUG         http.headers| http-outgoing-0 >> Content-Type: application/json;charset=UTF-8
22:20:42,094 DEBUG         http.headers| http-outgoing-0 >> Host: localhost:8080
22:20:42,094 DEBUG         http.headers| http-outgoing-0 >> Connection: Keep-Alive
22:20:42,094 DEBUG         http.headers| http-outgoing-0 >> User-Agent: Apache-HttpClient/4.5.13 (Java/11.0.16)
22:20:42,094 DEBUG         http.headers| http-outgoing-0 >> Accept-Encoding: gzip,deflate
22:20:42,094 DEBUG            http.wire| http-outgoing-0 >> "GET /user/get/26 HTTP/1.1[\r][\n]"
22:20:42,094 DEBUG            http.wire| http-outgoing-0 >> "Accept: text/plain, application/json, application/*+json, */*[\r][\n]"
22:20:42,094 DEBUG            http.wire| http-outgoing-0 >> "Content-Type: application/json;charset=UTF-8[\r][\n]"
22:20:42,094 DEBUG            http.wire| http-outgoing-0 >> "Host: localhost:8080[\r][\n]"
22:20:42,094 DEBUG            http.wire| http-outgoing-0 >> "Connection: Keep-Alive[\r][\n]"
22:20:42,094 DEBUG            http.wire| http-outgoing-0 >> "User-Agent: Apache-HttpClient/4.5.13 (Java/11.0.16)[\r][\n]"
22:20:42,094 DEBUG            http.wire| http-outgoing-0 >> "Accept-Encoding: gzip,deflate[\r][\n]"
22:20:42,094 DEBUG            http.wire| http-outgoing-0 >> "[\r][\n]"
22:20:42,095 DEBUG            http.wire| http-outgoing-0 << "HTTP/1.1 200 [\r][\n]"
22:20:42,095 DEBUG            http.wire| http-outgoing-0 << "Content-Type: application/json[\r][\n]"
22:20:42,095 DEBUG            http.wire| http-outgoing-0 << "Transfer-Encoding: chunked[\r][\n]"
22:20:42,095 DEBUG            http.wire| http-outgoing-0 << "Date: Wed, 12 Jul 2023 19:20:41 GMT[\r][\n]"
22:20:42,095 DEBUG            http.wire| http-outgoing-0 << "Keep-Alive: timeout=60[\r][\n]"
22:20:42,095 DEBUG            http.wire| http-outgoing-0 << "Connection: keep-alive[\r][\n]"
22:20:42,095 DEBUG            http.wire| http-outgoing-0 << "[\r][\n]"
22:20:42,095 DEBUG            http.wire| http-outgoing-0 << "98[\r][\n]"
22:20:42,095 DEBUG            http.wire| http-outgoing-0 << "{"userId":26,"name":"Elliott Olson Jr.","course":"Product Configuration Technician","email":"26@qa.ru","age":89,"mark":{"name":"Course mark","score":3}}[\r][\n]"
22:20:42,095 DEBUG         http.headers| http-outgoing-0 << HTTP/1.1 200 
22:20:42,095 DEBUG         http.headers| http-outgoing-0 << Content-Type: application/json
22:20:42,095 DEBUG         http.headers| http-outgoing-0 << Transfer-Encoding: chunked
22:20:42,095 DEBUG         http.headers| http-outgoing-0 << Date: Wed, 12 Jul 2023 19:20:41 GMT
22:20:42,095 DEBUG         http.headers| http-outgoing-0 << Keep-Alive: timeout=60
22:20:42,095 DEBUG         http.headers| http-outgoing-0 << Connection: keep-alive
22:20:42,095 DEBUG chain.MainClientExec| Connection can be kept alive for 60000 MILLISECONDS
22:20:42,095 DEBUG            http.wire| http-outgoing-0 << "0[\r][\n]"
22:20:42,095 DEBUG            http.wire| http-outgoing-0 << "[\r][\n]"
22:20:42,095 DEBUG entConnectionManager| Connection [id: 0][route: {}->http://localhost:8080] can be kept alive for 60.0 seconds
22:20:42,095 DEBUG HttpClientConnection| http-outgoing-0: set socket timeout to 0
22:20:42,095 DEBUG entConnectionManager| Connection released: [id: 0][route: {}->http://localhost:8080][total available: 1; route allocated: 1 of 5; total allocated: 1 of 10]
22:20:42,095 DEBUG ingClientInterceptor| Received Http response message
22:20:42,096 DEBUG    Logger.Message_IN| RAWMESSAGE [id: d9e218eb-e113-451a-853a-4e13ee6541da, payload: HTTP/1.1 200 OK 
Content-Type:application/json
Transfer-Encoding:chunked
Date:Wed, 12 Jul 2023 19:20:41 GMT
Keep-Alive:timeout=60
Connection:keep-alive

{"userId":26,"name":"Elliott Olson Jr.","course":"Product Configuration Technician","email":"26@qa.ru","age":89,"mark":{"name":"Course mark","score":3}}][headers: {citrus_message_id=d9e218eb-e113-451a-853a-4e13ee6541da, citrus_message_timestamp=1689189642095}]
22:20:42,096 DEBUG  client.RestTemplate| Response 200 OK
22:20:42,097 DEBUG  client.RestTemplate| Reading to [java.lang.String] as "application/json"
22:20:42,097 INFO     client.HttpClient| HTTP message was sent to endpoint: 'http://localhost:8080/user/get/26'
22:20:42,097 DEBUG aultHttpHeaderMapper| inboundHeaderNames=[Accept-Ranges, Age, Allow, Cache-Control, Connection, Content-Encoding, Content-Language, Content-Length, Content-Location, Content-MD5, Content-Range, Content-Type, Content-Disposition, Transfer-Encoding, Date, ETag, Expires, Last-Modified, Location, Pragma, Proxy-Authenticate, Refresh, Retry-After, Server, Set-Cookie, Trailer, Vary, Via, Warning, WWW-Authenticate]
22:20:42,097 DEBUG aultHttpHeaderMapper| headerName=[content-type] WILL be mapped, matched pattern=content-type
22:20:42,097 DEBUG aultHttpHeaderMapper| setting headerName=[contentType], value=application/json
22:20:42,097 DEBUG aultHttpHeaderMapper| headerName=[transfer-encoding] WILL be mapped, matched pattern=transfer-encoding
22:20:42,097 DEBUG aultHttpHeaderMapper| setting headerName=[Transfer-Encoding], value=[chunked]
22:20:42,097 DEBUG aultHttpHeaderMapper| headerName=[date] WILL be mapped, matched pattern=date
22:20:42,097 DEBUG aultHttpHeaderMapper| setting headerName=[Date], value=1 689 189 641 000
22:20:42,097 DEBUG aultHttpHeaderMapper| headerName=[keep-alive] WILL NOT be mapped
22:20:42,097 DEBUG aultHttpHeaderMapper| headerName=[connection] WILL be mapped, matched pattern=connection
22:20:42,097 DEBUG aultHttpHeaderMapper| setting headerName=[Connection], value=[keep-alive]
22:20:42,097 DEBUG ltCorrelationManager| Saving correlated object for 'citrus_message_id = '0eb8d83c-cdf2-40c7-a71b-464418bb881e''
22:20:42,097 INFO  port.LoggingReporter| 
22:20:42,097 DEBUG port.LoggingReporter| TEST STEP 51 SUCCESS
22:20:42,097 INFO  port.LoggingReporter| 
22:20:42,097 DEBUG port.LoggingReporter| TEST STEP 52: receive
22:20:42,097 DEBUG ngCorrelationManager| Get correlation key for 'citrus_message_correlator_httpRESTClient'
22:20:42,097 DEBUG ltCorrelationManager| Finding correlated object for 'citrus_message_id = '0eb8d83c-cdf2-40c7-a71b-464418bb881e''
22:20:42,098 DEBUG ageValidatorRegistry| Found 4 message validators for message
22:20:42,098 DEBUG ssageHeaderValidator| Start message header validation ...
22:20:42,098 DEBUG faultHeaderValidator| Validating header element: citrus_http_reason_phrase='OK': OK.
22:20:42,098 DEBUG faultHeaderValidator| Validating header element: citrus_http_status_code='200': OK.
22:20:42,098 INFO  ssageHeaderValidator| Message header validation successful: All values OK
22:20:42,098 DEBUG TextMessageValidator| Start JSON message validation ...
22:20:42,098 DEBUG JsonSchemaValidation| Starting Json schema validation ...
22:20:42,098 INFO  JsonSchemaValidation| Json schema validation successful: All values OK
22:20:42,098 DEBUG TextMessageValidator| Received message:
HTTPMESSAGE [id: b0c3e113-61fb-490b-97be-845c26658776, payload: {"userId":26,"name":"Elliott Olson Jr.","course":"Product Configuration Technician","email":"26@qa.ru","age":89,"mark":{"name":"Course mark","score":3}}][headers: {Transfer-Encoding=chunked, Connection=keep-alive, contentType=application/json, Date=1689189641000, citrus_message_id=b0c3e113-61fb-490b-97be-845c26658776, citrus_message_timestamp=1689189642097, Keep-Alive=timeout=60, Content-Type=application/json, citrus_http_status_code=200, citrus_http_reason_phrase=OK, citrus_http_version=HTTP/1.1}]
22:20:42,098 DEBUG TextMessageValidator| Control message:
HTTPMESSAGE [id: 9de2e4b1-9022-4843-8651-258492cb63fa, payload: {"userId":26,"email":"@contains('@qa.ru')@","name":"@matches('^[a-zA-Z\\s\\.]*$')@","course":"@matches('^[a-zA-Z\\s]*$')@","age":"@isNumber()@","mark":{"name":"@contains('Course mark')@","score":"@isNumber()@"}}][headers: {citrus_message_id=9de2e4b1-9022-4843-8651-258492cb63fa, citrus_message_timestamp=1689189642097, citrus_http_reason_phrase=OK, citrus_http_status_code=200, citrus_message_type=JSON}]
22:20:42,098 DEBUG TextMessageValidator| Validation successful for JSON entry 'name' (@matches('^[a-zA-Z\s\.]*$')@)
22:20:42,098 DEBUG TextMessageValidator| Validation successful for JSON entry 'course' (@matches('^[a-zA-Z\s]*$')@)
22:20:42,098 DEBUG TextMessageValidator| Validation successful for JSON entry 'userId' (26)
22:20:42,098 DEBUG TextMessageValidator| Validation successful for JSON entry 'email' (@contains('@qa.ru')@)
22:20:42,099 DEBUG TextMessageValidator| Validation successful for JSON entry 'age' (@isNumber()@)
22:20:42,099 DEBUG TextMessageValidator| Validation successful for JSON entry 'score' (@isNumber()@)
22:20:42,099 DEBUG TextMessageValidator| Validation successful for JSON entry 'name' (@contains('Course mark')@)
22:20:42,099 DEBUG TextMessageValidator| Validation successful for JSON entry 'mark' ({"score":"@isNumber()@","name":"@contains('Course mark')@"})
22:20:42,099 INFO  TextMessageValidator| JSON message validation successful: All values OK
22:20:42,099 INFO  port.LoggingReporter| 
22:20:42,099 DEBUG port.LoggingReporter| TEST STEP 52 SUCCESS
]]></system-out>
  </testcase>
  <testcase name="getUserStubParametrizedTest(int)[27]" classname="citrus.HttpRESTStubTests" time="0.01">
    <system-out><![CDATA[22:20:42,101 INFO  port.LoggingReporter| 
22:20:42,101 INFO  port.LoggingReporter| ------------------------------------------------------------------------
22:20:42,101 DEBUG port.LoggingReporter| STARTING TEST HttpRESTStubTests.getUserStubParametrizedTest <citrus>
22:20:42,101 INFO  port.LoggingReporter| 
22:20:42,101 DEBUG trus.DefaultTestCase| Initializing test case
22:20:42,101 DEBUG trus.DefaultTestCase| Global variables:
22:20:42,101 DEBUG trus.DefaultTestCase| citrus_message_correlator_httpRESTClient = citrus_message_id = '0eb8d83c-cdf2-40c7-a71b-464418bb881e'
22:20:42,101 DEBUG trus.DefaultTestCase| default.test.author = Unknown
22:20:42,101 DEBUG trus.DefaultTestCase| citrus.test.package = citrus
22:20:42,101 DEBUG trus.DefaultTestCase| citrus.test.name = HttpRESTStubTests.getUserStubParametrizedTest
22:20:42,101 DEBUG trus.DefaultTestCase| project.name = Citrus Integration Tests
22:20:42,101 DEBUG trus.DefaultTestCase| userId = 35
22:20:42,101 DEBUG trus.DefaultTestCase| citrus_message_replyTo_citrus_message_correlator_httpRESTClient = http://localhost:8080/user/get/26
22:20:42,101 DEBUG trus.DefaultTestCase| url = http://localhost:8080/user
22:20:42,101 DEBUG trus.DefaultTestCase| default.test.package = citrus
22:20:42,101 DEBUG  context.TestContext| Setting variable: citrus.test.name with value: 'HttpRESTStubTests.getUserStubParametrizedTest'
22:20:42,101 DEBUG  context.TestContext| Setting variable: citrus.test.package with value: 'citrus'
22:20:42,102 DEBUG trus.DefaultTestCase| Test variables:
22:20:42,102 DEBUG trus.DefaultTestCase| citrus_message_correlator_httpRESTClient = citrus_message_id = '0eb8d83c-cdf2-40c7-a71b-464418bb881e'
22:20:42,102 DEBUG trus.DefaultTestCase| default.test.author = Unknown
22:20:42,102 DEBUG trus.DefaultTestCase| citrus.test.package = citrus
22:20:42,102 DEBUG trus.DefaultTestCase| citrus.test.name = HttpRESTStubTests.getUserStubParametrizedTest
22:20:42,102 DEBUG trus.DefaultTestCase| project.name = Citrus Integration Tests
22:20:42,102 DEBUG trus.DefaultTestCase| userId = 35
22:20:42,102 DEBUG trus.DefaultTestCase| citrus_message_replyTo_citrus_message_correlator_httpRESTClient = http://localhost:8080/user/get/26
22:20:42,102 DEBUG trus.DefaultTestCase| url = http://localhost:8080/user
22:20:42,102 DEBUG trus.DefaultTestCase| default.test.package = citrus
22:20:42,102 INFO  port.LoggingReporter| 
22:20:42,102 DEBUG port.LoggingReporter| TEST STEP 53: send
22:20:42,102 DEBUG ltCorrelationManager| Saving correlation key for 'citrus_message_correlator_httpRESTClient'
22:20:42,102 DEBUG  context.TestContext| Setting variable: citrus_message_correlator_httpRESTClient with value: 'citrus_message_id = '1f6a4fff-bed2-427e-8d5b-90e79728847d''
22:20:42,102 DEBUG  context.TestContext| Setting variable: citrus_message_replyTo_citrus_message_correlator_httpRESTClient with value: 'http://localhost:8080/user/get/27'
22:20:42,102 INFO     client.HttpClient| Sending HTTP message to: 'http://localhost:8080/user/get/27'
22:20:42,102 DEBUG    client.HttpClient| Message to send:

22:20:42,102 DEBUG aultHttpHeaderMapper| outboundHeaderNames=[Accept, Accept-Charset, Accept-Encoding, Accept-Language, Accept-Ranges, Authorization, Cache-Control, Connection, Content-Length, Content-Type, Cookie, Date, Expect, From, Host, If-Match, If-Modified-Since, If-None-Match, If-Range, If-Unmodified-Since, Max-Forwards, Pragma, Proxy-Authorization, Range, Referer, TE, Upgrade, User-Agent, Via, Warning]
22:20:42,102 DEBUG aultHttpHeaderMapper| headerName=[citrus_message_timestamp] WILL NOT be mapped
22:20:42,102 DEBUG aultHttpHeaderMapper| headerName=[citrus_message_type] WILL NOT be mapped
22:20:42,102 DEBUG aultHttpHeaderMapper| headerName=[citrus_request_path] WILL NOT be mapped
22:20:42,102 DEBUG aultHttpHeaderMapper| headerName=[citrus_http_request_uri] WILL NOT be mapped
22:20:42,102 DEBUG aultHttpHeaderMapper| headerName=[id] WILL NOT be mapped
22:20:42,102 DEBUG aultHttpHeaderMapper| headerName=[citrus_message_id] WILL NOT be mapped
22:20:42,102 DEBUG aultHttpHeaderMapper| headerName=[citrus_http_method] WILL NOT be mapped
22:20:42,102 DEBUG aultHttpHeaderMapper| headerName=[timestamp] WILL NOT be mapped
22:20:42,102 DEBUG  client.RestTemplate| HTTP GET http://localhost:8080/user/get/27
22:20:42,102 DEBUG  client.RestTemplate| Accept=[text/plain, application/json, application/*+json, */*]
22:20:42,103 DEBUG ingClientInterceptor| Sending Http request message
22:20:42,104 DEBUG   Logger.Message_OUT| RAWMESSAGE [id: 68c9f04c-9a07-4028-97a6-a574f2e358c7, payload: GET http://localhost:8080/user/get/27
Accept:text/plain, application/json, application/*+json, */*
Content-Type:application/json;charset=UTF-8
Content-Length:0][headers: {citrus_message_id=68c9f04c-9a07-4028-97a6-a574f2e358c7, citrus_message_timestamp=1689189642103}]
22:20:42,104 DEBUG ol.RequestAddCookies| CookieSpec selected: default
22:20:42,104 DEBUG col.RequestAuthCache| Auth cache not set in the context
22:20:42,104 DEBUG entConnectionManager| Connection request: [route: {}->http://localhost:8080][total available: 1; route allocated: 1 of 5; total allocated: 1 of 10]
22:20:42,104 DEBUG entConnectionManager| Connection leased: [id: 0][route: {}->http://localhost:8080][total available: 0; route allocated: 1 of 5; total allocated: 1 of 10]
22:20:42,104 DEBUG HttpClientConnection| http-outgoing-0: set socket timeout to 0
22:20:42,104 DEBUG chain.MainClientExec| Executing request GET /user/get/27 HTTP/1.1
22:20:42,104 DEBUG chain.MainClientExec| Target auth state: UNCHALLENGED
22:20:42,104 DEBUG chain.MainClientExec| Proxy auth state: UNCHALLENGED
22:20:42,104 DEBUG         http.headers| http-outgoing-0 >> GET /user/get/27 HTTP/1.1
22:20:42,104 DEBUG         http.headers| http-outgoing-0 >> Accept: text/plain, application/json, application/*+json, */*
22:20:42,104 DEBUG         http.headers| http-outgoing-0 >> Content-Type: application/json;charset=UTF-8
22:20:42,104 DEBUG         http.headers| http-outgoing-0 >> Host: localhost:8080
22:20:42,104 DEBUG         http.headers| http-outgoing-0 >> Connection: Keep-Alive
22:20:42,104 DEBUG         http.headers| http-outgoing-0 >> User-Agent: Apache-HttpClient/4.5.13 (Java/11.0.16)
22:20:42,104 DEBUG         http.headers| http-outgoing-0 >> Accept-Encoding: gzip,deflate
22:20:42,104 DEBUG            http.wire| http-outgoing-0 >> "GET /user/get/27 HTTP/1.1[\r][\n]"
22:20:42,104 DEBUG            http.wire| http-outgoing-0 >> "Accept: text/plain, application/json, application/*+json, */*[\r][\n]"
22:20:42,104 DEBUG            http.wire| http-outgoing-0 >> "Content-Type: application/json;charset=UTF-8[\r][\n]"
22:20:42,104 DEBUG            http.wire| http-outgoing-0 >> "Host: localhost:8080[\r][\n]"
22:20:42,104 DEBUG            http.wire| http-outgoing-0 >> "Connection: Keep-Alive[\r][\n]"
22:20:42,104 DEBUG            http.wire| http-outgoing-0 >> "User-Agent: Apache-HttpClient/4.5.13 (Java/11.0.16)[\r][\n]"
22:20:42,104 DEBUG            http.wire| http-outgoing-0 >> "Accept-Encoding: gzip,deflate[\r][\n]"
22:20:42,104 DEBUG            http.wire| http-outgoing-0 >> "[\r][\n]"
22:20:42,105 DEBUG            http.wire| http-outgoing-0 << "HTTP/1.1 200 [\r][\n]"
22:20:42,105 DEBUG            http.wire| http-outgoing-0 << "Content-Type: application/json[\r][\n]"
22:20:42,105 DEBUG            http.wire| http-outgoing-0 << "Transfer-Encoding: chunked[\r][\n]"
22:20:42,105 DEBUG            http.wire| http-outgoing-0 << "Date: Wed, 12 Jul 2023 19:20:41 GMT[\r][\n]"
22:20:42,105 DEBUG            http.wire| http-outgoing-0 << "Keep-Alive: timeout=60[\r][\n]"
22:20:42,105 DEBUG            http.wire| http-outgoing-0 << "Connection: keep-alive[\r][\n]"
22:20:42,105 DEBUG            http.wire| http-outgoing-0 << "[\r][\n]"
22:20:42,105 DEBUG            http.wire| http-outgoing-0 << "96[\r][\n]"
22:20:42,105 DEBUG            http.wire| http-outgoing-0 << "{"userId":27,"name":"Aracely Pfannerstill","course":"National Metrics Supervisor","email":"27@qa.ru","age":29,"mark":{"name":"Course mark","score":6}}[\r][\n]"
22:20:42,105 DEBUG         http.headers| http-outgoing-0 << HTTP/1.1 200 
22:20:42,105 DEBUG         http.headers| http-outgoing-0 << Content-Type: application/json
22:20:42,105 DEBUG         http.headers| http-outgoing-0 << Transfer-Encoding: chunked
22:20:42,105 DEBUG         http.headers| http-outgoing-0 << Date: Wed, 12 Jul 2023 19:20:41 GMT
22:20:42,105 DEBUG         http.headers| http-outgoing-0 << Keep-Alive: timeout=60
22:20:42,105 DEBUG         http.headers| http-outgoing-0 << Connection: keep-alive
22:20:42,105 DEBUG chain.MainClientExec| Connection can be kept alive for 60000 MILLISECONDS
22:20:42,105 DEBUG            http.wire| http-outgoing-0 << "0[\r][\n]"
22:20:42,105 DEBUG            http.wire| http-outgoing-0 << "[\r][\n]"
22:20:42,106 DEBUG entConnectionManager| Connection [id: 0][route: {}->http://localhost:8080] can be kept alive for 60.0 seconds
22:20:42,106 DEBUG HttpClientConnection| http-outgoing-0: set socket timeout to 0
22:20:42,106 DEBUG entConnectionManager| Connection released: [id: 0][route: {}->http://localhost:8080][total available: 1; route allocated: 1 of 5; total allocated: 1 of 10]
22:20:42,106 DEBUG ingClientInterceptor| Received Http response message
22:20:42,107 DEBUG    Logger.Message_IN| RAWMESSAGE [id: 52a31764-8870-41f9-83ea-6b980a5632a5, payload: HTTP/1.1 200 OK 
Content-Type:application/json
Transfer-Encoding:chunked
Date:Wed, 12 Jul 2023 19:20:41 GMT
Keep-Alive:timeout=60
Connection:keep-alive

{"userId":27,"name":"Aracely Pfannerstill","course":"National Metrics Supervisor","email":"27@qa.ru","age":29,"mark":{"name":"Course mark","score":6}}][headers: {citrus_message_id=52a31764-8870-41f9-83ea-6b980a5632a5, citrus_message_timestamp=1689189642106}]
22:20:42,107 DEBUG  client.RestTemplate| Response 200 OK
22:20:42,107 DEBUG  client.RestTemplate| Reading to [java.lang.String] as "application/json"
22:20:42,107 INFO     client.HttpClient| HTTP message was sent to endpoint: 'http://localhost:8080/user/get/27'
22:20:42,107 DEBUG aultHttpHeaderMapper| inboundHeaderNames=[Accept-Ranges, Age, Allow, Cache-Control, Connection, Content-Encoding, Content-Language, Content-Length, Content-Location, Content-MD5, Content-Range, Content-Type, Content-Disposition, Transfer-Encoding, Date, ETag, Expires, Last-Modified, Location, Pragma, Proxy-Authenticate, Refresh, Retry-After, Server, Set-Cookie, Trailer, Vary, Via, Warning, WWW-Authenticate]
22:20:42,107 DEBUG aultHttpHeaderMapper| headerName=[content-type] WILL be mapped, matched pattern=content-type
22:20:42,107 DEBUG aultHttpHeaderMapper| setting headerName=[contentType], value=application/json
22:20:42,107 DEBUG aultHttpHeaderMapper| headerName=[transfer-encoding] WILL be mapped, matched pattern=transfer-encoding
22:20:42,107 DEBUG aultHttpHeaderMapper| setting headerName=[Transfer-Encoding], value=[chunked]
22:20:42,107 DEBUG aultHttpHeaderMapper| headerName=[date] WILL be mapped, matched pattern=date
22:20:42,107 DEBUG aultHttpHeaderMapper| setting headerName=[Date], value=1 689 189 641 000
22:20:42,107 DEBUG aultHttpHeaderMapper| headerName=[keep-alive] WILL NOT be mapped
22:20:42,107 DEBUG aultHttpHeaderMapper| headerName=[connection] WILL be mapped, matched pattern=connection
22:20:42,107 DEBUG aultHttpHeaderMapper| setting headerName=[Connection], value=[keep-alive]
22:20:42,107 DEBUG ltCorrelationManager| Saving correlated object for 'citrus_message_id = '1f6a4fff-bed2-427e-8d5b-90e79728847d''
22:20:42,107 INFO  port.LoggingReporter| 
22:20:42,107 DEBUG port.LoggingReporter| TEST STEP 53 SUCCESS
22:20:42,107 INFO  port.LoggingReporter| 
22:20:42,107 DEBUG port.LoggingReporter| TEST STEP 54: receive
22:20:42,107 DEBUG ngCorrelationManager| Get correlation key for 'citrus_message_correlator_httpRESTClient'
22:20:42,107 DEBUG ltCorrelationManager| Finding correlated object for 'citrus_message_id = '1f6a4fff-bed2-427e-8d5b-90e79728847d''
22:20:42,108 DEBUG ageValidatorRegistry| Found 4 message validators for message
22:20:42,108 DEBUG ssageHeaderValidator| Start message header validation ...
22:20:42,108 DEBUG faultHeaderValidator| Validating header element: citrus_http_reason_phrase='OK': OK.
22:20:42,109 DEBUG faultHeaderValidator| Validating header element: citrus_http_status_code='200': OK.
22:20:42,109 INFO  ssageHeaderValidator| Message header validation successful: All values OK
22:20:42,109 DEBUG TextMessageValidator| Start JSON message validation ...
22:20:42,109 DEBUG JsonSchemaValidation| Starting Json schema validation ...
22:20:42,109 INFO  JsonSchemaValidation| Json schema validation successful: All values OK
22:20:42,109 DEBUG TextMessageValidator| Received message:
HTTPMESSAGE [id: dfe6ad02-fd89-49da-bc66-6f68ef97b5ab, payload: {"userId":27,"name":"Aracely Pfannerstill","course":"National Metrics Supervisor","email":"27@qa.ru","age":29,"mark":{"name":"Course mark","score":6}}][headers: {Transfer-Encoding=chunked, Connection=keep-alive, contentType=application/json, Date=1689189641000, citrus_message_id=dfe6ad02-fd89-49da-bc66-6f68ef97b5ab, citrus_message_timestamp=1689189642107, Keep-Alive=timeout=60, Content-Type=application/json, citrus_http_status_code=200, citrus_http_reason_phrase=OK, citrus_http_version=HTTP/1.1}]
22:20:42,109 DEBUG TextMessageValidator| Control message:
HTTPMESSAGE [id: 7c261a00-c423-4f51-a095-f60f192ea071, payload: {"userId":27,"email":"@contains('@qa.ru')@","name":"@matches('^[a-zA-Z\\s\\.]*$')@","course":"@matches('^[a-zA-Z\\s]*$')@","age":"@isNumber()@","mark":{"name":"@contains('Course mark')@","score":"@isNumber()@"}}][headers: {citrus_message_id=7c261a00-c423-4f51-a095-f60f192ea071, citrus_message_timestamp=1689189642107, citrus_http_reason_phrase=OK, citrus_http_status_code=200, citrus_message_type=JSON}]
22:20:42,109 DEBUG TextMessageValidator| Validation successful for JSON entry 'name' (@matches('^[a-zA-Z\s\.]*$')@)
22:20:42,109 DEBUG TextMessageValidator| Validation successful for JSON entry 'course' (@matches('^[a-zA-Z\s]*$')@)
22:20:42,109 DEBUG TextMessageValidator| Validation successful for JSON entry 'userId' (27)
22:20:42,109 DEBUG TextMessageValidator| Validation successful for JSON entry 'email' (@contains('@qa.ru')@)
22:20:42,109 DEBUG TextMessageValidator| Validation successful for JSON entry 'age' (@isNumber()@)
22:20:42,109 DEBUG TextMessageValidator| Validation successful for JSON entry 'score' (@isNumber()@)
22:20:42,109 DEBUG TextMessageValidator| Validation successful for JSON entry 'name' (@contains('Course mark')@)
22:20:42,109 DEBUG TextMessageValidator| Validation successful for JSON entry 'mark' ({"score":"@isNumber()@","name":"@contains('Course mark')@"})
22:20:42,109 INFO  TextMessageValidator| JSON message validation successful: All values OK
22:20:42,109 INFO  port.LoggingReporter| 
22:20:42,109 DEBUG port.LoggingReporter| TEST STEP 54 SUCCESS
]]></system-out>
  </testcase>
  <testcase name="getUserStubParametrizedTest(int)[28]" classname="citrus.HttpRESTStubTests" time="0.01">
    <system-out><![CDATA[22:20:42,112 INFO  port.LoggingReporter| 
22:20:42,112 INFO  port.LoggingReporter| ------------------------------------------------------------------------
22:20:42,112 DEBUG port.LoggingReporter| STARTING TEST HttpRESTStubTests.getUserStubParametrizedTest <citrus>
22:20:42,112 INFO  port.LoggingReporter| 
22:20:42,112 DEBUG trus.DefaultTestCase| Initializing test case
22:20:42,112 DEBUG trus.DefaultTestCase| Global variables:
22:20:42,112 DEBUG trus.DefaultTestCase| citrus_message_correlator_httpRESTClient = citrus_message_id = '1f6a4fff-bed2-427e-8d5b-90e79728847d'
22:20:42,112 DEBUG trus.DefaultTestCase| default.test.author = Unknown
22:20:42,112 DEBUG trus.DefaultTestCase| citrus.test.package = citrus
22:20:42,112 DEBUG trus.DefaultTestCase| citrus.test.name = HttpRESTStubTests.getUserStubParametrizedTest
22:20:42,112 DEBUG trus.DefaultTestCase| project.name = Citrus Integration Tests
22:20:42,112 DEBUG trus.DefaultTestCase| userId = 35
22:20:42,112 DEBUG trus.DefaultTestCase| citrus_message_replyTo_citrus_message_correlator_httpRESTClient = http://localhost:8080/user/get/27
22:20:42,112 DEBUG trus.DefaultTestCase| url = http://localhost:8080/user
22:20:42,112 DEBUG trus.DefaultTestCase| default.test.package = citrus
22:20:42,112 DEBUG  context.TestContext| Setting variable: citrus.test.name with value: 'HttpRESTStubTests.getUserStubParametrizedTest'
22:20:42,112 DEBUG  context.TestContext| Setting variable: citrus.test.package with value: 'citrus'
22:20:42,112 DEBUG trus.DefaultTestCase| Test variables:
22:20:42,112 DEBUG trus.DefaultTestCase| citrus_message_correlator_httpRESTClient = citrus_message_id = '1f6a4fff-bed2-427e-8d5b-90e79728847d'
22:20:42,112 DEBUG trus.DefaultTestCase| default.test.author = Unknown
22:20:42,112 DEBUG trus.DefaultTestCase| citrus.test.package = citrus
22:20:42,112 DEBUG trus.DefaultTestCase| citrus.test.name = HttpRESTStubTests.getUserStubParametrizedTest
22:20:42,112 DEBUG trus.DefaultTestCase| project.name = Citrus Integration Tests
22:20:42,112 DEBUG trus.DefaultTestCase| userId = 35
22:20:42,112 DEBUG trus.DefaultTestCase| citrus_message_replyTo_citrus_message_correlator_httpRESTClient = http://localhost:8080/user/get/27
22:20:42,112 DEBUG trus.DefaultTestCase| url = http://localhost:8080/user
22:20:42,112 DEBUG trus.DefaultTestCase| default.test.package = citrus
22:20:42,112 INFO  port.LoggingReporter| 
22:20:42,112 DEBUG port.LoggingReporter| TEST STEP 55: send
22:20:42,112 DEBUG ltCorrelationManager| Saving correlation key for 'citrus_message_correlator_httpRESTClient'
22:20:42,112 DEBUG  context.TestContext| Setting variable: citrus_message_correlator_httpRESTClient with value: 'citrus_message_id = 'db8b1bc3-660b-4f58-bcb6-85935a89750e''
22:20:42,112 DEBUG  context.TestContext| Setting variable: citrus_message_replyTo_citrus_message_correlator_httpRESTClient with value: 'http://localhost:8080/user/get/28'
22:20:42,112 INFO     client.HttpClient| Sending HTTP message to: 'http://localhost:8080/user/get/28'
22:20:42,112 DEBUG    client.HttpClient| Message to send:

22:20:42,112 DEBUG aultHttpHeaderMapper| outboundHeaderNames=[Accept, Accept-Charset, Accept-Encoding, Accept-Language, Accept-Ranges, Authorization, Cache-Control, Connection, Content-Length, Content-Type, Cookie, Date, Expect, From, Host, If-Match, If-Modified-Since, If-None-Match, If-Range, If-Unmodified-Since, Max-Forwards, Pragma, Proxy-Authorization, Range, Referer, TE, Upgrade, User-Agent, Via, Warning]
22:20:42,112 DEBUG aultHttpHeaderMapper| headerName=[citrus_message_timestamp] WILL NOT be mapped
22:20:42,112 DEBUG aultHttpHeaderMapper| headerName=[citrus_message_type] WILL NOT be mapped
22:20:42,112 DEBUG aultHttpHeaderMapper| headerName=[citrus_request_path] WILL NOT be mapped
22:20:42,113 DEBUG aultHttpHeaderMapper| headerName=[citrus_http_request_uri] WILL NOT be mapped
22:20:42,113 DEBUG aultHttpHeaderMapper| headerName=[id] WILL NOT be mapped
22:20:42,113 DEBUG aultHttpHeaderMapper| headerName=[citrus_message_id] WILL NOT be mapped
22:20:42,113 DEBUG aultHttpHeaderMapper| headerName=[citrus_http_method] WILL NOT be mapped
22:20:42,113 DEBUG aultHttpHeaderMapper| headerName=[timestamp] WILL NOT be mapped
22:20:42,113 DEBUG  client.RestTemplate| HTTP GET http://localhost:8080/user/get/28
22:20:42,113 DEBUG  client.RestTemplate| Accept=[text/plain, application/json, application/*+json, */*]
22:20:42,113 DEBUG ingClientInterceptor| Sending Http request message
22:20:42,114 DEBUG   Logger.Message_OUT| RAWMESSAGE [id: 92b4d9c8-1cfa-4879-9518-da4793d5b851, payload: GET http://localhost:8080/user/get/28
Accept:text/plain, application/json, application/*+json, */*
Content-Type:application/json;charset=UTF-8
Content-Length:0][headers: {citrus_message_id=92b4d9c8-1cfa-4879-9518-da4793d5b851, citrus_message_timestamp=1689189642113}]
22:20:42,114 DEBUG ol.RequestAddCookies| CookieSpec selected: default
22:20:42,114 DEBUG col.RequestAuthCache| Auth cache not set in the context
22:20:42,114 DEBUG entConnectionManager| Connection request: [route: {}->http://localhost:8080][total available: 1; route allocated: 1 of 5; total allocated: 1 of 10]
22:20:42,114 DEBUG entConnectionManager| Connection leased: [id: 0][route: {}->http://localhost:8080][total available: 0; route allocated: 1 of 5; total allocated: 1 of 10]
22:20:42,114 DEBUG HttpClientConnection| http-outgoing-0: set socket timeout to 0
22:20:42,114 DEBUG chain.MainClientExec| Executing request GET /user/get/28 HTTP/1.1
22:20:42,114 DEBUG chain.MainClientExec| Target auth state: UNCHALLENGED
22:20:42,114 DEBUG chain.MainClientExec| Proxy auth state: UNCHALLENGED
22:20:42,114 DEBUG         http.headers| http-outgoing-0 >> GET /user/get/28 HTTP/1.1
22:20:42,114 DEBUG         http.headers| http-outgoing-0 >> Accept: text/plain, application/json, application/*+json, */*
22:20:42,114 DEBUG         http.headers| http-outgoing-0 >> Content-Type: application/json;charset=UTF-8
22:20:42,114 DEBUG         http.headers| http-outgoing-0 >> Host: localhost:8080
22:20:42,115 DEBUG         http.headers| http-outgoing-0 >> Connection: Keep-Alive
22:20:42,115 DEBUG         http.headers| http-outgoing-0 >> User-Agent: Apache-HttpClient/4.5.13 (Java/11.0.16)
22:20:42,115 DEBUG         http.headers| http-outgoing-0 >> Accept-Encoding: gzip,deflate
22:20:42,115 DEBUG            http.wire| http-outgoing-0 >> "GET /user/get/28 HTTP/1.1[\r][\n]"
22:20:42,115 DEBUG            http.wire| http-outgoing-0 >> "Accept: text/plain, application/json, application/*+json, */*[\r][\n]"
22:20:42,115 DEBUG            http.wire| http-outgoing-0 >> "Content-Type: application/json;charset=UTF-8[\r][\n]"
22:20:42,115 DEBUG            http.wire| http-outgoing-0 >> "Host: localhost:8080[\r][\n]"
22:20:42,115 DEBUG            http.wire| http-outgoing-0 >> "Connection: Keep-Alive[\r][\n]"
22:20:42,115 DEBUG            http.wire| http-outgoing-0 >> "User-Agent: Apache-HttpClient/4.5.13 (Java/11.0.16)[\r][\n]"
22:20:42,115 DEBUG            http.wire| http-outgoing-0 >> "Accept-Encoding: gzip,deflate[\r][\n]"
22:20:42,115 DEBUG            http.wire| http-outgoing-0 >> "[\r][\n]"
22:20:42,116 DEBUG            http.wire| http-outgoing-0 << "HTTP/1.1 200 [\r][\n]"
22:20:42,116 DEBUG            http.wire| http-outgoing-0 << "Content-Type: application/json[\r][\n]"
22:20:42,116 DEBUG            http.wire| http-outgoing-0 << "Transfer-Encoding: chunked[\r][\n]"
22:20:42,116 DEBUG            http.wire| http-outgoing-0 << "Date: Wed, 12 Jul 2023 19:20:41 GMT[\r][\n]"
22:20:42,116 DEBUG            http.wire| http-outgoing-0 << "Keep-Alive: timeout=60[\r][\n]"
22:20:42,116 DEBUG            http.wire| http-outgoing-0 << "Connection: keep-alive[\r][\n]"
22:20:42,116 DEBUG            http.wire| http-outgoing-0 << "[\r][\n]"
22:20:42,116 DEBUG            http.wire| http-outgoing-0 << "90[\r][\n]"
22:20:42,116 DEBUG            http.wire| http-outgoing-0 << "{"userId":28,"name":"Buford Pollich","course":"Senior Interactions Planner","email":"28@qa.ru","age":62,"mark":{"name":"Course mark","score":0}}[\r][\n]"
22:20:42,116 DEBUG         http.headers| http-outgoing-0 << HTTP/1.1 200 
22:20:42,116 DEBUG         http.headers| http-outgoing-0 << Content-Type: application/json
22:20:42,116 DEBUG         http.headers| http-outgoing-0 << Transfer-Encoding: chunked
22:20:42,116 DEBUG         http.headers| http-outgoing-0 << Date: Wed, 12 Jul 2023 19:20:41 GMT
22:20:42,116 DEBUG         http.headers| http-outgoing-0 << Keep-Alive: timeout=60
22:20:42,116 DEBUG         http.headers| http-outgoing-0 << Connection: keep-alive
22:20:42,116 DEBUG chain.MainClientExec| Connection can be kept alive for 60000 MILLISECONDS
22:20:42,116 DEBUG            http.wire| http-outgoing-0 << "0[\r][\n]"
22:20:42,116 DEBUG            http.wire| http-outgoing-0 << "[\r][\n]"
22:20:42,116 DEBUG entConnectionManager| Connection [id: 0][route: {}->http://localhost:8080] can be kept alive for 60.0 seconds
22:20:42,116 DEBUG HttpClientConnection| http-outgoing-0: set socket timeout to 0
22:20:42,116 DEBUG entConnectionManager| Connection released: [id: 0][route: {}->http://localhost:8080][total available: 1; route allocated: 1 of 5; total allocated: 1 of 10]
22:20:42,116 DEBUG ingClientInterceptor| Received Http response message
22:20:42,118 DEBUG    Logger.Message_IN| RAWMESSAGE [id: 2cc35738-865e-4ef1-90af-c1b1da3034f0, payload: HTTP/1.1 200 OK 
Content-Type:application/json
Transfer-Encoding:chunked
Date:Wed, 12 Jul 2023 19:20:41 GMT
Keep-Alive:timeout=60
Connection:keep-alive

{"userId":28,"name":"Buford Pollich","course":"Senior Interactions Planner","email":"28@qa.ru","age":62,"mark":{"name":"Course mark","score":0}}][headers: {citrus_message_id=2cc35738-865e-4ef1-90af-c1b1da3034f0, citrus_message_timestamp=1689189642116}]
22:20:42,118 DEBUG  client.RestTemplate| Response 200 OK
22:20:42,118 DEBUG  client.RestTemplate| Reading to [java.lang.String] as "application/json"
22:20:42,118 INFO     client.HttpClient| HTTP message was sent to endpoint: 'http://localhost:8080/user/get/28'
22:20:42,118 DEBUG aultHttpHeaderMapper| inboundHeaderNames=[Accept-Ranges, Age, Allow, Cache-Control, Connection, Content-Encoding, Content-Language, Content-Length, Content-Location, Content-MD5, Content-Range, Content-Type, Content-Disposition, Transfer-Encoding, Date, ETag, Expires, Last-Modified, Location, Pragma, Proxy-Authenticate, Refresh, Retry-After, Server, Set-Cookie, Trailer, Vary, Via, Warning, WWW-Authenticate]
22:20:42,118 DEBUG aultHttpHeaderMapper| headerName=[content-type] WILL be mapped, matched pattern=content-type
22:20:42,118 DEBUG aultHttpHeaderMapper| setting headerName=[contentType], value=application/json
22:20:42,118 DEBUG aultHttpHeaderMapper| headerName=[transfer-encoding] WILL be mapped, matched pattern=transfer-encoding
22:20:42,118 DEBUG aultHttpHeaderMapper| setting headerName=[Transfer-Encoding], value=[chunked]
22:20:42,118 DEBUG aultHttpHeaderMapper| headerName=[date] WILL be mapped, matched pattern=date
22:20:42,118 DEBUG aultHttpHeaderMapper| setting headerName=[Date], value=1 689 189 641 000
22:20:42,118 DEBUG aultHttpHeaderMapper| headerName=[keep-alive] WILL NOT be mapped
22:20:42,118 DEBUG aultHttpHeaderMapper| headerName=[connection] WILL be mapped, matched pattern=connection
22:20:42,118 DEBUG aultHttpHeaderMapper| setting headerName=[Connection], value=[keep-alive]
22:20:42,118 DEBUG ltCorrelationManager| Saving correlated object for 'citrus_message_id = 'db8b1bc3-660b-4f58-bcb6-85935a89750e''
22:20:42,118 INFO  port.LoggingReporter| 
22:20:42,118 DEBUG port.LoggingReporter| TEST STEP 55 SUCCESS
22:20:42,118 INFO  port.LoggingReporter| 
22:20:42,118 DEBUG port.LoggingReporter| TEST STEP 56: receive
22:20:42,118 DEBUG ngCorrelationManager| Get correlation key for 'citrus_message_correlator_httpRESTClient'
22:20:42,118 DEBUG ltCorrelationManager| Finding correlated object for 'citrus_message_id = 'db8b1bc3-660b-4f58-bcb6-85935a89750e''
22:20:42,119 DEBUG ageValidatorRegistry| Found 4 message validators for message
22:20:42,119 DEBUG ssageHeaderValidator| Start message header validation ...
22:20:42,119 DEBUG faultHeaderValidator| Validating header element: citrus_http_reason_phrase='OK': OK.
22:20:42,119 DEBUG faultHeaderValidator| Validating header element: citrus_http_status_code='200': OK.
22:20:42,119 INFO  ssageHeaderValidator| Message header validation successful: All values OK
22:20:42,119 DEBUG TextMessageValidator| Start JSON message validation ...
22:20:42,119 DEBUG JsonSchemaValidation| Starting Json schema validation ...
22:20:42,119 INFO  JsonSchemaValidation| Json schema validation successful: All values OK
22:20:42,120 DEBUG TextMessageValidator| Received message:
HTTPMESSAGE [id: e4394d0e-5981-4948-86ad-e65f2d0c5b3c, payload: {"userId":28,"name":"Buford Pollich","course":"Senior Interactions Planner","email":"28@qa.ru","age":62,"mark":{"name":"Course mark","score":0}}][headers: {Transfer-Encoding=chunked, Connection=keep-alive, contentType=application/json, Date=1689189641000, citrus_message_id=e4394d0e-5981-4948-86ad-e65f2d0c5b3c, citrus_message_timestamp=1689189642118, Keep-Alive=timeout=60, Content-Type=application/json, citrus_http_status_code=200, citrus_http_reason_phrase=OK, citrus_http_version=HTTP/1.1}]
22:20:42,120 DEBUG TextMessageValidator| Control message:
HTTPMESSAGE [id: 044aa6f2-7370-4fda-befe-0ce0d8c9d823, payload: {"userId":28,"email":"@contains('@qa.ru')@","name":"@matches('^[a-zA-Z\\s\\.]*$')@","course":"@matches('^[a-zA-Z\\s]*$')@","age":"@isNumber()@","mark":{"name":"@contains('Course mark')@","score":"@isNumber()@"}}][headers: {citrus_message_id=044aa6f2-7370-4fda-befe-0ce0d8c9d823, citrus_message_timestamp=1689189642118, citrus_http_reason_phrase=OK, citrus_http_status_code=200, citrus_message_type=JSON}]
22:20:42,120 DEBUG TextMessageValidator| Validation successful for JSON entry 'name' (@matches('^[a-zA-Z\s\.]*$')@)
22:20:42,120 DEBUG TextMessageValidator| Validation successful for JSON entry 'course' (@matches('^[a-zA-Z\s]*$')@)
22:20:42,120 DEBUG TextMessageValidator| Validation successful for JSON entry 'userId' (28)
22:20:42,120 DEBUG TextMessageValidator| Validation successful for JSON entry 'email' (@contains('@qa.ru')@)
22:20:42,120 DEBUG TextMessageValidator| Validation successful for JSON entry 'age' (@isNumber()@)
22:20:42,120 DEBUG TextMessageValidator| Validation successful for JSON entry 'score' (@isNumber()@)
22:20:42,120 DEBUG TextMessageValidator| Validation successful for JSON entry 'name' (@contains('Course mark')@)
22:20:42,120 DEBUG TextMessageValidator| Validation successful for JSON entry 'mark' ({"score":"@isNumber()@","name":"@contains('Course mark')@"})
22:20:42,120 INFO  TextMessageValidator| JSON message validation successful: All values OK
22:20:42,120 INFO  port.LoggingReporter| 
22:20:42,120 DEBUG port.LoggingReporter| TEST STEP 56 SUCCESS
]]></system-out>
  </testcase>
  <testcase name="getUserStubParametrizedTest(int)[29]" classname="citrus.HttpRESTStubTests" time="0.009">
    <system-out><![CDATA[22:20:42,122 INFO  port.LoggingReporter| 
22:20:42,122 INFO  port.LoggingReporter| ------------------------------------------------------------------------
22:20:42,122 DEBUG port.LoggingReporter| STARTING TEST HttpRESTStubTests.getUserStubParametrizedTest <citrus>
22:20:42,122 INFO  port.LoggingReporter| 
22:20:42,122 DEBUG trus.DefaultTestCase| Initializing test case
22:20:42,122 DEBUG trus.DefaultTestCase| Global variables:
22:20:42,122 DEBUG trus.DefaultTestCase| citrus_message_correlator_httpRESTClient = citrus_message_id = 'db8b1bc3-660b-4f58-bcb6-85935a89750e'
22:20:42,122 DEBUG trus.DefaultTestCase| default.test.author = Unknown
22:20:42,122 DEBUG trus.DefaultTestCase| citrus.test.package = citrus
22:20:42,122 DEBUG trus.DefaultTestCase| citrus.test.name = HttpRESTStubTests.getUserStubParametrizedTest
22:20:42,122 DEBUG trus.DefaultTestCase| project.name = Citrus Integration Tests
22:20:42,122 DEBUG trus.DefaultTestCase| userId = 35
22:20:42,122 DEBUG trus.DefaultTestCase| citrus_message_replyTo_citrus_message_correlator_httpRESTClient = http://localhost:8080/user/get/28
22:20:42,122 DEBUG trus.DefaultTestCase| url = http://localhost:8080/user
22:20:42,122 DEBUG trus.DefaultTestCase| default.test.package = citrus
22:20:42,122 DEBUG  context.TestContext| Setting variable: citrus.test.name with value: 'HttpRESTStubTests.getUserStubParametrizedTest'
22:20:42,122 DEBUG  context.TestContext| Setting variable: citrus.test.package with value: 'citrus'
22:20:42,122 DEBUG trus.DefaultTestCase| Test variables:
22:20:42,122 DEBUG trus.DefaultTestCase| citrus_message_correlator_httpRESTClient = citrus_message_id = 'db8b1bc3-660b-4f58-bcb6-85935a89750e'
22:20:42,122 DEBUG trus.DefaultTestCase| default.test.author = Unknown
22:20:42,122 DEBUG trus.DefaultTestCase| citrus.test.package = citrus
22:20:42,122 DEBUG trus.DefaultTestCase| citrus.test.name = HttpRESTStubTests.getUserStubParametrizedTest
22:20:42,122 DEBUG trus.DefaultTestCase| project.name = Citrus Integration Tests
22:20:42,122 DEBUG trus.DefaultTestCase| userId = 35
22:20:42,122 DEBUG trus.DefaultTestCase| citrus_message_replyTo_citrus_message_correlator_httpRESTClient = http://localhost:8080/user/get/28
22:20:42,122 DEBUG trus.DefaultTestCase| url = http://localhost:8080/user
22:20:42,122 DEBUG trus.DefaultTestCase| default.test.package = citrus
22:20:42,122 INFO  port.LoggingReporter| 
22:20:42,122 DEBUG port.LoggingReporter| TEST STEP 57: send
22:20:42,123 DEBUG ltCorrelationManager| Saving correlation key for 'citrus_message_correlator_httpRESTClient'
22:20:42,123 DEBUG  context.TestContext| Setting variable: citrus_message_correlator_httpRESTClient with value: 'citrus_message_id = 'f8f039b1-e178-4f53-b967-db81a004e228''
22:20:42,123 DEBUG  context.TestContext| Setting variable: citrus_message_replyTo_citrus_message_correlator_httpRESTClient with value: 'http://localhost:8080/user/get/29'
22:20:42,123 INFO     client.HttpClient| Sending HTTP message to: 'http://localhost:8080/user/get/29'
22:20:42,123 DEBUG    client.HttpClient| Message to send:

22:20:42,123 DEBUG aultHttpHeaderMapper| outboundHeaderNames=[Accept, Accept-Charset, Accept-Encoding, Accept-Language, Accept-Ranges, Authorization, Cache-Control, Connection, Content-Length, Content-Type, Cookie, Date, Expect, From, Host, If-Match, If-Modified-Since, If-None-Match, If-Range, If-Unmodified-Since, Max-Forwards, Pragma, Proxy-Authorization, Range, Referer, TE, Upgrade, User-Agent, Via, Warning]
22:20:42,123 DEBUG aultHttpHeaderMapper| headerName=[citrus_message_timestamp] WILL NOT be mapped
22:20:42,123 DEBUG aultHttpHeaderMapper| headerName=[citrus_message_type] WILL NOT be mapped
22:20:42,123 DEBUG aultHttpHeaderMapper| headerName=[citrus_request_path] WILL NOT be mapped
22:20:42,123 DEBUG aultHttpHeaderMapper| headerName=[citrus_http_request_uri] WILL NOT be mapped
22:20:42,123 DEBUG aultHttpHeaderMapper| headerName=[id] WILL NOT be mapped
22:20:42,123 DEBUG aultHttpHeaderMapper| headerName=[citrus_message_id] WILL NOT be mapped
22:20:42,123 DEBUG aultHttpHeaderMapper| headerName=[citrus_http_method] WILL NOT be mapped
22:20:42,123 DEBUG aultHttpHeaderMapper| headerName=[timestamp] WILL NOT be mapped
22:20:42,123 DEBUG  client.RestTemplate| HTTP GET http://localhost:8080/user/get/29
22:20:42,123 DEBUG  client.RestTemplate| Accept=[text/plain, application/json, application/*+json, */*]
22:20:42,123 DEBUG ingClientInterceptor| Sending Http request message
22:20:42,124 DEBUG   Logger.Message_OUT| RAWMESSAGE [id: b841850d-8cab-41c6-84fa-159df20fa46c, payload: GET http://localhost:8080/user/get/29
Accept:text/plain, application/json, application/*+json, */*
Content-Type:application/json;charset=UTF-8
Content-Length:0][headers: {citrus_message_id=b841850d-8cab-41c6-84fa-159df20fa46c, citrus_message_timestamp=1689189642123}]
22:20:42,124 DEBUG ol.RequestAddCookies| CookieSpec selected: default
22:20:42,124 DEBUG col.RequestAuthCache| Auth cache not set in the context
22:20:42,124 DEBUG entConnectionManager| Connection request: [route: {}->http://localhost:8080][total available: 1; route allocated: 1 of 5; total allocated: 1 of 10]
22:20:42,124 DEBUG entConnectionManager| Connection leased: [id: 0][route: {}->http://localhost:8080][total available: 0; route allocated: 1 of 5; total allocated: 1 of 10]
22:20:42,124 DEBUG HttpClientConnection| http-outgoing-0: set socket timeout to 0
22:20:42,124 DEBUG chain.MainClientExec| Executing request GET /user/get/29 HTTP/1.1
22:20:42,124 DEBUG chain.MainClientExec| Target auth state: UNCHALLENGED
22:20:42,124 DEBUG chain.MainClientExec| Proxy auth state: UNCHALLENGED
22:20:42,124 DEBUG         http.headers| http-outgoing-0 >> GET /user/get/29 HTTP/1.1
22:20:42,124 DEBUG         http.headers| http-outgoing-0 >> Accept: text/plain, application/json, application/*+json, */*
22:20:42,124 DEBUG         http.headers| http-outgoing-0 >> Content-Type: application/json;charset=UTF-8
22:20:42,125 DEBUG         http.headers| http-outgoing-0 >> Host: localhost:8080
22:20:42,125 DEBUG         http.headers| http-outgoing-0 >> Connection: Keep-Alive
22:20:42,125 DEBUG         http.headers| http-outgoing-0 >> User-Agent: Apache-HttpClient/4.5.13 (Java/11.0.16)
22:20:42,125 DEBUG         http.headers| http-outgoing-0 >> Accept-Encoding: gzip,deflate
22:20:42,125 DEBUG            http.wire| http-outgoing-0 >> "GET /user/get/29 HTTP/1.1[\r][\n]"
22:20:42,125 DEBUG            http.wire| http-outgoing-0 >> "Accept: text/plain, application/json, application/*+json, */*[\r][\n]"
22:20:42,125 DEBUG            http.wire| http-outgoing-0 >> "Content-Type: application/json;charset=UTF-8[\r][\n]"
22:20:42,125 DEBUG            http.wire| http-outgoing-0 >> "Host: localhost:8080[\r][\n]"
22:20:42,125 DEBUG            http.wire| http-outgoing-0 >> "Connection: Keep-Alive[\r][\n]"
22:20:42,125 DEBUG            http.wire| http-outgoing-0 >> "User-Agent: Apache-HttpClient/4.5.13 (Java/11.0.16)[\r][\n]"
22:20:42,125 DEBUG            http.wire| http-outgoing-0 >> "Accept-Encoding: gzip,deflate[\r][\n]"
22:20:42,125 DEBUG            http.wire| http-outgoing-0 >> "[\r][\n]"
22:20:42,126 DEBUG            http.wire| http-outgoing-0 << "HTTP/1.1 200 [\r][\n]"
22:20:42,126 DEBUG            http.wire| http-outgoing-0 << "Content-Type: application/json[\r][\n]"
22:20:42,126 DEBUG            http.wire| http-outgoing-0 << "Transfer-Encoding: chunked[\r][\n]"
22:20:42,126 DEBUG            http.wire| http-outgoing-0 << "Date: Wed, 12 Jul 2023 19:20:41 GMT[\r][\n]"
22:20:42,126 DEBUG            http.wire| http-outgoing-0 << "Keep-Alive: timeout=60[\r][\n]"
22:20:42,126 DEBUG            http.wire| http-outgoing-0 << "Connection: keep-alive[\r][\n]"
22:20:42,126 DEBUG            http.wire| http-outgoing-0 << "[\r][\n]"
22:20:42,126 DEBUG            http.wire| http-outgoing-0 << "8f[\r][\n]"
22:20:42,126 DEBUG            http.wire| http-outgoing-0 << "{"userId":29,"name":"Ulysses Becker","course":"Customer Research Engineer","email":"29@qa.ru","age":55,"mark":{"name":"Course mark","score":4}}[\r][\n]"
22:20:42,126 DEBUG         http.headers| http-outgoing-0 << HTTP/1.1 200 
22:20:42,126 DEBUG         http.headers| http-outgoing-0 << Content-Type: application/json
22:20:42,126 DEBUG         http.headers| http-outgoing-0 << Transfer-Encoding: chunked
22:20:42,126 DEBUG         http.headers| http-outgoing-0 << Date: Wed, 12 Jul 2023 19:20:41 GMT
22:20:42,126 DEBUG         http.headers| http-outgoing-0 << Keep-Alive: timeout=60
22:20:42,126 DEBUG         http.headers| http-outgoing-0 << Connection: keep-alive
22:20:42,126 DEBUG chain.MainClientExec| Connection can be kept alive for 60000 MILLISECONDS
22:20:42,126 DEBUG            http.wire| http-outgoing-0 << "0[\r][\n]"
22:20:42,126 DEBUG            http.wire| http-outgoing-0 << "[\r][\n]"
22:20:42,126 DEBUG entConnectionManager| Connection [id: 0][route: {}->http://localhost:8080] can be kept alive for 60.0 seconds
22:20:42,126 DEBUG HttpClientConnection| http-outgoing-0: set socket timeout to 0
22:20:42,126 DEBUG entConnectionManager| Connection released: [id: 0][route: {}->http://localhost:8080][total available: 1; route allocated: 1 of 5; total allocated: 1 of 10]
22:20:42,126 DEBUG ingClientInterceptor| Received Http response message
22:20:42,127 DEBUG    Logger.Message_IN| RAWMESSAGE [id: 0f71c7ca-21f5-43dc-b41c-4575f6ea4859, payload: HTTP/1.1 200 OK 
Content-Type:application/json
Transfer-Encoding:chunked
Date:Wed, 12 Jul 2023 19:20:41 GMT
Keep-Alive:timeout=60
Connection:keep-alive

{"userId":29,"name":"Ulysses Becker","course":"Customer Research Engineer","email":"29@qa.ru","age":55,"mark":{"name":"Course mark","score":4}}][headers: {citrus_message_id=0f71c7ca-21f5-43dc-b41c-4575f6ea4859, citrus_message_timestamp=1689189642126}]
22:20:42,127 DEBUG  client.RestTemplate| Response 200 OK
22:20:42,127 DEBUG  client.RestTemplate| Reading to [java.lang.String] as "application/json"
22:20:42,127 INFO     client.HttpClient| HTTP message was sent to endpoint: 'http://localhost:8080/user/get/29'
22:20:42,128 DEBUG aultHttpHeaderMapper| inboundHeaderNames=[Accept-Ranges, Age, Allow, Cache-Control, Connection, Content-Encoding, Content-Language, Content-Length, Content-Location, Content-MD5, Content-Range, Content-Type, Content-Disposition, Transfer-Encoding, Date, ETag, Expires, Last-Modified, Location, Pragma, Proxy-Authenticate, Refresh, Retry-After, Server, Set-Cookie, Trailer, Vary, Via, Warning, WWW-Authenticate]
22:20:42,128 DEBUG aultHttpHeaderMapper| headerName=[content-type] WILL be mapped, matched pattern=content-type
22:20:42,128 DEBUG aultHttpHeaderMapper| setting headerName=[contentType], value=application/json
22:20:42,128 DEBUG aultHttpHeaderMapper| headerName=[transfer-encoding] WILL be mapped, matched pattern=transfer-encoding
22:20:42,128 DEBUG aultHttpHeaderMapper| setting headerName=[Transfer-Encoding], value=[chunked]
22:20:42,128 DEBUG aultHttpHeaderMapper| headerName=[date] WILL be mapped, matched pattern=date
22:20:42,128 DEBUG aultHttpHeaderMapper| setting headerName=[Date], value=1 689 189 641 000
22:20:42,128 DEBUG aultHttpHeaderMapper| headerName=[keep-alive] WILL NOT be mapped
22:20:42,128 DEBUG aultHttpHeaderMapper| headerName=[connection] WILL be mapped, matched pattern=connection
22:20:42,128 DEBUG aultHttpHeaderMapper| setting headerName=[Connection], value=[keep-alive]
22:20:42,128 DEBUG ltCorrelationManager| Saving correlated object for 'citrus_message_id = 'f8f039b1-e178-4f53-b967-db81a004e228''
22:20:42,128 INFO  port.LoggingReporter| 
22:20:42,128 DEBUG port.LoggingReporter| TEST STEP 57 SUCCESS
22:20:42,128 INFO  port.LoggingReporter| 
22:20:42,128 DEBUG port.LoggingReporter| TEST STEP 58: receive
22:20:42,128 DEBUG ngCorrelationManager| Get correlation key for 'citrus_message_correlator_httpRESTClient'
22:20:42,128 DEBUG ltCorrelationManager| Finding correlated object for 'citrus_message_id = 'f8f039b1-e178-4f53-b967-db81a004e228''
22:20:42,129 DEBUG ageValidatorRegistry| Found 4 message validators for message
22:20:42,129 DEBUG ssageHeaderValidator| Start message header validation ...
22:20:42,129 DEBUG faultHeaderValidator| Validating header element: citrus_http_reason_phrase='OK': OK.
22:20:42,129 DEBUG faultHeaderValidator| Validating header element: citrus_http_status_code='200': OK.
22:20:42,129 INFO  ssageHeaderValidator| Message header validation successful: All values OK
22:20:42,129 DEBUG TextMessageValidator| Start JSON message validation ...
22:20:42,129 DEBUG JsonSchemaValidation| Starting Json schema validation ...
22:20:42,129 INFO  JsonSchemaValidation| Json schema validation successful: All values OK
22:20:42,129 DEBUG TextMessageValidator| Received message:
HTTPMESSAGE [id: db039692-d2e7-4a25-9057-c77a28e13e3e, payload: {"userId":29,"name":"Ulysses Becker","course":"Customer Research Engineer","email":"29@qa.ru","age":55,"mark":{"name":"Course mark","score":4}}][headers: {Transfer-Encoding=chunked, Connection=keep-alive, contentType=application/json, Date=1689189641000, citrus_message_id=db039692-d2e7-4a25-9057-c77a28e13e3e, citrus_message_timestamp=1689189642128, Keep-Alive=timeout=60, Content-Type=application/json, citrus_http_status_code=200, citrus_http_reason_phrase=OK, citrus_http_version=HTTP/1.1}]
22:20:42,129 DEBUG TextMessageValidator| Control message:
HTTPMESSAGE [id: 3a3d66b3-9923-4bf7-8671-c8c273c226f4, payload: {"userId":29,"email":"@contains('@qa.ru')@","name":"@matches('^[a-zA-Z\\s\\.]*$')@","course":"@matches('^[a-zA-Z\\s]*$')@","age":"@isNumber()@","mark":{"name":"@contains('Course mark')@","score":"@isNumber()@"}}][headers: {citrus_message_id=3a3d66b3-9923-4bf7-8671-c8c273c226f4, citrus_message_timestamp=1689189642128, citrus_http_reason_phrase=OK, citrus_http_status_code=200, citrus_message_type=JSON}]
22:20:42,130 DEBUG TextMessageValidator| Validation successful for JSON entry 'name' (@matches('^[a-zA-Z\s\.]*$')@)
22:20:42,130 DEBUG TextMessageValidator| Validation successful for JSON entry 'course' (@matches('^[a-zA-Z\s]*$')@)
22:20:42,130 DEBUG TextMessageValidator| Validation successful for JSON entry 'userId' (29)
22:20:42,130 DEBUG TextMessageValidator| Validation successful for JSON entry 'email' (@contains('@qa.ru')@)
22:20:42,130 DEBUG TextMessageValidator| Validation successful for JSON entry 'age' (@isNumber()@)
22:20:42,130 DEBUG TextMessageValidator| Validation successful for JSON entry 'score' (@isNumber()@)
22:20:42,130 DEBUG TextMessageValidator| Validation successful for JSON entry 'name' (@contains('Course mark')@)
22:20:42,130 DEBUG TextMessageValidator| Validation successful for JSON entry 'mark' ({"score":"@isNumber()@","name":"@contains('Course mark')@"})
22:20:42,130 INFO  TextMessageValidator| JSON message validation successful: All values OK
22:20:42,130 INFO  port.LoggingReporter| 
22:20:42,130 DEBUG port.LoggingReporter| TEST STEP 58 SUCCESS
]]></system-out>
  </testcase>
  <testcase name="getUserStubParametrizedTest(int)[30]" classname="citrus.HttpRESTStubTests" time="0.01">
    <system-out><![CDATA[22:20:42,132 INFO  port.LoggingReporter| 
22:20:42,132 INFO  port.LoggingReporter| ------------------------------------------------------------------------
22:20:42,132 DEBUG port.LoggingReporter| STARTING TEST HttpRESTStubTests.getUserStubParametrizedTest <citrus>
22:20:42,132 INFO  port.LoggingReporter| 
22:20:42,132 DEBUG trus.DefaultTestCase| Initializing test case
22:20:42,132 DEBUG trus.DefaultTestCase| Global variables:
22:20:42,132 DEBUG trus.DefaultTestCase| citrus_message_correlator_httpRESTClient = citrus_message_id = 'f8f039b1-e178-4f53-b967-db81a004e228'
22:20:42,132 DEBUG trus.DefaultTestCase| default.test.author = Unknown
22:20:42,132 DEBUG trus.DefaultTestCase| citrus.test.package = citrus
22:20:42,132 DEBUG trus.DefaultTestCase| citrus.test.name = HttpRESTStubTests.getUserStubParametrizedTest
22:20:42,132 DEBUG trus.DefaultTestCase| project.name = Citrus Integration Tests
22:20:42,132 DEBUG trus.DefaultTestCase| userId = 35
22:20:42,132 DEBUG trus.DefaultTestCase| citrus_message_replyTo_citrus_message_correlator_httpRESTClient = http://localhost:8080/user/get/29
22:20:42,132 DEBUG trus.DefaultTestCase| url = http://localhost:8080/user
22:20:42,132 DEBUG trus.DefaultTestCase| default.test.package = citrus
22:20:42,132 DEBUG  context.TestContext| Setting variable: citrus.test.name with value: 'HttpRESTStubTests.getUserStubParametrizedTest'
22:20:42,132 DEBUG  context.TestContext| Setting variable: citrus.test.package with value: 'citrus'
22:20:42,132 DEBUG trus.DefaultTestCase| Test variables:
22:20:42,132 DEBUG trus.DefaultTestCase| citrus_message_correlator_httpRESTClient = citrus_message_id = 'f8f039b1-e178-4f53-b967-db81a004e228'
22:20:42,132 DEBUG trus.DefaultTestCase| default.test.author = Unknown
22:20:42,132 DEBUG trus.DefaultTestCase| citrus.test.package = citrus
22:20:42,132 DEBUG trus.DefaultTestCase| citrus.test.name = HttpRESTStubTests.getUserStubParametrizedTest
22:20:42,132 DEBUG trus.DefaultTestCase| project.name = Citrus Integration Tests
22:20:42,132 DEBUG trus.DefaultTestCase| userId = 35
22:20:42,132 DEBUG trus.DefaultTestCase| citrus_message_replyTo_citrus_message_correlator_httpRESTClient = http://localhost:8080/user/get/29
22:20:42,132 DEBUG trus.DefaultTestCase| url = http://localhost:8080/user
22:20:42,132 DEBUG trus.DefaultTestCase| default.test.package = citrus
22:20:42,132 INFO  port.LoggingReporter| 
22:20:42,132 DEBUG port.LoggingReporter| TEST STEP 59: send
22:20:42,132 DEBUG ltCorrelationManager| Saving correlation key for 'citrus_message_correlator_httpRESTClient'
22:20:42,132 DEBUG  context.TestContext| Setting variable: citrus_message_correlator_httpRESTClient with value: 'citrus_message_id = 'f2e5f7ff-dd7b-4189-acef-45bf9a0020d4''
22:20:42,132 DEBUG  context.TestContext| Setting variable: citrus_message_replyTo_citrus_message_correlator_httpRESTClient with value: 'http://localhost:8080/user/get/30'
22:20:42,132 INFO     client.HttpClient| Sending HTTP message to: 'http://localhost:8080/user/get/30'
22:20:42,132 DEBUG    client.HttpClient| Message to send:

22:20:42,132 DEBUG aultHttpHeaderMapper| outboundHeaderNames=[Accept, Accept-Charset, Accept-Encoding, Accept-Language, Accept-Ranges, Authorization, Cache-Control, Connection, Content-Length, Content-Type, Cookie, Date, Expect, From, Host, If-Match, If-Modified-Since, If-None-Match, If-Range, If-Unmodified-Since, Max-Forwards, Pragma, Proxy-Authorization, Range, Referer, TE, Upgrade, User-Agent, Via, Warning]
22:20:42,132 DEBUG aultHttpHeaderMapper| headerName=[citrus_message_timestamp] WILL NOT be mapped
22:20:42,132 DEBUG aultHttpHeaderMapper| headerName=[citrus_message_type] WILL NOT be mapped
22:20:42,132 DEBUG aultHttpHeaderMapper| headerName=[citrus_request_path] WILL NOT be mapped
22:20:42,132 DEBUG aultHttpHeaderMapper| headerName=[citrus_http_request_uri] WILL NOT be mapped
22:20:42,133 DEBUG aultHttpHeaderMapper| headerName=[id] WILL NOT be mapped
22:20:42,133 DEBUG aultHttpHeaderMapper| headerName=[citrus_message_id] WILL NOT be mapped
22:20:42,133 DEBUG aultHttpHeaderMapper| headerName=[citrus_http_method] WILL NOT be mapped
22:20:42,133 DEBUG aultHttpHeaderMapper| headerName=[timestamp] WILL NOT be mapped
22:20:42,133 DEBUG  client.RestTemplate| HTTP GET http://localhost:8080/user/get/30
22:20:42,133 DEBUG  client.RestTemplate| Accept=[text/plain, application/json, application/*+json, */*]
22:20:42,133 DEBUG ingClientInterceptor| Sending Http request message
22:20:42,134 DEBUG   Logger.Message_OUT| RAWMESSAGE [id: 278cf31b-1c62-4cc3-92ab-d31938f65439, payload: GET http://localhost:8080/user/get/30
Accept:text/plain, application/json, application/*+json, */*
Content-Type:application/json;charset=UTF-8
Content-Length:0][headers: {citrus_message_id=278cf31b-1c62-4cc3-92ab-d31938f65439, citrus_message_timestamp=1689189642133}]
22:20:42,134 DEBUG ol.RequestAddCookies| CookieSpec selected: default
22:20:42,134 DEBUG col.RequestAuthCache| Auth cache not set in the context
22:20:42,134 DEBUG entConnectionManager| Connection request: [route: {}->http://localhost:8080][total available: 1; route allocated: 1 of 5; total allocated: 1 of 10]
22:20:42,134 DEBUG entConnectionManager| Connection leased: [id: 0][route: {}->http://localhost:8080][total available: 0; route allocated: 1 of 5; total allocated: 1 of 10]
22:20:42,134 DEBUG HttpClientConnection| http-outgoing-0: set socket timeout to 0
22:20:42,134 DEBUG chain.MainClientExec| Executing request GET /user/get/30 HTTP/1.1
22:20:42,134 DEBUG chain.MainClientExec| Target auth state: UNCHALLENGED
22:20:42,134 DEBUG chain.MainClientExec| Proxy auth state: UNCHALLENGED
22:20:42,134 DEBUG         http.headers| http-outgoing-0 >> GET /user/get/30 HTTP/1.1
22:20:42,134 DEBUG         http.headers| http-outgoing-0 >> Accept: text/plain, application/json, application/*+json, */*
22:20:42,134 DEBUG         http.headers| http-outgoing-0 >> Content-Type: application/json;charset=UTF-8
22:20:42,134 DEBUG         http.headers| http-outgoing-0 >> Host: localhost:8080
22:20:42,134 DEBUG         http.headers| http-outgoing-0 >> Connection: Keep-Alive
22:20:42,134 DEBUG         http.headers| http-outgoing-0 >> User-Agent: Apache-HttpClient/4.5.13 (Java/11.0.16)
22:20:42,134 DEBUG         http.headers| http-outgoing-0 >> Accept-Encoding: gzip,deflate
22:20:42,134 DEBUG            http.wire| http-outgoing-0 >> "GET /user/get/30 HTTP/1.1[\r][\n]"
22:20:42,134 DEBUG            http.wire| http-outgoing-0 >> "Accept: text/plain, application/json, application/*+json, */*[\r][\n]"
22:20:42,134 DEBUG            http.wire| http-outgoing-0 >> "Content-Type: application/json;charset=UTF-8[\r][\n]"
22:20:42,134 DEBUG            http.wire| http-outgoing-0 >> "Host: localhost:8080[\r][\n]"
22:20:42,134 DEBUG            http.wire| http-outgoing-0 >> "Connection: Keep-Alive[\r][\n]"
22:20:42,134 DEBUG            http.wire| http-outgoing-0 >> "User-Agent: Apache-HttpClient/4.5.13 (Java/11.0.16)[\r][\n]"
22:20:42,134 DEBUG            http.wire| http-outgoing-0 >> "Accept-Encoding: gzip,deflate[\r][\n]"
22:20:42,134 DEBUG            http.wire| http-outgoing-0 >> "[\r][\n]"
22:20:42,135 DEBUG            http.wire| http-outgoing-0 << "HTTP/1.1 200 [\r][\n]"
22:20:42,135 DEBUG            http.wire| http-outgoing-0 << "Content-Type: application/json[\r][\n]"
22:20:42,135 DEBUG            http.wire| http-outgoing-0 << "Transfer-Encoding: chunked[\r][\n]"
22:20:42,135 DEBUG            http.wire| http-outgoing-0 << "Date: Wed, 12 Jul 2023 19:20:41 GMT[\r][\n]"
22:20:42,135 DEBUG            http.wire| http-outgoing-0 << "Keep-Alive: timeout=60[\r][\n]"
22:20:42,135 DEBUG            http.wire| http-outgoing-0 << "Connection: keep-alive[\r][\n]"
22:20:42,135 DEBUG            http.wire| http-outgoing-0 << "[\r][\n]"
22:20:42,135 DEBUG            http.wire| http-outgoing-0 << "94[\r][\n]"
22:20:42,135 DEBUG            http.wire| http-outgoing-0 << "{"userId":30,"name":"Jeremy Waters","course":"Investor Applications Technician","email":"30@qa.ru","age":11,"mark":{"name":"Course mark","score":9}}[\r][\n]"
22:20:42,136 DEBUG         http.headers| http-outgoing-0 << HTTP/1.1 200 
22:20:42,136 DEBUG         http.headers| http-outgoing-0 << Content-Type: application/json
22:20:42,136 DEBUG         http.headers| http-outgoing-0 << Transfer-Encoding: chunked
22:20:42,136 DEBUG         http.headers| http-outgoing-0 << Date: Wed, 12 Jul 2023 19:20:41 GMT
22:20:42,136 DEBUG         http.headers| http-outgoing-0 << Keep-Alive: timeout=60
22:20:42,136 DEBUG         http.headers| http-outgoing-0 << Connection: keep-alive
22:20:42,136 DEBUG chain.MainClientExec| Connection can be kept alive for 60000 MILLISECONDS
22:20:42,136 DEBUG            http.wire| http-outgoing-0 << "0[\r][\n]"
22:20:42,136 DEBUG            http.wire| http-outgoing-0 << "[\r][\n]"
22:20:42,136 DEBUG entConnectionManager| Connection [id: 0][route: {}->http://localhost:8080] can be kept alive for 60.0 seconds
22:20:42,136 DEBUG HttpClientConnection| http-outgoing-0: set socket timeout to 0
22:20:42,136 DEBUG entConnectionManager| Connection released: [id: 0][route: {}->http://localhost:8080][total available: 1; route allocated: 1 of 5; total allocated: 1 of 10]
22:20:42,136 DEBUG ingClientInterceptor| Received Http response message
22:20:42,137 DEBUG    Logger.Message_IN| RAWMESSAGE [id: 87d17b89-4648-4921-8011-2e1bfd3b785d, payload: HTTP/1.1 200 OK 
Content-Type:application/json
Transfer-Encoding:chunked
Date:Wed, 12 Jul 2023 19:20:41 GMT
Keep-Alive:timeout=60
Connection:keep-alive

{"userId":30,"name":"Jeremy Waters","course":"Investor Applications Technician","email":"30@qa.ru","age":11,"mark":{"name":"Course mark","score":9}}][headers: {citrus_message_id=87d17b89-4648-4921-8011-2e1bfd3b785d, citrus_message_timestamp=1689189642136}]
22:20:42,137 DEBUG  client.RestTemplate| Response 200 OK
22:20:42,137 DEBUG  client.RestTemplate| Reading to [java.lang.String] as "application/json"
22:20:42,137 INFO     client.HttpClient| HTTP message was sent to endpoint: 'http://localhost:8080/user/get/30'
22:20:42,137 DEBUG aultHttpHeaderMapper| inboundHeaderNames=[Accept-Ranges, Age, Allow, Cache-Control, Connection, Content-Encoding, Content-Language, Content-Length, Content-Location, Content-MD5, Content-Range, Content-Type, Content-Disposition, Transfer-Encoding, Date, ETag, Expires, Last-Modified, Location, Pragma, Proxy-Authenticate, Refresh, Retry-After, Server, Set-Cookie, Trailer, Vary, Via, Warning, WWW-Authenticate]
22:20:42,137 DEBUG aultHttpHeaderMapper| headerName=[content-type] WILL be mapped, matched pattern=content-type
22:20:42,137 DEBUG aultHttpHeaderMapper| setting headerName=[contentType], value=application/json
22:20:42,137 DEBUG aultHttpHeaderMapper| headerName=[transfer-encoding] WILL be mapped, matched pattern=transfer-encoding
22:20:42,137 DEBUG aultHttpHeaderMapper| setting headerName=[Transfer-Encoding], value=[chunked]
22:20:42,137 DEBUG aultHttpHeaderMapper| headerName=[date] WILL be mapped, matched pattern=date
22:20:42,138 DEBUG aultHttpHeaderMapper| setting headerName=[Date], value=1 689 189 641 000
22:20:42,138 DEBUG aultHttpHeaderMapper| headerName=[keep-alive] WILL NOT be mapped
22:20:42,138 DEBUG aultHttpHeaderMapper| headerName=[connection] WILL be mapped, matched pattern=connection
22:20:42,138 DEBUG aultHttpHeaderMapper| setting headerName=[Connection], value=[keep-alive]
22:20:42,138 DEBUG ltCorrelationManager| Saving correlated object for 'citrus_message_id = 'f2e5f7ff-dd7b-4189-acef-45bf9a0020d4''
22:20:42,138 INFO  port.LoggingReporter| 
22:20:42,138 DEBUG port.LoggingReporter| TEST STEP 59 SUCCESS
22:20:42,138 INFO  port.LoggingReporter| 
22:20:42,138 DEBUG port.LoggingReporter| TEST STEP 60: receive
22:20:42,138 DEBUG ngCorrelationManager| Get correlation key for 'citrus_message_correlator_httpRESTClient'
22:20:42,138 DEBUG ltCorrelationManager| Finding correlated object for 'citrus_message_id = 'f2e5f7ff-dd7b-4189-acef-45bf9a0020d4''
22:20:42,139 DEBUG ageValidatorRegistry| Found 4 message validators for message
22:20:42,139 DEBUG ssageHeaderValidator| Start message header validation ...
22:20:42,139 DEBUG faultHeaderValidator| Validating header element: citrus_http_reason_phrase='OK': OK.
22:20:42,139 DEBUG faultHeaderValidator| Validating header element: citrus_http_status_code='200': OK.
22:20:42,139 INFO  ssageHeaderValidator| Message header validation successful: All values OK
22:20:42,139 DEBUG TextMessageValidator| Start JSON message validation ...
22:20:42,139 DEBUG JsonSchemaValidation| Starting Json schema validation ...
22:20:42,139 INFO  JsonSchemaValidation| Json schema validation successful: All values OK
22:20:42,139 DEBUG TextMessageValidator| Received message:
HTTPMESSAGE [id: 5ed3cae8-5b9f-46b0-b6a0-5108b17167e1, payload: {"userId":30,"name":"Jeremy Waters","course":"Investor Applications Technician","email":"30@qa.ru","age":11,"mark":{"name":"Course mark","score":9}}][headers: {Transfer-Encoding=chunked, Connection=keep-alive, contentType=application/json, Date=1689189641000, citrus_message_id=5ed3cae8-5b9f-46b0-b6a0-5108b17167e1, citrus_message_timestamp=1689189642138, Keep-Alive=timeout=60, Content-Type=application/json, citrus_http_status_code=200, citrus_http_reason_phrase=OK, citrus_http_version=HTTP/1.1}]
22:20:42,139 DEBUG TextMessageValidator| Control message:
HTTPMESSAGE [id: bf4acf62-9be9-41e9-92f2-3e984afe6105, payload: {"userId":30,"email":"@contains('@qa.ru')@","name":"@matches('^[a-zA-Z\\s\\.]*$')@","course":"@matches('^[a-zA-Z\\s]*$')@","age":"@isNumber()@","mark":{"name":"@contains('Course mark')@","score":"@isNumber()@"}}][headers: {citrus_message_id=bf4acf62-9be9-41e9-92f2-3e984afe6105, citrus_message_timestamp=1689189642138, citrus_http_reason_phrase=OK, citrus_http_status_code=200, citrus_message_type=JSON}]
22:20:42,139 DEBUG TextMessageValidator| Validation successful for JSON entry 'name' (@matches('^[a-zA-Z\s\.]*$')@)
22:20:42,139 DEBUG TextMessageValidator| Validation successful for JSON entry 'course' (@matches('^[a-zA-Z\s]*$')@)
22:20:42,139 DEBUG TextMessageValidator| Validation successful for JSON entry 'userId' (30)
22:20:42,139 DEBUG TextMessageValidator| Validation successful for JSON entry 'email' (@contains('@qa.ru')@)
22:20:42,139 DEBUG TextMessageValidator| Validation successful for JSON entry 'age' (@isNumber()@)
22:20:42,139 DEBUG TextMessageValidator| Validation successful for JSON entry 'score' (@isNumber()@)
22:20:42,139 DEBUG TextMessageValidator| Validation successful for JSON entry 'name' (@contains('Course mark')@)
22:20:42,139 DEBUG TextMessageValidator| Validation successful for JSON entry 'mark' ({"score":"@isNumber()@","name":"@contains('Course mark')@"})
22:20:42,139 INFO  TextMessageValidator| JSON message validation successful: All values OK
22:20:42,139 INFO  port.LoggingReporter| 
22:20:42,139 DEBUG port.LoggingReporter| TEST STEP 60 SUCCESS
]]></system-out>
  </testcase>
  <testcase name="getUserStubParametrizedTest(int)[31]" classname="citrus.HttpRESTStubTests" time="0.01">
    <system-out><![CDATA[22:20:42,142 INFO  port.LoggingReporter| 
22:20:42,142 INFO  port.LoggingReporter| ------------------------------------------------------------------------
22:20:42,142 DEBUG port.LoggingReporter| STARTING TEST HttpRESTStubTests.getUserStubParametrizedTest <citrus>
22:20:42,142 INFO  port.LoggingReporter| 
22:20:42,142 DEBUG trus.DefaultTestCase| Initializing test case
22:20:42,142 DEBUG trus.DefaultTestCase| Global variables:
22:20:42,142 DEBUG trus.DefaultTestCase| citrus_message_correlator_httpRESTClient = citrus_message_id = 'f2e5f7ff-dd7b-4189-acef-45bf9a0020d4'
22:20:42,142 DEBUG trus.DefaultTestCase| default.test.author = Unknown
22:20:42,142 DEBUG trus.DefaultTestCase| citrus.test.package = citrus
22:20:42,142 DEBUG trus.DefaultTestCase| citrus.test.name = HttpRESTStubTests.getUserStubParametrizedTest
22:20:42,142 DEBUG trus.DefaultTestCase| project.name = Citrus Integration Tests
22:20:42,142 DEBUG trus.DefaultTestCase| userId = 35
22:20:42,142 DEBUG trus.DefaultTestCase| citrus_message_replyTo_citrus_message_correlator_httpRESTClient = http://localhost:8080/user/get/30
22:20:42,142 DEBUG trus.DefaultTestCase| url = http://localhost:8080/user
22:20:42,142 DEBUG trus.DefaultTestCase| default.test.package = citrus
22:20:42,142 DEBUG  context.TestContext| Setting variable: citrus.test.name with value: 'HttpRESTStubTests.getUserStubParametrizedTest'
22:20:42,142 DEBUG  context.TestContext| Setting variable: citrus.test.package with value: 'citrus'
22:20:42,142 DEBUG trus.DefaultTestCase| Test variables:
22:20:42,142 DEBUG trus.DefaultTestCase| citrus_message_correlator_httpRESTClient = citrus_message_id = 'f2e5f7ff-dd7b-4189-acef-45bf9a0020d4'
22:20:42,142 DEBUG trus.DefaultTestCase| default.test.author = Unknown
22:20:42,142 DEBUG trus.DefaultTestCase| citrus.test.package = citrus
22:20:42,142 DEBUG trus.DefaultTestCase| citrus.test.name = HttpRESTStubTests.getUserStubParametrizedTest
22:20:42,142 DEBUG trus.DefaultTestCase| project.name = Citrus Integration Tests
22:20:42,142 DEBUG trus.DefaultTestCase| userId = 35
22:20:42,142 DEBUG trus.DefaultTestCase| citrus_message_replyTo_citrus_message_correlator_httpRESTClient = http://localhost:8080/user/get/30
22:20:42,142 DEBUG trus.DefaultTestCase| url = http://localhost:8080/user
22:20:42,142 DEBUG trus.DefaultTestCase| default.test.package = citrus
22:20:42,142 INFO  port.LoggingReporter| 
22:20:42,143 DEBUG port.LoggingReporter| TEST STEP 61: send
22:20:42,143 DEBUG ltCorrelationManager| Saving correlation key for 'citrus_message_correlator_httpRESTClient'
22:20:42,143 DEBUG  context.TestContext| Setting variable: citrus_message_correlator_httpRESTClient with value: 'citrus_message_id = '9fb3cc61-2305-4905-84e3-d5012820eab7''
22:20:42,143 DEBUG  context.TestContext| Setting variable: citrus_message_replyTo_citrus_message_correlator_httpRESTClient with value: 'http://localhost:8080/user/get/31'
22:20:42,143 INFO     client.HttpClient| Sending HTTP message to: 'http://localhost:8080/user/get/31'
22:20:42,143 DEBUG    client.HttpClient| Message to send:

22:20:42,143 DEBUG aultHttpHeaderMapper| outboundHeaderNames=[Accept, Accept-Charset, Accept-Encoding, Accept-Language, Accept-Ranges, Authorization, Cache-Control, Connection, Content-Length, Content-Type, Cookie, Date, Expect, From, Host, If-Match, If-Modified-Since, If-None-Match, If-Range, If-Unmodified-Since, Max-Forwards, Pragma, Proxy-Authorization, Range, Referer, TE, Upgrade, User-Agent, Via, Warning]
22:20:42,143 DEBUG aultHttpHeaderMapper| headerName=[citrus_message_timestamp] WILL NOT be mapped
22:20:42,143 DEBUG aultHttpHeaderMapper| headerName=[citrus_message_type] WILL NOT be mapped
22:20:42,143 DEBUG aultHttpHeaderMapper| headerName=[citrus_request_path] WILL NOT be mapped
22:20:42,143 DEBUG aultHttpHeaderMapper| headerName=[citrus_http_request_uri] WILL NOT be mapped
22:20:42,143 DEBUG aultHttpHeaderMapper| headerName=[id] WILL NOT be mapped
22:20:42,143 DEBUG aultHttpHeaderMapper| headerName=[citrus_message_id] WILL NOT be mapped
22:20:42,143 DEBUG aultHttpHeaderMapper| headerName=[citrus_http_method] WILL NOT be mapped
22:20:42,143 DEBUG aultHttpHeaderMapper| headerName=[timestamp] WILL NOT be mapped
22:20:42,143 DEBUG  client.RestTemplate| HTTP GET http://localhost:8080/user/get/31
22:20:42,143 DEBUG  client.RestTemplate| Accept=[text/plain, application/json, application/*+json, */*]
22:20:42,143 DEBUG ingClientInterceptor| Sending Http request message
22:20:42,144 DEBUG   Logger.Message_OUT| RAWMESSAGE [id: 91fe8cf3-1150-4904-987a-c4c33ca8c738, payload: GET http://localhost:8080/user/get/31
Accept:text/plain, application/json, application/*+json, */*
Content-Type:application/json;charset=UTF-8
Content-Length:0][headers: {citrus_message_id=91fe8cf3-1150-4904-987a-c4c33ca8c738, citrus_message_timestamp=1689189642143}]
22:20:42,145 DEBUG ol.RequestAddCookies| CookieSpec selected: default
22:20:42,145 DEBUG col.RequestAuthCache| Auth cache not set in the context
22:20:42,145 DEBUG entConnectionManager| Connection request: [route: {}->http://localhost:8080][total available: 1; route allocated: 1 of 5; total allocated: 1 of 10]
22:20:42,145 DEBUG entConnectionManager| Connection leased: [id: 0][route: {}->http://localhost:8080][total available: 0; route allocated: 1 of 5; total allocated: 1 of 10]
22:20:42,145 DEBUG HttpClientConnection| http-outgoing-0: set socket timeout to 0
22:20:42,145 DEBUG chain.MainClientExec| Executing request GET /user/get/31 HTTP/1.1
22:20:42,145 DEBUG chain.MainClientExec| Target auth state: UNCHALLENGED
22:20:42,145 DEBUG chain.MainClientExec| Proxy auth state: UNCHALLENGED
22:20:42,145 DEBUG         http.headers| http-outgoing-0 >> GET /user/get/31 HTTP/1.1
22:20:42,145 DEBUG         http.headers| http-outgoing-0 >> Accept: text/plain, application/json, application/*+json, */*
22:20:42,145 DEBUG         http.headers| http-outgoing-0 >> Content-Type: application/json;charset=UTF-8
22:20:42,145 DEBUG         http.headers| http-outgoing-0 >> Host: localhost:8080
22:20:42,145 DEBUG         http.headers| http-outgoing-0 >> Connection: Keep-Alive
22:20:42,145 DEBUG         http.headers| http-outgoing-0 >> User-Agent: Apache-HttpClient/4.5.13 (Java/11.0.16)
22:20:42,145 DEBUG         http.headers| http-outgoing-0 >> Accept-Encoding: gzip,deflate
22:20:42,145 DEBUG            http.wire| http-outgoing-0 >> "GET /user/get/31 HTTP/1.1[\r][\n]"
22:20:42,145 DEBUG            http.wire| http-outgoing-0 >> "Accept: text/plain, application/json, application/*+json, */*[\r][\n]"
22:20:42,145 DEBUG            http.wire| http-outgoing-0 >> "Content-Type: application/json;charset=UTF-8[\r][\n]"
22:20:42,145 DEBUG            http.wire| http-outgoing-0 >> "Host: localhost:8080[\r][\n]"
22:20:42,145 DEBUG            http.wire| http-outgoing-0 >> "Connection: Keep-Alive[\r][\n]"
22:20:42,145 DEBUG            http.wire| http-outgoing-0 >> "User-Agent: Apache-HttpClient/4.5.13 (Java/11.0.16)[\r][\n]"
22:20:42,145 DEBUG            http.wire| http-outgoing-0 >> "Accept-Encoding: gzip,deflate[\r][\n]"
22:20:42,145 DEBUG            http.wire| http-outgoing-0 >> "[\r][\n]"
22:20:42,146 DEBUG            http.wire| http-outgoing-0 << "HTTP/1.1 200 [\r][\n]"
22:20:42,146 DEBUG            http.wire| http-outgoing-0 << "Content-Type: application/json[\r][\n]"
22:20:42,146 DEBUG            http.wire| http-outgoing-0 << "Transfer-Encoding: chunked[\r][\n]"
22:20:42,146 DEBUG            http.wire| http-outgoing-0 << "Date: Wed, 12 Jul 2023 19:20:41 GMT[\r][\n]"
22:20:42,146 DEBUG            http.wire| http-outgoing-0 << "Keep-Alive: timeout=60[\r][\n]"
22:20:42,146 DEBUG            http.wire| http-outgoing-0 << "Connection: keep-alive[\r][\n]"
22:20:42,146 DEBUG            http.wire| http-outgoing-0 << "[\r][\n]"
22:20:42,146 DEBUG            http.wire| http-outgoing-0 << "8c[\r][\n]"
22:20:42,146 DEBUG            http.wire| http-outgoing-0 << "{"userId":31,"name":"Mrs. Nobuko Rowe","course":"Chief Tactics Liaison","email":"31@qa.ru","age":17,"mark":{"name":"Course mark","score":3}}[\r][\n]"
22:20:42,146 DEBUG         http.headers| http-outgoing-0 << HTTP/1.1 200 
22:20:42,146 DEBUG         http.headers| http-outgoing-0 << Content-Type: application/json
22:20:42,146 DEBUG         http.headers| http-outgoing-0 << Transfer-Encoding: chunked
22:20:42,146 DEBUG         http.headers| http-outgoing-0 << Date: Wed, 12 Jul 2023 19:20:41 GMT
22:20:42,146 DEBUG         http.headers| http-outgoing-0 << Keep-Alive: timeout=60
22:20:42,146 DEBUG         http.headers| http-outgoing-0 << Connection: keep-alive
22:20:42,146 DEBUG chain.MainClientExec| Connection can be kept alive for 60000 MILLISECONDS
22:20:42,146 DEBUG            http.wire| http-outgoing-0 << "0[\r][\n]"
22:20:42,146 DEBUG            http.wire| http-outgoing-0 << "[\r][\n]"
22:20:42,146 DEBUG entConnectionManager| Connection [id: 0][route: {}->http://localhost:8080] can be kept alive for 60.0 seconds
22:20:42,146 DEBUG HttpClientConnection| http-outgoing-0: set socket timeout to 0
22:20:42,146 DEBUG entConnectionManager| Connection released: [id: 0][route: {}->http://localhost:8080][total available: 1; route allocated: 1 of 5; total allocated: 1 of 10]
22:20:42,146 DEBUG ingClientInterceptor| Received Http response message
22:20:42,148 DEBUG    Logger.Message_IN| RAWMESSAGE [id: 7b0a8237-33c6-4466-9cff-71459b45da4d, payload: HTTP/1.1 200 OK 
Content-Type:application/json
Transfer-Encoding:chunked
Date:Wed, 12 Jul 2023 19:20:41 GMT
Keep-Alive:timeout=60
Connection:keep-alive

{"userId":31,"name":"Mrs. Nobuko Rowe","course":"Chief Tactics Liaison","email":"31@qa.ru","age":17,"mark":{"name":"Course mark","score":3}}][headers: {citrus_message_id=7b0a8237-33c6-4466-9cff-71459b45da4d, citrus_message_timestamp=1689189642146}]
22:20:42,148 DEBUG  client.RestTemplate| Response 200 OK
22:20:42,148 DEBUG  client.RestTemplate| Reading to [java.lang.String] as "application/json"
22:20:42,148 INFO     client.HttpClient| HTTP message was sent to endpoint: 'http://localhost:8080/user/get/31'
22:20:42,148 DEBUG aultHttpHeaderMapper| inboundHeaderNames=[Accept-Ranges, Age, Allow, Cache-Control, Connection, Content-Encoding, Content-Language, Content-Length, Content-Location, Content-MD5, Content-Range, Content-Type, Content-Disposition, Transfer-Encoding, Date, ETag, Expires, Last-Modified, Location, Pragma, Proxy-Authenticate, Refresh, Retry-After, Server, Set-Cookie, Trailer, Vary, Via, Warning, WWW-Authenticate]
22:20:42,148 DEBUG aultHttpHeaderMapper| headerName=[content-type] WILL be mapped, matched pattern=content-type
22:20:42,148 DEBUG aultHttpHeaderMapper| setting headerName=[contentType], value=application/json
22:20:42,148 DEBUG aultHttpHeaderMapper| headerName=[transfer-encoding] WILL be mapped, matched pattern=transfer-encoding
22:20:42,148 DEBUG aultHttpHeaderMapper| setting headerName=[Transfer-Encoding], value=[chunked]
22:20:42,148 DEBUG aultHttpHeaderMapper| headerName=[date] WILL be mapped, matched pattern=date
22:20:42,148 DEBUG aultHttpHeaderMapper| setting headerName=[Date], value=1 689 189 641 000
22:20:42,148 DEBUG aultHttpHeaderMapper| headerName=[keep-alive] WILL NOT be mapped
22:20:42,148 DEBUG aultHttpHeaderMapper| headerName=[connection] WILL be mapped, matched pattern=connection
22:20:42,148 DEBUG aultHttpHeaderMapper| setting headerName=[Connection], value=[keep-alive]
22:20:42,148 DEBUG ltCorrelationManager| Saving correlated object for 'citrus_message_id = '9fb3cc61-2305-4905-84e3-d5012820eab7''
22:20:42,148 INFO  port.LoggingReporter| 
22:20:42,148 DEBUG port.LoggingReporter| TEST STEP 61 SUCCESS
22:20:42,148 INFO  port.LoggingReporter| 
22:20:42,148 DEBUG port.LoggingReporter| TEST STEP 62: receive
22:20:42,148 DEBUG ngCorrelationManager| Get correlation key for 'citrus_message_correlator_httpRESTClient'
22:20:42,148 DEBUG ltCorrelationManager| Finding correlated object for 'citrus_message_id = '9fb3cc61-2305-4905-84e3-d5012820eab7''
22:20:42,149 DEBUG ageValidatorRegistry| Found 4 message validators for message
22:20:42,149 DEBUG ssageHeaderValidator| Start message header validation ...
22:20:42,149 DEBUG faultHeaderValidator| Validating header element: citrus_http_reason_phrase='OK': OK.
22:20:42,149 DEBUG faultHeaderValidator| Validating header element: citrus_http_status_code='200': OK.
22:20:42,149 INFO  ssageHeaderValidator| Message header validation successful: All values OK
22:20:42,149 DEBUG TextMessageValidator| Start JSON message validation ...
22:20:42,149 DEBUG JsonSchemaValidation| Starting Json schema validation ...
22:20:42,149 INFO  JsonSchemaValidation| Json schema validation successful: All values OK
22:20:42,150 DEBUG TextMessageValidator| Received message:
HTTPMESSAGE [id: bcea318f-b9e2-47c5-8b5c-77d1fae4afbf, payload: {"userId":31,"name":"Mrs. Nobuko Rowe","course":"Chief Tactics Liaison","email":"31@qa.ru","age":17,"mark":{"name":"Course mark","score":3}}][headers: {Transfer-Encoding=chunked, Connection=keep-alive, contentType=application/json, Date=1689189641000, citrus_message_id=bcea318f-b9e2-47c5-8b5c-77d1fae4afbf, citrus_message_timestamp=1689189642148, Keep-Alive=timeout=60, Content-Type=application/json, citrus_http_status_code=200, citrus_http_reason_phrase=OK, citrus_http_version=HTTP/1.1}]
22:20:42,150 DEBUG TextMessageValidator| Control message:
HTTPMESSAGE [id: 83e4802b-faf6-4310-af96-369c773adb94, payload: {"userId":31,"email":"@contains('@qa.ru')@","name":"@matches('^[a-zA-Z\\s\\.]*$')@","course":"@matches('^[a-zA-Z\\s]*$')@","age":"@isNumber()@","mark":{"name":"@contains('Course mark')@","score":"@isNumber()@"}}][headers: {citrus_message_id=83e4802b-faf6-4310-af96-369c773adb94, citrus_message_timestamp=1689189642148, citrus_http_reason_phrase=OK, citrus_http_status_code=200, citrus_message_type=JSON}]
22:20:42,150 DEBUG TextMessageValidator| Validation successful for JSON entry 'name' (@matches('^[a-zA-Z\s\.]*$')@)
22:20:42,150 DEBUG TextMessageValidator| Validation successful for JSON entry 'course' (@matches('^[a-zA-Z\s]*$')@)
22:20:42,150 DEBUG TextMessageValidator| Validation successful for JSON entry 'userId' (31)
22:20:42,150 DEBUG TextMessageValidator| Validation successful for JSON entry 'email' (@contains('@qa.ru')@)
22:20:42,150 DEBUG TextMessageValidator| Validation successful for JSON entry 'age' (@isNumber()@)
22:20:42,150 DEBUG TextMessageValidator| Validation successful for JSON entry 'score' (@isNumber()@)
22:20:42,150 DEBUG TextMessageValidator| Validation successful for JSON entry 'name' (@contains('Course mark')@)
22:20:42,150 DEBUG TextMessageValidator| Validation successful for JSON entry 'mark' ({"score":"@isNumber()@","name":"@contains('Course mark')@"})
22:20:42,150 INFO  TextMessageValidator| JSON message validation successful: All values OK
22:20:42,150 INFO  port.LoggingReporter| 
22:20:42,150 DEBUG port.LoggingReporter| TEST STEP 62 SUCCESS
]]></system-out>
  </testcase>
  <testcase name="getUserStubParametrizedTest(int)[32]" classname="citrus.HttpRESTStubTests" time="0.01">
    <system-out><![CDATA[22:20:42,152 INFO  port.LoggingReporter| 
22:20:42,152 INFO  port.LoggingReporter| ------------------------------------------------------------------------
22:20:42,152 DEBUG port.LoggingReporter| STARTING TEST HttpRESTStubTests.getUserStubParametrizedTest <citrus>
22:20:42,152 INFO  port.LoggingReporter| 
22:20:42,152 DEBUG trus.DefaultTestCase| Initializing test case
22:20:42,152 DEBUG trus.DefaultTestCase| Global variables:
22:20:42,152 DEBUG trus.DefaultTestCase| citrus_message_correlator_httpRESTClient = citrus_message_id = '9fb3cc61-2305-4905-84e3-d5012820eab7'
22:20:42,152 DEBUG trus.DefaultTestCase| default.test.author = Unknown
22:20:42,152 DEBUG trus.DefaultTestCase| citrus.test.package = citrus
22:20:42,152 DEBUG trus.DefaultTestCase| citrus.test.name = HttpRESTStubTests.getUserStubParametrizedTest
22:20:42,152 DEBUG trus.DefaultTestCase| project.name = Citrus Integration Tests
22:20:42,152 DEBUG trus.DefaultTestCase| userId = 35
22:20:42,152 DEBUG trus.DefaultTestCase| citrus_message_replyTo_citrus_message_correlator_httpRESTClient = http://localhost:8080/user/get/31
22:20:42,152 DEBUG trus.DefaultTestCase| url = http://localhost:8080/user
22:20:42,152 DEBUG trus.DefaultTestCase| default.test.package = citrus
22:20:42,152 DEBUG  context.TestContext| Setting variable: citrus.test.name with value: 'HttpRESTStubTests.getUserStubParametrizedTest'
22:20:42,153 DEBUG  context.TestContext| Setting variable: citrus.test.package with value: 'citrus'
22:20:42,153 DEBUG trus.DefaultTestCase| Test variables:
22:20:42,153 DEBUG trus.DefaultTestCase| citrus_message_correlator_httpRESTClient = citrus_message_id = '9fb3cc61-2305-4905-84e3-d5012820eab7'
22:20:42,153 DEBUG trus.DefaultTestCase| default.test.author = Unknown
22:20:42,153 DEBUG trus.DefaultTestCase| citrus.test.package = citrus
22:20:42,153 DEBUG trus.DefaultTestCase| citrus.test.name = HttpRESTStubTests.getUserStubParametrizedTest
22:20:42,153 DEBUG trus.DefaultTestCase| project.name = Citrus Integration Tests
22:20:42,153 DEBUG trus.DefaultTestCase| userId = 35
22:20:42,153 DEBUG trus.DefaultTestCase| citrus_message_replyTo_citrus_message_correlator_httpRESTClient = http://localhost:8080/user/get/31
22:20:42,153 DEBUG trus.DefaultTestCase| url = http://localhost:8080/user
22:20:42,153 DEBUG trus.DefaultTestCase| default.test.package = citrus
22:20:42,153 INFO  port.LoggingReporter| 
22:20:42,153 DEBUG port.LoggingReporter| TEST STEP 63: send
22:20:42,153 DEBUG ltCorrelationManager| Saving correlation key for 'citrus_message_correlator_httpRESTClient'
22:20:42,153 DEBUG  context.TestContext| Setting variable: citrus_message_correlator_httpRESTClient with value: 'citrus_message_id = 'f5f54e2f-67ce-4197-9809-ca4cf31ccee0''
22:20:42,153 DEBUG  context.TestContext| Setting variable: citrus_message_replyTo_citrus_message_correlator_httpRESTClient with value: 'http://localhost:8080/user/get/32'
22:20:42,153 INFO     client.HttpClient| Sending HTTP message to: 'http://localhost:8080/user/get/32'
22:20:42,153 DEBUG    client.HttpClient| Message to send:

22:20:42,153 DEBUG aultHttpHeaderMapper| outboundHeaderNames=[Accept, Accept-Charset, Accept-Encoding, Accept-Language, Accept-Ranges, Authorization, Cache-Control, Connection, Content-Length, Content-Type, Cookie, Date, Expect, From, Host, If-Match, If-Modified-Since, If-None-Match, If-Range, If-Unmodified-Since, Max-Forwards, Pragma, Proxy-Authorization, Range, Referer, TE, Upgrade, User-Agent, Via, Warning]
22:20:42,153 DEBUG aultHttpHeaderMapper| headerName=[citrus_message_timestamp] WILL NOT be mapped
22:20:42,153 DEBUG aultHttpHeaderMapper| headerName=[citrus_message_type] WILL NOT be mapped
22:20:42,153 DEBUG aultHttpHeaderMapper| headerName=[citrus_request_path] WILL NOT be mapped
22:20:42,153 DEBUG aultHttpHeaderMapper| headerName=[citrus_http_request_uri] WILL NOT be mapped
22:20:42,153 DEBUG aultHttpHeaderMapper| headerName=[id] WILL NOT be mapped
22:20:42,153 DEBUG aultHttpHeaderMapper| headerName=[citrus_message_id] WILL NOT be mapped
22:20:42,153 DEBUG aultHttpHeaderMapper| headerName=[citrus_http_method] WILL NOT be mapped
22:20:42,153 DEBUG aultHttpHeaderMapper| headerName=[timestamp] WILL NOT be mapped
22:20:42,154 DEBUG  client.RestTemplate| HTTP GET http://localhost:8080/user/get/32
22:20:42,154 DEBUG  client.RestTemplate| Accept=[text/plain, application/json, application/*+json, */*]
22:20:42,154 DEBUG ingClientInterceptor| Sending Http request message
22:20:42,155 DEBUG   Logger.Message_OUT| RAWMESSAGE [id: a792bdee-f3a7-4e48-ba7f-309c0fbef21e, payload: GET http://localhost:8080/user/get/32
Accept:text/plain, application/json, application/*+json, */*
Content-Type:application/json;charset=UTF-8
Content-Length:0][headers: {citrus_message_id=a792bdee-f3a7-4e48-ba7f-309c0fbef21e, citrus_message_timestamp=1689189642154}]
22:20:42,155 DEBUG ol.RequestAddCookies| CookieSpec selected: default
22:20:42,155 DEBUG col.RequestAuthCache| Auth cache not set in the context
22:20:42,155 DEBUG entConnectionManager| Connection request: [route: {}->http://localhost:8080][total available: 1; route allocated: 1 of 5; total allocated: 1 of 10]
22:20:42,155 DEBUG entConnectionManager| Connection leased: [id: 0][route: {}->http://localhost:8080][total available: 0; route allocated: 1 of 5; total allocated: 1 of 10]
22:20:42,155 DEBUG HttpClientConnection| http-outgoing-0: set socket timeout to 0
22:20:42,155 DEBUG chain.MainClientExec| Executing request GET /user/get/32 HTTP/1.1
22:20:42,155 DEBUG chain.MainClientExec| Target auth state: UNCHALLENGED
22:20:42,155 DEBUG chain.MainClientExec| Proxy auth state: UNCHALLENGED
22:20:42,155 DEBUG         http.headers| http-outgoing-0 >> GET /user/get/32 HTTP/1.1
22:20:42,155 DEBUG         http.headers| http-outgoing-0 >> Accept: text/plain, application/json, application/*+json, */*
22:20:42,155 DEBUG         http.headers| http-outgoing-0 >> Content-Type: application/json;charset=UTF-8
22:20:42,155 DEBUG         http.headers| http-outgoing-0 >> Host: localhost:8080
22:20:42,155 DEBUG         http.headers| http-outgoing-0 >> Connection: Keep-Alive
22:20:42,155 DEBUG         http.headers| http-outgoing-0 >> User-Agent: Apache-HttpClient/4.5.13 (Java/11.0.16)
22:20:42,155 DEBUG         http.headers| http-outgoing-0 >> Accept-Encoding: gzip,deflate
22:20:42,155 DEBUG            http.wire| http-outgoing-0 >> "GET /user/get/32 HTTP/1.1[\r][\n]"
22:20:42,155 DEBUG            http.wire| http-outgoing-0 >> "Accept: text/plain, application/json, application/*+json, */*[\r][\n]"
22:20:42,155 DEBUG            http.wire| http-outgoing-0 >> "Content-Type: application/json;charset=UTF-8[\r][\n]"
22:20:42,155 DEBUG            http.wire| http-outgoing-0 >> "Host: localhost:8080[\r][\n]"
22:20:42,155 DEBUG            http.wire| http-outgoing-0 >> "Connection: Keep-Alive[\r][\n]"
22:20:42,155 DEBUG            http.wire| http-outgoing-0 >> "User-Agent: Apache-HttpClient/4.5.13 (Java/11.0.16)[\r][\n]"
22:20:42,155 DEBUG            http.wire| http-outgoing-0 >> "Accept-Encoding: gzip,deflate[\r][\n]"
22:20:42,155 DEBUG            http.wire| http-outgoing-0 >> "[\r][\n]"
22:20:42,156 DEBUG            http.wire| http-outgoing-0 << "HTTP/1.1 200 [\r][\n]"
22:20:42,156 DEBUG            http.wire| http-outgoing-0 << "Content-Type: application/json[\r][\n]"
22:20:42,156 DEBUG            http.wire| http-outgoing-0 << "Transfer-Encoding: chunked[\r][\n]"
22:20:42,156 DEBUG            http.wire| http-outgoing-0 << "Date: Wed, 12 Jul 2023 19:20:41 GMT[\r][\n]"
22:20:42,156 DEBUG            http.wire| http-outgoing-0 << "Keep-Alive: timeout=60[\r][\n]"
22:20:42,156 DEBUG            http.wire| http-outgoing-0 << "Connection: keep-alive[\r][\n]"
22:20:42,156 DEBUG            http.wire| http-outgoing-0 << "[\r][\n]"
22:20:42,156 DEBUG            http.wire| http-outgoing-0 << "91[\r][\n]"
22:20:42,156 DEBUG            http.wire| http-outgoing-0 << "{"userId":32,"name":"Mr. Latrina Boehm","course":"Dynamic Markets Assistant","email":"32@qa.ru","age":82,"mark":{"name":"Course mark","score":9}}[\r][\n]"
22:20:42,156 DEBUG         http.headers| http-outgoing-0 << HTTP/1.1 200 
22:20:42,156 DEBUG         http.headers| http-outgoing-0 << Content-Type: application/json
22:20:42,156 DEBUG         http.headers| http-outgoing-0 << Transfer-Encoding: chunked
22:20:42,156 DEBUG         http.headers| http-outgoing-0 << Date: Wed, 12 Jul 2023 19:20:41 GMT
22:20:42,156 DEBUG         http.headers| http-outgoing-0 << Keep-Alive: timeout=60
22:20:42,156 DEBUG         http.headers| http-outgoing-0 << Connection: keep-alive
22:20:42,156 DEBUG chain.MainClientExec| Connection can be kept alive for 60000 MILLISECONDS
22:20:42,156 DEBUG            http.wire| http-outgoing-0 << "0[\r][\n]"
22:20:42,157 DEBUG            http.wire| http-outgoing-0 << "[\r][\n]"
22:20:42,157 DEBUG entConnectionManager| Connection [id: 0][route: {}->http://localhost:8080] can be kept alive for 60.0 seconds
22:20:42,157 DEBUG HttpClientConnection| http-outgoing-0: set socket timeout to 0
22:20:42,157 DEBUG entConnectionManager| Connection released: [id: 0][route: {}->http://localhost:8080][total available: 1; route allocated: 1 of 5; total allocated: 1 of 10]
22:20:42,157 DEBUG ingClientInterceptor| Received Http response message
22:20:42,158 DEBUG    Logger.Message_IN| RAWMESSAGE [id: e092a2df-1678-4906-b0c6-7f010012dbdc, payload: HTTP/1.1 200 OK 
Content-Type:application/json
Transfer-Encoding:chunked
Date:Wed, 12 Jul 2023 19:20:41 GMT
Keep-Alive:timeout=60
Connection:keep-alive

{"userId":32,"name":"Mr. Latrina Boehm","course":"Dynamic Markets Assistant","email":"32@qa.ru","age":82,"mark":{"name":"Course mark","score":9}}][headers: {citrus_message_id=e092a2df-1678-4906-b0c6-7f010012dbdc, citrus_message_timestamp=1689189642157}]
22:20:42,158 DEBUG  client.RestTemplate| Response 200 OK
22:20:42,158 DEBUG  client.RestTemplate| Reading to [java.lang.String] as "application/json"
22:20:42,158 INFO     client.HttpClient| HTTP message was sent to endpoint: 'http://localhost:8080/user/get/32'
22:20:42,158 DEBUG aultHttpHeaderMapper| inboundHeaderNames=[Accept-Ranges, Age, Allow, Cache-Control, Connection, Content-Encoding, Content-Language, Content-Length, Content-Location, Content-MD5, Content-Range, Content-Type, Content-Disposition, Transfer-Encoding, Date, ETag, Expires, Last-Modified, Location, Pragma, Proxy-Authenticate, Refresh, Retry-After, Server, Set-Cookie, Trailer, Vary, Via, Warning, WWW-Authenticate]
22:20:42,158 DEBUG aultHttpHeaderMapper| headerName=[content-type] WILL be mapped, matched pattern=content-type
22:20:42,158 DEBUG aultHttpHeaderMapper| setting headerName=[contentType], value=application/json
22:20:42,158 DEBUG aultHttpHeaderMapper| headerName=[transfer-encoding] WILL be mapped, matched pattern=transfer-encoding
22:20:42,158 DEBUG aultHttpHeaderMapper| setting headerName=[Transfer-Encoding], value=[chunked]
22:20:42,158 DEBUG aultHttpHeaderMapper| headerName=[date] WILL be mapped, matched pattern=date
22:20:42,158 DEBUG aultHttpHeaderMapper| setting headerName=[Date], value=1 689 189 641 000
22:20:42,158 DEBUG aultHttpHeaderMapper| headerName=[keep-alive] WILL NOT be mapped
22:20:42,158 DEBUG aultHttpHeaderMapper| headerName=[connection] WILL be mapped, matched pattern=connection
22:20:42,158 DEBUG aultHttpHeaderMapper| setting headerName=[Connection], value=[keep-alive]
22:20:42,158 DEBUG ltCorrelationManager| Saving correlated object for 'citrus_message_id = 'f5f54e2f-67ce-4197-9809-ca4cf31ccee0''
22:20:42,158 INFO  port.LoggingReporter| 
22:20:42,158 DEBUG port.LoggingReporter| TEST STEP 63 SUCCESS
22:20:42,158 INFO  port.LoggingReporter| 
22:20:42,158 DEBUG port.LoggingReporter| TEST STEP 64: receive
22:20:42,158 DEBUG ngCorrelationManager| Get correlation key for 'citrus_message_correlator_httpRESTClient'
22:20:42,158 DEBUG ltCorrelationManager| Finding correlated object for 'citrus_message_id = 'f5f54e2f-67ce-4197-9809-ca4cf31ccee0''
22:20:42,160 DEBUG ageValidatorRegistry| Found 4 message validators for message
22:20:42,160 DEBUG ssageHeaderValidator| Start message header validation ...
22:20:42,160 DEBUG faultHeaderValidator| Validating header element: citrus_http_reason_phrase='OK': OK.
22:20:42,160 DEBUG faultHeaderValidator| Validating header element: citrus_http_status_code='200': OK.
22:20:42,160 INFO  ssageHeaderValidator| Message header validation successful: All values OK
22:20:42,160 DEBUG TextMessageValidator| Start JSON message validation ...
22:20:42,160 DEBUG JsonSchemaValidation| Starting Json schema validation ...
22:20:42,160 INFO  JsonSchemaValidation| Json schema validation successful: All values OK
22:20:42,160 DEBUG TextMessageValidator| Received message:
HTTPMESSAGE [id: c1c9ae98-74a0-44c6-b53e-5cc0286793c4, payload: {"userId":32,"name":"Mr. Latrina Boehm","course":"Dynamic Markets Assistant","email":"32@qa.ru","age":82,"mark":{"name":"Course mark","score":9}}][headers: {Transfer-Encoding=chunked, Connection=keep-alive, contentType=application/json, Date=1689189641000, citrus_message_id=c1c9ae98-74a0-44c6-b53e-5cc0286793c4, citrus_message_timestamp=1689189642158, Keep-Alive=timeout=60, Content-Type=application/json, citrus_http_status_code=200, citrus_http_reason_phrase=OK, citrus_http_version=HTTP/1.1}]
22:20:42,160 DEBUG TextMessageValidator| Control message:
HTTPMESSAGE [id: afca3c64-1e62-41e4-950a-61dcf1bc2a21, payload: {"userId":32,"email":"@contains('@qa.ru')@","name":"@matches('^[a-zA-Z\\s\\.]*$')@","course":"@matches('^[a-zA-Z\\s]*$')@","age":"@isNumber()@","mark":{"name":"@contains('Course mark')@","score":"@isNumber()@"}}][headers: {citrus_message_id=afca3c64-1e62-41e4-950a-61dcf1bc2a21, citrus_message_timestamp=1689189642158, citrus_http_reason_phrase=OK, citrus_http_status_code=200, citrus_message_type=JSON}]
22:20:42,160 DEBUG TextMessageValidator| Validation successful for JSON entry 'name' (@matches('^[a-zA-Z\s\.]*$')@)
22:20:42,160 DEBUG TextMessageValidator| Validation successful for JSON entry 'course' (@matches('^[a-zA-Z\s]*$')@)
22:20:42,161 DEBUG TextMessageValidator| Validation successful for JSON entry 'userId' (32)
22:20:42,161 DEBUG TextMessageValidator| Validation successful for JSON entry 'email' (@contains('@qa.ru')@)
22:20:42,161 DEBUG TextMessageValidator| Validation successful for JSON entry 'age' (@isNumber()@)
22:20:42,161 DEBUG TextMessageValidator| Validation successful for JSON entry 'score' (@isNumber()@)
22:20:42,161 DEBUG TextMessageValidator| Validation successful for JSON entry 'name' (@contains('Course mark')@)
22:20:42,161 DEBUG TextMessageValidator| Validation successful for JSON entry 'mark' ({"score":"@isNumber()@","name":"@contains('Course mark')@"})
22:20:42,161 INFO  TextMessageValidator| JSON message validation successful: All values OK
22:20:42,161 INFO  port.LoggingReporter| 
22:20:42,161 DEBUG port.LoggingReporter| TEST STEP 64 SUCCESS
]]></system-out>
  </testcase>
  <testcase name="getUserStubParametrizedTest(int)[33]" classname="citrus.HttpRESTStubTests" time="0.009">
    <system-out><![CDATA[22:20:42,163 INFO  port.LoggingReporter| 
22:20:42,163 INFO  port.LoggingReporter| ------------------------------------------------------------------------
22:20:42,163 DEBUG port.LoggingReporter| STARTING TEST HttpRESTStubTests.getUserStubParametrizedTest <citrus>
22:20:42,163 INFO  port.LoggingReporter| 
22:20:42,163 DEBUG trus.DefaultTestCase| Initializing test case
22:20:42,163 DEBUG trus.DefaultTestCase| Global variables:
22:20:42,163 DEBUG trus.DefaultTestCase| citrus_message_correlator_httpRESTClient = citrus_message_id = 'f5f54e2f-67ce-4197-9809-ca4cf31ccee0'
22:20:42,163 DEBUG trus.DefaultTestCase| default.test.author = Unknown
22:20:42,163 DEBUG trus.DefaultTestCase| citrus.test.package = citrus
22:20:42,163 DEBUG trus.DefaultTestCase| citrus.test.name = HttpRESTStubTests.getUserStubParametrizedTest
22:20:42,163 DEBUG trus.DefaultTestCase| project.name = Citrus Integration Tests
22:20:42,163 DEBUG trus.DefaultTestCase| userId = 35
22:20:42,163 DEBUG trus.DefaultTestCase| citrus_message_replyTo_citrus_message_correlator_httpRESTClient = http://localhost:8080/user/get/32
22:20:42,163 DEBUG trus.DefaultTestCase| url = http://localhost:8080/user
22:20:42,163 DEBUG trus.DefaultTestCase| default.test.package = citrus
22:20:42,163 DEBUG  context.TestContext| Setting variable: citrus.test.name with value: 'HttpRESTStubTests.getUserStubParametrizedTest'
22:20:42,164 DEBUG  context.TestContext| Setting variable: citrus.test.package with value: 'citrus'
22:20:42,164 DEBUG trus.DefaultTestCase| Test variables:
22:20:42,164 DEBUG trus.DefaultTestCase| citrus_message_correlator_httpRESTClient = citrus_message_id = 'f5f54e2f-67ce-4197-9809-ca4cf31ccee0'
22:20:42,164 DEBUG trus.DefaultTestCase| default.test.author = Unknown
22:20:42,164 DEBUG trus.DefaultTestCase| citrus.test.package = citrus
22:20:42,164 DEBUG trus.DefaultTestCase| citrus.test.name = HttpRESTStubTests.getUserStubParametrizedTest
22:20:42,164 DEBUG trus.DefaultTestCase| project.name = Citrus Integration Tests
22:20:42,164 DEBUG trus.DefaultTestCase| userId = 35
22:20:42,164 DEBUG trus.DefaultTestCase| citrus_message_replyTo_citrus_message_correlator_httpRESTClient = http://localhost:8080/user/get/32
22:20:42,164 DEBUG trus.DefaultTestCase| url = http://localhost:8080/user
22:20:42,164 DEBUG trus.DefaultTestCase| default.test.package = citrus
22:20:42,164 INFO  port.LoggingReporter| 
22:20:42,164 DEBUG port.LoggingReporter| TEST STEP 65: send
22:20:42,164 DEBUG ltCorrelationManager| Saving correlation key for 'citrus_message_correlator_httpRESTClient'
22:20:42,164 DEBUG  context.TestContext| Setting variable: citrus_message_correlator_httpRESTClient with value: 'citrus_message_id = 'b8ccf839-6017-44ac-ba01-249864b595d5''
22:20:42,164 DEBUG  context.TestContext| Setting variable: citrus_message_replyTo_citrus_message_correlator_httpRESTClient with value: 'http://localhost:8080/user/get/33'
22:20:42,164 INFO     client.HttpClient| Sending HTTP message to: 'http://localhost:8080/user/get/33'
22:20:42,164 DEBUG    client.HttpClient| Message to send:

22:20:42,164 DEBUG aultHttpHeaderMapper| outboundHeaderNames=[Accept, Accept-Charset, Accept-Encoding, Accept-Language, Accept-Ranges, Authorization, Cache-Control, Connection, Content-Length, Content-Type, Cookie, Date, Expect, From, Host, If-Match, If-Modified-Since, If-None-Match, If-Range, If-Unmodified-Since, Max-Forwards, Pragma, Proxy-Authorization, Range, Referer, TE, Upgrade, User-Agent, Via, Warning]
22:20:42,164 DEBUG aultHttpHeaderMapper| headerName=[citrus_message_timestamp] WILL NOT be mapped
22:20:42,164 DEBUG aultHttpHeaderMapper| headerName=[citrus_message_type] WILL NOT be mapped
22:20:42,164 DEBUG aultHttpHeaderMapper| headerName=[citrus_request_path] WILL NOT be mapped
22:20:42,164 DEBUG aultHttpHeaderMapper| headerName=[citrus_http_request_uri] WILL NOT be mapped
22:20:42,164 DEBUG aultHttpHeaderMapper| headerName=[id] WILL NOT be mapped
22:20:42,164 DEBUG aultHttpHeaderMapper| headerName=[citrus_message_id] WILL NOT be mapped
22:20:42,164 DEBUG aultHttpHeaderMapper| headerName=[citrus_http_method] WILL NOT be mapped
22:20:42,164 DEBUG aultHttpHeaderMapper| headerName=[timestamp] WILL NOT be mapped
22:20:42,164 DEBUG  client.RestTemplate| HTTP GET http://localhost:8080/user/get/33
22:20:42,165 DEBUG  client.RestTemplate| Accept=[text/plain, application/json, application/*+json, */*]
22:20:42,165 DEBUG ingClientInterceptor| Sending Http request message
22:20:42,166 DEBUG   Logger.Message_OUT| RAWMESSAGE [id: e488eea6-cd38-4b78-8463-11aa900d97cb, payload: GET http://localhost:8080/user/get/33
Accept:text/plain, application/json, application/*+json, */*
Content-Type:application/json;charset=UTF-8
Content-Length:0][headers: {citrus_message_id=e488eea6-cd38-4b78-8463-11aa900d97cb, citrus_message_timestamp=1689189642165}]
22:20:42,166 DEBUG ol.RequestAddCookies| CookieSpec selected: default
22:20:42,166 DEBUG col.RequestAuthCache| Auth cache not set in the context
22:20:42,166 DEBUG entConnectionManager| Connection request: [route: {}->http://localhost:8080][total available: 1; route allocated: 1 of 5; total allocated: 1 of 10]
22:20:42,166 DEBUG entConnectionManager| Connection leased: [id: 0][route: {}->http://localhost:8080][total available: 0; route allocated: 1 of 5; total allocated: 1 of 10]
22:20:42,166 DEBUG HttpClientConnection| http-outgoing-0: set socket timeout to 0
22:20:42,166 DEBUG chain.MainClientExec| Executing request GET /user/get/33 HTTP/1.1
22:20:42,166 DEBUG chain.MainClientExec| Target auth state: UNCHALLENGED
22:20:42,166 DEBUG chain.MainClientExec| Proxy auth state: UNCHALLENGED
22:20:42,166 DEBUG         http.headers| http-outgoing-0 >> GET /user/get/33 HTTP/1.1
22:20:42,166 DEBUG         http.headers| http-outgoing-0 >> Accept: text/plain, application/json, application/*+json, */*
22:20:42,166 DEBUG         http.headers| http-outgoing-0 >> Content-Type: application/json;charset=UTF-8
22:20:42,166 DEBUG         http.headers| http-outgoing-0 >> Host: localhost:8080
22:20:42,166 DEBUG         http.headers| http-outgoing-0 >> Connection: Keep-Alive
22:20:42,166 DEBUG         http.headers| http-outgoing-0 >> User-Agent: Apache-HttpClient/4.5.13 (Java/11.0.16)
22:20:42,166 DEBUG         http.headers| http-outgoing-0 >> Accept-Encoding: gzip,deflate
22:20:42,166 DEBUG            http.wire| http-outgoing-0 >> "GET /user/get/33 HTTP/1.1[\r][\n]"
22:20:42,166 DEBUG            http.wire| http-outgoing-0 >> "Accept: text/plain, application/json, application/*+json, */*[\r][\n]"
22:20:42,166 DEBUG            http.wire| http-outgoing-0 >> "Content-Type: application/json;charset=UTF-8[\r][\n]"
22:20:42,166 DEBUG            http.wire| http-outgoing-0 >> "Host: localhost:8080[\r][\n]"
22:20:42,166 DEBUG            http.wire| http-outgoing-0 >> "Connection: Keep-Alive[\r][\n]"
22:20:42,166 DEBUG            http.wire| http-outgoing-0 >> "User-Agent: Apache-HttpClient/4.5.13 (Java/11.0.16)[\r][\n]"
22:20:42,166 DEBUG            http.wire| http-outgoing-0 >> "Accept-Encoding: gzip,deflate[\r][\n]"
22:20:42,166 DEBUG            http.wire| http-outgoing-0 >> "[\r][\n]"
22:20:42,167 DEBUG            http.wire| http-outgoing-0 << "HTTP/1.1 200 [\r][\n]"
22:20:42,167 DEBUG            http.wire| http-outgoing-0 << "Content-Type: application/json[\r][\n]"
22:20:42,167 DEBUG            http.wire| http-outgoing-0 << "Transfer-Encoding: chunked[\r][\n]"
22:20:42,167 DEBUG            http.wire| http-outgoing-0 << "Date: Wed, 12 Jul 2023 19:20:41 GMT[\r][\n]"
22:20:42,167 DEBUG            http.wire| http-outgoing-0 << "Keep-Alive: timeout=60[\r][\n]"
22:20:42,167 DEBUG            http.wire| http-outgoing-0 << "Connection: keep-alive[\r][\n]"
22:20:42,167 DEBUG            http.wire| http-outgoing-0 << "[\r][\n]"
22:20:42,167 DEBUG            http.wire| http-outgoing-0 << "94[\r][\n]"
22:20:42,167 DEBUG            http.wire| http-outgoing-0 << "{"userId":33,"name":"Dr. Jack Mertz","course":"District Creative Administrator","email":"33@qa.ru","age":34,"mark":{"name":"Course mark","score":9}}[\r][\n]"
22:20:42,167 DEBUG         http.headers| http-outgoing-0 << HTTP/1.1 200 
22:20:42,167 DEBUG         http.headers| http-outgoing-0 << Content-Type: application/json
22:20:42,167 DEBUG         http.headers| http-outgoing-0 << Transfer-Encoding: chunked
22:20:42,167 DEBUG         http.headers| http-outgoing-0 << Date: Wed, 12 Jul 2023 19:20:41 GMT
22:20:42,167 DEBUG         http.headers| http-outgoing-0 << Keep-Alive: timeout=60
22:20:42,167 DEBUG         http.headers| http-outgoing-0 << Connection: keep-alive
22:20:42,167 DEBUG chain.MainClientExec| Connection can be kept alive for 60000 MILLISECONDS
22:20:42,167 DEBUG            http.wire| http-outgoing-0 << "0[\r][\n]"
22:20:42,167 DEBUG            http.wire| http-outgoing-0 << "[\r][\n]"
22:20:42,167 DEBUG entConnectionManager| Connection [id: 0][route: {}->http://localhost:8080] can be kept alive for 60.0 seconds
22:20:42,167 DEBUG HttpClientConnection| http-outgoing-0: set socket timeout to 0
22:20:42,168 DEBUG entConnectionManager| Connection released: [id: 0][route: {}->http://localhost:8080][total available: 1; route allocated: 1 of 5; total allocated: 1 of 10]
22:20:42,168 DEBUG ingClientInterceptor| Received Http response message
22:20:42,169 DEBUG    Logger.Message_IN| RAWMESSAGE [id: c83a5db6-d9aa-4760-8b9d-505a18f5b111, payload: HTTP/1.1 200 OK 
Content-Type:application/json
Transfer-Encoding:chunked
Date:Wed, 12 Jul 2023 19:20:41 GMT
Keep-Alive:timeout=60
Connection:keep-alive

{"userId":33,"name":"Dr. Jack Mertz","course":"District Creative Administrator","email":"33@qa.ru","age":34,"mark":{"name":"Course mark","score":9}}][headers: {citrus_message_id=c83a5db6-d9aa-4760-8b9d-505a18f5b111, citrus_message_timestamp=1689189642168}]
22:20:42,169 DEBUG  client.RestTemplate| Response 200 OK
22:20:42,169 DEBUG  client.RestTemplate| Reading to [java.lang.String] as "application/json"
22:20:42,169 INFO     client.HttpClient| HTTP message was sent to endpoint: 'http://localhost:8080/user/get/33'
22:20:42,169 DEBUG aultHttpHeaderMapper| inboundHeaderNames=[Accept-Ranges, Age, Allow, Cache-Control, Connection, Content-Encoding, Content-Language, Content-Length, Content-Location, Content-MD5, Content-Range, Content-Type, Content-Disposition, Transfer-Encoding, Date, ETag, Expires, Last-Modified, Location, Pragma, Proxy-Authenticate, Refresh, Retry-After, Server, Set-Cookie, Trailer, Vary, Via, Warning, WWW-Authenticate]
22:20:42,169 DEBUG aultHttpHeaderMapper| headerName=[content-type] WILL be mapped, matched pattern=content-type
22:20:42,169 DEBUG aultHttpHeaderMapper| setting headerName=[contentType], value=application/json
22:20:42,169 DEBUG aultHttpHeaderMapper| headerName=[transfer-encoding] WILL be mapped, matched pattern=transfer-encoding
22:20:42,169 DEBUG aultHttpHeaderMapper| setting headerName=[Transfer-Encoding], value=[chunked]
22:20:42,169 DEBUG aultHttpHeaderMapper| headerName=[date] WILL be mapped, matched pattern=date
22:20:42,169 DEBUG aultHttpHeaderMapper| setting headerName=[Date], value=1 689 189 641 000
22:20:42,169 DEBUG aultHttpHeaderMapper| headerName=[keep-alive] WILL NOT be mapped
22:20:42,169 DEBUG aultHttpHeaderMapper| headerName=[connection] WILL be mapped, matched pattern=connection
22:20:42,169 DEBUG aultHttpHeaderMapper| setting headerName=[Connection], value=[keep-alive]
22:20:42,169 DEBUG ltCorrelationManager| Saving correlated object for 'citrus_message_id = 'b8ccf839-6017-44ac-ba01-249864b595d5''
22:20:42,169 INFO  port.LoggingReporter| 
22:20:42,169 DEBUG port.LoggingReporter| TEST STEP 65 SUCCESS
22:20:42,169 INFO  port.LoggingReporter| 
22:20:42,169 DEBUG port.LoggingReporter| TEST STEP 66: receive
22:20:42,170 DEBUG ngCorrelationManager| Get correlation key for 'citrus_message_correlator_httpRESTClient'
22:20:42,170 DEBUG ltCorrelationManager| Finding correlated object for 'citrus_message_id = 'b8ccf839-6017-44ac-ba01-249864b595d5''
22:20:42,170 DEBUG ageValidatorRegistry| Found 4 message validators for message
22:20:42,170 DEBUG ssageHeaderValidator| Start message header validation ...
22:20:42,170 DEBUG faultHeaderValidator| Validating header element: citrus_http_reason_phrase='OK': OK.
22:20:42,171 DEBUG faultHeaderValidator| Validating header element: citrus_http_status_code='200': OK.
22:20:42,171 INFO  ssageHeaderValidator| Message header validation successful: All values OK
22:20:42,171 DEBUG TextMessageValidator| Start JSON message validation ...
22:20:42,171 DEBUG JsonSchemaValidation| Starting Json schema validation ...
22:20:42,171 INFO  JsonSchemaValidation| Json schema validation successful: All values OK
22:20:42,171 DEBUG TextMessageValidator| Received message:
HTTPMESSAGE [id: 05d2c794-b7fa-461a-9270-51bd36b15c68, payload: {"userId":33,"name":"Dr. Jack Mertz","course":"District Creative Administrator","email":"33@qa.ru","age":34,"mark":{"name":"Course mark","score":9}}][headers: {Transfer-Encoding=chunked, Connection=keep-alive, contentType=application/json, Date=1689189641000, citrus_message_id=05d2c794-b7fa-461a-9270-51bd36b15c68, citrus_message_timestamp=1689189642169, Keep-Alive=timeout=60, Content-Type=application/json, citrus_http_status_code=200, citrus_http_reason_phrase=OK, citrus_http_version=HTTP/1.1}]
22:20:42,171 DEBUG TextMessageValidator| Control message:
HTTPMESSAGE [id: 012eac5b-98f0-41a9-ab20-3236963d89e4, payload: {"userId":33,"email":"@contains('@qa.ru')@","name":"@matches('^[a-zA-Z\\s\\.]*$')@","course":"@matches('^[a-zA-Z\\s]*$')@","age":"@isNumber()@","mark":{"name":"@contains('Course mark')@","score":"@isNumber()@"}}][headers: {citrus_message_id=012eac5b-98f0-41a9-ab20-3236963d89e4, citrus_message_timestamp=1689189642169, citrus_http_reason_phrase=OK, citrus_http_status_code=200, citrus_message_type=JSON}]
22:20:42,171 DEBUG TextMessageValidator| Validation successful for JSON entry 'name' (@matches('^[a-zA-Z\s\.]*$')@)
22:20:42,171 DEBUG TextMessageValidator| Validation successful for JSON entry 'course' (@matches('^[a-zA-Z\s]*$')@)
22:20:42,171 DEBUG TextMessageValidator| Validation successful for JSON entry 'userId' (33)
22:20:42,171 DEBUG TextMessageValidator| Validation successful for JSON entry 'email' (@contains('@qa.ru')@)
22:20:42,171 DEBUG TextMessageValidator| Validation successful for JSON entry 'age' (@isNumber()@)
22:20:42,171 DEBUG TextMessageValidator| Validation successful for JSON entry 'score' (@isNumber()@)
22:20:42,171 DEBUG TextMessageValidator| Validation successful for JSON entry 'name' (@contains('Course mark')@)
22:20:42,171 DEBUG TextMessageValidator| Validation successful for JSON entry 'mark' ({"score":"@isNumber()@","name":"@contains('Course mark')@"})
22:20:42,171 INFO  TextMessageValidator| JSON message validation successful: All values OK
22:20:42,171 INFO  port.LoggingReporter| 
22:20:42,171 DEBUG port.LoggingReporter| TEST STEP 66 SUCCESS
]]></system-out>
  </testcase>
  <testcase name="getUserStubParametrizedTest(int)[34]" classname="citrus.HttpRESTStubTests" time="0.009">
    <system-out><![CDATA[22:20:42,173 INFO  port.LoggingReporter| 
22:20:42,173 INFO  port.LoggingReporter| ------------------------------------------------------------------------
22:20:42,173 DEBUG port.LoggingReporter| STARTING TEST HttpRESTStubTests.getUserStubParametrizedTest <citrus>
22:20:42,173 INFO  port.LoggingReporter| 
22:20:42,173 DEBUG trus.DefaultTestCase| Initializing test case
22:20:42,173 DEBUG trus.DefaultTestCase| Global variables:
22:20:42,173 DEBUG trus.DefaultTestCase| citrus_message_correlator_httpRESTClient = citrus_message_id = 'b8ccf839-6017-44ac-ba01-249864b595d5'
22:20:42,173 DEBUG trus.DefaultTestCase| default.test.author = Unknown
22:20:42,173 DEBUG trus.DefaultTestCase| citrus.test.package = citrus
22:20:42,173 DEBUG trus.DefaultTestCase| citrus.test.name = HttpRESTStubTests.getUserStubParametrizedTest
22:20:42,173 DEBUG trus.DefaultTestCase| project.name = Citrus Integration Tests
22:20:42,173 DEBUG trus.DefaultTestCase| userId = 35
22:20:42,173 DEBUG trus.DefaultTestCase| citrus_message_replyTo_citrus_message_correlator_httpRESTClient = http://localhost:8080/user/get/33
22:20:42,173 DEBUG trus.DefaultTestCase| url = http://localhost:8080/user
22:20:42,173 DEBUG trus.DefaultTestCase| default.test.package = citrus
22:20:42,173 DEBUG  context.TestContext| Setting variable: citrus.test.name with value: 'HttpRESTStubTests.getUserStubParametrizedTest'
22:20:42,173 DEBUG  context.TestContext| Setting variable: citrus.test.package with value: 'citrus'
22:20:42,173 DEBUG trus.DefaultTestCase| Test variables:
22:20:42,173 DEBUG trus.DefaultTestCase| citrus_message_correlator_httpRESTClient = citrus_message_id = 'b8ccf839-6017-44ac-ba01-249864b595d5'
22:20:42,173 DEBUG trus.DefaultTestCase| default.test.author = Unknown
22:20:42,173 DEBUG trus.DefaultTestCase| citrus.test.package = citrus
22:20:42,173 DEBUG trus.DefaultTestCase| citrus.test.name = HttpRESTStubTests.getUserStubParametrizedTest
22:20:42,173 DEBUG trus.DefaultTestCase| project.name = Citrus Integration Tests
22:20:42,174 DEBUG trus.DefaultTestCase| userId = 35
22:20:42,174 DEBUG trus.DefaultTestCase| citrus_message_replyTo_citrus_message_correlator_httpRESTClient = http://localhost:8080/user/get/33
22:20:42,174 DEBUG trus.DefaultTestCase| url = http://localhost:8080/user
22:20:42,174 DEBUG trus.DefaultTestCase| default.test.package = citrus
22:20:42,174 INFO  port.LoggingReporter| 
22:20:42,174 DEBUG port.LoggingReporter| TEST STEP 67: send
22:20:42,174 DEBUG ltCorrelationManager| Saving correlation key for 'citrus_message_correlator_httpRESTClient'
22:20:42,174 DEBUG  context.TestContext| Setting variable: citrus_message_correlator_httpRESTClient with value: 'citrus_message_id = 'c671d946-b958-46d8-81d2-7a4aba596f2c''
22:20:42,174 DEBUG  context.TestContext| Setting variable: citrus_message_replyTo_citrus_message_correlator_httpRESTClient with value: 'http://localhost:8080/user/get/34'
22:20:42,174 INFO     client.HttpClient| Sending HTTP message to: 'http://localhost:8080/user/get/34'
22:20:42,174 DEBUG    client.HttpClient| Message to send:

22:20:42,174 DEBUG aultHttpHeaderMapper| outboundHeaderNames=[Accept, Accept-Charset, Accept-Encoding, Accept-Language, Accept-Ranges, Authorization, Cache-Control, Connection, Content-Length, Content-Type, Cookie, Date, Expect, From, Host, If-Match, If-Modified-Since, If-None-Match, If-Range, If-Unmodified-Since, Max-Forwards, Pragma, Proxy-Authorization, Range, Referer, TE, Upgrade, User-Agent, Via, Warning]
22:20:42,174 DEBUG aultHttpHeaderMapper| headerName=[citrus_message_timestamp] WILL NOT be mapped
22:20:42,174 DEBUG aultHttpHeaderMapper| headerName=[citrus_message_type] WILL NOT be mapped
22:20:42,174 DEBUG aultHttpHeaderMapper| headerName=[citrus_request_path] WILL NOT be mapped
22:20:42,174 DEBUG aultHttpHeaderMapper| headerName=[citrus_http_request_uri] WILL NOT be mapped
22:20:42,174 DEBUG aultHttpHeaderMapper| headerName=[id] WILL NOT be mapped
22:20:42,174 DEBUG aultHttpHeaderMapper| headerName=[citrus_message_id] WILL NOT be mapped
22:20:42,174 DEBUG aultHttpHeaderMapper| headerName=[citrus_http_method] WILL NOT be mapped
22:20:42,174 DEBUG aultHttpHeaderMapper| headerName=[timestamp] WILL NOT be mapped
22:20:42,174 DEBUG  client.RestTemplate| HTTP GET http://localhost:8080/user/get/34
22:20:42,174 DEBUG  client.RestTemplate| Accept=[text/plain, application/json, application/*+json, */*]
22:20:42,174 DEBUG ingClientInterceptor| Sending Http request message
22:20:42,176 DEBUG   Logger.Message_OUT| RAWMESSAGE [id: 49c607b4-1d3e-4ff2-bc35-5a836caba9e3, payload: GET http://localhost:8080/user/get/34
Accept:text/plain, application/json, application/*+json, */*
Content-Type:application/json;charset=UTF-8
Content-Length:0][headers: {citrus_message_id=49c607b4-1d3e-4ff2-bc35-5a836caba9e3, citrus_message_timestamp=1689189642174}]
22:20:42,176 DEBUG ol.RequestAddCookies| CookieSpec selected: default
22:20:42,176 DEBUG col.RequestAuthCache| Auth cache not set in the context
22:20:42,176 DEBUG entConnectionManager| Connection request: [route: {}->http://localhost:8080][total available: 1; route allocated: 1 of 5; total allocated: 1 of 10]
22:20:42,176 DEBUG entConnectionManager| Connection leased: [id: 0][route: {}->http://localhost:8080][total available: 0; route allocated: 1 of 5; total allocated: 1 of 10]
22:20:42,176 DEBUG HttpClientConnection| http-outgoing-0: set socket timeout to 0
22:20:42,176 DEBUG chain.MainClientExec| Executing request GET /user/get/34 HTTP/1.1
22:20:42,176 DEBUG chain.MainClientExec| Target auth state: UNCHALLENGED
22:20:42,176 DEBUG chain.MainClientExec| Proxy auth state: UNCHALLENGED
22:20:42,176 DEBUG         http.headers| http-outgoing-0 >> GET /user/get/34 HTTP/1.1
22:20:42,176 DEBUG         http.headers| http-outgoing-0 >> Accept: text/plain, application/json, application/*+json, */*
22:20:42,176 DEBUG         http.headers| http-outgoing-0 >> Content-Type: application/json;charset=UTF-8
22:20:42,176 DEBUG         http.headers| http-outgoing-0 >> Host: localhost:8080
22:20:42,176 DEBUG         http.headers| http-outgoing-0 >> Connection: Keep-Alive
22:20:42,176 DEBUG         http.headers| http-outgoing-0 >> User-Agent: Apache-HttpClient/4.5.13 (Java/11.0.16)
22:20:42,176 DEBUG         http.headers| http-outgoing-0 >> Accept-Encoding: gzip,deflate
22:20:42,176 DEBUG            http.wire| http-outgoing-0 >> "GET /user/get/34 HTTP/1.1[\r][\n]"
22:20:42,176 DEBUG            http.wire| http-outgoing-0 >> "Accept: text/plain, application/json, application/*+json, */*[\r][\n]"
22:20:42,176 DEBUG            http.wire| http-outgoing-0 >> "Content-Type: application/json;charset=UTF-8[\r][\n]"
22:20:42,176 DEBUG            http.wire| http-outgoing-0 >> "Host: localhost:8080[\r][\n]"
22:20:42,176 DEBUG            http.wire| http-outgoing-0 >> "Connection: Keep-Alive[\r][\n]"
22:20:42,176 DEBUG            http.wire| http-outgoing-0 >> "User-Agent: Apache-HttpClient/4.5.13 (Java/11.0.16)[\r][\n]"
22:20:42,176 DEBUG            http.wire| http-outgoing-0 >> "Accept-Encoding: gzip,deflate[\r][\n]"
22:20:42,176 DEBUG            http.wire| http-outgoing-0 >> "[\r][\n]"
22:20:42,177 DEBUG            http.wire| http-outgoing-0 << "HTTP/1.1 200 [\r][\n]"
22:20:42,177 DEBUG            http.wire| http-outgoing-0 << "Content-Type: application/json[\r][\n]"
22:20:42,177 DEBUG            http.wire| http-outgoing-0 << "Transfer-Encoding: chunked[\r][\n]"
22:20:42,177 DEBUG            http.wire| http-outgoing-0 << "Date: Wed, 12 Jul 2023 19:20:41 GMT[\r][\n]"
22:20:42,177 DEBUG            http.wire| http-outgoing-0 << "Keep-Alive: timeout=60[\r][\n]"
22:20:42,177 DEBUG            http.wire| http-outgoing-0 << "Connection: keep-alive[\r][\n]"
22:20:42,177 DEBUG            http.wire| http-outgoing-0 << "[\r][\n]"
22:20:42,177 DEBUG            http.wire| http-outgoing-0 << "94[\r][\n]"
22:20:42,177 DEBUG            http.wire| http-outgoing-0 << "{"userId":34,"name":"Darline Lindgren","course":"Direct Optimization Architect","email":"34@qa.ru","age":86,"mark":{"name":"Course mark","score":2}}[\r][\n]"
22:20:42,177 DEBUG         http.headers| http-outgoing-0 << HTTP/1.1 200 
22:20:42,177 DEBUG         http.headers| http-outgoing-0 << Content-Type: application/json
22:20:42,177 DEBUG         http.headers| http-outgoing-0 << Transfer-Encoding: chunked
22:20:42,177 DEBUG         http.headers| http-outgoing-0 << Date: Wed, 12 Jul 2023 19:20:41 GMT
22:20:42,177 DEBUG         http.headers| http-outgoing-0 << Keep-Alive: timeout=60
22:20:42,177 DEBUG         http.headers| http-outgoing-0 << Connection: keep-alive
22:20:42,178 DEBUG chain.MainClientExec| Connection can be kept alive for 60000 MILLISECONDS
22:20:42,178 DEBUG            http.wire| http-outgoing-0 << "0[\r][\n]"
22:20:42,178 DEBUG            http.wire| http-outgoing-0 << "[\r][\n]"
22:20:42,178 DEBUG entConnectionManager| Connection [id: 0][route: {}->http://localhost:8080] can be kept alive for 60.0 seconds
22:20:42,178 DEBUG HttpClientConnection| http-outgoing-0: set socket timeout to 0
22:20:42,178 DEBUG entConnectionManager| Connection released: [id: 0][route: {}->http://localhost:8080][total available: 1; route allocated: 1 of 5; total allocated: 1 of 10]
22:20:42,178 DEBUG ingClientInterceptor| Received Http response message
22:20:42,179 DEBUG    Logger.Message_IN| RAWMESSAGE [id: 7dd3a608-eb44-4857-b556-39cbf4494f78, payload: HTTP/1.1 200 OK 
Content-Type:application/json
Transfer-Encoding:chunked
Date:Wed, 12 Jul 2023 19:20:41 GMT
Keep-Alive:timeout=60
Connection:keep-alive

{"userId":34,"name":"Darline Lindgren","course":"Direct Optimization Architect","email":"34@qa.ru","age":86,"mark":{"name":"Course mark","score":2}}][headers: {citrus_message_id=7dd3a608-eb44-4857-b556-39cbf4494f78, citrus_message_timestamp=1689189642178}]
22:20:42,179 DEBUG  client.RestTemplate| Response 200 OK
22:20:42,179 DEBUG  client.RestTemplate| Reading to [java.lang.String] as "application/json"
22:20:42,179 INFO     client.HttpClient| HTTP message was sent to endpoint: 'http://localhost:8080/user/get/34'
22:20:42,179 DEBUG aultHttpHeaderMapper| inboundHeaderNames=[Accept-Ranges, Age, Allow, Cache-Control, Connection, Content-Encoding, Content-Language, Content-Length, Content-Location, Content-MD5, Content-Range, Content-Type, Content-Disposition, Transfer-Encoding, Date, ETag, Expires, Last-Modified, Location, Pragma, Proxy-Authenticate, Refresh, Retry-After, Server, Set-Cookie, Trailer, Vary, Via, Warning, WWW-Authenticate]
22:20:42,179 DEBUG aultHttpHeaderMapper| headerName=[content-type] WILL be mapped, matched pattern=content-type
22:20:42,179 DEBUG aultHttpHeaderMapper| setting headerName=[contentType], value=application/json
22:20:42,179 DEBUG aultHttpHeaderMapper| headerName=[transfer-encoding] WILL be mapped, matched pattern=transfer-encoding
22:20:42,179 DEBUG aultHttpHeaderMapper| setting headerName=[Transfer-Encoding], value=[chunked]
22:20:42,179 DEBUG aultHttpHeaderMapper| headerName=[date] WILL be mapped, matched pattern=date
22:20:42,179 DEBUG aultHttpHeaderMapper| setting headerName=[Date], value=1 689 189 641 000
22:20:42,179 DEBUG aultHttpHeaderMapper| headerName=[keep-alive] WILL NOT be mapped
22:20:42,179 DEBUG aultHttpHeaderMapper| headerName=[connection] WILL be mapped, matched pattern=connection
22:20:42,179 DEBUG aultHttpHeaderMapper| setting headerName=[Connection], value=[keep-alive]
22:20:42,179 DEBUG ltCorrelationManager| Saving correlated object for 'citrus_message_id = 'c671d946-b958-46d8-81d2-7a4aba596f2c''
22:20:42,179 INFO  port.LoggingReporter| 
22:20:42,179 DEBUG port.LoggingReporter| TEST STEP 67 SUCCESS
22:20:42,179 INFO  port.LoggingReporter| 
22:20:42,179 DEBUG port.LoggingReporter| TEST STEP 68: receive
22:20:42,179 DEBUG ngCorrelationManager| Get correlation key for 'citrus_message_correlator_httpRESTClient'
22:20:42,179 DEBUG ltCorrelationManager| Finding correlated object for 'citrus_message_id = 'c671d946-b958-46d8-81d2-7a4aba596f2c''
22:20:42,180 DEBUG ageValidatorRegistry| Found 4 message validators for message
22:20:42,180 DEBUG ssageHeaderValidator| Start message header validation ...
22:20:42,180 DEBUG faultHeaderValidator| Validating header element: citrus_http_reason_phrase='OK': OK.
22:20:42,180 DEBUG faultHeaderValidator| Validating header element: citrus_http_status_code='200': OK.
22:20:42,180 INFO  ssageHeaderValidator| Message header validation successful: All values OK
22:20:42,180 DEBUG TextMessageValidator| Start JSON message validation ...
22:20:42,180 DEBUG JsonSchemaValidation| Starting Json schema validation ...
22:20:42,180 INFO  JsonSchemaValidation| Json schema validation successful: All values OK
22:20:42,181 DEBUG TextMessageValidator| Received message:
HTTPMESSAGE [id: 9b5e5ab0-ed18-4ee6-bebc-ad65cf896efb, payload: {"userId":34,"name":"Darline Lindgren","course":"Direct Optimization Architect","email":"34@qa.ru","age":86,"mark":{"name":"Course mark","score":2}}][headers: {Transfer-Encoding=chunked, Connection=keep-alive, contentType=application/json, Date=1689189641000, citrus_message_id=9b5e5ab0-ed18-4ee6-bebc-ad65cf896efb, citrus_message_timestamp=1689189642179, Keep-Alive=timeout=60, Content-Type=application/json, citrus_http_status_code=200, citrus_http_reason_phrase=OK, citrus_http_version=HTTP/1.1}]
22:20:42,181 DEBUG TextMessageValidator| Control message:
HTTPMESSAGE [id: 904dbd87-f1fc-4e14-bd39-31b463c3cac8, payload: {"userId":34,"email":"@contains('@qa.ru')@","name":"@matches('^[a-zA-Z\\s\\.]*$')@","course":"@matches('^[a-zA-Z\\s]*$')@","age":"@isNumber()@","mark":{"name":"@contains('Course mark')@","score":"@isNumber()@"}}][headers: {citrus_message_id=904dbd87-f1fc-4e14-bd39-31b463c3cac8, citrus_message_timestamp=1689189642179, citrus_http_reason_phrase=OK, citrus_http_status_code=200, citrus_message_type=JSON}]
22:20:42,181 DEBUG TextMessageValidator| Validation successful for JSON entry 'name' (@matches('^[a-zA-Z\s\.]*$')@)
22:20:42,181 DEBUG TextMessageValidator| Validation successful for JSON entry 'course' (@matches('^[a-zA-Z\s]*$')@)
22:20:42,181 DEBUG TextMessageValidator| Validation successful for JSON entry 'userId' (34)
22:20:42,181 DEBUG TextMessageValidator| Validation successful for JSON entry 'email' (@contains('@qa.ru')@)
22:20:42,181 DEBUG TextMessageValidator| Validation successful for JSON entry 'age' (@isNumber()@)
22:20:42,181 DEBUG TextMessageValidator| Validation successful for JSON entry 'score' (@isNumber()@)
22:20:42,181 DEBUG TextMessageValidator| Validation successful for JSON entry 'name' (@contains('Course mark')@)
22:20:42,181 DEBUG TextMessageValidator| Validation successful for JSON entry 'mark' ({"score":"@isNumber()@","name":"@contains('Course mark')@"})
22:20:42,181 INFO  TextMessageValidator| JSON message validation successful: All values OK
22:20:42,181 INFO  port.LoggingReporter| 
22:20:42,181 DEBUG port.LoggingReporter| TEST STEP 68 SUCCESS
]]></system-out>
  </testcase>
  <testcase name="getUserStubParametrizedTest(int)[35]" classname="citrus.HttpRESTStubTests" time="0.009">
    <system-out><![CDATA[22:20:42,183 INFO  port.LoggingReporter| 
22:20:42,183 INFO  port.LoggingReporter| ------------------------------------------------------------------------
22:20:42,183 DEBUG port.LoggingReporter| STARTING TEST HttpRESTStubTests.getUserStubParametrizedTest <citrus>
22:20:42,183 INFO  port.LoggingReporter| 
22:20:42,183 DEBUG trus.DefaultTestCase| Initializing test case
22:20:42,183 DEBUG trus.DefaultTestCase| Global variables:
22:20:42,183 DEBUG trus.DefaultTestCase| citrus_message_correlator_httpRESTClient = citrus_message_id = 'c671d946-b958-46d8-81d2-7a4aba596f2c'
22:20:42,183 DEBUG trus.DefaultTestCase| default.test.author = Unknown
22:20:42,183 DEBUG trus.DefaultTestCase| citrus.test.package = citrus
22:20:42,183 DEBUG trus.DefaultTestCase| citrus.test.name = HttpRESTStubTests.getUserStubParametrizedTest
22:20:42,183 DEBUG trus.DefaultTestCase| project.name = Citrus Integration Tests
22:20:42,183 DEBUG trus.DefaultTestCase| userId = 35
22:20:42,183 DEBUG trus.DefaultTestCase| citrus_message_replyTo_citrus_message_correlator_httpRESTClient = http://localhost:8080/user/get/34
22:20:42,183 DEBUG trus.DefaultTestCase| url = http://localhost:8080/user
22:20:42,183 DEBUG trus.DefaultTestCase| default.test.package = citrus
22:20:42,183 DEBUG  context.TestContext| Setting variable: citrus.test.name with value: 'HttpRESTStubTests.getUserStubParametrizedTest'
22:20:42,183 DEBUG  context.TestContext| Setting variable: citrus.test.package with value: 'citrus'
22:20:42,183 DEBUG trus.DefaultTestCase| Test variables:
22:20:42,183 DEBUG trus.DefaultTestCase| citrus_message_correlator_httpRESTClient = citrus_message_id = 'c671d946-b958-46d8-81d2-7a4aba596f2c'
22:20:42,183 DEBUG trus.DefaultTestCase| default.test.author = Unknown
22:20:42,183 DEBUG trus.DefaultTestCase| citrus.test.package = citrus
22:20:42,183 DEBUG trus.DefaultTestCase| citrus.test.name = HttpRESTStubTests.getUserStubParametrizedTest
22:20:42,183 DEBUG trus.DefaultTestCase| project.name = Citrus Integration Tests
22:20:42,183 DEBUG trus.DefaultTestCase| userId = 35
22:20:42,183 DEBUG trus.DefaultTestCase| citrus_message_replyTo_citrus_message_correlator_httpRESTClient = http://localhost:8080/user/get/34
22:20:42,183 DEBUG trus.DefaultTestCase| url = http://localhost:8080/user
22:20:42,183 DEBUG trus.DefaultTestCase| default.test.package = citrus
22:20:42,184 INFO  port.LoggingReporter| 
22:20:42,184 DEBUG port.LoggingReporter| TEST STEP 69: send
22:20:42,184 DEBUG ltCorrelationManager| Saving correlation key for 'citrus_message_correlator_httpRESTClient'
22:20:42,184 DEBUG  context.TestContext| Setting variable: citrus_message_correlator_httpRESTClient with value: 'citrus_message_id = 'd100462b-6fec-4932-bb1c-a1bc8d86be44''
22:20:42,184 DEBUG  context.TestContext| Setting variable: citrus_message_replyTo_citrus_message_correlator_httpRESTClient with value: 'http://localhost:8080/user/get/35'
22:20:42,184 INFO     client.HttpClient| Sending HTTP message to: 'http://localhost:8080/user/get/35'
22:20:42,184 DEBUG    client.HttpClient| Message to send:

22:20:42,184 DEBUG aultHttpHeaderMapper| outboundHeaderNames=[Accept, Accept-Charset, Accept-Encoding, Accept-Language, Accept-Ranges, Authorization, Cache-Control, Connection, Content-Length, Content-Type, Cookie, Date, Expect, From, Host, If-Match, If-Modified-Since, If-None-Match, If-Range, If-Unmodified-Since, Max-Forwards, Pragma, Proxy-Authorization, Range, Referer, TE, Upgrade, User-Agent, Via, Warning]
22:20:42,184 DEBUG aultHttpHeaderMapper| headerName=[citrus_message_timestamp] WILL NOT be mapped
22:20:42,184 DEBUG aultHttpHeaderMapper| headerName=[citrus_message_type] WILL NOT be mapped
22:20:42,184 DEBUG aultHttpHeaderMapper| headerName=[citrus_request_path] WILL NOT be mapped
22:20:42,184 DEBUG aultHttpHeaderMapper| headerName=[citrus_http_request_uri] WILL NOT be mapped
22:20:42,184 DEBUG aultHttpHeaderMapper| headerName=[id] WILL NOT be mapped
22:20:42,184 DEBUG aultHttpHeaderMapper| headerName=[citrus_message_id] WILL NOT be mapped
22:20:42,184 DEBUG aultHttpHeaderMapper| headerName=[citrus_http_method] WILL NOT be mapped
22:20:42,184 DEBUG aultHttpHeaderMapper| headerName=[timestamp] WILL NOT be mapped
22:20:42,184 DEBUG  client.RestTemplate| HTTP GET http://localhost:8080/user/get/35
22:20:42,184 DEBUG  client.RestTemplate| Accept=[text/plain, application/json, application/*+json, */*]
22:20:42,184 DEBUG ingClientInterceptor| Sending Http request message
22:20:42,186 DEBUG   Logger.Message_OUT| RAWMESSAGE [id: f38f4c1c-884d-45c7-883a-aa7b33603f48, payload: GET http://localhost:8080/user/get/35
Accept:text/plain, application/json, application/*+json, */*
Content-Type:application/json;charset=UTF-8
Content-Length:0][headers: {citrus_message_id=f38f4c1c-884d-45c7-883a-aa7b33603f48, citrus_message_timestamp=1689189642184}]
22:20:42,186 DEBUG ol.RequestAddCookies| CookieSpec selected: default
22:20:42,186 DEBUG col.RequestAuthCache| Auth cache not set in the context
22:20:42,186 DEBUG entConnectionManager| Connection request: [route: {}->http://localhost:8080][total available: 1; route allocated: 1 of 5; total allocated: 1 of 10]
22:20:42,186 DEBUG entConnectionManager| Connection leased: [id: 0][route: {}->http://localhost:8080][total available: 0; route allocated: 1 of 5; total allocated: 1 of 10]
22:20:42,186 DEBUG HttpClientConnection| http-outgoing-0: set socket timeout to 0
22:20:42,186 DEBUG chain.MainClientExec| Executing request GET /user/get/35 HTTP/1.1
22:20:42,186 DEBUG chain.MainClientExec| Target auth state: UNCHALLENGED
22:20:42,186 DEBUG chain.MainClientExec| Proxy auth state: UNCHALLENGED
22:20:42,186 DEBUG         http.headers| http-outgoing-0 >> GET /user/get/35 HTTP/1.1
22:20:42,186 DEBUG         http.headers| http-outgoing-0 >> Accept: text/plain, application/json, application/*+json, */*
22:20:42,186 DEBUG         http.headers| http-outgoing-0 >> Content-Type: application/json;charset=UTF-8
22:20:42,186 DEBUG         http.headers| http-outgoing-0 >> Host: localhost:8080
22:20:42,186 DEBUG         http.headers| http-outgoing-0 >> Connection: Keep-Alive
22:20:42,186 DEBUG         http.headers| http-outgoing-0 >> User-Agent: Apache-HttpClient/4.5.13 (Java/11.0.16)
22:20:42,186 DEBUG         http.headers| http-outgoing-0 >> Accept-Encoding: gzip,deflate
22:20:42,186 DEBUG            http.wire| http-outgoing-0 >> "GET /user/get/35 HTTP/1.1[\r][\n]"
22:20:42,186 DEBUG            http.wire| http-outgoing-0 >> "Accept: text/plain, application/json, application/*+json, */*[\r][\n]"
22:20:42,186 DEBUG            http.wire| http-outgoing-0 >> "Content-Type: application/json;charset=UTF-8[\r][\n]"
22:20:42,186 DEBUG            http.wire| http-outgoing-0 >> "Host: localhost:8080[\r][\n]"
22:20:42,186 DEBUG            http.wire| http-outgoing-0 >> "Connection: Keep-Alive[\r][\n]"
22:20:42,186 DEBUG            http.wire| http-outgoing-0 >> "User-Agent: Apache-HttpClient/4.5.13 (Java/11.0.16)[\r][\n]"
22:20:42,186 DEBUG            http.wire| http-outgoing-0 >> "Accept-Encoding: gzip,deflate[\r][\n]"
22:20:42,186 DEBUG            http.wire| http-outgoing-0 >> "[\r][\n]"
22:20:42,187 DEBUG            http.wire| http-outgoing-0 << "HTTP/1.1 200 [\r][\n]"
22:20:42,187 DEBUG            http.wire| http-outgoing-0 << "Content-Type: application/json[\r][\n]"
22:20:42,187 DEBUG            http.wire| http-outgoing-0 << "Transfer-Encoding: chunked[\r][\n]"
22:20:42,187 DEBUG            http.wire| http-outgoing-0 << "Date: Wed, 12 Jul 2023 19:20:41 GMT[\r][\n]"
22:20:42,187 DEBUG            http.wire| http-outgoing-0 << "Keep-Alive: timeout=60[\r][\n]"
22:20:42,187 DEBUG            http.wire| http-outgoing-0 << "Connection: keep-alive[\r][\n]"
22:20:42,187 DEBUG            http.wire| http-outgoing-0 << "[\r][\n]"
22:20:42,187 DEBUG            http.wire| http-outgoing-0 << "8b[\r][\n]"
22:20:42,187 DEBUG            http.wire| http-outgoing-0 << "{"userId":35,"name":"Gale Zulauf","course":"Future Response Associate","email":"35@qa.ru","age":21,"mark":{"name":"Course mark","score":3}}[\r][\n]"
22:20:42,187 DEBUG         http.headers| http-outgoing-0 << HTTP/1.1 200 
22:20:42,187 DEBUG         http.headers| http-outgoing-0 << Content-Type: application/json
22:20:42,187 DEBUG         http.headers| http-outgoing-0 << Transfer-Encoding: chunked
22:20:42,187 DEBUG         http.headers| http-outgoing-0 << Date: Wed, 12 Jul 2023 19:20:41 GMT
22:20:42,187 DEBUG         http.headers| http-outgoing-0 << Keep-Alive: timeout=60
22:20:42,187 DEBUG         http.headers| http-outgoing-0 << Connection: keep-alive
22:20:42,187 DEBUG chain.MainClientExec| Connection can be kept alive for 60000 MILLISECONDS
22:20:42,187 DEBUG            http.wire| http-outgoing-0 << "0[\r][\n]"
22:20:42,187 DEBUG            http.wire| http-outgoing-0 << "[\r][\n]"
22:20:42,187 DEBUG entConnectionManager| Connection [id: 0][route: {}->http://localhost:8080] can be kept alive for 60.0 seconds
22:20:42,187 DEBUG HttpClientConnection| http-outgoing-0: set socket timeout to 0
22:20:42,187 DEBUG entConnectionManager| Connection released: [id: 0][route: {}->http://localhost:8080][total available: 1; route allocated: 1 of 5; total allocated: 1 of 10]
22:20:42,187 DEBUG ingClientInterceptor| Received Http response message
22:20:42,188 DEBUG    Logger.Message_IN| RAWMESSAGE [id: 6403decf-c505-42b4-bb9d-85ae26e82d8f, payload: HTTP/1.1 200 OK 
Content-Type:application/json
Transfer-Encoding:chunked
Date:Wed, 12 Jul 2023 19:20:41 GMT
Keep-Alive:timeout=60
Connection:keep-alive

{"userId":35,"name":"Gale Zulauf","course":"Future Response Associate","email":"35@qa.ru","age":21,"mark":{"name":"Course mark","score":3}}][headers: {citrus_message_id=6403decf-c505-42b4-bb9d-85ae26e82d8f, citrus_message_timestamp=1689189642187}]
22:20:42,188 DEBUG  client.RestTemplate| Response 200 OK
22:20:42,188 DEBUG  client.RestTemplate| Reading to [java.lang.String] as "application/json"
22:20:42,189 INFO     client.HttpClient| HTTP message was sent to endpoint: 'http://localhost:8080/user/get/35'
22:20:42,189 DEBUG aultHttpHeaderMapper| inboundHeaderNames=[Accept-Ranges, Age, Allow, Cache-Control, Connection, Content-Encoding, Content-Language, Content-Length, Content-Location, Content-MD5, Content-Range, Content-Type, Content-Disposition, Transfer-Encoding, Date, ETag, Expires, Last-Modified, Location, Pragma, Proxy-Authenticate, Refresh, Retry-After, Server, Set-Cookie, Trailer, Vary, Via, Warning, WWW-Authenticate]
22:20:42,189 DEBUG aultHttpHeaderMapper| headerName=[content-type] WILL be mapped, matched pattern=content-type
22:20:42,189 DEBUG aultHttpHeaderMapper| setting headerName=[contentType], value=application/json
22:20:42,189 DEBUG aultHttpHeaderMapper| headerName=[transfer-encoding] WILL be mapped, matched pattern=transfer-encoding
22:20:42,189 DEBUG aultHttpHeaderMapper| setting headerName=[Transfer-Encoding], value=[chunked]
22:20:42,189 DEBUG aultHttpHeaderMapper| headerName=[date] WILL be mapped, matched pattern=date
22:20:42,189 DEBUG aultHttpHeaderMapper| setting headerName=[Date], value=1 689 189 641 000
22:20:42,189 DEBUG aultHttpHeaderMapper| headerName=[keep-alive] WILL NOT be mapped
22:20:42,189 DEBUG aultHttpHeaderMapper| headerName=[connection] WILL be mapped, matched pattern=connection
22:20:42,189 DEBUG aultHttpHeaderMapper| setting headerName=[Connection], value=[keep-alive]
22:20:42,189 DEBUG ltCorrelationManager| Saving correlated object for 'citrus_message_id = 'd100462b-6fec-4932-bb1c-a1bc8d86be44''
22:20:42,189 INFO  port.LoggingReporter| 
22:20:42,189 DEBUG port.LoggingReporter| TEST STEP 69 SUCCESS
22:20:42,189 INFO  port.LoggingReporter| 
22:20:42,189 DEBUG port.LoggingReporter| TEST STEP 70: receive
22:20:42,189 DEBUG ngCorrelationManager| Get correlation key for 'citrus_message_correlator_httpRESTClient'
22:20:42,189 DEBUG ltCorrelationManager| Finding correlated object for 'citrus_message_id = 'd100462b-6fec-4932-bb1c-a1bc8d86be44''
22:20:42,190 DEBUG ageValidatorRegistry| Found 4 message validators for message
22:20:42,190 DEBUG ssageHeaderValidator| Start message header validation ...
22:20:42,190 DEBUG faultHeaderValidator| Validating header element: citrus_http_reason_phrase='OK': OK.
22:20:42,190 DEBUG faultHeaderValidator| Validating header element: citrus_http_status_code='200': OK.
22:20:42,190 INFO  ssageHeaderValidator| Message header validation successful: All values OK
22:20:42,190 DEBUG TextMessageValidator| Start JSON message validation ...
22:20:42,190 DEBUG JsonSchemaValidation| Starting Json schema validation ...
22:20:42,190 INFO  JsonSchemaValidation| Json schema validation successful: All values OK
22:20:42,190 DEBUG TextMessageValidator| Received message:
HTTPMESSAGE [id: f7c5d7fc-1f4e-4254-9d03-17ba6a905760, payload: {"userId":35,"name":"Gale Zulauf","course":"Future Response Associate","email":"35@qa.ru","age":21,"mark":{"name":"Course mark","score":3}}][headers: {Transfer-Encoding=chunked, Connection=keep-alive, contentType=application/json, Date=1689189641000, citrus_message_id=f7c5d7fc-1f4e-4254-9d03-17ba6a905760, citrus_message_timestamp=1689189642189, Keep-Alive=timeout=60, Content-Type=application/json, citrus_http_status_code=200, citrus_http_reason_phrase=OK, citrus_http_version=HTTP/1.1}]
22:20:42,190 DEBUG TextMessageValidator| Control message:
HTTPMESSAGE [id: d24ca4fc-7164-4333-8381-524684577230, payload: {"userId":35,"email":"@contains('@qa.ru')@","name":"@matches('^[a-zA-Z\\s\\.]*$')@","course":"@matches('^[a-zA-Z\\s]*$')@","age":"@isNumber()@","mark":{"name":"@contains('Course mark')@","score":"@isNumber()@"}}][headers: {citrus_message_id=d24ca4fc-7164-4333-8381-524684577230, citrus_message_timestamp=1689189642189, citrus_http_reason_phrase=OK, citrus_http_status_code=200, citrus_message_type=JSON}]
22:20:42,190 DEBUG TextMessageValidator| Validation successful for JSON entry 'name' (@matches('^[a-zA-Z\s\.]*$')@)
22:20:42,190 DEBUG TextMessageValidator| Validation successful for JSON entry 'course' (@matches('^[a-zA-Z\s]*$')@)
22:20:42,190 DEBUG TextMessageValidator| Validation successful for JSON entry 'userId' (35)
22:20:42,190 DEBUG TextMessageValidator| Validation successful for JSON entry 'email' (@contains('@qa.ru')@)
22:20:42,190 DEBUG TextMessageValidator| Validation successful for JSON entry 'age' (@isNumber()@)
22:20:42,191 DEBUG TextMessageValidator| Validation successful for JSON entry 'score' (@isNumber()@)
22:20:42,191 DEBUG TextMessageValidator| Validation successful for JSON entry 'name' (@contains('Course mark')@)
22:20:42,191 DEBUG TextMessageValidator| Validation successful for JSON entry 'mark' ({"score":"@isNumber()@","name":"@contains('Course mark')@"})
22:20:42,191 INFO  TextMessageValidator| JSON message validation successful: All values OK
22:20:42,191 INFO  port.LoggingReporter| 
22:20:42,191 DEBUG port.LoggingReporter| TEST STEP 70 SUCCESS
]]></system-out>
  </testcase>
  <testcase name="getUserStubParametrizedTest(int)[36]" classname="citrus.HttpRESTStubTests" time="0.009">
    <system-out><![CDATA[22:20:42,193 INFO  port.LoggingReporter| 
22:20:42,193 INFO  port.LoggingReporter| ------------------------------------------------------------------------
22:20:42,193 DEBUG port.LoggingReporter| STARTING TEST HttpRESTStubTests.getUserStubParametrizedTest <citrus>
22:20:42,193 INFO  port.LoggingReporter| 
22:20:42,193 DEBUG trus.DefaultTestCase| Initializing test case
22:20:42,193 DEBUG trus.DefaultTestCase| Global variables:
22:20:42,193 DEBUG trus.DefaultTestCase| citrus_message_correlator_httpRESTClient = citrus_message_id = 'd100462b-6fec-4932-bb1c-a1bc8d86be44'
22:20:42,193 DEBUG trus.DefaultTestCase| default.test.author = Unknown
22:20:42,193 DEBUG trus.DefaultTestCase| citrus.test.package = citrus
22:20:42,193 DEBUG trus.DefaultTestCase| citrus.test.name = HttpRESTStubTests.getUserStubParametrizedTest
22:20:42,193 DEBUG trus.DefaultTestCase| project.name = Citrus Integration Tests
22:20:42,193 DEBUG trus.DefaultTestCase| userId = 35
22:20:42,193 DEBUG trus.DefaultTestCase| citrus_message_replyTo_citrus_message_correlator_httpRESTClient = http://localhost:8080/user/get/35
22:20:42,193 DEBUG trus.DefaultTestCase| url = http://localhost:8080/user
22:20:42,193 DEBUG trus.DefaultTestCase| default.test.package = citrus
22:20:42,193 DEBUG  context.TestContext| Setting variable: citrus.test.name with value: 'HttpRESTStubTests.getUserStubParametrizedTest'
22:20:42,193 DEBUG  context.TestContext| Setting variable: citrus.test.package with value: 'citrus'
22:20:42,193 DEBUG trus.DefaultTestCase| Test variables:
22:20:42,193 DEBUG trus.DefaultTestCase| citrus_message_correlator_httpRESTClient = citrus_message_id = 'd100462b-6fec-4932-bb1c-a1bc8d86be44'
22:20:42,193 DEBUG trus.DefaultTestCase| default.test.author = Unknown
22:20:42,193 DEBUG trus.DefaultTestCase| citrus.test.package = citrus
22:20:42,193 DEBUG trus.DefaultTestCase| citrus.test.name = HttpRESTStubTests.getUserStubParametrizedTest
22:20:42,193 DEBUG trus.DefaultTestCase| project.name = Citrus Integration Tests
22:20:42,193 DEBUG trus.DefaultTestCase| userId = 35
22:20:42,193 DEBUG trus.DefaultTestCase| citrus_message_replyTo_citrus_message_correlator_httpRESTClient = http://localhost:8080/user/get/35
22:20:42,193 DEBUG trus.DefaultTestCase| url = http://localhost:8080/user
22:20:42,193 DEBUG trus.DefaultTestCase| default.test.package = citrus
22:20:42,193 INFO  port.LoggingReporter| 
22:20:42,193 DEBUG port.LoggingReporter| TEST STEP 71: send
22:20:42,194 DEBUG ltCorrelationManager| Saving correlation key for 'citrus_message_correlator_httpRESTClient'
22:20:42,194 DEBUG  context.TestContext| Setting variable: citrus_message_correlator_httpRESTClient with value: 'citrus_message_id = 'bfe0cf58-f9a8-40f8-831d-c380bccae6ee''
22:20:42,194 DEBUG  context.TestContext| Setting variable: citrus_message_replyTo_citrus_message_correlator_httpRESTClient with value: 'http://localhost:8080/user/get/36'
22:20:42,194 INFO     client.HttpClient| Sending HTTP message to: 'http://localhost:8080/user/get/36'
22:20:42,194 DEBUG    client.HttpClient| Message to send:

22:20:42,194 DEBUG aultHttpHeaderMapper| outboundHeaderNames=[Accept, Accept-Charset, Accept-Encoding, Accept-Language, Accept-Ranges, Authorization, Cache-Control, Connection, Content-Length, Content-Type, Cookie, Date, Expect, From, Host, If-Match, If-Modified-Since, If-None-Match, If-Range, If-Unmodified-Since, Max-Forwards, Pragma, Proxy-Authorization, Range, Referer, TE, Upgrade, User-Agent, Via, Warning]
22:20:42,194 DEBUG aultHttpHeaderMapper| headerName=[citrus_message_timestamp] WILL NOT be mapped
22:20:42,194 DEBUG aultHttpHeaderMapper| headerName=[citrus_message_type] WILL NOT be mapped
22:20:42,194 DEBUG aultHttpHeaderMapper| headerName=[citrus_request_path] WILL NOT be mapped
22:20:42,194 DEBUG aultHttpHeaderMapper| headerName=[citrus_http_request_uri] WILL NOT be mapped
22:20:42,194 DEBUG aultHttpHeaderMapper| headerName=[id] WILL NOT be mapped
22:20:42,194 DEBUG aultHttpHeaderMapper| headerName=[citrus_message_id] WILL NOT be mapped
22:20:42,194 DEBUG aultHttpHeaderMapper| headerName=[citrus_http_method] WILL NOT be mapped
22:20:42,194 DEBUG aultHttpHeaderMapper| headerName=[timestamp] WILL NOT be mapped
22:20:42,194 DEBUG  client.RestTemplate| HTTP GET http://localhost:8080/user/get/36
22:20:42,194 DEBUG  client.RestTemplate| Accept=[text/plain, application/json, application/*+json, */*]
22:20:42,194 DEBUG ingClientInterceptor| Sending Http request message
22:20:42,195 DEBUG   Logger.Message_OUT| RAWMESSAGE [id: 5970ebc0-7ccf-49bf-90bf-1409859b48f3, payload: GET http://localhost:8080/user/get/36
Accept:text/plain, application/json, application/*+json, */*
Content-Type:application/json;charset=UTF-8
Content-Length:0][headers: {citrus_message_id=5970ebc0-7ccf-49bf-90bf-1409859b48f3, citrus_message_timestamp=1689189642194}]
22:20:42,195 DEBUG ol.RequestAddCookies| CookieSpec selected: default
22:20:42,195 DEBUG col.RequestAuthCache| Auth cache not set in the context
22:20:42,195 DEBUG entConnectionManager| Connection request: [route: {}->http://localhost:8080][total available: 1; route allocated: 1 of 5; total allocated: 1 of 10]
22:20:42,195 DEBUG entConnectionManager| Connection leased: [id: 0][route: {}->http://localhost:8080][total available: 0; route allocated: 1 of 5; total allocated: 1 of 10]
22:20:42,195 DEBUG HttpClientConnection| http-outgoing-0: set socket timeout to 0
22:20:42,195 DEBUG chain.MainClientExec| Executing request GET /user/get/36 HTTP/1.1
22:20:42,195 DEBUG chain.MainClientExec| Target auth state: UNCHALLENGED
22:20:42,196 DEBUG chain.MainClientExec| Proxy auth state: UNCHALLENGED
22:20:42,196 DEBUG         http.headers| http-outgoing-0 >> GET /user/get/36 HTTP/1.1
22:20:42,196 DEBUG         http.headers| http-outgoing-0 >> Accept: text/plain, application/json, application/*+json, */*
22:20:42,196 DEBUG         http.headers| http-outgoing-0 >> Content-Type: application/json;charset=UTF-8
22:20:42,196 DEBUG         http.headers| http-outgoing-0 >> Host: localhost:8080
22:20:42,196 DEBUG         http.headers| http-outgoing-0 >> Connection: Keep-Alive
22:20:42,196 DEBUG         http.headers| http-outgoing-0 >> User-Agent: Apache-HttpClient/4.5.13 (Java/11.0.16)
22:20:42,196 DEBUG         http.headers| http-outgoing-0 >> Accept-Encoding: gzip,deflate
22:20:42,196 DEBUG            http.wire| http-outgoing-0 >> "GET /user/get/36 HTTP/1.1[\r][\n]"
22:20:42,196 DEBUG            http.wire| http-outgoing-0 >> "Accept: text/plain, application/json, application/*+json, */*[\r][\n]"
22:20:42,196 DEBUG            http.wire| http-outgoing-0 >> "Content-Type: application/json;charset=UTF-8[\r][\n]"
22:20:42,196 DEBUG            http.wire| http-outgoing-0 >> "Host: localhost:8080[\r][\n]"
22:20:42,196 DEBUG            http.wire| http-outgoing-0 >> "Connection: Keep-Alive[\r][\n]"
22:20:42,196 DEBUG            http.wire| http-outgoing-0 >> "User-Agent: Apache-HttpClient/4.5.13 (Java/11.0.16)[\r][\n]"
22:20:42,196 DEBUG            http.wire| http-outgoing-0 >> "Accept-Encoding: gzip,deflate[\r][\n]"
22:20:42,196 DEBUG            http.wire| http-outgoing-0 >> "[\r][\n]"
22:20:42,197 DEBUG            http.wire| http-outgoing-0 << "HTTP/1.1 200 [\r][\n]"
22:20:42,197 DEBUG            http.wire| http-outgoing-0 << "Content-Type: application/json[\r][\n]"
22:20:42,197 DEBUG            http.wire| http-outgoing-0 << "Transfer-Encoding: chunked[\r][\n]"
22:20:42,197 DEBUG            http.wire| http-outgoing-0 << "Date: Wed, 12 Jul 2023 19:20:41 GMT[\r][\n]"
22:20:42,197 DEBUG            http.wire| http-outgoing-0 << "Keep-Alive: timeout=60[\r][\n]"
22:20:42,197 DEBUG            http.wire| http-outgoing-0 << "Connection: keep-alive[\r][\n]"
22:20:42,197 DEBUG            http.wire| http-outgoing-0 << "[\r][\n]"
22:20:42,197 DEBUG            http.wire| http-outgoing-0 << "91[\r][\n]"
22:20:42,197 DEBUG            http.wire| http-outgoing-0 << "{"userId":36,"name":"Elisha Bahringer","course":"Central Paradigm Assistant","email":"36@qa.ru","age":56,"mark":{"name":"Course mark","score":3}}[\r][\n]"
22:20:42,197 DEBUG         http.headers| http-outgoing-0 << HTTP/1.1 200 
22:20:42,197 DEBUG         http.headers| http-outgoing-0 << Content-Type: application/json
22:20:42,197 DEBUG         http.headers| http-outgoing-0 << Transfer-Encoding: chunked
22:20:42,197 DEBUG         http.headers| http-outgoing-0 << Date: Wed, 12 Jul 2023 19:20:41 GMT
22:20:42,197 DEBUG         http.headers| http-outgoing-0 << Keep-Alive: timeout=60
22:20:42,197 DEBUG         http.headers| http-outgoing-0 << Connection: keep-alive
22:20:42,197 DEBUG chain.MainClientExec| Connection can be kept alive for 60000 MILLISECONDS
22:20:42,197 DEBUG            http.wire| http-outgoing-0 << "0[\r][\n]"
22:20:42,197 DEBUG            http.wire| http-outgoing-0 << "[\r][\n]"
22:20:42,197 DEBUG entConnectionManager| Connection [id: 0][route: {}->http://localhost:8080] can be kept alive for 60.0 seconds
22:20:42,197 DEBUG HttpClientConnection| http-outgoing-0: set socket timeout to 0
22:20:42,197 DEBUG entConnectionManager| Connection released: [id: 0][route: {}->http://localhost:8080][total available: 1; route allocated: 1 of 5; total allocated: 1 of 10]
22:20:42,197 DEBUG ingClientInterceptor| Received Http response message
22:20:42,198 DEBUG    Logger.Message_IN| RAWMESSAGE [id: 32637c76-939a-4388-a517-5418bfc294b8, payload: HTTP/1.1 200 OK 
Content-Type:application/json
Transfer-Encoding:chunked
Date:Wed, 12 Jul 2023 19:20:41 GMT
Keep-Alive:timeout=60
Connection:keep-alive

{"userId":36,"name":"Elisha Bahringer","course":"Central Paradigm Assistant","email":"36@qa.ru","age":56,"mark":{"name":"Course mark","score":3}}][headers: {citrus_message_id=32637c76-939a-4388-a517-5418bfc294b8, citrus_message_timestamp=1689189642197}]
22:20:42,198 DEBUG  client.RestTemplate| Response 200 OK
22:20:42,198 DEBUG  client.RestTemplate| Reading to [java.lang.String] as "application/json"
22:20:42,198 INFO     client.HttpClient| HTTP message was sent to endpoint: 'http://localhost:8080/user/get/36'
22:20:42,198 DEBUG aultHttpHeaderMapper| inboundHeaderNames=[Accept-Ranges, Age, Allow, Cache-Control, Connection, Content-Encoding, Content-Language, Content-Length, Content-Location, Content-MD5, Content-Range, Content-Type, Content-Disposition, Transfer-Encoding, Date, ETag, Expires, Last-Modified, Location, Pragma, Proxy-Authenticate, Refresh, Retry-After, Server, Set-Cookie, Trailer, Vary, Via, Warning, WWW-Authenticate]
22:20:42,198 DEBUG aultHttpHeaderMapper| headerName=[content-type] WILL be mapped, matched pattern=content-type
22:20:42,198 DEBUG aultHttpHeaderMapper| setting headerName=[contentType], value=application/json
22:20:42,198 DEBUG aultHttpHeaderMapper| headerName=[transfer-encoding] WILL be mapped, matched pattern=transfer-encoding
22:20:42,198 DEBUG aultHttpHeaderMapper| setting headerName=[Transfer-Encoding], value=[chunked]
22:20:42,198 DEBUG aultHttpHeaderMapper| headerName=[date] WILL be mapped, matched pattern=date
22:20:42,198 DEBUG aultHttpHeaderMapper| setting headerName=[Date], value=1 689 189 641 000
22:20:42,198 DEBUG aultHttpHeaderMapper| headerName=[keep-alive] WILL NOT be mapped
22:20:42,198 DEBUG aultHttpHeaderMapper| headerName=[connection] WILL be mapped, matched pattern=connection
22:20:42,198 DEBUG aultHttpHeaderMapper| setting headerName=[Connection], value=[keep-alive]
22:20:42,198 DEBUG ltCorrelationManager| Saving correlated object for 'citrus_message_id = 'bfe0cf58-f9a8-40f8-831d-c380bccae6ee''
22:20:42,198 INFO  port.LoggingReporter| 
22:20:42,198 DEBUG port.LoggingReporter| TEST STEP 71 SUCCESS
22:20:42,198 INFO  port.LoggingReporter| 
22:20:42,199 DEBUG port.LoggingReporter| TEST STEP 72: receive
22:20:42,199 DEBUG ngCorrelationManager| Get correlation key for 'citrus_message_correlator_httpRESTClient'
22:20:42,199 DEBUG ltCorrelationManager| Finding correlated object for 'citrus_message_id = 'bfe0cf58-f9a8-40f8-831d-c380bccae6ee''
22:20:42,199 DEBUG ageValidatorRegistry| Found 4 message validators for message
22:20:42,199 DEBUG ssageHeaderValidator| Start message header validation ...
22:20:42,199 DEBUG faultHeaderValidator| Validating header element: citrus_http_reason_phrase='OK': OK.
22:20:42,200 DEBUG faultHeaderValidator| Validating header element: citrus_http_status_code='200': OK.
22:20:42,200 INFO  ssageHeaderValidator| Message header validation successful: All values OK
22:20:42,200 DEBUG TextMessageValidator| Start JSON message validation ...
22:20:42,200 DEBUG JsonSchemaValidation| Starting Json schema validation ...
22:20:42,200 INFO  JsonSchemaValidation| Json schema validation successful: All values OK
22:20:42,200 DEBUG TextMessageValidator| Received message:
HTTPMESSAGE [id: 170107e0-2f06-497d-a7e1-8fe7ee68f108, payload: {"userId":36,"name":"Elisha Bahringer","course":"Central Paradigm Assistant","email":"36@qa.ru","age":56,"mark":{"name":"Course mark","score":3}}][headers: {Transfer-Encoding=chunked, Connection=keep-alive, contentType=application/json, Date=1689189641000, citrus_message_id=170107e0-2f06-497d-a7e1-8fe7ee68f108, citrus_message_timestamp=1689189642198, Keep-Alive=timeout=60, Content-Type=application/json, citrus_http_status_code=200, citrus_http_reason_phrase=OK, citrus_http_version=HTTP/1.1}]
22:20:42,200 DEBUG TextMessageValidator| Control message:
HTTPMESSAGE [id: 6c03cd2a-8474-4e0b-b700-8597ff859e77, payload: {"userId":36,"email":"@contains('@qa.ru')@","name":"@matches('^[a-zA-Z\\s\\.]*$')@","course":"@matches('^[a-zA-Z\\s]*$')@","age":"@isNumber()@","mark":{"name":"@contains('Course mark')@","score":"@isNumber()@"}}][headers: {citrus_message_id=6c03cd2a-8474-4e0b-b700-8597ff859e77, citrus_message_timestamp=1689189642198, citrus_http_reason_phrase=OK, citrus_http_status_code=200, citrus_message_type=JSON}]
22:20:42,200 DEBUG TextMessageValidator| Validation successful for JSON entry 'name' (@matches('^[a-zA-Z\s\.]*$')@)
22:20:42,200 DEBUG TextMessageValidator| Validation successful for JSON entry 'course' (@matches('^[a-zA-Z\s]*$')@)
22:20:42,200 DEBUG TextMessageValidator| Validation successful for JSON entry 'userId' (36)
22:20:42,200 DEBUG TextMessageValidator| Validation successful for JSON entry 'email' (@contains('@qa.ru')@)
22:20:42,200 DEBUG TextMessageValidator| Validation successful for JSON entry 'age' (@isNumber()@)
22:20:42,200 DEBUG TextMessageValidator| Validation successful for JSON entry 'score' (@isNumber()@)
22:20:42,200 DEBUG TextMessageValidator| Validation successful for JSON entry 'name' (@contains('Course mark')@)
22:20:42,200 DEBUG TextMessageValidator| Validation successful for JSON entry 'mark' ({"score":"@isNumber()@","name":"@contains('Course mark')@"})
22:20:42,200 INFO  TextMessageValidator| JSON message validation successful: All values OK
22:20:42,200 INFO  port.LoggingReporter| 
22:20:42,200 DEBUG port.LoggingReporter| TEST STEP 72 SUCCESS
]]></system-out>
  </testcase>
  <testcase name="getUserStubParametrizedTest(int)[37]" classname="citrus.HttpRESTStubTests" time="0.01">
    <system-out><![CDATA[22:20:42,202 INFO  port.LoggingReporter| 
22:20:42,202 INFO  port.LoggingReporter| ------------------------------------------------------------------------
22:20:42,202 DEBUG port.LoggingReporter| STARTING TEST HttpRESTStubTests.getUserStubParametrizedTest <citrus>
22:20:42,202 INFO  port.LoggingReporter| 
22:20:42,202 DEBUG trus.DefaultTestCase| Initializing test case
22:20:42,202 DEBUG trus.DefaultTestCase| Global variables:
22:20:42,202 DEBUG trus.DefaultTestCase| citrus_message_correlator_httpRESTClient = citrus_message_id = 'bfe0cf58-f9a8-40f8-831d-c380bccae6ee'
22:20:42,202 DEBUG trus.DefaultTestCase| default.test.author = Unknown
22:20:42,202 DEBUG trus.DefaultTestCase| citrus.test.package = citrus
22:20:42,202 DEBUG trus.DefaultTestCase| citrus.test.name = HttpRESTStubTests.getUserStubParametrizedTest
22:20:42,202 DEBUG trus.DefaultTestCase| project.name = Citrus Integration Tests
22:20:42,202 DEBUG trus.DefaultTestCase| userId = 35
22:20:42,202 DEBUG trus.DefaultTestCase| citrus_message_replyTo_citrus_message_correlator_httpRESTClient = http://localhost:8080/user/get/36
22:20:42,202 DEBUG trus.DefaultTestCase| url = http://localhost:8080/user
22:20:42,202 DEBUG trus.DefaultTestCase| default.test.package = citrus
22:20:42,202 DEBUG  context.TestContext| Setting variable: citrus.test.name with value: 'HttpRESTStubTests.getUserStubParametrizedTest'
22:20:42,202 DEBUG  context.TestContext| Setting variable: citrus.test.package with value: 'citrus'
22:20:42,202 DEBUG trus.DefaultTestCase| Test variables:
22:20:42,202 DEBUG trus.DefaultTestCase| citrus_message_correlator_httpRESTClient = citrus_message_id = 'bfe0cf58-f9a8-40f8-831d-c380bccae6ee'
22:20:42,202 DEBUG trus.DefaultTestCase| default.test.author = Unknown
22:20:42,202 DEBUG trus.DefaultTestCase| citrus.test.package = citrus
22:20:42,202 DEBUG trus.DefaultTestCase| citrus.test.name = HttpRESTStubTests.getUserStubParametrizedTest
22:20:42,202 DEBUG trus.DefaultTestCase| project.name = Citrus Integration Tests
22:20:42,202 DEBUG trus.DefaultTestCase| userId = 35
22:20:42,202 DEBUG trus.DefaultTestCase| citrus_message_replyTo_citrus_message_correlator_httpRESTClient = http://localhost:8080/user/get/36
22:20:42,202 DEBUG trus.DefaultTestCase| url = http://localhost:8080/user
22:20:42,202 DEBUG trus.DefaultTestCase| default.test.package = citrus
22:20:42,202 INFO  port.LoggingReporter| 
22:20:42,202 DEBUG port.LoggingReporter| TEST STEP 73: send
22:20:42,203 DEBUG ltCorrelationManager| Saving correlation key for 'citrus_message_correlator_httpRESTClient'
22:20:42,203 DEBUG  context.TestContext| Setting variable: citrus_message_correlator_httpRESTClient with value: 'citrus_message_id = '3c3ecb8a-1329-47e9-b21c-f9ea48ab73f7''
22:20:42,203 DEBUG  context.TestContext| Setting variable: citrus_message_replyTo_citrus_message_correlator_httpRESTClient with value: 'http://localhost:8080/user/get/37'
22:20:42,203 INFO     client.HttpClient| Sending HTTP message to: 'http://localhost:8080/user/get/37'
22:20:42,203 DEBUG    client.HttpClient| Message to send:

22:20:42,203 DEBUG aultHttpHeaderMapper| outboundHeaderNames=[Accept, Accept-Charset, Accept-Encoding, Accept-Language, Accept-Ranges, Authorization, Cache-Control, Connection, Content-Length, Content-Type, Cookie, Date, Expect, From, Host, If-Match, If-Modified-Since, If-None-Match, If-Range, If-Unmodified-Since, Max-Forwards, Pragma, Proxy-Authorization, Range, Referer, TE, Upgrade, User-Agent, Via, Warning]
22:20:42,203 DEBUG aultHttpHeaderMapper| headerName=[citrus_message_timestamp] WILL NOT be mapped
22:20:42,203 DEBUG aultHttpHeaderMapper| headerName=[citrus_message_type] WILL NOT be mapped
22:20:42,203 DEBUG aultHttpHeaderMapper| headerName=[citrus_request_path] WILL NOT be mapped
22:20:42,203 DEBUG aultHttpHeaderMapper| headerName=[citrus_http_request_uri] WILL NOT be mapped
22:20:42,203 DEBUG aultHttpHeaderMapper| headerName=[id] WILL NOT be mapped
22:20:42,203 DEBUG aultHttpHeaderMapper| headerName=[citrus_message_id] WILL NOT be mapped
22:20:42,203 DEBUG aultHttpHeaderMapper| headerName=[citrus_http_method] WILL NOT be mapped
22:20:42,203 DEBUG aultHttpHeaderMapper| headerName=[timestamp] WILL NOT be mapped
22:20:42,203 DEBUG  client.RestTemplate| HTTP GET http://localhost:8080/user/get/37
22:20:42,203 DEBUG  client.RestTemplate| Accept=[text/plain, application/json, application/*+json, */*]
22:20:42,203 DEBUG ingClientInterceptor| Sending Http request message
22:20:42,204 DEBUG   Logger.Message_OUT| RAWMESSAGE [id: 69583418-b859-43c3-80d1-5c72854529c7, payload: GET http://localhost:8080/user/get/37
Accept:text/plain, application/json, application/*+json, */*
Content-Type:application/json;charset=UTF-8
Content-Length:0][headers: {citrus_message_id=69583418-b859-43c3-80d1-5c72854529c7, citrus_message_timestamp=1689189642203}]
22:20:42,204 DEBUG ol.RequestAddCookies| CookieSpec selected: default
22:20:42,204 DEBUG col.RequestAuthCache| Auth cache not set in the context
22:20:42,204 DEBUG entConnectionManager| Connection request: [route: {}->http://localhost:8080][total available: 1; route allocated: 1 of 5; total allocated: 1 of 10]
22:20:42,205 DEBUG entConnectionManager| Connection leased: [id: 0][route: {}->http://localhost:8080][total available: 0; route allocated: 1 of 5; total allocated: 1 of 10]
22:20:42,205 DEBUG HttpClientConnection| http-outgoing-0: set socket timeout to 0
22:20:42,205 DEBUG chain.MainClientExec| Executing request GET /user/get/37 HTTP/1.1
22:20:42,205 DEBUG chain.MainClientExec| Target auth state: UNCHALLENGED
22:20:42,205 DEBUG chain.MainClientExec| Proxy auth state: UNCHALLENGED
22:20:42,205 DEBUG         http.headers| http-outgoing-0 >> GET /user/get/37 HTTP/1.1
22:20:42,205 DEBUG         http.headers| http-outgoing-0 >> Accept: text/plain, application/json, application/*+json, */*
22:20:42,205 DEBUG         http.headers| http-outgoing-0 >> Content-Type: application/json;charset=UTF-8
22:20:42,205 DEBUG         http.headers| http-outgoing-0 >> Host: localhost:8080
22:20:42,205 DEBUG         http.headers| http-outgoing-0 >> Connection: Keep-Alive
22:20:42,205 DEBUG         http.headers| http-outgoing-0 >> User-Agent: Apache-HttpClient/4.5.13 (Java/11.0.16)
22:20:42,205 DEBUG         http.headers| http-outgoing-0 >> Accept-Encoding: gzip,deflate
22:20:42,205 DEBUG            http.wire| http-outgoing-0 >> "GET /user/get/37 HTTP/1.1[\r][\n]"
22:20:42,205 DEBUG            http.wire| http-outgoing-0 >> "Accept: text/plain, application/json, application/*+json, */*[\r][\n]"
22:20:42,205 DEBUG            http.wire| http-outgoing-0 >> "Content-Type: application/json;charset=UTF-8[\r][\n]"
22:20:42,205 DEBUG            http.wire| http-outgoing-0 >> "Host: localhost:8080[\r][\n]"
22:20:42,205 DEBUG            http.wire| http-outgoing-0 >> "Connection: Keep-Alive[\r][\n]"
22:20:42,205 DEBUG            http.wire| http-outgoing-0 >> "User-Agent: Apache-HttpClient/4.5.13 (Java/11.0.16)[\r][\n]"
22:20:42,205 DEBUG            http.wire| http-outgoing-0 >> "Accept-Encoding: gzip,deflate[\r][\n]"
22:20:42,205 DEBUG            http.wire| http-outgoing-0 >> "[\r][\n]"
22:20:42,206 DEBUG            http.wire| http-outgoing-0 << "HTTP/1.1 200 [\r][\n]"
22:20:42,206 DEBUG            http.wire| http-outgoing-0 << "Content-Type: application/json[\r][\n]"
22:20:42,206 DEBUG            http.wire| http-outgoing-0 << "Transfer-Encoding: chunked[\r][\n]"
22:20:42,206 DEBUG            http.wire| http-outgoing-0 << "Date: Wed, 12 Jul 2023 19:20:41 GMT[\r][\n]"
22:20:42,206 DEBUG            http.wire| http-outgoing-0 << "Keep-Alive: timeout=60[\r][\n]"
22:20:42,206 DEBUG            http.wire| http-outgoing-0 << "Connection: keep-alive[\r][\n]"
22:20:42,206 DEBUG            http.wire| http-outgoing-0 << "[\r][\n]"
22:20:42,206 DEBUG            http.wire| http-outgoing-0 << "91[\r][\n]"
22:20:42,206 DEBUG            http.wire| http-outgoing-0 << "{"userId":37,"name":"Ethelene Stark","course":"District Marketing Assistant","email":"37@qa.ru","age":43,"mark":{"name":"Course mark","score":5}}[\r][\n]"
22:20:42,206 DEBUG         http.headers| http-outgoing-0 << HTTP/1.1 200 
22:20:42,206 DEBUG         http.headers| http-outgoing-0 << Content-Type: application/json
22:20:42,206 DEBUG         http.headers| http-outgoing-0 << Transfer-Encoding: chunked
22:20:42,206 DEBUG         http.headers| http-outgoing-0 << Date: Wed, 12 Jul 2023 19:20:41 GMT
22:20:42,206 DEBUG         http.headers| http-outgoing-0 << Keep-Alive: timeout=60
22:20:42,206 DEBUG         http.headers| http-outgoing-0 << Connection: keep-alive
22:20:42,206 DEBUG chain.MainClientExec| Connection can be kept alive for 60000 MILLISECONDS
22:20:42,206 DEBUG            http.wire| http-outgoing-0 << "0[\r][\n]"
22:20:42,206 DEBUG            http.wire| http-outgoing-0 << "[\r][\n]"
22:20:42,206 DEBUG entConnectionManager| Connection [id: 0][route: {}->http://localhost:8080] can be kept alive for 60.0 seconds
22:20:42,206 DEBUG HttpClientConnection| http-outgoing-0: set socket timeout to 0
22:20:42,206 DEBUG entConnectionManager| Connection released: [id: 0][route: {}->http://localhost:8080][total available: 1; route allocated: 1 of 5; total allocated: 1 of 10]
22:20:42,206 DEBUG ingClientInterceptor| Received Http response message
22:20:42,207 DEBUG    Logger.Message_IN| RAWMESSAGE [id: 7cd9f27c-82c7-40e2-901b-49afd07e3d75, payload: HTTP/1.1 200 OK 
Content-Type:application/json
Transfer-Encoding:chunked
Date:Wed, 12 Jul 2023 19:20:41 GMT
Keep-Alive:timeout=60
Connection:keep-alive

{"userId":37,"name":"Ethelene Stark","course":"District Marketing Assistant","email":"37@qa.ru","age":43,"mark":{"name":"Course mark","score":5}}][headers: {citrus_message_id=7cd9f27c-82c7-40e2-901b-49afd07e3d75, citrus_message_timestamp=1689189642206}]
22:20:42,207 DEBUG  client.RestTemplate| Response 200 OK
22:20:42,207 DEBUG  client.RestTemplate| Reading to [java.lang.String] as "application/json"
22:20:42,208 INFO     client.HttpClient| HTTP message was sent to endpoint: 'http://localhost:8080/user/get/37'
22:20:42,208 DEBUG aultHttpHeaderMapper| inboundHeaderNames=[Accept-Ranges, Age, Allow, Cache-Control, Connection, Content-Encoding, Content-Language, Content-Length, Content-Location, Content-MD5, Content-Range, Content-Type, Content-Disposition, Transfer-Encoding, Date, ETag, Expires, Last-Modified, Location, Pragma, Proxy-Authenticate, Refresh, Retry-After, Server, Set-Cookie, Trailer, Vary, Via, Warning, WWW-Authenticate]
22:20:42,208 DEBUG aultHttpHeaderMapper| headerName=[content-type] WILL be mapped, matched pattern=content-type
22:20:42,208 DEBUG aultHttpHeaderMapper| setting headerName=[contentType], value=application/json
22:20:42,208 DEBUG aultHttpHeaderMapper| headerName=[transfer-encoding] WILL be mapped, matched pattern=transfer-encoding
22:20:42,208 DEBUG aultHttpHeaderMapper| setting headerName=[Transfer-Encoding], value=[chunked]
22:20:42,208 DEBUG aultHttpHeaderMapper| headerName=[date] WILL be mapped, matched pattern=date
22:20:42,208 DEBUG aultHttpHeaderMapper| setting headerName=[Date], value=1 689 189 641 000
22:20:42,208 DEBUG aultHttpHeaderMapper| headerName=[keep-alive] WILL NOT be mapped
22:20:42,208 DEBUG aultHttpHeaderMapper| headerName=[connection] WILL be mapped, matched pattern=connection
22:20:42,208 DEBUG aultHttpHeaderMapper| setting headerName=[Connection], value=[keep-alive]
22:20:42,208 DEBUG ltCorrelationManager| Saving correlated object for 'citrus_message_id = '3c3ecb8a-1329-47e9-b21c-f9ea48ab73f7''
22:20:42,208 INFO  port.LoggingReporter| 
22:20:42,208 DEBUG port.LoggingReporter| TEST STEP 73 SUCCESS
22:20:42,208 INFO  port.LoggingReporter| 
22:20:42,208 DEBUG port.LoggingReporter| TEST STEP 74: receive
22:20:42,208 DEBUG ngCorrelationManager| Get correlation key for 'citrus_message_correlator_httpRESTClient'
22:20:42,208 DEBUG ltCorrelationManager| Finding correlated object for 'citrus_message_id = '3c3ecb8a-1329-47e9-b21c-f9ea48ab73f7''
22:20:42,210 DEBUG ageValidatorRegistry| Found 4 message validators for message
22:20:42,210 DEBUG ssageHeaderValidator| Start message header validation ...
22:20:42,210 DEBUG faultHeaderValidator| Validating header element: citrus_http_reason_phrase='OK': OK.
22:20:42,210 DEBUG faultHeaderValidator| Validating header element: citrus_http_status_code='200': OK.
22:20:42,210 INFO  ssageHeaderValidator| Message header validation successful: All values OK
22:20:42,210 DEBUG TextMessageValidator| Start JSON message validation ...
22:20:42,210 DEBUG JsonSchemaValidation| Starting Json schema validation ...
22:20:42,210 INFO  JsonSchemaValidation| Json schema validation successful: All values OK
22:20:42,210 DEBUG TextMessageValidator| Received message:
HTTPMESSAGE [id: 1d4207d2-57e7-4540-848e-43902e9a6d30, payload: {"userId":37,"name":"Ethelene Stark","course":"District Marketing Assistant","email":"37@qa.ru","age":43,"mark":{"name":"Course mark","score":5}}][headers: {Transfer-Encoding=chunked, Connection=keep-alive, contentType=application/json, Date=1689189641000, citrus_message_id=1d4207d2-57e7-4540-848e-43902e9a6d30, citrus_message_timestamp=1689189642208, Keep-Alive=timeout=60, Content-Type=application/json, citrus_http_status_code=200, citrus_http_reason_phrase=OK, citrus_http_version=HTTP/1.1}]
22:20:42,210 DEBUG TextMessageValidator| Control message:
HTTPMESSAGE [id: 58fcaa71-b84e-4875-a4bb-dbec0f5ec261, payload: {"userId":37,"email":"@contains('@qa.ru')@","name":"@matches('^[a-zA-Z\\s\\.]*$')@","course":"@matches('^[a-zA-Z\\s]*$')@","age":"@isNumber()@","mark":{"name":"@contains('Course mark')@","score":"@isNumber()@"}}][headers: {citrus_message_id=58fcaa71-b84e-4875-a4bb-dbec0f5ec261, citrus_message_timestamp=1689189642208, citrus_http_reason_phrase=OK, citrus_http_status_code=200, citrus_message_type=JSON}]
22:20:42,210 DEBUG TextMessageValidator| Validation successful for JSON entry 'name' (@matches('^[a-zA-Z\s\.]*$')@)
22:20:42,210 DEBUG TextMessageValidator| Validation successful for JSON entry 'course' (@matches('^[a-zA-Z\s]*$')@)
22:20:42,210 DEBUG TextMessageValidator| Validation successful for JSON entry 'userId' (37)
22:20:42,210 DEBUG TextMessageValidator| Validation successful for JSON entry 'email' (@contains('@qa.ru')@)
22:20:42,210 DEBUG TextMessageValidator| Validation successful for JSON entry 'age' (@isNumber()@)
22:20:42,210 DEBUG TextMessageValidator| Validation successful for JSON entry 'score' (@isNumber()@)
22:20:42,210 DEBUG TextMessageValidator| Validation successful for JSON entry 'name' (@contains('Course mark')@)
22:20:42,210 DEBUG TextMessageValidator| Validation successful for JSON entry 'mark' ({"score":"@isNumber()@","name":"@contains('Course mark')@"})
22:20:42,210 INFO  TextMessageValidator| JSON message validation successful: All values OK
22:20:42,210 INFO  port.LoggingReporter| 
22:20:42,210 DEBUG port.LoggingReporter| TEST STEP 74 SUCCESS
]]></system-out>
  </testcase>
  <testcase name="getUserStubParametrizedTest(int)[38]" classname="citrus.HttpRESTStubTests" time="0.01">
    <system-out><![CDATA[22:20:42,212 INFO  port.LoggingReporter| 
22:20:42,212 INFO  port.LoggingReporter| ------------------------------------------------------------------------
22:20:42,212 DEBUG port.LoggingReporter| STARTING TEST HttpRESTStubTests.getUserStubParametrizedTest <citrus>
22:20:42,212 INFO  port.LoggingReporter| 
22:20:42,212 DEBUG trus.DefaultTestCase| Initializing test case
22:20:42,212 DEBUG trus.DefaultTestCase| Global variables:
22:20:42,212 DEBUG trus.DefaultTestCase| citrus_message_correlator_httpRESTClient = citrus_message_id = '3c3ecb8a-1329-47e9-b21c-f9ea48ab73f7'
22:20:42,212 DEBUG trus.DefaultTestCase| default.test.author = Unknown
22:20:42,212 DEBUG trus.DefaultTestCase| citrus.test.package = citrus
22:20:42,212 DEBUG trus.DefaultTestCase| citrus.test.name = HttpRESTStubTests.getUserStubParametrizedTest
22:20:42,212 DEBUG trus.DefaultTestCase| project.name = Citrus Integration Tests
22:20:42,212 DEBUG trus.DefaultTestCase| userId = 35
22:20:42,212 DEBUG trus.DefaultTestCase| citrus_message_replyTo_citrus_message_correlator_httpRESTClient = http://localhost:8080/user/get/37
22:20:42,213 DEBUG trus.DefaultTestCase| url = http://localhost:8080/user
22:20:42,213 DEBUG trus.DefaultTestCase| default.test.package = citrus
22:20:42,213 DEBUG  context.TestContext| Setting variable: citrus.test.name with value: 'HttpRESTStubTests.getUserStubParametrizedTest'
22:20:42,213 DEBUG  context.TestContext| Setting variable: citrus.test.package with value: 'citrus'
22:20:42,213 DEBUG trus.DefaultTestCase| Test variables:
22:20:42,213 DEBUG trus.DefaultTestCase| citrus_message_correlator_httpRESTClient = citrus_message_id = '3c3ecb8a-1329-47e9-b21c-f9ea48ab73f7'
22:20:42,213 DEBUG trus.DefaultTestCase| default.test.author = Unknown
22:20:42,213 DEBUG trus.DefaultTestCase| citrus.test.package = citrus
22:20:42,213 DEBUG trus.DefaultTestCase| citrus.test.name = HttpRESTStubTests.getUserStubParametrizedTest
22:20:42,213 DEBUG trus.DefaultTestCase| project.name = Citrus Integration Tests
22:20:42,213 DEBUG trus.DefaultTestCase| userId = 35
22:20:42,213 DEBUG trus.DefaultTestCase| citrus_message_replyTo_citrus_message_correlator_httpRESTClient = http://localhost:8080/user/get/37
22:20:42,213 DEBUG trus.DefaultTestCase| url = http://localhost:8080/user
22:20:42,213 DEBUG trus.DefaultTestCase| default.test.package = citrus
22:20:42,213 INFO  port.LoggingReporter| 
22:20:42,213 DEBUG port.LoggingReporter| TEST STEP 75: send
22:20:42,213 DEBUG ltCorrelationManager| Saving correlation key for 'citrus_message_correlator_httpRESTClient'
22:20:42,213 DEBUG  context.TestContext| Setting variable: citrus_message_correlator_httpRESTClient with value: 'citrus_message_id = 'dce21298-6bba-413d-b84b-053ae35a872f''
22:20:42,213 DEBUG  context.TestContext| Setting variable: citrus_message_replyTo_citrus_message_correlator_httpRESTClient with value: 'http://localhost:8080/user/get/38'
22:20:42,213 INFO     client.HttpClient| Sending HTTP message to: 'http://localhost:8080/user/get/38'
22:20:42,213 DEBUG    client.HttpClient| Message to send:

22:20:42,213 DEBUG aultHttpHeaderMapper| outboundHeaderNames=[Accept, Accept-Charset, Accept-Encoding, Accept-Language, Accept-Ranges, Authorization, Cache-Control, Connection, Content-Length, Content-Type, Cookie, Date, Expect, From, Host, If-Match, If-Modified-Since, If-None-Match, If-Range, If-Unmodified-Since, Max-Forwards, Pragma, Proxy-Authorization, Range, Referer, TE, Upgrade, User-Agent, Via, Warning]
22:20:42,213 DEBUG aultHttpHeaderMapper| headerName=[citrus_message_timestamp] WILL NOT be mapped
22:20:42,213 DEBUG aultHttpHeaderMapper| headerName=[citrus_message_type] WILL NOT be mapped
22:20:42,213 DEBUG aultHttpHeaderMapper| headerName=[citrus_request_path] WILL NOT be mapped
22:20:42,213 DEBUG aultHttpHeaderMapper| headerName=[citrus_http_request_uri] WILL NOT be mapped
22:20:42,213 DEBUG aultHttpHeaderMapper| headerName=[id] WILL NOT be mapped
22:20:42,213 DEBUG aultHttpHeaderMapper| headerName=[citrus_message_id] WILL NOT be mapped
22:20:42,213 DEBUG aultHttpHeaderMapper| headerName=[citrus_http_method] WILL NOT be mapped
22:20:42,213 DEBUG aultHttpHeaderMapper| headerName=[timestamp] WILL NOT be mapped
22:20:42,213 DEBUG  client.RestTemplate| HTTP GET http://localhost:8080/user/get/38
22:20:42,213 DEBUG  client.RestTemplate| Accept=[text/plain, application/json, application/*+json, */*]
22:20:42,213 DEBUG ingClientInterceptor| Sending Http request message
22:20:42,214 DEBUG   Logger.Message_OUT| RAWMESSAGE [id: a72e16b7-c9e1-49b2-9d49-338717f38549, payload: GET http://localhost:8080/user/get/38
Accept:text/plain, application/json, application/*+json, */*
Content-Type:application/json;charset=UTF-8
Content-Length:0][headers: {citrus_message_id=a72e16b7-c9e1-49b2-9d49-338717f38549, citrus_message_timestamp=1689189642213}]
22:20:42,215 DEBUG ol.RequestAddCookies| CookieSpec selected: default
22:20:42,215 DEBUG col.RequestAuthCache| Auth cache not set in the context
22:20:42,215 DEBUG entConnectionManager| Connection request: [route: {}->http://localhost:8080][total available: 1; route allocated: 1 of 5; total allocated: 1 of 10]
22:20:42,215 DEBUG entConnectionManager| Connection leased: [id: 0][route: {}->http://localhost:8080][total available: 0; route allocated: 1 of 5; total allocated: 1 of 10]
22:20:42,215 DEBUG HttpClientConnection| http-outgoing-0: set socket timeout to 0
22:20:42,215 DEBUG chain.MainClientExec| Executing request GET /user/get/38 HTTP/1.1
22:20:42,215 DEBUG chain.MainClientExec| Target auth state: UNCHALLENGED
22:20:42,215 DEBUG chain.MainClientExec| Proxy auth state: UNCHALLENGED
22:20:42,215 DEBUG         http.headers| http-outgoing-0 >> GET /user/get/38 HTTP/1.1
22:20:42,215 DEBUG         http.headers| http-outgoing-0 >> Accept: text/plain, application/json, application/*+json, */*
22:20:42,215 DEBUG         http.headers| http-outgoing-0 >> Content-Type: application/json;charset=UTF-8
22:20:42,215 DEBUG         http.headers| http-outgoing-0 >> Host: localhost:8080
22:20:42,215 DEBUG         http.headers| http-outgoing-0 >> Connection: Keep-Alive
22:20:42,215 DEBUG         http.headers| http-outgoing-0 >> User-Agent: Apache-HttpClient/4.5.13 (Java/11.0.16)
22:20:42,215 DEBUG         http.headers| http-outgoing-0 >> Accept-Encoding: gzip,deflate
22:20:42,215 DEBUG            http.wire| http-outgoing-0 >> "GET /user/get/38 HTTP/1.1[\r][\n]"
22:20:42,215 DEBUG            http.wire| http-outgoing-0 >> "Accept: text/plain, application/json, application/*+json, */*[\r][\n]"
22:20:42,215 DEBUG            http.wire| http-outgoing-0 >> "Content-Type: application/json;charset=UTF-8[\r][\n]"
22:20:42,215 DEBUG            http.wire| http-outgoing-0 >> "Host: localhost:8080[\r][\n]"
22:20:42,215 DEBUG            http.wire| http-outgoing-0 >> "Connection: Keep-Alive[\r][\n]"
22:20:42,215 DEBUG            http.wire| http-outgoing-0 >> "User-Agent: Apache-HttpClient/4.5.13 (Java/11.0.16)[\r][\n]"
22:20:42,215 DEBUG            http.wire| http-outgoing-0 >> "Accept-Encoding: gzip,deflate[\r][\n]"
22:20:42,215 DEBUG            http.wire| http-outgoing-0 >> "[\r][\n]"
22:20:42,216 DEBUG            http.wire| http-outgoing-0 << "HTTP/1.1 200 [\r][\n]"
22:20:42,216 DEBUG            http.wire| http-outgoing-0 << "Content-Type: application/json[\r][\n]"
22:20:42,216 DEBUG            http.wire| http-outgoing-0 << "Transfer-Encoding: chunked[\r][\n]"
22:20:42,216 DEBUG            http.wire| http-outgoing-0 << "Date: Wed, 12 Jul 2023 19:20:41 GMT[\r][\n]"
22:20:42,216 DEBUG            http.wire| http-outgoing-0 << "Keep-Alive: timeout=60[\r][\n]"
22:20:42,216 DEBUG            http.wire| http-outgoing-0 << "Connection: keep-alive[\r][\n]"
22:20:42,216 DEBUG            http.wire| http-outgoing-0 << "[\r][\n]"
22:20:42,216 DEBUG            http.wire| http-outgoing-0 << "8c[\r][\n]"
22:20:42,216 DEBUG            http.wire| http-outgoing-0 << "{"userId":38,"name":"Gus Witting","course":"Senior Marketing Executive","email":"38@qa.ru","age":45,"mark":{"name":"Course mark","score":3}}[\r][\n]"
22:20:42,216 DEBUG         http.headers| http-outgoing-0 << HTTP/1.1 200 
22:20:42,216 DEBUG         http.headers| http-outgoing-0 << Content-Type: application/json
22:20:42,216 DEBUG         http.headers| http-outgoing-0 << Transfer-Encoding: chunked
22:20:42,216 DEBUG         http.headers| http-outgoing-0 << Date: Wed, 12 Jul 2023 19:20:41 GMT
22:20:42,216 DEBUG         http.headers| http-outgoing-0 << Keep-Alive: timeout=60
22:20:42,216 DEBUG         http.headers| http-outgoing-0 << Connection: keep-alive
22:20:42,216 DEBUG chain.MainClientExec| Connection can be kept alive for 60000 MILLISECONDS
22:20:42,216 DEBUG            http.wire| http-outgoing-0 << "0[\r][\n]"
22:20:42,216 DEBUG            http.wire| http-outgoing-0 << "[\r][\n]"
22:20:42,216 DEBUG entConnectionManager| Connection [id: 0][route: {}->http://localhost:8080] can be kept alive for 60.0 seconds
22:20:42,216 DEBUG HttpClientConnection| http-outgoing-0: set socket timeout to 0
22:20:42,216 DEBUG entConnectionManager| Connection released: [id: 0][route: {}->http://localhost:8080][total available: 1; route allocated: 1 of 5; total allocated: 1 of 10]
22:20:42,216 DEBUG ingClientInterceptor| Received Http response message
22:20:42,218 DEBUG    Logger.Message_IN| RAWMESSAGE [id: 99c11595-7494-43ec-bdac-cd1c495018e4, payload: HTTP/1.1 200 OK 
Content-Type:application/json
Transfer-Encoding:chunked
Date:Wed, 12 Jul 2023 19:20:41 GMT
Keep-Alive:timeout=60
Connection:keep-alive

{"userId":38,"name":"Gus Witting","course":"Senior Marketing Executive","email":"38@qa.ru","age":45,"mark":{"name":"Course mark","score":3}}][headers: {citrus_message_id=99c11595-7494-43ec-bdac-cd1c495018e4, citrus_message_timestamp=1689189642216}]
22:20:42,218 DEBUG  client.RestTemplate| Response 200 OK
22:20:42,218 DEBUG  client.RestTemplate| Reading to [java.lang.String] as "application/json"
22:20:42,218 INFO     client.HttpClient| HTTP message was sent to endpoint: 'http://localhost:8080/user/get/38'
22:20:42,218 DEBUG aultHttpHeaderMapper| inboundHeaderNames=[Accept-Ranges, Age, Allow, Cache-Control, Connection, Content-Encoding, Content-Language, Content-Length, Content-Location, Content-MD5, Content-Range, Content-Type, Content-Disposition, Transfer-Encoding, Date, ETag, Expires, Last-Modified, Location, Pragma, Proxy-Authenticate, Refresh, Retry-After, Server, Set-Cookie, Trailer, Vary, Via, Warning, WWW-Authenticate]
22:20:42,218 DEBUG aultHttpHeaderMapper| headerName=[content-type] WILL be mapped, matched pattern=content-type
22:20:42,218 DEBUG aultHttpHeaderMapper| setting headerName=[contentType], value=application/json
22:20:42,218 DEBUG aultHttpHeaderMapper| headerName=[transfer-encoding] WILL be mapped, matched pattern=transfer-encoding
22:20:42,218 DEBUG aultHttpHeaderMapper| setting headerName=[Transfer-Encoding], value=[chunked]
22:20:42,218 DEBUG aultHttpHeaderMapper| headerName=[date] WILL be mapped, matched pattern=date
22:20:42,218 DEBUG aultHttpHeaderMapper| setting headerName=[Date], value=1 689 189 641 000
22:20:42,218 DEBUG aultHttpHeaderMapper| headerName=[keep-alive] WILL NOT be mapped
22:20:42,218 DEBUG aultHttpHeaderMapper| headerName=[connection] WILL be mapped, matched pattern=connection
22:20:42,218 DEBUG aultHttpHeaderMapper| setting headerName=[Connection], value=[keep-alive]
22:20:42,219 DEBUG ltCorrelationManager| Saving correlated object for 'citrus_message_id = 'dce21298-6bba-413d-b84b-053ae35a872f''
22:20:42,219 INFO  port.LoggingReporter| 
22:20:42,219 DEBUG port.LoggingReporter| TEST STEP 75 SUCCESS
22:20:42,219 INFO  port.LoggingReporter| 
22:20:42,219 DEBUG port.LoggingReporter| TEST STEP 76: receive
22:20:42,219 DEBUG ngCorrelationManager| Get correlation key for 'citrus_message_correlator_httpRESTClient'
22:20:42,219 DEBUG ltCorrelationManager| Finding correlated object for 'citrus_message_id = 'dce21298-6bba-413d-b84b-053ae35a872f''
22:20:42,220 DEBUG ageValidatorRegistry| Found 4 message validators for message
22:20:42,220 DEBUG ssageHeaderValidator| Start message header validation ...
22:20:42,220 DEBUG faultHeaderValidator| Validating header element: citrus_http_reason_phrase='OK': OK.
22:20:42,220 DEBUG faultHeaderValidator| Validating header element: citrus_http_status_code='200': OK.
22:20:42,220 INFO  ssageHeaderValidator| Message header validation successful: All values OK
22:20:42,220 DEBUG TextMessageValidator| Start JSON message validation ...
22:20:42,220 DEBUG JsonSchemaValidation| Starting Json schema validation ...
22:20:42,220 INFO  JsonSchemaValidation| Json schema validation successful: All values OK
22:20:42,220 DEBUG TextMessageValidator| Received message:
HTTPMESSAGE [id: 6d04e48a-450b-453e-998b-f711a4bcaf98, payload: {"userId":38,"name":"Gus Witting","course":"Senior Marketing Executive","email":"38@qa.ru","age":45,"mark":{"name":"Course mark","score":3}}][headers: {Transfer-Encoding=chunked, Connection=keep-alive, contentType=application/json, Date=1689189641000, citrus_message_id=6d04e48a-450b-453e-998b-f711a4bcaf98, citrus_message_timestamp=1689189642219, Keep-Alive=timeout=60, Content-Type=application/json, citrus_http_status_code=200, citrus_http_reason_phrase=OK, citrus_http_version=HTTP/1.1}]
22:20:42,221 DEBUG TextMessageValidator| Control message:
HTTPMESSAGE [id: 3293b26c-5511-4435-9c54-b45091fc3337, payload: {"userId":38,"email":"@contains('@qa.ru')@","name":"@matches('^[a-zA-Z\\s\\.]*$')@","course":"@matches('^[a-zA-Z\\s]*$')@","age":"@isNumber()@","mark":{"name":"@contains('Course mark')@","score":"@isNumber()@"}}][headers: {citrus_message_id=3293b26c-5511-4435-9c54-b45091fc3337, citrus_message_timestamp=1689189642219, citrus_http_reason_phrase=OK, citrus_http_status_code=200, citrus_message_type=JSON}]
22:20:42,221 DEBUG TextMessageValidator| Validation successful for JSON entry 'name' (@matches('^[a-zA-Z\s\.]*$')@)
22:20:42,221 DEBUG TextMessageValidator| Validation successful for JSON entry 'course' (@matches('^[a-zA-Z\s]*$')@)
22:20:42,221 DEBUG TextMessageValidator| Validation successful for JSON entry 'userId' (38)
22:20:42,221 DEBUG TextMessageValidator| Validation successful for JSON entry 'email' (@contains('@qa.ru')@)
22:20:42,221 DEBUG TextMessageValidator| Validation successful for JSON entry 'age' (@isNumber()@)
22:20:42,221 DEBUG TextMessageValidator| Validation successful for JSON entry 'score' (@isNumber()@)
22:20:42,221 DEBUG TextMessageValidator| Validation successful for JSON entry 'name' (@contains('Course mark')@)
22:20:42,221 DEBUG TextMessageValidator| Validation successful for JSON entry 'mark' ({"score":"@isNumber()@","name":"@contains('Course mark')@"})
22:20:42,221 INFO  TextMessageValidator| JSON message validation successful: All values OK
22:20:42,221 INFO  port.LoggingReporter| 
22:20:42,221 DEBUG port.LoggingReporter| TEST STEP 76 SUCCESS
]]></system-out>
  </testcase>
  <testcase name="getUserStubParametrizedTest(int)[39]" classname="citrus.HttpRESTStubTests" time="0.011">
    <system-out><![CDATA[22:20:42,224 INFO  port.LoggingReporter| 
22:20:42,224 INFO  port.LoggingReporter| ------------------------------------------------------------------------
22:20:42,224 DEBUG port.LoggingReporter| STARTING TEST HttpRESTStubTests.getUserStubParametrizedTest <citrus>
22:20:42,224 INFO  port.LoggingReporter| 
22:20:42,224 DEBUG trus.DefaultTestCase| Initializing test case
22:20:42,224 DEBUG trus.DefaultTestCase| Global variables:
22:20:42,224 DEBUG trus.DefaultTestCase| citrus_message_correlator_httpRESTClient = citrus_message_id = 'dce21298-6bba-413d-b84b-053ae35a872f'
22:20:42,224 DEBUG trus.DefaultTestCase| default.test.author = Unknown
22:20:42,224 DEBUG trus.DefaultTestCase| citrus.test.package = citrus
22:20:42,224 DEBUG trus.DefaultTestCase| citrus.test.name = HttpRESTStubTests.getUserStubParametrizedTest
22:20:42,224 DEBUG trus.DefaultTestCase| project.name = Citrus Integration Tests
22:20:42,224 DEBUG trus.DefaultTestCase| userId = 35
22:20:42,224 DEBUG trus.DefaultTestCase| citrus_message_replyTo_citrus_message_correlator_httpRESTClient = http://localhost:8080/user/get/38
22:20:42,224 DEBUG trus.DefaultTestCase| url = http://localhost:8080/user
22:20:42,224 DEBUG trus.DefaultTestCase| default.test.package = citrus
22:20:42,224 DEBUG  context.TestContext| Setting variable: citrus.test.name with value: 'HttpRESTStubTests.getUserStubParametrizedTest'
22:20:42,224 DEBUG  context.TestContext| Setting variable: citrus.test.package with value: 'citrus'
22:20:42,224 DEBUG trus.DefaultTestCase| Test variables:
22:20:42,224 DEBUG trus.DefaultTestCase| citrus_message_correlator_httpRESTClient = citrus_message_id = 'dce21298-6bba-413d-b84b-053ae35a872f'
22:20:42,224 DEBUG trus.DefaultTestCase| default.test.author = Unknown
22:20:42,224 DEBUG trus.DefaultTestCase| citrus.test.package = citrus
22:20:42,224 DEBUG trus.DefaultTestCase| citrus.test.name = HttpRESTStubTests.getUserStubParametrizedTest
22:20:42,224 DEBUG trus.DefaultTestCase| project.name = Citrus Integration Tests
22:20:42,224 DEBUG trus.DefaultTestCase| userId = 35
22:20:42,224 DEBUG trus.DefaultTestCase| citrus_message_replyTo_citrus_message_correlator_httpRESTClient = http://localhost:8080/user/get/38
22:20:42,224 DEBUG trus.DefaultTestCase| url = http://localhost:8080/user
22:20:42,224 DEBUG trus.DefaultTestCase| default.test.package = citrus
22:20:42,224 INFO  port.LoggingReporter| 
22:20:42,224 DEBUG port.LoggingReporter| TEST STEP 77: send
22:20:42,224 DEBUG ltCorrelationManager| Saving correlation key for 'citrus_message_correlator_httpRESTClient'
22:20:42,224 DEBUG  context.TestContext| Setting variable: citrus_message_correlator_httpRESTClient with value: 'citrus_message_id = 'defb9b64-e2a9-4979-8907-db9e51157e65''
22:20:42,224 DEBUG  context.TestContext| Setting variable: citrus_message_replyTo_citrus_message_correlator_httpRESTClient with value: 'http://localhost:8080/user/get/39'
22:20:42,224 INFO     client.HttpClient| Sending HTTP message to: 'http://localhost:8080/user/get/39'
22:20:42,224 DEBUG    client.HttpClient| Message to send:

22:20:42,224 DEBUG aultHttpHeaderMapper| outboundHeaderNames=[Accept, Accept-Charset, Accept-Encoding, Accept-Language, Accept-Ranges, Authorization, Cache-Control, Connection, Content-Length, Content-Type, Cookie, Date, Expect, From, Host, If-Match, If-Modified-Since, If-None-Match, If-Range, If-Unmodified-Since, Max-Forwards, Pragma, Proxy-Authorization, Range, Referer, TE, Upgrade, User-Agent, Via, Warning]
22:20:42,224 DEBUG aultHttpHeaderMapper| headerName=[citrus_message_timestamp] WILL NOT be mapped
22:20:42,224 DEBUG aultHttpHeaderMapper| headerName=[citrus_message_type] WILL NOT be mapped
22:20:42,224 DEBUG aultHttpHeaderMapper| headerName=[citrus_request_path] WILL NOT be mapped
22:20:42,224 DEBUG aultHttpHeaderMapper| headerName=[citrus_http_request_uri] WILL NOT be mapped
22:20:42,224 DEBUG aultHttpHeaderMapper| headerName=[id] WILL NOT be mapped
22:20:42,224 DEBUG aultHttpHeaderMapper| headerName=[citrus_message_id] WILL NOT be mapped
22:20:42,224 DEBUG aultHttpHeaderMapper| headerName=[citrus_http_method] WILL NOT be mapped
22:20:42,224 DEBUG aultHttpHeaderMapper| headerName=[timestamp] WILL NOT be mapped
22:20:42,224 DEBUG  client.RestTemplate| HTTP GET http://localhost:8080/user/get/39
22:20:42,224 DEBUG  client.RestTemplate| Accept=[text/plain, application/json, application/*+json, */*]
22:20:42,224 DEBUG ingClientInterceptor| Sending Http request message
22:20:42,225 DEBUG   Logger.Message_OUT| RAWMESSAGE [id: 8320cba9-8be7-4b57-b477-1a6ba986c410, payload: GET http://localhost:8080/user/get/39
Accept:text/plain, application/json, application/*+json, */*
Content-Type:application/json;charset=UTF-8
Content-Length:0][headers: {citrus_message_id=8320cba9-8be7-4b57-b477-1a6ba986c410, citrus_message_timestamp=1689189642224}]
22:20:42,226 DEBUG ol.RequestAddCookies| CookieSpec selected: default
22:20:42,226 DEBUG col.RequestAuthCache| Auth cache not set in the context
22:20:42,226 DEBUG entConnectionManager| Connection request: [route: {}->http://localhost:8080][total available: 1; route allocated: 1 of 5; total allocated: 1 of 10]
22:20:42,226 DEBUG entConnectionManager| Connection leased: [id: 0][route: {}->http://localhost:8080][total available: 0; route allocated: 1 of 5; total allocated: 1 of 10]
22:20:42,226 DEBUG HttpClientConnection| http-outgoing-0: set socket timeout to 0
22:20:42,226 DEBUG chain.MainClientExec| Executing request GET /user/get/39 HTTP/1.1
22:20:42,226 DEBUG chain.MainClientExec| Target auth state: UNCHALLENGED
22:20:42,226 DEBUG chain.MainClientExec| Proxy auth state: UNCHALLENGED
22:20:42,226 DEBUG         http.headers| http-outgoing-0 >> GET /user/get/39 HTTP/1.1
22:20:42,226 DEBUG         http.headers| http-outgoing-0 >> Accept: text/plain, application/json, application/*+json, */*
22:20:42,226 DEBUG         http.headers| http-outgoing-0 >> Content-Type: application/json;charset=UTF-8
22:20:42,226 DEBUG         http.headers| http-outgoing-0 >> Host: localhost:8080
22:20:42,226 DEBUG         http.headers| http-outgoing-0 >> Connection: Keep-Alive
22:20:42,226 DEBUG         http.headers| http-outgoing-0 >> User-Agent: Apache-HttpClient/4.5.13 (Java/11.0.16)
22:20:42,226 DEBUG         http.headers| http-outgoing-0 >> Accept-Encoding: gzip,deflate
22:20:42,226 DEBUG            http.wire| http-outgoing-0 >> "GET /user/get/39 HTTP/1.1[\r][\n]"
22:20:42,226 DEBUG            http.wire| http-outgoing-0 >> "Accept: text/plain, application/json, application/*+json, */*[\r][\n]"
22:20:42,226 DEBUG            http.wire| http-outgoing-0 >> "Content-Type: application/json;charset=UTF-8[\r][\n]"
22:20:42,226 DEBUG            http.wire| http-outgoing-0 >> "Host: localhost:8080[\r][\n]"
22:20:42,226 DEBUG            http.wire| http-outgoing-0 >> "Connection: Keep-Alive[\r][\n]"
22:20:42,226 DEBUG            http.wire| http-outgoing-0 >> "User-Agent: Apache-HttpClient/4.5.13 (Java/11.0.16)[\r][\n]"
22:20:42,226 DEBUG            http.wire| http-outgoing-0 >> "Accept-Encoding: gzip,deflate[\r][\n]"
22:20:42,226 DEBUG            http.wire| http-outgoing-0 >> "[\r][\n]"
22:20:42,227 DEBUG            http.wire| http-outgoing-0 << "HTTP/1.1 200 [\r][\n]"
22:20:42,227 DEBUG            http.wire| http-outgoing-0 << "Content-Type: application/json[\r][\n]"
22:20:42,227 DEBUG            http.wire| http-outgoing-0 << "Transfer-Encoding: chunked[\r][\n]"
22:20:42,227 DEBUG            http.wire| http-outgoing-0 << "Date: Wed, 12 Jul 2023 19:20:41 GMT[\r][\n]"
22:20:42,227 DEBUG            http.wire| http-outgoing-0 << "Keep-Alive: timeout=60[\r][\n]"
22:20:42,227 DEBUG            http.wire| http-outgoing-0 << "Connection: keep-alive[\r][\n]"
22:20:42,227 DEBUG            http.wire| http-outgoing-0 << "[\r][\n]"
22:20:42,227 DEBUG            http.wire| http-outgoing-0 << "95[\r][\n]"
22:20:42,227 DEBUG            http.wire| http-outgoing-0 << "{"userId":39,"name":"Roselle Schamberger","course":"Direct Factors Orchestrator","email":"39@qa.ru","age":49,"mark":{"name":"Course mark","score":9}}[\r][\n]"
22:20:42,227 DEBUG         http.headers| http-outgoing-0 << HTTP/1.1 200 
22:20:42,227 DEBUG         http.headers| http-outgoing-0 << Content-Type: application/json
22:20:42,227 DEBUG         http.headers| http-outgoing-0 << Transfer-Encoding: chunked
22:20:42,227 DEBUG         http.headers| http-outgoing-0 << Date: Wed, 12 Jul 2023 19:20:41 GMT
22:20:42,227 DEBUG         http.headers| http-outgoing-0 << Keep-Alive: timeout=60
22:20:42,227 DEBUG         http.headers| http-outgoing-0 << Connection: keep-alive
22:20:42,227 DEBUG chain.MainClientExec| Connection can be kept alive for 60000 MILLISECONDS
22:20:42,227 DEBUG            http.wire| http-outgoing-0 << "0[\r][\n]"
22:20:42,227 DEBUG            http.wire| http-outgoing-0 << "[\r][\n]"
22:20:42,228 DEBUG entConnectionManager| Connection [id: 0][route: {}->http://localhost:8080] can be kept alive for 60.0 seconds
22:20:42,228 DEBUG HttpClientConnection| http-outgoing-0: set socket timeout to 0
22:20:42,228 DEBUG entConnectionManager| Connection released: [id: 0][route: {}->http://localhost:8080][total available: 1; route allocated: 1 of 5; total allocated: 1 of 10]
22:20:42,228 DEBUG ingClientInterceptor| Received Http response message
22:20:42,229 DEBUG    Logger.Message_IN| RAWMESSAGE [id: 944bed75-fa4b-43a3-b17a-57d44ca4cc1e, payload: HTTP/1.1 200 OK 
Content-Type:application/json
Transfer-Encoding:chunked
Date:Wed, 12 Jul 2023 19:20:41 GMT
Keep-Alive:timeout=60
Connection:keep-alive

{"userId":39,"name":"Roselle Schamberger","course":"Direct Factors Orchestrator","email":"39@qa.ru","age":49,"mark":{"name":"Course mark","score":9}}][headers: {citrus_message_id=944bed75-fa4b-43a3-b17a-57d44ca4cc1e, citrus_message_timestamp=1689189642228}]
22:20:42,229 DEBUG  client.RestTemplate| Response 200 OK
22:20:42,229 DEBUG  client.RestTemplate| Reading to [java.lang.String] as "application/json"
22:20:42,229 INFO     client.HttpClient| HTTP message was sent to endpoint: 'http://localhost:8080/user/get/39'
22:20:42,229 DEBUG aultHttpHeaderMapper| inboundHeaderNames=[Accept-Ranges, Age, Allow, Cache-Control, Connection, Content-Encoding, Content-Language, Content-Length, Content-Location, Content-MD5, Content-Range, Content-Type, Content-Disposition, Transfer-Encoding, Date, ETag, Expires, Last-Modified, Location, Pragma, Proxy-Authenticate, Refresh, Retry-After, Server, Set-Cookie, Trailer, Vary, Via, Warning, WWW-Authenticate]
22:20:42,229 DEBUG aultHttpHeaderMapper| headerName=[content-type] WILL be mapped, matched pattern=content-type
22:20:42,229 DEBUG aultHttpHeaderMapper| setting headerName=[contentType], value=application/json
22:20:42,229 DEBUG aultHttpHeaderMapper| headerName=[transfer-encoding] WILL be mapped, matched pattern=transfer-encoding
22:20:42,229 DEBUG aultHttpHeaderMapper| setting headerName=[Transfer-Encoding], value=[chunked]
22:20:42,229 DEBUG aultHttpHeaderMapper| headerName=[date] WILL be mapped, matched pattern=date
22:20:42,230 DEBUG aultHttpHeaderMapper| setting headerName=[Date], value=1 689 189 641 000
22:20:42,230 DEBUG aultHttpHeaderMapper| headerName=[keep-alive] WILL NOT be mapped
22:20:42,230 DEBUG aultHttpHeaderMapper| headerName=[connection] WILL be mapped, matched pattern=connection
22:20:42,230 DEBUG aultHttpHeaderMapper| setting headerName=[Connection], value=[keep-alive]
22:20:42,230 DEBUG ltCorrelationManager| Saving correlated object for 'citrus_message_id = 'defb9b64-e2a9-4979-8907-db9e51157e65''
22:20:42,230 INFO  port.LoggingReporter| 
22:20:42,230 DEBUG port.LoggingReporter| TEST STEP 77 SUCCESS
22:20:42,230 INFO  port.LoggingReporter| 
22:20:42,230 DEBUG port.LoggingReporter| TEST STEP 78: receive
22:20:42,230 DEBUG ngCorrelationManager| Get correlation key for 'citrus_message_correlator_httpRESTClient'
22:20:42,230 DEBUG ltCorrelationManager| Finding correlated object for 'citrus_message_id = 'defb9b64-e2a9-4979-8907-db9e51157e65''
22:20:42,232 DEBUG ageValidatorRegistry| Found 4 message validators for message
22:20:42,232 DEBUG ssageHeaderValidator| Start message header validation ...
22:20:42,232 DEBUG faultHeaderValidator| Validating header element: citrus_http_reason_phrase='OK': OK.
22:20:42,232 DEBUG faultHeaderValidator| Validating header element: citrus_http_status_code='200': OK.
22:20:42,232 INFO  ssageHeaderValidator| Message header validation successful: All values OK
22:20:42,232 DEBUG TextMessageValidator| Start JSON message validation ...
22:20:42,232 DEBUG JsonSchemaValidation| Starting Json schema validation ...
22:20:42,232 INFO  JsonSchemaValidation| Json schema validation successful: All values OK
22:20:42,232 DEBUG TextMessageValidator| Received message:
HTTPMESSAGE [id: 7fef580e-e289-475d-9527-4888c4680b1e, payload: {"userId":39,"name":"Roselle Schamberger","course":"Direct Factors Orchestrator","email":"39@qa.ru","age":49,"mark":{"name":"Course mark","score":9}}][headers: {Transfer-Encoding=chunked, Connection=keep-alive, contentType=application/json, Date=1689189641000, citrus_message_id=7fef580e-e289-475d-9527-4888c4680b1e, citrus_message_timestamp=1689189642230, Keep-Alive=timeout=60, Content-Type=application/json, citrus_http_status_code=200, citrus_http_reason_phrase=OK, citrus_http_version=HTTP/1.1}]
22:20:42,232 DEBUG TextMessageValidator| Control message:
HTTPMESSAGE [id: dc3f7f61-0668-42b0-81f3-754f6ab65579, payload: {"userId":39,"email":"@contains('@qa.ru')@","name":"@matches('^[a-zA-Z\\s\\.]*$')@","course":"@matches('^[a-zA-Z\\s]*$')@","age":"@isNumber()@","mark":{"name":"@contains('Course mark')@","score":"@isNumber()@"}}][headers: {citrus_message_id=dc3f7f61-0668-42b0-81f3-754f6ab65579, citrus_message_timestamp=1689189642230, citrus_http_reason_phrase=OK, citrus_http_status_code=200, citrus_message_type=JSON}]
22:20:42,232 DEBUG TextMessageValidator| Validation successful for JSON entry 'name' (@matches('^[a-zA-Z\s\.]*$')@)
22:20:42,232 DEBUG TextMessageValidator| Validation successful for JSON entry 'course' (@matches('^[a-zA-Z\s]*$')@)
22:20:42,232 DEBUG TextMessageValidator| Validation successful for JSON entry 'userId' (39)
22:20:42,232 DEBUG TextMessageValidator| Validation successful for JSON entry 'email' (@contains('@qa.ru')@)
22:20:42,232 DEBUG TextMessageValidator| Validation successful for JSON entry 'age' (@isNumber()@)
22:20:42,232 DEBUG TextMessageValidator| Validation successful for JSON entry 'score' (@isNumber()@)
22:20:42,232 DEBUG TextMessageValidator| Validation successful for JSON entry 'name' (@contains('Course mark')@)
22:20:42,232 DEBUG TextMessageValidator| Validation successful for JSON entry 'mark' ({"score":"@isNumber()@","name":"@contains('Course mark')@"})
22:20:42,232 INFO  TextMessageValidator| JSON message validation successful: All values OK
22:20:42,232 INFO  port.LoggingReporter| 
22:20:42,232 DEBUG port.LoggingReporter| TEST STEP 78 SUCCESS
]]></system-out>
  </testcase>
  <testcase name="getUserStubParametrizedTest(int)[40]" classname="citrus.HttpRESTStubTests" time="0.01">
    <system-out><![CDATA[22:20:42,235 INFO  port.LoggingReporter| 
22:20:42,235 INFO  port.LoggingReporter| ------------------------------------------------------------------------
22:20:42,235 DEBUG port.LoggingReporter| STARTING TEST HttpRESTStubTests.getUserStubParametrizedTest <citrus>
22:20:42,235 INFO  port.LoggingReporter| 
22:20:42,235 DEBUG trus.DefaultTestCase| Initializing test case
22:20:42,235 DEBUG trus.DefaultTestCase| Global variables:
22:20:42,235 DEBUG trus.DefaultTestCase| citrus_message_correlator_httpRESTClient = citrus_message_id = 'defb9b64-e2a9-4979-8907-db9e51157e65'
22:20:42,235 DEBUG trus.DefaultTestCase| default.test.author = Unknown
22:20:42,235 DEBUG trus.DefaultTestCase| citrus.test.package = citrus
22:20:42,235 DEBUG trus.DefaultTestCase| citrus.test.name = HttpRESTStubTests.getUserStubParametrizedTest
22:20:42,235 DEBUG trus.DefaultTestCase| project.name = Citrus Integration Tests
22:20:42,235 DEBUG trus.DefaultTestCase| userId = 35
22:20:42,235 DEBUG trus.DefaultTestCase| citrus_message_replyTo_citrus_message_correlator_httpRESTClient = http://localhost:8080/user/get/39
22:20:42,235 DEBUG trus.DefaultTestCase| url = http://localhost:8080/user
22:20:42,235 DEBUG trus.DefaultTestCase| default.test.package = citrus
22:20:42,235 DEBUG  context.TestContext| Setting variable: citrus.test.name with value: 'HttpRESTStubTests.getUserStubParametrizedTest'
22:20:42,235 DEBUG  context.TestContext| Setting variable: citrus.test.package with value: 'citrus'
22:20:42,235 DEBUG trus.DefaultTestCase| Test variables:
22:20:42,235 DEBUG trus.DefaultTestCase| citrus_message_correlator_httpRESTClient = citrus_message_id = 'defb9b64-e2a9-4979-8907-db9e51157e65'
22:20:42,235 DEBUG trus.DefaultTestCase| default.test.author = Unknown
22:20:42,235 DEBUG trus.DefaultTestCase| citrus.test.package = citrus
22:20:42,235 DEBUG trus.DefaultTestCase| citrus.test.name = HttpRESTStubTests.getUserStubParametrizedTest
22:20:42,235 DEBUG trus.DefaultTestCase| project.name = Citrus Integration Tests
22:20:42,235 DEBUG trus.DefaultTestCase| userId = 35
22:20:42,235 DEBUG trus.DefaultTestCase| citrus_message_replyTo_citrus_message_correlator_httpRESTClient = http://localhost:8080/user/get/39
22:20:42,235 DEBUG trus.DefaultTestCase| url = http://localhost:8080/user
22:20:42,235 DEBUG trus.DefaultTestCase| default.test.package = citrus
22:20:42,235 INFO  port.LoggingReporter| 
22:20:42,235 DEBUG port.LoggingReporter| TEST STEP 79: send
22:20:42,236 DEBUG ltCorrelationManager| Saving correlation key for 'citrus_message_correlator_httpRESTClient'
22:20:42,236 DEBUG  context.TestContext| Setting variable: citrus_message_correlator_httpRESTClient with value: 'citrus_message_id = '10d4f490-1395-4fab-b7e8-dd67da67ad51''
22:20:42,236 DEBUG  context.TestContext| Setting variable: citrus_message_replyTo_citrus_message_correlator_httpRESTClient with value: 'http://localhost:8080/user/get/40'
22:20:42,236 INFO     client.HttpClient| Sending HTTP message to: 'http://localhost:8080/user/get/40'
22:20:42,236 DEBUG    client.HttpClient| Message to send:

22:20:42,236 DEBUG aultHttpHeaderMapper| outboundHeaderNames=[Accept, Accept-Charset, Accept-Encoding, Accept-Language, Accept-Ranges, Authorization, Cache-Control, Connection, Content-Length, Content-Type, Cookie, Date, Expect, From, Host, If-Match, If-Modified-Since, If-None-Match, If-Range, If-Unmodified-Since, Max-Forwards, Pragma, Proxy-Authorization, Range, Referer, TE, Upgrade, User-Agent, Via, Warning]
22:20:42,236 DEBUG aultHttpHeaderMapper| headerName=[citrus_message_timestamp] WILL NOT be mapped
22:20:42,236 DEBUG aultHttpHeaderMapper| headerName=[citrus_message_type] WILL NOT be mapped
22:20:42,236 DEBUG aultHttpHeaderMapper| headerName=[citrus_request_path] WILL NOT be mapped
22:20:42,236 DEBUG aultHttpHeaderMapper| headerName=[citrus_http_request_uri] WILL NOT be mapped
22:20:42,236 DEBUG aultHttpHeaderMapper| headerName=[id] WILL NOT be mapped
22:20:42,236 DEBUG aultHttpHeaderMapper| headerName=[citrus_message_id] WILL NOT be mapped
22:20:42,236 DEBUG aultHttpHeaderMapper| headerName=[citrus_http_method] WILL NOT be mapped
22:20:42,236 DEBUG aultHttpHeaderMapper| headerName=[timestamp] WILL NOT be mapped
22:20:42,236 DEBUG  client.RestTemplate| HTTP GET http://localhost:8080/user/get/40
22:20:42,236 DEBUG  client.RestTemplate| Accept=[text/plain, application/json, application/*+json, */*]
22:20:42,236 DEBUG ingClientInterceptor| Sending Http request message
22:20:42,237 DEBUG   Logger.Message_OUT| RAWMESSAGE [id: a4867219-ebab-4a61-a872-f87bf9b27f6e, payload: GET http://localhost:8080/user/get/40
Accept:text/plain, application/json, application/*+json, */*
Content-Type:application/json;charset=UTF-8
Content-Length:0][headers: {citrus_message_id=a4867219-ebab-4a61-a872-f87bf9b27f6e, citrus_message_timestamp=1689189642236}]
22:20:42,237 DEBUG ol.RequestAddCookies| CookieSpec selected: default
22:20:42,237 DEBUG col.RequestAuthCache| Auth cache not set in the context
22:20:42,237 DEBUG entConnectionManager| Connection request: [route: {}->http://localhost:8080][total available: 1; route allocated: 1 of 5; total allocated: 1 of 10]
22:20:42,238 DEBUG entConnectionManager| Connection leased: [id: 0][route: {}->http://localhost:8080][total available: 0; route allocated: 1 of 5; total allocated: 1 of 10]
22:20:42,238 DEBUG HttpClientConnection| http-outgoing-0: set socket timeout to 0
22:20:42,238 DEBUG chain.MainClientExec| Executing request GET /user/get/40 HTTP/1.1
22:20:42,238 DEBUG chain.MainClientExec| Target auth state: UNCHALLENGED
22:20:42,238 DEBUG chain.MainClientExec| Proxy auth state: UNCHALLENGED
22:20:42,238 DEBUG         http.headers| http-outgoing-0 >> GET /user/get/40 HTTP/1.1
22:20:42,238 DEBUG         http.headers| http-outgoing-0 >> Accept: text/plain, application/json, application/*+json, */*
22:20:42,238 DEBUG         http.headers| http-outgoing-0 >> Content-Type: application/json;charset=UTF-8
22:20:42,238 DEBUG         http.headers| http-outgoing-0 >> Host: localhost:8080
22:20:42,238 DEBUG         http.headers| http-outgoing-0 >> Connection: Keep-Alive
22:20:42,238 DEBUG         http.headers| http-outgoing-0 >> User-Agent: Apache-HttpClient/4.5.13 (Java/11.0.16)
22:20:42,238 DEBUG         http.headers| http-outgoing-0 >> Accept-Encoding: gzip,deflate
22:20:42,238 DEBUG            http.wire| http-outgoing-0 >> "GET /user/get/40 HTTP/1.1[\r][\n]"
22:20:42,238 DEBUG            http.wire| http-outgoing-0 >> "Accept: text/plain, application/json, application/*+json, */*[\r][\n]"
22:20:42,238 DEBUG            http.wire| http-outgoing-0 >> "Content-Type: application/json;charset=UTF-8[\r][\n]"
22:20:42,238 DEBUG            http.wire| http-outgoing-0 >> "Host: localhost:8080[\r][\n]"
22:20:42,238 DEBUG            http.wire| http-outgoing-0 >> "Connection: Keep-Alive[\r][\n]"
22:20:42,238 DEBUG            http.wire| http-outgoing-0 >> "User-Agent: Apache-HttpClient/4.5.13 (Java/11.0.16)[\r][\n]"
22:20:42,238 DEBUG            http.wire| http-outgoing-0 >> "Accept-Encoding: gzip,deflate[\r][\n]"
22:20:42,238 DEBUG            http.wire| http-outgoing-0 >> "[\r][\n]"
22:20:42,239 DEBUG            http.wire| http-outgoing-0 << "HTTP/1.1 200 [\r][\n]"
22:20:42,239 DEBUG            http.wire| http-outgoing-0 << "Content-Type: application/json[\r][\n]"
22:20:42,239 DEBUG            http.wire| http-outgoing-0 << "Transfer-Encoding: chunked[\r][\n]"
22:20:42,239 DEBUG            http.wire| http-outgoing-0 << "Date: Wed, 12 Jul 2023 19:20:41 GMT[\r][\n]"
22:20:42,239 DEBUG            http.wire| http-outgoing-0 << "Keep-Alive: timeout=60[\r][\n]"
22:20:42,239 DEBUG            http.wire| http-outgoing-0 << "Connection: keep-alive[\r][\n]"
22:20:42,239 DEBUG            http.wire| http-outgoing-0 << "[\r][\n]"
22:20:42,239 DEBUG            http.wire| http-outgoing-0 << "8e[\r][\n]"
22:20:42,239 DEBUG            http.wire| http-outgoing-0 << "{"userId":40,"name":"Stephen Bergnaum","course":"Direct Group Strategist","email":"40@qa.ru","age":42,"mark":{"name":"Course mark","score":2}}[\r][\n]"
22:20:42,239 DEBUG         http.headers| http-outgoing-0 << HTTP/1.1 200 
22:20:42,239 DEBUG         http.headers| http-outgoing-0 << Content-Type: application/json
22:20:42,239 DEBUG         http.headers| http-outgoing-0 << Transfer-Encoding: chunked
22:20:42,239 DEBUG         http.headers| http-outgoing-0 << Date: Wed, 12 Jul 2023 19:20:41 GMT
22:20:42,239 DEBUG         http.headers| http-outgoing-0 << Keep-Alive: timeout=60
22:20:42,239 DEBUG         http.headers| http-outgoing-0 << Connection: keep-alive
22:20:42,239 DEBUG chain.MainClientExec| Connection can be kept alive for 60000 MILLISECONDS
22:20:42,239 DEBUG            http.wire| http-outgoing-0 << "0[\r][\n]"
22:20:42,239 DEBUG            http.wire| http-outgoing-0 << "[\r][\n]"
22:20:42,239 DEBUG entConnectionManager| Connection [id: 0][route: {}->http://localhost:8080] can be kept alive for 60.0 seconds
22:20:42,239 DEBUG HttpClientConnection| http-outgoing-0: set socket timeout to 0
22:20:42,239 DEBUG entConnectionManager| Connection released: [id: 0][route: {}->http://localhost:8080][total available: 1; route allocated: 1 of 5; total allocated: 1 of 10]
22:20:42,239 DEBUG ingClientInterceptor| Received Http response message
22:20:42,241 DEBUG    Logger.Message_IN| RAWMESSAGE [id: 73dedd18-7deb-4eee-bf1f-6d5e12868245, payload: HTTP/1.1 200 OK 
Content-Type:application/json
Transfer-Encoding:chunked
Date:Wed, 12 Jul 2023 19:20:41 GMT
Keep-Alive:timeout=60
Connection:keep-alive

{"userId":40,"name":"Stephen Bergnaum","course":"Direct Group Strategist","email":"40@qa.ru","age":42,"mark":{"name":"Course mark","score":2}}][headers: {citrus_message_id=73dedd18-7deb-4eee-bf1f-6d5e12868245, citrus_message_timestamp=1689189642239}]
22:20:42,241 DEBUG  client.RestTemplate| Response 200 OK
22:20:42,241 DEBUG  client.RestTemplate| Reading to [java.lang.String] as "application/json"
22:20:42,241 INFO     client.HttpClient| HTTP message was sent to endpoint: 'http://localhost:8080/user/get/40'
22:20:42,241 DEBUG aultHttpHeaderMapper| inboundHeaderNames=[Accept-Ranges, Age, Allow, Cache-Control, Connection, Content-Encoding, Content-Language, Content-Length, Content-Location, Content-MD5, Content-Range, Content-Type, Content-Disposition, Transfer-Encoding, Date, ETag, Expires, Last-Modified, Location, Pragma, Proxy-Authenticate, Refresh, Retry-After, Server, Set-Cookie, Trailer, Vary, Via, Warning, WWW-Authenticate]
22:20:42,241 DEBUG aultHttpHeaderMapper| headerName=[content-type] WILL be mapped, matched pattern=content-type
22:20:42,241 DEBUG aultHttpHeaderMapper| setting headerName=[contentType], value=application/json
22:20:42,241 DEBUG aultHttpHeaderMapper| headerName=[transfer-encoding] WILL be mapped, matched pattern=transfer-encoding
22:20:42,241 DEBUG aultHttpHeaderMapper| setting headerName=[Transfer-Encoding], value=[chunked]
22:20:42,241 DEBUG aultHttpHeaderMapper| headerName=[date] WILL be mapped, matched pattern=date
22:20:42,241 DEBUG aultHttpHeaderMapper| setting headerName=[Date], value=1 689 189 641 000
22:20:42,241 DEBUG aultHttpHeaderMapper| headerName=[keep-alive] WILL NOT be mapped
22:20:42,241 DEBUG aultHttpHeaderMapper| headerName=[connection] WILL be mapped, matched pattern=connection
22:20:42,241 DEBUG aultHttpHeaderMapper| setting headerName=[Connection], value=[keep-alive]
22:20:42,241 DEBUG ltCorrelationManager| Saving correlated object for 'citrus_message_id = '10d4f490-1395-4fab-b7e8-dd67da67ad51''
22:20:42,241 INFO  port.LoggingReporter| 
22:20:42,241 DEBUG port.LoggingReporter| TEST STEP 79 SUCCESS
22:20:42,242 INFO  port.LoggingReporter| 
22:20:42,242 DEBUG port.LoggingReporter| TEST STEP 80: receive
22:20:42,242 DEBUG ngCorrelationManager| Get correlation key for 'citrus_message_correlator_httpRESTClient'
22:20:42,242 DEBUG ltCorrelationManager| Finding correlated object for 'citrus_message_id = '10d4f490-1395-4fab-b7e8-dd67da67ad51''
22:20:42,243 DEBUG ageValidatorRegistry| Found 4 message validators for message
22:20:42,243 DEBUG ssageHeaderValidator| Start message header validation ...
22:20:42,243 DEBUG faultHeaderValidator| Validating header element: citrus_http_reason_phrase='OK': OK.
22:20:42,243 DEBUG faultHeaderValidator| Validating header element: citrus_http_status_code='200': OK.
22:20:42,243 INFO  ssageHeaderValidator| Message header validation successful: All values OK
22:20:42,243 DEBUG TextMessageValidator| Start JSON message validation ...
22:20:42,243 DEBUG JsonSchemaValidation| Starting Json schema validation ...
22:20:42,243 INFO  JsonSchemaValidation| Json schema validation successful: All values OK
22:20:42,243 DEBUG TextMessageValidator| Received message:
HTTPMESSAGE [id: 0cd31606-dad8-4846-8a5e-de2a7aace28c, payload: {"userId":40,"name":"Stephen Bergnaum","course":"Direct Group Strategist","email":"40@qa.ru","age":42,"mark":{"name":"Course mark","score":2}}][headers: {Transfer-Encoding=chunked, Connection=keep-alive, contentType=application/json, Date=1689189641000, citrus_message_id=0cd31606-dad8-4846-8a5e-de2a7aace28c, citrus_message_timestamp=1689189642241, Keep-Alive=timeout=60, Content-Type=application/json, citrus_http_status_code=200, citrus_http_reason_phrase=OK, citrus_http_version=HTTP/1.1}]
22:20:42,243 DEBUG TextMessageValidator| Control message:
HTTPMESSAGE [id: 35a91d53-127c-4ea3-8db3-365a9f52c5d9, payload: {"userId":40,"email":"@contains('@qa.ru')@","name":"@matches('^[a-zA-Z\\s\\.]*$')@","course":"@matches('^[a-zA-Z\\s]*$')@","age":"@isNumber()@","mark":{"name":"@contains('Course mark')@","score":"@isNumber()@"}}][headers: {citrus_message_id=35a91d53-127c-4ea3-8db3-365a9f52c5d9, citrus_message_timestamp=1689189642241, citrus_http_reason_phrase=OK, citrus_http_status_code=200, citrus_message_type=JSON}]
22:20:42,243 DEBUG TextMessageValidator| Validation successful for JSON entry 'name' (@matches('^[a-zA-Z\s\.]*$')@)
22:20:42,243 DEBUG TextMessageValidator| Validation successful for JSON entry 'course' (@matches('^[a-zA-Z\s]*$')@)
22:20:42,243 DEBUG TextMessageValidator| Validation successful for JSON entry 'userId' (40)
22:20:42,243 DEBUG TextMessageValidator| Validation successful for JSON entry 'email' (@contains('@qa.ru')@)
22:20:42,243 DEBUG TextMessageValidator| Validation successful for JSON entry 'age' (@isNumber()@)
22:20:42,243 DEBUG TextMessageValidator| Validation successful for JSON entry 'score' (@isNumber()@)
22:20:42,243 DEBUG TextMessageValidator| Validation successful for JSON entry 'name' (@contains('Course mark')@)
22:20:42,243 DEBUG TextMessageValidator| Validation successful for JSON entry 'mark' ({"score":"@isNumber()@","name":"@contains('Course mark')@"})
22:20:42,243 INFO  TextMessageValidator| JSON message validation successful: All values OK
22:20:42,243 INFO  port.LoggingReporter| 
22:20:42,243 DEBUG port.LoggingReporter| TEST STEP 80 SUCCESS
]]></system-out>
  </testcase>
  <testcase name="getUserStubParametrizedTest(int)[41]" classname="citrus.HttpRESTStubTests" time="0.008">
    <system-out><![CDATA[22:20:42,245 INFO  port.LoggingReporter| 
22:20:42,245 INFO  port.LoggingReporter| ------------------------------------------------------------------------
22:20:42,245 DEBUG port.LoggingReporter| STARTING TEST HttpRESTStubTests.getUserStubParametrizedTest <citrus>
22:20:42,245 INFO  port.LoggingReporter| 
22:20:42,245 DEBUG trus.DefaultTestCase| Initializing test case
22:20:42,245 DEBUG trus.DefaultTestCase| Global variables:
22:20:42,245 DEBUG trus.DefaultTestCase| citrus_message_correlator_httpRESTClient = citrus_message_id = '10d4f490-1395-4fab-b7e8-dd67da67ad51'
22:20:42,245 DEBUG trus.DefaultTestCase| default.test.author = Unknown
22:20:42,245 DEBUG trus.DefaultTestCase| citrus.test.package = citrus
22:20:42,245 DEBUG trus.DefaultTestCase| citrus.test.name = HttpRESTStubTests.getUserStubParametrizedTest
22:20:42,245 DEBUG trus.DefaultTestCase| project.name = Citrus Integration Tests
22:20:42,245 DEBUG trus.DefaultTestCase| userId = 35
22:20:42,245 DEBUG trus.DefaultTestCase| citrus_message_replyTo_citrus_message_correlator_httpRESTClient = http://localhost:8080/user/get/40
22:20:42,245 DEBUG trus.DefaultTestCase| url = http://localhost:8080/user
22:20:42,245 DEBUG trus.DefaultTestCase| default.test.package = citrus
22:20:42,245 DEBUG  context.TestContext| Setting variable: citrus.test.name with value: 'HttpRESTStubTests.getUserStubParametrizedTest'
22:20:42,245 DEBUG  context.TestContext| Setting variable: citrus.test.package with value: 'citrus'
22:20:42,245 DEBUG trus.DefaultTestCase| Test variables:
22:20:42,245 DEBUG trus.DefaultTestCase| citrus_message_correlator_httpRESTClient = citrus_message_id = '10d4f490-1395-4fab-b7e8-dd67da67ad51'
22:20:42,245 DEBUG trus.DefaultTestCase| default.test.author = Unknown
22:20:42,245 DEBUG trus.DefaultTestCase| citrus.test.package = citrus
22:20:42,245 DEBUG trus.DefaultTestCase| citrus.test.name = HttpRESTStubTests.getUserStubParametrizedTest
22:20:42,245 DEBUG trus.DefaultTestCase| project.name = Citrus Integration Tests
22:20:42,245 DEBUG trus.DefaultTestCase| userId = 35
22:20:42,245 DEBUG trus.DefaultTestCase| citrus_message_replyTo_citrus_message_correlator_httpRESTClient = http://localhost:8080/user/get/40
22:20:42,245 DEBUG trus.DefaultTestCase| url = http://localhost:8080/user
22:20:42,245 DEBUG trus.DefaultTestCase| default.test.package = citrus
22:20:42,246 INFO  port.LoggingReporter| 
22:20:42,246 DEBUG port.LoggingReporter| TEST STEP 81: send
22:20:42,246 DEBUG ltCorrelationManager| Saving correlation key for 'citrus_message_correlator_httpRESTClient'
22:20:42,246 DEBUG  context.TestContext| Setting variable: citrus_message_correlator_httpRESTClient with value: 'citrus_message_id = '13d6ff9f-b24b-4815-92f8-558d95b1144f''
22:20:42,246 DEBUG  context.TestContext| Setting variable: citrus_message_replyTo_citrus_message_correlator_httpRESTClient with value: 'http://localhost:8080/user/get/41'
22:20:42,246 INFO     client.HttpClient| Sending HTTP message to: 'http://localhost:8080/user/get/41'
22:20:42,246 DEBUG    client.HttpClient| Message to send:

22:20:42,246 DEBUG aultHttpHeaderMapper| outboundHeaderNames=[Accept, Accept-Charset, Accept-Encoding, Accept-Language, Accept-Ranges, Authorization, Cache-Control, Connection, Content-Length, Content-Type, Cookie, Date, Expect, From, Host, If-Match, If-Modified-Since, If-None-Match, If-Range, If-Unmodified-Since, Max-Forwards, Pragma, Proxy-Authorization, Range, Referer, TE, Upgrade, User-Agent, Via, Warning]
22:20:42,246 DEBUG aultHttpHeaderMapper| headerName=[citrus_message_timestamp] WILL NOT be mapped
22:20:42,246 DEBUG aultHttpHeaderMapper| headerName=[citrus_message_type] WILL NOT be mapped
22:20:42,246 DEBUG aultHttpHeaderMapper| headerName=[citrus_request_path] WILL NOT be mapped
22:20:42,246 DEBUG aultHttpHeaderMapper| headerName=[citrus_http_request_uri] WILL NOT be mapped
22:20:42,246 DEBUG aultHttpHeaderMapper| headerName=[id] WILL NOT be mapped
22:20:42,246 DEBUG aultHttpHeaderMapper| headerName=[citrus_message_id] WILL NOT be mapped
22:20:42,246 DEBUG aultHttpHeaderMapper| headerName=[citrus_http_method] WILL NOT be mapped
22:20:42,246 DEBUG aultHttpHeaderMapper| headerName=[timestamp] WILL NOT be mapped
22:20:42,246 DEBUG  client.RestTemplate| HTTP GET http://localhost:8080/user/get/41
22:20:42,246 DEBUG  client.RestTemplate| Accept=[text/plain, application/json, application/*+json, */*]
22:20:42,246 DEBUG ingClientInterceptor| Sending Http request message
22:20:42,247 DEBUG   Logger.Message_OUT| RAWMESSAGE [id: 1e097e86-34df-4a23-9b20-f31de2be5526, payload: GET http://localhost:8080/user/get/41
Accept:text/plain, application/json, application/*+json, */*
Content-Type:application/json;charset=UTF-8
Content-Length:0][headers: {citrus_message_id=1e097e86-34df-4a23-9b20-f31de2be5526, citrus_message_timestamp=1689189642246}]
22:20:42,247 DEBUG ol.RequestAddCookies| CookieSpec selected: default
22:20:42,247 DEBUG col.RequestAuthCache| Auth cache not set in the context
22:20:42,247 DEBUG entConnectionManager| Connection request: [route: {}->http://localhost:8080][total available: 1; route allocated: 1 of 5; total allocated: 1 of 10]
22:20:42,247 DEBUG entConnectionManager| Connection leased: [id: 0][route: {}->http://localhost:8080][total available: 0; route allocated: 1 of 5; total allocated: 1 of 10]
22:20:42,247 DEBUG HttpClientConnection| http-outgoing-0: set socket timeout to 0
22:20:42,247 DEBUG chain.MainClientExec| Executing request GET /user/get/41 HTTP/1.1
22:20:42,247 DEBUG chain.MainClientExec| Target auth state: UNCHALLENGED
22:20:42,247 DEBUG chain.MainClientExec| Proxy auth state: UNCHALLENGED
22:20:42,247 DEBUG         http.headers| http-outgoing-0 >> GET /user/get/41 HTTP/1.1
22:20:42,247 DEBUG         http.headers| http-outgoing-0 >> Accept: text/plain, application/json, application/*+json, */*
22:20:42,247 DEBUG         http.headers| http-outgoing-0 >> Content-Type: application/json;charset=UTF-8
22:20:42,247 DEBUG         http.headers| http-outgoing-0 >> Host: localhost:8080
22:20:42,247 DEBUG         http.headers| http-outgoing-0 >> Connection: Keep-Alive
22:20:42,247 DEBUG         http.headers| http-outgoing-0 >> User-Agent: Apache-HttpClient/4.5.13 (Java/11.0.16)
22:20:42,247 DEBUG         http.headers| http-outgoing-0 >> Accept-Encoding: gzip,deflate
22:20:42,247 DEBUG            http.wire| http-outgoing-0 >> "GET /user/get/41 HTTP/1.1[\r][\n]"
22:20:42,247 DEBUG            http.wire| http-outgoing-0 >> "Accept: text/plain, application/json, application/*+json, */*[\r][\n]"
22:20:42,247 DEBUG            http.wire| http-outgoing-0 >> "Content-Type: application/json;charset=UTF-8[\r][\n]"
22:20:42,247 DEBUG            http.wire| http-outgoing-0 >> "Host: localhost:8080[\r][\n]"
22:20:42,247 DEBUG            http.wire| http-outgoing-0 >> "Connection: Keep-Alive[\r][\n]"
22:20:42,247 DEBUG            http.wire| http-outgoing-0 >> "User-Agent: Apache-HttpClient/4.5.13 (Java/11.0.16)[\r][\n]"
22:20:42,247 DEBUG            http.wire| http-outgoing-0 >> "Accept-Encoding: gzip,deflate[\r][\n]"
22:20:42,247 DEBUG            http.wire| http-outgoing-0 >> "[\r][\n]"
22:20:42,248 DEBUG            http.wire| http-outgoing-0 << "HTTP/1.1 200 [\r][\n]"
22:20:42,248 DEBUG            http.wire| http-outgoing-0 << "Content-Type: application/json[\r][\n]"
22:20:42,248 DEBUG            http.wire| http-outgoing-0 << "Transfer-Encoding: chunked[\r][\n]"
22:20:42,248 DEBUG            http.wire| http-outgoing-0 << "Date: Wed, 12 Jul 2023 19:20:41 GMT[\r][\n]"
22:20:42,248 DEBUG            http.wire| http-outgoing-0 << "Keep-Alive: timeout=60[\r][\n]"
22:20:42,248 DEBUG            http.wire| http-outgoing-0 << "Connection: keep-alive[\r][\n]"
22:20:42,248 DEBUG            http.wire| http-outgoing-0 << "[\r][\n]"
22:20:42,248 DEBUG            http.wire| http-outgoing-0 << "90[\r][\n]"
22:20:42,248 DEBUG            http.wire| http-outgoing-0 << "{"userId":41,"name":"Dr. Herbert Borer","course":"Legacy Creative Designer","email":"41@qa.ru","age":72,"mark":{"name":"Course mark","score":7}}[\r][\n]"
22:20:42,249 DEBUG         http.headers| http-outgoing-0 << HTTP/1.1 200 
22:20:42,249 DEBUG         http.headers| http-outgoing-0 << Content-Type: application/json
22:20:42,249 DEBUG         http.headers| http-outgoing-0 << Transfer-Encoding: chunked
22:20:42,249 DEBUG         http.headers| http-outgoing-0 << Date: Wed, 12 Jul 2023 19:20:41 GMT
22:20:42,249 DEBUG         http.headers| http-outgoing-0 << Keep-Alive: timeout=60
22:20:42,249 DEBUG         http.headers| http-outgoing-0 << Connection: keep-alive
22:20:42,249 DEBUG chain.MainClientExec| Connection can be kept alive for 60000 MILLISECONDS
22:20:42,249 DEBUG            http.wire| http-outgoing-0 << "0[\r][\n]"
22:20:42,249 DEBUG            http.wire| http-outgoing-0 << "[\r][\n]"
22:20:42,249 DEBUG entConnectionManager| Connection [id: 0][route: {}->http://localhost:8080] can be kept alive for 60.0 seconds
22:20:42,249 DEBUG HttpClientConnection| http-outgoing-0: set socket timeout to 0
22:20:42,249 DEBUG entConnectionManager| Connection released: [id: 0][route: {}->http://localhost:8080][total available: 1; route allocated: 1 of 5; total allocated: 1 of 10]
22:20:42,249 DEBUG ingClientInterceptor| Received Http response message
22:20:42,250 DEBUG    Logger.Message_IN| RAWMESSAGE [id: b0759984-8a8f-4fda-913f-c2e031f874bb, payload: HTTP/1.1 200 OK 
Content-Type:application/json
Transfer-Encoding:chunked
Date:Wed, 12 Jul 2023 19:20:41 GMT
Keep-Alive:timeout=60
Connection:keep-alive

{"userId":41,"name":"Dr. Herbert Borer","course":"Legacy Creative Designer","email":"41@qa.ru","age":72,"mark":{"name":"Course mark","score":7}}][headers: {citrus_message_id=b0759984-8a8f-4fda-913f-c2e031f874bb, citrus_message_timestamp=1689189642249}]
22:20:42,250 DEBUG  client.RestTemplate| Response 200 OK
22:20:42,250 DEBUG  client.RestTemplate| Reading to [java.lang.String] as "application/json"
22:20:42,250 INFO     client.HttpClient| HTTP message was sent to endpoint: 'http://localhost:8080/user/get/41'
22:20:42,250 DEBUG aultHttpHeaderMapper| inboundHeaderNames=[Accept-Ranges, Age, Allow, Cache-Control, Connection, Content-Encoding, Content-Language, Content-Length, Content-Location, Content-MD5, Content-Range, Content-Type, Content-Disposition, Transfer-Encoding, Date, ETag, Expires, Last-Modified, Location, Pragma, Proxy-Authenticate, Refresh, Retry-After, Server, Set-Cookie, Trailer, Vary, Via, Warning, WWW-Authenticate]
22:20:42,250 DEBUG aultHttpHeaderMapper| headerName=[content-type] WILL be mapped, matched pattern=content-type
22:20:42,250 DEBUG aultHttpHeaderMapper| setting headerName=[contentType], value=application/json
22:20:42,250 DEBUG aultHttpHeaderMapper| headerName=[transfer-encoding] WILL be mapped, matched pattern=transfer-encoding
22:20:42,250 DEBUG aultHttpHeaderMapper| setting headerName=[Transfer-Encoding], value=[chunked]
22:20:42,250 DEBUG aultHttpHeaderMapper| headerName=[date] WILL be mapped, matched pattern=date
22:20:42,250 DEBUG aultHttpHeaderMapper| setting headerName=[Date], value=1 689 189 641 000
22:20:42,250 DEBUG aultHttpHeaderMapper| headerName=[keep-alive] WILL NOT be mapped
22:20:42,250 DEBUG aultHttpHeaderMapper| headerName=[connection] WILL be mapped, matched pattern=connection
22:20:42,250 DEBUG aultHttpHeaderMapper| setting headerName=[Connection], value=[keep-alive]
22:20:42,250 DEBUG ltCorrelationManager| Saving correlated object for 'citrus_message_id = '13d6ff9f-b24b-4815-92f8-558d95b1144f''
22:20:42,250 INFO  port.LoggingReporter| 
22:20:42,250 DEBUG port.LoggingReporter| TEST STEP 81 SUCCESS
22:20:42,251 INFO  port.LoggingReporter| 
22:20:42,251 DEBUG port.LoggingReporter| TEST STEP 82: receive
22:20:42,251 DEBUG ngCorrelationManager| Get correlation key for 'citrus_message_correlator_httpRESTClient'
22:20:42,251 DEBUG ltCorrelationManager| Finding correlated object for 'citrus_message_id = '13d6ff9f-b24b-4815-92f8-558d95b1144f''
22:20:42,251 DEBUG ageValidatorRegistry| Found 4 message validators for message
22:20:42,251 DEBUG ssageHeaderValidator| Start message header validation ...
22:20:42,252 DEBUG faultHeaderValidator| Validating header element: citrus_http_reason_phrase='OK': OK.
22:20:42,252 DEBUG faultHeaderValidator| Validating header element: citrus_http_status_code='200': OK.
22:20:42,252 INFO  ssageHeaderValidator| Message header validation successful: All values OK
22:20:42,252 DEBUG TextMessageValidator| Start JSON message validation ...
22:20:42,252 DEBUG JsonSchemaValidation| Starting Json schema validation ...
22:20:42,252 INFO  JsonSchemaValidation| Json schema validation successful: All values OK
22:20:42,252 DEBUG TextMessageValidator| Received message:
HTTPMESSAGE [id: 1d14e7c9-c0ce-4eb3-b8c9-62a4dc866af8, payload: {"userId":41,"name":"Dr. Herbert Borer","course":"Legacy Creative Designer","email":"41@qa.ru","age":72,"mark":{"name":"Course mark","score":7}}][headers: {Transfer-Encoding=chunked, Connection=keep-alive, contentType=application/json, Date=1689189641000, citrus_message_id=1d14e7c9-c0ce-4eb3-b8c9-62a4dc866af8, citrus_message_timestamp=1689189642250, Keep-Alive=timeout=60, Content-Type=application/json, citrus_http_status_code=200, citrus_http_reason_phrase=OK, citrus_http_version=HTTP/1.1}]
22:20:42,252 DEBUG TextMessageValidator| Control message:
HTTPMESSAGE [id: 266ef231-a1a3-435a-ad37-cb7ed9f1fb07, payload: {"userId":41,"email":"@contains('@qa.ru')@","name":"@matches('^[a-zA-Z\\s\\.]*$')@","course":"@matches('^[a-zA-Z\\s]*$')@","age":"@isNumber()@","mark":{"name":"@contains('Course mark')@","score":"@isNumber()@"}}][headers: {citrus_message_id=266ef231-a1a3-435a-ad37-cb7ed9f1fb07, citrus_message_timestamp=1689189642250, citrus_http_reason_phrase=OK, citrus_http_status_code=200, citrus_message_type=JSON}]
22:20:42,252 DEBUG TextMessageValidator| Validation successful for JSON entry 'name' (@matches('^[a-zA-Z\s\.]*$')@)
22:20:42,252 DEBUG TextMessageValidator| Validation successful for JSON entry 'course' (@matches('^[a-zA-Z\s]*$')@)
22:20:42,252 DEBUG TextMessageValidator| Validation successful for JSON entry 'userId' (41)
22:20:42,252 DEBUG TextMessageValidator| Validation successful for JSON entry 'email' (@contains('@qa.ru')@)
22:20:42,252 DEBUG TextMessageValidator| Validation successful for JSON entry 'age' (@isNumber()@)
22:20:42,252 DEBUG TextMessageValidator| Validation successful for JSON entry 'score' (@isNumber()@)
22:20:42,252 DEBUG TextMessageValidator| Validation successful for JSON entry 'name' (@contains('Course mark')@)
22:20:42,252 DEBUG TextMessageValidator| Validation successful for JSON entry 'mark' ({"score":"@isNumber()@","name":"@contains('Course mark')@"})
22:20:42,252 INFO  TextMessageValidator| JSON message validation successful: All values OK
22:20:42,252 INFO  port.LoggingReporter| 
22:20:42,252 DEBUG port.LoggingReporter| TEST STEP 82 SUCCESS
]]></system-out>
  </testcase>
  <testcase name="getUserStubParametrizedTest(int)[42]" classname="citrus.HttpRESTStubTests" time="0.008">
    <system-out><![CDATA[22:20:42,254 INFO  port.LoggingReporter| 
22:20:42,254 INFO  port.LoggingReporter| ------------------------------------------------------------------------
22:20:42,254 DEBUG port.LoggingReporter| STARTING TEST HttpRESTStubTests.getUserStubParametrizedTest <citrus>
22:20:42,254 INFO  port.LoggingReporter| 
22:20:42,254 DEBUG trus.DefaultTestCase| Initializing test case
22:20:42,254 DEBUG trus.DefaultTestCase| Global variables:
22:20:42,254 DEBUG trus.DefaultTestCase| citrus_message_correlator_httpRESTClient = citrus_message_id = '13d6ff9f-b24b-4815-92f8-558d95b1144f'
22:20:42,254 DEBUG trus.DefaultTestCase| default.test.author = Unknown
22:20:42,254 DEBUG trus.DefaultTestCase| citrus.test.package = citrus
22:20:42,254 DEBUG trus.DefaultTestCase| citrus.test.name = HttpRESTStubTests.getUserStubParametrizedTest
22:20:42,254 DEBUG trus.DefaultTestCase| project.name = Citrus Integration Tests
22:20:42,254 DEBUG trus.DefaultTestCase| userId = 35
22:20:42,254 DEBUG trus.DefaultTestCase| citrus_message_replyTo_citrus_message_correlator_httpRESTClient = http://localhost:8080/user/get/41
22:20:42,254 DEBUG trus.DefaultTestCase| url = http://localhost:8080/user
22:20:42,254 DEBUG trus.DefaultTestCase| default.test.package = citrus
22:20:42,254 DEBUG  context.TestContext| Setting variable: citrus.test.name with value: 'HttpRESTStubTests.getUserStubParametrizedTest'
22:20:42,254 DEBUG  context.TestContext| Setting variable: citrus.test.package with value: 'citrus'
22:20:42,254 DEBUG trus.DefaultTestCase| Test variables:
22:20:42,254 DEBUG trus.DefaultTestCase| citrus_message_correlator_httpRESTClient = citrus_message_id = '13d6ff9f-b24b-4815-92f8-558d95b1144f'
22:20:42,254 DEBUG trus.DefaultTestCase| default.test.author = Unknown
22:20:42,254 DEBUG trus.DefaultTestCase| citrus.test.package = citrus
22:20:42,254 DEBUG trus.DefaultTestCase| citrus.test.name = HttpRESTStubTests.getUserStubParametrizedTest
22:20:42,254 DEBUG trus.DefaultTestCase| project.name = Citrus Integration Tests
22:20:42,254 DEBUG trus.DefaultTestCase| userId = 35
22:20:42,254 DEBUG trus.DefaultTestCase| citrus_message_replyTo_citrus_message_correlator_httpRESTClient = http://localhost:8080/user/get/41
22:20:42,254 DEBUG trus.DefaultTestCase| url = http://localhost:8080/user
22:20:42,254 DEBUG trus.DefaultTestCase| default.test.package = citrus
22:20:42,254 INFO  port.LoggingReporter| 
22:20:42,254 DEBUG port.LoggingReporter| TEST STEP 83: send
22:20:42,255 DEBUG ltCorrelationManager| Saving correlation key for 'citrus_message_correlator_httpRESTClient'
22:20:42,255 DEBUG  context.TestContext| Setting variable: citrus_message_correlator_httpRESTClient with value: 'citrus_message_id = '3eb0e653-06e4-42bb-9d17-62358382d912''
22:20:42,255 DEBUG  context.TestContext| Setting variable: citrus_message_replyTo_citrus_message_correlator_httpRESTClient with value: 'http://localhost:8080/user/get/42'
22:20:42,255 INFO     client.HttpClient| Sending HTTP message to: 'http://localhost:8080/user/get/42'
22:20:42,255 DEBUG    client.HttpClient| Message to send:

22:20:42,255 DEBUG aultHttpHeaderMapper| outboundHeaderNames=[Accept, Accept-Charset, Accept-Encoding, Accept-Language, Accept-Ranges, Authorization, Cache-Control, Connection, Content-Length, Content-Type, Cookie, Date, Expect, From, Host, If-Match, If-Modified-Since, If-None-Match, If-Range, If-Unmodified-Since, Max-Forwards, Pragma, Proxy-Authorization, Range, Referer, TE, Upgrade, User-Agent, Via, Warning]
22:20:42,255 DEBUG aultHttpHeaderMapper| headerName=[citrus_message_timestamp] WILL NOT be mapped
22:20:42,255 DEBUG aultHttpHeaderMapper| headerName=[citrus_message_type] WILL NOT be mapped
22:20:42,255 DEBUG aultHttpHeaderMapper| headerName=[citrus_request_path] WILL NOT be mapped
22:20:42,255 DEBUG aultHttpHeaderMapper| headerName=[citrus_http_request_uri] WILL NOT be mapped
22:20:42,255 DEBUG aultHttpHeaderMapper| headerName=[id] WILL NOT be mapped
22:20:42,255 DEBUG aultHttpHeaderMapper| headerName=[citrus_message_id] WILL NOT be mapped
22:20:42,255 DEBUG aultHttpHeaderMapper| headerName=[citrus_http_method] WILL NOT be mapped
22:20:42,255 DEBUG aultHttpHeaderMapper| headerName=[timestamp] WILL NOT be mapped
22:20:42,255 DEBUG  client.RestTemplate| HTTP GET http://localhost:8080/user/get/42
22:20:42,255 DEBUG  client.RestTemplate| Accept=[text/plain, application/json, application/*+json, */*]
22:20:42,255 DEBUG ingClientInterceptor| Sending Http request message
22:20:42,256 DEBUG   Logger.Message_OUT| RAWMESSAGE [id: d7334195-4e6c-4774-8a3f-e0bbe94c165e, payload: GET http://localhost:8080/user/get/42
Accept:text/plain, application/json, application/*+json, */*
Content-Type:application/json;charset=UTF-8
Content-Length:0][headers: {citrus_message_id=d7334195-4e6c-4774-8a3f-e0bbe94c165e, citrus_message_timestamp=1689189642255}]
22:20:42,256 DEBUG ol.RequestAddCookies| CookieSpec selected: default
22:20:42,256 DEBUG col.RequestAuthCache| Auth cache not set in the context
22:20:42,256 DEBUG entConnectionManager| Connection request: [route: {}->http://localhost:8080][total available: 1; route allocated: 1 of 5; total allocated: 1 of 10]
22:20:42,256 DEBUG entConnectionManager| Connection leased: [id: 0][route: {}->http://localhost:8080][total available: 0; route allocated: 1 of 5; total allocated: 1 of 10]
22:20:42,256 DEBUG HttpClientConnection| http-outgoing-0: set socket timeout to 0
22:20:42,256 DEBUG chain.MainClientExec| Executing request GET /user/get/42 HTTP/1.1
22:20:42,256 DEBUG chain.MainClientExec| Target auth state: UNCHALLENGED
22:20:42,256 DEBUG chain.MainClientExec| Proxy auth state: UNCHALLENGED
22:20:42,256 DEBUG         http.headers| http-outgoing-0 >> GET /user/get/42 HTTP/1.1
22:20:42,256 DEBUG         http.headers| http-outgoing-0 >> Accept: text/plain, application/json, application/*+json, */*
22:20:42,256 DEBUG         http.headers| http-outgoing-0 >> Content-Type: application/json;charset=UTF-8
22:20:42,256 DEBUG         http.headers| http-outgoing-0 >> Host: localhost:8080
22:20:42,256 DEBUG         http.headers| http-outgoing-0 >> Connection: Keep-Alive
22:20:42,256 DEBUG         http.headers| http-outgoing-0 >> User-Agent: Apache-HttpClient/4.5.13 (Java/11.0.16)
22:20:42,256 DEBUG         http.headers| http-outgoing-0 >> Accept-Encoding: gzip,deflate
22:20:42,256 DEBUG            http.wire| http-outgoing-0 >> "GET /user/get/42 HTTP/1.1[\r][\n]"
22:20:42,256 DEBUG            http.wire| http-outgoing-0 >> "Accept: text/plain, application/json, application/*+json, */*[\r][\n]"
22:20:42,256 DEBUG            http.wire| http-outgoing-0 >> "Content-Type: application/json;charset=UTF-8[\r][\n]"
22:20:42,256 DEBUG            http.wire| http-outgoing-0 >> "Host: localhost:8080[\r][\n]"
22:20:42,256 DEBUG            http.wire| http-outgoing-0 >> "Connection: Keep-Alive[\r][\n]"
22:20:42,256 DEBUG            http.wire| http-outgoing-0 >> "User-Agent: Apache-HttpClient/4.5.13 (Java/11.0.16)[\r][\n]"
22:20:42,256 DEBUG            http.wire| http-outgoing-0 >> "Accept-Encoding: gzip,deflate[\r][\n]"
22:20:42,256 DEBUG            http.wire| http-outgoing-0 >> "[\r][\n]"
22:20:42,257 DEBUG            http.wire| http-outgoing-0 << "HTTP/1.1 200 [\r][\n]"
22:20:42,257 DEBUG            http.wire| http-outgoing-0 << "Content-Type: application/json[\r][\n]"
22:20:42,257 DEBUG            http.wire| http-outgoing-0 << "Transfer-Encoding: chunked[\r][\n]"
22:20:42,257 DEBUG            http.wire| http-outgoing-0 << "Date: Wed, 12 Jul 2023 19:20:41 GMT[\r][\n]"
22:20:42,257 DEBUG            http.wire| http-outgoing-0 << "Keep-Alive: timeout=60[\r][\n]"
22:20:42,257 DEBUG            http.wire| http-outgoing-0 << "Connection: keep-alive[\r][\n]"
22:20:42,257 DEBUG            http.wire| http-outgoing-0 << "[\r][\n]"
22:20:42,257 DEBUG            http.wire| http-outgoing-0 << "97[\r][\n]"
22:20:42,257 DEBUG            http.wire| http-outgoing-0 << "{"userId":42,"name":"Marcelle Kemmer I","course":"National Optimization Executive","email":"42@qa.ru","age":46,"mark":{"name":"Course mark","score":4}}[\r][\n]"
22:20:42,257 DEBUG         http.headers| http-outgoing-0 << HTTP/1.1 200 
22:20:42,257 DEBUG         http.headers| http-outgoing-0 << Content-Type: application/json
22:20:42,257 DEBUG         http.headers| http-outgoing-0 << Transfer-Encoding: chunked
22:20:42,257 DEBUG         http.headers| http-outgoing-0 << Date: Wed, 12 Jul 2023 19:20:41 GMT
22:20:42,257 DEBUG         http.headers| http-outgoing-0 << Keep-Alive: timeout=60
22:20:42,257 DEBUG         http.headers| http-outgoing-0 << Connection: keep-alive
22:20:42,257 DEBUG chain.MainClientExec| Connection can be kept alive for 60000 MILLISECONDS
22:20:42,258 DEBUG            http.wire| http-outgoing-0 << "0[\r][\n]"
22:20:42,258 DEBUG            http.wire| http-outgoing-0 << "[\r][\n]"
22:20:42,258 DEBUG entConnectionManager| Connection [id: 0][route: {}->http://localhost:8080] can be kept alive for 60.0 seconds
22:20:42,258 DEBUG HttpClientConnection| http-outgoing-0: set socket timeout to 0
22:20:42,258 DEBUG entConnectionManager| Connection released: [id: 0][route: {}->http://localhost:8080][total available: 1; route allocated: 1 of 5; total allocated: 1 of 10]
22:20:42,258 DEBUG ingClientInterceptor| Received Http response message
22:20:42,259 DEBUG    Logger.Message_IN| RAWMESSAGE [id: febd4dc6-daea-4fdd-911b-2d54e569c8e5, payload: HTTP/1.1 200 OK 
Content-Type:application/json
Transfer-Encoding:chunked
Date:Wed, 12 Jul 2023 19:20:41 GMT
Keep-Alive:timeout=60
Connection:keep-alive

{"userId":42,"name":"Marcelle Kemmer I","course":"National Optimization Executive","email":"42@qa.ru","age":46,"mark":{"name":"Course mark","score":4}}][headers: {citrus_message_id=febd4dc6-daea-4fdd-911b-2d54e569c8e5, citrus_message_timestamp=1689189642258}]
22:20:42,259 DEBUG  client.RestTemplate| Response 200 OK
22:20:42,259 DEBUG  client.RestTemplate| Reading to [java.lang.String] as "application/json"
22:20:42,259 INFO     client.HttpClient| HTTP message was sent to endpoint: 'http://localhost:8080/user/get/42'
22:20:42,259 DEBUG aultHttpHeaderMapper| inboundHeaderNames=[Accept-Ranges, Age, Allow, Cache-Control, Connection, Content-Encoding, Content-Language, Content-Length, Content-Location, Content-MD5, Content-Range, Content-Type, Content-Disposition, Transfer-Encoding, Date, ETag, Expires, Last-Modified, Location, Pragma, Proxy-Authenticate, Refresh, Retry-After, Server, Set-Cookie, Trailer, Vary, Via, Warning, WWW-Authenticate]
22:20:42,259 DEBUG aultHttpHeaderMapper| headerName=[content-type] WILL be mapped, matched pattern=content-type
22:20:42,259 DEBUG aultHttpHeaderMapper| setting headerName=[contentType], value=application/json
22:20:42,259 DEBUG aultHttpHeaderMapper| headerName=[transfer-encoding] WILL be mapped, matched pattern=transfer-encoding
22:20:42,259 DEBUG aultHttpHeaderMapper| setting headerName=[Transfer-Encoding], value=[chunked]
22:20:42,259 DEBUG aultHttpHeaderMapper| headerName=[date] WILL be mapped, matched pattern=date
22:20:42,259 DEBUG aultHttpHeaderMapper| setting headerName=[Date], value=1 689 189 641 000
22:20:42,259 DEBUG aultHttpHeaderMapper| headerName=[keep-alive] WILL NOT be mapped
22:20:42,259 DEBUG aultHttpHeaderMapper| headerName=[connection] WILL be mapped, matched pattern=connection
22:20:42,259 DEBUG aultHttpHeaderMapper| setting headerName=[Connection], value=[keep-alive]
22:20:42,259 DEBUG ltCorrelationManager| Saving correlated object for 'citrus_message_id = '3eb0e653-06e4-42bb-9d17-62358382d912''
22:20:42,259 INFO  port.LoggingReporter| 
22:20:42,259 DEBUG port.LoggingReporter| TEST STEP 83 SUCCESS
22:20:42,259 INFO  port.LoggingReporter| 
22:20:42,259 DEBUG port.LoggingReporter| TEST STEP 84: receive
22:20:42,259 DEBUG ngCorrelationManager| Get correlation key for 'citrus_message_correlator_httpRESTClient'
22:20:42,259 DEBUG ltCorrelationManager| Finding correlated object for 'citrus_message_id = '3eb0e653-06e4-42bb-9d17-62358382d912''
22:20:42,260 DEBUG ageValidatorRegistry| Found 4 message validators for message
22:20:42,260 DEBUG ssageHeaderValidator| Start message header validation ...
22:20:42,260 DEBUG faultHeaderValidator| Validating header element: citrus_http_reason_phrase='OK': OK.
22:20:42,260 DEBUG faultHeaderValidator| Validating header element: citrus_http_status_code='200': OK.
22:20:42,260 INFO  ssageHeaderValidator| Message header validation successful: All values OK
22:20:42,260 DEBUG TextMessageValidator| Start JSON message validation ...
22:20:42,260 DEBUG JsonSchemaValidation| Starting Json schema validation ...
22:20:42,260 INFO  JsonSchemaValidation| Json schema validation successful: All values OK
22:20:42,260 DEBUG TextMessageValidator| Received message:
HTTPMESSAGE [id: 5d4b453c-c9c9-48c4-88c0-ab838eabdf65, payload: {"userId":42,"name":"Marcelle Kemmer I","course":"National Optimization Executive","email":"42@qa.ru","age":46,"mark":{"name":"Course mark","score":4}}][headers: {Transfer-Encoding=chunked, Connection=keep-alive, contentType=application/json, Date=1689189641000, citrus_message_id=5d4b453c-c9c9-48c4-88c0-ab838eabdf65, citrus_message_timestamp=1689189642259, Keep-Alive=timeout=60, Content-Type=application/json, citrus_http_status_code=200, citrus_http_reason_phrase=OK, citrus_http_version=HTTP/1.1}]
22:20:42,260 DEBUG TextMessageValidator| Control message:
HTTPMESSAGE [id: a673eda0-fde4-4ab6-9032-922c8844d758, payload: {"userId":42,"email":"@contains('@qa.ru')@","name":"@matches('^[a-zA-Z\\s\\.]*$')@","course":"@matches('^[a-zA-Z\\s]*$')@","age":"@isNumber()@","mark":{"name":"@contains('Course mark')@","score":"@isNumber()@"}}][headers: {citrus_message_id=a673eda0-fde4-4ab6-9032-922c8844d758, citrus_message_timestamp=1689189642259, citrus_http_reason_phrase=OK, citrus_http_status_code=200, citrus_message_type=JSON}]
22:20:42,260 DEBUG TextMessageValidator| Validation successful for JSON entry 'name' (@matches('^[a-zA-Z\s\.]*$')@)
22:20:42,260 DEBUG TextMessageValidator| Validation successful for JSON entry 'course' (@matches('^[a-zA-Z\s]*$')@)
22:20:42,261 DEBUG TextMessageValidator| Validation successful for JSON entry 'userId' (42)
22:20:42,261 DEBUG TextMessageValidator| Validation successful for JSON entry 'email' (@contains('@qa.ru')@)
22:20:42,261 DEBUG TextMessageValidator| Validation successful for JSON entry 'age' (@isNumber()@)
22:20:42,261 DEBUG TextMessageValidator| Validation successful for JSON entry 'score' (@isNumber()@)
22:20:42,261 DEBUG TextMessageValidator| Validation successful for JSON entry 'name' (@contains('Course mark')@)
22:20:42,261 DEBUG TextMessageValidator| Validation successful for JSON entry 'mark' ({"score":"@isNumber()@","name":"@contains('Course mark')@"})
22:20:42,261 INFO  TextMessageValidator| JSON message validation successful: All values OK
22:20:42,261 INFO  port.LoggingReporter| 
22:20:42,261 DEBUG port.LoggingReporter| TEST STEP 84 SUCCESS
]]></system-out>
  </testcase>
  <testcase name="getUserStubParametrizedTest(int)[43]" classname="citrus.HttpRESTStubTests" time="0.008">
    <system-out><![CDATA[22:20:42,263 INFO  port.LoggingReporter| 
22:20:42,263 INFO  port.LoggingReporter| ------------------------------------------------------------------------
22:20:42,263 DEBUG port.LoggingReporter| STARTING TEST HttpRESTStubTests.getUserStubParametrizedTest <citrus>
22:20:42,263 INFO  port.LoggingReporter| 
22:20:42,263 DEBUG trus.DefaultTestCase| Initializing test case
22:20:42,263 DEBUG trus.DefaultTestCase| Global variables:
22:20:42,263 DEBUG trus.DefaultTestCase| citrus_message_correlator_httpRESTClient = citrus_message_id = '3eb0e653-06e4-42bb-9d17-62358382d912'
22:20:42,263 DEBUG trus.DefaultTestCase| default.test.author = Unknown
22:20:42,263 DEBUG trus.DefaultTestCase| citrus.test.package = citrus
22:20:42,263 DEBUG trus.DefaultTestCase| citrus.test.name = HttpRESTStubTests.getUserStubParametrizedTest
22:20:42,263 DEBUG trus.DefaultTestCase| project.name = Citrus Integration Tests
22:20:42,263 DEBUG trus.DefaultTestCase| userId = 35
22:20:42,263 DEBUG trus.DefaultTestCase| citrus_message_replyTo_citrus_message_correlator_httpRESTClient = http://localhost:8080/user/get/42
22:20:42,263 DEBUG trus.DefaultTestCase| url = http://localhost:8080/user
22:20:42,263 DEBUG trus.DefaultTestCase| default.test.package = citrus
22:20:42,263 DEBUG  context.TestContext| Setting variable: citrus.test.name with value: 'HttpRESTStubTests.getUserStubParametrizedTest'
22:20:42,263 DEBUG  context.TestContext| Setting variable: citrus.test.package with value: 'citrus'
22:20:42,263 DEBUG trus.DefaultTestCase| Test variables:
22:20:42,263 DEBUG trus.DefaultTestCase| citrus_message_correlator_httpRESTClient = citrus_message_id = '3eb0e653-06e4-42bb-9d17-62358382d912'
22:20:42,263 DEBUG trus.DefaultTestCase| default.test.author = Unknown
22:20:42,263 DEBUG trus.DefaultTestCase| citrus.test.package = citrus
22:20:42,263 DEBUG trus.DefaultTestCase| citrus.test.name = HttpRESTStubTests.getUserStubParametrizedTest
22:20:42,263 DEBUG trus.DefaultTestCase| project.name = Citrus Integration Tests
22:20:42,263 DEBUG trus.DefaultTestCase| userId = 35
22:20:42,263 DEBUG trus.DefaultTestCase| citrus_message_replyTo_citrus_message_correlator_httpRESTClient = http://localhost:8080/user/get/42
22:20:42,263 DEBUG trus.DefaultTestCase| url = http://localhost:8080/user
22:20:42,263 DEBUG trus.DefaultTestCase| default.test.package = citrus
22:20:42,263 INFO  port.LoggingReporter| 
22:20:42,263 DEBUG port.LoggingReporter| TEST STEP 85: send
22:20:42,263 DEBUG ltCorrelationManager| Saving correlation key for 'citrus_message_correlator_httpRESTClient'
22:20:42,263 DEBUG  context.TestContext| Setting variable: citrus_message_correlator_httpRESTClient with value: 'citrus_message_id = 'e6b36ee3-89b8-429e-84da-638190a9c5a1''
22:20:42,263 DEBUG  context.TestContext| Setting variable: citrus_message_replyTo_citrus_message_correlator_httpRESTClient with value: 'http://localhost:8080/user/get/43'
22:20:42,263 INFO     client.HttpClient| Sending HTTP message to: 'http://localhost:8080/user/get/43'
22:20:42,263 DEBUG    client.HttpClient| Message to send:

22:20:42,263 DEBUG aultHttpHeaderMapper| outboundHeaderNames=[Accept, Accept-Charset, Accept-Encoding, Accept-Language, Accept-Ranges, Authorization, Cache-Control, Connection, Content-Length, Content-Type, Cookie, Date, Expect, From, Host, If-Match, If-Modified-Since, If-None-Match, If-Range, If-Unmodified-Since, Max-Forwards, Pragma, Proxy-Authorization, Range, Referer, TE, Upgrade, User-Agent, Via, Warning]
22:20:42,263 DEBUG aultHttpHeaderMapper| headerName=[citrus_message_timestamp] WILL NOT be mapped
22:20:42,263 DEBUG aultHttpHeaderMapper| headerName=[citrus_message_type] WILL NOT be mapped
22:20:42,263 DEBUG aultHttpHeaderMapper| headerName=[citrus_request_path] WILL NOT be mapped
22:20:42,263 DEBUG aultHttpHeaderMapper| headerName=[citrus_http_request_uri] WILL NOT be mapped
22:20:42,263 DEBUG aultHttpHeaderMapper| headerName=[id] WILL NOT be mapped
22:20:42,263 DEBUG aultHttpHeaderMapper| headerName=[citrus_message_id] WILL NOT be mapped
22:20:42,263 DEBUG aultHttpHeaderMapper| headerName=[citrus_http_method] WILL NOT be mapped
22:20:42,263 DEBUG aultHttpHeaderMapper| headerName=[timestamp] WILL NOT be mapped
22:20:42,263 DEBUG  client.RestTemplate| HTTP GET http://localhost:8080/user/get/43
22:20:42,263 DEBUG  client.RestTemplate| Accept=[text/plain, application/json, application/*+json, */*]
22:20:42,264 DEBUG ingClientInterceptor| Sending Http request message
22:20:42,264 DEBUG   Logger.Message_OUT| RAWMESSAGE [id: eaecf544-a260-4e0d-8ba2-2ea22bd010b4, payload: GET http://localhost:8080/user/get/43
Accept:text/plain, application/json, application/*+json, */*
Content-Type:application/json;charset=UTF-8
Content-Length:0][headers: {citrus_message_id=eaecf544-a260-4e0d-8ba2-2ea22bd010b4, citrus_message_timestamp=1689189642264}]
22:20:42,265 DEBUG ol.RequestAddCookies| CookieSpec selected: default
22:20:42,265 DEBUG col.RequestAuthCache| Auth cache not set in the context
22:20:42,265 DEBUG entConnectionManager| Connection request: [route: {}->http://localhost:8080][total available: 1; route allocated: 1 of 5; total allocated: 1 of 10]
22:20:42,265 DEBUG entConnectionManager| Connection leased: [id: 0][route: {}->http://localhost:8080][total available: 0; route allocated: 1 of 5; total allocated: 1 of 10]
22:20:42,265 DEBUG HttpClientConnection| http-outgoing-0: set socket timeout to 0
22:20:42,265 DEBUG chain.MainClientExec| Executing request GET /user/get/43 HTTP/1.1
22:20:42,265 DEBUG chain.MainClientExec| Target auth state: UNCHALLENGED
22:20:42,265 DEBUG chain.MainClientExec| Proxy auth state: UNCHALLENGED
22:20:42,265 DEBUG         http.headers| http-outgoing-0 >> GET /user/get/43 HTTP/1.1
22:20:42,265 DEBUG         http.headers| http-outgoing-0 >> Accept: text/plain, application/json, application/*+json, */*
22:20:42,265 DEBUG         http.headers| http-outgoing-0 >> Content-Type: application/json;charset=UTF-8
22:20:42,265 DEBUG         http.headers| http-outgoing-0 >> Host: localhost:8080
22:20:42,265 DEBUG         http.headers| http-outgoing-0 >> Connection: Keep-Alive
22:20:42,265 DEBUG         http.headers| http-outgoing-0 >> User-Agent: Apache-HttpClient/4.5.13 (Java/11.0.16)
22:20:42,265 DEBUG         http.headers| http-outgoing-0 >> Accept-Encoding: gzip,deflate
22:20:42,265 DEBUG            http.wire| http-outgoing-0 >> "GET /user/get/43 HTTP/1.1[\r][\n]"
22:20:42,265 DEBUG            http.wire| http-outgoing-0 >> "Accept: text/plain, application/json, application/*+json, */*[\r][\n]"
22:20:42,265 DEBUG            http.wire| http-outgoing-0 >> "Content-Type: application/json;charset=UTF-8[\r][\n]"
22:20:42,265 DEBUG            http.wire| http-outgoing-0 >> "Host: localhost:8080[\r][\n]"
22:20:42,265 DEBUG            http.wire| http-outgoing-0 >> "Connection: Keep-Alive[\r][\n]"
22:20:42,265 DEBUG            http.wire| http-outgoing-0 >> "User-Agent: Apache-HttpClient/4.5.13 (Java/11.0.16)[\r][\n]"
22:20:42,265 DEBUG            http.wire| http-outgoing-0 >> "Accept-Encoding: gzip,deflate[\r][\n]"
22:20:42,265 DEBUG            http.wire| http-outgoing-0 >> "[\r][\n]"
22:20:42,266 DEBUG            http.wire| http-outgoing-0 << "HTTP/1.1 200 [\r][\n]"
22:20:42,266 DEBUG            http.wire| http-outgoing-0 << "Content-Type: application/json[\r][\n]"
22:20:42,266 DEBUG            http.wire| http-outgoing-0 << "Transfer-Encoding: chunked[\r][\n]"
22:20:42,266 DEBUG            http.wire| http-outgoing-0 << "Date: Wed, 12 Jul 2023 19:20:41 GMT[\r][\n]"
22:20:42,266 DEBUG            http.wire| http-outgoing-0 << "Keep-Alive: timeout=60[\r][\n]"
22:20:42,266 DEBUG            http.wire| http-outgoing-0 << "Connection: keep-alive[\r][\n]"
22:20:42,266 DEBUG            http.wire| http-outgoing-0 << "[\r][\n]"
22:20:42,266 DEBUG            http.wire| http-outgoing-0 << "91[\r][\n]"
22:20:42,266 DEBUG            http.wire| http-outgoing-0 << "{"userId":43,"name":"Jene Robel","course":"Product Communications Architect","email":"43@qa.ru","age":57,"mark":{"name":"Course mark","score":0}}[\r][\n]"
22:20:42,266 DEBUG         http.headers| http-outgoing-0 << HTTP/1.1 200 
22:20:42,266 DEBUG         http.headers| http-outgoing-0 << Content-Type: application/json
22:20:42,266 DEBUG         http.headers| http-outgoing-0 << Transfer-Encoding: chunked
22:20:42,266 DEBUG         http.headers| http-outgoing-0 << Date: Wed, 12 Jul 2023 19:20:41 GMT
22:20:42,266 DEBUG         http.headers| http-outgoing-0 << Keep-Alive: timeout=60
22:20:42,266 DEBUG         http.headers| http-outgoing-0 << Connection: keep-alive
22:20:42,266 DEBUG chain.MainClientExec| Connection can be kept alive for 60000 MILLISECONDS
22:20:42,266 DEBUG            http.wire| http-outgoing-0 << "0[\r][\n]"
22:20:42,266 DEBUG            http.wire| http-outgoing-0 << "[\r][\n]"
22:20:42,266 DEBUG entConnectionManager| Connection [id: 0][route: {}->http://localhost:8080] can be kept alive for 60.0 seconds
22:20:42,266 DEBUG HttpClientConnection| http-outgoing-0: set socket timeout to 0
22:20:42,266 DEBUG entConnectionManager| Connection released: [id: 0][route: {}->http://localhost:8080][total available: 1; route allocated: 1 of 5; total allocated: 1 of 10]
22:20:42,266 DEBUG ingClientInterceptor| Received Http response message
22:20:42,268 DEBUG    Logger.Message_IN| RAWMESSAGE [id: 5c69c1d1-707b-45bd-9cc0-7dc46acbbee4, payload: HTTP/1.1 200 OK 
Content-Type:application/json
Transfer-Encoding:chunked
Date:Wed, 12 Jul 2023 19:20:41 GMT
Keep-Alive:timeout=60
Connection:keep-alive

{"userId":43,"name":"Jene Robel","course":"Product Communications Architect","email":"43@qa.ru","age":57,"mark":{"name":"Course mark","score":0}}][headers: {citrus_message_id=5c69c1d1-707b-45bd-9cc0-7dc46acbbee4, citrus_message_timestamp=1689189642266}]
22:20:42,268 DEBUG  client.RestTemplate| Response 200 OK
22:20:42,268 DEBUG  client.RestTemplate| Reading to [java.lang.String] as "application/json"
22:20:42,268 INFO     client.HttpClient| HTTP message was sent to endpoint: 'http://localhost:8080/user/get/43'
22:20:42,268 DEBUG aultHttpHeaderMapper| inboundHeaderNames=[Accept-Ranges, Age, Allow, Cache-Control, Connection, Content-Encoding, Content-Language, Content-Length, Content-Location, Content-MD5, Content-Range, Content-Type, Content-Disposition, Transfer-Encoding, Date, ETag, Expires, Last-Modified, Location, Pragma, Proxy-Authenticate, Refresh, Retry-After, Server, Set-Cookie, Trailer, Vary, Via, Warning, WWW-Authenticate]
22:20:42,268 DEBUG aultHttpHeaderMapper| headerName=[content-type] WILL be mapped, matched pattern=content-type
22:20:42,268 DEBUG aultHttpHeaderMapper| setting headerName=[contentType], value=application/json
22:20:42,268 DEBUG aultHttpHeaderMapper| headerName=[transfer-encoding] WILL be mapped, matched pattern=transfer-encoding
22:20:42,268 DEBUG aultHttpHeaderMapper| setting headerName=[Transfer-Encoding], value=[chunked]
22:20:42,268 DEBUG aultHttpHeaderMapper| headerName=[date] WILL be mapped, matched pattern=date
22:20:42,268 DEBUG aultHttpHeaderMapper| setting headerName=[Date], value=1 689 189 641 000
22:20:42,268 DEBUG aultHttpHeaderMapper| headerName=[keep-alive] WILL NOT be mapped
22:20:42,268 DEBUG aultHttpHeaderMapper| headerName=[connection] WILL be mapped, matched pattern=connection
22:20:42,268 DEBUG aultHttpHeaderMapper| setting headerName=[Connection], value=[keep-alive]
22:20:42,268 DEBUG ltCorrelationManager| Saving correlated object for 'citrus_message_id = 'e6b36ee3-89b8-429e-84da-638190a9c5a1''
22:20:42,268 INFO  port.LoggingReporter| 
22:20:42,268 DEBUG port.LoggingReporter| TEST STEP 85 SUCCESS
22:20:42,268 INFO  port.LoggingReporter| 
22:20:42,268 DEBUG port.LoggingReporter| TEST STEP 86: receive
22:20:42,268 DEBUG ngCorrelationManager| Get correlation key for 'citrus_message_correlator_httpRESTClient'
22:20:42,268 DEBUG ltCorrelationManager| Finding correlated object for 'citrus_message_id = 'e6b36ee3-89b8-429e-84da-638190a9c5a1''
22:20:42,269 DEBUG ageValidatorRegistry| Found 4 message validators for message
22:20:42,269 DEBUG ssageHeaderValidator| Start message header validation ...
22:20:42,269 DEBUG faultHeaderValidator| Validating header element: citrus_http_reason_phrase='OK': OK.
22:20:42,269 DEBUG faultHeaderValidator| Validating header element: citrus_http_status_code='200': OK.
22:20:42,269 INFO  ssageHeaderValidator| Message header validation successful: All values OK
22:20:42,269 DEBUG TextMessageValidator| Start JSON message validation ...
22:20:42,269 DEBUG JsonSchemaValidation| Starting Json schema validation ...
22:20:42,269 INFO  JsonSchemaValidation| Json schema validation successful: All values OK
22:20:42,270 DEBUG TextMessageValidator| Received message:
HTTPMESSAGE [id: d5b5fd20-783d-43c0-8c40-def9a9758a9f, payload: {"userId":43,"name":"Jene Robel","course":"Product Communications Architect","email":"43@qa.ru","age":57,"mark":{"name":"Course mark","score":0}}][headers: {Transfer-Encoding=chunked, Connection=keep-alive, contentType=application/json, Date=1689189641000, citrus_message_id=d5b5fd20-783d-43c0-8c40-def9a9758a9f, citrus_message_timestamp=1689189642268, Keep-Alive=timeout=60, Content-Type=application/json, citrus_http_status_code=200, citrus_http_reason_phrase=OK, citrus_http_version=HTTP/1.1}]
22:20:42,270 DEBUG TextMessageValidator| Control message:
HTTPMESSAGE [id: 9f06ddf9-703c-464e-b6d0-ed19e14f9edc, payload: {"userId":43,"email":"@contains('@qa.ru')@","name":"@matches('^[a-zA-Z\\s\\.]*$')@","course":"@matches('^[a-zA-Z\\s]*$')@","age":"@isNumber()@","mark":{"name":"@contains('Course mark')@","score":"@isNumber()@"}}][headers: {citrus_message_id=9f06ddf9-703c-464e-b6d0-ed19e14f9edc, citrus_message_timestamp=1689189642268, citrus_http_reason_phrase=OK, citrus_http_status_code=200, citrus_message_type=JSON}]
22:20:42,270 DEBUG TextMessageValidator| Validation successful for JSON entry 'name' (@matches('^[a-zA-Z\s\.]*$')@)
22:20:42,270 DEBUG TextMessageValidator| Validation successful for JSON entry 'course' (@matches('^[a-zA-Z\s]*$')@)
22:20:42,270 DEBUG TextMessageValidator| Validation successful for JSON entry 'userId' (43)
22:20:42,270 DEBUG TextMessageValidator| Validation successful for JSON entry 'email' (@contains('@qa.ru')@)
22:20:42,270 DEBUG TextMessageValidator| Validation successful for JSON entry 'age' (@isNumber()@)
22:20:42,270 DEBUG TextMessageValidator| Validation successful for JSON entry 'score' (@isNumber()@)
22:20:42,270 DEBUG TextMessageValidator| Validation successful for JSON entry 'name' (@contains('Course mark')@)
22:20:42,270 DEBUG TextMessageValidator| Validation successful for JSON entry 'mark' ({"score":"@isNumber()@","name":"@contains('Course mark')@"})
22:20:42,270 INFO  TextMessageValidator| JSON message validation successful: All values OK
22:20:42,270 INFO  port.LoggingReporter| 
22:20:42,270 DEBUG port.LoggingReporter| TEST STEP 86 SUCCESS
]]></system-out>
  </testcase>
  <testcase name="getUserStubParametrizedTest(int)[44]" classname="citrus.HttpRESTStubTests" time="0.009">
    <system-out><![CDATA[22:20:42,272 INFO  port.LoggingReporter| 
22:20:42,272 INFO  port.LoggingReporter| ------------------------------------------------------------------------
22:20:42,272 DEBUG port.LoggingReporter| STARTING TEST HttpRESTStubTests.getUserStubParametrizedTest <citrus>
22:20:42,272 INFO  port.LoggingReporter| 
22:20:42,272 DEBUG trus.DefaultTestCase| Initializing test case
22:20:42,272 DEBUG trus.DefaultTestCase| Global variables:
22:20:42,272 DEBUG trus.DefaultTestCase| citrus_message_correlator_httpRESTClient = citrus_message_id = 'e6b36ee3-89b8-429e-84da-638190a9c5a1'
22:20:42,272 DEBUG trus.DefaultTestCase| default.test.author = Unknown
22:20:42,272 DEBUG trus.DefaultTestCase| citrus.test.package = citrus
22:20:42,272 DEBUG trus.DefaultTestCase| citrus.test.name = HttpRESTStubTests.getUserStubParametrizedTest
22:20:42,272 DEBUG trus.DefaultTestCase| project.name = Citrus Integration Tests
22:20:42,273 DEBUG trus.DefaultTestCase| userId = 35
22:20:42,273 DEBUG trus.DefaultTestCase| citrus_message_replyTo_citrus_message_correlator_httpRESTClient = http://localhost:8080/user/get/43
22:20:42,273 DEBUG trus.DefaultTestCase| url = http://localhost:8080/user
22:20:42,273 DEBUG trus.DefaultTestCase| default.test.package = citrus
22:20:42,273 DEBUG  context.TestContext| Setting variable: citrus.test.name with value: 'HttpRESTStubTests.getUserStubParametrizedTest'
22:20:42,273 DEBUG  context.TestContext| Setting variable: citrus.test.package with value: 'citrus'
22:20:42,273 DEBUG trus.DefaultTestCase| Test variables:
22:20:42,273 DEBUG trus.DefaultTestCase| citrus_message_correlator_httpRESTClient = citrus_message_id = 'e6b36ee3-89b8-429e-84da-638190a9c5a1'
22:20:42,273 DEBUG trus.DefaultTestCase| default.test.author = Unknown
22:20:42,273 DEBUG trus.DefaultTestCase| citrus.test.package = citrus
22:20:42,273 DEBUG trus.DefaultTestCase| citrus.test.name = HttpRESTStubTests.getUserStubParametrizedTest
22:20:42,273 DEBUG trus.DefaultTestCase| project.name = Citrus Integration Tests
22:20:42,273 DEBUG trus.DefaultTestCase| userId = 35
22:20:42,273 DEBUG trus.DefaultTestCase| citrus_message_replyTo_citrus_message_correlator_httpRESTClient = http://localhost:8080/user/get/43
22:20:42,273 DEBUG trus.DefaultTestCase| url = http://localhost:8080/user
22:20:42,273 DEBUG trus.DefaultTestCase| default.test.package = citrus
22:20:42,273 INFO  port.LoggingReporter| 
22:20:42,273 DEBUG port.LoggingReporter| TEST STEP 87: send
22:20:42,273 DEBUG ltCorrelationManager| Saving correlation key for 'citrus_message_correlator_httpRESTClient'
22:20:42,273 DEBUG  context.TestContext| Setting variable: citrus_message_correlator_httpRESTClient with value: 'citrus_message_id = 'ca73716c-a1d2-4d3e-a356-7bd283085da9''
22:20:42,273 DEBUG  context.TestContext| Setting variable: citrus_message_replyTo_citrus_message_correlator_httpRESTClient with value: 'http://localhost:8080/user/get/44'
22:20:42,273 INFO     client.HttpClient| Sending HTTP message to: 'http://localhost:8080/user/get/44'
22:20:42,273 DEBUG    client.HttpClient| Message to send:

22:20:42,273 DEBUG aultHttpHeaderMapper| outboundHeaderNames=[Accept, Accept-Charset, Accept-Encoding, Accept-Language, Accept-Ranges, Authorization, Cache-Control, Connection, Content-Length, Content-Type, Cookie, Date, Expect, From, Host, If-Match, If-Modified-Since, If-None-Match, If-Range, If-Unmodified-Since, Max-Forwards, Pragma, Proxy-Authorization, Range, Referer, TE, Upgrade, User-Agent, Via, Warning]
22:20:42,273 DEBUG aultHttpHeaderMapper| headerName=[citrus_message_timestamp] WILL NOT be mapped
22:20:42,273 DEBUG aultHttpHeaderMapper| headerName=[citrus_message_type] WILL NOT be mapped
22:20:42,273 DEBUG aultHttpHeaderMapper| headerName=[citrus_request_path] WILL NOT be mapped
22:20:42,273 DEBUG aultHttpHeaderMapper| headerName=[citrus_http_request_uri] WILL NOT be mapped
22:20:42,273 DEBUG aultHttpHeaderMapper| headerName=[id] WILL NOT be mapped
22:20:42,273 DEBUG aultHttpHeaderMapper| headerName=[citrus_message_id] WILL NOT be mapped
22:20:42,273 DEBUG aultHttpHeaderMapper| headerName=[citrus_http_method] WILL NOT be mapped
22:20:42,273 DEBUG aultHttpHeaderMapper| headerName=[timestamp] WILL NOT be mapped
22:20:42,273 DEBUG  client.RestTemplate| HTTP GET http://localhost:8080/user/get/44
22:20:42,274 DEBUG  client.RestTemplate| Accept=[text/plain, application/json, application/*+json, */*]
22:20:42,274 DEBUG ingClientInterceptor| Sending Http request message
22:20:42,275 DEBUG   Logger.Message_OUT| RAWMESSAGE [id: c30e0358-a00b-4a19-a346-5242330b1f59, payload: GET http://localhost:8080/user/get/44
Accept:text/plain, application/json, application/*+json, */*
Content-Type:application/json;charset=UTF-8
Content-Length:0][headers: {citrus_message_id=c30e0358-a00b-4a19-a346-5242330b1f59, citrus_message_timestamp=1689189642274}]
22:20:42,275 DEBUG ol.RequestAddCookies| CookieSpec selected: default
22:20:42,275 DEBUG col.RequestAuthCache| Auth cache not set in the context
22:20:42,275 DEBUG entConnectionManager| Connection request: [route: {}->http://localhost:8080][total available: 1; route allocated: 1 of 5; total allocated: 1 of 10]
22:20:42,275 DEBUG entConnectionManager| Connection leased: [id: 0][route: {}->http://localhost:8080][total available: 0; route allocated: 1 of 5; total allocated: 1 of 10]
22:20:42,275 DEBUG HttpClientConnection| http-outgoing-0: set socket timeout to 0
22:20:42,275 DEBUG chain.MainClientExec| Executing request GET /user/get/44 HTTP/1.1
22:20:42,276 DEBUG chain.MainClientExec| Target auth state: UNCHALLENGED
22:20:42,276 DEBUG chain.MainClientExec| Proxy auth state: UNCHALLENGED
22:20:42,276 DEBUG         http.headers| http-outgoing-0 >> GET /user/get/44 HTTP/1.1
22:20:42,276 DEBUG         http.headers| http-outgoing-0 >> Accept: text/plain, application/json, application/*+json, */*
22:20:42,276 DEBUG         http.headers| http-outgoing-0 >> Content-Type: application/json;charset=UTF-8
22:20:42,276 DEBUG         http.headers| http-outgoing-0 >> Host: localhost:8080
22:20:42,276 DEBUG         http.headers| http-outgoing-0 >> Connection: Keep-Alive
22:20:42,276 DEBUG         http.headers| http-outgoing-0 >> User-Agent: Apache-HttpClient/4.5.13 (Java/11.0.16)
22:20:42,276 DEBUG         http.headers| http-outgoing-0 >> Accept-Encoding: gzip,deflate
22:20:42,276 DEBUG            http.wire| http-outgoing-0 >> "GET /user/get/44 HTTP/1.1[\r][\n]"
22:20:42,276 DEBUG            http.wire| http-outgoing-0 >> "Accept: text/plain, application/json, application/*+json, */*[\r][\n]"
22:20:42,276 DEBUG            http.wire| http-outgoing-0 >> "Content-Type: application/json;charset=UTF-8[\r][\n]"
22:20:42,276 DEBUG            http.wire| http-outgoing-0 >> "Host: localhost:8080[\r][\n]"
22:20:42,276 DEBUG            http.wire| http-outgoing-0 >> "Connection: Keep-Alive[\r][\n]"
22:20:42,276 DEBUG            http.wire| http-outgoing-0 >> "User-Agent: Apache-HttpClient/4.5.13 (Java/11.0.16)[\r][\n]"
22:20:42,276 DEBUG            http.wire| http-outgoing-0 >> "Accept-Encoding: gzip,deflate[\r][\n]"
22:20:42,276 DEBUG            http.wire| http-outgoing-0 >> "[\r][\n]"
22:20:42,277 DEBUG            http.wire| http-outgoing-0 << "HTTP/1.1 200 [\r][\n]"
22:20:42,277 DEBUG            http.wire| http-outgoing-0 << "Content-Type: application/json[\r][\n]"
22:20:42,277 DEBUG            http.wire| http-outgoing-0 << "Transfer-Encoding: chunked[\r][\n]"
22:20:42,277 DEBUG            http.wire| http-outgoing-0 << "Date: Wed, 12 Jul 2023 19:20:41 GMT[\r][\n]"
22:20:42,277 DEBUG            http.wire| http-outgoing-0 << "Keep-Alive: timeout=60[\r][\n]"
22:20:42,277 DEBUG            http.wire| http-outgoing-0 << "Connection: keep-alive[\r][\n]"
22:20:42,277 DEBUG            http.wire| http-outgoing-0 << "[\r][\n]"
22:20:42,277 DEBUG            http.wire| http-outgoing-0 << "97[\r][\n]"
22:20:42,277 DEBUG            http.wire| http-outgoing-0 << "{"userId":44,"name":"Leigh Pacocha V","course":"Principal Integration Facilitator","email":"44@qa.ru","age":62,"mark":{"name":"Course mark","score":7}}[\r][\n]"
22:20:42,277 DEBUG         http.headers| http-outgoing-0 << HTTP/1.1 200 
22:20:42,277 DEBUG         http.headers| http-outgoing-0 << Content-Type: application/json
22:20:42,277 DEBUG         http.headers| http-outgoing-0 << Transfer-Encoding: chunked
22:20:42,277 DEBUG         http.headers| http-outgoing-0 << Date: Wed, 12 Jul 2023 19:20:41 GMT
22:20:42,277 DEBUG         http.headers| http-outgoing-0 << Keep-Alive: timeout=60
22:20:42,277 DEBUG         http.headers| http-outgoing-0 << Connection: keep-alive
22:20:42,277 DEBUG chain.MainClientExec| Connection can be kept alive for 60000 MILLISECONDS
22:20:42,277 DEBUG            http.wire| http-outgoing-0 << "0[\r][\n]"
22:20:42,277 DEBUG            http.wire| http-outgoing-0 << "[\r][\n]"
22:20:42,277 DEBUG entConnectionManager| Connection [id: 0][route: {}->http://localhost:8080] can be kept alive for 60.0 seconds
22:20:42,277 DEBUG HttpClientConnection| http-outgoing-0: set socket timeout to 0
22:20:42,277 DEBUG entConnectionManager| Connection released: [id: 0][route: {}->http://localhost:8080][total available: 1; route allocated: 1 of 5; total allocated: 1 of 10]
22:20:42,277 DEBUG ingClientInterceptor| Received Http response message
22:20:42,278 DEBUG    Logger.Message_IN| RAWMESSAGE [id: 792e7ae3-1a71-4341-a272-50fe910a5c2a, payload: HTTP/1.1 200 OK 
Content-Type:application/json
Transfer-Encoding:chunked
Date:Wed, 12 Jul 2023 19:20:41 GMT
Keep-Alive:timeout=60
Connection:keep-alive

{"userId":44,"name":"Leigh Pacocha V","course":"Principal Integration Facilitator","email":"44@qa.ru","age":62,"mark":{"name":"Course mark","score":7}}][headers: {citrus_message_id=792e7ae3-1a71-4341-a272-50fe910a5c2a, citrus_message_timestamp=1689189642277}]
22:20:42,278 DEBUG  client.RestTemplate| Response 200 OK
22:20:42,278 DEBUG  client.RestTemplate| Reading to [java.lang.String] as "application/json"
22:20:42,278 INFO     client.HttpClient| HTTP message was sent to endpoint: 'http://localhost:8080/user/get/44'
22:20:42,278 DEBUG aultHttpHeaderMapper| inboundHeaderNames=[Accept-Ranges, Age, Allow, Cache-Control, Connection, Content-Encoding, Content-Language, Content-Length, Content-Location, Content-MD5, Content-Range, Content-Type, Content-Disposition, Transfer-Encoding, Date, ETag, Expires, Last-Modified, Location, Pragma, Proxy-Authenticate, Refresh, Retry-After, Server, Set-Cookie, Trailer, Vary, Via, Warning, WWW-Authenticate]
22:20:42,278 DEBUG aultHttpHeaderMapper| headerName=[content-type] WILL be mapped, matched pattern=content-type
22:20:42,278 DEBUG aultHttpHeaderMapper| setting headerName=[contentType], value=application/json
22:20:42,278 DEBUG aultHttpHeaderMapper| headerName=[transfer-encoding] WILL be mapped, matched pattern=transfer-encoding
22:20:42,278 DEBUG aultHttpHeaderMapper| setting headerName=[Transfer-Encoding], value=[chunked]
22:20:42,278 DEBUG aultHttpHeaderMapper| headerName=[date] WILL be mapped, matched pattern=date
22:20:42,279 DEBUG aultHttpHeaderMapper| setting headerName=[Date], value=1 689 189 641 000
22:20:42,279 DEBUG aultHttpHeaderMapper| headerName=[keep-alive] WILL NOT be mapped
22:20:42,279 DEBUG aultHttpHeaderMapper| headerName=[connection] WILL be mapped, matched pattern=connection
22:20:42,279 DEBUG aultHttpHeaderMapper| setting headerName=[Connection], value=[keep-alive]
22:20:42,279 DEBUG ltCorrelationManager| Saving correlated object for 'citrus_message_id = 'ca73716c-a1d2-4d3e-a356-7bd283085da9''
22:20:42,279 INFO  port.LoggingReporter| 
22:20:42,279 DEBUG port.LoggingReporter| TEST STEP 87 SUCCESS
22:20:42,279 INFO  port.LoggingReporter| 
22:20:42,279 DEBUG port.LoggingReporter| TEST STEP 88: receive
22:20:42,279 DEBUG ngCorrelationManager| Get correlation key for 'citrus_message_correlator_httpRESTClient'
22:20:42,279 DEBUG ltCorrelationManager| Finding correlated object for 'citrus_message_id = 'ca73716c-a1d2-4d3e-a356-7bd283085da9''
22:20:42,280 DEBUG ageValidatorRegistry| Found 4 message validators for message
22:20:42,280 DEBUG ssageHeaderValidator| Start message header validation ...
22:20:42,280 DEBUG faultHeaderValidator| Validating header element: citrus_http_reason_phrase='OK': OK.
22:20:42,280 DEBUG faultHeaderValidator| Validating header element: citrus_http_status_code='200': OK.
22:20:42,280 INFO  ssageHeaderValidator| Message header validation successful: All values OK
22:20:42,280 DEBUG TextMessageValidator| Start JSON message validation ...
22:20:42,280 DEBUG JsonSchemaValidation| Starting Json schema validation ...
22:20:42,280 INFO  JsonSchemaValidation| Json schema validation successful: All values OK
22:20:42,280 DEBUG TextMessageValidator| Received message:
HTTPMESSAGE [id: 6a320152-ee60-4de9-9b90-a42d7ea734f8, payload: {"userId":44,"name":"Leigh Pacocha V","course":"Principal Integration Facilitator","email":"44@qa.ru","age":62,"mark":{"name":"Course mark","score":7}}][headers: {Transfer-Encoding=chunked, Connection=keep-alive, contentType=application/json, Date=1689189641000, citrus_message_id=6a320152-ee60-4de9-9b90-a42d7ea734f8, citrus_message_timestamp=1689189642279, Keep-Alive=timeout=60, Content-Type=application/json, citrus_http_status_code=200, citrus_http_reason_phrase=OK, citrus_http_version=HTTP/1.1}]
22:20:42,280 DEBUG TextMessageValidator| Control message:
HTTPMESSAGE [id: dab9edc4-2558-41f2-aada-bceac2acba69, payload: {"userId":44,"email":"@contains('@qa.ru')@","name":"@matches('^[a-zA-Z\\s\\.]*$')@","course":"@matches('^[a-zA-Z\\s]*$')@","age":"@isNumber()@","mark":{"name":"@contains('Course mark')@","score":"@isNumber()@"}}][headers: {citrus_message_id=dab9edc4-2558-41f2-aada-bceac2acba69, citrus_message_timestamp=1689189642279, citrus_http_reason_phrase=OK, citrus_http_status_code=200, citrus_message_type=JSON}]
22:20:42,280 DEBUG TextMessageValidator| Validation successful for JSON entry 'name' (@matches('^[a-zA-Z\s\.]*$')@)
22:20:42,280 DEBUG TextMessageValidator| Validation successful for JSON entry 'course' (@matches('^[a-zA-Z\s]*$')@)
22:20:42,280 DEBUG TextMessageValidator| Validation successful for JSON entry 'userId' (44)
22:20:42,280 DEBUG TextMessageValidator| Validation successful for JSON entry 'email' (@contains('@qa.ru')@)
22:20:42,280 DEBUG TextMessageValidator| Validation successful for JSON entry 'age' (@isNumber()@)
22:20:42,280 DEBUG TextMessageValidator| Validation successful for JSON entry 'score' (@isNumber()@)
22:20:42,280 DEBUG TextMessageValidator| Validation successful for JSON entry 'name' (@contains('Course mark')@)
22:20:42,280 DEBUG TextMessageValidator| Validation successful for JSON entry 'mark' ({"score":"@isNumber()@","name":"@contains('Course mark')@"})
22:20:42,280 INFO  TextMessageValidator| JSON message validation successful: All values OK
22:20:42,280 INFO  port.LoggingReporter| 
22:20:42,280 DEBUG port.LoggingReporter| TEST STEP 88 SUCCESS
]]></system-out>
  </testcase>
  <testcase name="getUserStubParametrizedTest(int)[45]" classname="citrus.HttpRESTStubTests" time="0.008">
    <system-out><![CDATA[22:20:42,282 INFO  port.LoggingReporter| 
22:20:42,282 INFO  port.LoggingReporter| ------------------------------------------------------------------------
22:20:42,282 DEBUG port.LoggingReporter| STARTING TEST HttpRESTStubTests.getUserStubParametrizedTest <citrus>
22:20:42,282 INFO  port.LoggingReporter| 
22:20:42,282 DEBUG trus.DefaultTestCase| Initializing test case
22:20:42,282 DEBUG trus.DefaultTestCase| Global variables:
22:20:42,282 DEBUG trus.DefaultTestCase| citrus_message_correlator_httpRESTClient = citrus_message_id = 'ca73716c-a1d2-4d3e-a356-7bd283085da9'
22:20:42,282 DEBUG trus.DefaultTestCase| default.test.author = Unknown
22:20:42,282 DEBUG trus.DefaultTestCase| citrus.test.package = citrus
22:20:42,282 DEBUG trus.DefaultTestCase| citrus.test.name = HttpRESTStubTests.getUserStubParametrizedTest
22:20:42,282 DEBUG trus.DefaultTestCase| project.name = Citrus Integration Tests
22:20:42,282 DEBUG trus.DefaultTestCase| userId = 35
22:20:42,282 DEBUG trus.DefaultTestCase| citrus_message_replyTo_citrus_message_correlator_httpRESTClient = http://localhost:8080/user/get/44
22:20:42,282 DEBUG trus.DefaultTestCase| url = http://localhost:8080/user
22:20:42,282 DEBUG trus.DefaultTestCase| default.test.package = citrus
22:20:42,282 DEBUG  context.TestContext| Setting variable: citrus.test.name with value: 'HttpRESTStubTests.getUserStubParametrizedTest'
22:20:42,282 DEBUG  context.TestContext| Setting variable: citrus.test.package with value: 'citrus'
22:20:42,282 DEBUG trus.DefaultTestCase| Test variables:
22:20:42,282 DEBUG trus.DefaultTestCase| citrus_message_correlator_httpRESTClient = citrus_message_id = 'ca73716c-a1d2-4d3e-a356-7bd283085da9'
22:20:42,282 DEBUG trus.DefaultTestCase| default.test.author = Unknown
22:20:42,282 DEBUG trus.DefaultTestCase| citrus.test.package = citrus
22:20:42,282 DEBUG trus.DefaultTestCase| citrus.test.name = HttpRESTStubTests.getUserStubParametrizedTest
22:20:42,282 DEBUG trus.DefaultTestCase| project.name = Citrus Integration Tests
22:20:42,282 DEBUG trus.DefaultTestCase| userId = 35
22:20:42,282 DEBUG trus.DefaultTestCase| citrus_message_replyTo_citrus_message_correlator_httpRESTClient = http://localhost:8080/user/get/44
22:20:42,282 DEBUG trus.DefaultTestCase| url = http://localhost:8080/user
22:20:42,282 DEBUG trus.DefaultTestCase| default.test.package = citrus
22:20:42,282 INFO  port.LoggingReporter| 
22:20:42,282 DEBUG port.LoggingReporter| TEST STEP 89: send
22:20:42,283 DEBUG ltCorrelationManager| Saving correlation key for 'citrus_message_correlator_httpRESTClient'
22:20:42,283 DEBUG  context.TestContext| Setting variable: citrus_message_correlator_httpRESTClient with value: 'citrus_message_id = '6876880e-3f47-4e65-a0cd-1de6eeb7e4cb''
22:20:42,283 DEBUG  context.TestContext| Setting variable: citrus_message_replyTo_citrus_message_correlator_httpRESTClient with value: 'http://localhost:8080/user/get/45'
22:20:42,283 INFO     client.HttpClient| Sending HTTP message to: 'http://localhost:8080/user/get/45'
22:20:42,283 DEBUG    client.HttpClient| Message to send:

22:20:42,283 DEBUG aultHttpHeaderMapper| outboundHeaderNames=[Accept, Accept-Charset, Accept-Encoding, Accept-Language, Accept-Ranges, Authorization, Cache-Control, Connection, Content-Length, Content-Type, Cookie, Date, Expect, From, Host, If-Match, If-Modified-Since, If-None-Match, If-Range, If-Unmodified-Since, Max-Forwards, Pragma, Proxy-Authorization, Range, Referer, TE, Upgrade, User-Agent, Via, Warning]
22:20:42,283 DEBUG aultHttpHeaderMapper| headerName=[citrus_message_timestamp] WILL NOT be mapped
22:20:42,283 DEBUG aultHttpHeaderMapper| headerName=[citrus_message_type] WILL NOT be mapped
22:20:42,283 DEBUG aultHttpHeaderMapper| headerName=[citrus_request_path] WILL NOT be mapped
22:20:42,283 DEBUG aultHttpHeaderMapper| headerName=[citrus_http_request_uri] WILL NOT be mapped
22:20:42,283 DEBUG aultHttpHeaderMapper| headerName=[id] WILL NOT be mapped
22:20:42,283 DEBUG aultHttpHeaderMapper| headerName=[citrus_message_id] WILL NOT be mapped
22:20:42,283 DEBUG aultHttpHeaderMapper| headerName=[citrus_http_method] WILL NOT be mapped
22:20:42,283 DEBUG aultHttpHeaderMapper| headerName=[timestamp] WILL NOT be mapped
22:20:42,283 DEBUG  client.RestTemplate| HTTP GET http://localhost:8080/user/get/45
22:20:42,283 DEBUG  client.RestTemplate| Accept=[text/plain, application/json, application/*+json, */*]
22:20:42,283 DEBUG ingClientInterceptor| Sending Http request message
22:20:42,284 DEBUG   Logger.Message_OUT| RAWMESSAGE [id: a2e96585-9f96-421e-a491-62c96dc35d37, payload: GET http://localhost:8080/user/get/45
Accept:text/plain, application/json, application/*+json, */*
Content-Type:application/json;charset=UTF-8
Content-Length:0][headers: {citrus_message_id=a2e96585-9f96-421e-a491-62c96dc35d37, citrus_message_timestamp=1689189642283}]
22:20:42,284 DEBUG ol.RequestAddCookies| CookieSpec selected: default
22:20:42,284 DEBUG col.RequestAuthCache| Auth cache not set in the context
22:20:42,284 DEBUG entConnectionManager| Connection request: [route: {}->http://localhost:8080][total available: 1; route allocated: 1 of 5; total allocated: 1 of 10]
22:20:42,284 DEBUG entConnectionManager| Connection leased: [id: 0][route: {}->http://localhost:8080][total available: 0; route allocated: 1 of 5; total allocated: 1 of 10]
22:20:42,284 DEBUG HttpClientConnection| http-outgoing-0: set socket timeout to 0
22:20:42,284 DEBUG chain.MainClientExec| Executing request GET /user/get/45 HTTP/1.1
22:20:42,284 DEBUG chain.MainClientExec| Target auth state: UNCHALLENGED
22:20:42,284 DEBUG chain.MainClientExec| Proxy auth state: UNCHALLENGED
22:20:42,284 DEBUG         http.headers| http-outgoing-0 >> GET /user/get/45 HTTP/1.1
22:20:42,284 DEBUG         http.headers| http-outgoing-0 >> Accept: text/plain, application/json, application/*+json, */*
22:20:42,284 DEBUG         http.headers| http-outgoing-0 >> Content-Type: application/json;charset=UTF-8
22:20:42,284 DEBUG         http.headers| http-outgoing-0 >> Host: localhost:8080
22:20:42,284 DEBUG         http.headers| http-outgoing-0 >> Connection: Keep-Alive
22:20:42,284 DEBUG         http.headers| http-outgoing-0 >> User-Agent: Apache-HttpClient/4.5.13 (Java/11.0.16)
22:20:42,284 DEBUG         http.headers| http-outgoing-0 >> Accept-Encoding: gzip,deflate
22:20:42,284 DEBUG            http.wire| http-outgoing-0 >> "GET /user/get/45 HTTP/1.1[\r][\n]"
22:20:42,284 DEBUG            http.wire| http-outgoing-0 >> "Accept: text/plain, application/json, application/*+json, */*[\r][\n]"
22:20:42,284 DEBUG            http.wire| http-outgoing-0 >> "Content-Type: application/json;charset=UTF-8[\r][\n]"
22:20:42,284 DEBUG            http.wire| http-outgoing-0 >> "Host: localhost:8080[\r][\n]"
22:20:42,284 DEBUG            http.wire| http-outgoing-0 >> "Connection: Keep-Alive[\r][\n]"
22:20:42,284 DEBUG            http.wire| http-outgoing-0 >> "User-Agent: Apache-HttpClient/4.5.13 (Java/11.0.16)[\r][\n]"
22:20:42,284 DEBUG            http.wire| http-outgoing-0 >> "Accept-Encoding: gzip,deflate[\r][\n]"
22:20:42,284 DEBUG            http.wire| http-outgoing-0 >> "[\r][\n]"
22:20:42,285 DEBUG            http.wire| http-outgoing-0 << "HTTP/1.1 200 [\r][\n]"
22:20:42,285 DEBUG            http.wire| http-outgoing-0 << "Content-Type: application/json[\r][\n]"
22:20:42,285 DEBUG            http.wire| http-outgoing-0 << "Transfer-Encoding: chunked[\r][\n]"
22:20:42,285 DEBUG            http.wire| http-outgoing-0 << "Date: Wed, 12 Jul 2023 19:20:41 GMT[\r][\n]"
22:20:42,285 DEBUG            http.wire| http-outgoing-0 << "Keep-Alive: timeout=60[\r][\n]"
22:20:42,285 DEBUG            http.wire| http-outgoing-0 << "Connection: keep-alive[\r][\n]"
22:20:42,285 DEBUG            http.wire| http-outgoing-0 << "[\r][\n]"
22:20:42,285 DEBUG            http.wire| http-outgoing-0 << "8b[\r][\n]"
22:20:42,285 DEBUG            http.wire| http-outgoing-0 << "{"userId":45,"name":"Chery Tromp Jr.","course":"Senior Security Agent","email":"45@qa.ru","age":91,"mark":{"name":"Course mark","score":2}}[\r][\n]"
22:20:42,285 DEBUG         http.headers| http-outgoing-0 << HTTP/1.1 200 
22:20:42,285 DEBUG         http.headers| http-outgoing-0 << Content-Type: application/json
22:20:42,285 DEBUG         http.headers| http-outgoing-0 << Transfer-Encoding: chunked
22:20:42,285 DEBUG         http.headers| http-outgoing-0 << Date: Wed, 12 Jul 2023 19:20:41 GMT
22:20:42,285 DEBUG         http.headers| http-outgoing-0 << Keep-Alive: timeout=60
22:20:42,285 DEBUG         http.headers| http-outgoing-0 << Connection: keep-alive
22:20:42,285 DEBUG chain.MainClientExec| Connection can be kept alive for 60000 MILLISECONDS
22:20:42,285 DEBUG            http.wire| http-outgoing-0 << "0[\r][\n]"
22:20:42,286 DEBUG            http.wire| http-outgoing-0 << "[\r][\n]"
22:20:42,286 DEBUG entConnectionManager| Connection [id: 0][route: {}->http://localhost:8080] can be kept alive for 60.0 seconds
22:20:42,286 DEBUG HttpClientConnection| http-outgoing-0: set socket timeout to 0
22:20:42,286 DEBUG entConnectionManager| Connection released: [id: 0][route: {}->http://localhost:8080][total available: 1; route allocated: 1 of 5; total allocated: 1 of 10]
22:20:42,286 DEBUG ingClientInterceptor| Received Http response message
22:20:42,287 DEBUG    Logger.Message_IN| RAWMESSAGE [id: d2f7e042-b019-41a6-8a99-d85a77f33616, payload: HTTP/1.1 200 OK 
Content-Type:application/json
Transfer-Encoding:chunked
Date:Wed, 12 Jul 2023 19:20:41 GMT
Keep-Alive:timeout=60
Connection:keep-alive

{"userId":45,"name":"Chery Tromp Jr.","course":"Senior Security Agent","email":"45@qa.ru","age":91,"mark":{"name":"Course mark","score":2}}][headers: {citrus_message_id=d2f7e042-b019-41a6-8a99-d85a77f33616, citrus_message_timestamp=1689189642286}]
22:20:42,287 DEBUG  client.RestTemplate| Response 200 OK
22:20:42,287 DEBUG  client.RestTemplate| Reading to [java.lang.String] as "application/json"
22:20:42,287 INFO     client.HttpClient| HTTP message was sent to endpoint: 'http://localhost:8080/user/get/45'
22:20:42,287 DEBUG aultHttpHeaderMapper| inboundHeaderNames=[Accept-Ranges, Age, Allow, Cache-Control, Connection, Content-Encoding, Content-Language, Content-Length, Content-Location, Content-MD5, Content-Range, Content-Type, Content-Disposition, Transfer-Encoding, Date, ETag, Expires, Last-Modified, Location, Pragma, Proxy-Authenticate, Refresh, Retry-After, Server, Set-Cookie, Trailer, Vary, Via, Warning, WWW-Authenticate]
22:20:42,287 DEBUG aultHttpHeaderMapper| headerName=[content-type] WILL be mapped, matched pattern=content-type
22:20:42,287 DEBUG aultHttpHeaderMapper| setting headerName=[contentType], value=application/json
22:20:42,287 DEBUG aultHttpHeaderMapper| headerName=[transfer-encoding] WILL be mapped, matched pattern=transfer-encoding
22:20:42,287 DEBUG aultHttpHeaderMapper| setting headerName=[Transfer-Encoding], value=[chunked]
22:20:42,287 DEBUG aultHttpHeaderMapper| headerName=[date] WILL be mapped, matched pattern=date
22:20:42,287 DEBUG aultHttpHeaderMapper| setting headerName=[Date], value=1 689 189 641 000
22:20:42,287 DEBUG aultHttpHeaderMapper| headerName=[keep-alive] WILL NOT be mapped
22:20:42,287 DEBUG aultHttpHeaderMapper| headerName=[connection] WILL be mapped, matched pattern=connection
22:20:42,287 DEBUG aultHttpHeaderMapper| setting headerName=[Connection], value=[keep-alive]
22:20:42,287 DEBUG ltCorrelationManager| Saving correlated object for 'citrus_message_id = '6876880e-3f47-4e65-a0cd-1de6eeb7e4cb''
22:20:42,287 INFO  port.LoggingReporter| 
22:20:42,287 DEBUG port.LoggingReporter| TEST STEP 89 SUCCESS
22:20:42,287 INFO  port.LoggingReporter| 
22:20:42,287 DEBUG port.LoggingReporter| TEST STEP 90: receive
22:20:42,287 DEBUG ngCorrelationManager| Get correlation key for 'citrus_message_correlator_httpRESTClient'
22:20:42,287 DEBUG ltCorrelationManager| Finding correlated object for 'citrus_message_id = '6876880e-3f47-4e65-a0cd-1de6eeb7e4cb''
22:20:42,288 DEBUG ageValidatorRegistry| Found 4 message validators for message
22:20:42,288 DEBUG ssageHeaderValidator| Start message header validation ...
22:20:42,288 DEBUG faultHeaderValidator| Validating header element: citrus_http_reason_phrase='OK': OK.
22:20:42,288 DEBUG faultHeaderValidator| Validating header element: citrus_http_status_code='200': OK.
22:20:42,288 INFO  ssageHeaderValidator| Message header validation successful: All values OK
22:20:42,288 DEBUG TextMessageValidator| Start JSON message validation ...
22:20:42,288 DEBUG JsonSchemaValidation| Starting Json schema validation ...
22:20:42,288 INFO  JsonSchemaValidation| Json schema validation successful: All values OK
22:20:42,288 DEBUG TextMessageValidator| Received message:
HTTPMESSAGE [id: 7e8565ef-0d21-4c4b-b1b8-934efdc378f4, payload: {"userId":45,"name":"Chery Tromp Jr.","course":"Senior Security Agent","email":"45@qa.ru","age":91,"mark":{"name":"Course mark","score":2}}][headers: {Transfer-Encoding=chunked, Connection=keep-alive, contentType=application/json, Date=1689189641000, citrus_message_id=7e8565ef-0d21-4c4b-b1b8-934efdc378f4, citrus_message_timestamp=1689189642287, Keep-Alive=timeout=60, Content-Type=application/json, citrus_http_status_code=200, citrus_http_reason_phrase=OK, citrus_http_version=HTTP/1.1}]
22:20:42,288 DEBUG TextMessageValidator| Control message:
HTTPMESSAGE [id: 9f0bca34-cbb3-442a-9196-e26de45a735e, payload: {"userId":45,"email":"@contains('@qa.ru')@","name":"@matches('^[a-zA-Z\\s\\.]*$')@","course":"@matches('^[a-zA-Z\\s]*$')@","age":"@isNumber()@","mark":{"name":"@contains('Course mark')@","score":"@isNumber()@"}}][headers: {citrus_message_id=9f0bca34-cbb3-442a-9196-e26de45a735e, citrus_message_timestamp=1689189642287, citrus_http_reason_phrase=OK, citrus_http_status_code=200, citrus_message_type=JSON}]
22:20:42,288 DEBUG TextMessageValidator| Validation successful for JSON entry 'name' (@matches('^[a-zA-Z\s\.]*$')@)
22:20:42,288 DEBUG TextMessageValidator| Validation successful for JSON entry 'course' (@matches('^[a-zA-Z\s]*$')@)
22:20:42,288 DEBUG TextMessageValidator| Validation successful for JSON entry 'userId' (45)
22:20:42,288 DEBUG TextMessageValidator| Validation successful for JSON entry 'email' (@contains('@qa.ru')@)
22:20:42,288 DEBUG TextMessageValidator| Validation successful for JSON entry 'age' (@isNumber()@)
22:20:42,288 DEBUG TextMessageValidator| Validation successful for JSON entry 'score' (@isNumber()@)
22:20:42,288 DEBUG TextMessageValidator| Validation successful for JSON entry 'name' (@contains('Course mark')@)
22:20:42,288 DEBUG TextMessageValidator| Validation successful for JSON entry 'mark' ({"score":"@isNumber()@","name":"@contains('Course mark')@"})
22:20:42,288 INFO  TextMessageValidator| JSON message validation successful: All values OK
22:20:42,288 INFO  port.LoggingReporter| 
22:20:42,288 DEBUG port.LoggingReporter| TEST STEP 90 SUCCESS
]]></system-out>
  </testcase>
  <testcase name="getUserStubParametrizedTest(int)[46]" classname="citrus.HttpRESTStubTests" time="0.008">
    <system-out><![CDATA[22:20:42,290 INFO  port.LoggingReporter| 
22:20:42,290 INFO  port.LoggingReporter| ------------------------------------------------------------------------
22:20:42,290 DEBUG port.LoggingReporter| STARTING TEST HttpRESTStubTests.getUserStubParametrizedTest <citrus>
22:20:42,290 INFO  port.LoggingReporter| 
22:20:42,290 DEBUG trus.DefaultTestCase| Initializing test case
22:20:42,290 DEBUG trus.DefaultTestCase| Global variables:
22:20:42,290 DEBUG trus.DefaultTestCase| citrus_message_correlator_httpRESTClient = citrus_message_id = '6876880e-3f47-4e65-a0cd-1de6eeb7e4cb'
22:20:42,290 DEBUG trus.DefaultTestCase| default.test.author = Unknown
22:20:42,290 DEBUG trus.DefaultTestCase| citrus.test.package = citrus
22:20:42,290 DEBUG trus.DefaultTestCase| citrus.test.name = HttpRESTStubTests.getUserStubParametrizedTest
22:20:42,290 DEBUG trus.DefaultTestCase| project.name = Citrus Integration Tests
22:20:42,290 DEBUG trus.DefaultTestCase| userId = 35
22:20:42,290 DEBUG trus.DefaultTestCase| citrus_message_replyTo_citrus_message_correlator_httpRESTClient = http://localhost:8080/user/get/45
22:20:42,290 DEBUG trus.DefaultTestCase| url = http://localhost:8080/user
22:20:42,290 DEBUG trus.DefaultTestCase| default.test.package = citrus
22:20:42,290 DEBUG  context.TestContext| Setting variable: citrus.test.name with value: 'HttpRESTStubTests.getUserStubParametrizedTest'
22:20:42,290 DEBUG  context.TestContext| Setting variable: citrus.test.package with value: 'citrus'
22:20:42,290 DEBUG trus.DefaultTestCase| Test variables:
22:20:42,290 DEBUG trus.DefaultTestCase| citrus_message_correlator_httpRESTClient = citrus_message_id = '6876880e-3f47-4e65-a0cd-1de6eeb7e4cb'
22:20:42,290 DEBUG trus.DefaultTestCase| default.test.author = Unknown
22:20:42,290 DEBUG trus.DefaultTestCase| citrus.test.package = citrus
22:20:42,290 DEBUG trus.DefaultTestCase| citrus.test.name = HttpRESTStubTests.getUserStubParametrizedTest
22:20:42,290 DEBUG trus.DefaultTestCase| project.name = Citrus Integration Tests
22:20:42,290 DEBUG trus.DefaultTestCase| userId = 35
22:20:42,290 DEBUG trus.DefaultTestCase| citrus_message_replyTo_citrus_message_correlator_httpRESTClient = http://localhost:8080/user/get/45
22:20:42,290 DEBUG trus.DefaultTestCase| url = http://localhost:8080/user
22:20:42,290 DEBUG trus.DefaultTestCase| default.test.package = citrus
22:20:42,291 INFO  port.LoggingReporter| 
22:20:42,291 DEBUG port.LoggingReporter| TEST STEP 91: send
22:20:42,291 DEBUG ltCorrelationManager| Saving correlation key for 'citrus_message_correlator_httpRESTClient'
22:20:42,291 DEBUG  context.TestContext| Setting variable: citrus_message_correlator_httpRESTClient with value: 'citrus_message_id = '02b81f10-2145-4fbc-b475-7ed094fe5712''
22:20:42,291 DEBUG  context.TestContext| Setting variable: citrus_message_replyTo_citrus_message_correlator_httpRESTClient with value: 'http://localhost:8080/user/get/46'
22:20:42,291 INFO     client.HttpClient| Sending HTTP message to: 'http://localhost:8080/user/get/46'
22:20:42,291 DEBUG    client.HttpClient| Message to send:

22:20:42,291 DEBUG aultHttpHeaderMapper| outboundHeaderNames=[Accept, Accept-Charset, Accept-Encoding, Accept-Language, Accept-Ranges, Authorization, Cache-Control, Connection, Content-Length, Content-Type, Cookie, Date, Expect, From, Host, If-Match, If-Modified-Since, If-None-Match, If-Range, If-Unmodified-Since, Max-Forwards, Pragma, Proxy-Authorization, Range, Referer, TE, Upgrade, User-Agent, Via, Warning]
22:20:42,291 DEBUG aultHttpHeaderMapper| headerName=[citrus_message_timestamp] WILL NOT be mapped
22:20:42,291 DEBUG aultHttpHeaderMapper| headerName=[citrus_message_type] WILL NOT be mapped
22:20:42,291 DEBUG aultHttpHeaderMapper| headerName=[citrus_request_path] WILL NOT be mapped
22:20:42,291 DEBUG aultHttpHeaderMapper| headerName=[citrus_http_request_uri] WILL NOT be mapped
22:20:42,291 DEBUG aultHttpHeaderMapper| headerName=[id] WILL NOT be mapped
22:20:42,291 DEBUG aultHttpHeaderMapper| headerName=[citrus_message_id] WILL NOT be mapped
22:20:42,291 DEBUG aultHttpHeaderMapper| headerName=[citrus_http_method] WILL NOT be mapped
22:20:42,291 DEBUG aultHttpHeaderMapper| headerName=[timestamp] WILL NOT be mapped
22:20:42,291 DEBUG  client.RestTemplate| HTTP GET http://localhost:8080/user/get/46
22:20:42,291 DEBUG  client.RestTemplate| Accept=[text/plain, application/json, application/*+json, */*]
22:20:42,291 DEBUG ingClientInterceptor| Sending Http request message
22:20:42,292 DEBUG   Logger.Message_OUT| RAWMESSAGE [id: 9268655c-39af-4b68-9a25-61036b8b6f2a, payload: GET http://localhost:8080/user/get/46
Accept:text/plain, application/json, application/*+json, */*
Content-Type:application/json;charset=UTF-8
Content-Length:0][headers: {citrus_message_id=9268655c-39af-4b68-9a25-61036b8b6f2a, citrus_message_timestamp=1689189642291}]
22:20:42,292 DEBUG ol.RequestAddCookies| CookieSpec selected: default
22:20:42,292 DEBUG col.RequestAuthCache| Auth cache not set in the context
22:20:42,293 DEBUG entConnectionManager| Connection request: [route: {}->http://localhost:8080][total available: 1; route allocated: 1 of 5; total allocated: 1 of 10]
22:20:42,293 DEBUG entConnectionManager| Connection leased: [id: 0][route: {}->http://localhost:8080][total available: 0; route allocated: 1 of 5; total allocated: 1 of 10]
22:20:42,293 DEBUG HttpClientConnection| http-outgoing-0: set socket timeout to 0
22:20:42,293 DEBUG chain.MainClientExec| Executing request GET /user/get/46 HTTP/1.1
22:20:42,293 DEBUG chain.MainClientExec| Target auth state: UNCHALLENGED
22:20:42,293 DEBUG chain.MainClientExec| Proxy auth state: UNCHALLENGED
22:20:42,293 DEBUG         http.headers| http-outgoing-0 >> GET /user/get/46 HTTP/1.1
22:20:42,293 DEBUG         http.headers| http-outgoing-0 >> Accept: text/plain, application/json, application/*+json, */*
22:20:42,293 DEBUG         http.headers| http-outgoing-0 >> Content-Type: application/json;charset=UTF-8
22:20:42,293 DEBUG         http.headers| http-outgoing-0 >> Host: localhost:8080
22:20:42,293 DEBUG         http.headers| http-outgoing-0 >> Connection: Keep-Alive
22:20:42,293 DEBUG         http.headers| http-outgoing-0 >> User-Agent: Apache-HttpClient/4.5.13 (Java/11.0.16)
22:20:42,293 DEBUG         http.headers| http-outgoing-0 >> Accept-Encoding: gzip,deflate
22:20:42,293 DEBUG            http.wire| http-outgoing-0 >> "GET /user/get/46 HTTP/1.1[\r][\n]"
22:20:42,293 DEBUG            http.wire| http-outgoing-0 >> "Accept: text/plain, application/json, application/*+json, */*[\r][\n]"
22:20:42,293 DEBUG            http.wire| http-outgoing-0 >> "Content-Type: application/json;charset=UTF-8[\r][\n]"
22:20:42,293 DEBUG            http.wire| http-outgoing-0 >> "Host: localhost:8080[\r][\n]"
22:20:42,293 DEBUG            http.wire| http-outgoing-0 >> "Connection: Keep-Alive[\r][\n]"
22:20:42,293 DEBUG            http.wire| http-outgoing-0 >> "User-Agent: Apache-HttpClient/4.5.13 (Java/11.0.16)[\r][\n]"
22:20:42,293 DEBUG            http.wire| http-outgoing-0 >> "Accept-Encoding: gzip,deflate[\r][\n]"
22:20:42,293 DEBUG            http.wire| http-outgoing-0 >> "[\r][\n]"
22:20:42,294 DEBUG            http.wire| http-outgoing-0 << "HTTP/1.1 200 [\r][\n]"
22:20:42,294 DEBUG            http.wire| http-outgoing-0 << "Content-Type: application/json[\r][\n]"
22:20:42,294 DEBUG            http.wire| http-outgoing-0 << "Transfer-Encoding: chunked[\r][\n]"
22:20:42,294 DEBUG            http.wire| http-outgoing-0 << "Date: Wed, 12 Jul 2023 19:20:41 GMT[\r][\n]"
22:20:42,294 DEBUG            http.wire| http-outgoing-0 << "Keep-Alive: timeout=60[\r][\n]"
22:20:42,294 DEBUG            http.wire| http-outgoing-0 << "Connection: keep-alive[\r][\n]"
22:20:42,294 DEBUG            http.wire| http-outgoing-0 << "[\r][\n]"
22:20:42,294 DEBUG            http.wire| http-outgoing-0 << "8c[\r][\n]"
22:20:42,294 DEBUG            http.wire| http-outgoing-0 << "{"userId":46,"name":"Dusty Orn PhD","course":"Legacy Response Producer","email":"46@qa.ru","age":24,"mark":{"name":"Course mark","score":7}}[\r][\n]"
22:20:42,294 DEBUG         http.headers| http-outgoing-0 << HTTP/1.1 200 
22:20:42,294 DEBUG         http.headers| http-outgoing-0 << Content-Type: application/json
22:20:42,294 DEBUG         http.headers| http-outgoing-0 << Transfer-Encoding: chunked
22:20:42,294 DEBUG         http.headers| http-outgoing-0 << Date: Wed, 12 Jul 2023 19:20:41 GMT
22:20:42,294 DEBUG         http.headers| http-outgoing-0 << Keep-Alive: timeout=60
22:20:42,294 DEBUG         http.headers| http-outgoing-0 << Connection: keep-alive
22:20:42,294 DEBUG chain.MainClientExec| Connection can be kept alive for 60000 MILLISECONDS
22:20:42,294 DEBUG            http.wire| http-outgoing-0 << "0[\r][\n]"
22:20:42,294 DEBUG            http.wire| http-outgoing-0 << "[\r][\n]"
22:20:42,294 DEBUG entConnectionManager| Connection [id: 0][route: {}->http://localhost:8080] can be kept alive for 60.0 seconds
22:20:42,294 DEBUG HttpClientConnection| http-outgoing-0: set socket timeout to 0
22:20:42,294 DEBUG entConnectionManager| Connection released: [id: 0][route: {}->http://localhost:8080][total available: 1; route allocated: 1 of 5; total allocated: 1 of 10]
22:20:42,294 DEBUG ingClientInterceptor| Received Http response message
22:20:42,295 DEBUG    Logger.Message_IN| RAWMESSAGE [id: 4b78f768-834f-4cf9-bc73-b0d50dcd33bf, payload: HTTP/1.1 200 OK 
Content-Type:application/json
Transfer-Encoding:chunked
Date:Wed, 12 Jul 2023 19:20:41 GMT
Keep-Alive:timeout=60
Connection:keep-alive

{"userId":46,"name":"Dusty Orn PhD","course":"Legacy Response Producer","email":"46@qa.ru","age":24,"mark":{"name":"Course mark","score":7}}][headers: {citrus_message_id=4b78f768-834f-4cf9-bc73-b0d50dcd33bf, citrus_message_timestamp=1689189642294}]
22:20:42,295 DEBUG  client.RestTemplate| Response 200 OK
22:20:42,295 DEBUG  client.RestTemplate| Reading to [java.lang.String] as "application/json"
22:20:42,295 INFO     client.HttpClient| HTTP message was sent to endpoint: 'http://localhost:8080/user/get/46'
22:20:42,295 DEBUG aultHttpHeaderMapper| inboundHeaderNames=[Accept-Ranges, Age, Allow, Cache-Control, Connection, Content-Encoding, Content-Language, Content-Length, Content-Location, Content-MD5, Content-Range, Content-Type, Content-Disposition, Transfer-Encoding, Date, ETag, Expires, Last-Modified, Location, Pragma, Proxy-Authenticate, Refresh, Retry-After, Server, Set-Cookie, Trailer, Vary, Via, Warning, WWW-Authenticate]
22:20:42,295 DEBUG aultHttpHeaderMapper| headerName=[content-type] WILL be mapped, matched pattern=content-type
22:20:42,295 DEBUG aultHttpHeaderMapper| setting headerName=[contentType], value=application/json
22:20:42,295 DEBUG aultHttpHeaderMapper| headerName=[transfer-encoding] WILL be mapped, matched pattern=transfer-encoding
22:20:42,295 DEBUG aultHttpHeaderMapper| setting headerName=[Transfer-Encoding], value=[chunked]
22:20:42,295 DEBUG aultHttpHeaderMapper| headerName=[date] WILL be mapped, matched pattern=date
22:20:42,295 DEBUG aultHttpHeaderMapper| setting headerName=[Date], value=1 689 189 641 000
22:20:42,295 DEBUG aultHttpHeaderMapper| headerName=[keep-alive] WILL NOT be mapped
22:20:42,295 DEBUG aultHttpHeaderMapper| headerName=[connection] WILL be mapped, matched pattern=connection
22:20:42,295 DEBUG aultHttpHeaderMapper| setting headerName=[Connection], value=[keep-alive]
22:20:42,296 DEBUG ltCorrelationManager| Saving correlated object for 'citrus_message_id = '02b81f10-2145-4fbc-b475-7ed094fe5712''
22:20:42,296 INFO  port.LoggingReporter| 
22:20:42,296 DEBUG port.LoggingReporter| TEST STEP 91 SUCCESS
22:20:42,296 INFO  port.LoggingReporter| 
22:20:42,296 DEBUG port.LoggingReporter| TEST STEP 92: receive
22:20:42,296 DEBUG ngCorrelationManager| Get correlation key for 'citrus_message_correlator_httpRESTClient'
22:20:42,296 DEBUG ltCorrelationManager| Finding correlated object for 'citrus_message_id = '02b81f10-2145-4fbc-b475-7ed094fe5712''
22:20:42,297 DEBUG ageValidatorRegistry| Found 4 message validators for message
22:20:42,297 DEBUG ssageHeaderValidator| Start message header validation ...
22:20:42,297 DEBUG faultHeaderValidator| Validating header element: citrus_http_reason_phrase='OK': OK.
22:20:42,297 DEBUG faultHeaderValidator| Validating header element: citrus_http_status_code='200': OK.
22:20:42,297 INFO  ssageHeaderValidator| Message header validation successful: All values OK
22:20:42,297 DEBUG TextMessageValidator| Start JSON message validation ...
22:20:42,297 DEBUG JsonSchemaValidation| Starting Json schema validation ...
22:20:42,297 INFO  JsonSchemaValidation| Json schema validation successful: All values OK
22:20:42,297 DEBUG TextMessageValidator| Received message:
HTTPMESSAGE [id: be7c7c3e-8cf6-4444-8e70-cd9efe9c4d0c, payload: {"userId":46,"name":"Dusty Orn PhD","course":"Legacy Response Producer","email":"46@qa.ru","age":24,"mark":{"name":"Course mark","score":7}}][headers: {Transfer-Encoding=chunked, Connection=keep-alive, contentType=application/json, Date=1689189641000, citrus_message_id=be7c7c3e-8cf6-4444-8e70-cd9efe9c4d0c, citrus_message_timestamp=1689189642296, Keep-Alive=timeout=60, Content-Type=application/json, citrus_http_status_code=200, citrus_http_reason_phrase=OK, citrus_http_version=HTTP/1.1}]
22:20:42,297 DEBUG TextMessageValidator| Control message:
HTTPMESSAGE [id: 13c41040-5598-49ad-91f8-8e9f5161207a, payload: {"userId":46,"email":"@contains('@qa.ru')@","name":"@matches('^[a-zA-Z\\s\\.]*$')@","course":"@matches('^[a-zA-Z\\s]*$')@","age":"@isNumber()@","mark":{"name":"@contains('Course mark')@","score":"@isNumber()@"}}][headers: {citrus_message_id=13c41040-5598-49ad-91f8-8e9f5161207a, citrus_message_timestamp=1689189642296, citrus_http_reason_phrase=OK, citrus_http_status_code=200, citrus_message_type=JSON}]
22:20:42,297 DEBUG TextMessageValidator| Validation successful for JSON entry 'name' (@matches('^[a-zA-Z\s\.]*$')@)
22:20:42,297 DEBUG TextMessageValidator| Validation successful for JSON entry 'course' (@matches('^[a-zA-Z\s]*$')@)
22:20:42,297 DEBUG TextMessageValidator| Validation successful for JSON entry 'userId' (46)
22:20:42,297 DEBUG TextMessageValidator| Validation successful for JSON entry 'email' (@contains('@qa.ru')@)
22:20:42,297 DEBUG TextMessageValidator| Validation successful for JSON entry 'age' (@isNumber()@)
22:20:42,297 DEBUG TextMessageValidator| Validation successful for JSON entry 'score' (@isNumber()@)
22:20:42,297 DEBUG TextMessageValidator| Validation successful for JSON entry 'name' (@contains('Course mark')@)
22:20:42,297 DEBUG TextMessageValidator| Validation successful for JSON entry 'mark' ({"score":"@isNumber()@","name":"@contains('Course mark')@"})
22:20:42,297 INFO  TextMessageValidator| JSON message validation successful: All values OK
22:20:42,297 INFO  port.LoggingReporter| 
22:20:42,297 DEBUG port.LoggingReporter| TEST STEP 92 SUCCESS
]]></system-out>
  </testcase>
  <testcase name="getUserStubParametrizedTest(int)[47]" classname="citrus.HttpRESTStubTests" time="0.009">
    <system-out><![CDATA[22:20:42,299 INFO  port.LoggingReporter| 
22:20:42,299 INFO  port.LoggingReporter| ------------------------------------------------------------------------
22:20:42,299 DEBUG port.LoggingReporter| STARTING TEST HttpRESTStubTests.getUserStubParametrizedTest <citrus>
22:20:42,299 INFO  port.LoggingReporter| 
22:20:42,299 DEBUG trus.DefaultTestCase| Initializing test case
22:20:42,299 DEBUG trus.DefaultTestCase| Global variables:
22:20:42,299 DEBUG trus.DefaultTestCase| citrus_message_correlator_httpRESTClient = citrus_message_id = '02b81f10-2145-4fbc-b475-7ed094fe5712'
22:20:42,299 DEBUG trus.DefaultTestCase| default.test.author = Unknown
22:20:42,299 DEBUG trus.DefaultTestCase| citrus.test.package = citrus
22:20:42,299 DEBUG trus.DefaultTestCase| citrus.test.name = HttpRESTStubTests.getUserStubParametrizedTest
22:20:42,299 DEBUG trus.DefaultTestCase| project.name = Citrus Integration Tests
22:20:42,299 DEBUG trus.DefaultTestCase| userId = 35
22:20:42,299 DEBUG trus.DefaultTestCase| citrus_message_replyTo_citrus_message_correlator_httpRESTClient = http://localhost:8080/user/get/46
22:20:42,299 DEBUG trus.DefaultTestCase| url = http://localhost:8080/user
22:20:42,299 DEBUG trus.DefaultTestCase| default.test.package = citrus
22:20:42,299 DEBUG  context.TestContext| Setting variable: citrus.test.name with value: 'HttpRESTStubTests.getUserStubParametrizedTest'
22:20:42,299 DEBUG  context.TestContext| Setting variable: citrus.test.package with value: 'citrus'
22:20:42,299 DEBUG trus.DefaultTestCase| Test variables:
22:20:42,299 DEBUG trus.DefaultTestCase| citrus_message_correlator_httpRESTClient = citrus_message_id = '02b81f10-2145-4fbc-b475-7ed094fe5712'
22:20:42,299 DEBUG trus.DefaultTestCase| default.test.author = Unknown
22:20:42,299 DEBUG trus.DefaultTestCase| citrus.test.package = citrus
22:20:42,299 DEBUG trus.DefaultTestCase| citrus.test.name = HttpRESTStubTests.getUserStubParametrizedTest
22:20:42,299 DEBUG trus.DefaultTestCase| project.name = Citrus Integration Tests
22:20:42,299 DEBUG trus.DefaultTestCase| userId = 35
22:20:42,299 DEBUG trus.DefaultTestCase| citrus_message_replyTo_citrus_message_correlator_httpRESTClient = http://localhost:8080/user/get/46
22:20:42,299 DEBUG trus.DefaultTestCase| url = http://localhost:8080/user
22:20:42,299 DEBUG trus.DefaultTestCase| default.test.package = citrus
22:20:42,299 INFO  port.LoggingReporter| 
22:20:42,299 DEBUG port.LoggingReporter| TEST STEP 93: send
22:20:42,299 DEBUG ltCorrelationManager| Saving correlation key for 'citrus_message_correlator_httpRESTClient'
22:20:42,299 DEBUG  context.TestContext| Setting variable: citrus_message_correlator_httpRESTClient with value: 'citrus_message_id = '5cef4d61-cc74-487f-b5be-cae28d37eb6f''
22:20:42,299 DEBUG  context.TestContext| Setting variable: citrus_message_replyTo_citrus_message_correlator_httpRESTClient with value: 'http://localhost:8080/user/get/47'
22:20:42,299 INFO     client.HttpClient| Sending HTTP message to: 'http://localhost:8080/user/get/47'
22:20:42,299 DEBUG    client.HttpClient| Message to send:

22:20:42,300 DEBUG aultHttpHeaderMapper| outboundHeaderNames=[Accept, Accept-Charset, Accept-Encoding, Accept-Language, Accept-Ranges, Authorization, Cache-Control, Connection, Content-Length, Content-Type, Cookie, Date, Expect, From, Host, If-Match, If-Modified-Since, If-None-Match, If-Range, If-Unmodified-Since, Max-Forwards, Pragma, Proxy-Authorization, Range, Referer, TE, Upgrade, User-Agent, Via, Warning]
22:20:42,300 DEBUG aultHttpHeaderMapper| headerName=[citrus_message_timestamp] WILL NOT be mapped
22:20:42,300 DEBUG aultHttpHeaderMapper| headerName=[citrus_message_type] WILL NOT be mapped
22:20:42,300 DEBUG aultHttpHeaderMapper| headerName=[citrus_request_path] WILL NOT be mapped
22:20:42,300 DEBUG aultHttpHeaderMapper| headerName=[citrus_http_request_uri] WILL NOT be mapped
22:20:42,300 DEBUG aultHttpHeaderMapper| headerName=[id] WILL NOT be mapped
22:20:42,300 DEBUG aultHttpHeaderMapper| headerName=[citrus_message_id] WILL NOT be mapped
22:20:42,300 DEBUG aultHttpHeaderMapper| headerName=[citrus_http_method] WILL NOT be mapped
22:20:42,300 DEBUG aultHttpHeaderMapper| headerName=[timestamp] WILL NOT be mapped
22:20:42,300 DEBUG  client.RestTemplate| HTTP GET http://localhost:8080/user/get/47
22:20:42,300 DEBUG  client.RestTemplate| Accept=[text/plain, application/json, application/*+json, */*]
22:20:42,300 DEBUG ingClientInterceptor| Sending Http request message
22:20:42,301 DEBUG   Logger.Message_OUT| RAWMESSAGE [id: ae37616c-3308-440e-9047-99c297c16c05, payload: GET http://localhost:8080/user/get/47
Accept:text/plain, application/json, application/*+json, */*
Content-Type:application/json;charset=UTF-8
Content-Length:0][headers: {citrus_message_id=ae37616c-3308-440e-9047-99c297c16c05, citrus_message_timestamp=1689189642300}]
22:20:42,301 DEBUG ol.RequestAddCookies| CookieSpec selected: default
22:20:42,301 DEBUG col.RequestAuthCache| Auth cache not set in the context
22:20:42,301 DEBUG entConnectionManager| Connection request: [route: {}->http://localhost:8080][total available: 1; route allocated: 1 of 5; total allocated: 1 of 10]
22:20:42,301 DEBUG entConnectionManager| Connection leased: [id: 0][route: {}->http://localhost:8080][total available: 0; route allocated: 1 of 5; total allocated: 1 of 10]
22:20:42,301 DEBUG HttpClientConnection| http-outgoing-0: set socket timeout to 0
22:20:42,301 DEBUG chain.MainClientExec| Executing request GET /user/get/47 HTTP/1.1
22:20:42,301 DEBUG chain.MainClientExec| Target auth state: UNCHALLENGED
22:20:42,301 DEBUG chain.MainClientExec| Proxy auth state: UNCHALLENGED
22:20:42,302 DEBUG         http.headers| http-outgoing-0 >> GET /user/get/47 HTTP/1.1
22:20:42,302 DEBUG         http.headers| http-outgoing-0 >> Accept: text/plain, application/json, application/*+json, */*
22:20:42,302 DEBUG         http.headers| http-outgoing-0 >> Content-Type: application/json;charset=UTF-8
22:20:42,302 DEBUG         http.headers| http-outgoing-0 >> Host: localhost:8080
22:20:42,302 DEBUG         http.headers| http-outgoing-0 >> Connection: Keep-Alive
22:20:42,302 DEBUG         http.headers| http-outgoing-0 >> User-Agent: Apache-HttpClient/4.5.13 (Java/11.0.16)
22:20:42,302 DEBUG         http.headers| http-outgoing-0 >> Accept-Encoding: gzip,deflate
22:20:42,302 DEBUG            http.wire| http-outgoing-0 >> "GET /user/get/47 HTTP/1.1[\r][\n]"
22:20:42,302 DEBUG            http.wire| http-outgoing-0 >> "Accept: text/plain, application/json, application/*+json, */*[\r][\n]"
22:20:42,302 DEBUG            http.wire| http-outgoing-0 >> "Content-Type: application/json;charset=UTF-8[\r][\n]"
22:20:42,302 DEBUG            http.wire| http-outgoing-0 >> "Host: localhost:8080[\r][\n]"
22:20:42,302 DEBUG            http.wire| http-outgoing-0 >> "Connection: Keep-Alive[\r][\n]"
22:20:42,302 DEBUG            http.wire| http-outgoing-0 >> "User-Agent: Apache-HttpClient/4.5.13 (Java/11.0.16)[\r][\n]"
22:20:42,302 DEBUG            http.wire| http-outgoing-0 >> "Accept-Encoding: gzip,deflate[\r][\n]"
22:20:42,302 DEBUG            http.wire| http-outgoing-0 >> "[\r][\n]"
22:20:42,303 DEBUG            http.wire| http-outgoing-0 << "HTTP/1.1 200 [\r][\n]"
22:20:42,303 DEBUG            http.wire| http-outgoing-0 << "Content-Type: application/json[\r][\n]"
22:20:42,303 DEBUG            http.wire| http-outgoing-0 << "Transfer-Encoding: chunked[\r][\n]"
22:20:42,303 DEBUG            http.wire| http-outgoing-0 << "Date: Wed, 12 Jul 2023 19:20:41 GMT[\r][\n]"
22:20:42,303 DEBUG            http.wire| http-outgoing-0 << "Keep-Alive: timeout=60[\r][\n]"
22:20:42,303 DEBUG            http.wire| http-outgoing-0 << "Connection: keep-alive[\r][\n]"
22:20:42,303 DEBUG            http.wire| http-outgoing-0 << "[\r][\n]"
22:20:42,303 DEBUG            http.wire| http-outgoing-0 << "8f[\r][\n]"
22:20:42,303 DEBUG            http.wire| http-outgoing-0 << "{"userId":47,"name":"Susanna Raynor","course":"Central Research Associate","email":"47@qa.ru","age":84,"mark":{"name":"Course mark","score":0}}[\r][\n]"
22:20:42,303 DEBUG         http.headers| http-outgoing-0 << HTTP/1.1 200 
22:20:42,303 DEBUG         http.headers| http-outgoing-0 << Content-Type: application/json
22:20:42,303 DEBUG         http.headers| http-outgoing-0 << Transfer-Encoding: chunked
22:20:42,303 DEBUG         http.headers| http-outgoing-0 << Date: Wed, 12 Jul 2023 19:20:41 GMT
22:20:42,303 DEBUG         http.headers| http-outgoing-0 << Keep-Alive: timeout=60
22:20:42,303 DEBUG         http.headers| http-outgoing-0 << Connection: keep-alive
22:20:42,303 DEBUG chain.MainClientExec| Connection can be kept alive for 60000 MILLISECONDS
22:20:42,303 DEBUG            http.wire| http-outgoing-0 << "0[\r][\n]"
22:20:42,303 DEBUG            http.wire| http-outgoing-0 << "[\r][\n]"
22:20:42,303 DEBUG entConnectionManager| Connection [id: 0][route: {}->http://localhost:8080] can be kept alive for 60.0 seconds
22:20:42,303 DEBUG HttpClientConnection| http-outgoing-0: set socket timeout to 0
22:20:42,303 DEBUG entConnectionManager| Connection released: [id: 0][route: {}->http://localhost:8080][total available: 1; route allocated: 1 of 5; total allocated: 1 of 10]
22:20:42,303 DEBUG ingClientInterceptor| Received Http response message
22:20:42,304 DEBUG    Logger.Message_IN| RAWMESSAGE [id: afbc05d0-9158-47ac-813b-a571504412f8, payload: HTTP/1.1 200 OK 
Content-Type:application/json
Transfer-Encoding:chunked
Date:Wed, 12 Jul 2023 19:20:41 GMT
Keep-Alive:timeout=60
Connection:keep-alive

{"userId":47,"name":"Susanna Raynor","course":"Central Research Associate","email":"47@qa.ru","age":84,"mark":{"name":"Course mark","score":0}}][headers: {citrus_message_id=afbc05d0-9158-47ac-813b-a571504412f8, citrus_message_timestamp=1689189642303}]
22:20:42,304 DEBUG  client.RestTemplate| Response 200 OK
22:20:42,304 DEBUG  client.RestTemplate| Reading to [java.lang.String] as "application/json"
22:20:42,304 INFO     client.HttpClient| HTTP message was sent to endpoint: 'http://localhost:8080/user/get/47'
22:20:42,304 DEBUG aultHttpHeaderMapper| inboundHeaderNames=[Accept-Ranges, Age, Allow, Cache-Control, Connection, Content-Encoding, Content-Language, Content-Length, Content-Location, Content-MD5, Content-Range, Content-Type, Content-Disposition, Transfer-Encoding, Date, ETag, Expires, Last-Modified, Location, Pragma, Proxy-Authenticate, Refresh, Retry-After, Server, Set-Cookie, Trailer, Vary, Via, Warning, WWW-Authenticate]
22:20:42,304 DEBUG aultHttpHeaderMapper| headerName=[content-type] WILL be mapped, matched pattern=content-type
22:20:42,305 DEBUG aultHttpHeaderMapper| setting headerName=[contentType], value=application/json
22:20:42,305 DEBUG aultHttpHeaderMapper| headerName=[transfer-encoding] WILL be mapped, matched pattern=transfer-encoding
22:20:42,305 DEBUG aultHttpHeaderMapper| setting headerName=[Transfer-Encoding], value=[chunked]
22:20:42,305 DEBUG aultHttpHeaderMapper| headerName=[date] WILL be mapped, matched pattern=date
22:20:42,305 DEBUG aultHttpHeaderMapper| setting headerName=[Date], value=1 689 189 641 000
22:20:42,305 DEBUG aultHttpHeaderMapper| headerName=[keep-alive] WILL NOT be mapped
22:20:42,305 DEBUG aultHttpHeaderMapper| headerName=[connection] WILL be mapped, matched pattern=connection
22:20:42,305 DEBUG aultHttpHeaderMapper| setting headerName=[Connection], value=[keep-alive]
22:20:42,305 DEBUG ltCorrelationManager| Saving correlated object for 'citrus_message_id = '5cef4d61-cc74-487f-b5be-cae28d37eb6f''
22:20:42,305 INFO  port.LoggingReporter| 
22:20:42,305 DEBUG port.LoggingReporter| TEST STEP 93 SUCCESS
22:20:42,305 INFO  port.LoggingReporter| 
22:20:42,305 DEBUG port.LoggingReporter| TEST STEP 94: receive
22:20:42,305 DEBUG ngCorrelationManager| Get correlation key for 'citrus_message_correlator_httpRESTClient'
22:20:42,305 DEBUG ltCorrelationManager| Finding correlated object for 'citrus_message_id = '5cef4d61-cc74-487f-b5be-cae28d37eb6f''
22:20:42,306 DEBUG ageValidatorRegistry| Found 4 message validators for message
22:20:42,306 DEBUG ssageHeaderValidator| Start message header validation ...
22:20:42,306 DEBUG faultHeaderValidator| Validating header element: citrus_http_reason_phrase='OK': OK.
22:20:42,306 DEBUG faultHeaderValidator| Validating header element: citrus_http_status_code='200': OK.
22:20:42,306 INFO  ssageHeaderValidator| Message header validation successful: All values OK
22:20:42,306 DEBUG TextMessageValidator| Start JSON message validation ...
22:20:42,306 DEBUG JsonSchemaValidation| Starting Json schema validation ...
22:20:42,306 INFO  JsonSchemaValidation| Json schema validation successful: All values OK
22:20:42,306 DEBUG TextMessageValidator| Received message:
HTTPMESSAGE [id: d0e7b896-afe0-454a-a8cd-1fa23b549a7a, payload: {"userId":47,"name":"Susanna Raynor","course":"Central Research Associate","email":"47@qa.ru","age":84,"mark":{"name":"Course mark","score":0}}][headers: {Transfer-Encoding=chunked, Connection=keep-alive, contentType=application/json, Date=1689189641000, citrus_message_id=d0e7b896-afe0-454a-a8cd-1fa23b549a7a, citrus_message_timestamp=1689189642305, Keep-Alive=timeout=60, Content-Type=application/json, citrus_http_status_code=200, citrus_http_reason_phrase=OK, citrus_http_version=HTTP/1.1}]
22:20:42,306 DEBUG TextMessageValidator| Control message:
HTTPMESSAGE [id: ce034029-a4af-435f-92e6-cd3a2b68ed50, payload: {"userId":47,"email":"@contains('@qa.ru')@","name":"@matches('^[a-zA-Z\\s\\.]*$')@","course":"@matches('^[a-zA-Z\\s]*$')@","age":"@isNumber()@","mark":{"name":"@contains('Course mark')@","score":"@isNumber()@"}}][headers: {citrus_message_id=ce034029-a4af-435f-92e6-cd3a2b68ed50, citrus_message_timestamp=1689189642305, citrus_http_reason_phrase=OK, citrus_http_status_code=200, citrus_message_type=JSON}]
22:20:42,306 DEBUG TextMessageValidator| Validation successful for JSON entry 'name' (@matches('^[a-zA-Z\s\.]*$')@)
22:20:42,306 DEBUG TextMessageValidator| Validation successful for JSON entry 'course' (@matches('^[a-zA-Z\s]*$')@)
22:20:42,306 DEBUG TextMessageValidator| Validation successful for JSON entry 'userId' (47)
22:20:42,306 DEBUG TextMessageValidator| Validation successful for JSON entry 'email' (@contains('@qa.ru')@)
22:20:42,306 DEBUG TextMessageValidator| Validation successful for JSON entry 'age' (@isNumber()@)
22:20:42,306 DEBUG TextMessageValidator| Validation successful for JSON entry 'score' (@isNumber()@)
22:20:42,306 DEBUG TextMessageValidator| Validation successful for JSON entry 'name' (@contains('Course mark')@)
22:20:42,306 DEBUG TextMessageValidator| Validation successful for JSON entry 'mark' ({"score":"@isNumber()@","name":"@contains('Course mark')@"})
22:20:42,306 INFO  TextMessageValidator| JSON message validation successful: All values OK
22:20:42,306 INFO  port.LoggingReporter| 
22:20:42,307 DEBUG port.LoggingReporter| TEST STEP 94 SUCCESS
]]></system-out>
  </testcase>
  <testcase name="getUserStubParametrizedTest(int)[48]" classname="citrus.HttpRESTStubTests" time="0.009">
    <system-out><![CDATA[22:20:42,309 INFO  port.LoggingReporter| 
22:20:42,309 INFO  port.LoggingReporter| ------------------------------------------------------------------------
22:20:42,309 DEBUG port.LoggingReporter| STARTING TEST HttpRESTStubTests.getUserStubParametrizedTest <citrus>
22:20:42,309 INFO  port.LoggingReporter| 
22:20:42,309 DEBUG trus.DefaultTestCase| Initializing test case
22:20:42,309 DEBUG trus.DefaultTestCase| Global variables:
22:20:42,309 DEBUG trus.DefaultTestCase| citrus_message_correlator_httpRESTClient = citrus_message_id = '5cef4d61-cc74-487f-b5be-cae28d37eb6f'
22:20:42,309 DEBUG trus.DefaultTestCase| default.test.author = Unknown
22:20:42,309 DEBUG trus.DefaultTestCase| citrus.test.package = citrus
22:20:42,309 DEBUG trus.DefaultTestCase| citrus.test.name = HttpRESTStubTests.getUserStubParametrizedTest
22:20:42,309 DEBUG trus.DefaultTestCase| project.name = Citrus Integration Tests
22:20:42,309 DEBUG trus.DefaultTestCase| userId = 35
22:20:42,309 DEBUG trus.DefaultTestCase| citrus_message_replyTo_citrus_message_correlator_httpRESTClient = http://localhost:8080/user/get/47
22:20:42,309 DEBUG trus.DefaultTestCase| url = http://localhost:8080/user
22:20:42,309 DEBUG trus.DefaultTestCase| default.test.package = citrus
22:20:42,309 DEBUG  context.TestContext| Setting variable: citrus.test.name with value: 'HttpRESTStubTests.getUserStubParametrizedTest'
22:20:42,309 DEBUG  context.TestContext| Setting variable: citrus.test.package with value: 'citrus'
22:20:42,309 DEBUG trus.DefaultTestCase| Test variables:
22:20:42,309 DEBUG trus.DefaultTestCase| citrus_message_correlator_httpRESTClient = citrus_message_id = '5cef4d61-cc74-487f-b5be-cae28d37eb6f'
22:20:42,309 DEBUG trus.DefaultTestCase| default.test.author = Unknown
22:20:42,309 DEBUG trus.DefaultTestCase| citrus.test.package = citrus
22:20:42,309 DEBUG trus.DefaultTestCase| citrus.test.name = HttpRESTStubTests.getUserStubParametrizedTest
22:20:42,309 DEBUG trus.DefaultTestCase| project.name = Citrus Integration Tests
22:20:42,309 DEBUG trus.DefaultTestCase| userId = 35
22:20:42,309 DEBUG trus.DefaultTestCase| citrus_message_replyTo_citrus_message_correlator_httpRESTClient = http://localhost:8080/user/get/47
22:20:42,309 DEBUG trus.DefaultTestCase| url = http://localhost:8080/user
22:20:42,309 DEBUG trus.DefaultTestCase| default.test.package = citrus
22:20:42,309 INFO  port.LoggingReporter| 
22:20:42,309 DEBUG port.LoggingReporter| TEST STEP 95: send
22:20:42,309 DEBUG ltCorrelationManager| Saving correlation key for 'citrus_message_correlator_httpRESTClient'
22:20:42,309 DEBUG  context.TestContext| Setting variable: citrus_message_correlator_httpRESTClient with value: 'citrus_message_id = 'e43a0d40-4866-430b-ab97-3fa1716f7aa6''
22:20:42,309 DEBUG  context.TestContext| Setting variable: citrus_message_replyTo_citrus_message_correlator_httpRESTClient with value: 'http://localhost:8080/user/get/48'
22:20:42,309 INFO     client.HttpClient| Sending HTTP message to: 'http://localhost:8080/user/get/48'
22:20:42,309 DEBUG    client.HttpClient| Message to send:

22:20:42,309 DEBUG aultHttpHeaderMapper| outboundHeaderNames=[Accept, Accept-Charset, Accept-Encoding, Accept-Language, Accept-Ranges, Authorization, Cache-Control, Connection, Content-Length, Content-Type, Cookie, Date, Expect, From, Host, If-Match, If-Modified-Since, If-None-Match, If-Range, If-Unmodified-Since, Max-Forwards, Pragma, Proxy-Authorization, Range, Referer, TE, Upgrade, User-Agent, Via, Warning]
22:20:42,309 DEBUG aultHttpHeaderMapper| headerName=[citrus_message_timestamp] WILL NOT be mapped
22:20:42,309 DEBUG aultHttpHeaderMapper| headerName=[citrus_message_type] WILL NOT be mapped
22:20:42,309 DEBUG aultHttpHeaderMapper| headerName=[citrus_request_path] WILL NOT be mapped
22:20:42,309 DEBUG aultHttpHeaderMapper| headerName=[citrus_http_request_uri] WILL NOT be mapped
22:20:42,309 DEBUG aultHttpHeaderMapper| headerName=[id] WILL NOT be mapped
22:20:42,309 DEBUG aultHttpHeaderMapper| headerName=[citrus_message_id] WILL NOT be mapped
22:20:42,309 DEBUG aultHttpHeaderMapper| headerName=[citrus_http_method] WILL NOT be mapped
22:20:42,309 DEBUG aultHttpHeaderMapper| headerName=[timestamp] WILL NOT be mapped
22:20:42,309 DEBUG  client.RestTemplate| HTTP GET http://localhost:8080/user/get/48
22:20:42,309 DEBUG  client.RestTemplate| Accept=[text/plain, application/json, application/*+json, */*]
22:20:42,309 DEBUG ingClientInterceptor| Sending Http request message
22:20:42,310 DEBUG   Logger.Message_OUT| RAWMESSAGE [id: 801c8dfe-ed99-4140-958c-9b12ea9d15fc, payload: GET http://localhost:8080/user/get/48
Accept:text/plain, application/json, application/*+json, */*
Content-Type:application/json;charset=UTF-8
Content-Length:0][headers: {citrus_message_id=801c8dfe-ed99-4140-958c-9b12ea9d15fc, citrus_message_timestamp=1689189642309}]
22:20:42,311 DEBUG ol.RequestAddCookies| CookieSpec selected: default
22:20:42,311 DEBUG col.RequestAuthCache| Auth cache not set in the context
22:20:42,311 DEBUG entConnectionManager| Connection request: [route: {}->http://localhost:8080][total available: 1; route allocated: 1 of 5; total allocated: 1 of 10]
22:20:42,311 DEBUG entConnectionManager| Connection leased: [id: 0][route: {}->http://localhost:8080][total available: 0; route allocated: 1 of 5; total allocated: 1 of 10]
22:20:42,311 DEBUG HttpClientConnection| http-outgoing-0: set socket timeout to 0
22:20:42,311 DEBUG chain.MainClientExec| Executing request GET /user/get/48 HTTP/1.1
22:20:42,311 DEBUG chain.MainClientExec| Target auth state: UNCHALLENGED
22:20:42,311 DEBUG chain.MainClientExec| Proxy auth state: UNCHALLENGED
22:20:42,311 DEBUG         http.headers| http-outgoing-0 >> GET /user/get/48 HTTP/1.1
22:20:42,311 DEBUG         http.headers| http-outgoing-0 >> Accept: text/plain, application/json, application/*+json, */*
22:20:42,311 DEBUG         http.headers| http-outgoing-0 >> Content-Type: application/json;charset=UTF-8
22:20:42,311 DEBUG         http.headers| http-outgoing-0 >> Host: localhost:8080
22:20:42,311 DEBUG         http.headers| http-outgoing-0 >> Connection: Keep-Alive
22:20:42,311 DEBUG         http.headers| http-outgoing-0 >> User-Agent: Apache-HttpClient/4.5.13 (Java/11.0.16)
22:20:42,311 DEBUG         http.headers| http-outgoing-0 >> Accept-Encoding: gzip,deflate
22:20:42,311 DEBUG            http.wire| http-outgoing-0 >> "GET /user/get/48 HTTP/1.1[\r][\n]"
22:20:42,311 DEBUG            http.wire| http-outgoing-0 >> "Accept: text/plain, application/json, application/*+json, */*[\r][\n]"
22:20:42,311 DEBUG            http.wire| http-outgoing-0 >> "Content-Type: application/json;charset=UTF-8[\r][\n]"
22:20:42,311 DEBUG            http.wire| http-outgoing-0 >> "Host: localhost:8080[\r][\n]"
22:20:42,311 DEBUG            http.wire| http-outgoing-0 >> "Connection: Keep-Alive[\r][\n]"
22:20:42,311 DEBUG            http.wire| http-outgoing-0 >> "User-Agent: Apache-HttpClient/4.5.13 (Java/11.0.16)[\r][\n]"
22:20:42,311 DEBUG            http.wire| http-outgoing-0 >> "Accept-Encoding: gzip,deflate[\r][\n]"
22:20:42,311 DEBUG            http.wire| http-outgoing-0 >> "[\r][\n]"
22:20:42,312 DEBUG            http.wire| http-outgoing-0 << "HTTP/1.1 200 [\r][\n]"
22:20:42,312 DEBUG            http.wire| http-outgoing-0 << "Content-Type: application/json[\r][\n]"
22:20:42,312 DEBUG            http.wire| http-outgoing-0 << "Transfer-Encoding: chunked[\r][\n]"
22:20:42,312 DEBUG            http.wire| http-outgoing-0 << "Date: Wed, 12 Jul 2023 19:20:41 GMT[\r][\n]"
22:20:42,312 DEBUG            http.wire| http-outgoing-0 << "Keep-Alive: timeout=60[\r][\n]"
22:20:42,312 DEBUG            http.wire| http-outgoing-0 << "Connection: keep-alive[\r][\n]"
22:20:42,312 DEBUG            http.wire| http-outgoing-0 << "[\r][\n]"
22:20:42,312 DEBUG            http.wire| http-outgoing-0 << "99[\r][\n]"
22:20:42,312 DEBUG            http.wire| http-outgoing-0 << "{"userId":48,"name":"Mrs. Scot Shields","course":"Investor Functionality Specialist","email":"48@qa.ru","age":91,"mark":{"name":"Course mark","score":1}}[\r][\n]"
22:20:42,312 DEBUG         http.headers| http-outgoing-0 << HTTP/1.1 200 
22:20:42,312 DEBUG         http.headers| http-outgoing-0 << Content-Type: application/json
22:20:42,312 DEBUG         http.headers| http-outgoing-0 << Transfer-Encoding: chunked
22:20:42,312 DEBUG         http.headers| http-outgoing-0 << Date: Wed, 12 Jul 2023 19:20:41 GMT
22:20:42,312 DEBUG         http.headers| http-outgoing-0 << Keep-Alive: timeout=60
22:20:42,312 DEBUG         http.headers| http-outgoing-0 << Connection: keep-alive
22:20:42,312 DEBUG chain.MainClientExec| Connection can be kept alive for 60000 MILLISECONDS
22:20:42,312 DEBUG            http.wire| http-outgoing-0 << "0[\r][\n]"
22:20:42,312 DEBUG            http.wire| http-outgoing-0 << "[\r][\n]"
22:20:42,312 DEBUG entConnectionManager| Connection [id: 0][route: {}->http://localhost:8080] can be kept alive for 60.0 seconds
22:20:42,312 DEBUG HttpClientConnection| http-outgoing-0: set socket timeout to 0
22:20:42,312 DEBUG entConnectionManager| Connection released: [id: 0][route: {}->http://localhost:8080][total available: 1; route allocated: 1 of 5; total allocated: 1 of 10]
22:20:42,312 DEBUG ingClientInterceptor| Received Http response message
22:20:42,314 DEBUG    Logger.Message_IN| RAWMESSAGE [id: d27562f1-22ba-4eac-8163-c24f6f65d05c, payload: HTTP/1.1 200 OK 
Content-Type:application/json
Transfer-Encoding:chunked
Date:Wed, 12 Jul 2023 19:20:41 GMT
Keep-Alive:timeout=60
Connection:keep-alive

{"userId":48,"name":"Mrs. Scot Shields","course":"Investor Functionality Specialist","email":"48@qa.ru","age":91,"mark":{"name":"Course mark","score":1}}][headers: {citrus_message_id=d27562f1-22ba-4eac-8163-c24f6f65d05c, citrus_message_timestamp=1689189642312}]
22:20:42,314 DEBUG  client.RestTemplate| Response 200 OK
22:20:42,314 DEBUG  client.RestTemplate| Reading to [java.lang.String] as "application/json"
22:20:42,314 INFO     client.HttpClient| HTTP message was sent to endpoint: 'http://localhost:8080/user/get/48'
22:20:42,314 DEBUG aultHttpHeaderMapper| inboundHeaderNames=[Accept-Ranges, Age, Allow, Cache-Control, Connection, Content-Encoding, Content-Language, Content-Length, Content-Location, Content-MD5, Content-Range, Content-Type, Content-Disposition, Transfer-Encoding, Date, ETag, Expires, Last-Modified, Location, Pragma, Proxy-Authenticate, Refresh, Retry-After, Server, Set-Cookie, Trailer, Vary, Via, Warning, WWW-Authenticate]
22:20:42,314 DEBUG aultHttpHeaderMapper| headerName=[content-type] WILL be mapped, matched pattern=content-type
22:20:42,314 DEBUG aultHttpHeaderMapper| setting headerName=[contentType], value=application/json
22:20:42,314 DEBUG aultHttpHeaderMapper| headerName=[transfer-encoding] WILL be mapped, matched pattern=transfer-encoding
22:20:42,314 DEBUG aultHttpHeaderMapper| setting headerName=[Transfer-Encoding], value=[chunked]
22:20:42,314 DEBUG aultHttpHeaderMapper| headerName=[date] WILL be mapped, matched pattern=date
22:20:42,314 DEBUG aultHttpHeaderMapper| setting headerName=[Date], value=1 689 189 641 000
22:20:42,314 DEBUG aultHttpHeaderMapper| headerName=[keep-alive] WILL NOT be mapped
22:20:42,314 DEBUG aultHttpHeaderMapper| headerName=[connection] WILL be mapped, matched pattern=connection
22:20:42,314 DEBUG aultHttpHeaderMapper| setting headerName=[Connection], value=[keep-alive]
22:20:42,314 DEBUG ltCorrelationManager| Saving correlated object for 'citrus_message_id = 'e43a0d40-4866-430b-ab97-3fa1716f7aa6''
22:20:42,314 INFO  port.LoggingReporter| 
22:20:42,314 DEBUG port.LoggingReporter| TEST STEP 95 SUCCESS
22:20:42,314 INFO  port.LoggingReporter| 
22:20:42,314 DEBUG port.LoggingReporter| TEST STEP 96: receive
22:20:42,314 DEBUG ngCorrelationManager| Get correlation key for 'citrus_message_correlator_httpRESTClient'
22:20:42,314 DEBUG ltCorrelationManager| Finding correlated object for 'citrus_message_id = 'e43a0d40-4866-430b-ab97-3fa1716f7aa6''
22:20:42,315 DEBUG ageValidatorRegistry| Found 4 message validators for message
22:20:42,315 DEBUG ssageHeaderValidator| Start message header validation ...
22:20:42,316 DEBUG faultHeaderValidator| Validating header element: citrus_http_reason_phrase='OK': OK.
22:20:42,316 DEBUG faultHeaderValidator| Validating header element: citrus_http_status_code='200': OK.
22:20:42,316 INFO  ssageHeaderValidator| Message header validation successful: All values OK
22:20:42,316 DEBUG TextMessageValidator| Start JSON message validation ...
22:20:42,316 DEBUG JsonSchemaValidation| Starting Json schema validation ...
22:20:42,316 INFO  JsonSchemaValidation| Json schema validation successful: All values OK
22:20:42,316 DEBUG TextMessageValidator| Received message:
HTTPMESSAGE [id: 4b1afaa7-e7cd-4eac-ae9d-549d2748936e, payload: {"userId":48,"name":"Mrs. Scot Shields","course":"Investor Functionality Specialist","email":"48@qa.ru","age":91,"mark":{"name":"Course mark","score":1}}][headers: {Transfer-Encoding=chunked, Connection=keep-alive, contentType=application/json, Date=1689189641000, citrus_message_id=4b1afaa7-e7cd-4eac-ae9d-549d2748936e, citrus_message_timestamp=1689189642314, Keep-Alive=timeout=60, Content-Type=application/json, citrus_http_status_code=200, citrus_http_reason_phrase=OK, citrus_http_version=HTTP/1.1}]
22:20:42,316 DEBUG TextMessageValidator| Control message:
HTTPMESSAGE [id: 91b8510a-c69a-4e01-9c6e-a04a5d65cd9e, payload: {"userId":48,"email":"@contains('@qa.ru')@","name":"@matches('^[a-zA-Z\\s\\.]*$')@","course":"@matches('^[a-zA-Z\\s]*$')@","age":"@isNumber()@","mark":{"name":"@contains('Course mark')@","score":"@isNumber()@"}}][headers: {citrus_message_id=91b8510a-c69a-4e01-9c6e-a04a5d65cd9e, citrus_message_timestamp=1689189642314, citrus_http_reason_phrase=OK, citrus_http_status_code=200, citrus_message_type=JSON}]
22:20:42,316 DEBUG TextMessageValidator| Validation successful for JSON entry 'name' (@matches('^[a-zA-Z\s\.]*$')@)
22:20:42,316 DEBUG TextMessageValidator| Validation successful for JSON entry 'course' (@matches('^[a-zA-Z\s]*$')@)
22:20:42,316 DEBUG TextMessageValidator| Validation successful for JSON entry 'userId' (48)
22:20:42,316 DEBUG TextMessageValidator| Validation successful for JSON entry 'email' (@contains('@qa.ru')@)
22:20:42,316 DEBUG TextMessageValidator| Validation successful for JSON entry 'age' (@isNumber()@)
22:20:42,316 DEBUG TextMessageValidator| Validation successful for JSON entry 'score' (@isNumber()@)
22:20:42,316 DEBUG TextMessageValidator| Validation successful for JSON entry 'name' (@contains('Course mark')@)
22:20:42,316 DEBUG TextMessageValidator| Validation successful for JSON entry 'mark' ({"score":"@isNumber()@","name":"@contains('Course mark')@"})
22:20:42,316 INFO  TextMessageValidator| JSON message validation successful: All values OK
22:20:42,316 INFO  port.LoggingReporter| 
22:20:42,316 DEBUG port.LoggingReporter| TEST STEP 96 SUCCESS
]]></system-out>
  </testcase>
  <testcase name="getUserStubParametrizedTest(int)[49]" classname="citrus.HttpRESTStubTests" time="0.009">
    <system-out><![CDATA[22:20:42,319 INFO  port.LoggingReporter| 
22:20:42,319 INFO  port.LoggingReporter| ------------------------------------------------------------------------
22:20:42,319 DEBUG port.LoggingReporter| STARTING TEST HttpRESTStubTests.getUserStubParametrizedTest <citrus>
22:20:42,319 INFO  port.LoggingReporter| 
22:20:42,319 DEBUG trus.DefaultTestCase| Initializing test case
22:20:42,319 DEBUG trus.DefaultTestCase| Global variables:
22:20:42,319 DEBUG trus.DefaultTestCase| citrus_message_correlator_httpRESTClient = citrus_message_id = 'e43a0d40-4866-430b-ab97-3fa1716f7aa6'
22:20:42,319 DEBUG trus.DefaultTestCase| default.test.author = Unknown
22:20:42,319 DEBUG trus.DefaultTestCase| citrus.test.package = citrus
22:20:42,319 DEBUG trus.DefaultTestCase| citrus.test.name = HttpRESTStubTests.getUserStubParametrizedTest
22:20:42,319 DEBUG trus.DefaultTestCase| project.name = Citrus Integration Tests
22:20:42,319 DEBUG trus.DefaultTestCase| userId = 35
22:20:42,319 DEBUG trus.DefaultTestCase| citrus_message_replyTo_citrus_message_correlator_httpRESTClient = http://localhost:8080/user/get/48
22:20:42,319 DEBUG trus.DefaultTestCase| url = http://localhost:8080/user
22:20:42,319 DEBUG trus.DefaultTestCase| default.test.package = citrus
22:20:42,319 DEBUG  context.TestContext| Setting variable: citrus.test.name with value: 'HttpRESTStubTests.getUserStubParametrizedTest'
22:20:42,319 DEBUG  context.TestContext| Setting variable: citrus.test.package with value: 'citrus'
22:20:42,319 DEBUG trus.DefaultTestCase| Test variables:
22:20:42,319 DEBUG trus.DefaultTestCase| citrus_message_correlator_httpRESTClient = citrus_message_id = 'e43a0d40-4866-430b-ab97-3fa1716f7aa6'
22:20:42,319 DEBUG trus.DefaultTestCase| default.test.author = Unknown
22:20:42,319 DEBUG trus.DefaultTestCase| citrus.test.package = citrus
22:20:42,319 DEBUG trus.DefaultTestCase| citrus.test.name = HttpRESTStubTests.getUserStubParametrizedTest
22:20:42,319 DEBUG trus.DefaultTestCase| project.name = Citrus Integration Tests
22:20:42,319 DEBUG trus.DefaultTestCase| userId = 35
22:20:42,319 DEBUG trus.DefaultTestCase| citrus_message_replyTo_citrus_message_correlator_httpRESTClient = http://localhost:8080/user/get/48
22:20:42,319 DEBUG trus.DefaultTestCase| url = http://localhost:8080/user
22:20:42,319 DEBUG trus.DefaultTestCase| default.test.package = citrus
22:20:42,320 INFO  port.LoggingReporter| 
22:20:42,320 DEBUG port.LoggingReporter| TEST STEP 97: send
22:20:42,320 DEBUG ltCorrelationManager| Saving correlation key for 'citrus_message_correlator_httpRESTClient'
22:20:42,320 DEBUG  context.TestContext| Setting variable: citrus_message_correlator_httpRESTClient with value: 'citrus_message_id = '4ba985f4-0267-41b5-85dd-b31f11a08373''
22:20:42,320 DEBUG  context.TestContext| Setting variable: citrus_message_replyTo_citrus_message_correlator_httpRESTClient with value: 'http://localhost:8080/user/get/49'
22:20:42,320 INFO     client.HttpClient| Sending HTTP message to: 'http://localhost:8080/user/get/49'
22:20:42,320 DEBUG    client.HttpClient| Message to send:

22:20:42,320 DEBUG aultHttpHeaderMapper| outboundHeaderNames=[Accept, Accept-Charset, Accept-Encoding, Accept-Language, Accept-Ranges, Authorization, Cache-Control, Connection, Content-Length, Content-Type, Cookie, Date, Expect, From, Host, If-Match, If-Modified-Since, If-None-Match, If-Range, If-Unmodified-Since, Max-Forwards, Pragma, Proxy-Authorization, Range, Referer, TE, Upgrade, User-Agent, Via, Warning]
22:20:42,320 DEBUG aultHttpHeaderMapper| headerName=[citrus_message_timestamp] WILL NOT be mapped
22:20:42,320 DEBUG aultHttpHeaderMapper| headerName=[citrus_message_type] WILL NOT be mapped
22:20:42,320 DEBUG aultHttpHeaderMapper| headerName=[citrus_request_path] WILL NOT be mapped
22:20:42,320 DEBUG aultHttpHeaderMapper| headerName=[citrus_http_request_uri] WILL NOT be mapped
22:20:42,320 DEBUG aultHttpHeaderMapper| headerName=[id] WILL NOT be mapped
22:20:42,320 DEBUG aultHttpHeaderMapper| headerName=[citrus_message_id] WILL NOT be mapped
22:20:42,320 DEBUG aultHttpHeaderMapper| headerName=[citrus_http_method] WILL NOT be mapped
22:20:42,320 DEBUG aultHttpHeaderMapper| headerName=[timestamp] WILL NOT be mapped
22:20:42,320 DEBUG  client.RestTemplate| HTTP GET http://localhost:8080/user/get/49
22:20:42,320 DEBUG  client.RestTemplate| Accept=[text/plain, application/json, application/*+json, */*]
22:20:42,320 DEBUG ingClientInterceptor| Sending Http request message
22:20:42,321 DEBUG   Logger.Message_OUT| RAWMESSAGE [id: 7adeb557-017e-42d5-a597-b2cdb4bb0dae, payload: GET http://localhost:8080/user/get/49
Accept:text/plain, application/json, application/*+json, */*
Content-Type:application/json;charset=UTF-8
Content-Length:0][headers: {citrus_message_id=7adeb557-017e-42d5-a597-b2cdb4bb0dae, citrus_message_timestamp=1689189642320}]
22:20:42,321 DEBUG ol.RequestAddCookies| CookieSpec selected: default
22:20:42,322 DEBUG col.RequestAuthCache| Auth cache not set in the context
22:20:42,322 DEBUG entConnectionManager| Connection request: [route: {}->http://localhost:8080][total available: 1; route allocated: 1 of 5; total allocated: 1 of 10]
22:20:42,322 DEBUG entConnectionManager| Connection leased: [id: 0][route: {}->http://localhost:8080][total available: 0; route allocated: 1 of 5; total allocated: 1 of 10]
22:20:42,322 DEBUG HttpClientConnection| http-outgoing-0: set socket timeout to 0
22:20:42,322 DEBUG chain.MainClientExec| Executing request GET /user/get/49 HTTP/1.1
22:20:42,322 DEBUG chain.MainClientExec| Target auth state: UNCHALLENGED
22:20:42,322 DEBUG chain.MainClientExec| Proxy auth state: UNCHALLENGED
22:20:42,322 DEBUG         http.headers| http-outgoing-0 >> GET /user/get/49 HTTP/1.1
22:20:42,322 DEBUG         http.headers| http-outgoing-0 >> Accept: text/plain, application/json, application/*+json, */*
22:20:42,322 DEBUG         http.headers| http-outgoing-0 >> Content-Type: application/json;charset=UTF-8
22:20:42,322 DEBUG         http.headers| http-outgoing-0 >> Host: localhost:8080
22:20:42,322 DEBUG         http.headers| http-outgoing-0 >> Connection: Keep-Alive
22:20:42,322 DEBUG         http.headers| http-outgoing-0 >> User-Agent: Apache-HttpClient/4.5.13 (Java/11.0.16)
22:20:42,322 DEBUG         http.headers| http-outgoing-0 >> Accept-Encoding: gzip,deflate
22:20:42,322 DEBUG            http.wire| http-outgoing-0 >> "GET /user/get/49 HTTP/1.1[\r][\n]"
22:20:42,322 DEBUG            http.wire| http-outgoing-0 >> "Accept: text/plain, application/json, application/*+json, */*[\r][\n]"
22:20:42,322 DEBUG            http.wire| http-outgoing-0 >> "Content-Type: application/json;charset=UTF-8[\r][\n]"
22:20:42,322 DEBUG            http.wire| http-outgoing-0 >> "Host: localhost:8080[\r][\n]"
22:20:42,322 DEBUG            http.wire| http-outgoing-0 >> "Connection: Keep-Alive[\r][\n]"
22:20:42,322 DEBUG            http.wire| http-outgoing-0 >> "User-Agent: Apache-HttpClient/4.5.13 (Java/11.0.16)[\r][\n]"
22:20:42,322 DEBUG            http.wire| http-outgoing-0 >> "Accept-Encoding: gzip,deflate[\r][\n]"
22:20:42,322 DEBUG            http.wire| http-outgoing-0 >> "[\r][\n]"
22:20:42,323 DEBUG            http.wire| http-outgoing-0 << "HTTP/1.1 200 [\r][\n]"
22:20:42,323 DEBUG            http.wire| http-outgoing-0 << "Content-Type: application/json[\r][\n]"
22:20:42,323 DEBUG            http.wire| http-outgoing-0 << "Transfer-Encoding: chunked[\r][\n]"
22:20:42,323 DEBUG            http.wire| http-outgoing-0 << "Date: Wed, 12 Jul 2023 19:20:41 GMT[\r][\n]"
22:20:42,323 DEBUG            http.wire| http-outgoing-0 << "Keep-Alive: timeout=60[\r][\n]"
22:20:42,323 DEBUG            http.wire| http-outgoing-0 << "Connection: keep-alive[\r][\n]"
22:20:42,323 DEBUG            http.wire| http-outgoing-0 << "[\r][\n]"
22:20:42,323 DEBUG            http.wire| http-outgoing-0 << "99[\r][\n]"
22:20:42,323 DEBUG            http.wire| http-outgoing-0 << "{"userId":49,"name":"Mr. Hallie Hickle","course":"Dynamic Implementation Specialist","email":"49@qa.ru","age":46,"mark":{"name":"Course mark","score":0}}[\r][\n]"
22:20:42,323 DEBUG         http.headers| http-outgoing-0 << HTTP/1.1 200 
22:20:42,323 DEBUG         http.headers| http-outgoing-0 << Content-Type: application/json
22:20:42,323 DEBUG         http.headers| http-outgoing-0 << Transfer-Encoding: chunked
22:20:42,323 DEBUG         http.headers| http-outgoing-0 << Date: Wed, 12 Jul 2023 19:20:41 GMT
22:20:42,323 DEBUG         http.headers| http-outgoing-0 << Keep-Alive: timeout=60
22:20:42,323 DEBUG         http.headers| http-outgoing-0 << Connection: keep-alive
22:20:42,323 DEBUG chain.MainClientExec| Connection can be kept alive for 60000 MILLISECONDS
22:20:42,323 DEBUG            http.wire| http-outgoing-0 << "0[\r][\n]"
22:20:42,323 DEBUG            http.wire| http-outgoing-0 << "[\r][\n]"
22:20:42,323 DEBUG entConnectionManager| Connection [id: 0][route: {}->http://localhost:8080] can be kept alive for 60.0 seconds
22:20:42,323 DEBUG HttpClientConnection| http-outgoing-0: set socket timeout to 0
22:20:42,323 DEBUG entConnectionManager| Connection released: [id: 0][route: {}->http://localhost:8080][total available: 1; route allocated: 1 of 5; total allocated: 1 of 10]
22:20:42,323 DEBUG ingClientInterceptor| Received Http response message
22:20:42,324 DEBUG    Logger.Message_IN| RAWMESSAGE [id: 8f8e82c4-de6b-4c79-a0bf-2de0f74b193f, payload: HTTP/1.1 200 OK 
Content-Type:application/json
Transfer-Encoding:chunked
Date:Wed, 12 Jul 2023 19:20:41 GMT
Keep-Alive:timeout=60
Connection:keep-alive

{"userId":49,"name":"Mr. Hallie Hickle","course":"Dynamic Implementation Specialist","email":"49@qa.ru","age":46,"mark":{"name":"Course mark","score":0}}][headers: {citrus_message_id=8f8e82c4-de6b-4c79-a0bf-2de0f74b193f, citrus_message_timestamp=1689189642323}]
22:20:42,324 DEBUG  client.RestTemplate| Response 200 OK
22:20:42,324 DEBUG  client.RestTemplate| Reading to [java.lang.String] as "application/json"
22:20:42,324 INFO     client.HttpClient| HTTP message was sent to endpoint: 'http://localhost:8080/user/get/49'
22:20:42,324 DEBUG aultHttpHeaderMapper| inboundHeaderNames=[Accept-Ranges, Age, Allow, Cache-Control, Connection, Content-Encoding, Content-Language, Content-Length, Content-Location, Content-MD5, Content-Range, Content-Type, Content-Disposition, Transfer-Encoding, Date, ETag, Expires, Last-Modified, Location, Pragma, Proxy-Authenticate, Refresh, Retry-After, Server, Set-Cookie, Trailer, Vary, Via, Warning, WWW-Authenticate]
22:20:42,324 DEBUG aultHttpHeaderMapper| headerName=[content-type] WILL be mapped, matched pattern=content-type
22:20:42,324 DEBUG aultHttpHeaderMapper| setting headerName=[contentType], value=application/json
22:20:42,324 DEBUG aultHttpHeaderMapper| headerName=[transfer-encoding] WILL be mapped, matched pattern=transfer-encoding
22:20:42,324 DEBUG aultHttpHeaderMapper| setting headerName=[Transfer-Encoding], value=[chunked]
22:20:42,324 DEBUG aultHttpHeaderMapper| headerName=[date] WILL be mapped, matched pattern=date
22:20:42,324 DEBUG aultHttpHeaderMapper| setting headerName=[Date], value=1 689 189 641 000
22:20:42,324 DEBUG aultHttpHeaderMapper| headerName=[keep-alive] WILL NOT be mapped
22:20:42,324 DEBUG aultHttpHeaderMapper| headerName=[connection] WILL be mapped, matched pattern=connection
22:20:42,324 DEBUG aultHttpHeaderMapper| setting headerName=[Connection], value=[keep-alive]
22:20:42,325 DEBUG ltCorrelationManager| Saving correlated object for 'citrus_message_id = '4ba985f4-0267-41b5-85dd-b31f11a08373''
22:20:42,325 INFO  port.LoggingReporter| 
22:20:42,325 DEBUG port.LoggingReporter| TEST STEP 97 SUCCESS
22:20:42,325 INFO  port.LoggingReporter| 
22:20:42,325 DEBUG port.LoggingReporter| TEST STEP 98: receive
22:20:42,325 DEBUG ngCorrelationManager| Get correlation key for 'citrus_message_correlator_httpRESTClient'
22:20:42,325 DEBUG ltCorrelationManager| Finding correlated object for 'citrus_message_id = '4ba985f4-0267-41b5-85dd-b31f11a08373''
22:20:42,326 DEBUG ageValidatorRegistry| Found 4 message validators for message
22:20:42,326 DEBUG ssageHeaderValidator| Start message header validation ...
22:20:42,326 DEBUG faultHeaderValidator| Validating header element: citrus_http_reason_phrase='OK': OK.
22:20:42,326 DEBUG faultHeaderValidator| Validating header element: citrus_http_status_code='200': OK.
22:20:42,326 INFO  ssageHeaderValidator| Message header validation successful: All values OK
22:20:42,326 DEBUG TextMessageValidator| Start JSON message validation ...
22:20:42,326 DEBUG JsonSchemaValidation| Starting Json schema validation ...
22:20:42,326 INFO  JsonSchemaValidation| Json schema validation successful: All values OK
22:20:42,326 DEBUG TextMessageValidator| Received message:
HTTPMESSAGE [id: 799a755e-068e-40db-a63b-437f71c5bd34, payload: {"userId":49,"name":"Mr. Hallie Hickle","course":"Dynamic Implementation Specialist","email":"49@qa.ru","age":46,"mark":{"name":"Course mark","score":0}}][headers: {Transfer-Encoding=chunked, Connection=keep-alive, contentType=application/json, Date=1689189641000, citrus_message_id=799a755e-068e-40db-a63b-437f71c5bd34, citrus_message_timestamp=1689189642324, Keep-Alive=timeout=60, Content-Type=application/json, citrus_http_status_code=200, citrus_http_reason_phrase=OK, citrus_http_version=HTTP/1.1}]
22:20:42,326 DEBUG TextMessageValidator| Control message:
HTTPMESSAGE [id: 141455ca-6209-4f62-9328-d97d5acad6ef, payload: {"userId":49,"email":"@contains('@qa.ru')@","name":"@matches('^[a-zA-Z\\s\\.]*$')@","course":"@matches('^[a-zA-Z\\s]*$')@","age":"@isNumber()@","mark":{"name":"@contains('Course mark')@","score":"@isNumber()@"}}][headers: {citrus_message_id=141455ca-6209-4f62-9328-d97d5acad6ef, citrus_message_timestamp=1689189642325, citrus_http_reason_phrase=OK, citrus_http_status_code=200, citrus_message_type=JSON}]
22:20:42,326 DEBUG TextMessageValidator| Validation successful for JSON entry 'name' (@matches('^[a-zA-Z\s\.]*$')@)
22:20:42,326 DEBUG TextMessageValidator| Validation successful for JSON entry 'course' (@matches('^[a-zA-Z\s]*$')@)
22:20:42,326 DEBUG TextMessageValidator| Validation successful for JSON entry 'userId' (49)
22:20:42,326 DEBUG TextMessageValidator| Validation successful for JSON entry 'email' (@contains('@qa.ru')@)
22:20:42,326 DEBUG TextMessageValidator| Validation successful for JSON entry 'age' (@isNumber()@)
22:20:42,326 DEBUG TextMessageValidator| Validation successful for JSON entry 'score' (@isNumber()@)
22:20:42,326 DEBUG TextMessageValidator| Validation successful for JSON entry 'name' (@contains('Course mark')@)
22:20:42,326 DEBUG TextMessageValidator| Validation successful for JSON entry 'mark' ({"score":"@isNumber()@","name":"@contains('Course mark')@"})
22:20:42,326 INFO  TextMessageValidator| JSON message validation successful: All values OK
22:20:42,326 INFO  port.LoggingReporter| 
22:20:42,326 DEBUG port.LoggingReporter| TEST STEP 98 SUCCESS
]]></system-out>
  </testcase>
  <testcase name="getUserStubParametrizedTest(int)[50]" classname="citrus.HttpRESTStubTests" time="0.009">
    <system-out><![CDATA[22:20:42,328 INFO  port.LoggingReporter| 
22:20:42,328 INFO  port.LoggingReporter| ------------------------------------------------------------------------
22:20:42,328 DEBUG port.LoggingReporter| STARTING TEST HttpRESTStubTests.getUserStubParametrizedTest <citrus>
22:20:42,328 INFO  port.LoggingReporter| 
22:20:42,328 DEBUG trus.DefaultTestCase| Initializing test case
22:20:42,328 DEBUG trus.DefaultTestCase| Global variables:
22:20:42,328 DEBUG trus.DefaultTestCase| citrus_message_correlator_httpRESTClient = citrus_message_id = '4ba985f4-0267-41b5-85dd-b31f11a08373'
22:20:42,328 DEBUG trus.DefaultTestCase| default.test.author = Unknown
22:20:42,328 DEBUG trus.DefaultTestCase| citrus.test.package = citrus
22:20:42,328 DEBUG trus.DefaultTestCase| citrus.test.name = HttpRESTStubTests.getUserStubParametrizedTest
22:20:42,328 DEBUG trus.DefaultTestCase| project.name = Citrus Integration Tests
22:20:42,328 DEBUG trus.DefaultTestCase| userId = 35
22:20:42,328 DEBUG trus.DefaultTestCase| citrus_message_replyTo_citrus_message_correlator_httpRESTClient = http://localhost:8080/user/get/49
22:20:42,328 DEBUG trus.DefaultTestCase| url = http://localhost:8080/user
22:20:42,328 DEBUG trus.DefaultTestCase| default.test.package = citrus
22:20:42,328 DEBUG  context.TestContext| Setting variable: citrus.test.name with value: 'HttpRESTStubTests.getUserStubParametrizedTest'
22:20:42,328 DEBUG  context.TestContext| Setting variable: citrus.test.package with value: 'citrus'
22:20:42,328 DEBUG trus.DefaultTestCase| Test variables:
22:20:42,328 DEBUG trus.DefaultTestCase| citrus_message_correlator_httpRESTClient = citrus_message_id = '4ba985f4-0267-41b5-85dd-b31f11a08373'
22:20:42,328 DEBUG trus.DefaultTestCase| default.test.author = Unknown
22:20:42,328 DEBUG trus.DefaultTestCase| citrus.test.package = citrus
22:20:42,328 DEBUG trus.DefaultTestCase| citrus.test.name = HttpRESTStubTests.getUserStubParametrizedTest
22:20:42,328 DEBUG trus.DefaultTestCase| project.name = Citrus Integration Tests
22:20:42,328 DEBUG trus.DefaultTestCase| userId = 35
22:20:42,328 DEBUG trus.DefaultTestCase| citrus_message_replyTo_citrus_message_correlator_httpRESTClient = http://localhost:8080/user/get/49
22:20:42,328 DEBUG trus.DefaultTestCase| url = http://localhost:8080/user
22:20:42,328 DEBUG trus.DefaultTestCase| default.test.package = citrus
22:20:42,328 INFO  port.LoggingReporter| 
22:20:42,328 DEBUG port.LoggingReporter| TEST STEP 99: send
22:20:42,329 DEBUG ltCorrelationManager| Saving correlation key for 'citrus_message_correlator_httpRESTClient'
22:20:42,329 DEBUG  context.TestContext| Setting variable: citrus_message_correlator_httpRESTClient with value: 'citrus_message_id = '73627ff3-a9ab-49c4-8bb4-b001b37accf5''
22:20:42,329 DEBUG  context.TestContext| Setting variable: citrus_message_replyTo_citrus_message_correlator_httpRESTClient with value: 'http://localhost:8080/user/get/50'
22:20:42,329 INFO     client.HttpClient| Sending HTTP message to: 'http://localhost:8080/user/get/50'
22:20:42,329 DEBUG    client.HttpClient| Message to send:

22:20:42,329 DEBUG aultHttpHeaderMapper| outboundHeaderNames=[Accept, Accept-Charset, Accept-Encoding, Accept-Language, Accept-Ranges, Authorization, Cache-Control, Connection, Content-Length, Content-Type, Cookie, Date, Expect, From, Host, If-Match, If-Modified-Since, If-None-Match, If-Range, If-Unmodified-Since, Max-Forwards, Pragma, Proxy-Authorization, Range, Referer, TE, Upgrade, User-Agent, Via, Warning]
22:20:42,329 DEBUG aultHttpHeaderMapper| headerName=[citrus_message_timestamp] WILL NOT be mapped
22:20:42,329 DEBUG aultHttpHeaderMapper| headerName=[citrus_message_type] WILL NOT be mapped
22:20:42,329 DEBUG aultHttpHeaderMapper| headerName=[citrus_request_path] WILL NOT be mapped
22:20:42,329 DEBUG aultHttpHeaderMapper| headerName=[citrus_http_request_uri] WILL NOT be mapped
22:20:42,329 DEBUG aultHttpHeaderMapper| headerName=[id] WILL NOT be mapped
22:20:42,329 DEBUG aultHttpHeaderMapper| headerName=[citrus_message_id] WILL NOT be mapped
22:20:42,329 DEBUG aultHttpHeaderMapper| headerName=[citrus_http_method] WILL NOT be mapped
22:20:42,329 DEBUG aultHttpHeaderMapper| headerName=[timestamp] WILL NOT be mapped
22:20:42,329 DEBUG  client.RestTemplate| HTTP GET http://localhost:8080/user/get/50
22:20:42,329 DEBUG  client.RestTemplate| Accept=[text/plain, application/json, application/*+json, */*]
22:20:42,329 DEBUG ingClientInterceptor| Sending Http request message
22:20:42,330 DEBUG   Logger.Message_OUT| RAWMESSAGE [id: d7ec4944-80aa-49d5-b392-2ddd674e5bef, payload: GET http://localhost:8080/user/get/50
Accept:text/plain, application/json, application/*+json, */*
Content-Type:application/json;charset=UTF-8
Content-Length:0][headers: {citrus_message_id=d7ec4944-80aa-49d5-b392-2ddd674e5bef, citrus_message_timestamp=1689189642329}]
22:20:42,330 DEBUG ol.RequestAddCookies| CookieSpec selected: default
22:20:42,330 DEBUG col.RequestAuthCache| Auth cache not set in the context
22:20:42,330 DEBUG entConnectionManager| Connection request: [route: {}->http://localhost:8080][total available: 1; route allocated: 1 of 5; total allocated: 1 of 10]
22:20:42,330 DEBUG entConnectionManager| Connection leased: [id: 0][route: {}->http://localhost:8080][total available: 0; route allocated: 1 of 5; total allocated: 1 of 10]
22:20:42,330 DEBUG HttpClientConnection| http-outgoing-0: set socket timeout to 0
22:20:42,330 DEBUG chain.MainClientExec| Executing request GET /user/get/50 HTTP/1.1
22:20:42,330 DEBUG chain.MainClientExec| Target auth state: UNCHALLENGED
22:20:42,330 DEBUG chain.MainClientExec| Proxy auth state: UNCHALLENGED
22:20:42,331 DEBUG         http.headers| http-outgoing-0 >> GET /user/get/50 HTTP/1.1
22:20:42,331 DEBUG         http.headers| http-outgoing-0 >> Accept: text/plain, application/json, application/*+json, */*
22:20:42,331 DEBUG         http.headers| http-outgoing-0 >> Content-Type: application/json;charset=UTF-8
22:20:42,331 DEBUG         http.headers| http-outgoing-0 >> Host: localhost:8080
22:20:42,331 DEBUG         http.headers| http-outgoing-0 >> Connection: Keep-Alive
22:20:42,331 DEBUG         http.headers| http-outgoing-0 >> User-Agent: Apache-HttpClient/4.5.13 (Java/11.0.16)
22:20:42,331 DEBUG         http.headers| http-outgoing-0 >> Accept-Encoding: gzip,deflate
22:20:42,331 DEBUG            http.wire| http-outgoing-0 >> "GET /user/get/50 HTTP/1.1[\r][\n]"
22:20:42,331 DEBUG            http.wire| http-outgoing-0 >> "Accept: text/plain, application/json, application/*+json, */*[\r][\n]"
22:20:42,331 DEBUG            http.wire| http-outgoing-0 >> "Content-Type: application/json;charset=UTF-8[\r][\n]"
22:20:42,331 DEBUG            http.wire| http-outgoing-0 >> "Host: localhost:8080[\r][\n]"
22:20:42,331 DEBUG            http.wire| http-outgoing-0 >> "Connection: Keep-Alive[\r][\n]"
22:20:42,331 DEBUG            http.wire| http-outgoing-0 >> "User-Agent: Apache-HttpClient/4.5.13 (Java/11.0.16)[\r][\n]"
22:20:42,331 DEBUG            http.wire| http-outgoing-0 >> "Accept-Encoding: gzip,deflate[\r][\n]"
22:20:42,331 DEBUG            http.wire| http-outgoing-0 >> "[\r][\n]"
22:20:42,332 DEBUG            http.wire| http-outgoing-0 << "HTTP/1.1 200 [\r][\n]"
22:20:42,332 DEBUG            http.wire| http-outgoing-0 << "Content-Type: application/json[\r][\n]"
22:20:42,332 DEBUG            http.wire| http-outgoing-0 << "Transfer-Encoding: chunked[\r][\n]"
22:20:42,332 DEBUG            http.wire| http-outgoing-0 << "Date: Wed, 12 Jul 2023 19:20:41 GMT[\r][\n]"
22:20:42,332 DEBUG            http.wire| http-outgoing-0 << "Keep-Alive: timeout=60[\r][\n]"
22:20:42,332 DEBUG            http.wire| http-outgoing-0 << "Connection: keep-alive[\r][\n]"
22:20:42,332 DEBUG            http.wire| http-outgoing-0 << "[\r][\n]"
22:20:42,332 DEBUG            http.wire| http-outgoing-0 << "8d[\r][\n]"
22:20:42,332 DEBUG            http.wire| http-outgoing-0 << "{"userId":50,"name":"Abby Murazik","course":"Principal Identity Officer","email":"50@qa.ru","age":81,"mark":{"name":"Course mark","score":0}}[\r][\n]"
22:20:42,332 DEBUG         http.headers| http-outgoing-0 << HTTP/1.1 200 
22:20:42,332 DEBUG         http.headers| http-outgoing-0 << Content-Type: application/json
22:20:42,332 DEBUG         http.headers| http-outgoing-0 << Transfer-Encoding: chunked
22:20:42,332 DEBUG         http.headers| http-outgoing-0 << Date: Wed, 12 Jul 2023 19:20:41 GMT
22:20:42,332 DEBUG         http.headers| http-outgoing-0 << Keep-Alive: timeout=60
22:20:42,332 DEBUG         http.headers| http-outgoing-0 << Connection: keep-alive
22:20:42,332 DEBUG chain.MainClientExec| Connection can be kept alive for 60000 MILLISECONDS
22:20:42,332 DEBUG            http.wire| http-outgoing-0 << "0[\r][\n]"
22:20:42,332 DEBUG            http.wire| http-outgoing-0 << "[\r][\n]"
22:20:42,332 DEBUG entConnectionManager| Connection [id: 0][route: {}->http://localhost:8080] can be kept alive for 60.0 seconds
22:20:42,332 DEBUG HttpClientConnection| http-outgoing-0: set socket timeout to 0
22:20:42,332 DEBUG entConnectionManager| Connection released: [id: 0][route: {}->http://localhost:8080][total available: 1; route allocated: 1 of 5; total allocated: 1 of 10]
22:20:42,332 DEBUG ingClientInterceptor| Received Http response message
22:20:42,333 DEBUG    Logger.Message_IN| RAWMESSAGE [id: 5e157e38-431c-4857-864c-d40ba6f62a12, payload: HTTP/1.1 200 OK 
Content-Type:application/json
Transfer-Encoding:chunked
Date:Wed, 12 Jul 2023 19:20:41 GMT
Keep-Alive:timeout=60
Connection:keep-alive

{"userId":50,"name":"Abby Murazik","course":"Principal Identity Officer","email":"50@qa.ru","age":81,"mark":{"name":"Course mark","score":0}}][headers: {citrus_message_id=5e157e38-431c-4857-864c-d40ba6f62a12, citrus_message_timestamp=1689189642332}]
22:20:42,333 DEBUG  client.RestTemplate| Response 200 OK
22:20:42,333 DEBUG  client.RestTemplate| Reading to [java.lang.String] as "application/json"
22:20:42,333 INFO     client.HttpClient| HTTP message was sent to endpoint: 'http://localhost:8080/user/get/50'
22:20:42,334 DEBUG aultHttpHeaderMapper| inboundHeaderNames=[Accept-Ranges, Age, Allow, Cache-Control, Connection, Content-Encoding, Content-Language, Content-Length, Content-Location, Content-MD5, Content-Range, Content-Type, Content-Disposition, Transfer-Encoding, Date, ETag, Expires, Last-Modified, Location, Pragma, Proxy-Authenticate, Refresh, Retry-After, Server, Set-Cookie, Trailer, Vary, Via, Warning, WWW-Authenticate]
22:20:42,334 DEBUG aultHttpHeaderMapper| headerName=[content-type] WILL be mapped, matched pattern=content-type
22:20:42,334 DEBUG aultHttpHeaderMapper| setting headerName=[contentType], value=application/json
22:20:42,334 DEBUG aultHttpHeaderMapper| headerName=[transfer-encoding] WILL be mapped, matched pattern=transfer-encoding
22:20:42,334 DEBUG aultHttpHeaderMapper| setting headerName=[Transfer-Encoding], value=[chunked]
22:20:42,334 DEBUG aultHttpHeaderMapper| headerName=[date] WILL be mapped, matched pattern=date
22:20:42,334 DEBUG aultHttpHeaderMapper| setting headerName=[Date], value=1 689 189 641 000
22:20:42,334 DEBUG aultHttpHeaderMapper| headerName=[keep-alive] WILL NOT be mapped
22:20:42,334 DEBUG aultHttpHeaderMapper| headerName=[connection] WILL be mapped, matched pattern=connection
22:20:42,334 DEBUG aultHttpHeaderMapper| setting headerName=[Connection], value=[keep-alive]
22:20:42,334 DEBUG ltCorrelationManager| Saving correlated object for 'citrus_message_id = '73627ff3-a9ab-49c4-8bb4-b001b37accf5''
22:20:42,334 INFO  port.LoggingReporter| 
22:20:42,334 DEBUG port.LoggingReporter| TEST STEP 99 SUCCESS
22:20:42,334 INFO  port.LoggingReporter| 
22:20:42,334 DEBUG port.LoggingReporter| TEST STEP 100: receive
22:20:42,334 DEBUG ngCorrelationManager| Get correlation key for 'citrus_message_correlator_httpRESTClient'
22:20:42,334 DEBUG ltCorrelationManager| Finding correlated object for 'citrus_message_id = '73627ff3-a9ab-49c4-8bb4-b001b37accf5''
22:20:42,335 DEBUG ageValidatorRegistry| Found 4 message validators for message
22:20:42,335 DEBUG ssageHeaderValidator| Start message header validation ...
22:20:42,335 DEBUG faultHeaderValidator| Validating header element: citrus_http_reason_phrase='OK': OK.
22:20:42,336 DEBUG faultHeaderValidator| Validating header element: citrus_http_status_code='200': OK.
22:20:42,336 INFO  ssageHeaderValidator| Message header validation successful: All values OK
22:20:42,336 DEBUG TextMessageValidator| Start JSON message validation ...
22:20:42,336 DEBUG JsonSchemaValidation| Starting Json schema validation ...
22:20:42,336 INFO  JsonSchemaValidation| Json schema validation successful: All values OK
22:20:42,336 DEBUG TextMessageValidator| Received message:
HTTPMESSAGE [id: 317c5c2f-3590-4550-bbef-e113ed86a7ab, payload: {"userId":50,"name":"Abby Murazik","course":"Principal Identity Officer","email":"50@qa.ru","age":81,"mark":{"name":"Course mark","score":0}}][headers: {Transfer-Encoding=chunked, Connection=keep-alive, contentType=application/json, Date=1689189641000, citrus_message_id=317c5c2f-3590-4550-bbef-e113ed86a7ab, citrus_message_timestamp=1689189642334, Keep-Alive=timeout=60, Content-Type=application/json, citrus_http_status_code=200, citrus_http_reason_phrase=OK, citrus_http_version=HTTP/1.1}]
22:20:42,336 DEBUG TextMessageValidator| Control message:
HTTPMESSAGE [id: 3a477fef-39b3-4e52-9606-953a5d6df699, payload: {"userId":50,"email":"@contains('@qa.ru')@","name":"@matches('^[a-zA-Z\\s\\.]*$')@","course":"@matches('^[a-zA-Z\\s]*$')@","age":"@isNumber()@","mark":{"name":"@contains('Course mark')@","score":"@isNumber()@"}}][headers: {citrus_message_id=3a477fef-39b3-4e52-9606-953a5d6df699, citrus_message_timestamp=1689189642334, citrus_http_reason_phrase=OK, citrus_http_status_code=200, citrus_message_type=JSON}]
22:20:42,336 DEBUG TextMessageValidator| Validation successful for JSON entry 'name' (@matches('^[a-zA-Z\s\.]*$')@)
22:20:42,336 DEBUG TextMessageValidator| Validation successful for JSON entry 'course' (@matches('^[a-zA-Z\s]*$')@)
22:20:42,336 DEBUG TextMessageValidator| Validation successful for JSON entry 'userId' (50)
22:20:42,336 DEBUG TextMessageValidator| Validation successful for JSON entry 'email' (@contains('@qa.ru')@)
22:20:42,336 DEBUG TextMessageValidator| Validation successful for JSON entry 'age' (@isNumber()@)
22:20:42,336 DEBUG TextMessageValidator| Validation successful for JSON entry 'score' (@isNumber()@)
22:20:42,336 DEBUG TextMessageValidator| Validation successful for JSON entry 'name' (@contains('Course mark')@)
22:20:42,336 DEBUG TextMessageValidator| Validation successful for JSON entry 'mark' ({"score":"@isNumber()@","name":"@contains('Course mark')@"})
22:20:42,336 INFO  TextMessageValidator| JSON message validation successful: All values OK
22:20:42,336 INFO  port.LoggingReporter| 
22:20:42,336 DEBUG port.LoggingReporter| TEST STEP 100 SUCCESS
]]></system-out>
  </testcase>
  <testcase name="getUserStubParametrizedTest(int)[51]" classname="citrus.HttpRESTStubTests" time="0.009">
    <system-out><![CDATA[22:20:42,338 INFO  port.LoggingReporter| 
22:20:42,338 INFO  port.LoggingReporter| ------------------------------------------------------------------------
22:20:42,338 DEBUG port.LoggingReporter| STARTING TEST HttpRESTStubTests.getUserStubParametrizedTest <citrus>
22:20:42,338 INFO  port.LoggingReporter| 
22:20:42,338 DEBUG trus.DefaultTestCase| Initializing test case
22:20:42,338 DEBUG trus.DefaultTestCase| Global variables:
22:20:42,338 DEBUG trus.DefaultTestCase| citrus_message_correlator_httpRESTClient = citrus_message_id = '73627ff3-a9ab-49c4-8bb4-b001b37accf5'
22:20:42,338 DEBUG trus.DefaultTestCase| default.test.author = Unknown
22:20:42,338 DEBUG trus.DefaultTestCase| citrus.test.package = citrus
22:20:42,338 DEBUG trus.DefaultTestCase| citrus.test.name = HttpRESTStubTests.getUserStubParametrizedTest
22:20:42,338 DEBUG trus.DefaultTestCase| project.name = Citrus Integration Tests
22:20:42,338 DEBUG trus.DefaultTestCase| userId = 35
22:20:42,338 DEBUG trus.DefaultTestCase| citrus_message_replyTo_citrus_message_correlator_httpRESTClient = http://localhost:8080/user/get/50
22:20:42,338 DEBUG trus.DefaultTestCase| url = http://localhost:8080/user
22:20:42,338 DEBUG trus.DefaultTestCase| default.test.package = citrus
22:20:42,338 DEBUG  context.TestContext| Setting variable: citrus.test.name with value: 'HttpRESTStubTests.getUserStubParametrizedTest'
22:20:42,338 DEBUG  context.TestContext| Setting variable: citrus.test.package with value: 'citrus'
22:20:42,338 DEBUG trus.DefaultTestCase| Test variables:
22:20:42,338 DEBUG trus.DefaultTestCase| citrus_message_correlator_httpRESTClient = citrus_message_id = '73627ff3-a9ab-49c4-8bb4-b001b37accf5'
22:20:42,338 DEBUG trus.DefaultTestCase| default.test.author = Unknown
22:20:42,338 DEBUG trus.DefaultTestCase| citrus.test.package = citrus
22:20:42,338 DEBUG trus.DefaultTestCase| citrus.test.name = HttpRESTStubTests.getUserStubParametrizedTest
22:20:42,338 DEBUG trus.DefaultTestCase| project.name = Citrus Integration Tests
22:20:42,338 DEBUG trus.DefaultTestCase| userId = 35
22:20:42,338 DEBUG trus.DefaultTestCase| citrus_message_replyTo_citrus_message_correlator_httpRESTClient = http://localhost:8080/user/get/50
22:20:42,338 DEBUG trus.DefaultTestCase| url = http://localhost:8080/user
22:20:42,338 DEBUG trus.DefaultTestCase| default.test.package = citrus
22:20:42,339 INFO  port.LoggingReporter| 
22:20:42,339 DEBUG port.LoggingReporter| TEST STEP 101: send
22:20:42,339 DEBUG ltCorrelationManager| Saving correlation key for 'citrus_message_correlator_httpRESTClient'
22:20:42,339 DEBUG  context.TestContext| Setting variable: citrus_message_correlator_httpRESTClient with value: 'citrus_message_id = 'c1c1f0c2-e88e-4d65-aaf1-78c06966b457''
22:20:42,339 DEBUG  context.TestContext| Setting variable: citrus_message_replyTo_citrus_message_correlator_httpRESTClient with value: 'http://localhost:8080/user/get/51'
22:20:42,339 INFO     client.HttpClient| Sending HTTP message to: 'http://localhost:8080/user/get/51'
22:20:42,339 DEBUG    client.HttpClient| Message to send:

22:20:42,339 DEBUG aultHttpHeaderMapper| outboundHeaderNames=[Accept, Accept-Charset, Accept-Encoding, Accept-Language, Accept-Ranges, Authorization, Cache-Control, Connection, Content-Length, Content-Type, Cookie, Date, Expect, From, Host, If-Match, If-Modified-Since, If-None-Match, If-Range, If-Unmodified-Since, Max-Forwards, Pragma, Proxy-Authorization, Range, Referer, TE, Upgrade, User-Agent, Via, Warning]
22:20:42,339 DEBUG aultHttpHeaderMapper| headerName=[citrus_message_timestamp] WILL NOT be mapped
22:20:42,339 DEBUG aultHttpHeaderMapper| headerName=[citrus_message_type] WILL NOT be mapped
22:20:42,339 DEBUG aultHttpHeaderMapper| headerName=[citrus_request_path] WILL NOT be mapped
22:20:42,339 DEBUG aultHttpHeaderMapper| headerName=[citrus_http_request_uri] WILL NOT be mapped
22:20:42,339 DEBUG aultHttpHeaderMapper| headerName=[id] WILL NOT be mapped
22:20:42,339 DEBUG aultHttpHeaderMapper| headerName=[citrus_message_id] WILL NOT be mapped
22:20:42,339 DEBUG aultHttpHeaderMapper| headerName=[citrus_http_method] WILL NOT be mapped
22:20:42,339 DEBUG aultHttpHeaderMapper| headerName=[timestamp] WILL NOT be mapped
22:20:42,339 DEBUG  client.RestTemplate| HTTP GET http://localhost:8080/user/get/51
22:20:42,339 DEBUG  client.RestTemplate| Accept=[text/plain, application/json, application/*+json, */*]
22:20:42,339 DEBUG ingClientInterceptor| Sending Http request message
22:20:42,340 DEBUG   Logger.Message_OUT| RAWMESSAGE [id: fd094785-8bd8-4e32-9b5f-f4f61e7d88b2, payload: GET http://localhost:8080/user/get/51
Accept:text/plain, application/json, application/*+json, */*
Content-Type:application/json;charset=UTF-8
Content-Length:0][headers: {citrus_message_id=fd094785-8bd8-4e32-9b5f-f4f61e7d88b2, citrus_message_timestamp=1689189642339}]
22:20:42,340 DEBUG ol.RequestAddCookies| CookieSpec selected: default
22:20:42,340 DEBUG col.RequestAuthCache| Auth cache not set in the context
22:20:42,340 DEBUG entConnectionManager| Connection request: [route: {}->http://localhost:8080][total available: 1; route allocated: 1 of 5; total allocated: 1 of 10]
22:20:42,340 DEBUG entConnectionManager| Connection leased: [id: 0][route: {}->http://localhost:8080][total available: 0; route allocated: 1 of 5; total allocated: 1 of 10]
22:20:42,340 DEBUG HttpClientConnection| http-outgoing-0: set socket timeout to 0
22:20:42,340 DEBUG chain.MainClientExec| Executing request GET /user/get/51 HTTP/1.1
22:20:42,340 DEBUG chain.MainClientExec| Target auth state: UNCHALLENGED
22:20:42,340 DEBUG chain.MainClientExec| Proxy auth state: UNCHALLENGED
22:20:42,340 DEBUG         http.headers| http-outgoing-0 >> GET /user/get/51 HTTP/1.1
22:20:42,340 DEBUG         http.headers| http-outgoing-0 >> Accept: text/plain, application/json, application/*+json, */*
22:20:42,340 DEBUG         http.headers| http-outgoing-0 >> Content-Type: application/json;charset=UTF-8
22:20:42,340 DEBUG         http.headers| http-outgoing-0 >> Host: localhost:8080
22:20:42,340 DEBUG         http.headers| http-outgoing-0 >> Connection: Keep-Alive
22:20:42,340 DEBUG         http.headers| http-outgoing-0 >> User-Agent: Apache-HttpClient/4.5.13 (Java/11.0.16)
22:20:42,340 DEBUG         http.headers| http-outgoing-0 >> Accept-Encoding: gzip,deflate
22:20:42,340 DEBUG            http.wire| http-outgoing-0 >> "GET /user/get/51 HTTP/1.1[\r][\n]"
22:20:42,340 DEBUG            http.wire| http-outgoing-0 >> "Accept: text/plain, application/json, application/*+json, */*[\r][\n]"
22:20:42,340 DEBUG            http.wire| http-outgoing-0 >> "Content-Type: application/json;charset=UTF-8[\r][\n]"
22:20:42,340 DEBUG            http.wire| http-outgoing-0 >> "Host: localhost:8080[\r][\n]"
22:20:42,340 DEBUG            http.wire| http-outgoing-0 >> "Connection: Keep-Alive[\r][\n]"
22:20:42,340 DEBUG            http.wire| http-outgoing-0 >> "User-Agent: Apache-HttpClient/4.5.13 (Java/11.0.16)[\r][\n]"
22:20:42,340 DEBUG            http.wire| http-outgoing-0 >> "Accept-Encoding: gzip,deflate[\r][\n]"
22:20:42,340 DEBUG            http.wire| http-outgoing-0 >> "[\r][\n]"
22:20:42,341 DEBUG            http.wire| http-outgoing-0 << "HTTP/1.1 200 [\r][\n]"
22:20:42,341 DEBUG            http.wire| http-outgoing-0 << "Content-Type: application/json[\r][\n]"
22:20:42,341 DEBUG            http.wire| http-outgoing-0 << "Transfer-Encoding: chunked[\r][\n]"
22:20:42,341 DEBUG            http.wire| http-outgoing-0 << "Date: Wed, 12 Jul 2023 19:20:41 GMT[\r][\n]"
22:20:42,341 DEBUG            http.wire| http-outgoing-0 << "Keep-Alive: timeout=60[\r][\n]"
22:20:42,341 DEBUG            http.wire| http-outgoing-0 << "Connection: keep-alive[\r][\n]"
22:20:42,341 DEBUG            http.wire| http-outgoing-0 << "[\r][\n]"
22:20:42,341 DEBUG            http.wire| http-outgoing-0 << "93[\r][\n]"
22:20:42,341 DEBUG            http.wire| http-outgoing-0 << "{"userId":51,"name":"Aleen Koepp MD","course":"Human Functionality Technician","email":"51@qa.ru","age":71,"mark":{"name":"Course mark","score":4}}[\r][\n]"
22:20:42,341 DEBUG         http.headers| http-outgoing-0 << HTTP/1.1 200 
22:20:42,341 DEBUG         http.headers| http-outgoing-0 << Content-Type: application/json
22:20:42,341 DEBUG         http.headers| http-outgoing-0 << Transfer-Encoding: chunked
22:20:42,341 DEBUG         http.headers| http-outgoing-0 << Date: Wed, 12 Jul 2023 19:20:41 GMT
22:20:42,341 DEBUG         http.headers| http-outgoing-0 << Keep-Alive: timeout=60
22:20:42,341 DEBUG         http.headers| http-outgoing-0 << Connection: keep-alive
22:20:42,341 DEBUG chain.MainClientExec| Connection can be kept alive for 60000 MILLISECONDS
22:20:42,342 DEBUG            http.wire| http-outgoing-0 << "0[\r][\n]"
22:20:42,342 DEBUG            http.wire| http-outgoing-0 << "[\r][\n]"
22:20:42,342 DEBUG entConnectionManager| Connection [id: 0][route: {}->http://localhost:8080] can be kept alive for 60.0 seconds
22:20:42,342 DEBUG HttpClientConnection| http-outgoing-0: set socket timeout to 0
22:20:42,342 DEBUG entConnectionManager| Connection released: [id: 0][route: {}->http://localhost:8080][total available: 1; route allocated: 1 of 5; total allocated: 1 of 10]
22:20:42,342 DEBUG ingClientInterceptor| Received Http response message
22:20:42,343 DEBUG    Logger.Message_IN| RAWMESSAGE [id: 738e5af6-843e-4c30-8889-42c7fb3be289, payload: HTTP/1.1 200 OK 
Content-Type:application/json
Transfer-Encoding:chunked
Date:Wed, 12 Jul 2023 19:20:41 GMT
Keep-Alive:timeout=60
Connection:keep-alive

{"userId":51,"name":"Aleen Koepp MD","course":"Human Functionality Technician","email":"51@qa.ru","age":71,"mark":{"name":"Course mark","score":4}}][headers: {citrus_message_id=738e5af6-843e-4c30-8889-42c7fb3be289, citrus_message_timestamp=1689189642342}]
22:20:42,343 DEBUG  client.RestTemplate| Response 200 OK
22:20:42,343 DEBUG  client.RestTemplate| Reading to [java.lang.String] as "application/json"
22:20:42,343 INFO     client.HttpClient| HTTP message was sent to endpoint: 'http://localhost:8080/user/get/51'
22:20:42,343 DEBUG aultHttpHeaderMapper| inboundHeaderNames=[Accept-Ranges, Age, Allow, Cache-Control, Connection, Content-Encoding, Content-Language, Content-Length, Content-Location, Content-MD5, Content-Range, Content-Type, Content-Disposition, Transfer-Encoding, Date, ETag, Expires, Last-Modified, Location, Pragma, Proxy-Authenticate, Refresh, Retry-After, Server, Set-Cookie, Trailer, Vary, Via, Warning, WWW-Authenticate]
22:20:42,343 DEBUG aultHttpHeaderMapper| headerName=[content-type] WILL be mapped, matched pattern=content-type
22:20:42,343 DEBUG aultHttpHeaderMapper| setting headerName=[contentType], value=application/json
22:20:42,343 DEBUG aultHttpHeaderMapper| headerName=[transfer-encoding] WILL be mapped, matched pattern=transfer-encoding
22:20:42,343 DEBUG aultHttpHeaderMapper| setting headerName=[Transfer-Encoding], value=[chunked]
22:20:42,343 DEBUG aultHttpHeaderMapper| headerName=[date] WILL be mapped, matched pattern=date
22:20:42,343 DEBUG aultHttpHeaderMapper| setting headerName=[Date], value=1 689 189 641 000
22:20:42,343 DEBUG aultHttpHeaderMapper| headerName=[keep-alive] WILL NOT be mapped
22:20:42,343 DEBUG aultHttpHeaderMapper| headerName=[connection] WILL be mapped, matched pattern=connection
22:20:42,343 DEBUG aultHttpHeaderMapper| setting headerName=[Connection], value=[keep-alive]
22:20:42,343 DEBUG ltCorrelationManager| Saving correlated object for 'citrus_message_id = 'c1c1f0c2-e88e-4d65-aaf1-78c06966b457''
22:20:42,343 INFO  port.LoggingReporter| 
22:20:42,344 DEBUG port.LoggingReporter| TEST STEP 101 SUCCESS
22:20:42,344 INFO  port.LoggingReporter| 
22:20:42,344 DEBUG port.LoggingReporter| TEST STEP 102: receive
22:20:42,344 DEBUG ngCorrelationManager| Get correlation key for 'citrus_message_correlator_httpRESTClient'
22:20:42,344 DEBUG ltCorrelationManager| Finding correlated object for 'citrus_message_id = 'c1c1f0c2-e88e-4d65-aaf1-78c06966b457''
22:20:42,345 DEBUG ageValidatorRegistry| Found 4 message validators for message
22:20:42,345 DEBUG ssageHeaderValidator| Start message header validation ...
22:20:42,345 DEBUG faultHeaderValidator| Validating header element: citrus_http_reason_phrase='OK': OK.
22:20:42,345 DEBUG faultHeaderValidator| Validating header element: citrus_http_status_code='200': OK.
22:20:42,345 INFO  ssageHeaderValidator| Message header validation successful: All values OK
22:20:42,345 DEBUG TextMessageValidator| Start JSON message validation ...
22:20:42,345 DEBUG JsonSchemaValidation| Starting Json schema validation ...
22:20:42,345 INFO  JsonSchemaValidation| Json schema validation successful: All values OK
22:20:42,345 DEBUG TextMessageValidator| Received message:
HTTPMESSAGE [id: a560ebb0-02e4-42f4-8693-f8e40cdfde18, payload: {"userId":51,"name":"Aleen Koepp MD","course":"Human Functionality Technician","email":"51@qa.ru","age":71,"mark":{"name":"Course mark","score":4}}][headers: {Transfer-Encoding=chunked, Connection=keep-alive, contentType=application/json, Date=1689189641000, citrus_message_id=a560ebb0-02e4-42f4-8693-f8e40cdfde18, citrus_message_timestamp=1689189642343, Keep-Alive=timeout=60, Content-Type=application/json, citrus_http_status_code=200, citrus_http_reason_phrase=OK, citrus_http_version=HTTP/1.1}]
22:20:42,345 DEBUG TextMessageValidator| Control message:
HTTPMESSAGE [id: 8c87e838-8f41-436b-a8c5-e91dd5bd3303, payload: {"userId":51,"email":"@contains('@qa.ru')@","name":"@matches('^[a-zA-Z\\s\\.]*$')@","course":"@matches('^[a-zA-Z\\s]*$')@","age":"@isNumber()@","mark":{"name":"@contains('Course mark')@","score":"@isNumber()@"}}][headers: {citrus_message_id=8c87e838-8f41-436b-a8c5-e91dd5bd3303, citrus_message_timestamp=1689189642344, citrus_http_reason_phrase=OK, citrus_http_status_code=200, citrus_message_type=JSON}]
22:20:42,345 DEBUG TextMessageValidator| Validation successful for JSON entry 'name' (@matches('^[a-zA-Z\s\.]*$')@)
22:20:42,345 DEBUG TextMessageValidator| Validation successful for JSON entry 'course' (@matches('^[a-zA-Z\s]*$')@)
22:20:42,345 DEBUG TextMessageValidator| Validation successful for JSON entry 'userId' (51)
22:20:42,345 DEBUG TextMessageValidator| Validation successful for JSON entry 'email' (@contains('@qa.ru')@)
22:20:42,345 DEBUG TextMessageValidator| Validation successful for JSON entry 'age' (@isNumber()@)
22:20:42,345 DEBUG TextMessageValidator| Validation successful for JSON entry 'score' (@isNumber()@)
22:20:42,345 DEBUG TextMessageValidator| Validation successful for JSON entry 'name' (@contains('Course mark')@)
22:20:42,345 DEBUG TextMessageValidator| Validation successful for JSON entry 'mark' ({"score":"@isNumber()@","name":"@contains('Course mark')@"})
22:20:42,345 INFO  TextMessageValidator| JSON message validation successful: All values OK
22:20:42,345 INFO  port.LoggingReporter| 
22:20:42,345 DEBUG port.LoggingReporter| TEST STEP 102 SUCCESS
]]></system-out>
  </testcase>
  <testcase name="getUserStubParametrizedTest(int)[52]" classname="citrus.HttpRESTStubTests" time="0.009">
    <error type="com.consol.citrus.exceptions.TestCaseFailedException"><![CDATA[com.consol.citrus.exceptions.TestCaseFailedException: MatchesValidationMatcher failed for field 'name'. Received value is 'Benito O'Keefe', control value is '^[a-zA-Z\s\.]*$'
	at citrus.HttpRESTStubTests.getUserStubParametrizedTest(HttpRESTStubTests.java:94)
Caused by: com.consol.citrus.exceptions.ValidationException: MatchesValidationMatcher failed for field 'name'. Received value is 'Benito O'Keefe', control value is '^[a-zA-Z\s\.]*$'
	at citrus.HttpRESTStubTests.getUserStubParametrizedTest(HttpRESTStubTests.java:94)
]]></error>
    <system-out><![CDATA[22:20:42,347 INFO  port.LoggingReporter| 
22:20:42,347 INFO  port.LoggingReporter| ------------------------------------------------------------------------
22:20:42,347 DEBUG port.LoggingReporter| STARTING TEST HttpRESTStubTests.getUserStubParametrizedTest <citrus>
22:20:42,347 INFO  port.LoggingReporter| 
22:20:42,347 DEBUG trus.DefaultTestCase| Initializing test case
22:20:42,347 DEBUG trus.DefaultTestCase| Global variables:
22:20:42,347 DEBUG trus.DefaultTestCase| citrus_message_correlator_httpRESTClient = citrus_message_id = 'c1c1f0c2-e88e-4d65-aaf1-78c06966b457'
22:20:42,347 DEBUG trus.DefaultTestCase| default.test.author = Unknown
22:20:42,347 DEBUG trus.DefaultTestCase| citrus.test.package = citrus
22:20:42,347 DEBUG trus.DefaultTestCase| citrus.test.name = HttpRESTStubTests.getUserStubParametrizedTest
22:20:42,347 DEBUG trus.DefaultTestCase| project.name = Citrus Integration Tests
22:20:42,347 DEBUG trus.DefaultTestCase| userId = 35
22:20:42,347 DEBUG trus.DefaultTestCase| citrus_message_replyTo_citrus_message_correlator_httpRESTClient = http://localhost:8080/user/get/51
22:20:42,347 DEBUG trus.DefaultTestCase| url = http://localhost:8080/user
22:20:42,347 DEBUG trus.DefaultTestCase| default.test.package = citrus
22:20:42,347 DEBUG  context.TestContext| Setting variable: citrus.test.name with value: 'HttpRESTStubTests.getUserStubParametrizedTest'
22:20:42,347 DEBUG  context.TestContext| Setting variable: citrus.test.package with value: 'citrus'
22:20:42,347 DEBUG trus.DefaultTestCase| Test variables:
22:20:42,347 DEBUG trus.DefaultTestCase| citrus_message_correlator_httpRESTClient = citrus_message_id = 'c1c1f0c2-e88e-4d65-aaf1-78c06966b457'
22:20:42,347 DEBUG trus.DefaultTestCase| default.test.author = Unknown
22:20:42,347 DEBUG trus.DefaultTestCase| citrus.test.package = citrus
22:20:42,347 DEBUG trus.DefaultTestCase| citrus.test.name = HttpRESTStubTests.getUserStubParametrizedTest
22:20:42,347 DEBUG trus.DefaultTestCase| project.name = Citrus Integration Tests
22:20:42,347 DEBUG trus.DefaultTestCase| userId = 35
22:20:42,347 DEBUG trus.DefaultTestCase| citrus_message_replyTo_citrus_message_correlator_httpRESTClient = http://localhost:8080/user/get/51
22:20:42,347 DEBUG trus.DefaultTestCase| url = http://localhost:8080/user
22:20:42,347 DEBUG trus.DefaultTestCase| default.test.package = citrus
22:20:42,348 INFO  port.LoggingReporter| 
22:20:42,348 DEBUG port.LoggingReporter| TEST STEP 103: send
22:20:42,348 DEBUG ltCorrelationManager| Saving correlation key for 'citrus_message_correlator_httpRESTClient'
22:20:42,348 DEBUG  context.TestContext| Setting variable: citrus_message_correlator_httpRESTClient with value: 'citrus_message_id = '9e2433a4-9d4d-44c3-b503-8cf376bb4c52''
22:20:42,348 DEBUG  context.TestContext| Setting variable: citrus_message_replyTo_citrus_message_correlator_httpRESTClient with value: 'http://localhost:8080/user/get/52'
22:20:42,348 INFO     client.HttpClient| Sending HTTP message to: 'http://localhost:8080/user/get/52'
22:20:42,348 DEBUG    client.HttpClient| Message to send:

22:20:42,348 DEBUG aultHttpHeaderMapper| outboundHeaderNames=[Accept, Accept-Charset, Accept-Encoding, Accept-Language, Accept-Ranges, Authorization, Cache-Control, Connection, Content-Length, Content-Type, Cookie, Date, Expect, From, Host, If-Match, If-Modified-Since, If-None-Match, If-Range, If-Unmodified-Since, Max-Forwards, Pragma, Proxy-Authorization, Range, Referer, TE, Upgrade, User-Agent, Via, Warning]
22:20:42,348 DEBUG aultHttpHeaderMapper| headerName=[citrus_message_timestamp] WILL NOT be mapped
22:20:42,348 DEBUG aultHttpHeaderMapper| headerName=[citrus_message_type] WILL NOT be mapped
22:20:42,348 DEBUG aultHttpHeaderMapper| headerName=[citrus_request_path] WILL NOT be mapped
22:20:42,348 DEBUG aultHttpHeaderMapper| headerName=[citrus_http_request_uri] WILL NOT be mapped
22:20:42,348 DEBUG aultHttpHeaderMapper| headerName=[id] WILL NOT be mapped
22:20:42,348 DEBUG aultHttpHeaderMapper| headerName=[citrus_message_id] WILL NOT be mapped
22:20:42,348 DEBUG aultHttpHeaderMapper| headerName=[citrus_http_method] WILL NOT be mapped
22:20:42,348 DEBUG aultHttpHeaderMapper| headerName=[timestamp] WILL NOT be mapped
22:20:42,348 DEBUG  client.RestTemplate| HTTP GET http://localhost:8080/user/get/52
22:20:42,348 DEBUG  client.RestTemplate| Accept=[text/plain, application/json, application/*+json, */*]
22:20:42,348 DEBUG ingClientInterceptor| Sending Http request message
22:20:42,350 DEBUG   Logger.Message_OUT| RAWMESSAGE [id: d819ccf3-aa5e-4378-bf35-732a24f16408, payload: GET http://localhost:8080/user/get/52
Accept:text/plain, application/json, application/*+json, */*
Content-Type:application/json;charset=UTF-8
Content-Length:0][headers: {citrus_message_id=d819ccf3-aa5e-4378-bf35-732a24f16408, citrus_message_timestamp=1689189642348}]
22:20:42,350 DEBUG ol.RequestAddCookies| CookieSpec selected: default
22:20:42,350 DEBUG col.RequestAuthCache| Auth cache not set in the context
22:20:42,350 DEBUG entConnectionManager| Connection request: [route: {}->http://localhost:8080][total available: 1; route allocated: 1 of 5; total allocated: 1 of 10]
22:20:42,350 DEBUG entConnectionManager| Connection leased: [id: 0][route: {}->http://localhost:8080][total available: 0; route allocated: 1 of 5; total allocated: 1 of 10]
22:20:42,350 DEBUG HttpClientConnection| http-outgoing-0: set socket timeout to 0
22:20:42,350 DEBUG chain.MainClientExec| Executing request GET /user/get/52 HTTP/1.1
22:20:42,350 DEBUG chain.MainClientExec| Target auth state: UNCHALLENGED
22:20:42,350 DEBUG chain.MainClientExec| Proxy auth state: UNCHALLENGED
22:20:42,350 DEBUG         http.headers| http-outgoing-0 >> GET /user/get/52 HTTP/1.1
22:20:42,350 DEBUG         http.headers| http-outgoing-0 >> Accept: text/plain, application/json, application/*+json, */*
22:20:42,350 DEBUG         http.headers| http-outgoing-0 >> Content-Type: application/json;charset=UTF-8
22:20:42,350 DEBUG         http.headers| http-outgoing-0 >> Host: localhost:8080
22:20:42,350 DEBUG         http.headers| http-outgoing-0 >> Connection: Keep-Alive
22:20:42,350 DEBUG         http.headers| http-outgoing-0 >> User-Agent: Apache-HttpClient/4.5.13 (Java/11.0.16)
22:20:42,350 DEBUG         http.headers| http-outgoing-0 >> Accept-Encoding: gzip,deflate
22:20:42,350 DEBUG            http.wire| http-outgoing-0 >> "GET /user/get/52 HTTP/1.1[\r][\n]"
22:20:42,350 DEBUG            http.wire| http-outgoing-0 >> "Accept: text/plain, application/json, application/*+json, */*[\r][\n]"
22:20:42,350 DEBUG            http.wire| http-outgoing-0 >> "Content-Type: application/json;charset=UTF-8[\r][\n]"
22:20:42,350 DEBUG            http.wire| http-outgoing-0 >> "Host: localhost:8080[\r][\n]"
22:20:42,350 DEBUG            http.wire| http-outgoing-0 >> "Connection: Keep-Alive[\r][\n]"
22:20:42,350 DEBUG            http.wire| http-outgoing-0 >> "User-Agent: Apache-HttpClient/4.5.13 (Java/11.0.16)[\r][\n]"
22:20:42,350 DEBUG            http.wire| http-outgoing-0 >> "Accept-Encoding: gzip,deflate[\r][\n]"
22:20:42,350 DEBUG            http.wire| http-outgoing-0 >> "[\r][\n]"
22:20:42,351 DEBUG            http.wire| http-outgoing-0 << "HTTP/1.1 200 [\r][\n]"
22:20:42,351 DEBUG            http.wire| http-outgoing-0 << "Content-Type: application/json[\r][\n]"
22:20:42,351 DEBUG            http.wire| http-outgoing-0 << "Transfer-Encoding: chunked[\r][\n]"
22:20:42,351 DEBUG            http.wire| http-outgoing-0 << "Date: Wed, 12 Jul 2023 19:20:41 GMT[\r][\n]"
22:20:42,351 DEBUG            http.wire| http-outgoing-0 << "Keep-Alive: timeout=60[\r][\n]"
22:20:42,351 DEBUG            http.wire| http-outgoing-0 << "Connection: keep-alive[\r][\n]"
22:20:42,351 DEBUG            http.wire| http-outgoing-0 << "[\r][\n]"
22:20:42,351 DEBUG            http.wire| http-outgoing-0 << "91[\r][\n]"
22:20:42,351 DEBUG            http.wire| http-outgoing-0 << "{"userId":52,"name":"Benito O'Keefe","course":"Dynamic Integration Designer","email":"52@qa.ru","age":35,"mark":{"name":"Course mark","score":9}}[\r][\n]"
22:20:42,351 DEBUG         http.headers| http-outgoing-0 << HTTP/1.1 200 
22:20:42,351 DEBUG         http.headers| http-outgoing-0 << Content-Type: application/json
22:20:42,351 DEBUG         http.headers| http-outgoing-0 << Transfer-Encoding: chunked
22:20:42,351 DEBUG         http.headers| http-outgoing-0 << Date: Wed, 12 Jul 2023 19:20:41 GMT
22:20:42,351 DEBUG         http.headers| http-outgoing-0 << Keep-Alive: timeout=60
22:20:42,351 DEBUG         http.headers| http-outgoing-0 << Connection: keep-alive
22:20:42,351 DEBUG chain.MainClientExec| Connection can be kept alive for 60000 MILLISECONDS
22:20:42,351 DEBUG            http.wire| http-outgoing-0 << "0[\r][\n]"
22:20:42,351 DEBUG            http.wire| http-outgoing-0 << "[\r][\n]"
22:20:42,351 DEBUG entConnectionManager| Connection [id: 0][route: {}->http://localhost:8080] can be kept alive for 60.0 seconds
22:20:42,352 DEBUG HttpClientConnection| http-outgoing-0: set socket timeout to 0
22:20:42,352 DEBUG entConnectionManager| Connection released: [id: 0][route: {}->http://localhost:8080][total available: 1; route allocated: 1 of 5; total allocated: 1 of 10]
22:20:42,352 DEBUG ingClientInterceptor| Received Http response message
22:20:42,353 DEBUG    Logger.Message_IN| RAWMESSAGE [id: 18296511-7196-42bd-8787-417383e1ad74, payload: HTTP/1.1 200 OK 
Content-Type:application/json
Transfer-Encoding:chunked
Date:Wed, 12 Jul 2023 19:20:41 GMT
Keep-Alive:timeout=60
Connection:keep-alive

{"userId":52,"name":"Benito O'Keefe","course":"Dynamic Integration Designer","email":"52@qa.ru","age":35,"mark":{"name":"Course mark","score":9}}][headers: {citrus_message_id=18296511-7196-42bd-8787-417383e1ad74, citrus_message_timestamp=1689189642352}]
22:20:42,353 DEBUG  client.RestTemplate| Response 200 OK
22:20:42,353 DEBUG  client.RestTemplate| Reading to [java.lang.String] as "application/json"
22:20:42,353 INFO     client.HttpClient| HTTP message was sent to endpoint: 'http://localhost:8080/user/get/52'
22:20:42,353 DEBUG aultHttpHeaderMapper| inboundHeaderNames=[Accept-Ranges, Age, Allow, Cache-Control, Connection, Content-Encoding, Content-Language, Content-Length, Content-Location, Content-MD5, Content-Range, Content-Type, Content-Disposition, Transfer-Encoding, Date, ETag, Expires, Last-Modified, Location, Pragma, Proxy-Authenticate, Refresh, Retry-After, Server, Set-Cookie, Trailer, Vary, Via, Warning, WWW-Authenticate]
22:20:42,353 DEBUG aultHttpHeaderMapper| headerName=[content-type] WILL be mapped, matched pattern=content-type
22:20:42,353 DEBUG aultHttpHeaderMapper| setting headerName=[contentType], value=application/json
22:20:42,353 DEBUG aultHttpHeaderMapper| headerName=[transfer-encoding] WILL be mapped, matched pattern=transfer-encoding
22:20:42,353 DEBUG aultHttpHeaderMapper| setting headerName=[Transfer-Encoding], value=[chunked]
22:20:42,353 DEBUG aultHttpHeaderMapper| headerName=[date] WILL be mapped, matched pattern=date
22:20:42,353 DEBUG aultHttpHeaderMapper| setting headerName=[Date], value=1 689 189 641 000
22:20:42,353 DEBUG aultHttpHeaderMapper| headerName=[keep-alive] WILL NOT be mapped
22:20:42,353 DEBUG aultHttpHeaderMapper| headerName=[connection] WILL be mapped, matched pattern=connection
22:20:42,353 DEBUG aultHttpHeaderMapper| setting headerName=[Connection], value=[keep-alive]
22:20:42,353 DEBUG ltCorrelationManager| Saving correlated object for 'citrus_message_id = '9e2433a4-9d4d-44c3-b503-8cf376bb4c52''
22:20:42,353 INFO  port.LoggingReporter| 
22:20:42,353 DEBUG port.LoggingReporter| TEST STEP 103 SUCCESS
22:20:42,353 INFO  port.LoggingReporter| 
22:20:42,353 DEBUG port.LoggingReporter| TEST STEP 104: receive
22:20:42,353 DEBUG ngCorrelationManager| Get correlation key for 'citrus_message_correlator_httpRESTClient'
22:20:42,353 DEBUG ltCorrelationManager| Finding correlated object for 'citrus_message_id = '9e2433a4-9d4d-44c3-b503-8cf376bb4c52''
22:20:42,354 DEBUG ageValidatorRegistry| Found 4 message validators for message
22:20:42,354 DEBUG ssageHeaderValidator| Start message header validation ...
22:20:42,354 DEBUG faultHeaderValidator| Validating header element: citrus_http_reason_phrase='OK': OK.
22:20:42,354 DEBUG faultHeaderValidator| Validating header element: citrus_http_status_code='200': OK.
22:20:42,354 INFO  ssageHeaderValidator| Message header validation successful: All values OK
22:20:42,354 DEBUG TextMessageValidator| Start JSON message validation ...
22:20:42,354 DEBUG JsonSchemaValidation| Starting Json schema validation ...
22:20:42,354 INFO  JsonSchemaValidation| Json schema validation successful: All values OK
22:20:42,354 DEBUG TextMessageValidator| Received message:
HTTPMESSAGE [id: e7bb0345-888d-449c-8adb-df812ea3bc15, payload: {"userId":52,"name":"Benito O'Keefe","course":"Dynamic Integration Designer","email":"52@qa.ru","age":35,"mark":{"name":"Course mark","score":9}}][headers: {Transfer-Encoding=chunked, Connection=keep-alive, contentType=application/json, Date=1689189641000, citrus_message_id=e7bb0345-888d-449c-8adb-df812ea3bc15, citrus_message_timestamp=1689189642353, Keep-Alive=timeout=60, Content-Type=application/json, citrus_http_status_code=200, citrus_http_reason_phrase=OK, citrus_http_version=HTTP/1.1}]
22:20:42,354 DEBUG TextMessageValidator| Control message:
HTTPMESSAGE [id: 3ebcce6b-bace-4582-af70-d6c7a396b3ad, payload: {"userId":52,"email":"@contains('@qa.ru')@","name":"@matches('^[a-zA-Z\\s\\.]*$')@","course":"@matches('^[a-zA-Z\\s]*$')@","age":"@isNumber()@","mark":{"name":"@contains('Course mark')@","score":"@isNumber()@"}}][headers: {citrus_message_id=3ebcce6b-bace-4582-af70-d6c7a396b3ad, citrus_message_timestamp=1689189642353, citrus_http_reason_phrase=OK, citrus_http_status_code=200, citrus_message_type=JSON}]
]]></system-out>
  </testcase>
  <testcase name="getUserStubParametrizedTest(int)[53]" classname="citrus.HttpRESTStubTests" time="0.009">
    <system-out><![CDATA[22:20:42,357 INFO  port.LoggingReporter| 
22:20:42,357 INFO  port.LoggingReporter| ------------------------------------------------------------------------
22:20:42,357 DEBUG port.LoggingReporter| STARTING TEST HttpRESTStubTests.getUserStubParametrizedTest <citrus>
22:20:42,357 INFO  port.LoggingReporter| 
22:20:42,357 DEBUG trus.DefaultTestCase| Initializing test case
22:20:42,357 DEBUG trus.DefaultTestCase| Global variables:
22:20:42,357 DEBUG trus.DefaultTestCase| citrus_message_correlator_httpRESTClient = citrus_message_id = '9e2433a4-9d4d-44c3-b503-8cf376bb4c52'
22:20:42,357 DEBUG trus.DefaultTestCase| default.test.author = Unknown
22:20:42,357 DEBUG trus.DefaultTestCase| citrus.test.package = citrus
22:20:42,357 DEBUG trus.DefaultTestCase| citrus.test.name = HttpRESTStubTests.getUserStubParametrizedTest
22:20:42,357 DEBUG trus.DefaultTestCase| project.name = Citrus Integration Tests
22:20:42,357 DEBUG trus.DefaultTestCase| userId = 35
22:20:42,357 DEBUG trus.DefaultTestCase| citrus_message_replyTo_citrus_message_correlator_httpRESTClient = http://localhost:8080/user/get/52
22:20:42,357 DEBUG trus.DefaultTestCase| url = http://localhost:8080/user
22:20:42,357 DEBUG trus.DefaultTestCase| default.test.package = citrus
22:20:42,357 DEBUG  context.TestContext| Setting variable: citrus.test.name with value: 'HttpRESTStubTests.getUserStubParametrizedTest'
22:20:42,357 DEBUG  context.TestContext| Setting variable: citrus.test.package with value: 'citrus'
22:20:42,357 DEBUG trus.DefaultTestCase| Test variables:
22:20:42,357 DEBUG trus.DefaultTestCase| citrus_message_correlator_httpRESTClient = citrus_message_id = '9e2433a4-9d4d-44c3-b503-8cf376bb4c52'
22:20:42,357 DEBUG trus.DefaultTestCase| default.test.author = Unknown
22:20:42,357 DEBUG trus.DefaultTestCase| citrus.test.package = citrus
22:20:42,357 DEBUG trus.DefaultTestCase| citrus.test.name = HttpRESTStubTests.getUserStubParametrizedTest
22:20:42,357 DEBUG trus.DefaultTestCase| project.name = Citrus Integration Tests
22:20:42,357 DEBUG trus.DefaultTestCase| userId = 35
22:20:42,357 DEBUG trus.DefaultTestCase| citrus_message_replyTo_citrus_message_correlator_httpRESTClient = http://localhost:8080/user/get/52
22:20:42,357 DEBUG trus.DefaultTestCase| url = http://localhost:8080/user
22:20:42,357 DEBUG trus.DefaultTestCase| default.test.package = citrus
22:20:42,357 INFO  port.LoggingReporter| 
22:20:42,357 DEBUG port.LoggingReporter| TEST STEP 105: send
22:20:42,357 DEBUG ltCorrelationManager| Saving correlation key for 'citrus_message_correlator_httpRESTClient'
22:20:42,357 DEBUG  context.TestContext| Setting variable: citrus_message_correlator_httpRESTClient with value: 'citrus_message_id = '9e454ffb-14fa-4ea8-8b1f-94b6e9699f4c''
22:20:42,357 DEBUG  context.TestContext| Setting variable: citrus_message_replyTo_citrus_message_correlator_httpRESTClient with value: 'http://localhost:8080/user/get/53'
22:20:42,357 INFO     client.HttpClient| Sending HTTP message to: 'http://localhost:8080/user/get/53'
22:20:42,357 DEBUG    client.HttpClient| Message to send:

22:20:42,357 DEBUG aultHttpHeaderMapper| outboundHeaderNames=[Accept, Accept-Charset, Accept-Encoding, Accept-Language, Accept-Ranges, Authorization, Cache-Control, Connection, Content-Length, Content-Type, Cookie, Date, Expect, From, Host, If-Match, If-Modified-Since, If-None-Match, If-Range, If-Unmodified-Since, Max-Forwards, Pragma, Proxy-Authorization, Range, Referer, TE, Upgrade, User-Agent, Via, Warning]
22:20:42,357 DEBUG aultHttpHeaderMapper| headerName=[citrus_message_timestamp] WILL NOT be mapped
22:20:42,357 DEBUG aultHttpHeaderMapper| headerName=[citrus_message_type] WILL NOT be mapped
22:20:42,357 DEBUG aultHttpHeaderMapper| headerName=[citrus_request_path] WILL NOT be mapped
22:20:42,357 DEBUG aultHttpHeaderMapper| headerName=[citrus_http_request_uri] WILL NOT be mapped
22:20:42,357 DEBUG aultHttpHeaderMapper| headerName=[id] WILL NOT be mapped
22:20:42,357 DEBUG aultHttpHeaderMapper| headerName=[citrus_message_id] WILL NOT be mapped
22:20:42,357 DEBUG aultHttpHeaderMapper| headerName=[citrus_http_method] WILL NOT be mapped
22:20:42,357 DEBUG aultHttpHeaderMapper| headerName=[timestamp] WILL NOT be mapped
22:20:42,358 DEBUG  client.RestTemplate| HTTP GET http://localhost:8080/user/get/53
22:20:42,358 DEBUG  client.RestTemplate| Accept=[text/plain, application/json, application/*+json, */*]
22:20:42,358 DEBUG ingClientInterceptor| Sending Http request message
22:20:42,359 DEBUG   Logger.Message_OUT| RAWMESSAGE [id: e9f36b0d-d53e-4088-8ca7-47c382e03cd9, payload: GET http://localhost:8080/user/get/53
Accept:text/plain, application/json, application/*+json, */*
Content-Type:application/json;charset=UTF-8
Content-Length:0][headers: {citrus_message_id=e9f36b0d-d53e-4088-8ca7-47c382e03cd9, citrus_message_timestamp=1689189642358}]
22:20:42,359 DEBUG ol.RequestAddCookies| CookieSpec selected: default
22:20:42,359 DEBUG col.RequestAuthCache| Auth cache not set in the context
22:20:42,359 DEBUG entConnectionManager| Connection request: [route: {}->http://localhost:8080][total available: 1; route allocated: 1 of 5; total allocated: 1 of 10]
22:20:42,359 DEBUG entConnectionManager| Connection leased: [id: 0][route: {}->http://localhost:8080][total available: 0; route allocated: 1 of 5; total allocated: 1 of 10]
22:20:42,359 DEBUG HttpClientConnection| http-outgoing-0: set socket timeout to 0
22:20:42,359 DEBUG chain.MainClientExec| Executing request GET /user/get/53 HTTP/1.1
22:20:42,359 DEBUG chain.MainClientExec| Target auth state: UNCHALLENGED
22:20:42,359 DEBUG chain.MainClientExec| Proxy auth state: UNCHALLENGED
22:20:42,359 DEBUG         http.headers| http-outgoing-0 >> GET /user/get/53 HTTP/1.1
22:20:42,359 DEBUG         http.headers| http-outgoing-0 >> Accept: text/plain, application/json, application/*+json, */*
22:20:42,359 DEBUG         http.headers| http-outgoing-0 >> Content-Type: application/json;charset=UTF-8
22:20:42,359 DEBUG         http.headers| http-outgoing-0 >> Host: localhost:8080
22:20:42,359 DEBUG         http.headers| http-outgoing-0 >> Connection: Keep-Alive
22:20:42,359 DEBUG         http.headers| http-outgoing-0 >> User-Agent: Apache-HttpClient/4.5.13 (Java/11.0.16)
22:20:42,359 DEBUG         http.headers| http-outgoing-0 >> Accept-Encoding: gzip,deflate
22:20:42,359 DEBUG            http.wire| http-outgoing-0 >> "GET /user/get/53 HTTP/1.1[\r][\n]"
22:20:42,359 DEBUG            http.wire| http-outgoing-0 >> "Accept: text/plain, application/json, application/*+json, */*[\r][\n]"
22:20:42,359 DEBUG            http.wire| http-outgoing-0 >> "Content-Type: application/json;charset=UTF-8[\r][\n]"
22:20:42,359 DEBUG            http.wire| http-outgoing-0 >> "Host: localhost:8080[\r][\n]"
22:20:42,359 DEBUG            http.wire| http-outgoing-0 >> "Connection: Keep-Alive[\r][\n]"
22:20:42,359 DEBUG            http.wire| http-outgoing-0 >> "User-Agent: Apache-HttpClient/4.5.13 (Java/11.0.16)[\r][\n]"
22:20:42,359 DEBUG            http.wire| http-outgoing-0 >> "Accept-Encoding: gzip,deflate[\r][\n]"
22:20:42,359 DEBUG            http.wire| http-outgoing-0 >> "[\r][\n]"
22:20:42,360 DEBUG            http.wire| http-outgoing-0 << "HTTP/1.1 200 [\r][\n]"
22:20:42,360 DEBUG            http.wire| http-outgoing-0 << "Content-Type: application/json[\r][\n]"
22:20:42,360 DEBUG            http.wire| http-outgoing-0 << "Transfer-Encoding: chunked[\r][\n]"
22:20:42,360 DEBUG            http.wire| http-outgoing-0 << "Date: Wed, 12 Jul 2023 19:20:41 GMT[\r][\n]"
22:20:42,360 DEBUG            http.wire| http-outgoing-0 << "Keep-Alive: timeout=60[\r][\n]"
22:20:42,360 DEBUG            http.wire| http-outgoing-0 << "Connection: keep-alive[\r][\n]"
22:20:42,360 DEBUG            http.wire| http-outgoing-0 << "[\r][\n]"
22:20:42,360 DEBUG            http.wire| http-outgoing-0 << "8e[\r][\n]"
22:20:42,360 DEBUG            http.wire| http-outgoing-0 << "{"userId":53,"name":"Miss Colby Feil","course":"Human Mobility Developer","email":"53@qa.ru","age":22,"mark":{"name":"Course mark","score":5}}[\r][\n]"
22:20:42,360 DEBUG         http.headers| http-outgoing-0 << HTTP/1.1 200 
22:20:42,360 DEBUG         http.headers| http-outgoing-0 << Content-Type: application/json
22:20:42,360 DEBUG         http.headers| http-outgoing-0 << Transfer-Encoding: chunked
22:20:42,360 DEBUG         http.headers| http-outgoing-0 << Date: Wed, 12 Jul 2023 19:20:41 GMT
22:20:42,360 DEBUG         http.headers| http-outgoing-0 << Keep-Alive: timeout=60
22:20:42,360 DEBUG         http.headers| http-outgoing-0 << Connection: keep-alive
22:20:42,361 DEBUG chain.MainClientExec| Connection can be kept alive for 60000 MILLISECONDS
22:20:42,361 DEBUG            http.wire| http-outgoing-0 << "0[\r][\n]"
22:20:42,361 DEBUG            http.wire| http-outgoing-0 << "[\r][\n]"
22:20:42,361 DEBUG entConnectionManager| Connection [id: 0][route: {}->http://localhost:8080] can be kept alive for 60.0 seconds
22:20:42,361 DEBUG HttpClientConnection| http-outgoing-0: set socket timeout to 0
22:20:42,361 DEBUG entConnectionManager| Connection released: [id: 0][route: {}->http://localhost:8080][total available: 1; route allocated: 1 of 5; total allocated: 1 of 10]
22:20:42,361 DEBUG ingClientInterceptor| Received Http response message
22:20:42,362 DEBUG    Logger.Message_IN| RAWMESSAGE [id: 798aab51-618e-49c3-94c1-24bc3c57072a, payload: HTTP/1.1 200 OK 
Content-Type:application/json
Transfer-Encoding:chunked
Date:Wed, 12 Jul 2023 19:20:41 GMT
Keep-Alive:timeout=60
Connection:keep-alive

{"userId":53,"name":"Miss Colby Feil","course":"Human Mobility Developer","email":"53@qa.ru","age":22,"mark":{"name":"Course mark","score":5}}][headers: {citrus_message_id=798aab51-618e-49c3-94c1-24bc3c57072a, citrus_message_timestamp=1689189642361}]
22:20:42,362 DEBUG  client.RestTemplate| Response 200 OK
22:20:42,362 DEBUG  client.RestTemplate| Reading to [java.lang.String] as "application/json"
22:20:42,362 INFO     client.HttpClient| HTTP message was sent to endpoint: 'http://localhost:8080/user/get/53'
22:20:42,362 DEBUG aultHttpHeaderMapper| inboundHeaderNames=[Accept-Ranges, Age, Allow, Cache-Control, Connection, Content-Encoding, Content-Language, Content-Length, Content-Location, Content-MD5, Content-Range, Content-Type, Content-Disposition, Transfer-Encoding, Date, ETag, Expires, Last-Modified, Location, Pragma, Proxy-Authenticate, Refresh, Retry-After, Server, Set-Cookie, Trailer, Vary, Via, Warning, WWW-Authenticate]
22:20:42,362 DEBUG aultHttpHeaderMapper| headerName=[content-type] WILL be mapped, matched pattern=content-type
22:20:42,362 DEBUG aultHttpHeaderMapper| setting headerName=[contentType], value=application/json
22:20:42,362 DEBUG aultHttpHeaderMapper| headerName=[transfer-encoding] WILL be mapped, matched pattern=transfer-encoding
22:20:42,362 DEBUG aultHttpHeaderMapper| setting headerName=[Transfer-Encoding], value=[chunked]
22:20:42,362 DEBUG aultHttpHeaderMapper| headerName=[date] WILL be mapped, matched pattern=date
22:20:42,363 DEBUG aultHttpHeaderMapper| setting headerName=[Date], value=1 689 189 641 000
22:20:42,363 DEBUG aultHttpHeaderMapper| headerName=[keep-alive] WILL NOT be mapped
22:20:42,363 DEBUG aultHttpHeaderMapper| headerName=[connection] WILL be mapped, matched pattern=connection
22:20:42,363 DEBUG aultHttpHeaderMapper| setting headerName=[Connection], value=[keep-alive]
22:20:42,363 DEBUG ltCorrelationManager| Saving correlated object for 'citrus_message_id = '9e454ffb-14fa-4ea8-8b1f-94b6e9699f4c''
22:20:42,363 INFO  port.LoggingReporter| 
22:20:42,363 DEBUG port.LoggingReporter| TEST STEP 105 SUCCESS
22:20:42,363 INFO  port.LoggingReporter| 
22:20:42,363 DEBUG port.LoggingReporter| TEST STEP 106: receive
22:20:42,363 DEBUG ngCorrelationManager| Get correlation key for 'citrus_message_correlator_httpRESTClient'
22:20:42,363 DEBUG ltCorrelationManager| Finding correlated object for 'citrus_message_id = '9e454ffb-14fa-4ea8-8b1f-94b6e9699f4c''
22:20:42,364 DEBUG ageValidatorRegistry| Found 4 message validators for message
22:20:42,364 DEBUG ssageHeaderValidator| Start message header validation ...
22:20:42,364 DEBUG faultHeaderValidator| Validating header element: citrus_http_reason_phrase='OK': OK.
22:20:42,365 DEBUG faultHeaderValidator| Validating header element: citrus_http_status_code='200': OK.
22:20:42,365 INFO  ssageHeaderValidator| Message header validation successful: All values OK
22:20:42,365 DEBUG TextMessageValidator| Start JSON message validation ...
22:20:42,365 DEBUG JsonSchemaValidation| Starting Json schema validation ...
22:20:42,365 INFO  JsonSchemaValidation| Json schema validation successful: All values OK
22:20:42,365 DEBUG TextMessageValidator| Received message:
HTTPMESSAGE [id: f5e50c6e-c98b-40f3-a757-d43904a51640, payload: {"userId":53,"name":"Miss Colby Feil","course":"Human Mobility Developer","email":"53@qa.ru","age":22,"mark":{"name":"Course mark","score":5}}][headers: {Transfer-Encoding=chunked, Connection=keep-alive, contentType=application/json, Date=1689189641000, citrus_message_id=f5e50c6e-c98b-40f3-a757-d43904a51640, citrus_message_timestamp=1689189642363, Keep-Alive=timeout=60, Content-Type=application/json, citrus_http_status_code=200, citrus_http_reason_phrase=OK, citrus_http_version=HTTP/1.1}]
22:20:42,365 DEBUG TextMessageValidator| Control message:
HTTPMESSAGE [id: 938125d8-2cc9-452a-b1a4-ddc9c2c4d742, payload: {"userId":53,"email":"@contains('@qa.ru')@","name":"@matches('^[a-zA-Z\\s\\.]*$')@","course":"@matches('^[a-zA-Z\\s]*$')@","age":"@isNumber()@","mark":{"name":"@contains('Course mark')@","score":"@isNumber()@"}}][headers: {citrus_message_id=938125d8-2cc9-452a-b1a4-ddc9c2c4d742, citrus_message_timestamp=1689189642363, citrus_http_reason_phrase=OK, citrus_http_status_code=200, citrus_message_type=JSON}]
22:20:42,365 DEBUG TextMessageValidator| Validation successful for JSON entry 'name' (@matches('^[a-zA-Z\s\.]*$')@)
22:20:42,365 DEBUG TextMessageValidator| Validation successful for JSON entry 'course' (@matches('^[a-zA-Z\s]*$')@)
22:20:42,365 DEBUG TextMessageValidator| Validation successful for JSON entry 'userId' (53)
22:20:42,365 DEBUG TextMessageValidator| Validation successful for JSON entry 'email' (@contains('@qa.ru')@)
22:20:42,365 DEBUG TextMessageValidator| Validation successful for JSON entry 'age' (@isNumber()@)
22:20:42,365 DEBUG TextMessageValidator| Validation successful for JSON entry 'score' (@isNumber()@)
22:20:42,365 DEBUG TextMessageValidator| Validation successful for JSON entry 'name' (@contains('Course mark')@)
22:20:42,365 DEBUG TextMessageValidator| Validation successful for JSON entry 'mark' ({"score":"@isNumber()@","name":"@contains('Course mark')@"})
22:20:42,365 INFO  TextMessageValidator| JSON message validation successful: All values OK
22:20:42,365 INFO  port.LoggingReporter| 
22:20:42,365 DEBUG port.LoggingReporter| TEST STEP 106 SUCCESS
]]></system-out>
  </testcase>
  <testcase name="getUserStubParametrizedTest(int)[54]" classname="citrus.HttpRESTStubTests" time="0.008">
    <system-out><![CDATA[22:20:42,368 INFO  port.LoggingReporter| 
22:20:42,368 INFO  port.LoggingReporter| ------------------------------------------------------------------------
22:20:42,368 DEBUG port.LoggingReporter| STARTING TEST HttpRESTStubTests.getUserStubParametrizedTest <citrus>
22:20:42,368 INFO  port.LoggingReporter| 
22:20:42,368 DEBUG trus.DefaultTestCase| Initializing test case
22:20:42,368 DEBUG trus.DefaultTestCase| Global variables:
22:20:42,368 DEBUG trus.DefaultTestCase| citrus_message_correlator_httpRESTClient = citrus_message_id = '9e454ffb-14fa-4ea8-8b1f-94b6e9699f4c'
22:20:42,368 DEBUG trus.DefaultTestCase| default.test.author = Unknown
22:20:42,368 DEBUG trus.DefaultTestCase| citrus.test.package = citrus
22:20:42,368 DEBUG trus.DefaultTestCase| citrus.test.name = HttpRESTStubTests.getUserStubParametrizedTest
22:20:42,368 DEBUG trus.DefaultTestCase| project.name = Citrus Integration Tests
22:20:42,368 DEBUG trus.DefaultTestCase| userId = 35
22:20:42,368 DEBUG trus.DefaultTestCase| citrus_message_replyTo_citrus_message_correlator_httpRESTClient = http://localhost:8080/user/get/53
22:20:42,368 DEBUG trus.DefaultTestCase| url = http://localhost:8080/user
22:20:42,368 DEBUG trus.DefaultTestCase| default.test.package = citrus
22:20:42,368 DEBUG  context.TestContext| Setting variable: citrus.test.name with value: 'HttpRESTStubTests.getUserStubParametrizedTest'
22:20:42,368 DEBUG  context.TestContext| Setting variable: citrus.test.package with value: 'citrus'
22:20:42,368 DEBUG trus.DefaultTestCase| Test variables:
22:20:42,368 DEBUG trus.DefaultTestCase| citrus_message_correlator_httpRESTClient = citrus_message_id = '9e454ffb-14fa-4ea8-8b1f-94b6e9699f4c'
22:20:42,368 DEBUG trus.DefaultTestCase| default.test.author = Unknown
22:20:42,368 DEBUG trus.DefaultTestCase| citrus.test.package = citrus
22:20:42,368 DEBUG trus.DefaultTestCase| citrus.test.name = HttpRESTStubTests.getUserStubParametrizedTest
22:20:42,368 DEBUG trus.DefaultTestCase| project.name = Citrus Integration Tests
22:20:42,368 DEBUG trus.DefaultTestCase| userId = 35
22:20:42,368 DEBUG trus.DefaultTestCase| citrus_message_replyTo_citrus_message_correlator_httpRESTClient = http://localhost:8080/user/get/53
22:20:42,368 DEBUG trus.DefaultTestCase| url = http://localhost:8080/user
22:20:42,368 DEBUG trus.DefaultTestCase| default.test.package = citrus
22:20:42,368 INFO  port.LoggingReporter| 
22:20:42,368 DEBUG port.LoggingReporter| TEST STEP 107: send
22:20:42,368 DEBUG ltCorrelationManager| Saving correlation key for 'citrus_message_correlator_httpRESTClient'
22:20:42,368 DEBUG  context.TestContext| Setting variable: citrus_message_correlator_httpRESTClient with value: 'citrus_message_id = 'f9e10c47-d850-4170-9bdf-0e18497f4342''
22:20:42,368 DEBUG  context.TestContext| Setting variable: citrus_message_replyTo_citrus_message_correlator_httpRESTClient with value: 'http://localhost:8080/user/get/54'
22:20:42,368 INFO     client.HttpClient| Sending HTTP message to: 'http://localhost:8080/user/get/54'
22:20:42,368 DEBUG    client.HttpClient| Message to send:

22:20:42,368 DEBUG aultHttpHeaderMapper| outboundHeaderNames=[Accept, Accept-Charset, Accept-Encoding, Accept-Language, Accept-Ranges, Authorization, Cache-Control, Connection, Content-Length, Content-Type, Cookie, Date, Expect, From, Host, If-Match, If-Modified-Since, If-None-Match, If-Range, If-Unmodified-Since, Max-Forwards, Pragma, Proxy-Authorization, Range, Referer, TE, Upgrade, User-Agent, Via, Warning]
22:20:42,368 DEBUG aultHttpHeaderMapper| headerName=[citrus_message_timestamp] WILL NOT be mapped
22:20:42,368 DEBUG aultHttpHeaderMapper| headerName=[citrus_message_type] WILL NOT be mapped
22:20:42,368 DEBUG aultHttpHeaderMapper| headerName=[citrus_request_path] WILL NOT be mapped
22:20:42,368 DEBUG aultHttpHeaderMapper| headerName=[citrus_http_request_uri] WILL NOT be mapped
22:20:42,368 DEBUG aultHttpHeaderMapper| headerName=[id] WILL NOT be mapped
22:20:42,368 DEBUG aultHttpHeaderMapper| headerName=[citrus_message_id] WILL NOT be mapped
22:20:42,368 DEBUG aultHttpHeaderMapper| headerName=[citrus_http_method] WILL NOT be mapped
22:20:42,368 DEBUG aultHttpHeaderMapper| headerName=[timestamp] WILL NOT be mapped
22:20:42,368 DEBUG  client.RestTemplate| HTTP GET http://localhost:8080/user/get/54
22:20:42,368 DEBUG  client.RestTemplate| Accept=[text/plain, application/json, application/*+json, */*]
22:20:42,368 DEBUG ingClientInterceptor| Sending Http request message
22:20:42,370 DEBUG   Logger.Message_OUT| RAWMESSAGE [id: 9a82c8a6-7ffa-4190-91e0-14cb5b64f31b, payload: GET http://localhost:8080/user/get/54
Accept:text/plain, application/json, application/*+json, */*
Content-Type:application/json;charset=UTF-8
Content-Length:0][headers: {citrus_message_id=9a82c8a6-7ffa-4190-91e0-14cb5b64f31b, citrus_message_timestamp=1689189642369}]
22:20:42,370 DEBUG ol.RequestAddCookies| CookieSpec selected: default
22:20:42,370 DEBUG col.RequestAuthCache| Auth cache not set in the context
22:20:42,370 DEBUG entConnectionManager| Connection request: [route: {}->http://localhost:8080][total available: 1; route allocated: 1 of 5; total allocated: 1 of 10]
22:20:42,370 DEBUG entConnectionManager| Connection leased: [id: 0][route: {}->http://localhost:8080][total available: 0; route allocated: 1 of 5; total allocated: 1 of 10]
22:20:42,370 DEBUG HttpClientConnection| http-outgoing-0: set socket timeout to 0
22:20:42,370 DEBUG chain.MainClientExec| Executing request GET /user/get/54 HTTP/1.1
22:20:42,370 DEBUG chain.MainClientExec| Target auth state: UNCHALLENGED
22:20:42,370 DEBUG chain.MainClientExec| Proxy auth state: UNCHALLENGED
22:20:42,370 DEBUG         http.headers| http-outgoing-0 >> GET /user/get/54 HTTP/1.1
22:20:42,370 DEBUG         http.headers| http-outgoing-0 >> Accept: text/plain, application/json, application/*+json, */*
22:20:42,370 DEBUG         http.headers| http-outgoing-0 >> Content-Type: application/json;charset=UTF-8
22:20:42,370 DEBUG         http.headers| http-outgoing-0 >> Host: localhost:8080
22:20:42,370 DEBUG         http.headers| http-outgoing-0 >> Connection: Keep-Alive
22:20:42,370 DEBUG         http.headers| http-outgoing-0 >> User-Agent: Apache-HttpClient/4.5.13 (Java/11.0.16)
22:20:42,370 DEBUG         http.headers| http-outgoing-0 >> Accept-Encoding: gzip,deflate
22:20:42,370 DEBUG            http.wire| http-outgoing-0 >> "GET /user/get/54 HTTP/1.1[\r][\n]"
22:20:42,370 DEBUG            http.wire| http-outgoing-0 >> "Accept: text/plain, application/json, application/*+json, */*[\r][\n]"
22:20:42,370 DEBUG            http.wire| http-outgoing-0 >> "Content-Type: application/json;charset=UTF-8[\r][\n]"
22:20:42,370 DEBUG            http.wire| http-outgoing-0 >> "Host: localhost:8080[\r][\n]"
22:20:42,370 DEBUG            http.wire| http-outgoing-0 >> "Connection: Keep-Alive[\r][\n]"
22:20:42,370 DEBUG            http.wire| http-outgoing-0 >> "User-Agent: Apache-HttpClient/4.5.13 (Java/11.0.16)[\r][\n]"
22:20:42,370 DEBUG            http.wire| http-outgoing-0 >> "Accept-Encoding: gzip,deflate[\r][\n]"
22:20:42,370 DEBUG            http.wire| http-outgoing-0 >> "[\r][\n]"
22:20:42,371 DEBUG            http.wire| http-outgoing-0 << "HTTP/1.1 200 [\r][\n]"
22:20:42,371 DEBUG            http.wire| http-outgoing-0 << "Content-Type: application/json[\r][\n]"
22:20:42,371 DEBUG            http.wire| http-outgoing-0 << "Transfer-Encoding: chunked[\r][\n]"
22:20:42,371 DEBUG            http.wire| http-outgoing-0 << "Date: Wed, 12 Jul 2023 19:20:41 GMT[\r][\n]"
22:20:42,371 DEBUG            http.wire| http-outgoing-0 << "Keep-Alive: timeout=60[\r][\n]"
22:20:42,371 DEBUG            http.wire| http-outgoing-0 << "Connection: keep-alive[\r][\n]"
22:20:42,371 DEBUG            http.wire| http-outgoing-0 << "[\r][\n]"
22:20:42,371 DEBUG            http.wire| http-outgoing-0 << "92[\r][\n]"
22:20:42,371 DEBUG            http.wire| http-outgoing-0 << "{"userId":54,"name":"Salvatore Huels I","course":"Internal Program Associate","email":"54@qa.ru","age":65,"mark":{"name":"Course mark","score":2}}[\r][\n]"
22:20:42,371 DEBUG         http.headers| http-outgoing-0 << HTTP/1.1 200 
22:20:42,371 DEBUG         http.headers| http-outgoing-0 << Content-Type: application/json
22:20:42,371 DEBUG         http.headers| http-outgoing-0 << Transfer-Encoding: chunked
22:20:42,371 DEBUG         http.headers| http-outgoing-0 << Date: Wed, 12 Jul 2023 19:20:41 GMT
22:20:42,371 DEBUG         http.headers| http-outgoing-0 << Keep-Alive: timeout=60
22:20:42,371 DEBUG         http.headers| http-outgoing-0 << Connection: keep-alive
22:20:42,371 DEBUG chain.MainClientExec| Connection can be kept alive for 60000 MILLISECONDS
22:20:42,371 DEBUG            http.wire| http-outgoing-0 << "0[\r][\n]"
22:20:42,371 DEBUG            http.wire| http-outgoing-0 << "[\r][\n]"
22:20:42,371 DEBUG entConnectionManager| Connection [id: 0][route: {}->http://localhost:8080] can be kept alive for 60.0 seconds
22:20:42,371 DEBUG HttpClientConnection| http-outgoing-0: set socket timeout to 0
22:20:42,371 DEBUG entConnectionManager| Connection released: [id: 0][route: {}->http://localhost:8080][total available: 1; route allocated: 1 of 5; total allocated: 1 of 10]
22:20:42,371 DEBUG ingClientInterceptor| Received Http response message
22:20:42,372 DEBUG    Logger.Message_IN| RAWMESSAGE [id: 736007d9-a2c6-4410-acdd-d482abcce952, payload: HTTP/1.1 200 OK 
Content-Type:application/json
Transfer-Encoding:chunked
Date:Wed, 12 Jul 2023 19:20:41 GMT
Keep-Alive:timeout=60
Connection:keep-alive

{"userId":54,"name":"Salvatore Huels I","course":"Internal Program Associate","email":"54@qa.ru","age":65,"mark":{"name":"Course mark","score":2}}][headers: {citrus_message_id=736007d9-a2c6-4410-acdd-d482abcce952, citrus_message_timestamp=1689189642371}]
22:20:42,372 DEBUG  client.RestTemplate| Response 200 OK
22:20:42,372 DEBUG  client.RestTemplate| Reading to [java.lang.String] as "application/json"
22:20:42,372 INFO     client.HttpClient| HTTP message was sent to endpoint: 'http://localhost:8080/user/get/54'
22:20:42,372 DEBUG aultHttpHeaderMapper| inboundHeaderNames=[Accept-Ranges, Age, Allow, Cache-Control, Connection, Content-Encoding, Content-Language, Content-Length, Content-Location, Content-MD5, Content-Range, Content-Type, Content-Disposition, Transfer-Encoding, Date, ETag, Expires, Last-Modified, Location, Pragma, Proxy-Authenticate, Refresh, Retry-After, Server, Set-Cookie, Trailer, Vary, Via, Warning, WWW-Authenticate]
22:20:42,372 DEBUG aultHttpHeaderMapper| headerName=[content-type] WILL be mapped, matched pattern=content-type
22:20:42,372 DEBUG aultHttpHeaderMapper| setting headerName=[contentType], value=application/json
22:20:42,372 DEBUG aultHttpHeaderMapper| headerName=[transfer-encoding] WILL be mapped, matched pattern=transfer-encoding
22:20:42,372 DEBUG aultHttpHeaderMapper| setting headerName=[Transfer-Encoding], value=[chunked]
22:20:42,372 DEBUG aultHttpHeaderMapper| headerName=[date] WILL be mapped, matched pattern=date
22:20:42,372 DEBUG aultHttpHeaderMapper| setting headerName=[Date], value=1 689 189 641 000
22:20:42,372 DEBUG aultHttpHeaderMapper| headerName=[keep-alive] WILL NOT be mapped
22:20:42,372 DEBUG aultHttpHeaderMapper| headerName=[connection] WILL be mapped, matched pattern=connection
22:20:42,372 DEBUG aultHttpHeaderMapper| setting headerName=[Connection], value=[keep-alive]
22:20:42,372 DEBUG ltCorrelationManager| Saving correlated object for 'citrus_message_id = 'f9e10c47-d850-4170-9bdf-0e18497f4342''
22:20:42,372 INFO  port.LoggingReporter| 
22:20:42,372 DEBUG port.LoggingReporter| TEST STEP 107 SUCCESS
22:20:42,373 INFO  port.LoggingReporter| 
22:20:42,373 DEBUG port.LoggingReporter| TEST STEP 108: receive
22:20:42,373 DEBUG ngCorrelationManager| Get correlation key for 'citrus_message_correlator_httpRESTClient'
22:20:42,373 DEBUG ltCorrelationManager| Finding correlated object for 'citrus_message_id = 'f9e10c47-d850-4170-9bdf-0e18497f4342''
22:20:42,373 DEBUG ageValidatorRegistry| Found 4 message validators for message
22:20:42,373 DEBUG ssageHeaderValidator| Start message header validation ...
22:20:42,373 DEBUG faultHeaderValidator| Validating header element: citrus_http_reason_phrase='OK': OK.
22:20:42,373 DEBUG faultHeaderValidator| Validating header element: citrus_http_status_code='200': OK.
22:20:42,373 INFO  ssageHeaderValidator| Message header validation successful: All values OK
22:20:42,373 DEBUG TextMessageValidator| Start JSON message validation ...
22:20:42,373 DEBUG JsonSchemaValidation| Starting Json schema validation ...
22:20:42,374 INFO  JsonSchemaValidation| Json schema validation successful: All values OK
22:20:42,374 DEBUG TextMessageValidator| Received message:
HTTPMESSAGE [id: e5ccba3c-ee01-4f40-985f-a13324cdf942, payload: {"userId":54,"name":"Salvatore Huels I","course":"Internal Program Associate","email":"54@qa.ru","age":65,"mark":{"name":"Course mark","score":2}}][headers: {Transfer-Encoding=chunked, Connection=keep-alive, contentType=application/json, Date=1689189641000, citrus_message_id=e5ccba3c-ee01-4f40-985f-a13324cdf942, citrus_message_timestamp=1689189642372, Keep-Alive=timeout=60, Content-Type=application/json, citrus_http_status_code=200, citrus_http_reason_phrase=OK, citrus_http_version=HTTP/1.1}]
22:20:42,374 DEBUG TextMessageValidator| Control message:
HTTPMESSAGE [id: 3b16c413-b771-4102-a867-0370c99369a4, payload: {"userId":54,"email":"@contains('@qa.ru')@","name":"@matches('^[a-zA-Z\\s\\.]*$')@","course":"@matches('^[a-zA-Z\\s]*$')@","age":"@isNumber()@","mark":{"name":"@contains('Course mark')@","score":"@isNumber()@"}}][headers: {citrus_message_id=3b16c413-b771-4102-a867-0370c99369a4, citrus_message_timestamp=1689189642373, citrus_http_reason_phrase=OK, citrus_http_status_code=200, citrus_message_type=JSON}]
22:20:42,374 DEBUG TextMessageValidator| Validation successful for JSON entry 'name' (@matches('^[a-zA-Z\s\.]*$')@)
22:20:42,374 DEBUG TextMessageValidator| Validation successful for JSON entry 'course' (@matches('^[a-zA-Z\s]*$')@)
22:20:42,374 DEBUG TextMessageValidator| Validation successful for JSON entry 'userId' (54)
22:20:42,374 DEBUG TextMessageValidator| Validation successful for JSON entry 'email' (@contains('@qa.ru')@)
22:20:42,374 DEBUG TextMessageValidator| Validation successful for JSON entry 'age' (@isNumber()@)
22:20:42,374 DEBUG TextMessageValidator| Validation successful for JSON entry 'score' (@isNumber()@)
22:20:42,374 DEBUG TextMessageValidator| Validation successful for JSON entry 'name' (@contains('Course mark')@)
22:20:42,374 DEBUG TextMessageValidator| Validation successful for JSON entry 'mark' ({"score":"@isNumber()@","name":"@contains('Course mark')@"})
22:20:42,374 INFO  TextMessageValidator| JSON message validation successful: All values OK
22:20:42,374 INFO  port.LoggingReporter| 
22:20:42,374 DEBUG port.LoggingReporter| TEST STEP 108 SUCCESS
]]></system-out>
  </testcase>
  <testcase name="getUserStubParametrizedTest(int)[55]" classname="citrus.HttpRESTStubTests" time="0.01">
    <system-out><![CDATA[22:20:42,376 INFO  port.LoggingReporter| 
22:20:42,376 INFO  port.LoggingReporter| ------------------------------------------------------------------------
22:20:42,376 DEBUG port.LoggingReporter| STARTING TEST HttpRESTStubTests.getUserStubParametrizedTest <citrus>
22:20:42,376 INFO  port.LoggingReporter| 
22:20:42,376 DEBUG trus.DefaultTestCase| Initializing test case
22:20:42,376 DEBUG trus.DefaultTestCase| Global variables:
22:20:42,376 DEBUG trus.DefaultTestCase| citrus_message_correlator_httpRESTClient = citrus_message_id = 'f9e10c47-d850-4170-9bdf-0e18497f4342'
22:20:42,376 DEBUG trus.DefaultTestCase| default.test.author = Unknown
22:20:42,376 DEBUG trus.DefaultTestCase| citrus.test.package = citrus
22:20:42,376 DEBUG trus.DefaultTestCase| citrus.test.name = HttpRESTStubTests.getUserStubParametrizedTest
22:20:42,376 DEBUG trus.DefaultTestCase| project.name = Citrus Integration Tests
22:20:42,376 DEBUG trus.DefaultTestCase| userId = 35
22:20:42,376 DEBUG trus.DefaultTestCase| citrus_message_replyTo_citrus_message_correlator_httpRESTClient = http://localhost:8080/user/get/54
22:20:42,376 DEBUG trus.DefaultTestCase| url = http://localhost:8080/user
22:20:42,376 DEBUG trus.DefaultTestCase| default.test.package = citrus
22:20:42,376 DEBUG  context.TestContext| Setting variable: citrus.test.name with value: 'HttpRESTStubTests.getUserStubParametrizedTest'
22:20:42,376 DEBUG  context.TestContext| Setting variable: citrus.test.package with value: 'citrus'
22:20:42,376 DEBUG trus.DefaultTestCase| Test variables:
22:20:42,376 DEBUG trus.DefaultTestCase| citrus_message_correlator_httpRESTClient = citrus_message_id = 'f9e10c47-d850-4170-9bdf-0e18497f4342'
22:20:42,376 DEBUG trus.DefaultTestCase| default.test.author = Unknown
22:20:42,376 DEBUG trus.DefaultTestCase| citrus.test.package = citrus
22:20:42,376 DEBUG trus.DefaultTestCase| citrus.test.name = HttpRESTStubTests.getUserStubParametrizedTest
22:20:42,376 DEBUG trus.DefaultTestCase| project.name = Citrus Integration Tests
22:20:42,376 DEBUG trus.DefaultTestCase| userId = 35
22:20:42,376 DEBUG trus.DefaultTestCase| citrus_message_replyTo_citrus_message_correlator_httpRESTClient = http://localhost:8080/user/get/54
22:20:42,376 DEBUG trus.DefaultTestCase| url = http://localhost:8080/user
22:20:42,376 DEBUG trus.DefaultTestCase| default.test.package = citrus
22:20:42,376 INFO  port.LoggingReporter| 
22:20:42,376 DEBUG port.LoggingReporter| TEST STEP 109: send
22:20:42,376 DEBUG ltCorrelationManager| Saving correlation key for 'citrus_message_correlator_httpRESTClient'
22:20:42,376 DEBUG  context.TestContext| Setting variable: citrus_message_correlator_httpRESTClient with value: 'citrus_message_id = 'a63f9dff-45a8-4cc2-a3fe-5d326c3deffc''
22:20:42,376 DEBUG  context.TestContext| Setting variable: citrus_message_replyTo_citrus_message_correlator_httpRESTClient with value: 'http://localhost:8080/user/get/55'
22:20:42,376 INFO     client.HttpClient| Sending HTTP message to: 'http://localhost:8080/user/get/55'
22:20:42,376 DEBUG    client.HttpClient| Message to send:

22:20:42,376 DEBUG aultHttpHeaderMapper| outboundHeaderNames=[Accept, Accept-Charset, Accept-Encoding, Accept-Language, Accept-Ranges, Authorization, Cache-Control, Connection, Content-Length, Content-Type, Cookie, Date, Expect, From, Host, If-Match, If-Modified-Since, If-None-Match, If-Range, If-Unmodified-Since, Max-Forwards, Pragma, Proxy-Authorization, Range, Referer, TE, Upgrade, User-Agent, Via, Warning]
22:20:42,377 DEBUG aultHttpHeaderMapper| headerName=[citrus_message_timestamp] WILL NOT be mapped
22:20:42,377 DEBUG aultHttpHeaderMapper| headerName=[citrus_message_type] WILL NOT be mapped
22:20:42,377 DEBUG aultHttpHeaderMapper| headerName=[citrus_request_path] WILL NOT be mapped
22:20:42,377 DEBUG aultHttpHeaderMapper| headerName=[citrus_http_request_uri] WILL NOT be mapped
22:20:42,377 DEBUG aultHttpHeaderMapper| headerName=[id] WILL NOT be mapped
22:20:42,377 DEBUG aultHttpHeaderMapper| headerName=[citrus_message_id] WILL NOT be mapped
22:20:42,377 DEBUG aultHttpHeaderMapper| headerName=[citrus_http_method] WILL NOT be mapped
22:20:42,377 DEBUG aultHttpHeaderMapper| headerName=[timestamp] WILL NOT be mapped
22:20:42,377 DEBUG  client.RestTemplate| HTTP GET http://localhost:8080/user/get/55
22:20:42,377 DEBUG  client.RestTemplate| Accept=[text/plain, application/json, application/*+json, */*]
22:20:42,377 DEBUG ingClientInterceptor| Sending Http request message
22:20:42,378 DEBUG   Logger.Message_OUT| RAWMESSAGE [id: 9b6aabc5-60b8-4917-a3d6-bea6c0092c30, payload: GET http://localhost:8080/user/get/55
Accept:text/plain, application/json, application/*+json, */*
Content-Type:application/json;charset=UTF-8
Content-Length:0][headers: {citrus_message_id=9b6aabc5-60b8-4917-a3d6-bea6c0092c30, citrus_message_timestamp=1689189642377}]
22:20:42,378 DEBUG ol.RequestAddCookies| CookieSpec selected: default
22:20:42,378 DEBUG col.RequestAuthCache| Auth cache not set in the context
22:20:42,378 DEBUG entConnectionManager| Connection request: [route: {}->http://localhost:8080][total available: 1; route allocated: 1 of 5; total allocated: 1 of 10]
22:20:42,378 DEBUG entConnectionManager| Connection leased: [id: 0][route: {}->http://localhost:8080][total available: 0; route allocated: 1 of 5; total allocated: 1 of 10]
22:20:42,378 DEBUG HttpClientConnection| http-outgoing-0: set socket timeout to 0
22:20:42,378 DEBUG chain.MainClientExec| Executing request GET /user/get/55 HTTP/1.1
22:20:42,378 DEBUG chain.MainClientExec| Target auth state: UNCHALLENGED
22:20:42,378 DEBUG chain.MainClientExec| Proxy auth state: UNCHALLENGED
22:20:42,378 DEBUG         http.headers| http-outgoing-0 >> GET /user/get/55 HTTP/1.1
22:20:42,378 DEBUG         http.headers| http-outgoing-0 >> Accept: text/plain, application/json, application/*+json, */*
22:20:42,378 DEBUG         http.headers| http-outgoing-0 >> Content-Type: application/json;charset=UTF-8
22:20:42,378 DEBUG         http.headers| http-outgoing-0 >> Host: localhost:8080
22:20:42,378 DEBUG         http.headers| http-outgoing-0 >> Connection: Keep-Alive
22:20:42,378 DEBUG         http.headers| http-outgoing-0 >> User-Agent: Apache-HttpClient/4.5.13 (Java/11.0.16)
22:20:42,378 DEBUG         http.headers| http-outgoing-0 >> Accept-Encoding: gzip,deflate
22:20:42,378 DEBUG            http.wire| http-outgoing-0 >> "GET /user/get/55 HTTP/1.1[\r][\n]"
22:20:42,378 DEBUG            http.wire| http-outgoing-0 >> "Accept: text/plain, application/json, application/*+json, */*[\r][\n]"
22:20:42,378 DEBUG            http.wire| http-outgoing-0 >> "Content-Type: application/json;charset=UTF-8[\r][\n]"
22:20:42,378 DEBUG            http.wire| http-outgoing-0 >> "Host: localhost:8080[\r][\n]"
22:20:42,378 DEBUG            http.wire| http-outgoing-0 >> "Connection: Keep-Alive[\r][\n]"
22:20:42,378 DEBUG            http.wire| http-outgoing-0 >> "User-Agent: Apache-HttpClient/4.5.13 (Java/11.0.16)[\r][\n]"
22:20:42,378 DEBUG            http.wire| http-outgoing-0 >> "Accept-Encoding: gzip,deflate[\r][\n]"
22:20:42,378 DEBUG            http.wire| http-outgoing-0 >> "[\r][\n]"
22:20:42,379 DEBUG            http.wire| http-outgoing-0 << "HTTP/1.1 200 [\r][\n]"
22:20:42,379 DEBUG            http.wire| http-outgoing-0 << "Content-Type: application/json[\r][\n]"
22:20:42,379 DEBUG            http.wire| http-outgoing-0 << "Transfer-Encoding: chunked[\r][\n]"
22:20:42,379 DEBUG            http.wire| http-outgoing-0 << "Date: Wed, 12 Jul 2023 19:20:41 GMT[\r][\n]"
22:20:42,379 DEBUG            http.wire| http-outgoing-0 << "Keep-Alive: timeout=60[\r][\n]"
22:20:42,379 DEBUG            http.wire| http-outgoing-0 << "Connection: keep-alive[\r][\n]"
22:20:42,379 DEBUG            http.wire| http-outgoing-0 << "[\r][\n]"
22:20:42,379 DEBUG            http.wire| http-outgoing-0 << "8f[\r][\n]"
22:20:42,379 DEBUG            http.wire| http-outgoing-0 << "{"userId":55,"name":"Todd Brown","course":"Dynamic Assurance Orchestrator","email":"55@qa.ru","age":39,"mark":{"name":"Course mark","score":5}}[\r][\n]"
22:20:42,379 DEBUG         http.headers| http-outgoing-0 << HTTP/1.1 200 
22:20:42,380 DEBUG         http.headers| http-outgoing-0 << Content-Type: application/json
22:20:42,380 DEBUG         http.headers| http-outgoing-0 << Transfer-Encoding: chunked
22:20:42,380 DEBUG         http.headers| http-outgoing-0 << Date: Wed, 12 Jul 2023 19:20:41 GMT
22:20:42,380 DEBUG         http.headers| http-outgoing-0 << Keep-Alive: timeout=60
22:20:42,380 DEBUG         http.headers| http-outgoing-0 << Connection: keep-alive
22:20:42,380 DEBUG chain.MainClientExec| Connection can be kept alive for 60000 MILLISECONDS
22:20:42,380 DEBUG            http.wire| http-outgoing-0 << "0[\r][\n]"
22:20:42,380 DEBUG            http.wire| http-outgoing-0 << "[\r][\n]"
22:20:42,380 DEBUG entConnectionManager| Connection [id: 0][route: {}->http://localhost:8080] can be kept alive for 60.0 seconds
22:20:42,380 DEBUG HttpClientConnection| http-outgoing-0: set socket timeout to 0
22:20:42,380 DEBUG entConnectionManager| Connection released: [id: 0][route: {}->http://localhost:8080][total available: 1; route allocated: 1 of 5; total allocated: 1 of 10]
22:20:42,380 DEBUG ingClientInterceptor| Received Http response message
22:20:42,381 DEBUG    Logger.Message_IN| RAWMESSAGE [id: 3feb7777-4e64-4767-b7a4-ae9b7ca93693, payload: HTTP/1.1 200 OK 
Content-Type:application/json
Transfer-Encoding:chunked
Date:Wed, 12 Jul 2023 19:20:41 GMT
Keep-Alive:timeout=60
Connection:keep-alive

{"userId":55,"name":"Todd Brown","course":"Dynamic Assurance Orchestrator","email":"55@qa.ru","age":39,"mark":{"name":"Course mark","score":5}}][headers: {citrus_message_id=3feb7777-4e64-4767-b7a4-ae9b7ca93693, citrus_message_timestamp=1689189642380}]
22:20:42,381 DEBUG  client.RestTemplate| Response 200 OK
22:20:42,381 DEBUG  client.RestTemplate| Reading to [java.lang.String] as "application/json"
22:20:42,382 INFO     client.HttpClient| HTTP message was sent to endpoint: 'http://localhost:8080/user/get/55'
22:20:42,382 DEBUG aultHttpHeaderMapper| inboundHeaderNames=[Accept-Ranges, Age, Allow, Cache-Control, Connection, Content-Encoding, Content-Language, Content-Length, Content-Location, Content-MD5, Content-Range, Content-Type, Content-Disposition, Transfer-Encoding, Date, ETag, Expires, Last-Modified, Location, Pragma, Proxy-Authenticate, Refresh, Retry-After, Server, Set-Cookie, Trailer, Vary, Via, Warning, WWW-Authenticate]
22:20:42,382 DEBUG aultHttpHeaderMapper| headerName=[content-type] WILL be mapped, matched pattern=content-type
22:20:42,382 DEBUG aultHttpHeaderMapper| setting headerName=[contentType], value=application/json
22:20:42,382 DEBUG aultHttpHeaderMapper| headerName=[transfer-encoding] WILL be mapped, matched pattern=transfer-encoding
22:20:42,382 DEBUG aultHttpHeaderMapper| setting headerName=[Transfer-Encoding], value=[chunked]
22:20:42,382 DEBUG aultHttpHeaderMapper| headerName=[date] WILL be mapped, matched pattern=date
22:20:42,382 DEBUG aultHttpHeaderMapper| setting headerName=[Date], value=1 689 189 641 000
22:20:42,382 DEBUG aultHttpHeaderMapper| headerName=[keep-alive] WILL NOT be mapped
22:20:42,382 DEBUG aultHttpHeaderMapper| headerName=[connection] WILL be mapped, matched pattern=connection
22:20:42,382 DEBUG aultHttpHeaderMapper| setting headerName=[Connection], value=[keep-alive]
22:20:42,382 DEBUG ltCorrelationManager| Saving correlated object for 'citrus_message_id = 'a63f9dff-45a8-4cc2-a3fe-5d326c3deffc''
22:20:42,382 INFO  port.LoggingReporter| 
22:20:42,382 DEBUG port.LoggingReporter| TEST STEP 109 SUCCESS
22:20:42,382 INFO  port.LoggingReporter| 
22:20:42,382 DEBUG port.LoggingReporter| TEST STEP 110: receive
22:20:42,382 DEBUG ngCorrelationManager| Get correlation key for 'citrus_message_correlator_httpRESTClient'
22:20:42,382 DEBUG ltCorrelationManager| Finding correlated object for 'citrus_message_id = 'a63f9dff-45a8-4cc2-a3fe-5d326c3deffc''
22:20:42,383 DEBUG ageValidatorRegistry| Found 4 message validators for message
22:20:42,383 DEBUG ssageHeaderValidator| Start message header validation ...
22:20:42,383 DEBUG faultHeaderValidator| Validating header element: citrus_http_reason_phrase='OK': OK.
22:20:42,383 DEBUG faultHeaderValidator| Validating header element: citrus_http_status_code='200': OK.
22:20:42,383 INFO  ssageHeaderValidator| Message header validation successful: All values OK
22:20:42,383 DEBUG TextMessageValidator| Start JSON message validation ...
22:20:42,383 DEBUG JsonSchemaValidation| Starting Json schema validation ...
22:20:42,383 INFO  JsonSchemaValidation| Json schema validation successful: All values OK
22:20:42,383 DEBUG TextMessageValidator| Received message:
HTTPMESSAGE [id: 41885c63-728f-40a6-b4ac-508ae7377e90, payload: {"userId":55,"name":"Todd Brown","course":"Dynamic Assurance Orchestrator","email":"55@qa.ru","age":39,"mark":{"name":"Course mark","score":5}}][headers: {Transfer-Encoding=chunked, Connection=keep-alive, contentType=application/json, Date=1689189641000, citrus_message_id=41885c63-728f-40a6-b4ac-508ae7377e90, citrus_message_timestamp=1689189642382, Keep-Alive=timeout=60, Content-Type=application/json, citrus_http_status_code=200, citrus_http_reason_phrase=OK, citrus_http_version=HTTP/1.1}]
22:20:42,384 DEBUG TextMessageValidator| Control message:
HTTPMESSAGE [id: 12276640-d7c4-489d-9253-4832a8fdf5a5, payload: {"userId":55,"email":"@contains('@qa.ru')@","name":"@matches('^[a-zA-Z\\s\\.]*$')@","course":"@matches('^[a-zA-Z\\s]*$')@","age":"@isNumber()@","mark":{"name":"@contains('Course mark')@","score":"@isNumber()@"}}][headers: {citrus_message_id=12276640-d7c4-489d-9253-4832a8fdf5a5, citrus_message_timestamp=1689189642382, citrus_http_reason_phrase=OK, citrus_http_status_code=200, citrus_message_type=JSON}]
22:20:42,384 DEBUG TextMessageValidator| Validation successful for JSON entry 'name' (@matches('^[a-zA-Z\s\.]*$')@)
22:20:42,384 DEBUG TextMessageValidator| Validation successful for JSON entry 'course' (@matches('^[a-zA-Z\s]*$')@)
22:20:42,384 DEBUG TextMessageValidator| Validation successful for JSON entry 'userId' (55)
22:20:42,384 DEBUG TextMessageValidator| Validation successful for JSON entry 'email' (@contains('@qa.ru')@)
22:20:42,384 DEBUG TextMessageValidator| Validation successful for JSON entry 'age' (@isNumber()@)
22:20:42,384 DEBUG TextMessageValidator| Validation successful for JSON entry 'score' (@isNumber()@)
22:20:42,384 DEBUG TextMessageValidator| Validation successful for JSON entry 'name' (@contains('Course mark')@)
22:20:42,384 DEBUG TextMessageValidator| Validation successful for JSON entry 'mark' ({"score":"@isNumber()@","name":"@contains('Course mark')@"})
22:20:42,384 INFO  TextMessageValidator| JSON message validation successful: All values OK
22:20:42,384 INFO  port.LoggingReporter| 
22:20:42,384 DEBUG port.LoggingReporter| TEST STEP 110 SUCCESS
]]></system-out>
  </testcase>
  <testcase name="getUserStubParametrizedTest(int)[56]" classname="citrus.HttpRESTStubTests" time="0.007">
    <system-out><![CDATA[22:20:42,386 INFO  port.LoggingReporter| 
22:20:42,386 INFO  port.LoggingReporter| ------------------------------------------------------------------------
22:20:42,386 DEBUG port.LoggingReporter| STARTING TEST HttpRESTStubTests.getUserStubParametrizedTest <citrus>
22:20:42,386 INFO  port.LoggingReporter| 
22:20:42,386 DEBUG trus.DefaultTestCase| Initializing test case
22:20:42,386 DEBUG trus.DefaultTestCase| Global variables:
22:20:42,386 DEBUG trus.DefaultTestCase| citrus_message_correlator_httpRESTClient = citrus_message_id = 'a63f9dff-45a8-4cc2-a3fe-5d326c3deffc'
22:20:42,386 DEBUG trus.DefaultTestCase| default.test.author = Unknown
22:20:42,386 DEBUG trus.DefaultTestCase| citrus.test.package = citrus
22:20:42,386 DEBUG trus.DefaultTestCase| citrus.test.name = HttpRESTStubTests.getUserStubParametrizedTest
22:20:42,386 DEBUG trus.DefaultTestCase| project.name = Citrus Integration Tests
22:20:42,386 DEBUG trus.DefaultTestCase| userId = 35
22:20:42,386 DEBUG trus.DefaultTestCase| citrus_message_replyTo_citrus_message_correlator_httpRESTClient = http://localhost:8080/user/get/55
22:20:42,386 DEBUG trus.DefaultTestCase| url = http://localhost:8080/user
22:20:42,386 DEBUG trus.DefaultTestCase| default.test.package = citrus
22:20:42,386 DEBUG  context.TestContext| Setting variable: citrus.test.name with value: 'HttpRESTStubTests.getUserStubParametrizedTest'
22:20:42,386 DEBUG  context.TestContext| Setting variable: citrus.test.package with value: 'citrus'
22:20:42,386 DEBUG trus.DefaultTestCase| Test variables:
22:20:42,386 DEBUG trus.DefaultTestCase| citrus_message_correlator_httpRESTClient = citrus_message_id = 'a63f9dff-45a8-4cc2-a3fe-5d326c3deffc'
22:20:42,386 DEBUG trus.DefaultTestCase| default.test.author = Unknown
22:20:42,386 DEBUG trus.DefaultTestCase| citrus.test.package = citrus
22:20:42,386 DEBUG trus.DefaultTestCase| citrus.test.name = HttpRESTStubTests.getUserStubParametrizedTest
22:20:42,386 DEBUG trus.DefaultTestCase| project.name = Citrus Integration Tests
22:20:42,386 DEBUG trus.DefaultTestCase| userId = 35
22:20:42,386 DEBUG trus.DefaultTestCase| citrus_message_replyTo_citrus_message_correlator_httpRESTClient = http://localhost:8080/user/get/55
22:20:42,386 DEBUG trus.DefaultTestCase| url = http://localhost:8080/user
22:20:42,386 DEBUG trus.DefaultTestCase| default.test.package = citrus
22:20:42,386 INFO  port.LoggingReporter| 
22:20:42,386 DEBUG port.LoggingReporter| TEST STEP 111: send
22:20:42,386 DEBUG ltCorrelationManager| Saving correlation key for 'citrus_message_correlator_httpRESTClient'
22:20:42,386 DEBUG  context.TestContext| Setting variable: citrus_message_correlator_httpRESTClient with value: 'citrus_message_id = 'cff3fb3d-6ff8-4e8d-bcd9-44d17cc29fcb''
22:20:42,386 DEBUG  context.TestContext| Setting variable: citrus_message_replyTo_citrus_message_correlator_httpRESTClient with value: 'http://localhost:8080/user/get/56'
22:20:42,386 INFO     client.HttpClient| Sending HTTP message to: 'http://localhost:8080/user/get/56'
22:20:42,386 DEBUG    client.HttpClient| Message to send:

22:20:42,386 DEBUG aultHttpHeaderMapper| outboundHeaderNames=[Accept, Accept-Charset, Accept-Encoding, Accept-Language, Accept-Ranges, Authorization, Cache-Control, Connection, Content-Length, Content-Type, Cookie, Date, Expect, From, Host, If-Match, If-Modified-Since, If-None-Match, If-Range, If-Unmodified-Since, Max-Forwards, Pragma, Proxy-Authorization, Range, Referer, TE, Upgrade, User-Agent, Via, Warning]
22:20:42,386 DEBUG aultHttpHeaderMapper| headerName=[citrus_message_timestamp] WILL NOT be mapped
22:20:42,386 DEBUG aultHttpHeaderMapper| headerName=[citrus_message_type] WILL NOT be mapped
22:20:42,386 DEBUG aultHttpHeaderMapper| headerName=[citrus_request_path] WILL NOT be mapped
22:20:42,386 DEBUG aultHttpHeaderMapper| headerName=[citrus_http_request_uri] WILL NOT be mapped
22:20:42,386 DEBUG aultHttpHeaderMapper| headerName=[id] WILL NOT be mapped
22:20:42,386 DEBUG aultHttpHeaderMapper| headerName=[citrus_message_id] WILL NOT be mapped
22:20:42,386 DEBUG aultHttpHeaderMapper| headerName=[citrus_http_method] WILL NOT be mapped
22:20:42,386 DEBUG aultHttpHeaderMapper| headerName=[timestamp] WILL NOT be mapped
22:20:42,386 DEBUG  client.RestTemplate| HTTP GET http://localhost:8080/user/get/56
22:20:42,386 DEBUG  client.RestTemplate| Accept=[text/plain, application/json, application/*+json, */*]
22:20:42,386 DEBUG ingClientInterceptor| Sending Http request message
22:20:42,387 DEBUG   Logger.Message_OUT| RAWMESSAGE [id: 657c0f2a-5201-46e6-b3f8-6b9b712c27e2, payload: GET http://localhost:8080/user/get/56
Accept:text/plain, application/json, application/*+json, */*
Content-Type:application/json;charset=UTF-8
Content-Length:0][headers: {citrus_message_id=657c0f2a-5201-46e6-b3f8-6b9b712c27e2, citrus_message_timestamp=1689189642386}]
22:20:42,387 DEBUG ol.RequestAddCookies| CookieSpec selected: default
22:20:42,387 DEBUG col.RequestAuthCache| Auth cache not set in the context
22:20:42,387 DEBUG entConnectionManager| Connection request: [route: {}->http://localhost:8080][total available: 1; route allocated: 1 of 5; total allocated: 1 of 10]
22:20:42,387 DEBUG entConnectionManager| Connection leased: [id: 0][route: {}->http://localhost:8080][total available: 0; route allocated: 1 of 5; total allocated: 1 of 10]
22:20:42,387 DEBUG HttpClientConnection| http-outgoing-0: set socket timeout to 0
22:20:42,388 DEBUG chain.MainClientExec| Executing request GET /user/get/56 HTTP/1.1
22:20:42,388 DEBUG chain.MainClientExec| Target auth state: UNCHALLENGED
22:20:42,388 DEBUG chain.MainClientExec| Proxy auth state: UNCHALLENGED
22:20:42,388 DEBUG         http.headers| http-outgoing-0 >> GET /user/get/56 HTTP/1.1
22:20:42,388 DEBUG         http.headers| http-outgoing-0 >> Accept: text/plain, application/json, application/*+json, */*
22:20:42,388 DEBUG         http.headers| http-outgoing-0 >> Content-Type: application/json;charset=UTF-8
22:20:42,388 DEBUG         http.headers| http-outgoing-0 >> Host: localhost:8080
22:20:42,388 DEBUG         http.headers| http-outgoing-0 >> Connection: Keep-Alive
22:20:42,388 DEBUG         http.headers| http-outgoing-0 >> User-Agent: Apache-HttpClient/4.5.13 (Java/11.0.16)
22:20:42,388 DEBUG         http.headers| http-outgoing-0 >> Accept-Encoding: gzip,deflate
22:20:42,388 DEBUG            http.wire| http-outgoing-0 >> "GET /user/get/56 HTTP/1.1[\r][\n]"
22:20:42,388 DEBUG            http.wire| http-outgoing-0 >> "Accept: text/plain, application/json, application/*+json, */*[\r][\n]"
22:20:42,388 DEBUG            http.wire| http-outgoing-0 >> "Content-Type: application/json;charset=UTF-8[\r][\n]"
22:20:42,388 DEBUG            http.wire| http-outgoing-0 >> "Host: localhost:8080[\r][\n]"
22:20:42,388 DEBUG            http.wire| http-outgoing-0 >> "Connection: Keep-Alive[\r][\n]"
22:20:42,388 DEBUG            http.wire| http-outgoing-0 >> "User-Agent: Apache-HttpClient/4.5.13 (Java/11.0.16)[\r][\n]"
22:20:42,388 DEBUG            http.wire| http-outgoing-0 >> "Accept-Encoding: gzip,deflate[\r][\n]"
22:20:42,388 DEBUG            http.wire| http-outgoing-0 >> "[\r][\n]"
22:20:42,389 DEBUG            http.wire| http-outgoing-0 << "HTTP/1.1 200 [\r][\n]"
22:20:42,389 DEBUG            http.wire| http-outgoing-0 << "Content-Type: application/json[\r][\n]"
22:20:42,389 DEBUG            http.wire| http-outgoing-0 << "Transfer-Encoding: chunked[\r][\n]"
22:20:42,389 DEBUG            http.wire| http-outgoing-0 << "Date: Wed, 12 Jul 2023 19:20:41 GMT[\r][\n]"
22:20:42,389 DEBUG            http.wire| http-outgoing-0 << "Keep-Alive: timeout=60[\r][\n]"
22:20:42,389 DEBUG            http.wire| http-outgoing-0 << "Connection: keep-alive[\r][\n]"
22:20:42,389 DEBUG            http.wire| http-outgoing-0 << "[\r][\n]"
22:20:42,389 DEBUG            http.wire| http-outgoing-0 << "9b[\r][\n]"
22:20:42,389 DEBUG            http.wire| http-outgoing-0 << "{"userId":56,"name":"Allene Connelly","course":"Regional Accountability Administrator","email":"56@qa.ru","age":26,"mark":{"name":"Course mark","score":3}}[\r][\n]"
22:20:42,389 DEBUG         http.headers| http-outgoing-0 << HTTP/1.1 200 
22:20:42,389 DEBUG         http.headers| http-outgoing-0 << Content-Type: application/json
22:20:42,389 DEBUG         http.headers| http-outgoing-0 << Transfer-Encoding: chunked
22:20:42,389 DEBUG         http.headers| http-outgoing-0 << Date: Wed, 12 Jul 2023 19:20:41 GMT
22:20:42,389 DEBUG         http.headers| http-outgoing-0 << Keep-Alive: timeout=60
22:20:42,389 DEBUG         http.headers| http-outgoing-0 << Connection: keep-alive
22:20:42,389 DEBUG chain.MainClientExec| Connection can be kept alive for 60000 MILLISECONDS
22:20:42,389 DEBUG            http.wire| http-outgoing-0 << "0[\r][\n]"
22:20:42,389 DEBUG            http.wire| http-outgoing-0 << "[\r][\n]"
22:20:42,389 DEBUG entConnectionManager| Connection [id: 0][route: {}->http://localhost:8080] can be kept alive for 60.0 seconds
22:20:42,389 DEBUG HttpClientConnection| http-outgoing-0: set socket timeout to 0
22:20:42,389 DEBUG entConnectionManager| Connection released: [id: 0][route: {}->http://localhost:8080][total available: 1; route allocated: 1 of 5; total allocated: 1 of 10]
22:20:42,389 DEBUG ingClientInterceptor| Received Http response message
22:20:42,390 DEBUG    Logger.Message_IN| RAWMESSAGE [id: 2890f45f-e434-4e5a-a5c2-ec4065145fa7, payload: HTTP/1.1 200 OK 
Content-Type:application/json
Transfer-Encoding:chunked
Date:Wed, 12 Jul 2023 19:20:41 GMT
Keep-Alive:timeout=60
Connection:keep-alive

{"userId":56,"name":"Allene Connelly","course":"Regional Accountability Administrator","email":"56@qa.ru","age":26,"mark":{"name":"Course mark","score":3}}][headers: {citrus_message_id=2890f45f-e434-4e5a-a5c2-ec4065145fa7, citrus_message_timestamp=1689189642389}]
22:20:42,390 DEBUG  client.RestTemplate| Response 200 OK
22:20:42,390 DEBUG  client.RestTemplate| Reading to [java.lang.String] as "application/json"
22:20:42,390 INFO     client.HttpClient| HTTP message was sent to endpoint: 'http://localhost:8080/user/get/56'
22:20:42,390 DEBUG aultHttpHeaderMapper| inboundHeaderNames=[Accept-Ranges, Age, Allow, Cache-Control, Connection, Content-Encoding, Content-Language, Content-Length, Content-Location, Content-MD5, Content-Range, Content-Type, Content-Disposition, Transfer-Encoding, Date, ETag, Expires, Last-Modified, Location, Pragma, Proxy-Authenticate, Refresh, Retry-After, Server, Set-Cookie, Trailer, Vary, Via, Warning, WWW-Authenticate]
22:20:42,390 DEBUG aultHttpHeaderMapper| headerName=[content-type] WILL be mapped, matched pattern=content-type
22:20:42,390 DEBUG aultHttpHeaderMapper| setting headerName=[contentType], value=application/json
22:20:42,390 DEBUG aultHttpHeaderMapper| headerName=[transfer-encoding] WILL be mapped, matched pattern=transfer-encoding
22:20:42,390 DEBUG aultHttpHeaderMapper| setting headerName=[Transfer-Encoding], value=[chunked]
22:20:42,390 DEBUG aultHttpHeaderMapper| headerName=[date] WILL be mapped, matched pattern=date
22:20:42,390 DEBUG aultHttpHeaderMapper| setting headerName=[Date], value=1 689 189 641 000
22:20:42,390 DEBUG aultHttpHeaderMapper| headerName=[keep-alive] WILL NOT be mapped
22:20:42,390 DEBUG aultHttpHeaderMapper| headerName=[connection] WILL be mapped, matched pattern=connection
22:20:42,390 DEBUG aultHttpHeaderMapper| setting headerName=[Connection], value=[keep-alive]
22:20:42,390 DEBUG ltCorrelationManager| Saving correlated object for 'citrus_message_id = 'cff3fb3d-6ff8-4e8d-bcd9-44d17cc29fcb''
22:20:42,390 INFO  port.LoggingReporter| 
22:20:42,390 DEBUG port.LoggingReporter| TEST STEP 111 SUCCESS
22:20:42,390 INFO  port.LoggingReporter| 
22:20:42,390 DEBUG port.LoggingReporter| TEST STEP 112: receive
22:20:42,390 DEBUG ngCorrelationManager| Get correlation key for 'citrus_message_correlator_httpRESTClient'
22:20:42,390 DEBUG ltCorrelationManager| Finding correlated object for 'citrus_message_id = 'cff3fb3d-6ff8-4e8d-bcd9-44d17cc29fcb''
22:20:42,391 DEBUG ageValidatorRegistry| Found 4 message validators for message
22:20:42,391 DEBUG ssageHeaderValidator| Start message header validation ...
22:20:42,391 DEBUG faultHeaderValidator| Validating header element: citrus_http_reason_phrase='OK': OK.
22:20:42,391 DEBUG faultHeaderValidator| Validating header element: citrus_http_status_code='200': OK.
22:20:42,391 INFO  ssageHeaderValidator| Message header validation successful: All values OK
22:20:42,391 DEBUG TextMessageValidator| Start JSON message validation ...
22:20:42,391 DEBUG JsonSchemaValidation| Starting Json schema validation ...
22:20:42,391 INFO  JsonSchemaValidation| Json schema validation successful: All values OK
22:20:42,391 DEBUG TextMessageValidator| Received message:
HTTPMESSAGE [id: 215a80ba-7b2a-4c57-bcb5-2acc2664cc1f, payload: {"userId":56,"name":"Allene Connelly","course":"Regional Accountability Administrator","email":"56@qa.ru","age":26,"mark":{"name":"Course mark","score":3}}][headers: {Transfer-Encoding=chunked, Connection=keep-alive, contentType=application/json, Date=1689189641000, citrus_message_id=215a80ba-7b2a-4c57-bcb5-2acc2664cc1f, citrus_message_timestamp=1689189642390, Keep-Alive=timeout=60, Content-Type=application/json, citrus_http_status_code=200, citrus_http_reason_phrase=OK, citrus_http_version=HTTP/1.1}]
22:20:42,391 DEBUG TextMessageValidator| Control message:
HTTPMESSAGE [id: 4790b578-914b-4448-95a6-973d27780648, payload: {"userId":56,"email":"@contains('@qa.ru')@","name":"@matches('^[a-zA-Z\\s\\.]*$')@","course":"@matches('^[a-zA-Z\\s]*$')@","age":"@isNumber()@","mark":{"name":"@contains('Course mark')@","score":"@isNumber()@"}}][headers: {citrus_message_id=4790b578-914b-4448-95a6-973d27780648, citrus_message_timestamp=1689189642390, citrus_http_reason_phrase=OK, citrus_http_status_code=200, citrus_message_type=JSON}]
22:20:42,392 DEBUG TextMessageValidator| Validation successful for JSON entry 'name' (@matches('^[a-zA-Z\s\.]*$')@)
22:20:42,392 DEBUG TextMessageValidator| Validation successful for JSON entry 'course' (@matches('^[a-zA-Z\s]*$')@)
22:20:42,392 DEBUG TextMessageValidator| Validation successful for JSON entry 'userId' (56)
22:20:42,392 DEBUG TextMessageValidator| Validation successful for JSON entry 'email' (@contains('@qa.ru')@)
22:20:42,392 DEBUG TextMessageValidator| Validation successful for JSON entry 'age' (@isNumber()@)
22:20:42,392 DEBUG TextMessageValidator| Validation successful for JSON entry 'score' (@isNumber()@)
22:20:42,392 DEBUG TextMessageValidator| Validation successful for JSON entry 'name' (@contains('Course mark')@)
22:20:42,392 DEBUG TextMessageValidator| Validation successful for JSON entry 'mark' ({"score":"@isNumber()@","name":"@contains('Course mark')@"})
22:20:42,392 INFO  TextMessageValidator| JSON message validation successful: All values OK
22:20:42,392 INFO  port.LoggingReporter| 
22:20:42,392 DEBUG port.LoggingReporter| TEST STEP 112 SUCCESS
]]></system-out>
  </testcase>
  <testcase name="getUserStubParametrizedTest(int)[57]" classname="citrus.HttpRESTStubTests" time="0.008">
    <system-out><![CDATA[22:20:42,394 INFO  port.LoggingReporter| 
22:20:42,394 INFO  port.LoggingReporter| ------------------------------------------------------------------------
22:20:42,394 DEBUG port.LoggingReporter| STARTING TEST HttpRESTStubTests.getUserStubParametrizedTest <citrus>
22:20:42,394 INFO  port.LoggingReporter| 
22:20:42,394 DEBUG trus.DefaultTestCase| Initializing test case
22:20:42,394 DEBUG trus.DefaultTestCase| Global variables:
22:20:42,394 DEBUG trus.DefaultTestCase| citrus_message_correlator_httpRESTClient = citrus_message_id = 'cff3fb3d-6ff8-4e8d-bcd9-44d17cc29fcb'
22:20:42,394 DEBUG trus.DefaultTestCase| default.test.author = Unknown
22:20:42,394 DEBUG trus.DefaultTestCase| citrus.test.package = citrus
22:20:42,394 DEBUG trus.DefaultTestCase| citrus.test.name = HttpRESTStubTests.getUserStubParametrizedTest
22:20:42,394 DEBUG trus.DefaultTestCase| project.name = Citrus Integration Tests
22:20:42,394 DEBUG trus.DefaultTestCase| userId = 35
22:20:42,394 DEBUG trus.DefaultTestCase| citrus_message_replyTo_citrus_message_correlator_httpRESTClient = http://localhost:8080/user/get/56
22:20:42,394 DEBUG trus.DefaultTestCase| url = http://localhost:8080/user
22:20:42,394 DEBUG trus.DefaultTestCase| default.test.package = citrus
22:20:42,394 DEBUG  context.TestContext| Setting variable: citrus.test.name with value: 'HttpRESTStubTests.getUserStubParametrizedTest'
22:20:42,394 DEBUG  context.TestContext| Setting variable: citrus.test.package with value: 'citrus'
22:20:42,394 DEBUG trus.DefaultTestCase| Test variables:
22:20:42,394 DEBUG trus.DefaultTestCase| citrus_message_correlator_httpRESTClient = citrus_message_id = 'cff3fb3d-6ff8-4e8d-bcd9-44d17cc29fcb'
22:20:42,394 DEBUG trus.DefaultTestCase| default.test.author = Unknown
22:20:42,394 DEBUG trus.DefaultTestCase| citrus.test.package = citrus
22:20:42,394 DEBUG trus.DefaultTestCase| citrus.test.name = HttpRESTStubTests.getUserStubParametrizedTest
22:20:42,394 DEBUG trus.DefaultTestCase| project.name = Citrus Integration Tests
22:20:42,394 DEBUG trus.DefaultTestCase| userId = 35
22:20:42,394 DEBUG trus.DefaultTestCase| citrus_message_replyTo_citrus_message_correlator_httpRESTClient = http://localhost:8080/user/get/56
22:20:42,394 DEBUG trus.DefaultTestCase| url = http://localhost:8080/user
22:20:42,394 DEBUG trus.DefaultTestCase| default.test.package = citrus
22:20:42,394 INFO  port.LoggingReporter| 
22:20:42,394 DEBUG port.LoggingReporter| TEST STEP 113: send
22:20:42,394 DEBUG ltCorrelationManager| Saving correlation key for 'citrus_message_correlator_httpRESTClient'
22:20:42,394 DEBUG  context.TestContext| Setting variable: citrus_message_correlator_httpRESTClient with value: 'citrus_message_id = '25ac4745-2ea1-4f58-abb4-f1039e4818dd''
22:20:42,394 DEBUG  context.TestContext| Setting variable: citrus_message_replyTo_citrus_message_correlator_httpRESTClient with value: 'http://localhost:8080/user/get/57'
22:20:42,394 INFO     client.HttpClient| Sending HTTP message to: 'http://localhost:8080/user/get/57'
22:20:42,394 DEBUG    client.HttpClient| Message to send:

22:20:42,394 DEBUG aultHttpHeaderMapper| outboundHeaderNames=[Accept, Accept-Charset, Accept-Encoding, Accept-Language, Accept-Ranges, Authorization, Cache-Control, Connection, Content-Length, Content-Type, Cookie, Date, Expect, From, Host, If-Match, If-Modified-Since, If-None-Match, If-Range, If-Unmodified-Since, Max-Forwards, Pragma, Proxy-Authorization, Range, Referer, TE, Upgrade, User-Agent, Via, Warning]
22:20:42,394 DEBUG aultHttpHeaderMapper| headerName=[citrus_message_timestamp] WILL NOT be mapped
22:20:42,394 DEBUG aultHttpHeaderMapper| headerName=[citrus_message_type] WILL NOT be mapped
22:20:42,394 DEBUG aultHttpHeaderMapper| headerName=[citrus_request_path] WILL NOT be mapped
22:20:42,394 DEBUG aultHttpHeaderMapper| headerName=[citrus_http_request_uri] WILL NOT be mapped
22:20:42,394 DEBUG aultHttpHeaderMapper| headerName=[id] WILL NOT be mapped
22:20:42,394 DEBUG aultHttpHeaderMapper| headerName=[citrus_message_id] WILL NOT be mapped
22:20:42,394 DEBUG aultHttpHeaderMapper| headerName=[citrus_http_method] WILL NOT be mapped
22:20:42,394 DEBUG aultHttpHeaderMapper| headerName=[timestamp] WILL NOT be mapped
22:20:42,394 DEBUG  client.RestTemplate| HTTP GET http://localhost:8080/user/get/57
22:20:42,394 DEBUG  client.RestTemplate| Accept=[text/plain, application/json, application/*+json, */*]
22:20:42,395 DEBUG ingClientInterceptor| Sending Http request message
22:20:42,396 DEBUG   Logger.Message_OUT| RAWMESSAGE [id: 322e3f10-103d-4fe9-aed9-ffdca25a7a21, payload: GET http://localhost:8080/user/get/57
Accept:text/plain, application/json, application/*+json, */*
Content-Type:application/json;charset=UTF-8
Content-Length:0][headers: {citrus_message_id=322e3f10-103d-4fe9-aed9-ffdca25a7a21, citrus_message_timestamp=1689189642395}]
22:20:42,396 DEBUG ol.RequestAddCookies| CookieSpec selected: default
22:20:42,396 DEBUG col.RequestAuthCache| Auth cache not set in the context
22:20:42,396 DEBUG entConnectionManager| Connection request: [route: {}->http://localhost:8080][total available: 1; route allocated: 1 of 5; total allocated: 1 of 10]
22:20:42,396 DEBUG entConnectionManager| Connection leased: [id: 0][route: {}->http://localhost:8080][total available: 0; route allocated: 1 of 5; total allocated: 1 of 10]
22:20:42,396 DEBUG HttpClientConnection| http-outgoing-0: set socket timeout to 0
22:20:42,396 DEBUG chain.MainClientExec| Executing request GET /user/get/57 HTTP/1.1
22:20:42,396 DEBUG chain.MainClientExec| Target auth state: UNCHALLENGED
22:20:42,396 DEBUG chain.MainClientExec| Proxy auth state: UNCHALLENGED
22:20:42,396 DEBUG         http.headers| http-outgoing-0 >> GET /user/get/57 HTTP/1.1
22:20:42,396 DEBUG         http.headers| http-outgoing-0 >> Accept: text/plain, application/json, application/*+json, */*
22:20:42,396 DEBUG         http.headers| http-outgoing-0 >> Content-Type: application/json;charset=UTF-8
22:20:42,396 DEBUG         http.headers| http-outgoing-0 >> Host: localhost:8080
22:20:42,396 DEBUG         http.headers| http-outgoing-0 >> Connection: Keep-Alive
22:20:42,396 DEBUG         http.headers| http-outgoing-0 >> User-Agent: Apache-HttpClient/4.5.13 (Java/11.0.16)
22:20:42,396 DEBUG         http.headers| http-outgoing-0 >> Accept-Encoding: gzip,deflate
22:20:42,396 DEBUG            http.wire| http-outgoing-0 >> "GET /user/get/57 HTTP/1.1[\r][\n]"
22:20:42,396 DEBUG            http.wire| http-outgoing-0 >> "Accept: text/plain, application/json, application/*+json, */*[\r][\n]"
22:20:42,396 DEBUG            http.wire| http-outgoing-0 >> "Content-Type: application/json;charset=UTF-8[\r][\n]"
22:20:42,396 DEBUG            http.wire| http-outgoing-0 >> "Host: localhost:8080[\r][\n]"
22:20:42,396 DEBUG            http.wire| http-outgoing-0 >> "Connection: Keep-Alive[\r][\n]"
22:20:42,396 DEBUG            http.wire| http-outgoing-0 >> "User-Agent: Apache-HttpClient/4.5.13 (Java/11.0.16)[\r][\n]"
22:20:42,396 DEBUG            http.wire| http-outgoing-0 >> "Accept-Encoding: gzip,deflate[\r][\n]"
22:20:42,396 DEBUG            http.wire| http-outgoing-0 >> "[\r][\n]"
22:20:42,397 DEBUG            http.wire| http-outgoing-0 << "HTTP/1.1 200 [\r][\n]"
22:20:42,397 DEBUG            http.wire| http-outgoing-0 << "Content-Type: application/json[\r][\n]"
22:20:42,397 DEBUG            http.wire| http-outgoing-0 << "Transfer-Encoding: chunked[\r][\n]"
22:20:42,397 DEBUG            http.wire| http-outgoing-0 << "Date: Wed, 12 Jul 2023 19:20:41 GMT[\r][\n]"
22:20:42,397 DEBUG            http.wire| http-outgoing-0 << "Keep-Alive: timeout=60[\r][\n]"
22:20:42,398 DEBUG            http.wire| http-outgoing-0 << "Connection: keep-alive[\r][\n]"
22:20:42,398 DEBUG            http.wire| http-outgoing-0 << "[\r][\n]"
22:20:42,398 DEBUG            http.wire| http-outgoing-0 << "93[\r][\n]"
22:20:42,398 DEBUG            http.wire| http-outgoing-0 << "{"userId":57,"name":"Miyoko Kiehn V","course":"Chief Communications Assistant","email":"57@qa.ru","age":17,"mark":{"name":"Course mark","score":9}}[\r][\n]"
22:20:42,398 DEBUG         http.headers| http-outgoing-0 << HTTP/1.1 200 
22:20:42,398 DEBUG         http.headers| http-outgoing-0 << Content-Type: application/json
22:20:42,398 DEBUG         http.headers| http-outgoing-0 << Transfer-Encoding: chunked
22:20:42,398 DEBUG         http.headers| http-outgoing-0 << Date: Wed, 12 Jul 2023 19:20:41 GMT
22:20:42,398 DEBUG         http.headers| http-outgoing-0 << Keep-Alive: timeout=60
22:20:42,398 DEBUG         http.headers| http-outgoing-0 << Connection: keep-alive
22:20:42,398 DEBUG chain.MainClientExec| Connection can be kept alive for 60000 MILLISECONDS
22:20:42,398 DEBUG            http.wire| http-outgoing-0 << "0[\r][\n]"
22:20:42,398 DEBUG            http.wire| http-outgoing-0 << "[\r][\n]"
22:20:42,398 DEBUG entConnectionManager| Connection [id: 0][route: {}->http://localhost:8080] can be kept alive for 60.0 seconds
22:20:42,398 DEBUG HttpClientConnection| http-outgoing-0: set socket timeout to 0
22:20:42,398 DEBUG entConnectionManager| Connection released: [id: 0][route: {}->http://localhost:8080][total available: 1; route allocated: 1 of 5; total allocated: 1 of 10]
22:20:42,398 DEBUG ingClientInterceptor| Received Http response message
22:20:42,399 DEBUG    Logger.Message_IN| RAWMESSAGE [id: 8961b1b6-b350-40d0-982d-e874b075e91b, payload: HTTP/1.1 200 OK 
Content-Type:application/json
Transfer-Encoding:chunked
Date:Wed, 12 Jul 2023 19:20:41 GMT
Keep-Alive:timeout=60
Connection:keep-alive

{"userId":57,"name":"Miyoko Kiehn V","course":"Chief Communications Assistant","email":"57@qa.ru","age":17,"mark":{"name":"Course mark","score":9}}][headers: {citrus_message_id=8961b1b6-b350-40d0-982d-e874b075e91b, citrus_message_timestamp=1689189642398}]
22:20:42,399 DEBUG  client.RestTemplate| Response 200 OK
22:20:42,399 DEBUG  client.RestTemplate| Reading to [java.lang.String] as "application/json"
22:20:42,399 INFO     client.HttpClient| HTTP message was sent to endpoint: 'http://localhost:8080/user/get/57'
22:20:42,399 DEBUG aultHttpHeaderMapper| inboundHeaderNames=[Accept-Ranges, Age, Allow, Cache-Control, Connection, Content-Encoding, Content-Language, Content-Length, Content-Location, Content-MD5, Content-Range, Content-Type, Content-Disposition, Transfer-Encoding, Date, ETag, Expires, Last-Modified, Location, Pragma, Proxy-Authenticate, Refresh, Retry-After, Server, Set-Cookie, Trailer, Vary, Via, Warning, WWW-Authenticate]
22:20:42,399 DEBUG aultHttpHeaderMapper| headerName=[content-type] WILL be mapped, matched pattern=content-type
22:20:42,399 DEBUG aultHttpHeaderMapper| setting headerName=[contentType], value=application/json
22:20:42,399 DEBUG aultHttpHeaderMapper| headerName=[transfer-encoding] WILL be mapped, matched pattern=transfer-encoding
22:20:42,399 DEBUG aultHttpHeaderMapper| setting headerName=[Transfer-Encoding], value=[chunked]
22:20:42,399 DEBUG aultHttpHeaderMapper| headerName=[date] WILL be mapped, matched pattern=date
22:20:42,399 DEBUG aultHttpHeaderMapper| setting headerName=[Date], value=1 689 189 641 000
22:20:42,399 DEBUG aultHttpHeaderMapper| headerName=[keep-alive] WILL NOT be mapped
22:20:42,399 DEBUG aultHttpHeaderMapper| headerName=[connection] WILL be mapped, matched pattern=connection
22:20:42,399 DEBUG aultHttpHeaderMapper| setting headerName=[Connection], value=[keep-alive]
22:20:42,399 DEBUG ltCorrelationManager| Saving correlated object for 'citrus_message_id = '25ac4745-2ea1-4f58-abb4-f1039e4818dd''
22:20:42,399 INFO  port.LoggingReporter| 
22:20:42,399 DEBUG port.LoggingReporter| TEST STEP 113 SUCCESS
22:20:42,399 INFO  port.LoggingReporter| 
22:20:42,399 DEBUG port.LoggingReporter| TEST STEP 114: receive
22:20:42,399 DEBUG ngCorrelationManager| Get correlation key for 'citrus_message_correlator_httpRESTClient'
22:20:42,400 DEBUG ltCorrelationManager| Finding correlated object for 'citrus_message_id = '25ac4745-2ea1-4f58-abb4-f1039e4818dd''
22:20:42,400 DEBUG ageValidatorRegistry| Found 4 message validators for message
22:20:42,400 DEBUG ssageHeaderValidator| Start message header validation ...
22:20:42,400 DEBUG faultHeaderValidator| Validating header element: citrus_http_reason_phrase='OK': OK.
22:20:42,400 DEBUG faultHeaderValidator| Validating header element: citrus_http_status_code='200': OK.
22:20:42,400 INFO  ssageHeaderValidator| Message header validation successful: All values OK
22:20:42,400 DEBUG TextMessageValidator| Start JSON message validation ...
22:20:42,400 DEBUG JsonSchemaValidation| Starting Json schema validation ...
22:20:42,400 INFO  JsonSchemaValidation| Json schema validation successful: All values OK
22:20:42,401 DEBUG TextMessageValidator| Received message:
HTTPMESSAGE [id: bd9489e4-b84a-47a3-8c60-cd3a82fafaf0, payload: {"userId":57,"name":"Miyoko Kiehn V","course":"Chief Communications Assistant","email":"57@qa.ru","age":17,"mark":{"name":"Course mark","score":9}}][headers: {Transfer-Encoding=chunked, Connection=keep-alive, contentType=application/json, Date=1689189641000, citrus_message_id=bd9489e4-b84a-47a3-8c60-cd3a82fafaf0, citrus_message_timestamp=1689189642399, Keep-Alive=timeout=60, Content-Type=application/json, citrus_http_status_code=200, citrus_http_reason_phrase=OK, citrus_http_version=HTTP/1.1}]
22:20:42,401 DEBUG TextMessageValidator| Control message:
HTTPMESSAGE [id: c77778b9-205c-44d0-b1bc-e3f16098d0ba, payload: {"userId":57,"email":"@contains('@qa.ru')@","name":"@matches('^[a-zA-Z\\s\\.]*$')@","course":"@matches('^[a-zA-Z\\s]*$')@","age":"@isNumber()@","mark":{"name":"@contains('Course mark')@","score":"@isNumber()@"}}][headers: {citrus_message_id=c77778b9-205c-44d0-b1bc-e3f16098d0ba, citrus_message_timestamp=1689189642399, citrus_http_reason_phrase=OK, citrus_http_status_code=200, citrus_message_type=JSON}]
22:20:42,401 DEBUG TextMessageValidator| Validation successful for JSON entry 'name' (@matches('^[a-zA-Z\s\.]*$')@)
22:20:42,401 DEBUG TextMessageValidator| Validation successful for JSON entry 'course' (@matches('^[a-zA-Z\s]*$')@)
22:20:42,401 DEBUG TextMessageValidator| Validation successful for JSON entry 'userId' (57)
22:20:42,401 DEBUG TextMessageValidator| Validation successful for JSON entry 'email' (@contains('@qa.ru')@)
22:20:42,401 DEBUG TextMessageValidator| Validation successful for JSON entry 'age' (@isNumber()@)
22:20:42,401 DEBUG TextMessageValidator| Validation successful for JSON entry 'score' (@isNumber()@)
22:20:42,401 DEBUG TextMessageValidator| Validation successful for JSON entry 'name' (@contains('Course mark')@)
22:20:42,401 DEBUG TextMessageValidator| Validation successful for JSON entry 'mark' ({"score":"@isNumber()@","name":"@contains('Course mark')@"})
22:20:42,401 INFO  TextMessageValidator| JSON message validation successful: All values OK
22:20:42,401 INFO  port.LoggingReporter| 
22:20:42,401 DEBUG port.LoggingReporter| TEST STEP 114 SUCCESS
]]></system-out>
  </testcase>
  <testcase name="getUserStubParametrizedTest(int)[58]" classname="citrus.HttpRESTStubTests" time="0.007">
    <system-out><![CDATA[22:20:42,402 INFO  port.LoggingReporter| 
22:20:42,402 INFO  port.LoggingReporter| ------------------------------------------------------------------------
22:20:42,402 DEBUG port.LoggingReporter| STARTING TEST HttpRESTStubTests.getUserStubParametrizedTest <citrus>
22:20:42,402 INFO  port.LoggingReporter| 
22:20:42,402 DEBUG trus.DefaultTestCase| Initializing test case
22:20:42,402 DEBUG trus.DefaultTestCase| Global variables:
22:20:42,402 DEBUG trus.DefaultTestCase| citrus_message_correlator_httpRESTClient = citrus_message_id = '25ac4745-2ea1-4f58-abb4-f1039e4818dd'
22:20:42,402 DEBUG trus.DefaultTestCase| default.test.author = Unknown
22:20:42,402 DEBUG trus.DefaultTestCase| citrus.test.package = citrus
22:20:42,402 DEBUG trus.DefaultTestCase| citrus.test.name = HttpRESTStubTests.getUserStubParametrizedTest
22:20:42,402 DEBUG trus.DefaultTestCase| project.name = Citrus Integration Tests
22:20:42,402 DEBUG trus.DefaultTestCase| userId = 35
22:20:42,402 DEBUG trus.DefaultTestCase| citrus_message_replyTo_citrus_message_correlator_httpRESTClient = http://localhost:8080/user/get/57
22:20:42,402 DEBUG trus.DefaultTestCase| url = http://localhost:8080/user
22:20:42,402 DEBUG trus.DefaultTestCase| default.test.package = citrus
22:20:42,402 DEBUG  context.TestContext| Setting variable: citrus.test.name with value: 'HttpRESTStubTests.getUserStubParametrizedTest'
22:20:42,402 DEBUG  context.TestContext| Setting variable: citrus.test.package with value: 'citrus'
22:20:42,402 DEBUG trus.DefaultTestCase| Test variables:
22:20:42,402 DEBUG trus.DefaultTestCase| citrus_message_correlator_httpRESTClient = citrus_message_id = '25ac4745-2ea1-4f58-abb4-f1039e4818dd'
22:20:42,402 DEBUG trus.DefaultTestCase| default.test.author = Unknown
22:20:42,402 DEBUG trus.DefaultTestCase| citrus.test.package = citrus
22:20:42,402 DEBUG trus.DefaultTestCase| citrus.test.name = HttpRESTStubTests.getUserStubParametrizedTest
22:20:42,402 DEBUG trus.DefaultTestCase| project.name = Citrus Integration Tests
22:20:42,402 DEBUG trus.DefaultTestCase| userId = 35
22:20:42,402 DEBUG trus.DefaultTestCase| citrus_message_replyTo_citrus_message_correlator_httpRESTClient = http://localhost:8080/user/get/57
22:20:42,402 DEBUG trus.DefaultTestCase| url = http://localhost:8080/user
22:20:42,402 DEBUG trus.DefaultTestCase| default.test.package = citrus
22:20:42,403 INFO  port.LoggingReporter| 
22:20:42,403 DEBUG port.LoggingReporter| TEST STEP 115: send
22:20:42,403 DEBUG ltCorrelationManager| Saving correlation key for 'citrus_message_correlator_httpRESTClient'
22:20:42,403 DEBUG  context.TestContext| Setting variable: citrus_message_correlator_httpRESTClient with value: 'citrus_message_id = '03732fda-ad4d-4ebd-8d07-134f0958afc4''
22:20:42,403 DEBUG  context.TestContext| Setting variable: citrus_message_replyTo_citrus_message_correlator_httpRESTClient with value: 'http://localhost:8080/user/get/58'
22:20:42,403 INFO     client.HttpClient| Sending HTTP message to: 'http://localhost:8080/user/get/58'
22:20:42,403 DEBUG    client.HttpClient| Message to send:

22:20:42,403 DEBUG aultHttpHeaderMapper| outboundHeaderNames=[Accept, Accept-Charset, Accept-Encoding, Accept-Language, Accept-Ranges, Authorization, Cache-Control, Connection, Content-Length, Content-Type, Cookie, Date, Expect, From, Host, If-Match, If-Modified-Since, If-None-Match, If-Range, If-Unmodified-Since, Max-Forwards, Pragma, Proxy-Authorization, Range, Referer, TE, Upgrade, User-Agent, Via, Warning]
22:20:42,403 DEBUG aultHttpHeaderMapper| headerName=[citrus_message_timestamp] WILL NOT be mapped
22:20:42,403 DEBUG aultHttpHeaderMapper| headerName=[citrus_message_type] WILL NOT be mapped
22:20:42,403 DEBUG aultHttpHeaderMapper| headerName=[citrus_request_path] WILL NOT be mapped
22:20:42,403 DEBUG aultHttpHeaderMapper| headerName=[citrus_http_request_uri] WILL NOT be mapped
22:20:42,403 DEBUG aultHttpHeaderMapper| headerName=[id] WILL NOT be mapped
22:20:42,403 DEBUG aultHttpHeaderMapper| headerName=[citrus_message_id] WILL NOT be mapped
22:20:42,403 DEBUG aultHttpHeaderMapper| headerName=[citrus_http_method] WILL NOT be mapped
22:20:42,403 DEBUG aultHttpHeaderMapper| headerName=[timestamp] WILL NOT be mapped
22:20:42,403 DEBUG  client.RestTemplate| HTTP GET http://localhost:8080/user/get/58
22:20:42,403 DEBUG  client.RestTemplate| Accept=[text/plain, application/json, application/*+json, */*]
22:20:42,403 DEBUG ingClientInterceptor| Sending Http request message
22:20:42,404 DEBUG   Logger.Message_OUT| RAWMESSAGE [id: 7d364128-6218-42da-9231-4bba88543ca2, payload: GET http://localhost:8080/user/get/58
Accept:text/plain, application/json, application/*+json, */*
Content-Type:application/json;charset=UTF-8
Content-Length:0][headers: {citrus_message_id=7d364128-6218-42da-9231-4bba88543ca2, citrus_message_timestamp=1689189642403}]
22:20:42,404 DEBUG ol.RequestAddCookies| CookieSpec selected: default
22:20:42,404 DEBUG col.RequestAuthCache| Auth cache not set in the context
22:20:42,404 DEBUG entConnectionManager| Connection request: [route: {}->http://localhost:8080][total available: 1; route allocated: 1 of 5; total allocated: 1 of 10]
22:20:42,404 DEBUG entConnectionManager| Connection leased: [id: 0][route: {}->http://localhost:8080][total available: 0; route allocated: 1 of 5; total allocated: 1 of 10]
22:20:42,404 DEBUG HttpClientConnection| http-outgoing-0: set socket timeout to 0
22:20:42,404 DEBUG chain.MainClientExec| Executing request GET /user/get/58 HTTP/1.1
22:20:42,404 DEBUG chain.MainClientExec| Target auth state: UNCHALLENGED
22:20:42,404 DEBUG chain.MainClientExec| Proxy auth state: UNCHALLENGED
22:20:42,404 DEBUG         http.headers| http-outgoing-0 >> GET /user/get/58 HTTP/1.1
22:20:42,404 DEBUG         http.headers| http-outgoing-0 >> Accept: text/plain, application/json, application/*+json, */*
22:20:42,404 DEBUG         http.headers| http-outgoing-0 >> Content-Type: application/json;charset=UTF-8
22:20:42,404 DEBUG         http.headers| http-outgoing-0 >> Host: localhost:8080
22:20:42,404 DEBUG         http.headers| http-outgoing-0 >> Connection: Keep-Alive
22:20:42,404 DEBUG         http.headers| http-outgoing-0 >> User-Agent: Apache-HttpClient/4.5.13 (Java/11.0.16)
22:20:42,404 DEBUG         http.headers| http-outgoing-0 >> Accept-Encoding: gzip,deflate
22:20:42,404 DEBUG            http.wire| http-outgoing-0 >> "GET /user/get/58 HTTP/1.1[\r][\n]"
22:20:42,404 DEBUG            http.wire| http-outgoing-0 >> "Accept: text/plain, application/json, application/*+json, */*[\r][\n]"
22:20:42,404 DEBUG            http.wire| http-outgoing-0 >> "Content-Type: application/json;charset=UTF-8[\r][\n]"
22:20:42,404 DEBUG            http.wire| http-outgoing-0 >> "Host: localhost:8080[\r][\n]"
22:20:42,404 DEBUG            http.wire| http-outgoing-0 >> "Connection: Keep-Alive[\r][\n]"
22:20:42,404 DEBUG            http.wire| http-outgoing-0 >> "User-Agent: Apache-HttpClient/4.5.13 (Java/11.0.16)[\r][\n]"
22:20:42,404 DEBUG            http.wire| http-outgoing-0 >> "Accept-Encoding: gzip,deflate[\r][\n]"
22:20:42,404 DEBUG            http.wire| http-outgoing-0 >> "[\r][\n]"
22:20:42,405 DEBUG            http.wire| http-outgoing-0 << "HTTP/1.1 200 [\r][\n]"
22:20:42,405 DEBUG            http.wire| http-outgoing-0 << "Content-Type: application/json[\r][\n]"
22:20:42,405 DEBUG            http.wire| http-outgoing-0 << "Transfer-Encoding: chunked[\r][\n]"
22:20:42,405 DEBUG            http.wire| http-outgoing-0 << "Date: Wed, 12 Jul 2023 19:20:41 GMT[\r][\n]"
22:20:42,405 DEBUG            http.wire| http-outgoing-0 << "Keep-Alive: timeout=60[\r][\n]"
22:20:42,405 DEBUG            http.wire| http-outgoing-0 << "Connection: keep-alive[\r][\n]"
22:20:42,405 DEBUG            http.wire| http-outgoing-0 << "[\r][\n]"
22:20:42,405 DEBUG            http.wire| http-outgoing-0 << "90[\r][\n]"
22:20:42,405 DEBUG            http.wire| http-outgoing-0 << "{"userId":58,"name":"Sanford Reilly","course":"Dynamic Solutions Architect","email":"58@qa.ru","age":39,"mark":{"name":"Course mark","score":4}}[\r][\n]"
22:20:42,405 DEBUG         http.headers| http-outgoing-0 << HTTP/1.1 200 
22:20:42,405 DEBUG         http.headers| http-outgoing-0 << Content-Type: application/json
22:20:42,405 DEBUG         http.headers| http-outgoing-0 << Transfer-Encoding: chunked
22:20:42,405 DEBUG         http.headers| http-outgoing-0 << Date: Wed, 12 Jul 2023 19:20:41 GMT
22:20:42,405 DEBUG         http.headers| http-outgoing-0 << Keep-Alive: timeout=60
22:20:42,405 DEBUG         http.headers| http-outgoing-0 << Connection: keep-alive
22:20:42,405 DEBUG chain.MainClientExec| Connection can be kept alive for 60000 MILLISECONDS
22:20:42,405 DEBUG            http.wire| http-outgoing-0 << "0[\r][\n]"
22:20:42,405 DEBUG            http.wire| http-outgoing-0 << "[\r][\n]"
22:20:42,405 DEBUG entConnectionManager| Connection [id: 0][route: {}->http://localhost:8080] can be kept alive for 60.0 seconds
22:20:42,405 DEBUG HttpClientConnection| http-outgoing-0: set socket timeout to 0
22:20:42,405 DEBUG entConnectionManager| Connection released: [id: 0][route: {}->http://localhost:8080][total available: 1; route allocated: 1 of 5; total allocated: 1 of 10]
22:20:42,405 DEBUG ingClientInterceptor| Received Http response message
22:20:42,406 DEBUG    Logger.Message_IN| RAWMESSAGE [id: 2dd55c1f-1978-4427-9c9d-c951f6bbe2b7, payload: HTTP/1.1 200 OK 
Content-Type:application/json
Transfer-Encoding:chunked
Date:Wed, 12 Jul 2023 19:20:41 GMT
Keep-Alive:timeout=60
Connection:keep-alive

{"userId":58,"name":"Sanford Reilly","course":"Dynamic Solutions Architect","email":"58@qa.ru","age":39,"mark":{"name":"Course mark","score":4}}][headers: {citrus_message_id=2dd55c1f-1978-4427-9c9d-c951f6bbe2b7, citrus_message_timestamp=1689189642405}]
22:20:42,406 DEBUG  client.RestTemplate| Response 200 OK
22:20:42,406 DEBUG  client.RestTemplate| Reading to [java.lang.String] as "application/json"
22:20:42,406 INFO     client.HttpClient| HTTP message was sent to endpoint: 'http://localhost:8080/user/get/58'
22:20:42,406 DEBUG aultHttpHeaderMapper| inboundHeaderNames=[Accept-Ranges, Age, Allow, Cache-Control, Connection, Content-Encoding, Content-Language, Content-Length, Content-Location, Content-MD5, Content-Range, Content-Type, Content-Disposition, Transfer-Encoding, Date, ETag, Expires, Last-Modified, Location, Pragma, Proxy-Authenticate, Refresh, Retry-After, Server, Set-Cookie, Trailer, Vary, Via, Warning, WWW-Authenticate]
22:20:42,406 DEBUG aultHttpHeaderMapper| headerName=[content-type] WILL be mapped, matched pattern=content-type
22:20:42,406 DEBUG aultHttpHeaderMapper| setting headerName=[contentType], value=application/json
22:20:42,406 DEBUG aultHttpHeaderMapper| headerName=[transfer-encoding] WILL be mapped, matched pattern=transfer-encoding
22:20:42,406 DEBUG aultHttpHeaderMapper| setting headerName=[Transfer-Encoding], value=[chunked]
22:20:42,406 DEBUG aultHttpHeaderMapper| headerName=[date] WILL be mapped, matched pattern=date
22:20:42,406 DEBUG aultHttpHeaderMapper| setting headerName=[Date], value=1 689 189 641 000
22:20:42,406 DEBUG aultHttpHeaderMapper| headerName=[keep-alive] WILL NOT be mapped
22:20:42,406 DEBUG aultHttpHeaderMapper| headerName=[connection] WILL be mapped, matched pattern=connection
22:20:42,406 DEBUG aultHttpHeaderMapper| setting headerName=[Connection], value=[keep-alive]
22:20:42,406 DEBUG ltCorrelationManager| Saving correlated object for 'citrus_message_id = '03732fda-ad4d-4ebd-8d07-134f0958afc4''
22:20:42,406 INFO  port.LoggingReporter| 
22:20:42,406 DEBUG port.LoggingReporter| TEST STEP 115 SUCCESS
22:20:42,406 INFO  port.LoggingReporter| 
22:20:42,406 DEBUG port.LoggingReporter| TEST STEP 116: receive
22:20:42,406 DEBUG ngCorrelationManager| Get correlation key for 'citrus_message_correlator_httpRESTClient'
22:20:42,406 DEBUG ltCorrelationManager| Finding correlated object for 'citrus_message_id = '03732fda-ad4d-4ebd-8d07-134f0958afc4''
22:20:42,407 DEBUG ageValidatorRegistry| Found 4 message validators for message
22:20:42,407 DEBUG ssageHeaderValidator| Start message header validation ...
22:20:42,407 DEBUG faultHeaderValidator| Validating header element: citrus_http_reason_phrase='OK': OK.
22:20:42,407 DEBUG faultHeaderValidator| Validating header element: citrus_http_status_code='200': OK.
22:20:42,407 INFO  ssageHeaderValidator| Message header validation successful: All values OK
22:20:42,407 DEBUG TextMessageValidator| Start JSON message validation ...
22:20:42,407 DEBUG JsonSchemaValidation| Starting Json schema validation ...
22:20:42,407 INFO  JsonSchemaValidation| Json schema validation successful: All values OK
22:20:42,407 DEBUG TextMessageValidator| Received message:
HTTPMESSAGE [id: 4ea89d03-ef4c-4e89-98a4-fd7632d70d84, payload: {"userId":58,"name":"Sanford Reilly","course":"Dynamic Solutions Architect","email":"58@qa.ru","age":39,"mark":{"name":"Course mark","score":4}}][headers: {Transfer-Encoding=chunked, Connection=keep-alive, contentType=application/json, Date=1689189641000, citrus_message_id=4ea89d03-ef4c-4e89-98a4-fd7632d70d84, citrus_message_timestamp=1689189642406, Keep-Alive=timeout=60, Content-Type=application/json, citrus_http_status_code=200, citrus_http_reason_phrase=OK, citrus_http_version=HTTP/1.1}]
22:20:42,407 DEBUG TextMessageValidator| Control message:
HTTPMESSAGE [id: 8b8f95e3-dece-4e4c-b468-de6d261dfff0, payload: {"userId":58,"email":"@contains('@qa.ru')@","name":"@matches('^[a-zA-Z\\s\\.]*$')@","course":"@matches('^[a-zA-Z\\s]*$')@","age":"@isNumber()@","mark":{"name":"@contains('Course mark')@","score":"@isNumber()@"}}][headers: {citrus_message_id=8b8f95e3-dece-4e4c-b468-de6d261dfff0, citrus_message_timestamp=1689189642406, citrus_http_reason_phrase=OK, citrus_http_status_code=200, citrus_message_type=JSON}]
22:20:42,407 DEBUG TextMessageValidator| Validation successful for JSON entry 'name' (@matches('^[a-zA-Z\s\.]*$')@)
22:20:42,407 DEBUG TextMessageValidator| Validation successful for JSON entry 'course' (@matches('^[a-zA-Z\s]*$')@)
22:20:42,407 DEBUG TextMessageValidator| Validation successful for JSON entry 'userId' (58)
22:20:42,407 DEBUG TextMessageValidator| Validation successful for JSON entry 'email' (@contains('@qa.ru')@)
22:20:42,407 DEBUG TextMessageValidator| Validation successful for JSON entry 'age' (@isNumber()@)
22:20:42,407 DEBUG TextMessageValidator| Validation successful for JSON entry 'score' (@isNumber()@)
22:20:42,407 DEBUG TextMessageValidator| Validation successful for JSON entry 'name' (@contains('Course mark')@)
22:20:42,407 DEBUG TextMessageValidator| Validation successful for JSON entry 'mark' ({"score":"@isNumber()@","name":"@contains('Course mark')@"})
22:20:42,407 INFO  TextMessageValidator| JSON message validation successful: All values OK
22:20:42,407 INFO  port.LoggingReporter| 
22:20:42,407 DEBUG port.LoggingReporter| TEST STEP 116 SUCCESS
]]></system-out>
  </testcase>
  <testcase name="getUserStubParametrizedTest(int)[59]" classname="citrus.HttpRESTStubTests" time="0.007">
    <system-out><![CDATA[22:20:42,409 INFO  port.LoggingReporter| 
22:20:42,409 INFO  port.LoggingReporter| ------------------------------------------------------------------------
22:20:42,409 DEBUG port.LoggingReporter| STARTING TEST HttpRESTStubTests.getUserStubParametrizedTest <citrus>
22:20:42,409 INFO  port.LoggingReporter| 
22:20:42,409 DEBUG trus.DefaultTestCase| Initializing test case
22:20:42,409 DEBUG trus.DefaultTestCase| Global variables:
22:20:42,409 DEBUG trus.DefaultTestCase| citrus_message_correlator_httpRESTClient = citrus_message_id = '03732fda-ad4d-4ebd-8d07-134f0958afc4'
22:20:42,409 DEBUG trus.DefaultTestCase| default.test.author = Unknown
22:20:42,409 DEBUG trus.DefaultTestCase| citrus.test.package = citrus
22:20:42,409 DEBUG trus.DefaultTestCase| citrus.test.name = HttpRESTStubTests.getUserStubParametrizedTest
22:20:42,409 DEBUG trus.DefaultTestCase| project.name = Citrus Integration Tests
22:20:42,409 DEBUG trus.DefaultTestCase| userId = 35
22:20:42,409 DEBUG trus.DefaultTestCase| citrus_message_replyTo_citrus_message_correlator_httpRESTClient = http://localhost:8080/user/get/58
22:20:42,409 DEBUG trus.DefaultTestCase| url = http://localhost:8080/user
22:20:42,409 DEBUG trus.DefaultTestCase| default.test.package = citrus
22:20:42,409 DEBUG  context.TestContext| Setting variable: citrus.test.name with value: 'HttpRESTStubTests.getUserStubParametrizedTest'
22:20:42,409 DEBUG  context.TestContext| Setting variable: citrus.test.package with value: 'citrus'
22:20:42,409 DEBUG trus.DefaultTestCase| Test variables:
22:20:42,409 DEBUG trus.DefaultTestCase| citrus_message_correlator_httpRESTClient = citrus_message_id = '03732fda-ad4d-4ebd-8d07-134f0958afc4'
22:20:42,409 DEBUG trus.DefaultTestCase| default.test.author = Unknown
22:20:42,409 DEBUG trus.DefaultTestCase| citrus.test.package = citrus
22:20:42,409 DEBUG trus.DefaultTestCase| citrus.test.name = HttpRESTStubTests.getUserStubParametrizedTest
22:20:42,409 DEBUG trus.DefaultTestCase| project.name = Citrus Integration Tests
22:20:42,409 DEBUG trus.DefaultTestCase| userId = 35
22:20:42,409 DEBUG trus.DefaultTestCase| citrus_message_replyTo_citrus_message_correlator_httpRESTClient = http://localhost:8080/user/get/58
22:20:42,409 DEBUG trus.DefaultTestCase| url = http://localhost:8080/user
22:20:42,409 DEBUG trus.DefaultTestCase| default.test.package = citrus
22:20:42,410 INFO  port.LoggingReporter| 
22:20:42,410 DEBUG port.LoggingReporter| TEST STEP 117: send
22:20:42,410 DEBUG ltCorrelationManager| Saving correlation key for 'citrus_message_correlator_httpRESTClient'
22:20:42,410 DEBUG  context.TestContext| Setting variable: citrus_message_correlator_httpRESTClient with value: 'citrus_message_id = 'b985b949-d6ec-4601-884e-3481b4cf040a''
22:20:42,410 DEBUG  context.TestContext| Setting variable: citrus_message_replyTo_citrus_message_correlator_httpRESTClient with value: 'http://localhost:8080/user/get/59'
22:20:42,410 INFO     client.HttpClient| Sending HTTP message to: 'http://localhost:8080/user/get/59'
22:20:42,410 DEBUG    client.HttpClient| Message to send:

22:20:42,410 DEBUG aultHttpHeaderMapper| outboundHeaderNames=[Accept, Accept-Charset, Accept-Encoding, Accept-Language, Accept-Ranges, Authorization, Cache-Control, Connection, Content-Length, Content-Type, Cookie, Date, Expect, From, Host, If-Match, If-Modified-Since, If-None-Match, If-Range, If-Unmodified-Since, Max-Forwards, Pragma, Proxy-Authorization, Range, Referer, TE, Upgrade, User-Agent, Via, Warning]
22:20:42,410 DEBUG aultHttpHeaderMapper| headerName=[citrus_message_timestamp] WILL NOT be mapped
22:20:42,410 DEBUG aultHttpHeaderMapper| headerName=[citrus_message_type] WILL NOT be mapped
22:20:42,410 DEBUG aultHttpHeaderMapper| headerName=[citrus_request_path] WILL NOT be mapped
22:20:42,410 DEBUG aultHttpHeaderMapper| headerName=[citrus_http_request_uri] WILL NOT be mapped
22:20:42,410 DEBUG aultHttpHeaderMapper| headerName=[id] WILL NOT be mapped
22:20:42,410 DEBUG aultHttpHeaderMapper| headerName=[citrus_message_id] WILL NOT be mapped
22:20:42,410 DEBUG aultHttpHeaderMapper| headerName=[citrus_http_method] WILL NOT be mapped
22:20:42,410 DEBUG aultHttpHeaderMapper| headerName=[timestamp] WILL NOT be mapped
22:20:42,410 DEBUG  client.RestTemplate| HTTP GET http://localhost:8080/user/get/59
22:20:42,410 DEBUG  client.RestTemplate| Accept=[text/plain, application/json, application/*+json, */*]
22:20:42,410 DEBUG ingClientInterceptor| Sending Http request message
22:20:42,411 DEBUG   Logger.Message_OUT| RAWMESSAGE [id: f33701e6-1dd7-4ddc-a444-20b1773b92d6, payload: GET http://localhost:8080/user/get/59
Accept:text/plain, application/json, application/*+json, */*
Content-Type:application/json;charset=UTF-8
Content-Length:0][headers: {citrus_message_id=f33701e6-1dd7-4ddc-a444-20b1773b92d6, citrus_message_timestamp=1689189642410}]
22:20:42,411 DEBUG ol.RequestAddCookies| CookieSpec selected: default
22:20:42,411 DEBUG col.RequestAuthCache| Auth cache not set in the context
22:20:42,411 DEBUG entConnectionManager| Connection request: [route: {}->http://localhost:8080][total available: 1; route allocated: 1 of 5; total allocated: 1 of 10]
22:20:42,411 DEBUG entConnectionManager| Connection leased: [id: 0][route: {}->http://localhost:8080][total available: 0; route allocated: 1 of 5; total allocated: 1 of 10]
22:20:42,411 DEBUG HttpClientConnection| http-outgoing-0: set socket timeout to 0
22:20:42,411 DEBUG chain.MainClientExec| Executing request GET /user/get/59 HTTP/1.1
22:20:42,411 DEBUG chain.MainClientExec| Target auth state: UNCHALLENGED
22:20:42,411 DEBUG chain.MainClientExec| Proxy auth state: UNCHALLENGED
22:20:42,411 DEBUG         http.headers| http-outgoing-0 >> GET /user/get/59 HTTP/1.1
22:20:42,411 DEBUG         http.headers| http-outgoing-0 >> Accept: text/plain, application/json, application/*+json, */*
22:20:42,411 DEBUG         http.headers| http-outgoing-0 >> Content-Type: application/json;charset=UTF-8
22:20:42,411 DEBUG         http.headers| http-outgoing-0 >> Host: localhost:8080
22:20:42,411 DEBUG         http.headers| http-outgoing-0 >> Connection: Keep-Alive
22:20:42,411 DEBUG         http.headers| http-outgoing-0 >> User-Agent: Apache-HttpClient/4.5.13 (Java/11.0.16)
22:20:42,411 DEBUG         http.headers| http-outgoing-0 >> Accept-Encoding: gzip,deflate
22:20:42,411 DEBUG            http.wire| http-outgoing-0 >> "GET /user/get/59 HTTP/1.1[\r][\n]"
22:20:42,411 DEBUG            http.wire| http-outgoing-0 >> "Accept: text/plain, application/json, application/*+json, */*[\r][\n]"
22:20:42,411 DEBUG            http.wire| http-outgoing-0 >> "Content-Type: application/json;charset=UTF-8[\r][\n]"
22:20:42,411 DEBUG            http.wire| http-outgoing-0 >> "Host: localhost:8080[\r][\n]"
22:20:42,411 DEBUG            http.wire| http-outgoing-0 >> "Connection: Keep-Alive[\r][\n]"
22:20:42,411 DEBUG            http.wire| http-outgoing-0 >> "User-Agent: Apache-HttpClient/4.5.13 (Java/11.0.16)[\r][\n]"
22:20:42,411 DEBUG            http.wire| http-outgoing-0 >> "Accept-Encoding: gzip,deflate[\r][\n]"
22:20:42,411 DEBUG            http.wire| http-outgoing-0 >> "[\r][\n]"
22:20:42,412 DEBUG            http.wire| http-outgoing-0 << "HTTP/1.1 200 [\r][\n]"
22:20:42,412 DEBUG            http.wire| http-outgoing-0 << "Content-Type: application/json[\r][\n]"
22:20:42,412 DEBUG            http.wire| http-outgoing-0 << "Transfer-Encoding: chunked[\r][\n]"
22:20:42,412 DEBUG            http.wire| http-outgoing-0 << "Date: Wed, 12 Jul 2023 19:20:41 GMT[\r][\n]"
22:20:42,412 DEBUG            http.wire| http-outgoing-0 << "Keep-Alive: timeout=60[\r][\n]"
22:20:42,412 DEBUG            http.wire| http-outgoing-0 << "Connection: keep-alive[\r][\n]"
22:20:42,412 DEBUG            http.wire| http-outgoing-0 << "[\r][\n]"
22:20:42,412 DEBUG            http.wire| http-outgoing-0 << "94[\r][\n]"
22:20:42,412 DEBUG            http.wire| http-outgoing-0 << "{"userId":59,"name":"Palmer Kassulke","course":"Legacy Operations Orchestrator","email":"59@qa.ru","age":49,"mark":{"name":"Course mark","score":6}}[\r][\n]"
22:20:42,412 DEBUG         http.headers| http-outgoing-0 << HTTP/1.1 200 
22:20:42,412 DEBUG         http.headers| http-outgoing-0 << Content-Type: application/json
22:20:42,412 DEBUG         http.headers| http-outgoing-0 << Transfer-Encoding: chunked
22:20:42,412 DEBUG         http.headers| http-outgoing-0 << Date: Wed, 12 Jul 2023 19:20:41 GMT
22:20:42,412 DEBUG         http.headers| http-outgoing-0 << Keep-Alive: timeout=60
22:20:42,412 DEBUG         http.headers| http-outgoing-0 << Connection: keep-alive
22:20:42,412 DEBUG chain.MainClientExec| Connection can be kept alive for 60000 MILLISECONDS
22:20:42,412 DEBUG            http.wire| http-outgoing-0 << "0[\r][\n]"
22:20:42,412 DEBUG            http.wire| http-outgoing-0 << "[\r][\n]"
22:20:42,412 DEBUG entConnectionManager| Connection [id: 0][route: {}->http://localhost:8080] can be kept alive for 60.0 seconds
22:20:42,412 DEBUG HttpClientConnection| http-outgoing-0: set socket timeout to 0
22:20:42,412 DEBUG entConnectionManager| Connection released: [id: 0][route: {}->http://localhost:8080][total available: 1; route allocated: 1 of 5; total allocated: 1 of 10]
22:20:42,412 DEBUG ingClientInterceptor| Received Http response message
22:20:42,413 DEBUG    Logger.Message_IN| RAWMESSAGE [id: ef0d2b41-2efb-43e0-b1a2-59a88a646179, payload: HTTP/1.1 200 OK 
Content-Type:application/json
Transfer-Encoding:chunked
Date:Wed, 12 Jul 2023 19:20:41 GMT
Keep-Alive:timeout=60
Connection:keep-alive

{"userId":59,"name":"Palmer Kassulke","course":"Legacy Operations Orchestrator","email":"59@qa.ru","age":49,"mark":{"name":"Course mark","score":6}}][headers: {citrus_message_id=ef0d2b41-2efb-43e0-b1a2-59a88a646179, citrus_message_timestamp=1689189642412}]
22:20:42,413 DEBUG  client.RestTemplate| Response 200 OK
22:20:42,413 DEBUG  client.RestTemplate| Reading to [java.lang.String] as "application/json"
22:20:42,413 INFO     client.HttpClient| HTTP message was sent to endpoint: 'http://localhost:8080/user/get/59'
22:20:42,413 DEBUG aultHttpHeaderMapper| inboundHeaderNames=[Accept-Ranges, Age, Allow, Cache-Control, Connection, Content-Encoding, Content-Language, Content-Length, Content-Location, Content-MD5, Content-Range, Content-Type, Content-Disposition, Transfer-Encoding, Date, ETag, Expires, Last-Modified, Location, Pragma, Proxy-Authenticate, Refresh, Retry-After, Server, Set-Cookie, Trailer, Vary, Via, Warning, WWW-Authenticate]
22:20:42,413 DEBUG aultHttpHeaderMapper| headerName=[content-type] WILL be mapped, matched pattern=content-type
22:20:42,413 DEBUG aultHttpHeaderMapper| setting headerName=[contentType], value=application/json
22:20:42,413 DEBUG aultHttpHeaderMapper| headerName=[transfer-encoding] WILL be mapped, matched pattern=transfer-encoding
22:20:42,414 DEBUG aultHttpHeaderMapper| setting headerName=[Transfer-Encoding], value=[chunked]
22:20:42,414 DEBUG aultHttpHeaderMapper| headerName=[date] WILL be mapped, matched pattern=date
22:20:42,414 DEBUG aultHttpHeaderMapper| setting headerName=[Date], value=1 689 189 641 000
22:20:42,414 DEBUG aultHttpHeaderMapper| headerName=[keep-alive] WILL NOT be mapped
22:20:42,414 DEBUG aultHttpHeaderMapper| headerName=[connection] WILL be mapped, matched pattern=connection
22:20:42,414 DEBUG aultHttpHeaderMapper| setting headerName=[Connection], value=[keep-alive]
22:20:42,414 DEBUG ltCorrelationManager| Saving correlated object for 'citrus_message_id = 'b985b949-d6ec-4601-884e-3481b4cf040a''
22:20:42,414 INFO  port.LoggingReporter| 
22:20:42,414 DEBUG port.LoggingReporter| TEST STEP 117 SUCCESS
22:20:42,414 INFO  port.LoggingReporter| 
22:20:42,414 DEBUG port.LoggingReporter| TEST STEP 118: receive
22:20:42,414 DEBUG ngCorrelationManager| Get correlation key for 'citrus_message_correlator_httpRESTClient'
22:20:42,414 DEBUG ltCorrelationManager| Finding correlated object for 'citrus_message_id = 'b985b949-d6ec-4601-884e-3481b4cf040a''
22:20:42,415 DEBUG ageValidatorRegistry| Found 4 message validators for message
22:20:42,415 DEBUG ssageHeaderValidator| Start message header validation ...
22:20:42,415 DEBUG faultHeaderValidator| Validating header element: citrus_http_reason_phrase='OK': OK.
22:20:42,415 DEBUG faultHeaderValidator| Validating header element: citrus_http_status_code='200': OK.
22:20:42,415 INFO  ssageHeaderValidator| Message header validation successful: All values OK
22:20:42,415 DEBUG TextMessageValidator| Start JSON message validation ...
22:20:42,415 DEBUG JsonSchemaValidation| Starting Json schema validation ...
22:20:42,415 INFO  JsonSchemaValidation| Json schema validation successful: All values OK
22:20:42,415 DEBUG TextMessageValidator| Received message:
HTTPMESSAGE [id: f6e7c4bb-2afb-439b-a26e-ece8b1b1c16b, payload: {"userId":59,"name":"Palmer Kassulke","course":"Legacy Operations Orchestrator","email":"59@qa.ru","age":49,"mark":{"name":"Course mark","score":6}}][headers: {Transfer-Encoding=chunked, Connection=keep-alive, contentType=application/json, Date=1689189641000, citrus_message_id=f6e7c4bb-2afb-439b-a26e-ece8b1b1c16b, citrus_message_timestamp=1689189642414, Keep-Alive=timeout=60, Content-Type=application/json, citrus_http_status_code=200, citrus_http_reason_phrase=OK, citrus_http_version=HTTP/1.1}]
22:20:42,415 DEBUG TextMessageValidator| Control message:
HTTPMESSAGE [id: 43990437-249e-4f11-a049-474ed432ab60, payload: {"userId":59,"email":"@contains('@qa.ru')@","name":"@matches('^[a-zA-Z\\s\\.]*$')@","course":"@matches('^[a-zA-Z\\s]*$')@","age":"@isNumber()@","mark":{"name":"@contains('Course mark')@","score":"@isNumber()@"}}][headers: {citrus_message_id=43990437-249e-4f11-a049-474ed432ab60, citrus_message_timestamp=1689189642414, citrus_http_reason_phrase=OK, citrus_http_status_code=200, citrus_message_type=JSON}]
22:20:42,415 DEBUG TextMessageValidator| Validation successful for JSON entry 'name' (@matches('^[a-zA-Z\s\.]*$')@)
22:20:42,415 DEBUG TextMessageValidator| Validation successful for JSON entry 'course' (@matches('^[a-zA-Z\s]*$')@)
22:20:42,415 DEBUG TextMessageValidator| Validation successful for JSON entry 'userId' (59)
22:20:42,415 DEBUG TextMessageValidator| Validation successful for JSON entry 'email' (@contains('@qa.ru')@)
22:20:42,415 DEBUG TextMessageValidator| Validation successful for JSON entry 'age' (@isNumber()@)
22:20:42,415 DEBUG TextMessageValidator| Validation successful for JSON entry 'score' (@isNumber()@)
22:20:42,415 DEBUG TextMessageValidator| Validation successful for JSON entry 'name' (@contains('Course mark')@)
22:20:42,415 DEBUG TextMessageValidator| Validation successful for JSON entry 'mark' ({"score":"@isNumber()@","name":"@contains('Course mark')@"})
22:20:42,415 INFO  TextMessageValidator| JSON message validation successful: All values OK
22:20:42,415 INFO  port.LoggingReporter| 
22:20:42,415 DEBUG port.LoggingReporter| TEST STEP 118 SUCCESS
]]></system-out>
  </testcase>
  <testcase name="getUserStubParametrizedTest(int)[60]" classname="citrus.HttpRESTStubTests" time="0.006">
    <system-out><![CDATA[22:20:42,417 INFO  port.LoggingReporter| 
22:20:42,417 INFO  port.LoggingReporter| ------------------------------------------------------------------------
22:20:42,417 DEBUG port.LoggingReporter| STARTING TEST HttpRESTStubTests.getUserStubParametrizedTest <citrus>
22:20:42,417 INFO  port.LoggingReporter| 
22:20:42,417 DEBUG trus.DefaultTestCase| Initializing test case
22:20:42,417 DEBUG trus.DefaultTestCase| Global variables:
22:20:42,417 DEBUG trus.DefaultTestCase| citrus_message_correlator_httpRESTClient = citrus_message_id = 'b985b949-d6ec-4601-884e-3481b4cf040a'
22:20:42,417 DEBUG trus.DefaultTestCase| default.test.author = Unknown
22:20:42,417 DEBUG trus.DefaultTestCase| citrus.test.package = citrus
22:20:42,417 DEBUG trus.DefaultTestCase| citrus.test.name = HttpRESTStubTests.getUserStubParametrizedTest
22:20:42,417 DEBUG trus.DefaultTestCase| project.name = Citrus Integration Tests
22:20:42,417 DEBUG trus.DefaultTestCase| userId = 35
22:20:42,417 DEBUG trus.DefaultTestCase| citrus_message_replyTo_citrus_message_correlator_httpRESTClient = http://localhost:8080/user/get/59
22:20:42,417 DEBUG trus.DefaultTestCase| url = http://localhost:8080/user
22:20:42,417 DEBUG trus.DefaultTestCase| default.test.package = citrus
22:20:42,417 DEBUG  context.TestContext| Setting variable: citrus.test.name with value: 'HttpRESTStubTests.getUserStubParametrizedTest'
22:20:42,417 DEBUG  context.TestContext| Setting variable: citrus.test.package with value: 'citrus'
22:20:42,417 DEBUG trus.DefaultTestCase| Test variables:
22:20:42,417 DEBUG trus.DefaultTestCase| citrus_message_correlator_httpRESTClient = citrus_message_id = 'b985b949-d6ec-4601-884e-3481b4cf040a'
22:20:42,417 DEBUG trus.DefaultTestCase| default.test.author = Unknown
22:20:42,417 DEBUG trus.DefaultTestCase| citrus.test.package = citrus
22:20:42,417 DEBUG trus.DefaultTestCase| citrus.test.name = HttpRESTStubTests.getUserStubParametrizedTest
22:20:42,417 DEBUG trus.DefaultTestCase| project.name = Citrus Integration Tests
22:20:42,417 DEBUG trus.DefaultTestCase| userId = 35
22:20:42,417 DEBUG trus.DefaultTestCase| citrus_message_replyTo_citrus_message_correlator_httpRESTClient = http://localhost:8080/user/get/59
22:20:42,417 DEBUG trus.DefaultTestCase| url = http://localhost:8080/user
22:20:42,417 DEBUG trus.DefaultTestCase| default.test.package = citrus
22:20:42,417 INFO  port.LoggingReporter| 
22:20:42,417 DEBUG port.LoggingReporter| TEST STEP 119: send
22:20:42,417 DEBUG ltCorrelationManager| Saving correlation key for 'citrus_message_correlator_httpRESTClient'
22:20:42,417 DEBUG  context.TestContext| Setting variable: citrus_message_correlator_httpRESTClient with value: 'citrus_message_id = '4a43a20b-64fb-4610-8b25-3538f5a9c498''
22:20:42,417 DEBUG  context.TestContext| Setting variable: citrus_message_replyTo_citrus_message_correlator_httpRESTClient with value: 'http://localhost:8080/user/get/60'
22:20:42,417 INFO     client.HttpClient| Sending HTTP message to: 'http://localhost:8080/user/get/60'
22:20:42,417 DEBUG    client.HttpClient| Message to send:

22:20:42,417 DEBUG aultHttpHeaderMapper| outboundHeaderNames=[Accept, Accept-Charset, Accept-Encoding, Accept-Language, Accept-Ranges, Authorization, Cache-Control, Connection, Content-Length, Content-Type, Cookie, Date, Expect, From, Host, If-Match, If-Modified-Since, If-None-Match, If-Range, If-Unmodified-Since, Max-Forwards, Pragma, Proxy-Authorization, Range, Referer, TE, Upgrade, User-Agent, Via, Warning]
22:20:42,417 DEBUG aultHttpHeaderMapper| headerName=[citrus_message_timestamp] WILL NOT be mapped
22:20:42,417 DEBUG aultHttpHeaderMapper| headerName=[citrus_message_type] WILL NOT be mapped
22:20:42,417 DEBUG aultHttpHeaderMapper| headerName=[citrus_request_path] WILL NOT be mapped
22:20:42,417 DEBUG aultHttpHeaderMapper| headerName=[citrus_http_request_uri] WILL NOT be mapped
22:20:42,417 DEBUG aultHttpHeaderMapper| headerName=[id] WILL NOT be mapped
22:20:42,417 DEBUG aultHttpHeaderMapper| headerName=[citrus_message_id] WILL NOT be mapped
22:20:42,417 DEBUG aultHttpHeaderMapper| headerName=[citrus_http_method] WILL NOT be mapped
22:20:42,417 DEBUG aultHttpHeaderMapper| headerName=[timestamp] WILL NOT be mapped
22:20:42,417 DEBUG  client.RestTemplate| HTTP GET http://localhost:8080/user/get/60
22:20:42,417 DEBUG  client.RestTemplate| Accept=[text/plain, application/json, application/*+json, */*]
22:20:42,417 DEBUG ingClientInterceptor| Sending Http request message
22:20:42,418 DEBUG   Logger.Message_OUT| RAWMESSAGE [id: 65bea621-8bc5-4e80-8f00-8025debd5855, payload: GET http://localhost:8080/user/get/60
Accept:text/plain, application/json, application/*+json, */*
Content-Type:application/json;charset=UTF-8
Content-Length:0][headers: {citrus_message_id=65bea621-8bc5-4e80-8f00-8025debd5855, citrus_message_timestamp=1689189642417}]
22:20:42,418 DEBUG ol.RequestAddCookies| CookieSpec selected: default
22:20:42,418 DEBUG col.RequestAuthCache| Auth cache not set in the context
22:20:42,418 DEBUG entConnectionManager| Connection request: [route: {}->http://localhost:8080][total available: 1; route allocated: 1 of 5; total allocated: 1 of 10]
22:20:42,418 DEBUG entConnectionManager| Connection leased: [id: 0][route: {}->http://localhost:8080][total available: 0; route allocated: 1 of 5; total allocated: 1 of 10]
22:20:42,418 DEBUG HttpClientConnection| http-outgoing-0: set socket timeout to 0
22:20:42,418 DEBUG chain.MainClientExec| Executing request GET /user/get/60 HTTP/1.1
22:20:42,418 DEBUG chain.MainClientExec| Target auth state: UNCHALLENGED
22:20:42,418 DEBUG chain.MainClientExec| Proxy auth state: UNCHALLENGED
22:20:42,418 DEBUG         http.headers| http-outgoing-0 >> GET /user/get/60 HTTP/1.1
22:20:42,418 DEBUG         http.headers| http-outgoing-0 >> Accept: text/plain, application/json, application/*+json, */*
22:20:42,418 DEBUG         http.headers| http-outgoing-0 >> Content-Type: application/json;charset=UTF-8
22:20:42,418 DEBUG         http.headers| http-outgoing-0 >> Host: localhost:8080
22:20:42,418 DEBUG         http.headers| http-outgoing-0 >> Connection: Keep-Alive
22:20:42,418 DEBUG         http.headers| http-outgoing-0 >> User-Agent: Apache-HttpClient/4.5.13 (Java/11.0.16)
22:20:42,418 DEBUG         http.headers| http-outgoing-0 >> Accept-Encoding: gzip,deflate
22:20:42,418 DEBUG            http.wire| http-outgoing-0 >> "GET /user/get/60 HTTP/1.1[\r][\n]"
22:20:42,418 DEBUG            http.wire| http-outgoing-0 >> "Accept: text/plain, application/json, application/*+json, */*[\r][\n]"
22:20:42,418 DEBUG            http.wire| http-outgoing-0 >> "Content-Type: application/json;charset=UTF-8[\r][\n]"
22:20:42,419 DEBUG            http.wire| http-outgoing-0 >> "Host: localhost:8080[\r][\n]"
22:20:42,419 DEBUG            http.wire| http-outgoing-0 >> "Connection: Keep-Alive[\r][\n]"
22:20:42,419 DEBUG            http.wire| http-outgoing-0 >> "User-Agent: Apache-HttpClient/4.5.13 (Java/11.0.16)[\r][\n]"
22:20:42,419 DEBUG            http.wire| http-outgoing-0 >> "Accept-Encoding: gzip,deflate[\r][\n]"
22:20:42,419 DEBUG            http.wire| http-outgoing-0 >> "[\r][\n]"
22:20:42,419 DEBUG            http.wire| http-outgoing-0 << "HTTP/1.1 200 [\r][\n]"
22:20:42,419 DEBUG            http.wire| http-outgoing-0 << "Content-Type: application/json[\r][\n]"
22:20:42,419 DEBUG            http.wire| http-outgoing-0 << "Transfer-Encoding: chunked[\r][\n]"
22:20:42,419 DEBUG            http.wire| http-outgoing-0 << "Date: Wed, 12 Jul 2023 19:20:41 GMT[\r][\n]"
22:20:42,419 DEBUG            http.wire| http-outgoing-0 << "Keep-Alive: timeout=60[\r][\n]"
22:20:42,419 DEBUG            http.wire| http-outgoing-0 << "Connection: keep-alive[\r][\n]"
22:20:42,419 DEBUG            http.wire| http-outgoing-0 << "[\r][\n]"
22:20:42,419 DEBUG            http.wire| http-outgoing-0 << "91[\r][\n]"
22:20:42,419 DEBUG            http.wire| http-outgoing-0 << "{"userId":60,"name":"Frieda Zemlak","course":"Internal Identity Facilitator","email":"60@qa.ru","age":12,"mark":{"name":"Course mark","score":8}}[\r][\n]"
22:20:42,419 DEBUG         http.headers| http-outgoing-0 << HTTP/1.1 200 
22:20:42,419 DEBUG         http.headers| http-outgoing-0 << Content-Type: application/json
22:20:42,419 DEBUG         http.headers| http-outgoing-0 << Transfer-Encoding: chunked
22:20:42,419 DEBUG         http.headers| http-outgoing-0 << Date: Wed, 12 Jul 2023 19:20:41 GMT
22:20:42,419 DEBUG         http.headers| http-outgoing-0 << Keep-Alive: timeout=60
22:20:42,419 DEBUG         http.headers| http-outgoing-0 << Connection: keep-alive
22:20:42,420 DEBUG chain.MainClientExec| Connection can be kept alive for 60000 MILLISECONDS
22:20:42,420 DEBUG            http.wire| http-outgoing-0 << "0[\r][\n]"
22:20:42,420 DEBUG            http.wire| http-outgoing-0 << "[\r][\n]"
22:20:42,420 DEBUG entConnectionManager| Connection [id: 0][route: {}->http://localhost:8080] can be kept alive for 60.0 seconds
22:20:42,420 DEBUG HttpClientConnection| http-outgoing-0: set socket timeout to 0
22:20:42,420 DEBUG entConnectionManager| Connection released: [id: 0][route: {}->http://localhost:8080][total available: 1; route allocated: 1 of 5; total allocated: 1 of 10]
22:20:42,420 DEBUG ingClientInterceptor| Received Http response message
22:20:42,421 DEBUG    Logger.Message_IN| RAWMESSAGE [id: 34148be5-6a1c-46c5-9ad4-107c4b582d17, payload: HTTP/1.1 200 OK 
Content-Type:application/json
Transfer-Encoding:chunked
Date:Wed, 12 Jul 2023 19:20:41 GMT
Keep-Alive:timeout=60
Connection:keep-alive

{"userId":60,"name":"Frieda Zemlak","course":"Internal Identity Facilitator","email":"60@qa.ru","age":12,"mark":{"name":"Course mark","score":8}}][headers: {citrus_message_id=34148be5-6a1c-46c5-9ad4-107c4b582d17, citrus_message_timestamp=1689189642420}]
22:20:42,421 DEBUG  client.RestTemplate| Response 200 OK
22:20:42,421 DEBUG  client.RestTemplate| Reading to [java.lang.String] as "application/json"
22:20:42,421 INFO     client.HttpClient| HTTP message was sent to endpoint: 'http://localhost:8080/user/get/60'
22:20:42,421 DEBUG aultHttpHeaderMapper| inboundHeaderNames=[Accept-Ranges, Age, Allow, Cache-Control, Connection, Content-Encoding, Content-Language, Content-Length, Content-Location, Content-MD5, Content-Range, Content-Type, Content-Disposition, Transfer-Encoding, Date, ETag, Expires, Last-Modified, Location, Pragma, Proxy-Authenticate, Refresh, Retry-After, Server, Set-Cookie, Trailer, Vary, Via, Warning, WWW-Authenticate]
22:20:42,421 DEBUG aultHttpHeaderMapper| headerName=[content-type] WILL be mapped, matched pattern=content-type
22:20:42,421 DEBUG aultHttpHeaderMapper| setting headerName=[contentType], value=application/json
22:20:42,421 DEBUG aultHttpHeaderMapper| headerName=[transfer-encoding] WILL be mapped, matched pattern=transfer-encoding
22:20:42,421 DEBUG aultHttpHeaderMapper| setting headerName=[Transfer-Encoding], value=[chunked]
22:20:42,421 DEBUG aultHttpHeaderMapper| headerName=[date] WILL be mapped, matched pattern=date
22:20:42,421 DEBUG aultHttpHeaderMapper| setting headerName=[Date], value=1 689 189 641 000
22:20:42,421 DEBUG aultHttpHeaderMapper| headerName=[keep-alive] WILL NOT be mapped
22:20:42,421 DEBUG aultHttpHeaderMapper| headerName=[connection] WILL be mapped, matched pattern=connection
22:20:42,421 DEBUG aultHttpHeaderMapper| setting headerName=[Connection], value=[keep-alive]
22:20:42,421 DEBUG ltCorrelationManager| Saving correlated object for 'citrus_message_id = '4a43a20b-64fb-4610-8b25-3538f5a9c498''
22:20:42,421 INFO  port.LoggingReporter| 
22:20:42,421 DEBUG port.LoggingReporter| TEST STEP 119 SUCCESS
22:20:42,421 INFO  port.LoggingReporter| 
22:20:42,421 DEBUG port.LoggingReporter| TEST STEP 120: receive
22:20:42,421 DEBUG ngCorrelationManager| Get correlation key for 'citrus_message_correlator_httpRESTClient'
22:20:42,421 DEBUG ltCorrelationManager| Finding correlated object for 'citrus_message_id = '4a43a20b-64fb-4610-8b25-3538f5a9c498''
22:20:42,422 DEBUG ageValidatorRegistry| Found 4 message validators for message
22:20:42,422 DEBUG ssageHeaderValidator| Start message header validation ...
22:20:42,422 DEBUG faultHeaderValidator| Validating header element: citrus_http_reason_phrase='OK': OK.
22:20:42,422 DEBUG faultHeaderValidator| Validating header element: citrus_http_status_code='200': OK.
22:20:42,422 INFO  ssageHeaderValidator| Message header validation successful: All values OK
22:20:42,422 DEBUG TextMessageValidator| Start JSON message validation ...
22:20:42,422 DEBUG JsonSchemaValidation| Starting Json schema validation ...
22:20:42,422 INFO  JsonSchemaValidation| Json schema validation successful: All values OK
22:20:42,422 DEBUG TextMessageValidator| Received message:
HTTPMESSAGE [id: dacd19c2-23a0-4051-9e93-72bd72480311, payload: {"userId":60,"name":"Frieda Zemlak","course":"Internal Identity Facilitator","email":"60@qa.ru","age":12,"mark":{"name":"Course mark","score":8}}][headers: {Transfer-Encoding=chunked, Connection=keep-alive, contentType=application/json, Date=1689189641000, citrus_message_id=dacd19c2-23a0-4051-9e93-72bd72480311, citrus_message_timestamp=1689189642421, Keep-Alive=timeout=60, Content-Type=application/json, citrus_http_status_code=200, citrus_http_reason_phrase=OK, citrus_http_version=HTTP/1.1}]
22:20:42,422 DEBUG TextMessageValidator| Control message:
HTTPMESSAGE [id: 2ade9a7e-cd09-4118-a646-3eb765bad9c6, payload: {"userId":60,"email":"@contains('@qa.ru')@","name":"@matches('^[a-zA-Z\\s\\.]*$')@","course":"@matches('^[a-zA-Z\\s]*$')@","age":"@isNumber()@","mark":{"name":"@contains('Course mark')@","score":"@isNumber()@"}}][headers: {citrus_message_id=2ade9a7e-cd09-4118-a646-3eb765bad9c6, citrus_message_timestamp=1689189642421, citrus_http_reason_phrase=OK, citrus_http_status_code=200, citrus_message_type=JSON}]
22:20:42,422 DEBUG TextMessageValidator| Validation successful for JSON entry 'name' (@matches('^[a-zA-Z\s\.]*$')@)
22:20:42,422 DEBUG TextMessageValidator| Validation successful for JSON entry 'course' (@matches('^[a-zA-Z\s]*$')@)
22:20:42,422 DEBUG TextMessageValidator| Validation successful for JSON entry 'userId' (60)
22:20:42,422 DEBUG TextMessageValidator| Validation successful for JSON entry 'email' (@contains('@qa.ru')@)
22:20:42,422 DEBUG TextMessageValidator| Validation successful for JSON entry 'age' (@isNumber()@)
22:20:42,422 DEBUG TextMessageValidator| Validation successful for JSON entry 'score' (@isNumber()@)
22:20:42,422 DEBUG TextMessageValidator| Validation successful for JSON entry 'name' (@contains('Course mark')@)
22:20:42,422 DEBUG TextMessageValidator| Validation successful for JSON entry 'mark' ({"score":"@isNumber()@","name":"@contains('Course mark')@"})
22:20:42,422 INFO  TextMessageValidator| JSON message validation successful: All values OK
22:20:42,422 INFO  port.LoggingReporter| 
22:20:42,422 DEBUG port.LoggingReporter| TEST STEP 120 SUCCESS
]]></system-out>
  </testcase>
  <testcase name="getUserStubParametrizedTest(int)[61]" classname="citrus.HttpRESTStubTests" time="0.007">
    <system-out><![CDATA[22:20:42,424 INFO  port.LoggingReporter| 
22:20:42,424 INFO  port.LoggingReporter| ------------------------------------------------------------------------
22:20:42,424 DEBUG port.LoggingReporter| STARTING TEST HttpRESTStubTests.getUserStubParametrizedTest <citrus>
22:20:42,424 INFO  port.LoggingReporter| 
22:20:42,424 DEBUG trus.DefaultTestCase| Initializing test case
22:20:42,424 DEBUG trus.DefaultTestCase| Global variables:
22:20:42,424 DEBUG trus.DefaultTestCase| citrus_message_correlator_httpRESTClient = citrus_message_id = '4a43a20b-64fb-4610-8b25-3538f5a9c498'
22:20:42,424 DEBUG trus.DefaultTestCase| default.test.author = Unknown
22:20:42,424 DEBUG trus.DefaultTestCase| citrus.test.package = citrus
22:20:42,424 DEBUG trus.DefaultTestCase| citrus.test.name = HttpRESTStubTests.getUserStubParametrizedTest
22:20:42,424 DEBUG trus.DefaultTestCase| project.name = Citrus Integration Tests
22:20:42,424 DEBUG trus.DefaultTestCase| userId = 35
22:20:42,424 DEBUG trus.DefaultTestCase| citrus_message_replyTo_citrus_message_correlator_httpRESTClient = http://localhost:8080/user/get/60
22:20:42,424 DEBUG trus.DefaultTestCase| url = http://localhost:8080/user
22:20:42,424 DEBUG trus.DefaultTestCase| default.test.package = citrus
22:20:42,424 DEBUG  context.TestContext| Setting variable: citrus.test.name with value: 'HttpRESTStubTests.getUserStubParametrizedTest'
22:20:42,424 DEBUG  context.TestContext| Setting variable: citrus.test.package with value: 'citrus'
22:20:42,424 DEBUG trus.DefaultTestCase| Test variables:
22:20:42,424 DEBUG trus.DefaultTestCase| citrus_message_correlator_httpRESTClient = citrus_message_id = '4a43a20b-64fb-4610-8b25-3538f5a9c498'
22:20:42,424 DEBUG trus.DefaultTestCase| default.test.author = Unknown
22:20:42,424 DEBUG trus.DefaultTestCase| citrus.test.package = citrus
22:20:42,424 DEBUG trus.DefaultTestCase| citrus.test.name = HttpRESTStubTests.getUserStubParametrizedTest
22:20:42,424 DEBUG trus.DefaultTestCase| project.name = Citrus Integration Tests
22:20:42,424 DEBUG trus.DefaultTestCase| userId = 35
22:20:42,424 DEBUG trus.DefaultTestCase| citrus_message_replyTo_citrus_message_correlator_httpRESTClient = http://localhost:8080/user/get/60
22:20:42,424 DEBUG trus.DefaultTestCase| url = http://localhost:8080/user
22:20:42,424 DEBUG trus.DefaultTestCase| default.test.package = citrus
22:20:42,424 INFO  port.LoggingReporter| 
22:20:42,424 DEBUG port.LoggingReporter| TEST STEP 121: send
22:20:42,424 DEBUG ltCorrelationManager| Saving correlation key for 'citrus_message_correlator_httpRESTClient'
22:20:42,424 DEBUG  context.TestContext| Setting variable: citrus_message_correlator_httpRESTClient with value: 'citrus_message_id = '316be888-083c-4687-887a-beaed6115c4d''
22:20:42,424 DEBUG  context.TestContext| Setting variable: citrus_message_replyTo_citrus_message_correlator_httpRESTClient with value: 'http://localhost:8080/user/get/61'
22:20:42,424 INFO     client.HttpClient| Sending HTTP message to: 'http://localhost:8080/user/get/61'
22:20:42,424 DEBUG    client.HttpClient| Message to send:

22:20:42,425 DEBUG aultHttpHeaderMapper| outboundHeaderNames=[Accept, Accept-Charset, Accept-Encoding, Accept-Language, Accept-Ranges, Authorization, Cache-Control, Connection, Content-Length, Content-Type, Cookie, Date, Expect, From, Host, If-Match, If-Modified-Since, If-None-Match, If-Range, If-Unmodified-Since, Max-Forwards, Pragma, Proxy-Authorization, Range, Referer, TE, Upgrade, User-Agent, Via, Warning]
22:20:42,425 DEBUG aultHttpHeaderMapper| headerName=[citrus_message_timestamp] WILL NOT be mapped
22:20:42,425 DEBUG aultHttpHeaderMapper| headerName=[citrus_message_type] WILL NOT be mapped
22:20:42,425 DEBUG aultHttpHeaderMapper| headerName=[citrus_request_path] WILL NOT be mapped
22:20:42,425 DEBUG aultHttpHeaderMapper| headerName=[citrus_http_request_uri] WILL NOT be mapped
22:20:42,425 DEBUG aultHttpHeaderMapper| headerName=[id] WILL NOT be mapped
22:20:42,425 DEBUG aultHttpHeaderMapper| headerName=[citrus_message_id] WILL NOT be mapped
22:20:42,425 DEBUG aultHttpHeaderMapper| headerName=[citrus_http_method] WILL NOT be mapped
22:20:42,425 DEBUG aultHttpHeaderMapper| headerName=[timestamp] WILL NOT be mapped
22:20:42,425 DEBUG  client.RestTemplate| HTTP GET http://localhost:8080/user/get/61
22:20:42,425 DEBUG  client.RestTemplate| Accept=[text/plain, application/json, application/*+json, */*]
22:20:42,425 DEBUG ingClientInterceptor| Sending Http request message
22:20:42,426 DEBUG   Logger.Message_OUT| RAWMESSAGE [id: 81b8a386-0fe5-436a-9d67-400137344be9, payload: GET http://localhost:8080/user/get/61
Accept:text/plain, application/json, application/*+json, */*
Content-Type:application/json;charset=UTF-8
Content-Length:0][headers: {citrus_message_id=81b8a386-0fe5-436a-9d67-400137344be9, citrus_message_timestamp=1689189642425}]
22:20:42,426 DEBUG ol.RequestAddCookies| CookieSpec selected: default
22:20:42,426 DEBUG col.RequestAuthCache| Auth cache not set in the context
22:20:42,426 DEBUG entConnectionManager| Connection request: [route: {}->http://localhost:8080][total available: 1; route allocated: 1 of 5; total allocated: 1 of 10]
22:20:42,426 DEBUG entConnectionManager| Connection leased: [id: 0][route: {}->http://localhost:8080][total available: 0; route allocated: 1 of 5; total allocated: 1 of 10]
22:20:42,426 DEBUG HttpClientConnection| http-outgoing-0: set socket timeout to 0
22:20:42,426 DEBUG chain.MainClientExec| Executing request GET /user/get/61 HTTP/1.1
22:20:42,426 DEBUG chain.MainClientExec| Target auth state: UNCHALLENGED
22:20:42,426 DEBUG chain.MainClientExec| Proxy auth state: UNCHALLENGED
22:20:42,426 DEBUG         http.headers| http-outgoing-0 >> GET /user/get/61 HTTP/1.1
22:20:42,426 DEBUG         http.headers| http-outgoing-0 >> Accept: text/plain, application/json, application/*+json, */*
22:20:42,426 DEBUG         http.headers| http-outgoing-0 >> Content-Type: application/json;charset=UTF-8
22:20:42,426 DEBUG         http.headers| http-outgoing-0 >> Host: localhost:8080
22:20:42,426 DEBUG         http.headers| http-outgoing-0 >> Connection: Keep-Alive
22:20:42,426 DEBUG         http.headers| http-outgoing-0 >> User-Agent: Apache-HttpClient/4.5.13 (Java/11.0.16)
22:20:42,426 DEBUG         http.headers| http-outgoing-0 >> Accept-Encoding: gzip,deflate
22:20:42,426 DEBUG            http.wire| http-outgoing-0 >> "GET /user/get/61 HTTP/1.1[\r][\n]"
22:20:42,426 DEBUG            http.wire| http-outgoing-0 >> "Accept: text/plain, application/json, application/*+json, */*[\r][\n]"
22:20:42,426 DEBUG            http.wire| http-outgoing-0 >> "Content-Type: application/json;charset=UTF-8[\r][\n]"
22:20:42,426 DEBUG            http.wire| http-outgoing-0 >> "Host: localhost:8080[\r][\n]"
22:20:42,426 DEBUG            http.wire| http-outgoing-0 >> "Connection: Keep-Alive[\r][\n]"
22:20:42,426 DEBUG            http.wire| http-outgoing-0 >> "User-Agent: Apache-HttpClient/4.5.13 (Java/11.0.16)[\r][\n]"
22:20:42,426 DEBUG            http.wire| http-outgoing-0 >> "Accept-Encoding: gzip,deflate[\r][\n]"
22:20:42,426 DEBUG            http.wire| http-outgoing-0 >> "[\r][\n]"
22:20:42,427 DEBUG            http.wire| http-outgoing-0 << "HTTP/1.1 200 [\r][\n]"
22:20:42,427 DEBUG            http.wire| http-outgoing-0 << "Content-Type: application/json[\r][\n]"
22:20:42,427 DEBUG            http.wire| http-outgoing-0 << "Transfer-Encoding: chunked[\r][\n]"
22:20:42,427 DEBUG            http.wire| http-outgoing-0 << "Date: Wed, 12 Jul 2023 19:20:41 GMT[\r][\n]"
22:20:42,427 DEBUG            http.wire| http-outgoing-0 << "Keep-Alive: timeout=60[\r][\n]"
22:20:42,427 DEBUG            http.wire| http-outgoing-0 << "Connection: keep-alive[\r][\n]"
22:20:42,427 DEBUG            http.wire| http-outgoing-0 << "[\r][\n]"
22:20:42,427 DEBUG            http.wire| http-outgoing-0 << "9a[\r][\n]"
22:20:42,427 DEBUG            http.wire| http-outgoing-0 << "{"userId":61,"name":"Charles Botsford V","course":"Principal Interactions Specialist","email":"61@qa.ru","age":78,"mark":{"name":"Course mark","score":7}}[\r][\n]"
22:20:42,427 DEBUG         http.headers| http-outgoing-0 << HTTP/1.1 200 
22:20:42,427 DEBUG         http.headers| http-outgoing-0 << Content-Type: application/json
22:20:42,427 DEBUG         http.headers| http-outgoing-0 << Transfer-Encoding: chunked
22:20:42,427 DEBUG         http.headers| http-outgoing-0 << Date: Wed, 12 Jul 2023 19:20:41 GMT
22:20:42,427 DEBUG         http.headers| http-outgoing-0 << Keep-Alive: timeout=60
22:20:42,427 DEBUG         http.headers| http-outgoing-0 << Connection: keep-alive
22:20:42,427 DEBUG chain.MainClientExec| Connection can be kept alive for 60000 MILLISECONDS
22:20:42,427 DEBUG            http.wire| http-outgoing-0 << "0[\r][\n]"
22:20:42,427 DEBUG            http.wire| http-outgoing-0 << "[\r][\n]"
22:20:42,427 DEBUG entConnectionManager| Connection [id: 0][route: {}->http://localhost:8080] can be kept alive for 60.0 seconds
22:20:42,427 DEBUG HttpClientConnection| http-outgoing-0: set socket timeout to 0
22:20:42,427 DEBUG entConnectionManager| Connection released: [id: 0][route: {}->http://localhost:8080][total available: 1; route allocated: 1 of 5; total allocated: 1 of 10]
22:20:42,427 DEBUG ingClientInterceptor| Received Http response message
22:20:42,428 DEBUG    Logger.Message_IN| RAWMESSAGE [id: 790157a9-ed87-45c5-83e9-af8de9f46d7c, payload: HTTP/1.1 200 OK 
Content-Type:application/json
Transfer-Encoding:chunked
Date:Wed, 12 Jul 2023 19:20:41 GMT
Keep-Alive:timeout=60
Connection:keep-alive

{"userId":61,"name":"Charles Botsford V","course":"Principal Interactions Specialist","email":"61@qa.ru","age":78,"mark":{"name":"Course mark","score":7}}][headers: {citrus_message_id=790157a9-ed87-45c5-83e9-af8de9f46d7c, citrus_message_timestamp=1689189642427}]
22:20:42,428 DEBUG  client.RestTemplate| Response 200 OK
22:20:42,428 DEBUG  client.RestTemplate| Reading to [java.lang.String] as "application/json"
22:20:42,428 INFO     client.HttpClient| HTTP message was sent to endpoint: 'http://localhost:8080/user/get/61'
22:20:42,428 DEBUG aultHttpHeaderMapper| inboundHeaderNames=[Accept-Ranges, Age, Allow, Cache-Control, Connection, Content-Encoding, Content-Language, Content-Length, Content-Location, Content-MD5, Content-Range, Content-Type, Content-Disposition, Transfer-Encoding, Date, ETag, Expires, Last-Modified, Location, Pragma, Proxy-Authenticate, Refresh, Retry-After, Server, Set-Cookie, Trailer, Vary, Via, Warning, WWW-Authenticate]
22:20:42,428 DEBUG aultHttpHeaderMapper| headerName=[content-type] WILL be mapped, matched pattern=content-type
22:20:42,428 DEBUG aultHttpHeaderMapper| setting headerName=[contentType], value=application/json
22:20:42,428 DEBUG aultHttpHeaderMapper| headerName=[transfer-encoding] WILL be mapped, matched pattern=transfer-encoding
22:20:42,428 DEBUG aultHttpHeaderMapper| setting headerName=[Transfer-Encoding], value=[chunked]
22:20:42,428 DEBUG aultHttpHeaderMapper| headerName=[date] WILL be mapped, matched pattern=date
22:20:42,428 DEBUG aultHttpHeaderMapper| setting headerName=[Date], value=1 689 189 641 000
22:20:42,429 DEBUG aultHttpHeaderMapper| headerName=[keep-alive] WILL NOT be mapped
22:20:42,429 DEBUG aultHttpHeaderMapper| headerName=[connection] WILL be mapped, matched pattern=connection
22:20:42,429 DEBUG aultHttpHeaderMapper| setting headerName=[Connection], value=[keep-alive]
22:20:42,429 DEBUG ltCorrelationManager| Saving correlated object for 'citrus_message_id = '316be888-083c-4687-887a-beaed6115c4d''
22:20:42,429 INFO  port.LoggingReporter| 
22:20:42,429 DEBUG port.LoggingReporter| TEST STEP 121 SUCCESS
22:20:42,429 INFO  port.LoggingReporter| 
22:20:42,429 DEBUG port.LoggingReporter| TEST STEP 122: receive
22:20:42,429 DEBUG ngCorrelationManager| Get correlation key for 'citrus_message_correlator_httpRESTClient'
22:20:42,429 DEBUG ltCorrelationManager| Finding correlated object for 'citrus_message_id = '316be888-083c-4687-887a-beaed6115c4d''
22:20:42,429 DEBUG ageValidatorRegistry| Found 4 message validators for message
22:20:42,429 DEBUG ssageHeaderValidator| Start message header validation ...
22:20:42,429 DEBUG faultHeaderValidator| Validating header element: citrus_http_reason_phrase='OK': OK.
22:20:42,430 DEBUG faultHeaderValidator| Validating header element: citrus_http_status_code='200': OK.
22:20:42,430 INFO  ssageHeaderValidator| Message header validation successful: All values OK
22:20:42,430 DEBUG TextMessageValidator| Start JSON message validation ...
22:20:42,430 DEBUG JsonSchemaValidation| Starting Json schema validation ...
22:20:42,430 INFO  JsonSchemaValidation| Json schema validation successful: All values OK
22:20:42,430 DEBUG TextMessageValidator| Received message:
HTTPMESSAGE [id: 9a3ed705-40e0-4a70-9a00-c6573fda80c9, payload: {"userId":61,"name":"Charles Botsford V","course":"Principal Interactions Specialist","email":"61@qa.ru","age":78,"mark":{"name":"Course mark","score":7}}][headers: {Transfer-Encoding=chunked, Connection=keep-alive, contentType=application/json, Date=1689189641000, citrus_message_id=9a3ed705-40e0-4a70-9a00-c6573fda80c9, citrus_message_timestamp=1689189642429, Keep-Alive=timeout=60, Content-Type=application/json, citrus_http_status_code=200, citrus_http_reason_phrase=OK, citrus_http_version=HTTP/1.1}]
22:20:42,430 DEBUG TextMessageValidator| Control message:
HTTPMESSAGE [id: 3cdd6157-ee0b-4624-b3a3-c20efb94fe7f, payload: {"userId":61,"email":"@contains('@qa.ru')@","name":"@matches('^[a-zA-Z\\s\\.]*$')@","course":"@matches('^[a-zA-Z\\s]*$')@","age":"@isNumber()@","mark":{"name":"@contains('Course mark')@","score":"@isNumber()@"}}][headers: {citrus_message_id=3cdd6157-ee0b-4624-b3a3-c20efb94fe7f, citrus_message_timestamp=1689189642429, citrus_http_reason_phrase=OK, citrus_http_status_code=200, citrus_message_type=JSON}]
22:20:42,430 DEBUG TextMessageValidator| Validation successful for JSON entry 'name' (@matches('^[a-zA-Z\s\.]*$')@)
22:20:42,430 DEBUG TextMessageValidator| Validation successful for JSON entry 'course' (@matches('^[a-zA-Z\s]*$')@)
22:20:42,430 DEBUG TextMessageValidator| Validation successful for JSON entry 'userId' (61)
22:20:42,430 DEBUG TextMessageValidator| Validation successful for JSON entry 'email' (@contains('@qa.ru')@)
22:20:42,430 DEBUG TextMessageValidator| Validation successful for JSON entry 'age' (@isNumber()@)
22:20:42,430 DEBUG TextMessageValidator| Validation successful for JSON entry 'score' (@isNumber()@)
22:20:42,430 DEBUG TextMessageValidator| Validation successful for JSON entry 'name' (@contains('Course mark')@)
22:20:42,430 DEBUG TextMessageValidator| Validation successful for JSON entry 'mark' ({"score":"@isNumber()@","name":"@contains('Course mark')@"})
22:20:42,430 INFO  TextMessageValidator| JSON message validation successful: All values OK
22:20:42,430 INFO  port.LoggingReporter| 
22:20:42,430 DEBUG port.LoggingReporter| TEST STEP 122 SUCCESS
]]></system-out>
  </testcase>
  <testcase name="getUserStubParametrizedTest(int)[62]" classname="citrus.HttpRESTStubTests" time="0.008">
    <system-out><![CDATA[22:20:42,432 INFO  port.LoggingReporter| 
22:20:42,432 INFO  port.LoggingReporter| ------------------------------------------------------------------------
22:20:42,432 DEBUG port.LoggingReporter| STARTING TEST HttpRESTStubTests.getUserStubParametrizedTest <citrus>
22:20:42,432 INFO  port.LoggingReporter| 
22:20:42,432 DEBUG trus.DefaultTestCase| Initializing test case
22:20:42,432 DEBUG trus.DefaultTestCase| Global variables:
22:20:42,432 DEBUG trus.DefaultTestCase| citrus_message_correlator_httpRESTClient = citrus_message_id = '316be888-083c-4687-887a-beaed6115c4d'
22:20:42,432 DEBUG trus.DefaultTestCase| default.test.author = Unknown
22:20:42,432 DEBUG trus.DefaultTestCase| citrus.test.package = citrus
22:20:42,432 DEBUG trus.DefaultTestCase| citrus.test.name = HttpRESTStubTests.getUserStubParametrizedTest
22:20:42,432 DEBUG trus.DefaultTestCase| project.name = Citrus Integration Tests
22:20:42,432 DEBUG trus.DefaultTestCase| userId = 35
22:20:42,432 DEBUG trus.DefaultTestCase| citrus_message_replyTo_citrus_message_correlator_httpRESTClient = http://localhost:8080/user/get/61
22:20:42,432 DEBUG trus.DefaultTestCase| url = http://localhost:8080/user
22:20:42,432 DEBUG trus.DefaultTestCase| default.test.package = citrus
22:20:42,432 DEBUG  context.TestContext| Setting variable: citrus.test.name with value: 'HttpRESTStubTests.getUserStubParametrizedTest'
22:20:42,432 DEBUG  context.TestContext| Setting variable: citrus.test.package with value: 'citrus'
22:20:42,432 DEBUG trus.DefaultTestCase| Test variables:
22:20:42,432 DEBUG trus.DefaultTestCase| citrus_message_correlator_httpRESTClient = citrus_message_id = '316be888-083c-4687-887a-beaed6115c4d'
22:20:42,432 DEBUG trus.DefaultTestCase| default.test.author = Unknown
22:20:42,432 DEBUG trus.DefaultTestCase| citrus.test.package = citrus
22:20:42,432 DEBUG trus.DefaultTestCase| citrus.test.name = HttpRESTStubTests.getUserStubParametrizedTest
22:20:42,432 DEBUG trus.DefaultTestCase| project.name = Citrus Integration Tests
22:20:42,432 DEBUG trus.DefaultTestCase| userId = 35
22:20:42,432 DEBUG trus.DefaultTestCase| citrus_message_replyTo_citrus_message_correlator_httpRESTClient = http://localhost:8080/user/get/61
22:20:42,432 DEBUG trus.DefaultTestCase| url = http://localhost:8080/user
22:20:42,432 DEBUG trus.DefaultTestCase| default.test.package = citrus
22:20:42,432 INFO  port.LoggingReporter| 
22:20:42,432 DEBUG port.LoggingReporter| TEST STEP 123: send
22:20:42,432 DEBUG ltCorrelationManager| Saving correlation key for 'citrus_message_correlator_httpRESTClient'
22:20:42,432 DEBUG  context.TestContext| Setting variable: citrus_message_correlator_httpRESTClient with value: 'citrus_message_id = '92389930-19b1-4ade-95b3-b9af29f82306''
22:20:42,432 DEBUG  context.TestContext| Setting variable: citrus_message_replyTo_citrus_message_correlator_httpRESTClient with value: 'http://localhost:8080/user/get/62'
22:20:42,432 INFO     client.HttpClient| Sending HTTP message to: 'http://localhost:8080/user/get/62'
22:20:42,432 DEBUG    client.HttpClient| Message to send:

22:20:42,432 DEBUG aultHttpHeaderMapper| outboundHeaderNames=[Accept, Accept-Charset, Accept-Encoding, Accept-Language, Accept-Ranges, Authorization, Cache-Control, Connection, Content-Length, Content-Type, Cookie, Date, Expect, From, Host, If-Match, If-Modified-Since, If-None-Match, If-Range, If-Unmodified-Since, Max-Forwards, Pragma, Proxy-Authorization, Range, Referer, TE, Upgrade, User-Agent, Via, Warning]
22:20:42,432 DEBUG aultHttpHeaderMapper| headerName=[citrus_message_timestamp] WILL NOT be mapped
22:20:42,432 DEBUG aultHttpHeaderMapper| headerName=[citrus_message_type] WILL NOT be mapped
22:20:42,432 DEBUG aultHttpHeaderMapper| headerName=[citrus_request_path] WILL NOT be mapped
22:20:42,432 DEBUG aultHttpHeaderMapper| headerName=[citrus_http_request_uri] WILL NOT be mapped
22:20:42,432 DEBUG aultHttpHeaderMapper| headerName=[id] WILL NOT be mapped
22:20:42,432 DEBUG aultHttpHeaderMapper| headerName=[citrus_message_id] WILL NOT be mapped
22:20:42,432 DEBUG aultHttpHeaderMapper| headerName=[citrus_http_method] WILL NOT be mapped
22:20:42,432 DEBUG aultHttpHeaderMapper| headerName=[timestamp] WILL NOT be mapped
22:20:42,432 DEBUG  client.RestTemplate| HTTP GET http://localhost:8080/user/get/62
22:20:42,432 DEBUG  client.RestTemplate| Accept=[text/plain, application/json, application/*+json, */*]
22:20:42,432 DEBUG ingClientInterceptor| Sending Http request message
22:20:42,433 DEBUG   Logger.Message_OUT| RAWMESSAGE [id: 1d6a94bc-1838-4ad0-9915-7f89205e6153, payload: GET http://localhost:8080/user/get/62
Accept:text/plain, application/json, application/*+json, */*
Content-Type:application/json;charset=UTF-8
Content-Length:0][headers: {citrus_message_id=1d6a94bc-1838-4ad0-9915-7f89205e6153, citrus_message_timestamp=1689189642432}]
22:20:42,433 DEBUG ol.RequestAddCookies| CookieSpec selected: default
22:20:42,433 DEBUG col.RequestAuthCache| Auth cache not set in the context
22:20:42,433 DEBUG entConnectionManager| Connection request: [route: {}->http://localhost:8080][total available: 1; route allocated: 1 of 5; total allocated: 1 of 10]
22:20:42,433 DEBUG entConnectionManager| Connection leased: [id: 0][route: {}->http://localhost:8080][total available: 0; route allocated: 1 of 5; total allocated: 1 of 10]
22:20:42,433 DEBUG HttpClientConnection| http-outgoing-0: set socket timeout to 0
22:20:42,434 DEBUG chain.MainClientExec| Executing request GET /user/get/62 HTTP/1.1
22:20:42,434 DEBUG chain.MainClientExec| Target auth state: UNCHALLENGED
22:20:42,434 DEBUG chain.MainClientExec| Proxy auth state: UNCHALLENGED
22:20:42,434 DEBUG         http.headers| http-outgoing-0 >> GET /user/get/62 HTTP/1.1
22:20:42,434 DEBUG         http.headers| http-outgoing-0 >> Accept: text/plain, application/json, application/*+json, */*
22:20:42,434 DEBUG         http.headers| http-outgoing-0 >> Content-Type: application/json;charset=UTF-8
22:20:42,434 DEBUG         http.headers| http-outgoing-0 >> Host: localhost:8080
22:20:42,434 DEBUG         http.headers| http-outgoing-0 >> Connection: Keep-Alive
22:20:42,434 DEBUG         http.headers| http-outgoing-0 >> User-Agent: Apache-HttpClient/4.5.13 (Java/11.0.16)
22:20:42,434 DEBUG         http.headers| http-outgoing-0 >> Accept-Encoding: gzip,deflate
22:20:42,434 DEBUG            http.wire| http-outgoing-0 >> "GET /user/get/62 HTTP/1.1[\r][\n]"
22:20:42,434 DEBUG            http.wire| http-outgoing-0 >> "Accept: text/plain, application/json, application/*+json, */*[\r][\n]"
22:20:42,434 DEBUG            http.wire| http-outgoing-0 >> "Content-Type: application/json;charset=UTF-8[\r][\n]"
22:20:42,434 DEBUG            http.wire| http-outgoing-0 >> "Host: localhost:8080[\r][\n]"
22:20:42,434 DEBUG            http.wire| http-outgoing-0 >> "Connection: Keep-Alive[\r][\n]"
22:20:42,434 DEBUG            http.wire| http-outgoing-0 >> "User-Agent: Apache-HttpClient/4.5.13 (Java/11.0.16)[\r][\n]"
22:20:42,434 DEBUG            http.wire| http-outgoing-0 >> "Accept-Encoding: gzip,deflate[\r][\n]"
22:20:42,434 DEBUG            http.wire| http-outgoing-0 >> "[\r][\n]"
22:20:42,435 DEBUG            http.wire| http-outgoing-0 << "HTTP/1.1 200 [\r][\n]"
22:20:42,435 DEBUG            http.wire| http-outgoing-0 << "Content-Type: application/json[\r][\n]"
22:20:42,435 DEBUG            http.wire| http-outgoing-0 << "Transfer-Encoding: chunked[\r][\n]"
22:20:42,435 DEBUG            http.wire| http-outgoing-0 << "Date: Wed, 12 Jul 2023 19:20:41 GMT[\r][\n]"
22:20:42,435 DEBUG            http.wire| http-outgoing-0 << "Keep-Alive: timeout=60[\r][\n]"
22:20:42,435 DEBUG            http.wire| http-outgoing-0 << "Connection: keep-alive[\r][\n]"
22:20:42,435 DEBUG            http.wire| http-outgoing-0 << "[\r][\n]"
22:20:42,435 DEBUG            http.wire| http-outgoing-0 << "94[\r][\n]"
22:20:42,435 DEBUG            http.wire| http-outgoing-0 << "{"userId":62,"name":"Aletha Kautzer DVM","course":"Central Data Representative","email":"62@qa.ru","age":76,"mark":{"name":"Course mark","score":4}}[\r][\n]"
22:20:42,435 DEBUG         http.headers| http-outgoing-0 << HTTP/1.1 200 
22:20:42,435 DEBUG         http.headers| http-outgoing-0 << Content-Type: application/json
22:20:42,435 DEBUG         http.headers| http-outgoing-0 << Transfer-Encoding: chunked
22:20:42,435 DEBUG         http.headers| http-outgoing-0 << Date: Wed, 12 Jul 2023 19:20:41 GMT
22:20:42,435 DEBUG         http.headers| http-outgoing-0 << Keep-Alive: timeout=60
22:20:42,435 DEBUG         http.headers| http-outgoing-0 << Connection: keep-alive
22:20:42,435 DEBUG chain.MainClientExec| Connection can be kept alive for 60000 MILLISECONDS
22:20:42,435 DEBUG            http.wire| http-outgoing-0 << "0[\r][\n]"
22:20:42,435 DEBUG            http.wire| http-outgoing-0 << "[\r][\n]"
22:20:42,435 DEBUG entConnectionManager| Connection [id: 0][route: {}->http://localhost:8080] can be kept alive for 60.0 seconds
22:20:42,435 DEBUG HttpClientConnection| http-outgoing-0: set socket timeout to 0
22:20:42,435 DEBUG entConnectionManager| Connection released: [id: 0][route: {}->http://localhost:8080][total available: 1; route allocated: 1 of 5; total allocated: 1 of 10]
22:20:42,435 DEBUG ingClientInterceptor| Received Http response message
22:20:42,436 DEBUG    Logger.Message_IN| RAWMESSAGE [id: bf76da31-9501-46eb-84ed-e0ce5a45be8a, payload: HTTP/1.1 200 OK 
Content-Type:application/json
Transfer-Encoding:chunked
Date:Wed, 12 Jul 2023 19:20:41 GMT
Keep-Alive:timeout=60
Connection:keep-alive

{"userId":62,"name":"Aletha Kautzer DVM","course":"Central Data Representative","email":"62@qa.ru","age":76,"mark":{"name":"Course mark","score":4}}][headers: {citrus_message_id=bf76da31-9501-46eb-84ed-e0ce5a45be8a, citrus_message_timestamp=1689189642435}]
22:20:42,436 DEBUG  client.RestTemplate| Response 200 OK
22:20:42,436 DEBUG  client.RestTemplate| Reading to [java.lang.String] as "application/json"
22:20:42,436 INFO     client.HttpClient| HTTP message was sent to endpoint: 'http://localhost:8080/user/get/62'
22:20:42,436 DEBUG aultHttpHeaderMapper| inboundHeaderNames=[Accept-Ranges, Age, Allow, Cache-Control, Connection, Content-Encoding, Content-Language, Content-Length, Content-Location, Content-MD5, Content-Range, Content-Type, Content-Disposition, Transfer-Encoding, Date, ETag, Expires, Last-Modified, Location, Pragma, Proxy-Authenticate, Refresh, Retry-After, Server, Set-Cookie, Trailer, Vary, Via, Warning, WWW-Authenticate]
22:20:42,437 DEBUG aultHttpHeaderMapper| headerName=[content-type] WILL be mapped, matched pattern=content-type
22:20:42,437 DEBUG aultHttpHeaderMapper| setting headerName=[contentType], value=application/json
22:20:42,437 DEBUG aultHttpHeaderMapper| headerName=[transfer-encoding] WILL be mapped, matched pattern=transfer-encoding
22:20:42,437 DEBUG aultHttpHeaderMapper| setting headerName=[Transfer-Encoding], value=[chunked]
22:20:42,437 DEBUG aultHttpHeaderMapper| headerName=[date] WILL be mapped, matched pattern=date
22:20:42,437 DEBUG aultHttpHeaderMapper| setting headerName=[Date], value=1 689 189 641 000
22:20:42,437 DEBUG aultHttpHeaderMapper| headerName=[keep-alive] WILL NOT be mapped
22:20:42,437 DEBUG aultHttpHeaderMapper| headerName=[connection] WILL be mapped, matched pattern=connection
22:20:42,437 DEBUG aultHttpHeaderMapper| setting headerName=[Connection], value=[keep-alive]
22:20:42,437 DEBUG ltCorrelationManager| Saving correlated object for 'citrus_message_id = '92389930-19b1-4ade-95b3-b9af29f82306''
22:20:42,437 INFO  port.LoggingReporter| 
22:20:42,437 DEBUG port.LoggingReporter| TEST STEP 123 SUCCESS
22:20:42,438 INFO  port.LoggingReporter| 
22:20:42,438 DEBUG port.LoggingReporter| TEST STEP 124: receive
22:20:42,438 DEBUG ngCorrelationManager| Get correlation key for 'citrus_message_correlator_httpRESTClient'
22:20:42,438 DEBUG ltCorrelationManager| Finding correlated object for 'citrus_message_id = '92389930-19b1-4ade-95b3-b9af29f82306''
22:20:42,438 DEBUG ageValidatorRegistry| Found 4 message validators for message
22:20:42,438 DEBUG ssageHeaderValidator| Start message header validation ...
22:20:42,438 DEBUG faultHeaderValidator| Validating header element: citrus_http_reason_phrase='OK': OK.
22:20:42,439 DEBUG faultHeaderValidator| Validating header element: citrus_http_status_code='200': OK.
22:20:42,439 INFO  ssageHeaderValidator| Message header validation successful: All values OK
22:20:42,439 DEBUG TextMessageValidator| Start JSON message validation ...
22:20:42,439 DEBUG JsonSchemaValidation| Starting Json schema validation ...
22:20:42,439 INFO  JsonSchemaValidation| Json schema validation successful: All values OK
22:20:42,439 DEBUG TextMessageValidator| Received message:
HTTPMESSAGE [id: 7cac42ce-4898-4a45-9240-50a213b9076e, payload: {"userId":62,"name":"Aletha Kautzer DVM","course":"Central Data Representative","email":"62@qa.ru","age":76,"mark":{"name":"Course mark","score":4}}][headers: {Transfer-Encoding=chunked, Connection=keep-alive, contentType=application/json, Date=1689189641000, citrus_message_id=7cac42ce-4898-4a45-9240-50a213b9076e, citrus_message_timestamp=1689189642437, Keep-Alive=timeout=60, Content-Type=application/json, citrus_http_status_code=200, citrus_http_reason_phrase=OK, citrus_http_version=HTTP/1.1}]
22:20:42,439 DEBUG TextMessageValidator| Control message:
HTTPMESSAGE [id: 2c88cf49-a6c6-464f-8f9b-e869dd39d595, payload: {"userId":62,"email":"@contains('@qa.ru')@","name":"@matches('^[a-zA-Z\\s\\.]*$')@","course":"@matches('^[a-zA-Z\\s]*$')@","age":"@isNumber()@","mark":{"name":"@contains('Course mark')@","score":"@isNumber()@"}}][headers: {citrus_message_id=2c88cf49-a6c6-464f-8f9b-e869dd39d595, citrus_message_timestamp=1689189642437, citrus_http_reason_phrase=OK, citrus_http_status_code=200, citrus_message_type=JSON}]
22:20:42,439 DEBUG TextMessageValidator| Validation successful for JSON entry 'name' (@matches('^[a-zA-Z\s\.]*$')@)
22:20:42,439 DEBUG TextMessageValidator| Validation successful for JSON entry 'course' (@matches('^[a-zA-Z\s]*$')@)
22:20:42,439 DEBUG TextMessageValidator| Validation successful for JSON entry 'userId' (62)
22:20:42,439 DEBUG TextMessageValidator| Validation successful for JSON entry 'email' (@contains('@qa.ru')@)
22:20:42,439 DEBUG TextMessageValidator| Validation successful for JSON entry 'age' (@isNumber()@)
22:20:42,439 DEBUG TextMessageValidator| Validation successful for JSON entry 'score' (@isNumber()@)
22:20:42,439 DEBUG TextMessageValidator| Validation successful for JSON entry 'name' (@contains('Course mark')@)
22:20:42,439 DEBUG TextMessageValidator| Validation successful for JSON entry 'mark' ({"score":"@isNumber()@","name":"@contains('Course mark')@"})
22:20:42,439 INFO  TextMessageValidator| JSON message validation successful: All values OK
22:20:42,439 INFO  port.LoggingReporter| 
22:20:42,439 DEBUG port.LoggingReporter| TEST STEP 124 SUCCESS
]]></system-out>
  </testcase>
  <testcase name="getUserStubParametrizedTest(int)[63]" classname="citrus.HttpRESTStubTests" time="0.008">
    <system-out><![CDATA[22:20:42,441 INFO  port.LoggingReporter| 
22:20:42,441 INFO  port.LoggingReporter| ------------------------------------------------------------------------
22:20:42,441 DEBUG port.LoggingReporter| STARTING TEST HttpRESTStubTests.getUserStubParametrizedTest <citrus>
22:20:42,441 INFO  port.LoggingReporter| 
22:20:42,441 DEBUG trus.DefaultTestCase| Initializing test case
22:20:42,441 DEBUG trus.DefaultTestCase| Global variables:
22:20:42,441 DEBUG trus.DefaultTestCase| citrus_message_correlator_httpRESTClient = citrus_message_id = '92389930-19b1-4ade-95b3-b9af29f82306'
22:20:42,441 DEBUG trus.DefaultTestCase| default.test.author = Unknown
22:20:42,441 DEBUG trus.DefaultTestCase| citrus.test.package = citrus
22:20:42,441 DEBUG trus.DefaultTestCase| citrus.test.name = HttpRESTStubTests.getUserStubParametrizedTest
22:20:42,441 DEBUG trus.DefaultTestCase| project.name = Citrus Integration Tests
22:20:42,441 DEBUG trus.DefaultTestCase| userId = 35
22:20:42,441 DEBUG trus.DefaultTestCase| citrus_message_replyTo_citrus_message_correlator_httpRESTClient = http://localhost:8080/user/get/62
22:20:42,441 DEBUG trus.DefaultTestCase| url = http://localhost:8080/user
22:20:42,441 DEBUG trus.DefaultTestCase| default.test.package = citrus
22:20:42,441 DEBUG  context.TestContext| Setting variable: citrus.test.name with value: 'HttpRESTStubTests.getUserStubParametrizedTest'
22:20:42,441 DEBUG  context.TestContext| Setting variable: citrus.test.package with value: 'citrus'
22:20:42,441 DEBUG trus.DefaultTestCase| Test variables:
22:20:42,441 DEBUG trus.DefaultTestCase| citrus_message_correlator_httpRESTClient = citrus_message_id = '92389930-19b1-4ade-95b3-b9af29f82306'
22:20:42,441 DEBUG trus.DefaultTestCase| default.test.author = Unknown
22:20:42,441 DEBUG trus.DefaultTestCase| citrus.test.package = citrus
22:20:42,441 DEBUG trus.DefaultTestCase| citrus.test.name = HttpRESTStubTests.getUserStubParametrizedTest
22:20:42,441 DEBUG trus.DefaultTestCase| project.name = Citrus Integration Tests
22:20:42,441 DEBUG trus.DefaultTestCase| userId = 35
22:20:42,441 DEBUG trus.DefaultTestCase| citrus_message_replyTo_citrus_message_correlator_httpRESTClient = http://localhost:8080/user/get/62
22:20:42,441 DEBUG trus.DefaultTestCase| url = http://localhost:8080/user
22:20:42,441 DEBUG trus.DefaultTestCase| default.test.package = citrus
22:20:42,441 INFO  port.LoggingReporter| 
22:20:42,441 DEBUG port.LoggingReporter| TEST STEP 125: send
22:20:42,441 DEBUG ltCorrelationManager| Saving correlation key for 'citrus_message_correlator_httpRESTClient'
22:20:42,441 DEBUG  context.TestContext| Setting variable: citrus_message_correlator_httpRESTClient with value: 'citrus_message_id = '6148b7ef-a826-4829-8094-a251cc2a994c''
22:20:42,441 DEBUG  context.TestContext| Setting variable: citrus_message_replyTo_citrus_message_correlator_httpRESTClient with value: 'http://localhost:8080/user/get/63'
22:20:42,441 INFO     client.HttpClient| Sending HTTP message to: 'http://localhost:8080/user/get/63'
22:20:42,441 DEBUG    client.HttpClient| Message to send:

22:20:42,441 DEBUG aultHttpHeaderMapper| outboundHeaderNames=[Accept, Accept-Charset, Accept-Encoding, Accept-Language, Accept-Ranges, Authorization, Cache-Control, Connection, Content-Length, Content-Type, Cookie, Date, Expect, From, Host, If-Match, If-Modified-Since, If-None-Match, If-Range, If-Unmodified-Since, Max-Forwards, Pragma, Proxy-Authorization, Range, Referer, TE, Upgrade, User-Agent, Via, Warning]
22:20:42,441 DEBUG aultHttpHeaderMapper| headerName=[citrus_message_timestamp] WILL NOT be mapped
22:20:42,441 DEBUG aultHttpHeaderMapper| headerName=[citrus_message_type] WILL NOT be mapped
22:20:42,441 DEBUG aultHttpHeaderMapper| headerName=[citrus_request_path] WILL NOT be mapped
22:20:42,441 DEBUG aultHttpHeaderMapper| headerName=[citrus_http_request_uri] WILL NOT be mapped
22:20:42,441 DEBUG aultHttpHeaderMapper| headerName=[id] WILL NOT be mapped
22:20:42,441 DEBUG aultHttpHeaderMapper| headerName=[citrus_message_id] WILL NOT be mapped
22:20:42,441 DEBUG aultHttpHeaderMapper| headerName=[citrus_http_method] WILL NOT be mapped
22:20:42,441 DEBUG aultHttpHeaderMapper| headerName=[timestamp] WILL NOT be mapped
22:20:42,441 DEBUG  client.RestTemplate| HTTP GET http://localhost:8080/user/get/63
22:20:42,442 DEBUG  client.RestTemplate| Accept=[text/plain, application/json, application/*+json, */*]
22:20:42,442 DEBUG ingClientInterceptor| Sending Http request message
22:20:42,443 DEBUG   Logger.Message_OUT| RAWMESSAGE [id: 4539bcdc-c6b5-4775-8394-f77c14c09608, payload: GET http://localhost:8080/user/get/63
Accept:text/plain, application/json, application/*+json, */*
Content-Type:application/json;charset=UTF-8
Content-Length:0][headers: {citrus_message_id=4539bcdc-c6b5-4775-8394-f77c14c09608, citrus_message_timestamp=1689189642442}]
22:20:42,443 DEBUG ol.RequestAddCookies| CookieSpec selected: default
22:20:42,443 DEBUG col.RequestAuthCache| Auth cache not set in the context
22:20:42,443 DEBUG entConnectionManager| Connection request: [route: {}->http://localhost:8080][total available: 1; route allocated: 1 of 5; total allocated: 1 of 10]
22:20:42,443 DEBUG entConnectionManager| Connection leased: [id: 0][route: {}->http://localhost:8080][total available: 0; route allocated: 1 of 5; total allocated: 1 of 10]
22:20:42,443 DEBUG HttpClientConnection| http-outgoing-0: set socket timeout to 0
22:20:42,443 DEBUG chain.MainClientExec| Executing request GET /user/get/63 HTTP/1.1
22:20:42,443 DEBUG chain.MainClientExec| Target auth state: UNCHALLENGED
22:20:42,443 DEBUG chain.MainClientExec| Proxy auth state: UNCHALLENGED
22:20:42,443 DEBUG         http.headers| http-outgoing-0 >> GET /user/get/63 HTTP/1.1
22:20:42,443 DEBUG         http.headers| http-outgoing-0 >> Accept: text/plain, application/json, application/*+json, */*
22:20:42,443 DEBUG         http.headers| http-outgoing-0 >> Content-Type: application/json;charset=UTF-8
22:20:42,443 DEBUG         http.headers| http-outgoing-0 >> Host: localhost:8080
22:20:42,443 DEBUG         http.headers| http-outgoing-0 >> Connection: Keep-Alive
22:20:42,443 DEBUG         http.headers| http-outgoing-0 >> User-Agent: Apache-HttpClient/4.5.13 (Java/11.0.16)
22:20:42,443 DEBUG         http.headers| http-outgoing-0 >> Accept-Encoding: gzip,deflate
22:20:42,443 DEBUG            http.wire| http-outgoing-0 >> "GET /user/get/63 HTTP/1.1[\r][\n]"
22:20:42,443 DEBUG            http.wire| http-outgoing-0 >> "Accept: text/plain, application/json, application/*+json, */*[\r][\n]"
22:20:42,443 DEBUG            http.wire| http-outgoing-0 >> "Content-Type: application/json;charset=UTF-8[\r][\n]"
22:20:42,443 DEBUG            http.wire| http-outgoing-0 >> "Host: localhost:8080[\r][\n]"
22:20:42,443 DEBUG            http.wire| http-outgoing-0 >> "Connection: Keep-Alive[\r][\n]"
22:20:42,443 DEBUG            http.wire| http-outgoing-0 >> "User-Agent: Apache-HttpClient/4.5.13 (Java/11.0.16)[\r][\n]"
22:20:42,443 DEBUG            http.wire| http-outgoing-0 >> "Accept-Encoding: gzip,deflate[\r][\n]"
22:20:42,443 DEBUG            http.wire| http-outgoing-0 >> "[\r][\n]"
22:20:42,444 DEBUG            http.wire| http-outgoing-0 << "HTTP/1.1 200 [\r][\n]"
22:20:42,444 DEBUG            http.wire| http-outgoing-0 << "Content-Type: application/json[\r][\n]"
22:20:42,444 DEBUG            http.wire| http-outgoing-0 << "Transfer-Encoding: chunked[\r][\n]"
22:20:42,444 DEBUG            http.wire| http-outgoing-0 << "Date: Wed, 12 Jul 2023 19:20:41 GMT[\r][\n]"
22:20:42,444 DEBUG            http.wire| http-outgoing-0 << "Keep-Alive: timeout=60[\r][\n]"
22:20:42,444 DEBUG            http.wire| http-outgoing-0 << "Connection: keep-alive[\r][\n]"
22:20:42,444 DEBUG            http.wire| http-outgoing-0 << "[\r][\n]"
22:20:42,444 DEBUG            http.wire| http-outgoing-0 << "8a[\r][\n]"
22:20:42,444 DEBUG            http.wire| http-outgoing-0 << "{"userId":63,"name":"Scott King","course":"Dynamic Security Producer","email":"63@qa.ru","age":91,"mark":{"name":"Course mark","score":1}}[\r][\n]"
22:20:42,444 DEBUG         http.headers| http-outgoing-0 << HTTP/1.1 200 
22:20:42,444 DEBUG         http.headers| http-outgoing-0 << Content-Type: application/json
22:20:42,444 DEBUG         http.headers| http-outgoing-0 << Transfer-Encoding: chunked
22:20:42,444 DEBUG         http.headers| http-outgoing-0 << Date: Wed, 12 Jul 2023 19:20:41 GMT
22:20:42,444 DEBUG         http.headers| http-outgoing-0 << Keep-Alive: timeout=60
22:20:42,444 DEBUG         http.headers| http-outgoing-0 << Connection: keep-alive
22:20:42,444 DEBUG chain.MainClientExec| Connection can be kept alive for 60000 MILLISECONDS
22:20:42,444 DEBUG            http.wire| http-outgoing-0 << "0[\r][\n]"
22:20:42,444 DEBUG            http.wire| http-outgoing-0 << "[\r][\n]"
22:20:42,444 DEBUG entConnectionManager| Connection [id: 0][route: {}->http://localhost:8080] can be kept alive for 60.0 seconds
22:20:42,444 DEBUG HttpClientConnection| http-outgoing-0: set socket timeout to 0
22:20:42,444 DEBUG entConnectionManager| Connection released: [id: 0][route: {}->http://localhost:8080][total available: 1; route allocated: 1 of 5; total allocated: 1 of 10]
22:20:42,444 DEBUG ingClientInterceptor| Received Http response message
22:20:42,446 DEBUG    Logger.Message_IN| RAWMESSAGE [id: 0ff15883-95bb-4247-95e7-b1e94a5a96e6, payload: HTTP/1.1 200 OK 
Content-Type:application/json
Transfer-Encoding:chunked
Date:Wed, 12 Jul 2023 19:20:41 GMT
Keep-Alive:timeout=60
Connection:keep-alive

{"userId":63,"name":"Scott King","course":"Dynamic Security Producer","email":"63@qa.ru","age":91,"mark":{"name":"Course mark","score":1}}][headers: {citrus_message_id=0ff15883-95bb-4247-95e7-b1e94a5a96e6, citrus_message_timestamp=1689189642444}]
22:20:42,446 DEBUG  client.RestTemplate| Response 200 OK
22:20:42,446 DEBUG  client.RestTemplate| Reading to [java.lang.String] as "application/json"
22:20:42,446 INFO     client.HttpClient| HTTP message was sent to endpoint: 'http://localhost:8080/user/get/63'
22:20:42,446 DEBUG aultHttpHeaderMapper| inboundHeaderNames=[Accept-Ranges, Age, Allow, Cache-Control, Connection, Content-Encoding, Content-Language, Content-Length, Content-Location, Content-MD5, Content-Range, Content-Type, Content-Disposition, Transfer-Encoding, Date, ETag, Expires, Last-Modified, Location, Pragma, Proxy-Authenticate, Refresh, Retry-After, Server, Set-Cookie, Trailer, Vary, Via, Warning, WWW-Authenticate]
22:20:42,446 DEBUG aultHttpHeaderMapper| headerName=[content-type] WILL be mapped, matched pattern=content-type
22:20:42,446 DEBUG aultHttpHeaderMapper| setting headerName=[contentType], value=application/json
22:20:42,446 DEBUG aultHttpHeaderMapper| headerName=[transfer-encoding] WILL be mapped, matched pattern=transfer-encoding
22:20:42,446 DEBUG aultHttpHeaderMapper| setting headerName=[Transfer-Encoding], value=[chunked]
22:20:42,446 DEBUG aultHttpHeaderMapper| headerName=[date] WILL be mapped, matched pattern=date
22:20:42,446 DEBUG aultHttpHeaderMapper| setting headerName=[Date], value=1 689 189 641 000
22:20:42,446 DEBUG aultHttpHeaderMapper| headerName=[keep-alive] WILL NOT be mapped
22:20:42,446 DEBUG aultHttpHeaderMapper| headerName=[connection] WILL be mapped, matched pattern=connection
22:20:42,446 DEBUG aultHttpHeaderMapper| setting headerName=[Connection], value=[keep-alive]
22:20:42,446 DEBUG ltCorrelationManager| Saving correlated object for 'citrus_message_id = '6148b7ef-a826-4829-8094-a251cc2a994c''
22:20:42,446 INFO  port.LoggingReporter| 
22:20:42,446 DEBUG port.LoggingReporter| TEST STEP 125 SUCCESS
22:20:42,446 INFO  port.LoggingReporter| 
22:20:42,446 DEBUG port.LoggingReporter| TEST STEP 126: receive
22:20:42,446 DEBUG ngCorrelationManager| Get correlation key for 'citrus_message_correlator_httpRESTClient'
22:20:42,446 DEBUG ltCorrelationManager| Finding correlated object for 'citrus_message_id = '6148b7ef-a826-4829-8094-a251cc2a994c''
22:20:42,447 DEBUG ageValidatorRegistry| Found 4 message validators for message
22:20:42,447 DEBUG ssageHeaderValidator| Start message header validation ...
22:20:42,447 DEBUG faultHeaderValidator| Validating header element: citrus_http_reason_phrase='OK': OK.
22:20:42,447 DEBUG faultHeaderValidator| Validating header element: citrus_http_status_code='200': OK.
22:20:42,447 INFO  ssageHeaderValidator| Message header validation successful: All values OK
22:20:42,447 DEBUG TextMessageValidator| Start JSON message validation ...
22:20:42,447 DEBUG JsonSchemaValidation| Starting Json schema validation ...
22:20:42,447 INFO  JsonSchemaValidation| Json schema validation successful: All values OK
22:20:42,447 DEBUG TextMessageValidator| Received message:
HTTPMESSAGE [id: 0926f7c7-02a8-46db-8f49-c05b7863d0c7, payload: {"userId":63,"name":"Scott King","course":"Dynamic Security Producer","email":"63@qa.ru","age":91,"mark":{"name":"Course mark","score":1}}][headers: {Transfer-Encoding=chunked, Connection=keep-alive, contentType=application/json, Date=1689189641000, citrus_message_id=0926f7c7-02a8-46db-8f49-c05b7863d0c7, citrus_message_timestamp=1689189642446, Keep-Alive=timeout=60, Content-Type=application/json, citrus_http_status_code=200, citrus_http_reason_phrase=OK, citrus_http_version=HTTP/1.1}]
22:20:42,448 DEBUG TextMessageValidator| Control message:
HTTPMESSAGE [id: 9c4853c4-83c8-458c-9188-e07b99275593, payload: {"userId":63,"email":"@contains('@qa.ru')@","name":"@matches('^[a-zA-Z\\s\\.]*$')@","course":"@matches('^[a-zA-Z\\s]*$')@","age":"@isNumber()@","mark":{"name":"@contains('Course mark')@","score":"@isNumber()@"}}][headers: {citrus_message_id=9c4853c4-83c8-458c-9188-e07b99275593, citrus_message_timestamp=1689189642446, citrus_http_reason_phrase=OK, citrus_http_status_code=200, citrus_message_type=JSON}]
22:20:42,448 DEBUG TextMessageValidator| Validation successful for JSON entry 'name' (@matches('^[a-zA-Z\s\.]*$')@)
22:20:42,448 DEBUG TextMessageValidator| Validation successful for JSON entry 'course' (@matches('^[a-zA-Z\s]*$')@)
22:20:42,448 DEBUG TextMessageValidator| Validation successful for JSON entry 'userId' (63)
22:20:42,448 DEBUG TextMessageValidator| Validation successful for JSON entry 'email' (@contains('@qa.ru')@)
22:20:42,448 DEBUG TextMessageValidator| Validation successful for JSON entry 'age' (@isNumber()@)
22:20:42,448 DEBUG TextMessageValidator| Validation successful for JSON entry 'score' (@isNumber()@)
22:20:42,448 DEBUG TextMessageValidator| Validation successful for JSON entry 'name' (@contains('Course mark')@)
22:20:42,448 DEBUG TextMessageValidator| Validation successful for JSON entry 'mark' ({"score":"@isNumber()@","name":"@contains('Course mark')@"})
22:20:42,448 INFO  TextMessageValidator| JSON message validation successful: All values OK
22:20:42,448 INFO  port.LoggingReporter| 
22:20:42,448 DEBUG port.LoggingReporter| TEST STEP 126 SUCCESS
]]></system-out>
  </testcase>
  <testcase name="getUserStubParametrizedTest(int)[64]" classname="citrus.HttpRESTStubTests" time="0.007">
    <system-out><![CDATA[22:20:42,450 INFO  port.LoggingReporter| 
22:20:42,450 INFO  port.LoggingReporter| ------------------------------------------------------------------------
22:20:42,450 DEBUG port.LoggingReporter| STARTING TEST HttpRESTStubTests.getUserStubParametrizedTest <citrus>
22:20:42,450 INFO  port.LoggingReporter| 
22:20:42,450 DEBUG trus.DefaultTestCase| Initializing test case
22:20:42,450 DEBUG trus.DefaultTestCase| Global variables:
22:20:42,450 DEBUG trus.DefaultTestCase| citrus_message_correlator_httpRESTClient = citrus_message_id = '6148b7ef-a826-4829-8094-a251cc2a994c'
22:20:42,450 DEBUG trus.DefaultTestCase| default.test.author = Unknown
22:20:42,450 DEBUG trus.DefaultTestCase| citrus.test.package = citrus
22:20:42,450 DEBUG trus.DefaultTestCase| citrus.test.name = HttpRESTStubTests.getUserStubParametrizedTest
22:20:42,450 DEBUG trus.DefaultTestCase| project.name = Citrus Integration Tests
22:20:42,450 DEBUG trus.DefaultTestCase| userId = 35
22:20:42,450 DEBUG trus.DefaultTestCase| citrus_message_replyTo_citrus_message_correlator_httpRESTClient = http://localhost:8080/user/get/63
22:20:42,450 DEBUG trus.DefaultTestCase| url = http://localhost:8080/user
22:20:42,450 DEBUG trus.DefaultTestCase| default.test.package = citrus
22:20:42,450 DEBUG  context.TestContext| Setting variable: citrus.test.name with value: 'HttpRESTStubTests.getUserStubParametrizedTest'
22:20:42,450 DEBUG  context.TestContext| Setting variable: citrus.test.package with value: 'citrus'
22:20:42,450 DEBUG trus.DefaultTestCase| Test variables:
22:20:42,450 DEBUG trus.DefaultTestCase| citrus_message_correlator_httpRESTClient = citrus_message_id = '6148b7ef-a826-4829-8094-a251cc2a994c'
22:20:42,450 DEBUG trus.DefaultTestCase| default.test.author = Unknown
22:20:42,450 DEBUG trus.DefaultTestCase| citrus.test.package = citrus
22:20:42,450 DEBUG trus.DefaultTestCase| citrus.test.name = HttpRESTStubTests.getUserStubParametrizedTest
22:20:42,450 DEBUG trus.DefaultTestCase| project.name = Citrus Integration Tests
22:20:42,450 DEBUG trus.DefaultTestCase| userId = 35
22:20:42,450 DEBUG trus.DefaultTestCase| citrus_message_replyTo_citrus_message_correlator_httpRESTClient = http://localhost:8080/user/get/63
22:20:42,450 DEBUG trus.DefaultTestCase| url = http://localhost:8080/user
22:20:42,450 DEBUG trus.DefaultTestCase| default.test.package = citrus
22:20:42,450 INFO  port.LoggingReporter| 
22:20:42,450 DEBUG port.LoggingReporter| TEST STEP 127: send
22:20:42,451 DEBUG ltCorrelationManager| Saving correlation key for 'citrus_message_correlator_httpRESTClient'
22:20:42,451 DEBUG  context.TestContext| Setting variable: citrus_message_correlator_httpRESTClient with value: 'citrus_message_id = 'bc4ae5d2-6cd4-48a9-826b-334729fa9cb6''
22:20:42,451 DEBUG  context.TestContext| Setting variable: citrus_message_replyTo_citrus_message_correlator_httpRESTClient with value: 'http://localhost:8080/user/get/64'
22:20:42,451 INFO     client.HttpClient| Sending HTTP message to: 'http://localhost:8080/user/get/64'
22:20:42,451 DEBUG    client.HttpClient| Message to send:

22:20:42,451 DEBUG aultHttpHeaderMapper| outboundHeaderNames=[Accept, Accept-Charset, Accept-Encoding, Accept-Language, Accept-Ranges, Authorization, Cache-Control, Connection, Content-Length, Content-Type, Cookie, Date, Expect, From, Host, If-Match, If-Modified-Since, If-None-Match, If-Range, If-Unmodified-Since, Max-Forwards, Pragma, Proxy-Authorization, Range, Referer, TE, Upgrade, User-Agent, Via, Warning]
22:20:42,451 DEBUG aultHttpHeaderMapper| headerName=[citrus_message_timestamp] WILL NOT be mapped
22:20:42,451 DEBUG aultHttpHeaderMapper| headerName=[citrus_message_type] WILL NOT be mapped
22:20:42,451 DEBUG aultHttpHeaderMapper| headerName=[citrus_request_path] WILL NOT be mapped
22:20:42,451 DEBUG aultHttpHeaderMapper| headerName=[citrus_http_request_uri] WILL NOT be mapped
22:20:42,451 DEBUG aultHttpHeaderMapper| headerName=[id] WILL NOT be mapped
22:20:42,451 DEBUG aultHttpHeaderMapper| headerName=[citrus_message_id] WILL NOT be mapped
22:20:42,451 DEBUG aultHttpHeaderMapper| headerName=[citrus_http_method] WILL NOT be mapped
22:20:42,451 DEBUG aultHttpHeaderMapper| headerName=[timestamp] WILL NOT be mapped
22:20:42,451 DEBUG  client.RestTemplate| HTTP GET http://localhost:8080/user/get/64
22:20:42,451 DEBUG  client.RestTemplate| Accept=[text/plain, application/json, application/*+json, */*]
22:20:42,451 DEBUG ingClientInterceptor| Sending Http request message
22:20:42,452 DEBUG   Logger.Message_OUT| RAWMESSAGE [id: 96758572-f13e-4e08-b74d-a989756222ba, payload: GET http://localhost:8080/user/get/64
Accept:text/plain, application/json, application/*+json, */*
Content-Type:application/json;charset=UTF-8
Content-Length:0][headers: {citrus_message_id=96758572-f13e-4e08-b74d-a989756222ba, citrus_message_timestamp=1689189642451}]
22:20:42,452 DEBUG ol.RequestAddCookies| CookieSpec selected: default
22:20:42,452 DEBUG col.RequestAuthCache| Auth cache not set in the context
22:20:42,452 DEBUG entConnectionManager| Connection request: [route: {}->http://localhost:8080][total available: 1; route allocated: 1 of 5; total allocated: 1 of 10]
22:20:42,452 DEBUG entConnectionManager| Connection leased: [id: 0][route: {}->http://localhost:8080][total available: 0; route allocated: 1 of 5; total allocated: 1 of 10]
22:20:42,452 DEBUG HttpClientConnection| http-outgoing-0: set socket timeout to 0
22:20:42,452 DEBUG chain.MainClientExec| Executing request GET /user/get/64 HTTP/1.1
22:20:42,452 DEBUG chain.MainClientExec| Target auth state: UNCHALLENGED
22:20:42,452 DEBUG chain.MainClientExec| Proxy auth state: UNCHALLENGED
22:20:42,452 DEBUG         http.headers| http-outgoing-0 >> GET /user/get/64 HTTP/1.1
22:20:42,452 DEBUG         http.headers| http-outgoing-0 >> Accept: text/plain, application/json, application/*+json, */*
22:20:42,452 DEBUG         http.headers| http-outgoing-0 >> Content-Type: application/json;charset=UTF-8
22:20:42,452 DEBUG         http.headers| http-outgoing-0 >> Host: localhost:8080
22:20:42,452 DEBUG         http.headers| http-outgoing-0 >> Connection: Keep-Alive
22:20:42,452 DEBUG         http.headers| http-outgoing-0 >> User-Agent: Apache-HttpClient/4.5.13 (Java/11.0.16)
22:20:42,452 DEBUG         http.headers| http-outgoing-0 >> Accept-Encoding: gzip,deflate
22:20:42,452 DEBUG            http.wire| http-outgoing-0 >> "GET /user/get/64 HTTP/1.1[\r][\n]"
22:20:42,452 DEBUG            http.wire| http-outgoing-0 >> "Accept: text/plain, application/json, application/*+json, */*[\r][\n]"
22:20:42,452 DEBUG            http.wire| http-outgoing-0 >> "Content-Type: application/json;charset=UTF-8[\r][\n]"
22:20:42,452 DEBUG            http.wire| http-outgoing-0 >> "Host: localhost:8080[\r][\n]"
22:20:42,452 DEBUG            http.wire| http-outgoing-0 >> "Connection: Keep-Alive[\r][\n]"
22:20:42,452 DEBUG            http.wire| http-outgoing-0 >> "User-Agent: Apache-HttpClient/4.5.13 (Java/11.0.16)[\r][\n]"
22:20:42,452 DEBUG            http.wire| http-outgoing-0 >> "Accept-Encoding: gzip,deflate[\r][\n]"
22:20:42,452 DEBUG            http.wire| http-outgoing-0 >> "[\r][\n]"
22:20:42,453 DEBUG            http.wire| http-outgoing-0 << "HTTP/1.1 200 [\r][\n]"
22:20:42,453 DEBUG            http.wire| http-outgoing-0 << "Content-Type: application/json[\r][\n]"
22:20:42,453 DEBUG            http.wire| http-outgoing-0 << "Transfer-Encoding: chunked[\r][\n]"
22:20:42,453 DEBUG            http.wire| http-outgoing-0 << "Date: Wed, 12 Jul 2023 19:20:41 GMT[\r][\n]"
22:20:42,453 DEBUG            http.wire| http-outgoing-0 << "Keep-Alive: timeout=60[\r][\n]"
22:20:42,453 DEBUG            http.wire| http-outgoing-0 << "Connection: keep-alive[\r][\n]"
22:20:42,453 DEBUG            http.wire| http-outgoing-0 << "[\r][\n]"
22:20:42,453 DEBUG            http.wire| http-outgoing-0 << "97[\r][\n]"
22:20:42,453 DEBUG            http.wire| http-outgoing-0 << "{"userId":64,"name":"Debrah Howe","course":"International Accountability Designer","email":"64@qa.ru","age":94,"mark":{"name":"Course mark","score":7}}[\r][\n]"
22:20:42,453 DEBUG         http.headers| http-outgoing-0 << HTTP/1.1 200 
22:20:42,453 DEBUG         http.headers| http-outgoing-0 << Content-Type: application/json
22:20:42,453 DEBUG         http.headers| http-outgoing-0 << Transfer-Encoding: chunked
22:20:42,453 DEBUG         http.headers| http-outgoing-0 << Date: Wed, 12 Jul 2023 19:20:41 GMT
22:20:42,453 DEBUG         http.headers| http-outgoing-0 << Keep-Alive: timeout=60
22:20:42,453 DEBUG         http.headers| http-outgoing-0 << Connection: keep-alive
22:20:42,453 DEBUG chain.MainClientExec| Connection can be kept alive for 60000 MILLISECONDS
22:20:42,453 DEBUG            http.wire| http-outgoing-0 << "0[\r][\n]"
22:20:42,453 DEBUG            http.wire| http-outgoing-0 << "[\r][\n]"
22:20:42,453 DEBUG entConnectionManager| Connection [id: 0][route: {}->http://localhost:8080] can be kept alive for 60.0 seconds
22:20:42,453 DEBUG HttpClientConnection| http-outgoing-0: set socket timeout to 0
22:20:42,453 DEBUG entConnectionManager| Connection released: [id: 0][route: {}->http://localhost:8080][total available: 1; route allocated: 1 of 5; total allocated: 1 of 10]
22:20:42,453 DEBUG ingClientInterceptor| Received Http response message
22:20:42,454 DEBUG    Logger.Message_IN| RAWMESSAGE [id: 15b8d8ee-5eb9-4134-a080-e7baee2003b1, payload: HTTP/1.1 200 OK 
Content-Type:application/json
Transfer-Encoding:chunked
Date:Wed, 12 Jul 2023 19:20:41 GMT
Keep-Alive:timeout=60
Connection:keep-alive

{"userId":64,"name":"Debrah Howe","course":"International Accountability Designer","email":"64@qa.ru","age":94,"mark":{"name":"Course mark","score":7}}][headers: {citrus_message_id=15b8d8ee-5eb9-4134-a080-e7baee2003b1, citrus_message_timestamp=1689189642453}]
22:20:42,454 DEBUG  client.RestTemplate| Response 200 OK
22:20:42,454 DEBUG  client.RestTemplate| Reading to [java.lang.String] as "application/json"
22:20:42,454 INFO     client.HttpClient| HTTP message was sent to endpoint: 'http://localhost:8080/user/get/64'
22:20:42,454 DEBUG aultHttpHeaderMapper| inboundHeaderNames=[Accept-Ranges, Age, Allow, Cache-Control, Connection, Content-Encoding, Content-Language, Content-Length, Content-Location, Content-MD5, Content-Range, Content-Type, Content-Disposition, Transfer-Encoding, Date, ETag, Expires, Last-Modified, Location, Pragma, Proxy-Authenticate, Refresh, Retry-After, Server, Set-Cookie, Trailer, Vary, Via, Warning, WWW-Authenticate]
22:20:42,454 DEBUG aultHttpHeaderMapper| headerName=[content-type] WILL be mapped, matched pattern=content-type
22:20:42,454 DEBUG aultHttpHeaderMapper| setting headerName=[contentType], value=application/json
22:20:42,454 DEBUG aultHttpHeaderMapper| headerName=[transfer-encoding] WILL be mapped, matched pattern=transfer-encoding
22:20:42,454 DEBUG aultHttpHeaderMapper| setting headerName=[Transfer-Encoding], value=[chunked]
22:20:42,454 DEBUG aultHttpHeaderMapper| headerName=[date] WILL be mapped, matched pattern=date
22:20:42,454 DEBUG aultHttpHeaderMapper| setting headerName=[Date], value=1 689 189 641 000
22:20:42,454 DEBUG aultHttpHeaderMapper| headerName=[keep-alive] WILL NOT be mapped
22:20:42,454 DEBUG aultHttpHeaderMapper| headerName=[connection] WILL be mapped, matched pattern=connection
22:20:42,454 DEBUG aultHttpHeaderMapper| setting headerName=[Connection], value=[keep-alive]
22:20:42,454 DEBUG ltCorrelationManager| Saving correlated object for 'citrus_message_id = 'bc4ae5d2-6cd4-48a9-826b-334729fa9cb6''
22:20:42,454 INFO  port.LoggingReporter| 
22:20:42,454 DEBUG port.LoggingReporter| TEST STEP 127 SUCCESS
22:20:42,454 INFO  port.LoggingReporter| 
22:20:42,454 DEBUG port.LoggingReporter| TEST STEP 128: receive
22:20:42,454 DEBUG ngCorrelationManager| Get correlation key for 'citrus_message_correlator_httpRESTClient'
22:20:42,454 DEBUG ltCorrelationManager| Finding correlated object for 'citrus_message_id = 'bc4ae5d2-6cd4-48a9-826b-334729fa9cb6''
22:20:42,455 DEBUG ageValidatorRegistry| Found 4 message validators for message
22:20:42,455 DEBUG ssageHeaderValidator| Start message header validation ...
22:20:42,455 DEBUG faultHeaderValidator| Validating header element: citrus_http_reason_phrase='OK': OK.
22:20:42,455 DEBUG faultHeaderValidator| Validating header element: citrus_http_status_code='200': OK.
22:20:42,455 INFO  ssageHeaderValidator| Message header validation successful: All values OK
22:20:42,455 DEBUG TextMessageValidator| Start JSON message validation ...
22:20:42,455 DEBUG JsonSchemaValidation| Starting Json schema validation ...
22:20:42,455 INFO  JsonSchemaValidation| Json schema validation successful: All values OK
22:20:42,455 DEBUG TextMessageValidator| Received message:
HTTPMESSAGE [id: e63eb0be-3499-48bf-85e1-1b0f00502fcc, payload: {"userId":64,"name":"Debrah Howe","course":"International Accountability Designer","email":"64@qa.ru","age":94,"mark":{"name":"Course mark","score":7}}][headers: {Transfer-Encoding=chunked, Connection=keep-alive, contentType=application/json, Date=1689189641000, citrus_message_id=e63eb0be-3499-48bf-85e1-1b0f00502fcc, citrus_message_timestamp=1689189642454, Keep-Alive=timeout=60, Content-Type=application/json, citrus_http_status_code=200, citrus_http_reason_phrase=OK, citrus_http_version=HTTP/1.1}]
22:20:42,455 DEBUG TextMessageValidator| Control message:
HTTPMESSAGE [id: 201e3d08-d36e-4144-9a62-97e224c98629, payload: {"userId":64,"email":"@contains('@qa.ru')@","name":"@matches('^[a-zA-Z\\s\\.]*$')@","course":"@matches('^[a-zA-Z\\s]*$')@","age":"@isNumber()@","mark":{"name":"@contains('Course mark')@","score":"@isNumber()@"}}][headers: {citrus_message_id=201e3d08-d36e-4144-9a62-97e224c98629, citrus_message_timestamp=1689189642454, citrus_http_reason_phrase=OK, citrus_http_status_code=200, citrus_message_type=JSON}]
22:20:42,456 DEBUG TextMessageValidator| Validation successful for JSON entry 'name' (@matches('^[a-zA-Z\s\.]*$')@)
22:20:42,456 DEBUG TextMessageValidator| Validation successful for JSON entry 'course' (@matches('^[a-zA-Z\s]*$')@)
22:20:42,456 DEBUG TextMessageValidator| Validation successful for JSON entry 'userId' (64)
22:20:42,456 DEBUG TextMessageValidator| Validation successful for JSON entry 'email' (@contains('@qa.ru')@)
22:20:42,456 DEBUG TextMessageValidator| Validation successful for JSON entry 'age' (@isNumber()@)
22:20:42,456 DEBUG TextMessageValidator| Validation successful for JSON entry 'score' (@isNumber()@)
22:20:42,456 DEBUG TextMessageValidator| Validation successful for JSON entry 'name' (@contains('Course mark')@)
22:20:42,456 DEBUG TextMessageValidator| Validation successful for JSON entry 'mark' ({"score":"@isNumber()@","name":"@contains('Course mark')@"})
22:20:42,456 INFO  TextMessageValidator| JSON message validation successful: All values OK
22:20:42,456 INFO  port.LoggingReporter| 
22:20:42,456 DEBUG port.LoggingReporter| TEST STEP 128 SUCCESS
]]></system-out>
  </testcase>
  <testcase name="getUserStubParametrizedTest(int)[65]" classname="citrus.HttpRESTStubTests" time="0.008">
    <system-out><![CDATA[22:20:42,457 INFO  port.LoggingReporter| 
22:20:42,457 INFO  port.LoggingReporter| ------------------------------------------------------------------------
22:20:42,457 DEBUG port.LoggingReporter| STARTING TEST HttpRESTStubTests.getUserStubParametrizedTest <citrus>
22:20:42,457 INFO  port.LoggingReporter| 
22:20:42,457 DEBUG trus.DefaultTestCase| Initializing test case
22:20:42,457 DEBUG trus.DefaultTestCase| Global variables:
22:20:42,457 DEBUG trus.DefaultTestCase| citrus_message_correlator_httpRESTClient = citrus_message_id = 'bc4ae5d2-6cd4-48a9-826b-334729fa9cb6'
22:20:42,457 DEBUG trus.DefaultTestCase| default.test.author = Unknown
22:20:42,457 DEBUG trus.DefaultTestCase| citrus.test.package = citrus
22:20:42,457 DEBUG trus.DefaultTestCase| citrus.test.name = HttpRESTStubTests.getUserStubParametrizedTest
22:20:42,457 DEBUG trus.DefaultTestCase| project.name = Citrus Integration Tests
22:20:42,457 DEBUG trus.DefaultTestCase| userId = 35
22:20:42,457 DEBUG trus.DefaultTestCase| citrus_message_replyTo_citrus_message_correlator_httpRESTClient = http://localhost:8080/user/get/64
22:20:42,457 DEBUG trus.DefaultTestCase| url = http://localhost:8080/user
22:20:42,457 DEBUG trus.DefaultTestCase| default.test.package = citrus
22:20:42,457 DEBUG  context.TestContext| Setting variable: citrus.test.name with value: 'HttpRESTStubTests.getUserStubParametrizedTest'
22:20:42,457 DEBUG  context.TestContext| Setting variable: citrus.test.package with value: 'citrus'
22:20:42,457 DEBUG trus.DefaultTestCase| Test variables:
22:20:42,457 DEBUG trus.DefaultTestCase| citrus_message_correlator_httpRESTClient = citrus_message_id = 'bc4ae5d2-6cd4-48a9-826b-334729fa9cb6'
22:20:42,457 DEBUG trus.DefaultTestCase| default.test.author = Unknown
22:20:42,457 DEBUG trus.DefaultTestCase| citrus.test.package = citrus
22:20:42,457 DEBUG trus.DefaultTestCase| citrus.test.name = HttpRESTStubTests.getUserStubParametrizedTest
22:20:42,457 DEBUG trus.DefaultTestCase| project.name = Citrus Integration Tests
22:20:42,457 DEBUG trus.DefaultTestCase| userId = 35
22:20:42,457 DEBUG trus.DefaultTestCase| citrus_message_replyTo_citrus_message_correlator_httpRESTClient = http://localhost:8080/user/get/64
22:20:42,457 DEBUG trus.DefaultTestCase| url = http://localhost:8080/user
22:20:42,457 DEBUG trus.DefaultTestCase| default.test.package = citrus
22:20:42,458 INFO  port.LoggingReporter| 
22:20:42,458 DEBUG port.LoggingReporter| TEST STEP 129: send
22:20:42,458 DEBUG ltCorrelationManager| Saving correlation key for 'citrus_message_correlator_httpRESTClient'
22:20:42,458 DEBUG  context.TestContext| Setting variable: citrus_message_correlator_httpRESTClient with value: 'citrus_message_id = '0a2f40ab-ac97-4222-acc8-c9720306c20e''
22:20:42,458 DEBUG  context.TestContext| Setting variable: citrus_message_replyTo_citrus_message_correlator_httpRESTClient with value: 'http://localhost:8080/user/get/65'
22:20:42,458 INFO     client.HttpClient| Sending HTTP message to: 'http://localhost:8080/user/get/65'
22:20:42,458 DEBUG    client.HttpClient| Message to send:

22:20:42,458 DEBUG aultHttpHeaderMapper| outboundHeaderNames=[Accept, Accept-Charset, Accept-Encoding, Accept-Language, Accept-Ranges, Authorization, Cache-Control, Connection, Content-Length, Content-Type, Cookie, Date, Expect, From, Host, If-Match, If-Modified-Since, If-None-Match, If-Range, If-Unmodified-Since, Max-Forwards, Pragma, Proxy-Authorization, Range, Referer, TE, Upgrade, User-Agent, Via, Warning]
22:20:42,458 DEBUG aultHttpHeaderMapper| headerName=[citrus_message_timestamp] WILL NOT be mapped
22:20:42,458 DEBUG aultHttpHeaderMapper| headerName=[citrus_message_type] WILL NOT be mapped
22:20:42,458 DEBUG aultHttpHeaderMapper| headerName=[citrus_request_path] WILL NOT be mapped
22:20:42,458 DEBUG aultHttpHeaderMapper| headerName=[citrus_http_request_uri] WILL NOT be mapped
22:20:42,458 DEBUG aultHttpHeaderMapper| headerName=[id] WILL NOT be mapped
22:20:42,458 DEBUG aultHttpHeaderMapper| headerName=[citrus_message_id] WILL NOT be mapped
22:20:42,458 DEBUG aultHttpHeaderMapper| headerName=[citrus_http_method] WILL NOT be mapped
22:20:42,458 DEBUG aultHttpHeaderMapper| headerName=[timestamp] WILL NOT be mapped
22:20:42,458 DEBUG  client.RestTemplate| HTTP GET http://localhost:8080/user/get/65
22:20:42,458 DEBUG  client.RestTemplate| Accept=[text/plain, application/json, application/*+json, */*]
22:20:42,458 DEBUG ingClientInterceptor| Sending Http request message
22:20:42,459 DEBUG   Logger.Message_OUT| RAWMESSAGE [id: 708e14eb-1aa2-4b04-b290-f6f43ab30195, payload: GET http://localhost:8080/user/get/65
Accept:text/plain, application/json, application/*+json, */*
Content-Type:application/json;charset=UTF-8
Content-Length:0][headers: {citrus_message_id=708e14eb-1aa2-4b04-b290-f6f43ab30195, citrus_message_timestamp=1689189642458}]
22:20:42,459 DEBUG ol.RequestAddCookies| CookieSpec selected: default
22:20:42,459 DEBUG col.RequestAuthCache| Auth cache not set in the context
22:20:42,459 DEBUG entConnectionManager| Connection request: [route: {}->http://localhost:8080][total available: 1; route allocated: 1 of 5; total allocated: 1 of 10]
22:20:42,459 DEBUG entConnectionManager| Connection leased: [id: 0][route: {}->http://localhost:8080][total available: 0; route allocated: 1 of 5; total allocated: 1 of 10]
22:20:42,459 DEBUG HttpClientConnection| http-outgoing-0: set socket timeout to 0
22:20:42,459 DEBUG chain.MainClientExec| Executing request GET /user/get/65 HTTP/1.1
22:20:42,459 DEBUG chain.MainClientExec| Target auth state: UNCHALLENGED
22:20:42,459 DEBUG chain.MainClientExec| Proxy auth state: UNCHALLENGED
22:20:42,459 DEBUG         http.headers| http-outgoing-0 >> GET /user/get/65 HTTP/1.1
22:20:42,459 DEBUG         http.headers| http-outgoing-0 >> Accept: text/plain, application/json, application/*+json, */*
22:20:42,459 DEBUG         http.headers| http-outgoing-0 >> Content-Type: application/json;charset=UTF-8
22:20:42,459 DEBUG         http.headers| http-outgoing-0 >> Host: localhost:8080
22:20:42,459 DEBUG         http.headers| http-outgoing-0 >> Connection: Keep-Alive
22:20:42,459 DEBUG         http.headers| http-outgoing-0 >> User-Agent: Apache-HttpClient/4.5.13 (Java/11.0.16)
22:20:42,459 DEBUG         http.headers| http-outgoing-0 >> Accept-Encoding: gzip,deflate
22:20:42,459 DEBUG            http.wire| http-outgoing-0 >> "GET /user/get/65 HTTP/1.1[\r][\n]"
22:20:42,459 DEBUG            http.wire| http-outgoing-0 >> "Accept: text/plain, application/json, application/*+json, */*[\r][\n]"
22:20:42,459 DEBUG            http.wire| http-outgoing-0 >> "Content-Type: application/json;charset=UTF-8[\r][\n]"
22:20:42,459 DEBUG            http.wire| http-outgoing-0 >> "Host: localhost:8080[\r][\n]"
22:20:42,459 DEBUG            http.wire| http-outgoing-0 >> "Connection: Keep-Alive[\r][\n]"
22:20:42,459 DEBUG            http.wire| http-outgoing-0 >> "User-Agent: Apache-HttpClient/4.5.13 (Java/11.0.16)[\r][\n]"
22:20:42,459 DEBUG            http.wire| http-outgoing-0 >> "Accept-Encoding: gzip,deflate[\r][\n]"
22:20:42,459 DEBUG            http.wire| http-outgoing-0 >> "[\r][\n]"
22:20:42,460 DEBUG            http.wire| http-outgoing-0 << "HTTP/1.1 200 [\r][\n]"
22:20:42,460 DEBUG            http.wire| http-outgoing-0 << "Content-Type: application/json[\r][\n]"
22:20:42,460 DEBUG            http.wire| http-outgoing-0 << "Transfer-Encoding: chunked[\r][\n]"
22:20:42,460 DEBUG            http.wire| http-outgoing-0 << "Date: Wed, 12 Jul 2023 19:20:41 GMT[\r][\n]"
22:20:42,460 DEBUG            http.wire| http-outgoing-0 << "Keep-Alive: timeout=60[\r][\n]"
22:20:42,460 DEBUG            http.wire| http-outgoing-0 << "Connection: keep-alive[\r][\n]"
22:20:42,460 DEBUG            http.wire| http-outgoing-0 << "[\r][\n]"
22:20:42,460 DEBUG            http.wire| http-outgoing-0 << "97[\r][\n]"
22:20:42,460 DEBUG            http.wire| http-outgoing-0 << "{"userId":65,"name":"Mr. Lindsay Keebler","course":"Dynamic Assurance Facilitator","email":"65@qa.ru","age":75,"mark":{"name":"Course mark","score":7}}[\r][\n]"
22:20:42,460 DEBUG         http.headers| http-outgoing-0 << HTTP/1.1 200 
22:20:42,460 DEBUG         http.headers| http-outgoing-0 << Content-Type: application/json
22:20:42,460 DEBUG         http.headers| http-outgoing-0 << Transfer-Encoding: chunked
22:20:42,460 DEBUG         http.headers| http-outgoing-0 << Date: Wed, 12 Jul 2023 19:20:41 GMT
22:20:42,460 DEBUG         http.headers| http-outgoing-0 << Keep-Alive: timeout=60
22:20:42,460 DEBUG         http.headers| http-outgoing-0 << Connection: keep-alive
22:20:42,460 DEBUG chain.MainClientExec| Connection can be kept alive for 60000 MILLISECONDS
22:20:42,461 DEBUG            http.wire| http-outgoing-0 << "0[\r][\n]"
22:20:42,461 DEBUG            http.wire| http-outgoing-0 << "[\r][\n]"
22:20:42,461 DEBUG entConnectionManager| Connection [id: 0][route: {}->http://localhost:8080] can be kept alive for 60.0 seconds
22:20:42,461 DEBUG HttpClientConnection| http-outgoing-0: set socket timeout to 0
22:20:42,461 DEBUG entConnectionManager| Connection released: [id: 0][route: {}->http://localhost:8080][total available: 1; route allocated: 1 of 5; total allocated: 1 of 10]
22:20:42,461 DEBUG ingClientInterceptor| Received Http response message
22:20:42,462 DEBUG    Logger.Message_IN| RAWMESSAGE [id: 7c466373-5975-450d-a22e-43bbb41fd002, payload: HTTP/1.1 200 OK 
Content-Type:application/json
Transfer-Encoding:chunked
Date:Wed, 12 Jul 2023 19:20:41 GMT
Keep-Alive:timeout=60
Connection:keep-alive

{"userId":65,"name":"Mr. Lindsay Keebler","course":"Dynamic Assurance Facilitator","email":"65@qa.ru","age":75,"mark":{"name":"Course mark","score":7}}][headers: {citrus_message_id=7c466373-5975-450d-a22e-43bbb41fd002, citrus_message_timestamp=1689189642461}]
22:20:42,462 DEBUG  client.RestTemplate| Response 200 OK
22:20:42,462 DEBUG  client.RestTemplate| Reading to [java.lang.String] as "application/json"
22:20:42,462 INFO     client.HttpClient| HTTP message was sent to endpoint: 'http://localhost:8080/user/get/65'
22:20:42,462 DEBUG aultHttpHeaderMapper| inboundHeaderNames=[Accept-Ranges, Age, Allow, Cache-Control, Connection, Content-Encoding, Content-Language, Content-Length, Content-Location, Content-MD5, Content-Range, Content-Type, Content-Disposition, Transfer-Encoding, Date, ETag, Expires, Last-Modified, Location, Pragma, Proxy-Authenticate, Refresh, Retry-After, Server, Set-Cookie, Trailer, Vary, Via, Warning, WWW-Authenticate]
22:20:42,462 DEBUG aultHttpHeaderMapper| headerName=[content-type] WILL be mapped, matched pattern=content-type
22:20:42,462 DEBUG aultHttpHeaderMapper| setting headerName=[contentType], value=application/json
22:20:42,462 DEBUG aultHttpHeaderMapper| headerName=[transfer-encoding] WILL be mapped, matched pattern=transfer-encoding
22:20:42,462 DEBUG aultHttpHeaderMapper| setting headerName=[Transfer-Encoding], value=[chunked]
22:20:42,462 DEBUG aultHttpHeaderMapper| headerName=[date] WILL be mapped, matched pattern=date
22:20:42,462 DEBUG aultHttpHeaderMapper| setting headerName=[Date], value=1 689 189 641 000
22:20:42,462 DEBUG aultHttpHeaderMapper| headerName=[keep-alive] WILL NOT be mapped
22:20:42,462 DEBUG aultHttpHeaderMapper| headerName=[connection] WILL be mapped, matched pattern=connection
22:20:42,462 DEBUG aultHttpHeaderMapper| setting headerName=[Connection], value=[keep-alive]
22:20:42,462 DEBUG ltCorrelationManager| Saving correlated object for 'citrus_message_id = '0a2f40ab-ac97-4222-acc8-c9720306c20e''
22:20:42,462 INFO  port.LoggingReporter| 
22:20:42,462 DEBUG port.LoggingReporter| TEST STEP 129 SUCCESS
22:20:42,462 INFO  port.LoggingReporter| 
22:20:42,462 DEBUG port.LoggingReporter| TEST STEP 130: receive
22:20:42,462 DEBUG ngCorrelationManager| Get correlation key for 'citrus_message_correlator_httpRESTClient'
22:20:42,463 DEBUG ltCorrelationManager| Finding correlated object for 'citrus_message_id = '0a2f40ab-ac97-4222-acc8-c9720306c20e''
22:20:42,463 DEBUG ageValidatorRegistry| Found 4 message validators for message
22:20:42,463 DEBUG ssageHeaderValidator| Start message header validation ...
22:20:42,463 DEBUG faultHeaderValidator| Validating header element: citrus_http_reason_phrase='OK': OK.
22:20:42,463 DEBUG faultHeaderValidator| Validating header element: citrus_http_status_code='200': OK.
22:20:42,464 INFO  ssageHeaderValidator| Message header validation successful: All values OK
22:20:42,464 DEBUG TextMessageValidator| Start JSON message validation ...
22:20:42,464 DEBUG JsonSchemaValidation| Starting Json schema validation ...
22:20:42,464 INFO  JsonSchemaValidation| Json schema validation successful: All values OK
22:20:42,464 DEBUG TextMessageValidator| Received message:
HTTPMESSAGE [id: 7e6ecddb-6749-4fb6-b495-5c2b136c10a7, payload: {"userId":65,"name":"Mr. Lindsay Keebler","course":"Dynamic Assurance Facilitator","email":"65@qa.ru","age":75,"mark":{"name":"Course mark","score":7}}][headers: {Transfer-Encoding=chunked, Connection=keep-alive, contentType=application/json, Date=1689189641000, citrus_message_id=7e6ecddb-6749-4fb6-b495-5c2b136c10a7, citrus_message_timestamp=1689189642462, Keep-Alive=timeout=60, Content-Type=application/json, citrus_http_status_code=200, citrus_http_reason_phrase=OK, citrus_http_version=HTTP/1.1}]
22:20:42,464 DEBUG TextMessageValidator| Control message:
HTTPMESSAGE [id: 0526361b-7d52-4389-8ce9-3c9325ece95a, payload: {"userId":65,"email":"@contains('@qa.ru')@","name":"@matches('^[a-zA-Z\\s\\.]*$')@","course":"@matches('^[a-zA-Z\\s]*$')@","age":"@isNumber()@","mark":{"name":"@contains('Course mark')@","score":"@isNumber()@"}}][headers: {citrus_message_id=0526361b-7d52-4389-8ce9-3c9325ece95a, citrus_message_timestamp=1689189642462, citrus_http_reason_phrase=OK, citrus_http_status_code=200, citrus_message_type=JSON}]
22:20:42,464 DEBUG TextMessageValidator| Validation successful for JSON entry 'name' (@matches('^[a-zA-Z\s\.]*$')@)
22:20:42,464 DEBUG TextMessageValidator| Validation successful for JSON entry 'course' (@matches('^[a-zA-Z\s]*$')@)
22:20:42,464 DEBUG TextMessageValidator| Validation successful for JSON entry 'userId' (65)
22:20:42,464 DEBUG TextMessageValidator| Validation successful for JSON entry 'email' (@contains('@qa.ru')@)
22:20:42,464 DEBUG TextMessageValidator| Validation successful for JSON entry 'age' (@isNumber()@)
22:20:42,464 DEBUG TextMessageValidator| Validation successful for JSON entry 'score' (@isNumber()@)
22:20:42,464 DEBUG TextMessageValidator| Validation successful for JSON entry 'name' (@contains('Course mark')@)
22:20:42,464 DEBUG TextMessageValidator| Validation successful for JSON entry 'mark' ({"score":"@isNumber()@","name":"@contains('Course mark')@"})
22:20:42,464 INFO  TextMessageValidator| JSON message validation successful: All values OK
22:20:42,464 INFO  port.LoggingReporter| 
22:20:42,464 DEBUG port.LoggingReporter| TEST STEP 130 SUCCESS
]]></system-out>
  </testcase>
  <testcase name="getUserStubParametrizedTest(int)[66]" classname="citrus.HttpRESTStubTests" time="0.008">
    <system-out><![CDATA[22:20:42,465 INFO  port.LoggingReporter| 
22:20:42,465 INFO  port.LoggingReporter| ------------------------------------------------------------------------
22:20:42,465 DEBUG port.LoggingReporter| STARTING TEST HttpRESTStubTests.getUserStubParametrizedTest <citrus>
22:20:42,465 INFO  port.LoggingReporter| 
22:20:42,465 DEBUG trus.DefaultTestCase| Initializing test case
22:20:42,465 DEBUG trus.DefaultTestCase| Global variables:
22:20:42,465 DEBUG trus.DefaultTestCase| citrus_message_correlator_httpRESTClient = citrus_message_id = '0a2f40ab-ac97-4222-acc8-c9720306c20e'
22:20:42,465 DEBUG trus.DefaultTestCase| default.test.author = Unknown
22:20:42,465 DEBUG trus.DefaultTestCase| citrus.test.package = citrus
22:20:42,465 DEBUG trus.DefaultTestCase| citrus.test.name = HttpRESTStubTests.getUserStubParametrizedTest
22:20:42,465 DEBUG trus.DefaultTestCase| project.name = Citrus Integration Tests
22:20:42,465 DEBUG trus.DefaultTestCase| userId = 35
22:20:42,465 DEBUG trus.DefaultTestCase| citrus_message_replyTo_citrus_message_correlator_httpRESTClient = http://localhost:8080/user/get/65
22:20:42,465 DEBUG trus.DefaultTestCase| url = http://localhost:8080/user
22:20:42,465 DEBUG trus.DefaultTestCase| default.test.package = citrus
22:20:42,465 DEBUG  context.TestContext| Setting variable: citrus.test.name with value: 'HttpRESTStubTests.getUserStubParametrizedTest'
22:20:42,465 DEBUG  context.TestContext| Setting variable: citrus.test.package with value: 'citrus'
22:20:42,465 DEBUG trus.DefaultTestCase| Test variables:
22:20:42,465 DEBUG trus.DefaultTestCase| citrus_message_correlator_httpRESTClient = citrus_message_id = '0a2f40ab-ac97-4222-acc8-c9720306c20e'
22:20:42,465 DEBUG trus.DefaultTestCase| default.test.author = Unknown
22:20:42,465 DEBUG trus.DefaultTestCase| citrus.test.package = citrus
22:20:42,465 DEBUG trus.DefaultTestCase| citrus.test.name = HttpRESTStubTests.getUserStubParametrizedTest
22:20:42,465 DEBUG trus.DefaultTestCase| project.name = Citrus Integration Tests
22:20:42,465 DEBUG trus.DefaultTestCase| userId = 35
22:20:42,466 DEBUG trus.DefaultTestCase| citrus_message_replyTo_citrus_message_correlator_httpRESTClient = http://localhost:8080/user/get/65
22:20:42,466 DEBUG trus.DefaultTestCase| url = http://localhost:8080/user
22:20:42,466 DEBUG trus.DefaultTestCase| default.test.package = citrus
22:20:42,466 INFO  port.LoggingReporter| 
22:20:42,466 DEBUG port.LoggingReporter| TEST STEP 131: send
22:20:42,466 DEBUG ltCorrelationManager| Saving correlation key for 'citrus_message_correlator_httpRESTClient'
22:20:42,466 DEBUG  context.TestContext| Setting variable: citrus_message_correlator_httpRESTClient with value: 'citrus_message_id = 'cd15b6f0-2971-4c48-921c-7861da5ff6fa''
22:20:42,466 DEBUG  context.TestContext| Setting variable: citrus_message_replyTo_citrus_message_correlator_httpRESTClient with value: 'http://localhost:8080/user/get/66'
22:20:42,466 INFO     client.HttpClient| Sending HTTP message to: 'http://localhost:8080/user/get/66'
22:20:42,466 DEBUG    client.HttpClient| Message to send:

22:20:42,466 DEBUG aultHttpHeaderMapper| outboundHeaderNames=[Accept, Accept-Charset, Accept-Encoding, Accept-Language, Accept-Ranges, Authorization, Cache-Control, Connection, Content-Length, Content-Type, Cookie, Date, Expect, From, Host, If-Match, If-Modified-Since, If-None-Match, If-Range, If-Unmodified-Since, Max-Forwards, Pragma, Proxy-Authorization, Range, Referer, TE, Upgrade, User-Agent, Via, Warning]
22:20:42,466 DEBUG aultHttpHeaderMapper| headerName=[citrus_message_timestamp] WILL NOT be mapped
22:20:42,466 DEBUG aultHttpHeaderMapper| headerName=[citrus_message_type] WILL NOT be mapped
22:20:42,466 DEBUG aultHttpHeaderMapper| headerName=[citrus_request_path] WILL NOT be mapped
22:20:42,466 DEBUG aultHttpHeaderMapper| headerName=[citrus_http_request_uri] WILL NOT be mapped
22:20:42,466 DEBUG aultHttpHeaderMapper| headerName=[id] WILL NOT be mapped
22:20:42,466 DEBUG aultHttpHeaderMapper| headerName=[citrus_message_id] WILL NOT be mapped
22:20:42,466 DEBUG aultHttpHeaderMapper| headerName=[citrus_http_method] WILL NOT be mapped
22:20:42,466 DEBUG aultHttpHeaderMapper| headerName=[timestamp] WILL NOT be mapped
22:20:42,466 DEBUG  client.RestTemplate| HTTP GET http://localhost:8080/user/get/66
22:20:42,466 DEBUG  client.RestTemplate| Accept=[text/plain, application/json, application/*+json, */*]
22:20:42,466 DEBUG ingClientInterceptor| Sending Http request message
22:20:42,467 DEBUG   Logger.Message_OUT| RAWMESSAGE [id: 566b90e9-4a30-4ca9-a1ee-6a26b98a2b81, payload: GET http://localhost:8080/user/get/66
Accept:text/plain, application/json, application/*+json, */*
Content-Type:application/json;charset=UTF-8
Content-Length:0][headers: {citrus_message_id=566b90e9-4a30-4ca9-a1ee-6a26b98a2b81, citrus_message_timestamp=1689189642466}]
22:20:42,467 DEBUG ol.RequestAddCookies| CookieSpec selected: default
22:20:42,467 DEBUG col.RequestAuthCache| Auth cache not set in the context
22:20:42,467 DEBUG entConnectionManager| Connection request: [route: {}->http://localhost:8080][total available: 1; route allocated: 1 of 5; total allocated: 1 of 10]
22:20:42,467 DEBUG entConnectionManager| Connection leased: [id: 0][route: {}->http://localhost:8080][total available: 0; route allocated: 1 of 5; total allocated: 1 of 10]
22:20:42,467 DEBUG HttpClientConnection| http-outgoing-0: set socket timeout to 0
22:20:42,467 DEBUG chain.MainClientExec| Executing request GET /user/get/66 HTTP/1.1
22:20:42,467 DEBUG chain.MainClientExec| Target auth state: UNCHALLENGED
22:20:42,467 DEBUG chain.MainClientExec| Proxy auth state: UNCHALLENGED
22:20:42,467 DEBUG         http.headers| http-outgoing-0 >> GET /user/get/66 HTTP/1.1
22:20:42,467 DEBUG         http.headers| http-outgoing-0 >> Accept: text/plain, application/json, application/*+json, */*
22:20:42,467 DEBUG         http.headers| http-outgoing-0 >> Content-Type: application/json;charset=UTF-8
22:20:42,467 DEBUG         http.headers| http-outgoing-0 >> Host: localhost:8080
22:20:42,467 DEBUG         http.headers| http-outgoing-0 >> Connection: Keep-Alive
22:20:42,467 DEBUG         http.headers| http-outgoing-0 >> User-Agent: Apache-HttpClient/4.5.13 (Java/11.0.16)
22:20:42,467 DEBUG         http.headers| http-outgoing-0 >> Accept-Encoding: gzip,deflate
22:20:42,467 DEBUG            http.wire| http-outgoing-0 >> "GET /user/get/66 HTTP/1.1[\r][\n]"
22:20:42,467 DEBUG            http.wire| http-outgoing-0 >> "Accept: text/plain, application/json, application/*+json, */*[\r][\n]"
22:20:42,467 DEBUG            http.wire| http-outgoing-0 >> "Content-Type: application/json;charset=UTF-8[\r][\n]"
22:20:42,467 DEBUG            http.wire| http-outgoing-0 >> "Host: localhost:8080[\r][\n]"
22:20:42,467 DEBUG            http.wire| http-outgoing-0 >> "Connection: Keep-Alive[\r][\n]"
22:20:42,467 DEBUG            http.wire| http-outgoing-0 >> "User-Agent: Apache-HttpClient/4.5.13 (Java/11.0.16)[\r][\n]"
22:20:42,467 DEBUG            http.wire| http-outgoing-0 >> "Accept-Encoding: gzip,deflate[\r][\n]"
22:20:42,467 DEBUG            http.wire| http-outgoing-0 >> "[\r][\n]"
22:20:42,468 DEBUG            http.wire| http-outgoing-0 << "HTTP/1.1 200 [\r][\n]"
22:20:42,468 DEBUG            http.wire| http-outgoing-0 << "Content-Type: application/json[\r][\n]"
22:20:42,468 DEBUG            http.wire| http-outgoing-0 << "Transfer-Encoding: chunked[\r][\n]"
22:20:42,468 DEBUG            http.wire| http-outgoing-0 << "Date: Wed, 12 Jul 2023 19:20:41 GMT[\r][\n]"
22:20:42,468 DEBUG            http.wire| http-outgoing-0 << "Keep-Alive: timeout=60[\r][\n]"
22:20:42,468 DEBUG            http.wire| http-outgoing-0 << "Connection: keep-alive[\r][\n]"
22:20:42,468 DEBUG            http.wire| http-outgoing-0 << "[\r][\n]"
22:20:42,468 DEBUG            http.wire| http-outgoing-0 << "95[\r][\n]"
22:20:42,468 DEBUG            http.wire| http-outgoing-0 << "{"userId":66,"name":"Syreeta Greenholt Jr.","course":"Dynamic Intranet Designer","email":"66@qa.ru","age":17,"mark":{"name":"Course mark","score":3}}[\r][\n]"
22:20:42,468 DEBUG         http.headers| http-outgoing-0 << HTTP/1.1 200 
22:20:42,468 DEBUG         http.headers| http-outgoing-0 << Content-Type: application/json
22:20:42,468 DEBUG         http.headers| http-outgoing-0 << Transfer-Encoding: chunked
22:20:42,468 DEBUG         http.headers| http-outgoing-0 << Date: Wed, 12 Jul 2023 19:20:41 GMT
22:20:42,468 DEBUG         http.headers| http-outgoing-0 << Keep-Alive: timeout=60
22:20:42,468 DEBUG         http.headers| http-outgoing-0 << Connection: keep-alive
22:20:42,468 DEBUG chain.MainClientExec| Connection can be kept alive for 60000 MILLISECONDS
22:20:42,468 DEBUG            http.wire| http-outgoing-0 << "0[\r][\n]"
22:20:42,468 DEBUG            http.wire| http-outgoing-0 << "[\r][\n]"
22:20:42,469 DEBUG entConnectionManager| Connection [id: 0][route: {}->http://localhost:8080] can be kept alive for 60.0 seconds
22:20:42,469 DEBUG HttpClientConnection| http-outgoing-0: set socket timeout to 0
22:20:42,469 DEBUG entConnectionManager| Connection released: [id: 0][route: {}->http://localhost:8080][total available: 1; route allocated: 1 of 5; total allocated: 1 of 10]
22:20:42,469 DEBUG ingClientInterceptor| Received Http response message
22:20:42,470 DEBUG    Logger.Message_IN| RAWMESSAGE [id: 59a34ad2-b291-4a4a-b4f0-f0720a57cbf9, payload: HTTP/1.1 200 OK 
Content-Type:application/json
Transfer-Encoding:chunked
Date:Wed, 12 Jul 2023 19:20:41 GMT
Keep-Alive:timeout=60
Connection:keep-alive

{"userId":66,"name":"Syreeta Greenholt Jr.","course":"Dynamic Intranet Designer","email":"66@qa.ru","age":17,"mark":{"name":"Course mark","score":3}}][headers: {citrus_message_id=59a34ad2-b291-4a4a-b4f0-f0720a57cbf9, citrus_message_timestamp=1689189642469}]
22:20:42,470 DEBUG  client.RestTemplate| Response 200 OK
22:20:42,470 DEBUG  client.RestTemplate| Reading to [java.lang.String] as "application/json"
22:20:42,470 INFO     client.HttpClient| HTTP message was sent to endpoint: 'http://localhost:8080/user/get/66'
22:20:42,470 DEBUG aultHttpHeaderMapper| inboundHeaderNames=[Accept-Ranges, Age, Allow, Cache-Control, Connection, Content-Encoding, Content-Language, Content-Length, Content-Location, Content-MD5, Content-Range, Content-Type, Content-Disposition, Transfer-Encoding, Date, ETag, Expires, Last-Modified, Location, Pragma, Proxy-Authenticate, Refresh, Retry-After, Server, Set-Cookie, Trailer, Vary, Via, Warning, WWW-Authenticate]
22:20:42,470 DEBUG aultHttpHeaderMapper| headerName=[content-type] WILL be mapped, matched pattern=content-type
22:20:42,470 DEBUG aultHttpHeaderMapper| setting headerName=[contentType], value=application/json
22:20:42,470 DEBUG aultHttpHeaderMapper| headerName=[transfer-encoding] WILL be mapped, matched pattern=transfer-encoding
22:20:42,470 DEBUG aultHttpHeaderMapper| setting headerName=[Transfer-Encoding], value=[chunked]
22:20:42,470 DEBUG aultHttpHeaderMapper| headerName=[date] WILL be mapped, matched pattern=date
22:20:42,470 DEBUG aultHttpHeaderMapper| setting headerName=[Date], value=1 689 189 641 000
22:20:42,470 DEBUG aultHttpHeaderMapper| headerName=[keep-alive] WILL NOT be mapped
22:20:42,470 DEBUG aultHttpHeaderMapper| headerName=[connection] WILL be mapped, matched pattern=connection
22:20:42,470 DEBUG aultHttpHeaderMapper| setting headerName=[Connection], value=[keep-alive]
22:20:42,470 DEBUG ltCorrelationManager| Saving correlated object for 'citrus_message_id = 'cd15b6f0-2971-4c48-921c-7861da5ff6fa''
22:20:42,470 INFO  port.LoggingReporter| 
22:20:42,470 DEBUG port.LoggingReporter| TEST STEP 131 SUCCESS
22:20:42,470 INFO  port.LoggingReporter| 
22:20:42,470 DEBUG port.LoggingReporter| TEST STEP 132: receive
22:20:42,470 DEBUG ngCorrelationManager| Get correlation key for 'citrus_message_correlator_httpRESTClient'
22:20:42,470 DEBUG ltCorrelationManager| Finding correlated object for 'citrus_message_id = 'cd15b6f0-2971-4c48-921c-7861da5ff6fa''
22:20:42,471 DEBUG ageValidatorRegistry| Found 4 message validators for message
22:20:42,471 DEBUG ssageHeaderValidator| Start message header validation ...
22:20:42,471 DEBUG faultHeaderValidator| Validating header element: citrus_http_reason_phrase='OK': OK.
22:20:42,471 DEBUG faultHeaderValidator| Validating header element: citrus_http_status_code='200': OK.
22:20:42,471 INFO  ssageHeaderValidator| Message header validation successful: All values OK
22:20:42,471 DEBUG TextMessageValidator| Start JSON message validation ...
22:20:42,471 DEBUG JsonSchemaValidation| Starting Json schema validation ...
22:20:42,471 INFO  JsonSchemaValidation| Json schema validation successful: All values OK
22:20:42,471 DEBUG TextMessageValidator| Received message:
HTTPMESSAGE [id: 9f84a1c7-5d19-4454-a28e-48e77a04dec0, payload: {"userId":66,"name":"Syreeta Greenholt Jr.","course":"Dynamic Intranet Designer","email":"66@qa.ru","age":17,"mark":{"name":"Course mark","score":3}}][headers: {Transfer-Encoding=chunked, Connection=keep-alive, contentType=application/json, Date=1689189641000, citrus_message_id=9f84a1c7-5d19-4454-a28e-48e77a04dec0, citrus_message_timestamp=1689189642470, Keep-Alive=timeout=60, Content-Type=application/json, citrus_http_status_code=200, citrus_http_reason_phrase=OK, citrus_http_version=HTTP/1.1}]
22:20:42,471 DEBUG TextMessageValidator| Control message:
HTTPMESSAGE [id: 96919847-0681-490b-bc7a-63f1ca7b8be1, payload: {"userId":66,"email":"@contains('@qa.ru')@","name":"@matches('^[a-zA-Z\\s\\.]*$')@","course":"@matches('^[a-zA-Z\\s]*$')@","age":"@isNumber()@","mark":{"name":"@contains('Course mark')@","score":"@isNumber()@"}}][headers: {citrus_message_id=96919847-0681-490b-bc7a-63f1ca7b8be1, citrus_message_timestamp=1689189642470, citrus_http_reason_phrase=OK, citrus_http_status_code=200, citrus_message_type=JSON}]
22:20:42,471 DEBUG TextMessageValidator| Validation successful for JSON entry 'name' (@matches('^[a-zA-Z\s\.]*$')@)
22:20:42,471 DEBUG TextMessageValidator| Validation successful for JSON entry 'course' (@matches('^[a-zA-Z\s]*$')@)
22:20:42,471 DEBUG TextMessageValidator| Validation successful for JSON entry 'userId' (66)
22:20:42,471 DEBUG TextMessageValidator| Validation successful for JSON entry 'email' (@contains('@qa.ru')@)
22:20:42,472 DEBUG TextMessageValidator| Validation successful for JSON entry 'age' (@isNumber()@)
22:20:42,472 DEBUG TextMessageValidator| Validation successful for JSON entry 'score' (@isNumber()@)
22:20:42,472 DEBUG TextMessageValidator| Validation successful for JSON entry 'name' (@contains('Course mark')@)
22:20:42,472 DEBUG TextMessageValidator| Validation successful for JSON entry 'mark' ({"score":"@isNumber()@","name":"@contains('Course mark')@"})
22:20:42,472 INFO  TextMessageValidator| JSON message validation successful: All values OK
22:20:42,472 INFO  port.LoggingReporter| 
22:20:42,472 DEBUG port.LoggingReporter| TEST STEP 132 SUCCESS
]]></system-out>
  </testcase>
  <testcase name="getUserStubParametrizedTest(int)[67]" classname="citrus.HttpRESTStubTests" time="0.007">
    <system-out><![CDATA[22:20:42,473 INFO  port.LoggingReporter| 
22:20:42,473 INFO  port.LoggingReporter| ------------------------------------------------------------------------
22:20:42,473 DEBUG port.LoggingReporter| STARTING TEST HttpRESTStubTests.getUserStubParametrizedTest <citrus>
22:20:42,473 INFO  port.LoggingReporter| 
22:20:42,473 DEBUG trus.DefaultTestCase| Initializing test case
22:20:42,473 DEBUG trus.DefaultTestCase| Global variables:
22:20:42,473 DEBUG trus.DefaultTestCase| citrus_message_correlator_httpRESTClient = citrus_message_id = 'cd15b6f0-2971-4c48-921c-7861da5ff6fa'
22:20:42,473 DEBUG trus.DefaultTestCase| default.test.author = Unknown
22:20:42,473 DEBUG trus.DefaultTestCase| citrus.test.package = citrus
22:20:42,473 DEBUG trus.DefaultTestCase| citrus.test.name = HttpRESTStubTests.getUserStubParametrizedTest
22:20:42,473 DEBUG trus.DefaultTestCase| project.name = Citrus Integration Tests
22:20:42,473 DEBUG trus.DefaultTestCase| userId = 35
22:20:42,473 DEBUG trus.DefaultTestCase| citrus_message_replyTo_citrus_message_correlator_httpRESTClient = http://localhost:8080/user/get/66
22:20:42,473 DEBUG trus.DefaultTestCase| url = http://localhost:8080/user
22:20:42,473 DEBUG trus.DefaultTestCase| default.test.package = citrus
22:20:42,473 DEBUG  context.TestContext| Setting variable: citrus.test.name with value: 'HttpRESTStubTests.getUserStubParametrizedTest'
22:20:42,473 DEBUG  context.TestContext| Setting variable: citrus.test.package with value: 'citrus'
22:20:42,473 DEBUG trus.DefaultTestCase| Test variables:
22:20:42,473 DEBUG trus.DefaultTestCase| citrus_message_correlator_httpRESTClient = citrus_message_id = 'cd15b6f0-2971-4c48-921c-7861da5ff6fa'
22:20:42,473 DEBUG trus.DefaultTestCase| default.test.author = Unknown
22:20:42,473 DEBUG trus.DefaultTestCase| citrus.test.package = citrus
22:20:42,473 DEBUG trus.DefaultTestCase| citrus.test.name = HttpRESTStubTests.getUserStubParametrizedTest
22:20:42,473 DEBUG trus.DefaultTestCase| project.name = Citrus Integration Tests
22:20:42,473 DEBUG trus.DefaultTestCase| userId = 35
22:20:42,473 DEBUG trus.DefaultTestCase| citrus_message_replyTo_citrus_message_correlator_httpRESTClient = http://localhost:8080/user/get/66
22:20:42,473 DEBUG trus.DefaultTestCase| url = http://localhost:8080/user
22:20:42,473 DEBUG trus.DefaultTestCase| default.test.package = citrus
22:20:42,474 INFO  port.LoggingReporter| 
22:20:42,474 DEBUG port.LoggingReporter| TEST STEP 133: send
22:20:42,474 DEBUG ltCorrelationManager| Saving correlation key for 'citrus_message_correlator_httpRESTClient'
22:20:42,474 DEBUG  context.TestContext| Setting variable: citrus_message_correlator_httpRESTClient with value: 'citrus_message_id = '7316600f-adf5-48dc-b4fd-36cc3d759491''
22:20:42,474 DEBUG  context.TestContext| Setting variable: citrus_message_replyTo_citrus_message_correlator_httpRESTClient with value: 'http://localhost:8080/user/get/67'
22:20:42,474 INFO     client.HttpClient| Sending HTTP message to: 'http://localhost:8080/user/get/67'
22:20:42,474 DEBUG    client.HttpClient| Message to send:

22:20:42,474 DEBUG aultHttpHeaderMapper| outboundHeaderNames=[Accept, Accept-Charset, Accept-Encoding, Accept-Language, Accept-Ranges, Authorization, Cache-Control, Connection, Content-Length, Content-Type, Cookie, Date, Expect, From, Host, If-Match, If-Modified-Since, If-None-Match, If-Range, If-Unmodified-Since, Max-Forwards, Pragma, Proxy-Authorization, Range, Referer, TE, Upgrade, User-Agent, Via, Warning]
22:20:42,474 DEBUG aultHttpHeaderMapper| headerName=[citrus_message_timestamp] WILL NOT be mapped
22:20:42,474 DEBUG aultHttpHeaderMapper| headerName=[citrus_message_type] WILL NOT be mapped
22:20:42,474 DEBUG aultHttpHeaderMapper| headerName=[citrus_request_path] WILL NOT be mapped
22:20:42,474 DEBUG aultHttpHeaderMapper| headerName=[citrus_http_request_uri] WILL NOT be mapped
22:20:42,474 DEBUG aultHttpHeaderMapper| headerName=[id] WILL NOT be mapped
22:20:42,474 DEBUG aultHttpHeaderMapper| headerName=[citrus_message_id] WILL NOT be mapped
22:20:42,474 DEBUG aultHttpHeaderMapper| headerName=[citrus_http_method] WILL NOT be mapped
22:20:42,474 DEBUG aultHttpHeaderMapper| headerName=[timestamp] WILL NOT be mapped
22:20:42,474 DEBUG  client.RestTemplate| HTTP GET http://localhost:8080/user/get/67
22:20:42,474 DEBUG  client.RestTemplate| Accept=[text/plain, application/json, application/*+json, */*]
22:20:42,474 DEBUG ingClientInterceptor| Sending Http request message
22:20:42,475 DEBUG   Logger.Message_OUT| RAWMESSAGE [id: 49bd4902-cf1b-4a6d-9c17-b045b59c2eab, payload: GET http://localhost:8080/user/get/67
Accept:text/plain, application/json, application/*+json, */*
Content-Type:application/json;charset=UTF-8
Content-Length:0][headers: {citrus_message_id=49bd4902-cf1b-4a6d-9c17-b045b59c2eab, citrus_message_timestamp=1689189642474}]
22:20:42,475 DEBUG ol.RequestAddCookies| CookieSpec selected: default
22:20:42,475 DEBUG col.RequestAuthCache| Auth cache not set in the context
22:20:42,475 DEBUG entConnectionManager| Connection request: [route: {}->http://localhost:8080][total available: 1; route allocated: 1 of 5; total allocated: 1 of 10]
22:20:42,476 DEBUG entConnectionManager| Connection leased: [id: 0][route: {}->http://localhost:8080][total available: 0; route allocated: 1 of 5; total allocated: 1 of 10]
22:20:42,476 DEBUG HttpClientConnection| http-outgoing-0: set socket timeout to 0
22:20:42,476 DEBUG chain.MainClientExec| Executing request GET /user/get/67 HTTP/1.1
22:20:42,476 DEBUG chain.MainClientExec| Target auth state: UNCHALLENGED
22:20:42,476 DEBUG chain.MainClientExec| Proxy auth state: UNCHALLENGED
22:20:42,476 DEBUG         http.headers| http-outgoing-0 >> GET /user/get/67 HTTP/1.1
22:20:42,476 DEBUG         http.headers| http-outgoing-0 >> Accept: text/plain, application/json, application/*+json, */*
22:20:42,476 DEBUG         http.headers| http-outgoing-0 >> Content-Type: application/json;charset=UTF-8
22:20:42,476 DEBUG         http.headers| http-outgoing-0 >> Host: localhost:8080
22:20:42,476 DEBUG         http.headers| http-outgoing-0 >> Connection: Keep-Alive
22:20:42,476 DEBUG         http.headers| http-outgoing-0 >> User-Agent: Apache-HttpClient/4.5.13 (Java/11.0.16)
22:20:42,476 DEBUG         http.headers| http-outgoing-0 >> Accept-Encoding: gzip,deflate
22:20:42,476 DEBUG            http.wire| http-outgoing-0 >> "GET /user/get/67 HTTP/1.1[\r][\n]"
22:20:42,476 DEBUG            http.wire| http-outgoing-0 >> "Accept: text/plain, application/json, application/*+json, */*[\r][\n]"
22:20:42,476 DEBUG            http.wire| http-outgoing-0 >> "Content-Type: application/json;charset=UTF-8[\r][\n]"
22:20:42,476 DEBUG            http.wire| http-outgoing-0 >> "Host: localhost:8080[\r][\n]"
22:20:42,476 DEBUG            http.wire| http-outgoing-0 >> "Connection: Keep-Alive[\r][\n]"
22:20:42,476 DEBUG            http.wire| http-outgoing-0 >> "User-Agent: Apache-HttpClient/4.5.13 (Java/11.0.16)[\r][\n]"
22:20:42,476 DEBUG            http.wire| http-outgoing-0 >> "Accept-Encoding: gzip,deflate[\r][\n]"
22:20:42,476 DEBUG            http.wire| http-outgoing-0 >> "[\r][\n]"
22:20:42,476 DEBUG            http.wire| http-outgoing-0 << "HTTP/1.1 200 [\r][\n]"
22:20:42,477 DEBUG            http.wire| http-outgoing-0 << "Content-Type: application/json[\r][\n]"
22:20:42,477 DEBUG            http.wire| http-outgoing-0 << "Transfer-Encoding: chunked[\r][\n]"
22:20:42,477 DEBUG            http.wire| http-outgoing-0 << "Date: Wed, 12 Jul 2023 19:20:41 GMT[\r][\n]"
22:20:42,477 DEBUG            http.wire| http-outgoing-0 << "Keep-Alive: timeout=60[\r][\n]"
22:20:42,477 DEBUG            http.wire| http-outgoing-0 << "Connection: keep-alive[\r][\n]"
22:20:42,477 DEBUG            http.wire| http-outgoing-0 << "[\r][\n]"
22:20:42,477 DEBUG            http.wire| http-outgoing-0 << "8e[\r][\n]"
22:20:42,477 DEBUG            http.wire| http-outgoing-0 << "{"userId":67,"name":"Teressa Krajcik","course":"District Metrics Manager","email":"67@qa.ru","age":75,"mark":{"name":"Course mark","score":4}}[\r][\n]"
22:20:42,477 DEBUG         http.headers| http-outgoing-0 << HTTP/1.1 200 
22:20:42,477 DEBUG         http.headers| http-outgoing-0 << Content-Type: application/json
22:20:42,477 DEBUG         http.headers| http-outgoing-0 << Transfer-Encoding: chunked
22:20:42,477 DEBUG         http.headers| http-outgoing-0 << Date: Wed, 12 Jul 2023 19:20:41 GMT
22:20:42,477 DEBUG         http.headers| http-outgoing-0 << Keep-Alive: timeout=60
22:20:42,477 DEBUG         http.headers| http-outgoing-0 << Connection: keep-alive
22:20:42,477 DEBUG chain.MainClientExec| Connection can be kept alive for 60000 MILLISECONDS
22:20:42,477 DEBUG            http.wire| http-outgoing-0 << "0[\r][\n]"
22:20:42,477 DEBUG            http.wire| http-outgoing-0 << "[\r][\n]"
22:20:42,477 DEBUG entConnectionManager| Connection [id: 0][route: {}->http://localhost:8080] can be kept alive for 60.0 seconds
22:20:42,477 DEBUG HttpClientConnection| http-outgoing-0: set socket timeout to 0
22:20:42,477 DEBUG entConnectionManager| Connection released: [id: 0][route: {}->http://localhost:8080][total available: 1; route allocated: 1 of 5; total allocated: 1 of 10]
22:20:42,477 DEBUG ingClientInterceptor| Received Http response message
22:20:42,478 DEBUG    Logger.Message_IN| RAWMESSAGE [id: 73d71fa7-5532-40f1-8e7b-6d6bd98dee27, payload: HTTP/1.1 200 OK 
Content-Type:application/json
Transfer-Encoding:chunked
Date:Wed, 12 Jul 2023 19:20:41 GMT
Keep-Alive:timeout=60
Connection:keep-alive

{"userId":67,"name":"Teressa Krajcik","course":"District Metrics Manager","email":"67@qa.ru","age":75,"mark":{"name":"Course mark","score":4}}][headers: {citrus_message_id=73d71fa7-5532-40f1-8e7b-6d6bd98dee27, citrus_message_timestamp=1689189642477}]
22:20:42,478 DEBUG  client.RestTemplate| Response 200 OK
22:20:42,478 DEBUG  client.RestTemplate| Reading to [java.lang.String] as "application/json"
22:20:42,478 INFO     client.HttpClient| HTTP message was sent to endpoint: 'http://localhost:8080/user/get/67'
22:20:42,478 DEBUG aultHttpHeaderMapper| inboundHeaderNames=[Accept-Ranges, Age, Allow, Cache-Control, Connection, Content-Encoding, Content-Language, Content-Length, Content-Location, Content-MD5, Content-Range, Content-Type, Content-Disposition, Transfer-Encoding, Date, ETag, Expires, Last-Modified, Location, Pragma, Proxy-Authenticate, Refresh, Retry-After, Server, Set-Cookie, Trailer, Vary, Via, Warning, WWW-Authenticate]
22:20:42,478 DEBUG aultHttpHeaderMapper| headerName=[content-type] WILL be mapped, matched pattern=content-type
22:20:42,478 DEBUG aultHttpHeaderMapper| setting headerName=[contentType], value=application/json
22:20:42,478 DEBUG aultHttpHeaderMapper| headerName=[transfer-encoding] WILL be mapped, matched pattern=transfer-encoding
22:20:42,478 DEBUG aultHttpHeaderMapper| setting headerName=[Transfer-Encoding], value=[chunked]
22:20:42,478 DEBUG aultHttpHeaderMapper| headerName=[date] WILL be mapped, matched pattern=date
22:20:42,478 DEBUG aultHttpHeaderMapper| setting headerName=[Date], value=1 689 189 641 000
22:20:42,478 DEBUG aultHttpHeaderMapper| headerName=[keep-alive] WILL NOT be mapped
22:20:42,478 DEBUG aultHttpHeaderMapper| headerName=[connection] WILL be mapped, matched pattern=connection
22:20:42,478 DEBUG aultHttpHeaderMapper| setting headerName=[Connection], value=[keep-alive]
22:20:42,478 DEBUG ltCorrelationManager| Saving correlated object for 'citrus_message_id = '7316600f-adf5-48dc-b4fd-36cc3d759491''
22:20:42,478 INFO  port.LoggingReporter| 
22:20:42,478 DEBUG port.LoggingReporter| TEST STEP 133 SUCCESS
22:20:42,478 INFO  port.LoggingReporter| 
22:20:42,478 DEBUG port.LoggingReporter| TEST STEP 134: receive
22:20:42,478 DEBUG ngCorrelationManager| Get correlation key for 'citrus_message_correlator_httpRESTClient'
22:20:42,478 DEBUG ltCorrelationManager| Finding correlated object for 'citrus_message_id = '7316600f-adf5-48dc-b4fd-36cc3d759491''
22:20:42,479 DEBUG ageValidatorRegistry| Found 4 message validators for message
22:20:42,479 DEBUG ssageHeaderValidator| Start message header validation ...
22:20:42,479 DEBUG faultHeaderValidator| Validating header element: citrus_http_reason_phrase='OK': OK.
22:20:42,479 DEBUG faultHeaderValidator| Validating header element: citrus_http_status_code='200': OK.
22:20:42,479 INFO  ssageHeaderValidator| Message header validation successful: All values OK
22:20:42,479 DEBUG TextMessageValidator| Start JSON message validation ...
22:20:42,479 DEBUG JsonSchemaValidation| Starting Json schema validation ...
22:20:42,479 INFO  JsonSchemaValidation| Json schema validation successful: All values OK
22:20:42,479 DEBUG TextMessageValidator| Received message:
HTTPMESSAGE [id: 1d2f5a11-422f-4fc0-ae73-e962b5c2bdce, payload: {"userId":67,"name":"Teressa Krajcik","course":"District Metrics Manager","email":"67@qa.ru","age":75,"mark":{"name":"Course mark","score":4}}][headers: {Transfer-Encoding=chunked, Connection=keep-alive, contentType=application/json, Date=1689189641000, citrus_message_id=1d2f5a11-422f-4fc0-ae73-e962b5c2bdce, citrus_message_timestamp=1689189642478, Keep-Alive=timeout=60, Content-Type=application/json, citrus_http_status_code=200, citrus_http_reason_phrase=OK, citrus_http_version=HTTP/1.1}]
22:20:42,479 DEBUG TextMessageValidator| Control message:
HTTPMESSAGE [id: 26589bba-0da0-4a37-8e01-ab6a6f1ec374, payload: {"userId":67,"email":"@contains('@qa.ru')@","name":"@matches('^[a-zA-Z\\s\\.]*$')@","course":"@matches('^[a-zA-Z\\s]*$')@","age":"@isNumber()@","mark":{"name":"@contains('Course mark')@","score":"@isNumber()@"}}][headers: {citrus_message_id=26589bba-0da0-4a37-8e01-ab6a6f1ec374, citrus_message_timestamp=1689189642478, citrus_http_reason_phrase=OK, citrus_http_status_code=200, citrus_message_type=JSON}]
22:20:42,479 DEBUG TextMessageValidator| Validation successful for JSON entry 'name' (@matches('^[a-zA-Z\s\.]*$')@)
22:20:42,479 DEBUG TextMessageValidator| Validation successful for JSON entry 'course' (@matches('^[a-zA-Z\s]*$')@)
22:20:42,479 DEBUG TextMessageValidator| Validation successful for JSON entry 'userId' (67)
22:20:42,479 DEBUG TextMessageValidator| Validation successful for JSON entry 'email' (@contains('@qa.ru')@)
22:20:42,479 DEBUG TextMessageValidator| Validation successful for JSON entry 'age' (@isNumber()@)
22:20:42,479 DEBUG TextMessageValidator| Validation successful for JSON entry 'score' (@isNumber()@)
22:20:42,479 DEBUG TextMessageValidator| Validation successful for JSON entry 'name' (@contains('Course mark')@)
22:20:42,479 DEBUG TextMessageValidator| Validation successful for JSON entry 'mark' ({"score":"@isNumber()@","name":"@contains('Course mark')@"})
22:20:42,479 INFO  TextMessageValidator| JSON message validation successful: All values OK
22:20:42,479 INFO  port.LoggingReporter| 
22:20:42,479 DEBUG port.LoggingReporter| TEST STEP 134 SUCCESS
]]></system-out>
  </testcase>
  <testcase name="getUserStubParametrizedTest(int)[68]" classname="citrus.HttpRESTStubTests" time="0.008">
    <system-out><![CDATA[22:20:42,481 INFO  port.LoggingReporter| 
22:20:42,481 INFO  port.LoggingReporter| ------------------------------------------------------------------------
22:20:42,481 DEBUG port.LoggingReporter| STARTING TEST HttpRESTStubTests.getUserStubParametrizedTest <citrus>
22:20:42,481 INFO  port.LoggingReporter| 
22:20:42,481 DEBUG trus.DefaultTestCase| Initializing test case
22:20:42,481 DEBUG trus.DefaultTestCase| Global variables:
22:20:42,481 DEBUG trus.DefaultTestCase| citrus_message_correlator_httpRESTClient = citrus_message_id = '7316600f-adf5-48dc-b4fd-36cc3d759491'
22:20:42,481 DEBUG trus.DefaultTestCase| default.test.author = Unknown
22:20:42,481 DEBUG trus.DefaultTestCase| citrus.test.package = citrus
22:20:42,481 DEBUG trus.DefaultTestCase| citrus.test.name = HttpRESTStubTests.getUserStubParametrizedTest
22:20:42,481 DEBUG trus.DefaultTestCase| project.name = Citrus Integration Tests
22:20:42,481 DEBUG trus.DefaultTestCase| userId = 35
22:20:42,481 DEBUG trus.DefaultTestCase| citrus_message_replyTo_citrus_message_correlator_httpRESTClient = http://localhost:8080/user/get/67
22:20:42,481 DEBUG trus.DefaultTestCase| url = http://localhost:8080/user
22:20:42,481 DEBUG trus.DefaultTestCase| default.test.package = citrus
22:20:42,481 DEBUG  context.TestContext| Setting variable: citrus.test.name with value: 'HttpRESTStubTests.getUserStubParametrizedTest'
22:20:42,481 DEBUG  context.TestContext| Setting variable: citrus.test.package with value: 'citrus'
22:20:42,481 DEBUG trus.DefaultTestCase| Test variables:
22:20:42,481 DEBUG trus.DefaultTestCase| citrus_message_correlator_httpRESTClient = citrus_message_id = '7316600f-adf5-48dc-b4fd-36cc3d759491'
22:20:42,481 DEBUG trus.DefaultTestCase| default.test.author = Unknown
22:20:42,481 DEBUG trus.DefaultTestCase| citrus.test.package = citrus
22:20:42,481 DEBUG trus.DefaultTestCase| citrus.test.name = HttpRESTStubTests.getUserStubParametrizedTest
22:20:42,481 DEBUG trus.DefaultTestCase| project.name = Citrus Integration Tests
22:20:42,481 DEBUG trus.DefaultTestCase| userId = 35
22:20:42,481 DEBUG trus.DefaultTestCase| citrus_message_replyTo_citrus_message_correlator_httpRESTClient = http://localhost:8080/user/get/67
22:20:42,481 DEBUG trus.DefaultTestCase| url = http://localhost:8080/user
22:20:42,481 DEBUG trus.DefaultTestCase| default.test.package = citrus
22:20:42,481 INFO  port.LoggingReporter| 
22:20:42,481 DEBUG port.LoggingReporter| TEST STEP 135: send
22:20:42,482 DEBUG ltCorrelationManager| Saving correlation key for 'citrus_message_correlator_httpRESTClient'
22:20:42,482 DEBUG  context.TestContext| Setting variable: citrus_message_correlator_httpRESTClient with value: 'citrus_message_id = '7fb33f95-3154-4ac2-b955-e2c188b2d5a5''
22:20:42,482 DEBUG  context.TestContext| Setting variable: citrus_message_replyTo_citrus_message_correlator_httpRESTClient with value: 'http://localhost:8080/user/get/68'
22:20:42,482 INFO     client.HttpClient| Sending HTTP message to: 'http://localhost:8080/user/get/68'
22:20:42,482 DEBUG    client.HttpClient| Message to send:

22:20:42,482 DEBUG aultHttpHeaderMapper| outboundHeaderNames=[Accept, Accept-Charset, Accept-Encoding, Accept-Language, Accept-Ranges, Authorization, Cache-Control, Connection, Content-Length, Content-Type, Cookie, Date, Expect, From, Host, If-Match, If-Modified-Since, If-None-Match, If-Range, If-Unmodified-Since, Max-Forwards, Pragma, Proxy-Authorization, Range, Referer, TE, Upgrade, User-Agent, Via, Warning]
22:20:42,482 DEBUG aultHttpHeaderMapper| headerName=[citrus_message_timestamp] WILL NOT be mapped
22:20:42,482 DEBUG aultHttpHeaderMapper| headerName=[citrus_message_type] WILL NOT be mapped
22:20:42,482 DEBUG aultHttpHeaderMapper| headerName=[citrus_request_path] WILL NOT be mapped
22:20:42,482 DEBUG aultHttpHeaderMapper| headerName=[citrus_http_request_uri] WILL NOT be mapped
22:20:42,482 DEBUG aultHttpHeaderMapper| headerName=[id] WILL NOT be mapped
22:20:42,482 DEBUG aultHttpHeaderMapper| headerName=[citrus_message_id] WILL NOT be mapped
22:20:42,482 DEBUG aultHttpHeaderMapper| headerName=[citrus_http_method] WILL NOT be mapped
22:20:42,482 DEBUG aultHttpHeaderMapper| headerName=[timestamp] WILL NOT be mapped
22:20:42,482 DEBUG  client.RestTemplate| HTTP GET http://localhost:8080/user/get/68
22:20:42,482 DEBUG  client.RestTemplate| Accept=[text/plain, application/json, application/*+json, */*]
22:20:42,482 DEBUG ingClientInterceptor| Sending Http request message
22:20:42,483 DEBUG   Logger.Message_OUT| RAWMESSAGE [id: c8cad522-401e-4ec6-a147-903130f27133, payload: GET http://localhost:8080/user/get/68
Accept:text/plain, application/json, application/*+json, */*
Content-Type:application/json;charset=UTF-8
Content-Length:0][headers: {citrus_message_id=c8cad522-401e-4ec6-a147-903130f27133, citrus_message_timestamp=1689189642482}]
22:20:42,483 DEBUG ol.RequestAddCookies| CookieSpec selected: default
22:20:42,483 DEBUG col.RequestAuthCache| Auth cache not set in the context
22:20:42,483 DEBUG entConnectionManager| Connection request: [route: {}->http://localhost:8080][total available: 1; route allocated: 1 of 5; total allocated: 1 of 10]
22:20:42,483 DEBUG entConnectionManager| Connection leased: [id: 0][route: {}->http://localhost:8080][total available: 0; route allocated: 1 of 5; total allocated: 1 of 10]
22:20:42,483 DEBUG HttpClientConnection| http-outgoing-0: set socket timeout to 0
22:20:42,483 DEBUG chain.MainClientExec| Executing request GET /user/get/68 HTTP/1.1
22:20:42,483 DEBUG chain.MainClientExec| Target auth state: UNCHALLENGED
22:20:42,483 DEBUG chain.MainClientExec| Proxy auth state: UNCHALLENGED
22:20:42,483 DEBUG         http.headers| http-outgoing-0 >> GET /user/get/68 HTTP/1.1
22:20:42,483 DEBUG         http.headers| http-outgoing-0 >> Accept: text/plain, application/json, application/*+json, */*
22:20:42,483 DEBUG         http.headers| http-outgoing-0 >> Content-Type: application/json;charset=UTF-8
22:20:42,483 DEBUG         http.headers| http-outgoing-0 >> Host: localhost:8080
22:20:42,483 DEBUG         http.headers| http-outgoing-0 >> Connection: Keep-Alive
22:20:42,483 DEBUG         http.headers| http-outgoing-0 >> User-Agent: Apache-HttpClient/4.5.13 (Java/11.0.16)
22:20:42,483 DEBUG         http.headers| http-outgoing-0 >> Accept-Encoding: gzip,deflate
22:20:42,483 DEBUG            http.wire| http-outgoing-0 >> "GET /user/get/68 HTTP/1.1[\r][\n]"
22:20:42,483 DEBUG            http.wire| http-outgoing-0 >> "Accept: text/plain, application/json, application/*+json, */*[\r][\n]"
22:20:42,483 DEBUG            http.wire| http-outgoing-0 >> "Content-Type: application/json;charset=UTF-8[\r][\n]"
22:20:42,483 DEBUG            http.wire| http-outgoing-0 >> "Host: localhost:8080[\r][\n]"
22:20:42,483 DEBUG            http.wire| http-outgoing-0 >> "Connection: Keep-Alive[\r][\n]"
22:20:42,483 DEBUG            http.wire| http-outgoing-0 >> "User-Agent: Apache-HttpClient/4.5.13 (Java/11.0.16)[\r][\n]"
22:20:42,483 DEBUG            http.wire| http-outgoing-0 >> "Accept-Encoding: gzip,deflate[\r][\n]"
22:20:42,483 DEBUG            http.wire| http-outgoing-0 >> "[\r][\n]"
22:20:42,484 DEBUG            http.wire| http-outgoing-0 << "HTTP/1.1 200 [\r][\n]"
22:20:42,484 DEBUG            http.wire| http-outgoing-0 << "Content-Type: application/json[\r][\n]"
22:20:42,484 DEBUG            http.wire| http-outgoing-0 << "Transfer-Encoding: chunked[\r][\n]"
22:20:42,484 DEBUG            http.wire| http-outgoing-0 << "Date: Wed, 12 Jul 2023 19:20:41 GMT[\r][\n]"
22:20:42,484 DEBUG            http.wire| http-outgoing-0 << "Keep-Alive: timeout=60[\r][\n]"
22:20:42,484 DEBUG            http.wire| http-outgoing-0 << "Connection: keep-alive[\r][\n]"
22:20:42,484 DEBUG            http.wire| http-outgoing-0 << "[\r][\n]"
22:20:42,484 DEBUG            http.wire| http-outgoing-0 << "9b[\r][\n]"
22:20:42,484 DEBUG            http.wire| http-outgoing-0 << "{"userId":68,"name":"Verlie Abernathy I","course":"Corporate Implementation Architect","email":"68@qa.ru","age":10,"mark":{"name":"Course mark","score":8}}[\r][\n]"
22:20:42,484 DEBUG         http.headers| http-outgoing-0 << HTTP/1.1 200 
22:20:42,484 DEBUG         http.headers| http-outgoing-0 << Content-Type: application/json
22:20:42,485 DEBUG         http.headers| http-outgoing-0 << Transfer-Encoding: chunked
22:20:42,485 DEBUG         http.headers| http-outgoing-0 << Date: Wed, 12 Jul 2023 19:20:41 GMT
22:20:42,485 DEBUG         http.headers| http-outgoing-0 << Keep-Alive: timeout=60
22:20:42,485 DEBUG         http.headers| http-outgoing-0 << Connection: keep-alive
22:20:42,485 DEBUG chain.MainClientExec| Connection can be kept alive for 60000 MILLISECONDS
22:20:42,485 DEBUG            http.wire| http-outgoing-0 << "0[\r][\n]"
22:20:42,485 DEBUG            http.wire| http-outgoing-0 << "[\r][\n]"
22:20:42,485 DEBUG entConnectionManager| Connection [id: 0][route: {}->http://localhost:8080] can be kept alive for 60.0 seconds
22:20:42,485 DEBUG HttpClientConnection| http-outgoing-0: set socket timeout to 0
22:20:42,485 DEBUG entConnectionManager| Connection released: [id: 0][route: {}->http://localhost:8080][total available: 1; route allocated: 1 of 5; total allocated: 1 of 10]
22:20:42,485 DEBUG ingClientInterceptor| Received Http response message
22:20:42,486 DEBUG    Logger.Message_IN| RAWMESSAGE [id: 89f493c8-5d02-47de-b29b-41caa540f7c5, payload: HTTP/1.1 200 OK 
Content-Type:application/json
Transfer-Encoding:chunked
Date:Wed, 12 Jul 2023 19:20:41 GMT
Keep-Alive:timeout=60
Connection:keep-alive

{"userId":68,"name":"Verlie Abernathy I","course":"Corporate Implementation Architect","email":"68@qa.ru","age":10,"mark":{"name":"Course mark","score":8}}][headers: {citrus_message_id=89f493c8-5d02-47de-b29b-41caa540f7c5, citrus_message_timestamp=1689189642485}]
22:20:42,486 DEBUG  client.RestTemplate| Response 200 OK
22:20:42,486 DEBUG  client.RestTemplate| Reading to [java.lang.String] as "application/json"
22:20:42,486 INFO     client.HttpClient| HTTP message was sent to endpoint: 'http://localhost:8080/user/get/68'
22:20:42,486 DEBUG aultHttpHeaderMapper| inboundHeaderNames=[Accept-Ranges, Age, Allow, Cache-Control, Connection, Content-Encoding, Content-Language, Content-Length, Content-Location, Content-MD5, Content-Range, Content-Type, Content-Disposition, Transfer-Encoding, Date, ETag, Expires, Last-Modified, Location, Pragma, Proxy-Authenticate, Refresh, Retry-After, Server, Set-Cookie, Trailer, Vary, Via, Warning, WWW-Authenticate]
22:20:42,486 DEBUG aultHttpHeaderMapper| headerName=[content-type] WILL be mapped, matched pattern=content-type
22:20:42,486 DEBUG aultHttpHeaderMapper| setting headerName=[contentType], value=application/json
22:20:42,486 DEBUG aultHttpHeaderMapper| headerName=[transfer-encoding] WILL be mapped, matched pattern=transfer-encoding
22:20:42,486 DEBUG aultHttpHeaderMapper| setting headerName=[Transfer-Encoding], value=[chunked]
22:20:42,486 DEBUG aultHttpHeaderMapper| headerName=[date] WILL be mapped, matched pattern=date
22:20:42,486 DEBUG aultHttpHeaderMapper| setting headerName=[Date], value=1 689 189 641 000
22:20:42,486 DEBUG aultHttpHeaderMapper| headerName=[keep-alive] WILL NOT be mapped
22:20:42,486 DEBUG aultHttpHeaderMapper| headerName=[connection] WILL be mapped, matched pattern=connection
22:20:42,486 DEBUG aultHttpHeaderMapper| setting headerName=[Connection], value=[keep-alive]
22:20:42,486 DEBUG ltCorrelationManager| Saving correlated object for 'citrus_message_id = '7fb33f95-3154-4ac2-b955-e2c188b2d5a5''
22:20:42,486 INFO  port.LoggingReporter| 
22:20:42,487 DEBUG port.LoggingReporter| TEST STEP 135 SUCCESS
22:20:42,487 INFO  port.LoggingReporter| 
22:20:42,487 DEBUG port.LoggingReporter| TEST STEP 136: receive
22:20:42,487 DEBUG ngCorrelationManager| Get correlation key for 'citrus_message_correlator_httpRESTClient'
22:20:42,487 DEBUG ltCorrelationManager| Finding correlated object for 'citrus_message_id = '7fb33f95-3154-4ac2-b955-e2c188b2d5a5''
22:20:42,487 DEBUG ageValidatorRegistry| Found 4 message validators for message
22:20:42,488 DEBUG ssageHeaderValidator| Start message header validation ...
22:20:42,488 DEBUG faultHeaderValidator| Validating header element: citrus_http_reason_phrase='OK': OK.
22:20:42,488 DEBUG faultHeaderValidator| Validating header element: citrus_http_status_code='200': OK.
22:20:42,488 INFO  ssageHeaderValidator| Message header validation successful: All values OK
22:20:42,488 DEBUG TextMessageValidator| Start JSON message validation ...
22:20:42,488 DEBUG JsonSchemaValidation| Starting Json schema validation ...
22:20:42,488 INFO  JsonSchemaValidation| Json schema validation successful: All values OK
22:20:42,488 DEBUG TextMessageValidator| Received message:
HTTPMESSAGE [id: 7f80b7df-1d0e-41d4-bccf-bd44fb739476, payload: {"userId":68,"name":"Verlie Abernathy I","course":"Corporate Implementation Architect","email":"68@qa.ru","age":10,"mark":{"name":"Course mark","score":8}}][headers: {Transfer-Encoding=chunked, Connection=keep-alive, contentType=application/json, Date=1689189641000, citrus_message_id=7f80b7df-1d0e-41d4-bccf-bd44fb739476, citrus_message_timestamp=1689189642486, Keep-Alive=timeout=60, Content-Type=application/json, citrus_http_status_code=200, citrus_http_reason_phrase=OK, citrus_http_version=HTTP/1.1}]
22:20:42,488 DEBUG TextMessageValidator| Control message:
HTTPMESSAGE [id: 15165d2f-2253-4338-a33f-27c5fdb4353a, payload: {"userId":68,"email":"@contains('@qa.ru')@","name":"@matches('^[a-zA-Z\\s\\.]*$')@","course":"@matches('^[a-zA-Z\\s]*$')@","age":"@isNumber()@","mark":{"name":"@contains('Course mark')@","score":"@isNumber()@"}}][headers: {citrus_message_id=15165d2f-2253-4338-a33f-27c5fdb4353a, citrus_message_timestamp=1689189642487, citrus_http_reason_phrase=OK, citrus_http_status_code=200, citrus_message_type=JSON}]
22:20:42,488 DEBUG TextMessageValidator| Validation successful for JSON entry 'name' (@matches('^[a-zA-Z\s\.]*$')@)
22:20:42,488 DEBUG TextMessageValidator| Validation successful for JSON entry 'course' (@matches('^[a-zA-Z\s]*$')@)
22:20:42,488 DEBUG TextMessageValidator| Validation successful for JSON entry 'userId' (68)
22:20:42,488 DEBUG TextMessageValidator| Validation successful for JSON entry 'email' (@contains('@qa.ru')@)
22:20:42,488 DEBUG TextMessageValidator| Validation successful for JSON entry 'age' (@isNumber()@)
22:20:42,488 DEBUG TextMessageValidator| Validation successful for JSON entry 'score' (@isNumber()@)
22:20:42,488 DEBUG TextMessageValidator| Validation successful for JSON entry 'name' (@contains('Course mark')@)
22:20:42,488 DEBUG TextMessageValidator| Validation successful for JSON entry 'mark' ({"score":"@isNumber()@","name":"@contains('Course mark')@"})
22:20:42,488 INFO  TextMessageValidator| JSON message validation successful: All values OK
22:20:42,488 INFO  port.LoggingReporter| 
22:20:42,488 DEBUG port.LoggingReporter| TEST STEP 136 SUCCESS
]]></system-out>
  </testcase>
  <testcase name="getUserStubParametrizedTest(int)[69]" classname="citrus.HttpRESTStubTests" time="0.009">
    <system-out><![CDATA[22:20:42,490 INFO  port.LoggingReporter| 
22:20:42,490 INFO  port.LoggingReporter| ------------------------------------------------------------------------
22:20:42,490 DEBUG port.LoggingReporter| STARTING TEST HttpRESTStubTests.getUserStubParametrizedTest <citrus>
22:20:42,490 INFO  port.LoggingReporter| 
22:20:42,490 DEBUG trus.DefaultTestCase| Initializing test case
22:20:42,490 DEBUG trus.DefaultTestCase| Global variables:
22:20:42,490 DEBUG trus.DefaultTestCase| citrus_message_correlator_httpRESTClient = citrus_message_id = '7fb33f95-3154-4ac2-b955-e2c188b2d5a5'
22:20:42,490 DEBUG trus.DefaultTestCase| default.test.author = Unknown
22:20:42,490 DEBUG trus.DefaultTestCase| citrus.test.package = citrus
22:20:42,490 DEBUG trus.DefaultTestCase| citrus.test.name = HttpRESTStubTests.getUserStubParametrizedTest
22:20:42,490 DEBUG trus.DefaultTestCase| project.name = Citrus Integration Tests
22:20:42,490 DEBUG trus.DefaultTestCase| userId = 35
22:20:42,490 DEBUG trus.DefaultTestCase| citrus_message_replyTo_citrus_message_correlator_httpRESTClient = http://localhost:8080/user/get/68
22:20:42,490 DEBUG trus.DefaultTestCase| url = http://localhost:8080/user
22:20:42,490 DEBUG trus.DefaultTestCase| default.test.package = citrus
22:20:42,490 DEBUG  context.TestContext| Setting variable: citrus.test.name with value: 'HttpRESTStubTests.getUserStubParametrizedTest'
22:20:42,491 DEBUG  context.TestContext| Setting variable: citrus.test.package with value: 'citrus'
22:20:42,491 DEBUG trus.DefaultTestCase| Test variables:
22:20:42,491 DEBUG trus.DefaultTestCase| citrus_message_correlator_httpRESTClient = citrus_message_id = '7fb33f95-3154-4ac2-b955-e2c188b2d5a5'
22:20:42,491 DEBUG trus.DefaultTestCase| default.test.author = Unknown
22:20:42,491 DEBUG trus.DefaultTestCase| citrus.test.package = citrus
22:20:42,491 DEBUG trus.DefaultTestCase| citrus.test.name = HttpRESTStubTests.getUserStubParametrizedTest
22:20:42,491 DEBUG trus.DefaultTestCase| project.name = Citrus Integration Tests
22:20:42,491 DEBUG trus.DefaultTestCase| userId = 35
22:20:42,491 DEBUG trus.DefaultTestCase| citrus_message_replyTo_citrus_message_correlator_httpRESTClient = http://localhost:8080/user/get/68
22:20:42,491 DEBUG trus.DefaultTestCase| url = http://localhost:8080/user
22:20:42,491 DEBUG trus.DefaultTestCase| default.test.package = citrus
22:20:42,491 INFO  port.LoggingReporter| 
22:20:42,491 DEBUG port.LoggingReporter| TEST STEP 137: send
22:20:42,491 DEBUG ltCorrelationManager| Saving correlation key for 'citrus_message_correlator_httpRESTClient'
22:20:42,491 DEBUG  context.TestContext| Setting variable: citrus_message_correlator_httpRESTClient with value: 'citrus_message_id = 'efb9de00-a88f-4141-997f-c9c7a378d4e9''
22:20:42,491 DEBUG  context.TestContext| Setting variable: citrus_message_replyTo_citrus_message_correlator_httpRESTClient with value: 'http://localhost:8080/user/get/69'
22:20:42,491 INFO     client.HttpClient| Sending HTTP message to: 'http://localhost:8080/user/get/69'
22:20:42,491 DEBUG    client.HttpClient| Message to send:

22:20:42,491 DEBUG aultHttpHeaderMapper| outboundHeaderNames=[Accept, Accept-Charset, Accept-Encoding, Accept-Language, Accept-Ranges, Authorization, Cache-Control, Connection, Content-Length, Content-Type, Cookie, Date, Expect, From, Host, If-Match, If-Modified-Since, If-None-Match, If-Range, If-Unmodified-Since, Max-Forwards, Pragma, Proxy-Authorization, Range, Referer, TE, Upgrade, User-Agent, Via, Warning]
22:20:42,491 DEBUG aultHttpHeaderMapper| headerName=[citrus_message_timestamp] WILL NOT be mapped
22:20:42,491 DEBUG aultHttpHeaderMapper| headerName=[citrus_message_type] WILL NOT be mapped
22:20:42,491 DEBUG aultHttpHeaderMapper| headerName=[citrus_request_path] WILL NOT be mapped
22:20:42,491 DEBUG aultHttpHeaderMapper| headerName=[citrus_http_request_uri] WILL NOT be mapped
22:20:42,491 DEBUG aultHttpHeaderMapper| headerName=[id] WILL NOT be mapped
22:20:42,491 DEBUG aultHttpHeaderMapper| headerName=[citrus_message_id] WILL NOT be mapped
22:20:42,491 DEBUG aultHttpHeaderMapper| headerName=[citrus_http_method] WILL NOT be mapped
22:20:42,491 DEBUG aultHttpHeaderMapper| headerName=[timestamp] WILL NOT be mapped
22:20:42,491 DEBUG  client.RestTemplate| HTTP GET http://localhost:8080/user/get/69
22:20:42,491 DEBUG  client.RestTemplate| Accept=[text/plain, application/json, application/*+json, */*]
22:20:42,491 DEBUG ingClientInterceptor| Sending Http request message
22:20:42,492 DEBUG   Logger.Message_OUT| RAWMESSAGE [id: a5072864-636f-44de-a871-a7b5a415b1dc, payload: GET http://localhost:8080/user/get/69
Accept:text/plain, application/json, application/*+json, */*
Content-Type:application/json;charset=UTF-8
Content-Length:0][headers: {citrus_message_id=a5072864-636f-44de-a871-a7b5a415b1dc, citrus_message_timestamp=1689189642491}]
22:20:42,492 DEBUG ol.RequestAddCookies| CookieSpec selected: default
22:20:42,492 DEBUG col.RequestAuthCache| Auth cache not set in the context
22:20:42,492 DEBUG entConnectionManager| Connection request: [route: {}->http://localhost:8080][total available: 1; route allocated: 1 of 5; total allocated: 1 of 10]
22:20:42,492 DEBUG entConnectionManager| Connection leased: [id: 0][route: {}->http://localhost:8080][total available: 0; route allocated: 1 of 5; total allocated: 1 of 10]
22:20:42,492 DEBUG HttpClientConnection| http-outgoing-0: set socket timeout to 0
22:20:42,492 DEBUG chain.MainClientExec| Executing request GET /user/get/69 HTTP/1.1
22:20:42,492 DEBUG chain.MainClientExec| Target auth state: UNCHALLENGED
22:20:42,492 DEBUG chain.MainClientExec| Proxy auth state: UNCHALLENGED
22:20:42,492 DEBUG         http.headers| http-outgoing-0 >> GET /user/get/69 HTTP/1.1
22:20:42,492 DEBUG         http.headers| http-outgoing-0 >> Accept: text/plain, application/json, application/*+json, */*
22:20:42,492 DEBUG         http.headers| http-outgoing-0 >> Content-Type: application/json;charset=UTF-8
22:20:42,492 DEBUG         http.headers| http-outgoing-0 >> Host: localhost:8080
22:20:42,492 DEBUG         http.headers| http-outgoing-0 >> Connection: Keep-Alive
22:20:42,492 DEBUG         http.headers| http-outgoing-0 >> User-Agent: Apache-HttpClient/4.5.13 (Java/11.0.16)
22:20:42,492 DEBUG         http.headers| http-outgoing-0 >> Accept-Encoding: gzip,deflate
22:20:42,492 DEBUG            http.wire| http-outgoing-0 >> "GET /user/get/69 HTTP/1.1[\r][\n]"
22:20:42,492 DEBUG            http.wire| http-outgoing-0 >> "Accept: text/plain, application/json, application/*+json, */*[\r][\n]"
22:20:42,492 DEBUG            http.wire| http-outgoing-0 >> "Content-Type: application/json;charset=UTF-8[\r][\n]"
22:20:42,492 DEBUG            http.wire| http-outgoing-0 >> "Host: localhost:8080[\r][\n]"
22:20:42,492 DEBUG            http.wire| http-outgoing-0 >> "Connection: Keep-Alive[\r][\n]"
22:20:42,492 DEBUG            http.wire| http-outgoing-0 >> "User-Agent: Apache-HttpClient/4.5.13 (Java/11.0.16)[\r][\n]"
22:20:42,492 DEBUG            http.wire| http-outgoing-0 >> "Accept-Encoding: gzip,deflate[\r][\n]"
22:20:42,492 DEBUG            http.wire| http-outgoing-0 >> "[\r][\n]"
22:20:42,493 DEBUG            http.wire| http-outgoing-0 << "HTTP/1.1 200 [\r][\n]"
22:20:42,493 DEBUG            http.wire| http-outgoing-0 << "Content-Type: application/json[\r][\n]"
22:20:42,493 DEBUG            http.wire| http-outgoing-0 << "Transfer-Encoding: chunked[\r][\n]"
22:20:42,493 DEBUG            http.wire| http-outgoing-0 << "Date: Wed, 12 Jul 2023 19:20:41 GMT[\r][\n]"
22:20:42,493 DEBUG            http.wire| http-outgoing-0 << "Keep-Alive: timeout=60[\r][\n]"
22:20:42,493 DEBUG            http.wire| http-outgoing-0 << "Connection: keep-alive[\r][\n]"
22:20:42,493 DEBUG            http.wire| http-outgoing-0 << "[\r][\n]"
22:20:42,493 DEBUG            http.wire| http-outgoing-0 << "9b[\r][\n]"
22:20:42,494 DEBUG            http.wire| http-outgoing-0 << "{"userId":69,"name":"Emerson Gottlieb","course":"Regional Functionality Administrator","email":"69@qa.ru","age":29,"mark":{"name":"Course mark","score":1}}[\r][\n]"
22:20:42,494 DEBUG         http.headers| http-outgoing-0 << HTTP/1.1 200 
22:20:42,494 DEBUG         http.headers| http-outgoing-0 << Content-Type: application/json
22:20:42,494 DEBUG         http.headers| http-outgoing-0 << Transfer-Encoding: chunked
22:20:42,494 DEBUG         http.headers| http-outgoing-0 << Date: Wed, 12 Jul 2023 19:20:41 GMT
22:20:42,494 DEBUG         http.headers| http-outgoing-0 << Keep-Alive: timeout=60
22:20:42,494 DEBUG         http.headers| http-outgoing-0 << Connection: keep-alive
22:20:42,494 DEBUG chain.MainClientExec| Connection can be kept alive for 60000 MILLISECONDS
22:20:42,494 DEBUG            http.wire| http-outgoing-0 << "0[\r][\n]"
22:20:42,494 DEBUG            http.wire| http-outgoing-0 << "[\r][\n]"
22:20:42,494 DEBUG entConnectionManager| Connection [id: 0][route: {}->http://localhost:8080] can be kept alive for 60.0 seconds
22:20:42,494 DEBUG HttpClientConnection| http-outgoing-0: set socket timeout to 0
22:20:42,494 DEBUG entConnectionManager| Connection released: [id: 0][route: {}->http://localhost:8080][total available: 1; route allocated: 1 of 5; total allocated: 1 of 10]
22:20:42,494 DEBUG ingClientInterceptor| Received Http response message
22:20:42,495 DEBUG    Logger.Message_IN| RAWMESSAGE [id: e9198312-8ccb-4585-9533-9522c32378a5, payload: HTTP/1.1 200 OK 
Content-Type:application/json
Transfer-Encoding:chunked
Date:Wed, 12 Jul 2023 19:20:41 GMT
Keep-Alive:timeout=60
Connection:keep-alive

{"userId":69,"name":"Emerson Gottlieb","course":"Regional Functionality Administrator","email":"69@qa.ru","age":29,"mark":{"name":"Course mark","score":1}}][headers: {citrus_message_id=e9198312-8ccb-4585-9533-9522c32378a5, citrus_message_timestamp=1689189642494}]
22:20:42,495 DEBUG  client.RestTemplate| Response 200 OK
22:20:42,495 DEBUG  client.RestTemplate| Reading to [java.lang.String] as "application/json"
22:20:42,495 INFO     client.HttpClient| HTTP message was sent to endpoint: 'http://localhost:8080/user/get/69'
22:20:42,495 DEBUG aultHttpHeaderMapper| inboundHeaderNames=[Accept-Ranges, Age, Allow, Cache-Control, Connection, Content-Encoding, Content-Language, Content-Length, Content-Location, Content-MD5, Content-Range, Content-Type, Content-Disposition, Transfer-Encoding, Date, ETag, Expires, Last-Modified, Location, Pragma, Proxy-Authenticate, Refresh, Retry-After, Server, Set-Cookie, Trailer, Vary, Via, Warning, WWW-Authenticate]
22:20:42,495 DEBUG aultHttpHeaderMapper| headerName=[content-type] WILL be mapped, matched pattern=content-type
22:20:42,495 DEBUG aultHttpHeaderMapper| setting headerName=[contentType], value=application/json
22:20:42,495 DEBUG aultHttpHeaderMapper| headerName=[transfer-encoding] WILL be mapped, matched pattern=transfer-encoding
22:20:42,495 DEBUG aultHttpHeaderMapper| setting headerName=[Transfer-Encoding], value=[chunked]
22:20:42,495 DEBUG aultHttpHeaderMapper| headerName=[date] WILL be mapped, matched pattern=date
22:20:42,496 DEBUG aultHttpHeaderMapper| setting headerName=[Date], value=1 689 189 641 000
22:20:42,496 DEBUG aultHttpHeaderMapper| headerName=[keep-alive] WILL NOT be mapped
22:20:42,496 DEBUG aultHttpHeaderMapper| headerName=[connection] WILL be mapped, matched pattern=connection
22:20:42,496 DEBUG aultHttpHeaderMapper| setting headerName=[Connection], value=[keep-alive]
22:20:42,496 DEBUG ltCorrelationManager| Saving correlated object for 'citrus_message_id = 'efb9de00-a88f-4141-997f-c9c7a378d4e9''
22:20:42,496 INFO  port.LoggingReporter| 
22:20:42,496 DEBUG port.LoggingReporter| TEST STEP 137 SUCCESS
22:20:42,496 INFO  port.LoggingReporter| 
22:20:42,496 DEBUG port.LoggingReporter| TEST STEP 138: receive
22:20:42,496 DEBUG ngCorrelationManager| Get correlation key for 'citrus_message_correlator_httpRESTClient'
22:20:42,496 DEBUG ltCorrelationManager| Finding correlated object for 'citrus_message_id = 'efb9de00-a88f-4141-997f-c9c7a378d4e9''
22:20:42,497 DEBUG ageValidatorRegistry| Found 4 message validators for message
22:20:42,497 DEBUG ssageHeaderValidator| Start message header validation ...
22:20:42,497 DEBUG faultHeaderValidator| Validating header element: citrus_http_reason_phrase='OK': OK.
22:20:42,497 DEBUG faultHeaderValidator| Validating header element: citrus_http_status_code='200': OK.
22:20:42,497 INFO  ssageHeaderValidator| Message header validation successful: All values OK
22:20:42,497 DEBUG TextMessageValidator| Start JSON message validation ...
22:20:42,497 DEBUG JsonSchemaValidation| Starting Json schema validation ...
22:20:42,497 INFO  JsonSchemaValidation| Json schema validation successful: All values OK
22:20:42,497 DEBUG TextMessageValidator| Received message:
HTTPMESSAGE [id: bed4b15f-85a1-4e17-9ede-70957cefa4aa, payload: {"userId":69,"name":"Emerson Gottlieb","course":"Regional Functionality Administrator","email":"69@qa.ru","age":29,"mark":{"name":"Course mark","score":1}}][headers: {Transfer-Encoding=chunked, Connection=keep-alive, contentType=application/json, Date=1689189641000, citrus_message_id=bed4b15f-85a1-4e17-9ede-70957cefa4aa, citrus_message_timestamp=1689189642496, Keep-Alive=timeout=60, Content-Type=application/json, citrus_http_status_code=200, citrus_http_reason_phrase=OK, citrus_http_version=HTTP/1.1}]
22:20:42,497 DEBUG TextMessageValidator| Control message:
HTTPMESSAGE [id: ac0876b3-4d63-456a-9904-d88331ff0b08, payload: {"userId":69,"email":"@contains('@qa.ru')@","name":"@matches('^[a-zA-Z\\s\\.]*$')@","course":"@matches('^[a-zA-Z\\s]*$')@","age":"@isNumber()@","mark":{"name":"@contains('Course mark')@","score":"@isNumber()@"}}][headers: {citrus_message_id=ac0876b3-4d63-456a-9904-d88331ff0b08, citrus_message_timestamp=1689189642496, citrus_http_reason_phrase=OK, citrus_http_status_code=200, citrus_message_type=JSON}]
22:20:42,497 DEBUG TextMessageValidator| Validation successful for JSON entry 'name' (@matches('^[a-zA-Z\s\.]*$')@)
22:20:42,498 DEBUG TextMessageValidator| Validation successful for JSON entry 'course' (@matches('^[a-zA-Z\s]*$')@)
22:20:42,498 DEBUG TextMessageValidator| Validation successful for JSON entry 'userId' (69)
22:20:42,498 DEBUG TextMessageValidator| Validation successful for JSON entry 'email' (@contains('@qa.ru')@)
22:20:42,498 DEBUG TextMessageValidator| Validation successful for JSON entry 'age' (@isNumber()@)
22:20:42,498 DEBUG TextMessageValidator| Validation successful for JSON entry 'score' (@isNumber()@)
22:20:42,498 DEBUG TextMessageValidator| Validation successful for JSON entry 'name' (@contains('Course mark')@)
22:20:42,498 DEBUG TextMessageValidator| Validation successful for JSON entry 'mark' ({"score":"@isNumber()@","name":"@contains('Course mark')@"})
22:20:42,498 INFO  TextMessageValidator| JSON message validation successful: All values OK
22:20:42,498 INFO  port.LoggingReporter| 
22:20:42,498 DEBUG port.LoggingReporter| TEST STEP 138 SUCCESS
]]></system-out>
  </testcase>
  <testcase name="getUserStubParametrizedTest(int)[70]" classname="citrus.HttpRESTStubTests" time="0.009">
    <system-out><![CDATA[22:20:42,500 INFO  port.LoggingReporter| 
22:20:42,500 INFO  port.LoggingReporter| ------------------------------------------------------------------------
22:20:42,500 DEBUG port.LoggingReporter| STARTING TEST HttpRESTStubTests.getUserStubParametrizedTest <citrus>
22:20:42,500 INFO  port.LoggingReporter| 
22:20:42,500 DEBUG trus.DefaultTestCase| Initializing test case
22:20:42,500 DEBUG trus.DefaultTestCase| Global variables:
22:20:42,500 DEBUG trus.DefaultTestCase| citrus_message_correlator_httpRESTClient = citrus_message_id = 'efb9de00-a88f-4141-997f-c9c7a378d4e9'
22:20:42,500 DEBUG trus.DefaultTestCase| default.test.author = Unknown
22:20:42,500 DEBUG trus.DefaultTestCase| citrus.test.package = citrus
22:20:42,500 DEBUG trus.DefaultTestCase| citrus.test.name = HttpRESTStubTests.getUserStubParametrizedTest
22:20:42,500 DEBUG trus.DefaultTestCase| project.name = Citrus Integration Tests
22:20:42,500 DEBUG trus.DefaultTestCase| userId = 35
22:20:42,500 DEBUG trus.DefaultTestCase| citrus_message_replyTo_citrus_message_correlator_httpRESTClient = http://localhost:8080/user/get/69
22:20:42,500 DEBUG trus.DefaultTestCase| url = http://localhost:8080/user
22:20:42,500 DEBUG trus.DefaultTestCase| default.test.package = citrus
22:20:42,500 DEBUG  context.TestContext| Setting variable: citrus.test.name with value: 'HttpRESTStubTests.getUserStubParametrizedTest'
22:20:42,500 DEBUG  context.TestContext| Setting variable: citrus.test.package with value: 'citrus'
22:20:42,500 DEBUG trus.DefaultTestCase| Test variables:
22:20:42,500 DEBUG trus.DefaultTestCase| citrus_message_correlator_httpRESTClient = citrus_message_id = 'efb9de00-a88f-4141-997f-c9c7a378d4e9'
22:20:42,500 DEBUG trus.DefaultTestCase| default.test.author = Unknown
22:20:42,500 DEBUG trus.DefaultTestCase| citrus.test.package = citrus
22:20:42,500 DEBUG trus.DefaultTestCase| citrus.test.name = HttpRESTStubTests.getUserStubParametrizedTest
22:20:42,500 DEBUG trus.DefaultTestCase| project.name = Citrus Integration Tests
22:20:42,500 DEBUG trus.DefaultTestCase| userId = 35
22:20:42,500 DEBUG trus.DefaultTestCase| citrus_message_replyTo_citrus_message_correlator_httpRESTClient = http://localhost:8080/user/get/69
22:20:42,500 DEBUG trus.DefaultTestCase| url = http://localhost:8080/user
22:20:42,500 DEBUG trus.DefaultTestCase| default.test.package = citrus
22:20:42,500 INFO  port.LoggingReporter| 
22:20:42,500 DEBUG port.LoggingReporter| TEST STEP 139: send
22:20:42,500 DEBUG ltCorrelationManager| Saving correlation key for 'citrus_message_correlator_httpRESTClient'
22:20:42,500 DEBUG  context.TestContext| Setting variable: citrus_message_correlator_httpRESTClient with value: 'citrus_message_id = '3ae12b3a-622a-4c90-a23c-4b17183eb752''
22:20:42,500 DEBUG  context.TestContext| Setting variable: citrus_message_replyTo_citrus_message_correlator_httpRESTClient with value: 'http://localhost:8080/user/get/70'
22:20:42,500 INFO     client.HttpClient| Sending HTTP message to: 'http://localhost:8080/user/get/70'
22:20:42,500 DEBUG    client.HttpClient| Message to send:

22:20:42,501 DEBUG aultHttpHeaderMapper| outboundHeaderNames=[Accept, Accept-Charset, Accept-Encoding, Accept-Language, Accept-Ranges, Authorization, Cache-Control, Connection, Content-Length, Content-Type, Cookie, Date, Expect, From, Host, If-Match, If-Modified-Since, If-None-Match, If-Range, If-Unmodified-Since, Max-Forwards, Pragma, Proxy-Authorization, Range, Referer, TE, Upgrade, User-Agent, Via, Warning]
22:20:42,501 DEBUG aultHttpHeaderMapper| headerName=[citrus_message_timestamp] WILL NOT be mapped
22:20:42,501 DEBUG aultHttpHeaderMapper| headerName=[citrus_message_type] WILL NOT be mapped
22:20:42,501 DEBUG aultHttpHeaderMapper| headerName=[citrus_request_path] WILL NOT be mapped
22:20:42,501 DEBUG aultHttpHeaderMapper| headerName=[citrus_http_request_uri] WILL NOT be mapped
22:20:42,501 DEBUG aultHttpHeaderMapper| headerName=[id] WILL NOT be mapped
22:20:42,501 DEBUG aultHttpHeaderMapper| headerName=[citrus_message_id] WILL NOT be mapped
22:20:42,501 DEBUG aultHttpHeaderMapper| headerName=[citrus_http_method] WILL NOT be mapped
22:20:42,501 DEBUG aultHttpHeaderMapper| headerName=[timestamp] WILL NOT be mapped
22:20:42,501 DEBUG  client.RestTemplate| HTTP GET http://localhost:8080/user/get/70
22:20:42,501 DEBUG  client.RestTemplate| Accept=[text/plain, application/json, application/*+json, */*]
22:20:42,501 DEBUG ingClientInterceptor| Sending Http request message
22:20:42,502 DEBUG   Logger.Message_OUT| RAWMESSAGE [id: 6d5849cc-7920-4c38-ab18-08f7b7b8fbee, payload: GET http://localhost:8080/user/get/70
Accept:text/plain, application/json, application/*+json, */*
Content-Type:application/json;charset=UTF-8
Content-Length:0][headers: {citrus_message_id=6d5849cc-7920-4c38-ab18-08f7b7b8fbee, citrus_message_timestamp=1689189642501}]
22:20:42,502 DEBUG ol.RequestAddCookies| CookieSpec selected: default
22:20:42,502 DEBUG col.RequestAuthCache| Auth cache not set in the context
22:20:42,502 DEBUG entConnectionManager| Connection request: [route: {}->http://localhost:8080][total available: 1; route allocated: 1 of 5; total allocated: 1 of 10]
22:20:42,502 DEBUG entConnectionManager| Connection leased: [id: 0][route: {}->http://localhost:8080][total available: 0; route allocated: 1 of 5; total allocated: 1 of 10]
22:20:42,502 DEBUG HttpClientConnection| http-outgoing-0: set socket timeout to 0
22:20:42,502 DEBUG chain.MainClientExec| Executing request GET /user/get/70 HTTP/1.1
22:20:42,502 DEBUG chain.MainClientExec| Target auth state: UNCHALLENGED
22:20:42,502 DEBUG chain.MainClientExec| Proxy auth state: UNCHALLENGED
22:20:42,502 DEBUG         http.headers| http-outgoing-0 >> GET /user/get/70 HTTP/1.1
22:20:42,502 DEBUG         http.headers| http-outgoing-0 >> Accept: text/plain, application/json, application/*+json, */*
22:20:42,502 DEBUG         http.headers| http-outgoing-0 >> Content-Type: application/json;charset=UTF-8
22:20:42,502 DEBUG         http.headers| http-outgoing-0 >> Host: localhost:8080
22:20:42,502 DEBUG         http.headers| http-outgoing-0 >> Connection: Keep-Alive
22:20:42,502 DEBUG         http.headers| http-outgoing-0 >> User-Agent: Apache-HttpClient/4.5.13 (Java/11.0.16)
22:20:42,502 DEBUG         http.headers| http-outgoing-0 >> Accept-Encoding: gzip,deflate
22:20:42,502 DEBUG            http.wire| http-outgoing-0 >> "GET /user/get/70 HTTP/1.1[\r][\n]"
22:20:42,502 DEBUG            http.wire| http-outgoing-0 >> "Accept: text/plain, application/json, application/*+json, */*[\r][\n]"
22:20:42,502 DEBUG            http.wire| http-outgoing-0 >> "Content-Type: application/json;charset=UTF-8[\r][\n]"
22:20:42,502 DEBUG            http.wire| http-outgoing-0 >> "Host: localhost:8080[\r][\n]"
22:20:42,502 DEBUG            http.wire| http-outgoing-0 >> "Connection: Keep-Alive[\r][\n]"
22:20:42,502 DEBUG            http.wire| http-outgoing-0 >> "User-Agent: Apache-HttpClient/4.5.13 (Java/11.0.16)[\r][\n]"
22:20:42,502 DEBUG            http.wire| http-outgoing-0 >> "Accept-Encoding: gzip,deflate[\r][\n]"
22:20:42,502 DEBUG            http.wire| http-outgoing-0 >> "[\r][\n]"
22:20:42,503 DEBUG            http.wire| http-outgoing-0 << "HTTP/1.1 200 [\r][\n]"
22:20:42,503 DEBUG            http.wire| http-outgoing-0 << "Content-Type: application/json[\r][\n]"
22:20:42,503 DEBUG            http.wire| http-outgoing-0 << "Transfer-Encoding: chunked[\r][\n]"
22:20:42,503 DEBUG            http.wire| http-outgoing-0 << "Date: Wed, 12 Jul 2023 19:20:41 GMT[\r][\n]"
22:20:42,503 DEBUG            http.wire| http-outgoing-0 << "Keep-Alive: timeout=60[\r][\n]"
22:20:42,503 DEBUG            http.wire| http-outgoing-0 << "Connection: keep-alive[\r][\n]"
22:20:42,503 DEBUG            http.wire| http-outgoing-0 << "[\r][\n]"
22:20:42,503 DEBUG            http.wire| http-outgoing-0 << "91[\r][\n]"
22:20:42,503 DEBUG            http.wire| http-outgoing-0 << "{"userId":70,"name":"Emmitt Johnston","course":"Central Response Consultant","email":"70@qa.ru","age":30,"mark":{"name":"Course mark","score":5}}[\r][\n]"
22:20:42,503 DEBUG         http.headers| http-outgoing-0 << HTTP/1.1 200 
22:20:42,503 DEBUG         http.headers| http-outgoing-0 << Content-Type: application/json
22:20:42,503 DEBUG         http.headers| http-outgoing-0 << Transfer-Encoding: chunked
22:20:42,503 DEBUG         http.headers| http-outgoing-0 << Date: Wed, 12 Jul 2023 19:20:41 GMT
22:20:42,503 DEBUG         http.headers| http-outgoing-0 << Keep-Alive: timeout=60
22:20:42,503 DEBUG         http.headers| http-outgoing-0 << Connection: keep-alive
22:20:42,504 DEBUG chain.MainClientExec| Connection can be kept alive for 60000 MILLISECONDS
22:20:42,504 DEBUG            http.wire| http-outgoing-0 << "0[\r][\n]"
22:20:42,504 DEBUG            http.wire| http-outgoing-0 << "[\r][\n]"
22:20:42,504 DEBUG entConnectionManager| Connection [id: 0][route: {}->http://localhost:8080] can be kept alive for 60.0 seconds
22:20:42,504 DEBUG HttpClientConnection| http-outgoing-0: set socket timeout to 0
22:20:42,504 DEBUG entConnectionManager| Connection released: [id: 0][route: {}->http://localhost:8080][total available: 1; route allocated: 1 of 5; total allocated: 1 of 10]
22:20:42,504 DEBUG ingClientInterceptor| Received Http response message
22:20:42,505 DEBUG    Logger.Message_IN| RAWMESSAGE [id: 5cc89ff5-4274-46f8-8fd9-8bf9adbfcb4d, payload: HTTP/1.1 200 OK 
Content-Type:application/json
Transfer-Encoding:chunked
Date:Wed, 12 Jul 2023 19:20:41 GMT
Keep-Alive:timeout=60
Connection:keep-alive

{"userId":70,"name":"Emmitt Johnston","course":"Central Response Consultant","email":"70@qa.ru","age":30,"mark":{"name":"Course mark","score":5}}][headers: {citrus_message_id=5cc89ff5-4274-46f8-8fd9-8bf9adbfcb4d, citrus_message_timestamp=1689189642504}]
22:20:42,505 DEBUG  client.RestTemplate| Response 200 OK
22:20:42,505 DEBUG  client.RestTemplate| Reading to [java.lang.String] as "application/json"
22:20:42,505 INFO     client.HttpClient| HTTP message was sent to endpoint: 'http://localhost:8080/user/get/70'
22:20:42,505 DEBUG aultHttpHeaderMapper| inboundHeaderNames=[Accept-Ranges, Age, Allow, Cache-Control, Connection, Content-Encoding, Content-Language, Content-Length, Content-Location, Content-MD5, Content-Range, Content-Type, Content-Disposition, Transfer-Encoding, Date, ETag, Expires, Last-Modified, Location, Pragma, Proxy-Authenticate, Refresh, Retry-After, Server, Set-Cookie, Trailer, Vary, Via, Warning, WWW-Authenticate]
22:20:42,505 DEBUG aultHttpHeaderMapper| headerName=[content-type] WILL be mapped, matched pattern=content-type
22:20:42,505 DEBUG aultHttpHeaderMapper| setting headerName=[contentType], value=application/json
22:20:42,505 DEBUG aultHttpHeaderMapper| headerName=[transfer-encoding] WILL be mapped, matched pattern=transfer-encoding
22:20:42,505 DEBUG aultHttpHeaderMapper| setting headerName=[Transfer-Encoding], value=[chunked]
22:20:42,505 DEBUG aultHttpHeaderMapper| headerName=[date] WILL be mapped, matched pattern=date
22:20:42,505 DEBUG aultHttpHeaderMapper| setting headerName=[Date], value=1 689 189 641 000
22:20:42,505 DEBUG aultHttpHeaderMapper| headerName=[keep-alive] WILL NOT be mapped
22:20:42,505 DEBUG aultHttpHeaderMapper| headerName=[connection] WILL be mapped, matched pattern=connection
22:20:42,505 DEBUG aultHttpHeaderMapper| setting headerName=[Connection], value=[keep-alive]
22:20:42,505 DEBUG ltCorrelationManager| Saving correlated object for 'citrus_message_id = '3ae12b3a-622a-4c90-a23c-4b17183eb752''
22:20:42,505 INFO  port.LoggingReporter| 
22:20:42,505 DEBUG port.LoggingReporter| TEST STEP 139 SUCCESS
22:20:42,505 INFO  port.LoggingReporter| 
22:20:42,505 DEBUG port.LoggingReporter| TEST STEP 140: receive
22:20:42,505 DEBUG ngCorrelationManager| Get correlation key for 'citrus_message_correlator_httpRESTClient'
22:20:42,505 DEBUG ltCorrelationManager| Finding correlated object for 'citrus_message_id = '3ae12b3a-622a-4c90-a23c-4b17183eb752''
22:20:42,506 DEBUG ageValidatorRegistry| Found 4 message validators for message
22:20:42,506 DEBUG ssageHeaderValidator| Start message header validation ...
22:20:42,506 DEBUG faultHeaderValidator| Validating header element: citrus_http_reason_phrase='OK': OK.
22:20:42,506 DEBUG faultHeaderValidator| Validating header element: citrus_http_status_code='200': OK.
22:20:42,506 INFO  ssageHeaderValidator| Message header validation successful: All values OK
22:20:42,506 DEBUG TextMessageValidator| Start JSON message validation ...
22:20:42,506 DEBUG JsonSchemaValidation| Starting Json schema validation ...
22:20:42,506 INFO  JsonSchemaValidation| Json schema validation successful: All values OK
22:20:42,506 DEBUG TextMessageValidator| Received message:
HTTPMESSAGE [id: 25c0198f-d22c-42be-aa71-2133f6c557e0, payload: {"userId":70,"name":"Emmitt Johnston","course":"Central Response Consultant","email":"70@qa.ru","age":30,"mark":{"name":"Course mark","score":5}}][headers: {Transfer-Encoding=chunked, Connection=keep-alive, contentType=application/json, Date=1689189641000, citrus_message_id=25c0198f-d22c-42be-aa71-2133f6c557e0, citrus_message_timestamp=1689189642505, Keep-Alive=timeout=60, Content-Type=application/json, citrus_http_status_code=200, citrus_http_reason_phrase=OK, citrus_http_version=HTTP/1.1}]
22:20:42,506 DEBUG TextMessageValidator| Control message:
HTTPMESSAGE [id: 354363de-e2bb-4e51-9695-cb4ef6669015, payload: {"userId":70,"email":"@contains('@qa.ru')@","name":"@matches('^[a-zA-Z\\s\\.]*$')@","course":"@matches('^[a-zA-Z\\s]*$')@","age":"@isNumber()@","mark":{"name":"@contains('Course mark')@","score":"@isNumber()@"}}][headers: {citrus_message_id=354363de-e2bb-4e51-9695-cb4ef6669015, citrus_message_timestamp=1689189642505, citrus_http_reason_phrase=OK, citrus_http_status_code=200, citrus_message_type=JSON}]
22:20:42,506 DEBUG TextMessageValidator| Validation successful for JSON entry 'name' (@matches('^[a-zA-Z\s\.]*$')@)
22:20:42,506 DEBUG TextMessageValidator| Validation successful for JSON entry 'course' (@matches('^[a-zA-Z\s]*$')@)
22:20:42,506 DEBUG TextMessageValidator| Validation successful for JSON entry 'userId' (70)
22:20:42,506 DEBUG TextMessageValidator| Validation successful for JSON entry 'email' (@contains('@qa.ru')@)
22:20:42,506 DEBUG TextMessageValidator| Validation successful for JSON entry 'age' (@isNumber()@)
22:20:42,506 DEBUG TextMessageValidator| Validation successful for JSON entry 'score' (@isNumber()@)
22:20:42,506 DEBUG TextMessageValidator| Validation successful for JSON entry 'name' (@contains('Course mark')@)
22:20:42,506 DEBUG TextMessageValidator| Validation successful for JSON entry 'mark' ({"score":"@isNumber()@","name":"@contains('Course mark')@"})
22:20:42,506 INFO  TextMessageValidator| JSON message validation successful: All values OK
22:20:42,506 INFO  port.LoggingReporter| 
22:20:42,506 DEBUG port.LoggingReporter| TEST STEP 140 SUCCESS
]]></system-out>
  </testcase>
  <testcase name="getUserStubParametrizedTest(int)[71]" classname="citrus.HttpRESTStubTests" time="0.008">
    <system-out><![CDATA[22:20:42,508 INFO  port.LoggingReporter| 
22:20:42,508 INFO  port.LoggingReporter| ------------------------------------------------------------------------
22:20:42,508 DEBUG port.LoggingReporter| STARTING TEST HttpRESTStubTests.getUserStubParametrizedTest <citrus>
22:20:42,508 INFO  port.LoggingReporter| 
22:20:42,508 DEBUG trus.DefaultTestCase| Initializing test case
22:20:42,508 DEBUG trus.DefaultTestCase| Global variables:
22:20:42,508 DEBUG trus.DefaultTestCase| citrus_message_correlator_httpRESTClient = citrus_message_id = '3ae12b3a-622a-4c90-a23c-4b17183eb752'
22:20:42,508 DEBUG trus.DefaultTestCase| default.test.author = Unknown
22:20:42,508 DEBUG trus.DefaultTestCase| citrus.test.package = citrus
22:20:42,508 DEBUG trus.DefaultTestCase| citrus.test.name = HttpRESTStubTests.getUserStubParametrizedTest
22:20:42,508 DEBUG trus.DefaultTestCase| project.name = Citrus Integration Tests
22:20:42,508 DEBUG trus.DefaultTestCase| userId = 35
22:20:42,508 DEBUG trus.DefaultTestCase| citrus_message_replyTo_citrus_message_correlator_httpRESTClient = http://localhost:8080/user/get/70
22:20:42,508 DEBUG trus.DefaultTestCase| url = http://localhost:8080/user
22:20:42,508 DEBUG trus.DefaultTestCase| default.test.package = citrus
22:20:42,508 DEBUG  context.TestContext| Setting variable: citrus.test.name with value: 'HttpRESTStubTests.getUserStubParametrizedTest'
22:20:42,508 DEBUG  context.TestContext| Setting variable: citrus.test.package with value: 'citrus'
22:20:42,508 DEBUG trus.DefaultTestCase| Test variables:
22:20:42,508 DEBUG trus.DefaultTestCase| citrus_message_correlator_httpRESTClient = citrus_message_id = '3ae12b3a-622a-4c90-a23c-4b17183eb752'
22:20:42,508 DEBUG trus.DefaultTestCase| default.test.author = Unknown
22:20:42,508 DEBUG trus.DefaultTestCase| citrus.test.package = citrus
22:20:42,508 DEBUG trus.DefaultTestCase| citrus.test.name = HttpRESTStubTests.getUserStubParametrizedTest
22:20:42,508 DEBUG trus.DefaultTestCase| project.name = Citrus Integration Tests
22:20:42,508 DEBUG trus.DefaultTestCase| userId = 35
22:20:42,508 DEBUG trus.DefaultTestCase| citrus_message_replyTo_citrus_message_correlator_httpRESTClient = http://localhost:8080/user/get/70
22:20:42,508 DEBUG trus.DefaultTestCase| url = http://localhost:8080/user
22:20:42,508 DEBUG trus.DefaultTestCase| default.test.package = citrus
22:20:42,508 INFO  port.LoggingReporter| 
22:20:42,508 DEBUG port.LoggingReporter| TEST STEP 141: send
22:20:42,509 DEBUG ltCorrelationManager| Saving correlation key for 'citrus_message_correlator_httpRESTClient'
22:20:42,509 DEBUG  context.TestContext| Setting variable: citrus_message_correlator_httpRESTClient with value: 'citrus_message_id = 'e2469bfc-de3f-43ac-b5cd-1cc3ed4dab6f''
22:20:42,509 DEBUG  context.TestContext| Setting variable: citrus_message_replyTo_citrus_message_correlator_httpRESTClient with value: 'http://localhost:8080/user/get/71'
22:20:42,509 INFO     client.HttpClient| Sending HTTP message to: 'http://localhost:8080/user/get/71'
22:20:42,509 DEBUG    client.HttpClient| Message to send:

22:20:42,509 DEBUG aultHttpHeaderMapper| outboundHeaderNames=[Accept, Accept-Charset, Accept-Encoding, Accept-Language, Accept-Ranges, Authorization, Cache-Control, Connection, Content-Length, Content-Type, Cookie, Date, Expect, From, Host, If-Match, If-Modified-Since, If-None-Match, If-Range, If-Unmodified-Since, Max-Forwards, Pragma, Proxy-Authorization, Range, Referer, TE, Upgrade, User-Agent, Via, Warning]
22:20:42,509 DEBUG aultHttpHeaderMapper| headerName=[citrus_message_timestamp] WILL NOT be mapped
22:20:42,509 DEBUG aultHttpHeaderMapper| headerName=[citrus_message_type] WILL NOT be mapped
22:20:42,509 DEBUG aultHttpHeaderMapper| headerName=[citrus_request_path] WILL NOT be mapped
22:20:42,509 DEBUG aultHttpHeaderMapper| headerName=[citrus_http_request_uri] WILL NOT be mapped
22:20:42,509 DEBUG aultHttpHeaderMapper| headerName=[id] WILL NOT be mapped
22:20:42,509 DEBUG aultHttpHeaderMapper| headerName=[citrus_message_id] WILL NOT be mapped
22:20:42,509 DEBUG aultHttpHeaderMapper| headerName=[citrus_http_method] WILL NOT be mapped
22:20:42,509 DEBUG aultHttpHeaderMapper| headerName=[timestamp] WILL NOT be mapped
22:20:42,509 DEBUG  client.RestTemplate| HTTP GET http://localhost:8080/user/get/71
22:20:42,509 DEBUG  client.RestTemplate| Accept=[text/plain, application/json, application/*+json, */*]
22:20:42,509 DEBUG ingClientInterceptor| Sending Http request message
22:20:42,510 DEBUG   Logger.Message_OUT| RAWMESSAGE [id: 38585b79-75a4-431d-a011-02e776efa7e5, payload: GET http://localhost:8080/user/get/71
Accept:text/plain, application/json, application/*+json, */*
Content-Type:application/json;charset=UTF-8
Content-Length:0][headers: {citrus_message_id=38585b79-75a4-431d-a011-02e776efa7e5, citrus_message_timestamp=1689189642509}]
22:20:42,510 DEBUG ol.RequestAddCookies| CookieSpec selected: default
22:20:42,510 DEBUG col.RequestAuthCache| Auth cache not set in the context
22:20:42,510 DEBUG entConnectionManager| Connection request: [route: {}->http://localhost:8080][total available: 1; route allocated: 1 of 5; total allocated: 1 of 10]
22:20:42,510 DEBUG entConnectionManager| Connection leased: [id: 0][route: {}->http://localhost:8080][total available: 0; route allocated: 1 of 5; total allocated: 1 of 10]
22:20:42,510 DEBUG HttpClientConnection| http-outgoing-0: set socket timeout to 0
22:20:42,510 DEBUG chain.MainClientExec| Executing request GET /user/get/71 HTTP/1.1
22:20:42,510 DEBUG chain.MainClientExec| Target auth state: UNCHALLENGED
22:20:42,510 DEBUG chain.MainClientExec| Proxy auth state: UNCHALLENGED
22:20:42,510 DEBUG         http.headers| http-outgoing-0 >> GET /user/get/71 HTTP/1.1
22:20:42,510 DEBUG         http.headers| http-outgoing-0 >> Accept: text/plain, application/json, application/*+json, */*
22:20:42,510 DEBUG         http.headers| http-outgoing-0 >> Content-Type: application/json;charset=UTF-8
22:20:42,510 DEBUG         http.headers| http-outgoing-0 >> Host: localhost:8080
22:20:42,510 DEBUG         http.headers| http-outgoing-0 >> Connection: Keep-Alive
22:20:42,510 DEBUG         http.headers| http-outgoing-0 >> User-Agent: Apache-HttpClient/4.5.13 (Java/11.0.16)
22:20:42,510 DEBUG         http.headers| http-outgoing-0 >> Accept-Encoding: gzip,deflate
22:20:42,510 DEBUG            http.wire| http-outgoing-0 >> "GET /user/get/71 HTTP/1.1[\r][\n]"
22:20:42,510 DEBUG            http.wire| http-outgoing-0 >> "Accept: text/plain, application/json, application/*+json, */*[\r][\n]"
22:20:42,510 DEBUG            http.wire| http-outgoing-0 >> "Content-Type: application/json;charset=UTF-8[\r][\n]"
22:20:42,510 DEBUG            http.wire| http-outgoing-0 >> "Host: localhost:8080[\r][\n]"
22:20:42,510 DEBUG            http.wire| http-outgoing-0 >> "Connection: Keep-Alive[\r][\n]"
22:20:42,510 DEBUG            http.wire| http-outgoing-0 >> "User-Agent: Apache-HttpClient/4.5.13 (Java/11.0.16)[\r][\n]"
22:20:42,510 DEBUG            http.wire| http-outgoing-0 >> "Accept-Encoding: gzip,deflate[\r][\n]"
22:20:42,510 DEBUG            http.wire| http-outgoing-0 >> "[\r][\n]"
22:20:42,511 DEBUG            http.wire| http-outgoing-0 << "HTTP/1.1 200 [\r][\n]"
22:20:42,511 DEBUG            http.wire| http-outgoing-0 << "Content-Type: application/json[\r][\n]"
22:20:42,511 DEBUG            http.wire| http-outgoing-0 << "Transfer-Encoding: chunked[\r][\n]"
22:20:42,511 DEBUG            http.wire| http-outgoing-0 << "Date: Wed, 12 Jul 2023 19:20:41 GMT[\r][\n]"
22:20:42,511 DEBUG            http.wire| http-outgoing-0 << "Keep-Alive: timeout=60[\r][\n]"
22:20:42,511 DEBUG            http.wire| http-outgoing-0 << "Connection: keep-alive[\r][\n]"
22:20:42,511 DEBUG            http.wire| http-outgoing-0 << "[\r][\n]"
22:20:42,511 DEBUG            http.wire| http-outgoing-0 << "9a[\r][\n]"
22:20:42,511 DEBUG            http.wire| http-outgoing-0 << "{"userId":71,"name":"Ms. Denice Conn","course":"Principal Infrastructure Facilitator","email":"71@qa.ru","age":37,"mark":{"name":"Course mark","score":4}}[\r][\n]"
22:20:42,511 DEBUG         http.headers| http-outgoing-0 << HTTP/1.1 200 
22:20:42,511 DEBUG         http.headers| http-outgoing-0 << Content-Type: application/json
22:20:42,511 DEBUG         http.headers| http-outgoing-0 << Transfer-Encoding: chunked
22:20:42,511 DEBUG         http.headers| http-outgoing-0 << Date: Wed, 12 Jul 2023 19:20:41 GMT
22:20:42,511 DEBUG         http.headers| http-outgoing-0 << Keep-Alive: timeout=60
22:20:42,511 DEBUG         http.headers| http-outgoing-0 << Connection: keep-alive
22:20:42,511 DEBUG chain.MainClientExec| Connection can be kept alive for 60000 MILLISECONDS
22:20:42,511 DEBUG            http.wire| http-outgoing-0 << "0[\r][\n]"
22:20:42,511 DEBUG            http.wire| http-outgoing-0 << "[\r][\n]"
22:20:42,511 DEBUG entConnectionManager| Connection [id: 0][route: {}->http://localhost:8080] can be kept alive for 60.0 seconds
22:20:42,511 DEBUG HttpClientConnection| http-outgoing-0: set socket timeout to 0
22:20:42,511 DEBUG entConnectionManager| Connection released: [id: 0][route: {}->http://localhost:8080][total available: 1; route allocated: 1 of 5; total allocated: 1 of 10]
22:20:42,511 DEBUG ingClientInterceptor| Received Http response message
22:20:42,513 DEBUG    Logger.Message_IN| RAWMESSAGE [id: b5c1d332-045e-496c-a65a-d7b94d95bfc5, payload: HTTP/1.1 200 OK 
Content-Type:application/json
Transfer-Encoding:chunked
Date:Wed, 12 Jul 2023 19:20:41 GMT
Keep-Alive:timeout=60
Connection:keep-alive

{"userId":71,"name":"Ms. Denice Conn","course":"Principal Infrastructure Facilitator","email":"71@qa.ru","age":37,"mark":{"name":"Course mark","score":4}}][headers: {citrus_message_id=b5c1d332-045e-496c-a65a-d7b94d95bfc5, citrus_message_timestamp=1689189642511}]
22:20:42,513 DEBUG  client.RestTemplate| Response 200 OK
22:20:42,513 DEBUG  client.RestTemplate| Reading to [java.lang.String] as "application/json"
22:20:42,513 INFO     client.HttpClient| HTTP message was sent to endpoint: 'http://localhost:8080/user/get/71'
22:20:42,513 DEBUG aultHttpHeaderMapper| inboundHeaderNames=[Accept-Ranges, Age, Allow, Cache-Control, Connection, Content-Encoding, Content-Language, Content-Length, Content-Location, Content-MD5, Content-Range, Content-Type, Content-Disposition, Transfer-Encoding, Date, ETag, Expires, Last-Modified, Location, Pragma, Proxy-Authenticate, Refresh, Retry-After, Server, Set-Cookie, Trailer, Vary, Via, Warning, WWW-Authenticate]
22:20:42,513 DEBUG aultHttpHeaderMapper| headerName=[content-type] WILL be mapped, matched pattern=content-type
22:20:42,513 DEBUG aultHttpHeaderMapper| setting headerName=[contentType], value=application/json
22:20:42,513 DEBUG aultHttpHeaderMapper| headerName=[transfer-encoding] WILL be mapped, matched pattern=transfer-encoding
22:20:42,513 DEBUG aultHttpHeaderMapper| setting headerName=[Transfer-Encoding], value=[chunked]
22:20:42,513 DEBUG aultHttpHeaderMapper| headerName=[date] WILL be mapped, matched pattern=date
22:20:42,513 DEBUG aultHttpHeaderMapper| setting headerName=[Date], value=1 689 189 641 000
22:20:42,513 DEBUG aultHttpHeaderMapper| headerName=[keep-alive] WILL NOT be mapped
22:20:42,513 DEBUG aultHttpHeaderMapper| headerName=[connection] WILL be mapped, matched pattern=connection
22:20:42,513 DEBUG aultHttpHeaderMapper| setting headerName=[Connection], value=[keep-alive]
22:20:42,513 DEBUG ltCorrelationManager| Saving correlated object for 'citrus_message_id = 'e2469bfc-de3f-43ac-b5cd-1cc3ed4dab6f''
22:20:42,513 INFO  port.LoggingReporter| 
22:20:42,513 DEBUG port.LoggingReporter| TEST STEP 141 SUCCESS
22:20:42,513 INFO  port.LoggingReporter| 
22:20:42,513 DEBUG port.LoggingReporter| TEST STEP 142: receive
22:20:42,513 DEBUG ngCorrelationManager| Get correlation key for 'citrus_message_correlator_httpRESTClient'
22:20:42,513 DEBUG ltCorrelationManager| Finding correlated object for 'citrus_message_id = 'e2469bfc-de3f-43ac-b5cd-1cc3ed4dab6f''
22:20:42,514 DEBUG ageValidatorRegistry| Found 4 message validators for message
22:20:42,514 DEBUG ssageHeaderValidator| Start message header validation ...
22:20:42,515 DEBUG faultHeaderValidator| Validating header element: citrus_http_reason_phrase='OK': OK.
22:20:42,515 DEBUG faultHeaderValidator| Validating header element: citrus_http_status_code='200': OK.
22:20:42,515 INFO  ssageHeaderValidator| Message header validation successful: All values OK
22:20:42,515 DEBUG TextMessageValidator| Start JSON message validation ...
22:20:42,515 DEBUG JsonSchemaValidation| Starting Json schema validation ...
22:20:42,515 INFO  JsonSchemaValidation| Json schema validation successful: All values OK
22:20:42,515 DEBUG TextMessageValidator| Received message:
HTTPMESSAGE [id: 5894761a-0371-4d91-80bd-d7a72c6b14e5, payload: {"userId":71,"name":"Ms. Denice Conn","course":"Principal Infrastructure Facilitator","email":"71@qa.ru","age":37,"mark":{"name":"Course mark","score":4}}][headers: {Transfer-Encoding=chunked, Connection=keep-alive, contentType=application/json, Date=1689189641000, citrus_message_id=5894761a-0371-4d91-80bd-d7a72c6b14e5, citrus_message_timestamp=1689189642513, Keep-Alive=timeout=60, Content-Type=application/json, citrus_http_status_code=200, citrus_http_reason_phrase=OK, citrus_http_version=HTTP/1.1}]
22:20:42,515 DEBUG TextMessageValidator| Control message:
HTTPMESSAGE [id: 0759fc44-3b79-42f5-a686-32f3e11265c0, payload: {"userId":71,"email":"@contains('@qa.ru')@","name":"@matches('^[a-zA-Z\\s\\.]*$')@","course":"@matches('^[a-zA-Z\\s]*$')@","age":"@isNumber()@","mark":{"name":"@contains('Course mark')@","score":"@isNumber()@"}}][headers: {citrus_message_id=0759fc44-3b79-42f5-a686-32f3e11265c0, citrus_message_timestamp=1689189642513, citrus_http_reason_phrase=OK, citrus_http_status_code=200, citrus_message_type=JSON}]
22:20:42,515 DEBUG TextMessageValidator| Validation successful for JSON entry 'name' (@matches('^[a-zA-Z\s\.]*$')@)
22:20:42,515 DEBUG TextMessageValidator| Validation successful for JSON entry 'course' (@matches('^[a-zA-Z\s]*$')@)
22:20:42,515 DEBUG TextMessageValidator| Validation successful for JSON entry 'userId' (71)
22:20:42,515 DEBUG TextMessageValidator| Validation successful for JSON entry 'email' (@contains('@qa.ru')@)
22:20:42,515 DEBUG TextMessageValidator| Validation successful for JSON entry 'age' (@isNumber()@)
22:20:42,515 DEBUG TextMessageValidator| Validation successful for JSON entry 'score' (@isNumber()@)
22:20:42,515 DEBUG TextMessageValidator| Validation successful for JSON entry 'name' (@contains('Course mark')@)
22:20:42,515 DEBUG TextMessageValidator| Validation successful for JSON entry 'mark' ({"score":"@isNumber()@","name":"@contains('Course mark')@"})
22:20:42,515 INFO  TextMessageValidator| JSON message validation successful: All values OK
22:20:42,515 INFO  port.LoggingReporter| 
22:20:42,515 DEBUG port.LoggingReporter| TEST STEP 142 SUCCESS
]]></system-out>
  </testcase>
  <testcase name="getUserStubParametrizedTest(int)[72]" classname="citrus.HttpRESTStubTests" time="0.009">
    <system-out><![CDATA[22:20:42,517 INFO  port.LoggingReporter| 
22:20:42,517 INFO  port.LoggingReporter| ------------------------------------------------------------------------
22:20:42,517 DEBUG port.LoggingReporter| STARTING TEST HttpRESTStubTests.getUserStubParametrizedTest <citrus>
22:20:42,517 INFO  port.LoggingReporter| 
22:20:42,517 DEBUG trus.DefaultTestCase| Initializing test case
22:20:42,517 DEBUG trus.DefaultTestCase| Global variables:
22:20:42,517 DEBUG trus.DefaultTestCase| citrus_message_correlator_httpRESTClient = citrus_message_id = 'e2469bfc-de3f-43ac-b5cd-1cc3ed4dab6f'
22:20:42,517 DEBUG trus.DefaultTestCase| default.test.author = Unknown
22:20:42,517 DEBUG trus.DefaultTestCase| citrus.test.package = citrus
22:20:42,517 DEBUG trus.DefaultTestCase| citrus.test.name = HttpRESTStubTests.getUserStubParametrizedTest
22:20:42,517 DEBUG trus.DefaultTestCase| project.name = Citrus Integration Tests
22:20:42,517 DEBUG trus.DefaultTestCase| userId = 35
22:20:42,517 DEBUG trus.DefaultTestCase| citrus_message_replyTo_citrus_message_correlator_httpRESTClient = http://localhost:8080/user/get/71
22:20:42,517 DEBUG trus.DefaultTestCase| url = http://localhost:8080/user
22:20:42,517 DEBUG trus.DefaultTestCase| default.test.package = citrus
22:20:42,517 DEBUG  context.TestContext| Setting variable: citrus.test.name with value: 'HttpRESTStubTests.getUserStubParametrizedTest'
22:20:42,517 DEBUG  context.TestContext| Setting variable: citrus.test.package with value: 'citrus'
22:20:42,517 DEBUG trus.DefaultTestCase| Test variables:
22:20:42,517 DEBUG trus.DefaultTestCase| citrus_message_correlator_httpRESTClient = citrus_message_id = 'e2469bfc-de3f-43ac-b5cd-1cc3ed4dab6f'
22:20:42,517 DEBUG trus.DefaultTestCase| default.test.author = Unknown
22:20:42,517 DEBUG trus.DefaultTestCase| citrus.test.package = citrus
22:20:42,517 DEBUG trus.DefaultTestCase| citrus.test.name = HttpRESTStubTests.getUserStubParametrizedTest
22:20:42,517 DEBUG trus.DefaultTestCase| project.name = Citrus Integration Tests
22:20:42,517 DEBUG trus.DefaultTestCase| userId = 35
22:20:42,517 DEBUG trus.DefaultTestCase| citrus_message_replyTo_citrus_message_correlator_httpRESTClient = http://localhost:8080/user/get/71
22:20:42,517 DEBUG trus.DefaultTestCase| url = http://localhost:8080/user
22:20:42,517 DEBUG trus.DefaultTestCase| default.test.package = citrus
22:20:42,518 INFO  port.LoggingReporter| 
22:20:42,518 DEBUG port.LoggingReporter| TEST STEP 143: send
22:20:42,518 DEBUG ltCorrelationManager| Saving correlation key for 'citrus_message_correlator_httpRESTClient'
22:20:42,518 DEBUG  context.TestContext| Setting variable: citrus_message_correlator_httpRESTClient with value: 'citrus_message_id = '1969a9cc-f3f9-4bcf-b8ae-92148a4321b0''
22:20:42,518 DEBUG  context.TestContext| Setting variable: citrus_message_replyTo_citrus_message_correlator_httpRESTClient with value: 'http://localhost:8080/user/get/72'
22:20:42,518 INFO     client.HttpClient| Sending HTTP message to: 'http://localhost:8080/user/get/72'
22:20:42,518 DEBUG    client.HttpClient| Message to send:

22:20:42,518 DEBUG aultHttpHeaderMapper| outboundHeaderNames=[Accept, Accept-Charset, Accept-Encoding, Accept-Language, Accept-Ranges, Authorization, Cache-Control, Connection, Content-Length, Content-Type, Cookie, Date, Expect, From, Host, If-Match, If-Modified-Since, If-None-Match, If-Range, If-Unmodified-Since, Max-Forwards, Pragma, Proxy-Authorization, Range, Referer, TE, Upgrade, User-Agent, Via, Warning]
22:20:42,518 DEBUG aultHttpHeaderMapper| headerName=[citrus_message_timestamp] WILL NOT be mapped
22:20:42,518 DEBUG aultHttpHeaderMapper| headerName=[citrus_message_type] WILL NOT be mapped
22:20:42,518 DEBUG aultHttpHeaderMapper| headerName=[citrus_request_path] WILL NOT be mapped
22:20:42,518 DEBUG aultHttpHeaderMapper| headerName=[citrus_http_request_uri] WILL NOT be mapped
22:20:42,518 DEBUG aultHttpHeaderMapper| headerName=[id] WILL NOT be mapped
22:20:42,518 DEBUG aultHttpHeaderMapper| headerName=[citrus_message_id] WILL NOT be mapped
22:20:42,518 DEBUG aultHttpHeaderMapper| headerName=[citrus_http_method] WILL NOT be mapped
22:20:42,518 DEBUG aultHttpHeaderMapper| headerName=[timestamp] WILL NOT be mapped
22:20:42,518 DEBUG  client.RestTemplate| HTTP GET http://localhost:8080/user/get/72
22:20:42,518 DEBUG  client.RestTemplate| Accept=[text/plain, application/json, application/*+json, */*]
22:20:42,518 DEBUG ingClientInterceptor| Sending Http request message
22:20:42,520 DEBUG   Logger.Message_OUT| RAWMESSAGE [id: fbd58fdd-2fa8-49d8-af10-a9f13eafabbb, payload: GET http://localhost:8080/user/get/72
Accept:text/plain, application/json, application/*+json, */*
Content-Type:application/json;charset=UTF-8
Content-Length:0][headers: {citrus_message_id=fbd58fdd-2fa8-49d8-af10-a9f13eafabbb, citrus_message_timestamp=1689189642518}]
22:20:42,520 DEBUG ol.RequestAddCookies| CookieSpec selected: default
22:20:42,520 DEBUG col.RequestAuthCache| Auth cache not set in the context
22:20:42,520 DEBUG entConnectionManager| Connection request: [route: {}->http://localhost:8080][total available: 1; route allocated: 1 of 5; total allocated: 1 of 10]
22:20:42,520 DEBUG entConnectionManager| Connection leased: [id: 0][route: {}->http://localhost:8080][total available: 0; route allocated: 1 of 5; total allocated: 1 of 10]
22:20:42,520 DEBUG HttpClientConnection| http-outgoing-0: set socket timeout to 0
22:20:42,520 DEBUG chain.MainClientExec| Executing request GET /user/get/72 HTTP/1.1
22:20:42,520 DEBUG chain.MainClientExec| Target auth state: UNCHALLENGED
22:20:42,520 DEBUG chain.MainClientExec| Proxy auth state: UNCHALLENGED
22:20:42,520 DEBUG         http.headers| http-outgoing-0 >> GET /user/get/72 HTTP/1.1
22:20:42,520 DEBUG         http.headers| http-outgoing-0 >> Accept: text/plain, application/json, application/*+json, */*
22:20:42,520 DEBUG         http.headers| http-outgoing-0 >> Content-Type: application/json;charset=UTF-8
22:20:42,520 DEBUG         http.headers| http-outgoing-0 >> Host: localhost:8080
22:20:42,520 DEBUG         http.headers| http-outgoing-0 >> Connection: Keep-Alive
22:20:42,520 DEBUG         http.headers| http-outgoing-0 >> User-Agent: Apache-HttpClient/4.5.13 (Java/11.0.16)
22:20:42,520 DEBUG         http.headers| http-outgoing-0 >> Accept-Encoding: gzip,deflate
22:20:42,520 DEBUG            http.wire| http-outgoing-0 >> "GET /user/get/72 HTTP/1.1[\r][\n]"
22:20:42,520 DEBUG            http.wire| http-outgoing-0 >> "Accept: text/plain, application/json, application/*+json, */*[\r][\n]"
22:20:42,520 DEBUG            http.wire| http-outgoing-0 >> "Content-Type: application/json;charset=UTF-8[\r][\n]"
22:20:42,520 DEBUG            http.wire| http-outgoing-0 >> "Host: localhost:8080[\r][\n]"
22:20:42,520 DEBUG            http.wire| http-outgoing-0 >> "Connection: Keep-Alive[\r][\n]"
22:20:42,520 DEBUG            http.wire| http-outgoing-0 >> "User-Agent: Apache-HttpClient/4.5.13 (Java/11.0.16)[\r][\n]"
22:20:42,520 DEBUG            http.wire| http-outgoing-0 >> "Accept-Encoding: gzip,deflate[\r][\n]"
22:20:42,520 DEBUG            http.wire| http-outgoing-0 >> "[\r][\n]"
22:20:42,521 DEBUG            http.wire| http-outgoing-0 << "HTTP/1.1 200 [\r][\n]"
22:20:42,521 DEBUG            http.wire| http-outgoing-0 << "Content-Type: application/json[\r][\n]"
22:20:42,521 DEBUG            http.wire| http-outgoing-0 << "Transfer-Encoding: chunked[\r][\n]"
22:20:42,521 DEBUG            http.wire| http-outgoing-0 << "Date: Wed, 12 Jul 2023 19:20:41 GMT[\r][\n]"
22:20:42,521 DEBUG            http.wire| http-outgoing-0 << "Keep-Alive: timeout=60[\r][\n]"
22:20:42,521 DEBUG            http.wire| http-outgoing-0 << "Connection: keep-alive[\r][\n]"
22:20:42,521 DEBUG            http.wire| http-outgoing-0 << "[\r][\n]"
22:20:42,521 DEBUG            http.wire| http-outgoing-0 << "8d[\r][\n]"
22:20:42,521 DEBUG            http.wire| http-outgoing-0 << "{"userId":72,"name":"Eloise Tillman","course":"Chief Marketing Producer","email":"72@qa.ru","age":74,"mark":{"name":"Course mark","score":1}}[\r][\n]"
22:20:42,521 DEBUG         http.headers| http-outgoing-0 << HTTP/1.1 200 
22:20:42,521 DEBUG         http.headers| http-outgoing-0 << Content-Type: application/json
22:20:42,521 DEBUG         http.headers| http-outgoing-0 << Transfer-Encoding: chunked
22:20:42,521 DEBUG         http.headers| http-outgoing-0 << Date: Wed, 12 Jul 2023 19:20:41 GMT
22:20:42,521 DEBUG         http.headers| http-outgoing-0 << Keep-Alive: timeout=60
22:20:42,521 DEBUG         http.headers| http-outgoing-0 << Connection: keep-alive
22:20:42,521 DEBUG chain.MainClientExec| Connection can be kept alive for 60000 MILLISECONDS
22:20:42,521 DEBUG            http.wire| http-outgoing-0 << "0[\r][\n]"
22:20:42,521 DEBUG            http.wire| http-outgoing-0 << "[\r][\n]"
22:20:42,521 DEBUG entConnectionManager| Connection [id: 0][route: {}->http://localhost:8080] can be kept alive for 60.0 seconds
22:20:42,521 DEBUG HttpClientConnection| http-outgoing-0: set socket timeout to 0
22:20:42,521 DEBUG entConnectionManager| Connection released: [id: 0][route: {}->http://localhost:8080][total available: 1; route allocated: 1 of 5; total allocated: 1 of 10]
22:20:42,521 DEBUG ingClientInterceptor| Received Http response message
22:20:42,523 DEBUG    Logger.Message_IN| RAWMESSAGE [id: 52d4a830-8054-4a70-8412-0780be9e4f8c, payload: HTTP/1.1 200 OK 
Content-Type:application/json
Transfer-Encoding:chunked
Date:Wed, 12 Jul 2023 19:20:41 GMT
Keep-Alive:timeout=60
Connection:keep-alive

{"userId":72,"name":"Eloise Tillman","course":"Chief Marketing Producer","email":"72@qa.ru","age":74,"mark":{"name":"Course mark","score":1}}][headers: {citrus_message_id=52d4a830-8054-4a70-8412-0780be9e4f8c, citrus_message_timestamp=1689189642521}]
22:20:42,523 DEBUG  client.RestTemplate| Response 200 OK
22:20:42,523 DEBUG  client.RestTemplate| Reading to [java.lang.String] as "application/json"
22:20:42,523 INFO     client.HttpClient| HTTP message was sent to endpoint: 'http://localhost:8080/user/get/72'
22:20:42,523 DEBUG aultHttpHeaderMapper| inboundHeaderNames=[Accept-Ranges, Age, Allow, Cache-Control, Connection, Content-Encoding, Content-Language, Content-Length, Content-Location, Content-MD5, Content-Range, Content-Type, Content-Disposition, Transfer-Encoding, Date, ETag, Expires, Last-Modified, Location, Pragma, Proxy-Authenticate, Refresh, Retry-After, Server, Set-Cookie, Trailer, Vary, Via, Warning, WWW-Authenticate]
22:20:42,523 DEBUG aultHttpHeaderMapper| headerName=[content-type] WILL be mapped, matched pattern=content-type
22:20:42,523 DEBUG aultHttpHeaderMapper| setting headerName=[contentType], value=application/json
22:20:42,523 DEBUG aultHttpHeaderMapper| headerName=[transfer-encoding] WILL be mapped, matched pattern=transfer-encoding
22:20:42,523 DEBUG aultHttpHeaderMapper| setting headerName=[Transfer-Encoding], value=[chunked]
22:20:42,523 DEBUG aultHttpHeaderMapper| headerName=[date] WILL be mapped, matched pattern=date
22:20:42,523 DEBUG aultHttpHeaderMapper| setting headerName=[Date], value=1 689 189 641 000
22:20:42,523 DEBUG aultHttpHeaderMapper| headerName=[keep-alive] WILL NOT be mapped
22:20:42,523 DEBUG aultHttpHeaderMapper| headerName=[connection] WILL be mapped, matched pattern=connection
22:20:42,523 DEBUG aultHttpHeaderMapper| setting headerName=[Connection], value=[keep-alive]
22:20:42,523 DEBUG ltCorrelationManager| Saving correlated object for 'citrus_message_id = '1969a9cc-f3f9-4bcf-b8ae-92148a4321b0''
22:20:42,523 INFO  port.LoggingReporter| 
22:20:42,523 DEBUG port.LoggingReporter| TEST STEP 143 SUCCESS
22:20:42,523 INFO  port.LoggingReporter| 
22:20:42,523 DEBUG port.LoggingReporter| TEST STEP 144: receive
22:20:42,523 DEBUG ngCorrelationManager| Get correlation key for 'citrus_message_correlator_httpRESTClient'
22:20:42,523 DEBUG ltCorrelationManager| Finding correlated object for 'citrus_message_id = '1969a9cc-f3f9-4bcf-b8ae-92148a4321b0''
22:20:42,524 DEBUG ageValidatorRegistry| Found 4 message validators for message
22:20:42,524 DEBUG ssageHeaderValidator| Start message header validation ...
22:20:42,524 DEBUG faultHeaderValidator| Validating header element: citrus_http_reason_phrase='OK': OK.
22:20:42,524 DEBUG faultHeaderValidator| Validating header element: citrus_http_status_code='200': OK.
22:20:42,524 INFO  ssageHeaderValidator| Message header validation successful: All values OK
22:20:42,524 DEBUG TextMessageValidator| Start JSON message validation ...
22:20:42,524 DEBUG JsonSchemaValidation| Starting Json schema validation ...
22:20:42,524 INFO  JsonSchemaValidation| Json schema validation successful: All values OK
22:20:42,524 DEBUG TextMessageValidator| Received message:
HTTPMESSAGE [id: 334325a4-39cc-40ef-8b96-7d1905867c48, payload: {"userId":72,"name":"Eloise Tillman","course":"Chief Marketing Producer","email":"72@qa.ru","age":74,"mark":{"name":"Course mark","score":1}}][headers: {Transfer-Encoding=chunked, Connection=keep-alive, contentType=application/json, Date=1689189641000, citrus_message_id=334325a4-39cc-40ef-8b96-7d1905867c48, citrus_message_timestamp=1689189642523, Keep-Alive=timeout=60, Content-Type=application/json, citrus_http_status_code=200, citrus_http_reason_phrase=OK, citrus_http_version=HTTP/1.1}]
22:20:42,524 DEBUG TextMessageValidator| Control message:
HTTPMESSAGE [id: 2429550e-50a4-45c8-8263-533d40489dd3, payload: {"userId":72,"email":"@contains('@qa.ru')@","name":"@matches('^[a-zA-Z\\s\\.]*$')@","course":"@matches('^[a-zA-Z\\s]*$')@","age":"@isNumber()@","mark":{"name":"@contains('Course mark')@","score":"@isNumber()@"}}][headers: {citrus_message_id=2429550e-50a4-45c8-8263-533d40489dd3, citrus_message_timestamp=1689189642523, citrus_http_reason_phrase=OK, citrus_http_status_code=200, citrus_message_type=JSON}]
22:20:42,525 DEBUG TextMessageValidator| Validation successful for JSON entry 'name' (@matches('^[a-zA-Z\s\.]*$')@)
22:20:42,525 DEBUG TextMessageValidator| Validation successful for JSON entry 'course' (@matches('^[a-zA-Z\s]*$')@)
22:20:42,525 DEBUG TextMessageValidator| Validation successful for JSON entry 'userId' (72)
22:20:42,525 DEBUG TextMessageValidator| Validation successful for JSON entry 'email' (@contains('@qa.ru')@)
22:20:42,525 DEBUG TextMessageValidator| Validation successful for JSON entry 'age' (@isNumber()@)
22:20:42,525 DEBUG TextMessageValidator| Validation successful for JSON entry 'score' (@isNumber()@)
22:20:42,525 DEBUG TextMessageValidator| Validation successful for JSON entry 'name' (@contains('Course mark')@)
22:20:42,525 DEBUG TextMessageValidator| Validation successful for JSON entry 'mark' ({"score":"@isNumber()@","name":"@contains('Course mark')@"})
22:20:42,525 INFO  TextMessageValidator| JSON message validation successful: All values OK
22:20:42,525 INFO  port.LoggingReporter| 
22:20:42,525 DEBUG port.LoggingReporter| TEST STEP 144 SUCCESS
]]></system-out>
  </testcase>
  <testcase name="getUserStubParametrizedTest(int)[73]" classname="citrus.HttpRESTStubTests" time="0.009">
    <system-out><![CDATA[22:20:42,527 INFO  port.LoggingReporter| 
22:20:42,527 INFO  port.LoggingReporter| ------------------------------------------------------------------------
22:20:42,527 DEBUG port.LoggingReporter| STARTING TEST HttpRESTStubTests.getUserStubParametrizedTest <citrus>
22:20:42,527 INFO  port.LoggingReporter| 
22:20:42,527 DEBUG trus.DefaultTestCase| Initializing test case
22:20:42,527 DEBUG trus.DefaultTestCase| Global variables:
22:20:42,527 DEBUG trus.DefaultTestCase| citrus_message_correlator_httpRESTClient = citrus_message_id = '1969a9cc-f3f9-4bcf-b8ae-92148a4321b0'
22:20:42,527 DEBUG trus.DefaultTestCase| default.test.author = Unknown
22:20:42,527 DEBUG trus.DefaultTestCase| citrus.test.package = citrus
22:20:42,527 DEBUG trus.DefaultTestCase| citrus.test.name = HttpRESTStubTests.getUserStubParametrizedTest
22:20:42,527 DEBUG trus.DefaultTestCase| project.name = Citrus Integration Tests
22:20:42,527 DEBUG trus.DefaultTestCase| userId = 35
22:20:42,527 DEBUG trus.DefaultTestCase| citrus_message_replyTo_citrus_message_correlator_httpRESTClient = http://localhost:8080/user/get/72
22:20:42,527 DEBUG trus.DefaultTestCase| url = http://localhost:8080/user
22:20:42,527 DEBUG trus.DefaultTestCase| default.test.package = citrus
22:20:42,527 DEBUG  context.TestContext| Setting variable: citrus.test.name with value: 'HttpRESTStubTests.getUserStubParametrizedTest'
22:20:42,527 DEBUG  context.TestContext| Setting variable: citrus.test.package with value: 'citrus'
22:20:42,527 DEBUG trus.DefaultTestCase| Test variables:
22:20:42,527 DEBUG trus.DefaultTestCase| citrus_message_correlator_httpRESTClient = citrus_message_id = '1969a9cc-f3f9-4bcf-b8ae-92148a4321b0'
22:20:42,527 DEBUG trus.DefaultTestCase| default.test.author = Unknown
22:20:42,527 DEBUG trus.DefaultTestCase| citrus.test.package = citrus
22:20:42,527 DEBUG trus.DefaultTestCase| citrus.test.name = HttpRESTStubTests.getUserStubParametrizedTest
22:20:42,527 DEBUG trus.DefaultTestCase| project.name = Citrus Integration Tests
22:20:42,527 DEBUG trus.DefaultTestCase| userId = 35
22:20:42,527 DEBUG trus.DefaultTestCase| citrus_message_replyTo_citrus_message_correlator_httpRESTClient = http://localhost:8080/user/get/72
22:20:42,527 DEBUG trus.DefaultTestCase| url = http://localhost:8080/user
22:20:42,527 DEBUG trus.DefaultTestCase| default.test.package = citrus
22:20:42,528 INFO  port.LoggingReporter| 
22:20:42,528 DEBUG port.LoggingReporter| TEST STEP 145: send
22:20:42,528 DEBUG ltCorrelationManager| Saving correlation key for 'citrus_message_correlator_httpRESTClient'
22:20:42,528 DEBUG  context.TestContext| Setting variable: citrus_message_correlator_httpRESTClient with value: 'citrus_message_id = '21c14eb6-c909-4332-9760-231c7fff2a88''
22:20:42,528 DEBUG  context.TestContext| Setting variable: citrus_message_replyTo_citrus_message_correlator_httpRESTClient with value: 'http://localhost:8080/user/get/73'
22:20:42,528 INFO     client.HttpClient| Sending HTTP message to: 'http://localhost:8080/user/get/73'
22:20:42,528 DEBUG    client.HttpClient| Message to send:

22:20:42,528 DEBUG aultHttpHeaderMapper| outboundHeaderNames=[Accept, Accept-Charset, Accept-Encoding, Accept-Language, Accept-Ranges, Authorization, Cache-Control, Connection, Content-Length, Content-Type, Cookie, Date, Expect, From, Host, If-Match, If-Modified-Since, If-None-Match, If-Range, If-Unmodified-Since, Max-Forwards, Pragma, Proxy-Authorization, Range, Referer, TE, Upgrade, User-Agent, Via, Warning]
22:20:42,528 DEBUG aultHttpHeaderMapper| headerName=[citrus_message_timestamp] WILL NOT be mapped
22:20:42,528 DEBUG aultHttpHeaderMapper| headerName=[citrus_message_type] WILL NOT be mapped
22:20:42,528 DEBUG aultHttpHeaderMapper| headerName=[citrus_request_path] WILL NOT be mapped
22:20:42,528 DEBUG aultHttpHeaderMapper| headerName=[citrus_http_request_uri] WILL NOT be mapped
22:20:42,528 DEBUG aultHttpHeaderMapper| headerName=[id] WILL NOT be mapped
22:20:42,528 DEBUG aultHttpHeaderMapper| headerName=[citrus_message_id] WILL NOT be mapped
22:20:42,528 DEBUG aultHttpHeaderMapper| headerName=[citrus_http_method] WILL NOT be mapped
22:20:42,528 DEBUG aultHttpHeaderMapper| headerName=[timestamp] WILL NOT be mapped
22:20:42,528 DEBUG  client.RestTemplate| HTTP GET http://localhost:8080/user/get/73
22:20:42,528 DEBUG  client.RestTemplate| Accept=[text/plain, application/json, application/*+json, */*]
22:20:42,528 DEBUG ingClientInterceptor| Sending Http request message
22:20:42,529 DEBUG   Logger.Message_OUT| RAWMESSAGE [id: 4b7b113c-8f2f-43e8-aeb1-40100543d028, payload: GET http://localhost:8080/user/get/73
Accept:text/plain, application/json, application/*+json, */*
Content-Type:application/json;charset=UTF-8
Content-Length:0][headers: {citrus_message_id=4b7b113c-8f2f-43e8-aeb1-40100543d028, citrus_message_timestamp=1689189642528}]
22:20:42,530 DEBUG ol.RequestAddCookies| CookieSpec selected: default
22:20:42,530 DEBUG col.RequestAuthCache| Auth cache not set in the context
22:20:42,530 DEBUG entConnectionManager| Connection request: [route: {}->http://localhost:8080][total available: 1; route allocated: 1 of 5; total allocated: 1 of 10]
22:20:42,530 DEBUG entConnectionManager| Connection leased: [id: 0][route: {}->http://localhost:8080][total available: 0; route allocated: 1 of 5; total allocated: 1 of 10]
22:20:42,530 DEBUG HttpClientConnection| http-outgoing-0: set socket timeout to 0
22:20:42,530 DEBUG chain.MainClientExec| Executing request GET /user/get/73 HTTP/1.1
22:20:42,530 DEBUG chain.MainClientExec| Target auth state: UNCHALLENGED
22:20:42,530 DEBUG chain.MainClientExec| Proxy auth state: UNCHALLENGED
22:20:42,530 DEBUG         http.headers| http-outgoing-0 >> GET /user/get/73 HTTP/1.1
22:20:42,530 DEBUG         http.headers| http-outgoing-0 >> Accept: text/plain, application/json, application/*+json, */*
22:20:42,530 DEBUG         http.headers| http-outgoing-0 >> Content-Type: application/json;charset=UTF-8
22:20:42,530 DEBUG         http.headers| http-outgoing-0 >> Host: localhost:8080
22:20:42,530 DEBUG         http.headers| http-outgoing-0 >> Connection: Keep-Alive
22:20:42,530 DEBUG         http.headers| http-outgoing-0 >> User-Agent: Apache-HttpClient/4.5.13 (Java/11.0.16)
22:20:42,530 DEBUG         http.headers| http-outgoing-0 >> Accept-Encoding: gzip,deflate
22:20:42,530 DEBUG            http.wire| http-outgoing-0 >> "GET /user/get/73 HTTP/1.1[\r][\n]"
22:20:42,530 DEBUG            http.wire| http-outgoing-0 >> "Accept: text/plain, application/json, application/*+json, */*[\r][\n]"
22:20:42,530 DEBUG            http.wire| http-outgoing-0 >> "Content-Type: application/json;charset=UTF-8[\r][\n]"
22:20:42,530 DEBUG            http.wire| http-outgoing-0 >> "Host: localhost:8080[\r][\n]"
22:20:42,530 DEBUG            http.wire| http-outgoing-0 >> "Connection: Keep-Alive[\r][\n]"
22:20:42,530 DEBUG            http.wire| http-outgoing-0 >> "User-Agent: Apache-HttpClient/4.5.13 (Java/11.0.16)[\r][\n]"
22:20:42,530 DEBUG            http.wire| http-outgoing-0 >> "Accept-Encoding: gzip,deflate[\r][\n]"
22:20:42,530 DEBUG            http.wire| http-outgoing-0 >> "[\r][\n]"
22:20:42,531 DEBUG            http.wire| http-outgoing-0 << "HTTP/1.1 200 [\r][\n]"
22:20:42,531 DEBUG            http.wire| http-outgoing-0 << "Content-Type: application/json[\r][\n]"
22:20:42,531 DEBUG            http.wire| http-outgoing-0 << "Transfer-Encoding: chunked[\r][\n]"
22:20:42,531 DEBUG            http.wire| http-outgoing-0 << "Date: Wed, 12 Jul 2023 19:20:41 GMT[\r][\n]"
22:20:42,531 DEBUG            http.wire| http-outgoing-0 << "Keep-Alive: timeout=60[\r][\n]"
22:20:42,531 DEBUG            http.wire| http-outgoing-0 << "Connection: keep-alive[\r][\n]"
22:20:42,531 DEBUG            http.wire| http-outgoing-0 << "[\r][\n]"
22:20:42,531 DEBUG            http.wire| http-outgoing-0 << "8e[\r][\n]"
22:20:42,531 DEBUG            http.wire| http-outgoing-0 << "{"userId":73,"name":"Merissa Marquardt","course":"Human Operations Agent","email":"73@qa.ru","age":87,"mark":{"name":"Course mark","score":3}}[\r][\n]"
22:20:42,531 DEBUG         http.headers| http-outgoing-0 << HTTP/1.1 200 
22:20:42,531 DEBUG         http.headers| http-outgoing-0 << Content-Type: application/json
22:20:42,531 DEBUG         http.headers| http-outgoing-0 << Transfer-Encoding: chunked
22:20:42,531 DEBUG         http.headers| http-outgoing-0 << Date: Wed, 12 Jul 2023 19:20:41 GMT
22:20:42,531 DEBUG         http.headers| http-outgoing-0 << Keep-Alive: timeout=60
22:20:42,531 DEBUG         http.headers| http-outgoing-0 << Connection: keep-alive
22:20:42,531 DEBUG chain.MainClientExec| Connection can be kept alive for 60000 MILLISECONDS
22:20:42,531 DEBUG            http.wire| http-outgoing-0 << "0[\r][\n]"
22:20:42,531 DEBUG            http.wire| http-outgoing-0 << "[\r][\n]"
22:20:42,531 DEBUG entConnectionManager| Connection [id: 0][route: {}->http://localhost:8080] can be kept alive for 60.0 seconds
22:20:42,531 DEBUG HttpClientConnection| http-outgoing-0: set socket timeout to 0
22:20:42,531 DEBUG entConnectionManager| Connection released: [id: 0][route: {}->http://localhost:8080][total available: 1; route allocated: 1 of 5; total allocated: 1 of 10]
22:20:42,531 DEBUG ingClientInterceptor| Received Http response message
22:20:42,532 DEBUG    Logger.Message_IN| RAWMESSAGE [id: 6666f3d5-c7ef-4075-9df5-d35d2b59d388, payload: HTTP/1.1 200 OK 
Content-Type:application/json
Transfer-Encoding:chunked
Date:Wed, 12 Jul 2023 19:20:41 GMT
Keep-Alive:timeout=60
Connection:keep-alive

{"userId":73,"name":"Merissa Marquardt","course":"Human Operations Agent","email":"73@qa.ru","age":87,"mark":{"name":"Course mark","score":3}}][headers: {citrus_message_id=6666f3d5-c7ef-4075-9df5-d35d2b59d388, citrus_message_timestamp=1689189642531}]
22:20:42,532 DEBUG  client.RestTemplate| Response 200 OK
22:20:42,532 DEBUG  client.RestTemplate| Reading to [java.lang.String] as "application/json"
22:20:42,532 INFO     client.HttpClient| HTTP message was sent to endpoint: 'http://localhost:8080/user/get/73'
22:20:42,532 DEBUG aultHttpHeaderMapper| inboundHeaderNames=[Accept-Ranges, Age, Allow, Cache-Control, Connection, Content-Encoding, Content-Language, Content-Length, Content-Location, Content-MD5, Content-Range, Content-Type, Content-Disposition, Transfer-Encoding, Date, ETag, Expires, Last-Modified, Location, Pragma, Proxy-Authenticate, Refresh, Retry-After, Server, Set-Cookie, Trailer, Vary, Via, Warning, WWW-Authenticate]
22:20:42,532 DEBUG aultHttpHeaderMapper| headerName=[content-type] WILL be mapped, matched pattern=content-type
22:20:42,532 DEBUG aultHttpHeaderMapper| setting headerName=[contentType], value=application/json
22:20:42,532 DEBUG aultHttpHeaderMapper| headerName=[transfer-encoding] WILL be mapped, matched pattern=transfer-encoding
22:20:42,533 DEBUG aultHttpHeaderMapper| setting headerName=[Transfer-Encoding], value=[chunked]
22:20:42,533 DEBUG aultHttpHeaderMapper| headerName=[date] WILL be mapped, matched pattern=date
22:20:42,533 DEBUG aultHttpHeaderMapper| setting headerName=[Date], value=1 689 189 641 000
22:20:42,533 DEBUG aultHttpHeaderMapper| headerName=[keep-alive] WILL NOT be mapped
22:20:42,533 DEBUG aultHttpHeaderMapper| headerName=[connection] WILL be mapped, matched pattern=connection
22:20:42,533 DEBUG aultHttpHeaderMapper| setting headerName=[Connection], value=[keep-alive]
22:20:42,533 DEBUG ltCorrelationManager| Saving correlated object for 'citrus_message_id = '21c14eb6-c909-4332-9760-231c7fff2a88''
22:20:42,533 INFO  port.LoggingReporter| 
22:20:42,533 DEBUG port.LoggingReporter| TEST STEP 145 SUCCESS
22:20:42,533 INFO  port.LoggingReporter| 
22:20:42,533 DEBUG port.LoggingReporter| TEST STEP 146: receive
22:20:42,533 DEBUG ngCorrelationManager| Get correlation key for 'citrus_message_correlator_httpRESTClient'
22:20:42,533 DEBUG ltCorrelationManager| Finding correlated object for 'citrus_message_id = '21c14eb6-c909-4332-9760-231c7fff2a88''
22:20:42,534 DEBUG ageValidatorRegistry| Found 4 message validators for message
22:20:42,534 DEBUG ssageHeaderValidator| Start message header validation ...
22:20:42,534 DEBUG faultHeaderValidator| Validating header element: citrus_http_reason_phrase='OK': OK.
22:20:42,534 DEBUG faultHeaderValidator| Validating header element: citrus_http_status_code='200': OK.
22:20:42,534 INFO  ssageHeaderValidator| Message header validation successful: All values OK
22:20:42,534 DEBUG TextMessageValidator| Start JSON message validation ...
22:20:42,534 DEBUG JsonSchemaValidation| Starting Json schema validation ...
22:20:42,534 INFO  JsonSchemaValidation| Json schema validation successful: All values OK
22:20:42,534 DEBUG TextMessageValidator| Received message:
HTTPMESSAGE [id: a6ffc552-3ebc-4462-92f1-b489c1aba4d2, payload: {"userId":73,"name":"Merissa Marquardt","course":"Human Operations Agent","email":"73@qa.ru","age":87,"mark":{"name":"Course mark","score":3}}][headers: {Transfer-Encoding=chunked, Connection=keep-alive, contentType=application/json, Date=1689189641000, citrus_message_id=a6ffc552-3ebc-4462-92f1-b489c1aba4d2, citrus_message_timestamp=1689189642533, Keep-Alive=timeout=60, Content-Type=application/json, citrus_http_status_code=200, citrus_http_reason_phrase=OK, citrus_http_version=HTTP/1.1}]
22:20:42,534 DEBUG TextMessageValidator| Control message:
HTTPMESSAGE [id: b8597e52-fb21-4a80-bf80-a79be3709584, payload: {"userId":73,"email":"@contains('@qa.ru')@","name":"@matches('^[a-zA-Z\\s\\.]*$')@","course":"@matches('^[a-zA-Z\\s]*$')@","age":"@isNumber()@","mark":{"name":"@contains('Course mark')@","score":"@isNumber()@"}}][headers: {citrus_message_id=b8597e52-fb21-4a80-bf80-a79be3709584, citrus_message_timestamp=1689189642533, citrus_http_reason_phrase=OK, citrus_http_status_code=200, citrus_message_type=JSON}]
22:20:42,534 DEBUG TextMessageValidator| Validation successful for JSON entry 'name' (@matches('^[a-zA-Z\s\.]*$')@)
22:20:42,534 DEBUG TextMessageValidator| Validation successful for JSON entry 'course' (@matches('^[a-zA-Z\s]*$')@)
22:20:42,534 DEBUG TextMessageValidator| Validation successful for JSON entry 'userId' (73)
22:20:42,534 DEBUG TextMessageValidator| Validation successful for JSON entry 'email' (@contains('@qa.ru')@)
22:20:42,534 DEBUG TextMessageValidator| Validation successful for JSON entry 'age' (@isNumber()@)
22:20:42,534 DEBUG TextMessageValidator| Validation successful for JSON entry 'score' (@isNumber()@)
22:20:42,534 DEBUG TextMessageValidator| Validation successful for JSON entry 'name' (@contains('Course mark')@)
22:20:42,534 DEBUG TextMessageValidator| Validation successful for JSON entry 'mark' ({"score":"@isNumber()@","name":"@contains('Course mark')@"})
22:20:42,534 INFO  TextMessageValidator| JSON message validation successful: All values OK
22:20:42,534 INFO  port.LoggingReporter| 
22:20:42,534 DEBUG port.LoggingReporter| TEST STEP 146 SUCCESS
]]></system-out>
  </testcase>
  <testcase name="getUserStubParametrizedTest(int)[74]" classname="citrus.HttpRESTStubTests" time="0.008">
    <system-out><![CDATA[22:20:42,537 INFO  port.LoggingReporter| 
22:20:42,537 INFO  port.LoggingReporter| ------------------------------------------------------------------------
22:20:42,537 DEBUG port.LoggingReporter| STARTING TEST HttpRESTStubTests.getUserStubParametrizedTest <citrus>
22:20:42,537 INFO  port.LoggingReporter| 
22:20:42,537 DEBUG trus.DefaultTestCase| Initializing test case
22:20:42,537 DEBUG trus.DefaultTestCase| Global variables:
22:20:42,537 DEBUG trus.DefaultTestCase| citrus_message_correlator_httpRESTClient = citrus_message_id = '21c14eb6-c909-4332-9760-231c7fff2a88'
22:20:42,537 DEBUG trus.DefaultTestCase| default.test.author = Unknown
22:20:42,537 DEBUG trus.DefaultTestCase| citrus.test.package = citrus
22:20:42,537 DEBUG trus.DefaultTestCase| citrus.test.name = HttpRESTStubTests.getUserStubParametrizedTest
22:20:42,537 DEBUG trus.DefaultTestCase| project.name = Citrus Integration Tests
22:20:42,537 DEBUG trus.DefaultTestCase| userId = 35
22:20:42,537 DEBUG trus.DefaultTestCase| citrus_message_replyTo_citrus_message_correlator_httpRESTClient = http://localhost:8080/user/get/73
22:20:42,537 DEBUG trus.DefaultTestCase| url = http://localhost:8080/user
22:20:42,537 DEBUG trus.DefaultTestCase| default.test.package = citrus
22:20:42,537 DEBUG  context.TestContext| Setting variable: citrus.test.name with value: 'HttpRESTStubTests.getUserStubParametrizedTest'
22:20:42,537 DEBUG  context.TestContext| Setting variable: citrus.test.package with value: 'citrus'
22:20:42,537 DEBUG trus.DefaultTestCase| Test variables:
22:20:42,537 DEBUG trus.DefaultTestCase| citrus_message_correlator_httpRESTClient = citrus_message_id = '21c14eb6-c909-4332-9760-231c7fff2a88'
22:20:42,537 DEBUG trus.DefaultTestCase| default.test.author = Unknown
22:20:42,537 DEBUG trus.DefaultTestCase| citrus.test.package = citrus
22:20:42,537 DEBUG trus.DefaultTestCase| citrus.test.name = HttpRESTStubTests.getUserStubParametrizedTest
22:20:42,537 DEBUG trus.DefaultTestCase| project.name = Citrus Integration Tests
22:20:42,537 DEBUG trus.DefaultTestCase| userId = 35
22:20:42,537 DEBUG trus.DefaultTestCase| citrus_message_replyTo_citrus_message_correlator_httpRESTClient = http://localhost:8080/user/get/73
22:20:42,537 DEBUG trus.DefaultTestCase| url = http://localhost:8080/user
22:20:42,537 DEBUG trus.DefaultTestCase| default.test.package = citrus
22:20:42,537 INFO  port.LoggingReporter| 
22:20:42,537 DEBUG port.LoggingReporter| TEST STEP 147: send
22:20:42,537 DEBUG ltCorrelationManager| Saving correlation key for 'citrus_message_correlator_httpRESTClient'
22:20:42,537 DEBUG  context.TestContext| Setting variable: citrus_message_correlator_httpRESTClient with value: 'citrus_message_id = '9f0cad8c-6710-44ea-8b01-3466c7d08257''
22:20:42,537 DEBUG  context.TestContext| Setting variable: citrus_message_replyTo_citrus_message_correlator_httpRESTClient with value: 'http://localhost:8080/user/get/74'
22:20:42,537 INFO     client.HttpClient| Sending HTTP message to: 'http://localhost:8080/user/get/74'
22:20:42,537 DEBUG    client.HttpClient| Message to send:

22:20:42,537 DEBUG aultHttpHeaderMapper| outboundHeaderNames=[Accept, Accept-Charset, Accept-Encoding, Accept-Language, Accept-Ranges, Authorization, Cache-Control, Connection, Content-Length, Content-Type, Cookie, Date, Expect, From, Host, If-Match, If-Modified-Since, If-None-Match, If-Range, If-Unmodified-Since, Max-Forwards, Pragma, Proxy-Authorization, Range, Referer, TE, Upgrade, User-Agent, Via, Warning]
22:20:42,537 DEBUG aultHttpHeaderMapper| headerName=[citrus_message_timestamp] WILL NOT be mapped
22:20:42,537 DEBUG aultHttpHeaderMapper| headerName=[citrus_message_type] WILL NOT be mapped
22:20:42,537 DEBUG aultHttpHeaderMapper| headerName=[citrus_request_path] WILL NOT be mapped
22:20:42,537 DEBUG aultHttpHeaderMapper| headerName=[citrus_http_request_uri] WILL NOT be mapped
22:20:42,537 DEBUG aultHttpHeaderMapper| headerName=[id] WILL NOT be mapped
22:20:42,537 DEBUG aultHttpHeaderMapper| headerName=[citrus_message_id] WILL NOT be mapped
22:20:42,537 DEBUG aultHttpHeaderMapper| headerName=[citrus_http_method] WILL NOT be mapped
22:20:42,537 DEBUG aultHttpHeaderMapper| headerName=[timestamp] WILL NOT be mapped
22:20:42,537 DEBUG  client.RestTemplate| HTTP GET http://localhost:8080/user/get/74
22:20:42,537 DEBUG  client.RestTemplate| Accept=[text/plain, application/json, application/*+json, */*]
22:20:42,538 DEBUG ingClientInterceptor| Sending Http request message
22:20:42,538 DEBUG   Logger.Message_OUT| RAWMESSAGE [id: 724d1e03-9b9b-4251-8107-dd3f3b4d8e7f, payload: GET http://localhost:8080/user/get/74
Accept:text/plain, application/json, application/*+json, */*
Content-Type:application/json;charset=UTF-8
Content-Length:0][headers: {citrus_message_id=724d1e03-9b9b-4251-8107-dd3f3b4d8e7f, citrus_message_timestamp=1689189642538}]
22:20:42,539 DEBUG ol.RequestAddCookies| CookieSpec selected: default
22:20:42,539 DEBUG col.RequestAuthCache| Auth cache not set in the context
22:20:42,539 DEBUG entConnectionManager| Connection request: [route: {}->http://localhost:8080][total available: 1; route allocated: 1 of 5; total allocated: 1 of 10]
22:20:42,539 DEBUG entConnectionManager| Connection leased: [id: 0][route: {}->http://localhost:8080][total available: 0; route allocated: 1 of 5; total allocated: 1 of 10]
22:20:42,539 DEBUG HttpClientConnection| http-outgoing-0: set socket timeout to 0
22:20:42,539 DEBUG chain.MainClientExec| Executing request GET /user/get/74 HTTP/1.1
22:20:42,539 DEBUG chain.MainClientExec| Target auth state: UNCHALLENGED
22:20:42,539 DEBUG chain.MainClientExec| Proxy auth state: UNCHALLENGED
22:20:42,539 DEBUG         http.headers| http-outgoing-0 >> GET /user/get/74 HTTP/1.1
22:20:42,539 DEBUG         http.headers| http-outgoing-0 >> Accept: text/plain, application/json, application/*+json, */*
22:20:42,539 DEBUG         http.headers| http-outgoing-0 >> Content-Type: application/json;charset=UTF-8
22:20:42,539 DEBUG         http.headers| http-outgoing-0 >> Host: localhost:8080
22:20:42,539 DEBUG         http.headers| http-outgoing-0 >> Connection: Keep-Alive
22:20:42,539 DEBUG         http.headers| http-outgoing-0 >> User-Agent: Apache-HttpClient/4.5.13 (Java/11.0.16)
22:20:42,539 DEBUG         http.headers| http-outgoing-0 >> Accept-Encoding: gzip,deflate
22:20:42,539 DEBUG            http.wire| http-outgoing-0 >> "GET /user/get/74 HTTP/1.1[\r][\n]"
22:20:42,539 DEBUG            http.wire| http-outgoing-0 >> "Accept: text/plain, application/json, application/*+json, */*[\r][\n]"
22:20:42,539 DEBUG            http.wire| http-outgoing-0 >> "Content-Type: application/json;charset=UTF-8[\r][\n]"
22:20:42,539 DEBUG            http.wire| http-outgoing-0 >> "Host: localhost:8080[\r][\n]"
22:20:42,539 DEBUG            http.wire| http-outgoing-0 >> "Connection: Keep-Alive[\r][\n]"
22:20:42,539 DEBUG            http.wire| http-outgoing-0 >> "User-Agent: Apache-HttpClient/4.5.13 (Java/11.0.16)[\r][\n]"
22:20:42,539 DEBUG            http.wire| http-outgoing-0 >> "Accept-Encoding: gzip,deflate[\r][\n]"
22:20:42,539 DEBUG            http.wire| http-outgoing-0 >> "[\r][\n]"
22:20:42,540 DEBUG            http.wire| http-outgoing-0 << "HTTP/1.1 200 [\r][\n]"
22:20:42,540 DEBUG            http.wire| http-outgoing-0 << "Content-Type: application/json[\r][\n]"
22:20:42,540 DEBUG            http.wire| http-outgoing-0 << "Transfer-Encoding: chunked[\r][\n]"
22:20:42,540 DEBUG            http.wire| http-outgoing-0 << "Date: Wed, 12 Jul 2023 19:20:41 GMT[\r][\n]"
22:20:42,540 DEBUG            http.wire| http-outgoing-0 << "Keep-Alive: timeout=60[\r][\n]"
22:20:42,540 DEBUG            http.wire| http-outgoing-0 << "Connection: keep-alive[\r][\n]"
22:20:42,540 DEBUG            http.wire| http-outgoing-0 << "[\r][\n]"
22:20:42,540 DEBUG            http.wire| http-outgoing-0 << "8b[\r][\n]"
22:20:42,540 DEBUG            http.wire| http-outgoing-0 << "{"userId":74,"name":"Amparo Renner","course":"Human Branding Engineer","email":"74@qa.ru","age":40,"mark":{"name":"Course mark","score":2}}[\r][\n]"
22:20:42,540 DEBUG         http.headers| http-outgoing-0 << HTTP/1.1 200 
22:20:42,540 DEBUG         http.headers| http-outgoing-0 << Content-Type: application/json
22:20:42,540 DEBUG         http.headers| http-outgoing-0 << Transfer-Encoding: chunked
22:20:42,540 DEBUG         http.headers| http-outgoing-0 << Date: Wed, 12 Jul 2023 19:20:41 GMT
22:20:42,540 DEBUG         http.headers| http-outgoing-0 << Keep-Alive: timeout=60
22:20:42,540 DEBUG         http.headers| http-outgoing-0 << Connection: keep-alive
22:20:42,540 DEBUG chain.MainClientExec| Connection can be kept alive for 60000 MILLISECONDS
22:20:42,540 DEBUG            http.wire| http-outgoing-0 << "0[\r][\n]"
22:20:42,540 DEBUG            http.wire| http-outgoing-0 << "[\r][\n]"
22:20:42,540 DEBUG entConnectionManager| Connection [id: 0][route: {}->http://localhost:8080] can be kept alive for 60.0 seconds
22:20:42,540 DEBUG HttpClientConnection| http-outgoing-0: set socket timeout to 0
22:20:42,540 DEBUG entConnectionManager| Connection released: [id: 0][route: {}->http://localhost:8080][total available: 1; route allocated: 1 of 5; total allocated: 1 of 10]
22:20:42,540 DEBUG ingClientInterceptor| Received Http response message
22:20:42,541 DEBUG    Logger.Message_IN| RAWMESSAGE [id: 0f727679-f395-4a41-821c-bae35777f122, payload: HTTP/1.1 200 OK 
Content-Type:application/json
Transfer-Encoding:chunked
Date:Wed, 12 Jul 2023 19:20:41 GMT
Keep-Alive:timeout=60
Connection:keep-alive

{"userId":74,"name":"Amparo Renner","course":"Human Branding Engineer","email":"74@qa.ru","age":40,"mark":{"name":"Course mark","score":2}}][headers: {citrus_message_id=0f727679-f395-4a41-821c-bae35777f122, citrus_message_timestamp=1689189642540}]
22:20:42,541 DEBUG  client.RestTemplate| Response 200 OK
22:20:42,541 DEBUG  client.RestTemplate| Reading to [java.lang.String] as "application/json"
22:20:42,541 INFO     client.HttpClient| HTTP message was sent to endpoint: 'http://localhost:8080/user/get/74'
22:20:42,541 DEBUG aultHttpHeaderMapper| inboundHeaderNames=[Accept-Ranges, Age, Allow, Cache-Control, Connection, Content-Encoding, Content-Language, Content-Length, Content-Location, Content-MD5, Content-Range, Content-Type, Content-Disposition, Transfer-Encoding, Date, ETag, Expires, Last-Modified, Location, Pragma, Proxy-Authenticate, Refresh, Retry-After, Server, Set-Cookie, Trailer, Vary, Via, Warning, WWW-Authenticate]
22:20:42,541 DEBUG aultHttpHeaderMapper| headerName=[content-type] WILL be mapped, matched pattern=content-type
22:20:42,541 DEBUG aultHttpHeaderMapper| setting headerName=[contentType], value=application/json
22:20:42,541 DEBUG aultHttpHeaderMapper| headerName=[transfer-encoding] WILL be mapped, matched pattern=transfer-encoding
22:20:42,541 DEBUG aultHttpHeaderMapper| setting headerName=[Transfer-Encoding], value=[chunked]
22:20:42,541 DEBUG aultHttpHeaderMapper| headerName=[date] WILL be mapped, matched pattern=date
22:20:42,541 DEBUG aultHttpHeaderMapper| setting headerName=[Date], value=1 689 189 641 000
22:20:42,541 DEBUG aultHttpHeaderMapper| headerName=[keep-alive] WILL NOT be mapped
22:20:42,541 DEBUG aultHttpHeaderMapper| headerName=[connection] WILL be mapped, matched pattern=connection
22:20:42,541 DEBUG aultHttpHeaderMapper| setting headerName=[Connection], value=[keep-alive]
22:20:42,542 DEBUG ltCorrelationManager| Saving correlated object for 'citrus_message_id = '9f0cad8c-6710-44ea-8b01-3466c7d08257''
22:20:42,542 INFO  port.LoggingReporter| 
22:20:42,542 DEBUG port.LoggingReporter| TEST STEP 147 SUCCESS
22:20:42,542 INFO  port.LoggingReporter| 
22:20:42,542 DEBUG port.LoggingReporter| TEST STEP 148: receive
22:20:42,542 DEBUG ngCorrelationManager| Get correlation key for 'citrus_message_correlator_httpRESTClient'
22:20:42,542 DEBUG ltCorrelationManager| Finding correlated object for 'citrus_message_id = '9f0cad8c-6710-44ea-8b01-3466c7d08257''
22:20:42,542 DEBUG ageValidatorRegistry| Found 4 message validators for message
22:20:42,543 DEBUG ssageHeaderValidator| Start message header validation ...
22:20:42,543 DEBUG faultHeaderValidator| Validating header element: citrus_http_reason_phrase='OK': OK.
22:20:42,543 DEBUG faultHeaderValidator| Validating header element: citrus_http_status_code='200': OK.
22:20:42,543 INFO  ssageHeaderValidator| Message header validation successful: All values OK
22:20:42,543 DEBUG TextMessageValidator| Start JSON message validation ...
22:20:42,543 DEBUG JsonSchemaValidation| Starting Json schema validation ...
22:20:42,543 INFO  JsonSchemaValidation| Json schema validation successful: All values OK
22:20:42,543 DEBUG TextMessageValidator| Received message:
HTTPMESSAGE [id: f03acd2a-cfe6-454c-aa08-82d6e32b2424, payload: {"userId":74,"name":"Amparo Renner","course":"Human Branding Engineer","email":"74@qa.ru","age":40,"mark":{"name":"Course mark","score":2}}][headers: {Transfer-Encoding=chunked, Connection=keep-alive, contentType=application/json, Date=1689189641000, citrus_message_id=f03acd2a-cfe6-454c-aa08-82d6e32b2424, citrus_message_timestamp=1689189642541, Keep-Alive=timeout=60, Content-Type=application/json, citrus_http_status_code=200, citrus_http_reason_phrase=OK, citrus_http_version=HTTP/1.1}]
22:20:42,543 DEBUG TextMessageValidator| Control message:
HTTPMESSAGE [id: 49cda988-322f-4bf0-8496-270ca37136f3, payload: {"userId":74,"email":"@contains('@qa.ru')@","name":"@matches('^[a-zA-Z\\s\\.]*$')@","course":"@matches('^[a-zA-Z\\s]*$')@","age":"@isNumber()@","mark":{"name":"@contains('Course mark')@","score":"@isNumber()@"}}][headers: {citrus_message_id=49cda988-322f-4bf0-8496-270ca37136f3, citrus_message_timestamp=1689189642542, citrus_http_reason_phrase=OK, citrus_http_status_code=200, citrus_message_type=JSON}]
22:20:42,543 DEBUG TextMessageValidator| Validation successful for JSON entry 'name' (@matches('^[a-zA-Z\s\.]*$')@)
22:20:42,543 DEBUG TextMessageValidator| Validation successful for JSON entry 'course' (@matches('^[a-zA-Z\s]*$')@)
22:20:42,543 DEBUG TextMessageValidator| Validation successful for JSON entry 'userId' (74)
22:20:42,543 DEBUG TextMessageValidator| Validation successful for JSON entry 'email' (@contains('@qa.ru')@)
22:20:42,543 DEBUG TextMessageValidator| Validation successful for JSON entry 'age' (@isNumber()@)
22:20:42,543 DEBUG TextMessageValidator| Validation successful for JSON entry 'score' (@isNumber()@)
22:20:42,543 DEBUG TextMessageValidator| Validation successful for JSON entry 'name' (@contains('Course mark')@)
22:20:42,543 DEBUG TextMessageValidator| Validation successful for JSON entry 'mark' ({"score":"@isNumber()@","name":"@contains('Course mark')@"})
22:20:42,543 INFO  TextMessageValidator| JSON message validation successful: All values OK
22:20:42,543 INFO  port.LoggingReporter| 
22:20:42,543 DEBUG port.LoggingReporter| TEST STEP 148 SUCCESS
]]></system-out>
  </testcase>
  <testcase name="getUserStubParametrizedTest(int)[75]" classname="citrus.HttpRESTStubTests" time="0.007">
    <system-out><![CDATA[22:20:42,545 INFO  port.LoggingReporter| 
22:20:42,545 INFO  port.LoggingReporter| ------------------------------------------------------------------------
22:20:42,545 DEBUG port.LoggingReporter| STARTING TEST HttpRESTStubTests.getUserStubParametrizedTest <citrus>
22:20:42,545 INFO  port.LoggingReporter| 
22:20:42,545 DEBUG trus.DefaultTestCase| Initializing test case
22:20:42,545 DEBUG trus.DefaultTestCase| Global variables:
22:20:42,545 DEBUG trus.DefaultTestCase| citrus_message_correlator_httpRESTClient = citrus_message_id = '9f0cad8c-6710-44ea-8b01-3466c7d08257'
22:20:42,545 DEBUG trus.DefaultTestCase| default.test.author = Unknown
22:20:42,545 DEBUG trus.DefaultTestCase| citrus.test.package = citrus
22:20:42,545 DEBUG trus.DefaultTestCase| citrus.test.name = HttpRESTStubTests.getUserStubParametrizedTest
22:20:42,545 DEBUG trus.DefaultTestCase| project.name = Citrus Integration Tests
22:20:42,545 DEBUG trus.DefaultTestCase| userId = 35
22:20:42,545 DEBUG trus.DefaultTestCase| citrus_message_replyTo_citrus_message_correlator_httpRESTClient = http://localhost:8080/user/get/74
22:20:42,545 DEBUG trus.DefaultTestCase| url = http://localhost:8080/user
22:20:42,545 DEBUG trus.DefaultTestCase| default.test.package = citrus
22:20:42,545 DEBUG  context.TestContext| Setting variable: citrus.test.name with value: 'HttpRESTStubTests.getUserStubParametrizedTest'
22:20:42,545 DEBUG  context.TestContext| Setting variable: citrus.test.package with value: 'citrus'
22:20:42,545 DEBUG trus.DefaultTestCase| Test variables:
22:20:42,545 DEBUG trus.DefaultTestCase| citrus_message_correlator_httpRESTClient = citrus_message_id = '9f0cad8c-6710-44ea-8b01-3466c7d08257'
22:20:42,545 DEBUG trus.DefaultTestCase| default.test.author = Unknown
22:20:42,545 DEBUG trus.DefaultTestCase| citrus.test.package = citrus
22:20:42,545 DEBUG trus.DefaultTestCase| citrus.test.name = HttpRESTStubTests.getUserStubParametrizedTest
22:20:42,545 DEBUG trus.DefaultTestCase| project.name = Citrus Integration Tests
22:20:42,545 DEBUG trus.DefaultTestCase| userId = 35
22:20:42,545 DEBUG trus.DefaultTestCase| citrus_message_replyTo_citrus_message_correlator_httpRESTClient = http://localhost:8080/user/get/74
22:20:42,545 DEBUG trus.DefaultTestCase| url = http://localhost:8080/user
22:20:42,545 DEBUG trus.DefaultTestCase| default.test.package = citrus
22:20:42,545 INFO  port.LoggingReporter| 
22:20:42,545 DEBUG port.LoggingReporter| TEST STEP 149: send
22:20:42,545 DEBUG ltCorrelationManager| Saving correlation key for 'citrus_message_correlator_httpRESTClient'
22:20:42,545 DEBUG  context.TestContext| Setting variable: citrus_message_correlator_httpRESTClient with value: 'citrus_message_id = 'cfa419fe-a9c0-48a4-8ce4-0762fea13838''
22:20:42,545 DEBUG  context.TestContext| Setting variable: citrus_message_replyTo_citrus_message_correlator_httpRESTClient with value: 'http://localhost:8080/user/get/75'
22:20:42,545 INFO     client.HttpClient| Sending HTTP message to: 'http://localhost:8080/user/get/75'
22:20:42,545 DEBUG    client.HttpClient| Message to send:

22:20:42,545 DEBUG aultHttpHeaderMapper| outboundHeaderNames=[Accept, Accept-Charset, Accept-Encoding, Accept-Language, Accept-Ranges, Authorization, Cache-Control, Connection, Content-Length, Content-Type, Cookie, Date, Expect, From, Host, If-Match, If-Modified-Since, If-None-Match, If-Range, If-Unmodified-Since, Max-Forwards, Pragma, Proxy-Authorization, Range, Referer, TE, Upgrade, User-Agent, Via, Warning]
22:20:42,545 DEBUG aultHttpHeaderMapper| headerName=[citrus_message_timestamp] WILL NOT be mapped
22:20:42,545 DEBUG aultHttpHeaderMapper| headerName=[citrus_message_type] WILL NOT be mapped
22:20:42,545 DEBUG aultHttpHeaderMapper| headerName=[citrus_request_path] WILL NOT be mapped
22:20:42,545 DEBUG aultHttpHeaderMapper| headerName=[citrus_http_request_uri] WILL NOT be mapped
22:20:42,545 DEBUG aultHttpHeaderMapper| headerName=[id] WILL NOT be mapped
22:20:42,545 DEBUG aultHttpHeaderMapper| headerName=[citrus_message_id] WILL NOT be mapped
22:20:42,545 DEBUG aultHttpHeaderMapper| headerName=[citrus_http_method] WILL NOT be mapped
22:20:42,545 DEBUG aultHttpHeaderMapper| headerName=[timestamp] WILL NOT be mapped
22:20:42,545 DEBUG  client.RestTemplate| HTTP GET http://localhost:8080/user/get/75
22:20:42,545 DEBUG  client.RestTemplate| Accept=[text/plain, application/json, application/*+json, */*]
22:20:42,545 DEBUG ingClientInterceptor| Sending Http request message
22:20:42,546 DEBUG   Logger.Message_OUT| RAWMESSAGE [id: 32d11b45-071a-4d8f-9263-7f691a6e68b2, payload: GET http://localhost:8080/user/get/75
Accept:text/plain, application/json, application/*+json, */*
Content-Type:application/json;charset=UTF-8
Content-Length:0][headers: {citrus_message_id=32d11b45-071a-4d8f-9263-7f691a6e68b2, citrus_message_timestamp=1689189642545}]
22:20:42,546 DEBUG ol.RequestAddCookies| CookieSpec selected: default
22:20:42,546 DEBUG col.RequestAuthCache| Auth cache not set in the context
22:20:42,546 DEBUG entConnectionManager| Connection request: [route: {}->http://localhost:8080][total available: 1; route allocated: 1 of 5; total allocated: 1 of 10]
22:20:42,546 DEBUG entConnectionManager| Connection leased: [id: 0][route: {}->http://localhost:8080][total available: 0; route allocated: 1 of 5; total allocated: 1 of 10]
22:20:42,546 DEBUG HttpClientConnection| http-outgoing-0: set socket timeout to 0
22:20:42,546 DEBUG chain.MainClientExec| Executing request GET /user/get/75 HTTP/1.1
22:20:42,546 DEBUG chain.MainClientExec| Target auth state: UNCHALLENGED
22:20:42,546 DEBUG chain.MainClientExec| Proxy auth state: UNCHALLENGED
22:20:42,546 DEBUG         http.headers| http-outgoing-0 >> GET /user/get/75 HTTP/1.1
22:20:42,546 DEBUG         http.headers| http-outgoing-0 >> Accept: text/plain, application/json, application/*+json, */*
22:20:42,546 DEBUG         http.headers| http-outgoing-0 >> Content-Type: application/json;charset=UTF-8
22:20:42,546 DEBUG         http.headers| http-outgoing-0 >> Host: localhost:8080
22:20:42,546 DEBUG         http.headers| http-outgoing-0 >> Connection: Keep-Alive
22:20:42,546 DEBUG         http.headers| http-outgoing-0 >> User-Agent: Apache-HttpClient/4.5.13 (Java/11.0.16)
22:20:42,546 DEBUG         http.headers| http-outgoing-0 >> Accept-Encoding: gzip,deflate
22:20:42,546 DEBUG            http.wire| http-outgoing-0 >> "GET /user/get/75 HTTP/1.1[\r][\n]"
22:20:42,547 DEBUG            http.wire| http-outgoing-0 >> "Accept: text/plain, application/json, application/*+json, */*[\r][\n]"
22:20:42,547 DEBUG            http.wire| http-outgoing-0 >> "Content-Type: application/json;charset=UTF-8[\r][\n]"
22:20:42,547 DEBUG            http.wire| http-outgoing-0 >> "Host: localhost:8080[\r][\n]"
22:20:42,547 DEBUG            http.wire| http-outgoing-0 >> "Connection: Keep-Alive[\r][\n]"
22:20:42,547 DEBUG            http.wire| http-outgoing-0 >> "User-Agent: Apache-HttpClient/4.5.13 (Java/11.0.16)[\r][\n]"
22:20:42,547 DEBUG            http.wire| http-outgoing-0 >> "Accept-Encoding: gzip,deflate[\r][\n]"
22:20:42,547 DEBUG            http.wire| http-outgoing-0 >> "[\r][\n]"
22:20:42,547 DEBUG            http.wire| http-outgoing-0 << "HTTP/1.1 200 [\r][\n]"
22:20:42,547 DEBUG            http.wire| http-outgoing-0 << "Content-Type: application/json[\r][\n]"
22:20:42,547 DEBUG            http.wire| http-outgoing-0 << "Transfer-Encoding: chunked[\r][\n]"
22:20:42,547 DEBUG            http.wire| http-outgoing-0 << "Date: Wed, 12 Jul 2023 19:20:41 GMT[\r][\n]"
22:20:42,547 DEBUG            http.wire| http-outgoing-0 << "Keep-Alive: timeout=60[\r][\n]"
22:20:42,547 DEBUG            http.wire| http-outgoing-0 << "Connection: keep-alive[\r][\n]"
22:20:42,548 DEBUG            http.wire| http-outgoing-0 << "[\r][\n]"
22:20:42,548 DEBUG            http.wire| http-outgoing-0 << "94[\r][\n]"
22:20:42,548 DEBUG            http.wire| http-outgoing-0 << "{"userId":75,"name":"Brant Murray I","course":"Customer Accountability Manager","email":"75@qa.ru","age":69,"mark":{"name":"Course mark","score":4}}[\r][\n]"
22:20:42,548 DEBUG         http.headers| http-outgoing-0 << HTTP/1.1 200 
22:20:42,548 DEBUG         http.headers| http-outgoing-0 << Content-Type: application/json
22:20:42,548 DEBUG         http.headers| http-outgoing-0 << Transfer-Encoding: chunked
22:20:42,548 DEBUG         http.headers| http-outgoing-0 << Date: Wed, 12 Jul 2023 19:20:41 GMT
22:20:42,548 DEBUG         http.headers| http-outgoing-0 << Keep-Alive: timeout=60
22:20:42,548 DEBUG         http.headers| http-outgoing-0 << Connection: keep-alive
22:20:42,548 DEBUG chain.MainClientExec| Connection can be kept alive for 60000 MILLISECONDS
22:20:42,548 DEBUG            http.wire| http-outgoing-0 << "0[\r][\n]"
22:20:42,548 DEBUG            http.wire| http-outgoing-0 << "[\r][\n]"
22:20:42,548 DEBUG entConnectionManager| Connection [id: 0][route: {}->http://localhost:8080] can be kept alive for 60.0 seconds
22:20:42,548 DEBUG HttpClientConnection| http-outgoing-0: set socket timeout to 0
22:20:42,548 DEBUG entConnectionManager| Connection released: [id: 0][route: {}->http://localhost:8080][total available: 1; route allocated: 1 of 5; total allocated: 1 of 10]
22:20:42,548 DEBUG ingClientInterceptor| Received Http response message
22:20:42,549 DEBUG    Logger.Message_IN| RAWMESSAGE [id: 1e41a879-2cba-4f79-8ee9-c7f3f845b538, payload: HTTP/1.1 200 OK 
Content-Type:application/json
Transfer-Encoding:chunked
Date:Wed, 12 Jul 2023 19:20:41 GMT
Keep-Alive:timeout=60
Connection:keep-alive

{"userId":75,"name":"Brant Murray I","course":"Customer Accountability Manager","email":"75@qa.ru","age":69,"mark":{"name":"Course mark","score":4}}][headers: {citrus_message_id=1e41a879-2cba-4f79-8ee9-c7f3f845b538, citrus_message_timestamp=1689189642548}]
22:20:42,549 DEBUG  client.RestTemplate| Response 200 OK
22:20:42,549 DEBUG  client.RestTemplate| Reading to [java.lang.String] as "application/json"
22:20:42,549 INFO     client.HttpClient| HTTP message was sent to endpoint: 'http://localhost:8080/user/get/75'
22:20:42,549 DEBUG aultHttpHeaderMapper| inboundHeaderNames=[Accept-Ranges, Age, Allow, Cache-Control, Connection, Content-Encoding, Content-Language, Content-Length, Content-Location, Content-MD5, Content-Range, Content-Type, Content-Disposition, Transfer-Encoding, Date, ETag, Expires, Last-Modified, Location, Pragma, Proxy-Authenticate, Refresh, Retry-After, Server, Set-Cookie, Trailer, Vary, Via, Warning, WWW-Authenticate]
22:20:42,549 DEBUG aultHttpHeaderMapper| headerName=[content-type] WILL be mapped, matched pattern=content-type
22:20:42,549 DEBUG aultHttpHeaderMapper| setting headerName=[contentType], value=application/json
22:20:42,549 DEBUG aultHttpHeaderMapper| headerName=[transfer-encoding] WILL be mapped, matched pattern=transfer-encoding
22:20:42,549 DEBUG aultHttpHeaderMapper| setting headerName=[Transfer-Encoding], value=[chunked]
22:20:42,549 DEBUG aultHttpHeaderMapper| headerName=[date] WILL be mapped, matched pattern=date
22:20:42,549 DEBUG aultHttpHeaderMapper| setting headerName=[Date], value=1 689 189 641 000
22:20:42,549 DEBUG aultHttpHeaderMapper| headerName=[keep-alive] WILL NOT be mapped
22:20:42,549 DEBUG aultHttpHeaderMapper| headerName=[connection] WILL be mapped, matched pattern=connection
22:20:42,549 DEBUG aultHttpHeaderMapper| setting headerName=[Connection], value=[keep-alive]
22:20:42,549 DEBUG ltCorrelationManager| Saving correlated object for 'citrus_message_id = 'cfa419fe-a9c0-48a4-8ce4-0762fea13838''
22:20:42,549 INFO  port.LoggingReporter| 
22:20:42,549 DEBUG port.LoggingReporter| TEST STEP 149 SUCCESS
22:20:42,549 INFO  port.LoggingReporter| 
22:20:42,549 DEBUG port.LoggingReporter| TEST STEP 150: receive
22:20:42,549 DEBUG ngCorrelationManager| Get correlation key for 'citrus_message_correlator_httpRESTClient'
22:20:42,549 DEBUG ltCorrelationManager| Finding correlated object for 'citrus_message_id = 'cfa419fe-a9c0-48a4-8ce4-0762fea13838''
22:20:42,550 DEBUG ageValidatorRegistry| Found 4 message validators for message
22:20:42,550 DEBUG ssageHeaderValidator| Start message header validation ...
22:20:42,550 DEBUG faultHeaderValidator| Validating header element: citrus_http_reason_phrase='OK': OK.
22:20:42,550 DEBUG faultHeaderValidator| Validating header element: citrus_http_status_code='200': OK.
22:20:42,550 INFO  ssageHeaderValidator| Message header validation successful: All values OK
22:20:42,550 DEBUG TextMessageValidator| Start JSON message validation ...
22:20:42,550 DEBUG JsonSchemaValidation| Starting Json schema validation ...
22:20:42,550 INFO  JsonSchemaValidation| Json schema validation successful: All values OK
22:20:42,550 DEBUG TextMessageValidator| Received message:
HTTPMESSAGE [id: 7a6600ec-1dfb-4286-bb8f-f58b3a660513, payload: {"userId":75,"name":"Brant Murray I","course":"Customer Accountability Manager","email":"75@qa.ru","age":69,"mark":{"name":"Course mark","score":4}}][headers: {Transfer-Encoding=chunked, Connection=keep-alive, contentType=application/json, Date=1689189641000, citrus_message_id=7a6600ec-1dfb-4286-bb8f-f58b3a660513, citrus_message_timestamp=1689189642549, Keep-Alive=timeout=60, Content-Type=application/json, citrus_http_status_code=200, citrus_http_reason_phrase=OK, citrus_http_version=HTTP/1.1}]
22:20:42,550 DEBUG TextMessageValidator| Control message:
HTTPMESSAGE [id: c97cc0a9-80de-4e35-ade7-5bc9fd2a27c3, payload: {"userId":75,"email":"@contains('@qa.ru')@","name":"@matches('^[a-zA-Z\\s\\.]*$')@","course":"@matches('^[a-zA-Z\\s]*$')@","age":"@isNumber()@","mark":{"name":"@contains('Course mark')@","score":"@isNumber()@"}}][headers: {citrus_message_id=c97cc0a9-80de-4e35-ade7-5bc9fd2a27c3, citrus_message_timestamp=1689189642549, citrus_http_reason_phrase=OK, citrus_http_status_code=200, citrus_message_type=JSON}]
22:20:42,551 DEBUG TextMessageValidator| Validation successful for JSON entry 'name' (@matches('^[a-zA-Z\s\.]*$')@)
22:20:42,551 DEBUG TextMessageValidator| Validation successful for JSON entry 'course' (@matches('^[a-zA-Z\s]*$')@)
22:20:42,551 DEBUG TextMessageValidator| Validation successful for JSON entry 'userId' (75)
22:20:42,551 DEBUG TextMessageValidator| Validation successful for JSON entry 'email' (@contains('@qa.ru')@)
22:20:42,551 DEBUG TextMessageValidator| Validation successful for JSON entry 'age' (@isNumber()@)
22:20:42,551 DEBUG TextMessageValidator| Validation successful for JSON entry 'score' (@isNumber()@)
22:20:42,551 DEBUG TextMessageValidator| Validation successful for JSON entry 'name' (@contains('Course mark')@)
22:20:42,551 DEBUG TextMessageValidator| Validation successful for JSON entry 'mark' ({"score":"@isNumber()@","name":"@contains('Course mark')@"})
22:20:42,551 INFO  TextMessageValidator| JSON message validation successful: All values OK
22:20:42,551 INFO  port.LoggingReporter| 
22:20:42,551 DEBUG port.LoggingReporter| TEST STEP 150 SUCCESS
]]></system-out>
  </testcase>
  <testcase name="getUserStubParametrizedTest(int)[76]" classname="citrus.HttpRESTStubTests" time="0.009">
    <system-out><![CDATA[22:20:42,553 INFO  port.LoggingReporter| 
22:20:42,553 INFO  port.LoggingReporter| ------------------------------------------------------------------------
22:20:42,553 DEBUG port.LoggingReporter| STARTING TEST HttpRESTStubTests.getUserStubParametrizedTest <citrus>
22:20:42,553 INFO  port.LoggingReporter| 
22:20:42,553 DEBUG trus.DefaultTestCase| Initializing test case
22:20:42,553 DEBUG trus.DefaultTestCase| Global variables:
22:20:42,553 DEBUG trus.DefaultTestCase| citrus_message_correlator_httpRESTClient = citrus_message_id = 'cfa419fe-a9c0-48a4-8ce4-0762fea13838'
22:20:42,553 DEBUG trus.DefaultTestCase| default.test.author = Unknown
22:20:42,553 DEBUG trus.DefaultTestCase| citrus.test.package = citrus
22:20:42,553 DEBUG trus.DefaultTestCase| citrus.test.name = HttpRESTStubTests.getUserStubParametrizedTest
22:20:42,553 DEBUG trus.DefaultTestCase| project.name = Citrus Integration Tests
22:20:42,553 DEBUG trus.DefaultTestCase| userId = 35
22:20:42,553 DEBUG trus.DefaultTestCase| citrus_message_replyTo_citrus_message_correlator_httpRESTClient = http://localhost:8080/user/get/75
22:20:42,553 DEBUG trus.DefaultTestCase| url = http://localhost:8080/user
22:20:42,553 DEBUG trus.DefaultTestCase| default.test.package = citrus
22:20:42,553 DEBUG  context.TestContext| Setting variable: citrus.test.name with value: 'HttpRESTStubTests.getUserStubParametrizedTest'
22:20:42,553 DEBUG  context.TestContext| Setting variable: citrus.test.package with value: 'citrus'
22:20:42,553 DEBUG trus.DefaultTestCase| Test variables:
22:20:42,553 DEBUG trus.DefaultTestCase| citrus_message_correlator_httpRESTClient = citrus_message_id = 'cfa419fe-a9c0-48a4-8ce4-0762fea13838'
22:20:42,553 DEBUG trus.DefaultTestCase| default.test.author = Unknown
22:20:42,553 DEBUG trus.DefaultTestCase| citrus.test.package = citrus
22:20:42,553 DEBUG trus.DefaultTestCase| citrus.test.name = HttpRESTStubTests.getUserStubParametrizedTest
22:20:42,553 DEBUG trus.DefaultTestCase| project.name = Citrus Integration Tests
22:20:42,553 DEBUG trus.DefaultTestCase| userId = 35
22:20:42,553 DEBUG trus.DefaultTestCase| citrus_message_replyTo_citrus_message_correlator_httpRESTClient = http://localhost:8080/user/get/75
22:20:42,553 DEBUG trus.DefaultTestCase| url = http://localhost:8080/user
22:20:42,553 DEBUG trus.DefaultTestCase| default.test.package = citrus
22:20:42,553 INFO  port.LoggingReporter| 
22:20:42,553 DEBUG port.LoggingReporter| TEST STEP 151: send
22:20:42,553 DEBUG ltCorrelationManager| Saving correlation key for 'citrus_message_correlator_httpRESTClient'
22:20:42,553 DEBUG  context.TestContext| Setting variable: citrus_message_correlator_httpRESTClient with value: 'citrus_message_id = '07210889-b7f1-47c6-86ad-fa1876555233''
22:20:42,553 DEBUG  context.TestContext| Setting variable: citrus_message_replyTo_citrus_message_correlator_httpRESTClient with value: 'http://localhost:8080/user/get/76'
22:20:42,553 INFO     client.HttpClient| Sending HTTP message to: 'http://localhost:8080/user/get/76'
22:20:42,553 DEBUG    client.HttpClient| Message to send:

22:20:42,553 DEBUG aultHttpHeaderMapper| outboundHeaderNames=[Accept, Accept-Charset, Accept-Encoding, Accept-Language, Accept-Ranges, Authorization, Cache-Control, Connection, Content-Length, Content-Type, Cookie, Date, Expect, From, Host, If-Match, If-Modified-Since, If-None-Match, If-Range, If-Unmodified-Since, Max-Forwards, Pragma, Proxy-Authorization, Range, Referer, TE, Upgrade, User-Agent, Via, Warning]
22:20:42,553 DEBUG aultHttpHeaderMapper| headerName=[citrus_message_timestamp] WILL NOT be mapped
22:20:42,553 DEBUG aultHttpHeaderMapper| headerName=[citrus_message_type] WILL NOT be mapped
22:20:42,553 DEBUG aultHttpHeaderMapper| headerName=[citrus_request_path] WILL NOT be mapped
22:20:42,553 DEBUG aultHttpHeaderMapper| headerName=[citrus_http_request_uri] WILL NOT be mapped
22:20:42,553 DEBUG aultHttpHeaderMapper| headerName=[id] WILL NOT be mapped
22:20:42,553 DEBUG aultHttpHeaderMapper| headerName=[citrus_message_id] WILL NOT be mapped
22:20:42,553 DEBUG aultHttpHeaderMapper| headerName=[citrus_http_method] WILL NOT be mapped
22:20:42,553 DEBUG aultHttpHeaderMapper| headerName=[timestamp] WILL NOT be mapped
22:20:42,553 DEBUG  client.RestTemplate| HTTP GET http://localhost:8080/user/get/76
22:20:42,554 DEBUG  client.RestTemplate| Accept=[text/plain, application/json, application/*+json, */*]
22:20:42,554 DEBUG ingClientInterceptor| Sending Http request message
22:20:42,555 DEBUG   Logger.Message_OUT| RAWMESSAGE [id: eadcf6a3-824f-4baf-ad65-d5e5359f70cb, payload: GET http://localhost:8080/user/get/76
Accept:text/plain, application/json, application/*+json, */*
Content-Type:application/json;charset=UTF-8
Content-Length:0][headers: {citrus_message_id=eadcf6a3-824f-4baf-ad65-d5e5359f70cb, citrus_message_timestamp=1689189642554}]
22:20:42,555 DEBUG ol.RequestAddCookies| CookieSpec selected: default
22:20:42,555 DEBUG col.RequestAuthCache| Auth cache not set in the context
22:20:42,555 DEBUG entConnectionManager| Connection request: [route: {}->http://localhost:8080][total available: 1; route allocated: 1 of 5; total allocated: 1 of 10]
22:20:42,555 DEBUG entConnectionManager| Connection leased: [id: 0][route: {}->http://localhost:8080][total available: 0; route allocated: 1 of 5; total allocated: 1 of 10]
22:20:42,555 DEBUG HttpClientConnection| http-outgoing-0: set socket timeout to 0
22:20:42,555 DEBUG chain.MainClientExec| Executing request GET /user/get/76 HTTP/1.1
22:20:42,555 DEBUG chain.MainClientExec| Target auth state: UNCHALLENGED
22:20:42,555 DEBUG chain.MainClientExec| Proxy auth state: UNCHALLENGED
22:20:42,555 DEBUG         http.headers| http-outgoing-0 >> GET /user/get/76 HTTP/1.1
22:20:42,555 DEBUG         http.headers| http-outgoing-0 >> Accept: text/plain, application/json, application/*+json, */*
22:20:42,555 DEBUG         http.headers| http-outgoing-0 >> Content-Type: application/json;charset=UTF-8
22:20:42,555 DEBUG         http.headers| http-outgoing-0 >> Host: localhost:8080
22:20:42,555 DEBUG         http.headers| http-outgoing-0 >> Connection: Keep-Alive
22:20:42,555 DEBUG         http.headers| http-outgoing-0 >> User-Agent: Apache-HttpClient/4.5.13 (Java/11.0.16)
22:20:42,555 DEBUG         http.headers| http-outgoing-0 >> Accept-Encoding: gzip,deflate
22:20:42,555 DEBUG            http.wire| http-outgoing-0 >> "GET /user/get/76 HTTP/1.1[\r][\n]"
22:20:42,555 DEBUG            http.wire| http-outgoing-0 >> "Accept: text/plain, application/json, application/*+json, */*[\r][\n]"
22:20:42,555 DEBUG            http.wire| http-outgoing-0 >> "Content-Type: application/json;charset=UTF-8[\r][\n]"
22:20:42,555 DEBUG            http.wire| http-outgoing-0 >> "Host: localhost:8080[\r][\n]"
22:20:42,555 DEBUG            http.wire| http-outgoing-0 >> "Connection: Keep-Alive[\r][\n]"
22:20:42,555 DEBUG            http.wire| http-outgoing-0 >> "User-Agent: Apache-HttpClient/4.5.13 (Java/11.0.16)[\r][\n]"
22:20:42,555 DEBUG            http.wire| http-outgoing-0 >> "Accept-Encoding: gzip,deflate[\r][\n]"
22:20:42,555 DEBUG            http.wire| http-outgoing-0 >> "[\r][\n]"
22:20:42,556 DEBUG            http.wire| http-outgoing-0 << "HTTP/1.1 200 [\r][\n]"
22:20:42,556 DEBUG            http.wire| http-outgoing-0 << "Content-Type: application/json[\r][\n]"
22:20:42,556 DEBUG            http.wire| http-outgoing-0 << "Transfer-Encoding: chunked[\r][\n]"
22:20:42,556 DEBUG            http.wire| http-outgoing-0 << "Date: Wed, 12 Jul 2023 19:20:41 GMT[\r][\n]"
22:20:42,556 DEBUG            http.wire| http-outgoing-0 << "Keep-Alive: timeout=60[\r][\n]"
22:20:42,556 DEBUG            http.wire| http-outgoing-0 << "Connection: keep-alive[\r][\n]"
22:20:42,556 DEBUG            http.wire| http-outgoing-0 << "[\r][\n]"
22:20:42,556 DEBUG            http.wire| http-outgoing-0 << "8f[\r][\n]"
22:20:42,556 DEBUG            http.wire| http-outgoing-0 << "{"userId":76,"name":"Azalee Bernier I","course":"Legacy Intranet Engineer","email":"76@qa.ru","age":10,"mark":{"name":"Course mark","score":0}}[\r][\n]"
22:20:42,556 DEBUG         http.headers| http-outgoing-0 << HTTP/1.1 200 
22:20:42,556 DEBUG         http.headers| http-outgoing-0 << Content-Type: application/json
22:20:42,556 DEBUG         http.headers| http-outgoing-0 << Transfer-Encoding: chunked
22:20:42,556 DEBUG         http.headers| http-outgoing-0 << Date: Wed, 12 Jul 2023 19:20:41 GMT
22:20:42,556 DEBUG         http.headers| http-outgoing-0 << Keep-Alive: timeout=60
22:20:42,556 DEBUG         http.headers| http-outgoing-0 << Connection: keep-alive
22:20:42,556 DEBUG chain.MainClientExec| Connection can be kept alive for 60000 MILLISECONDS
22:20:42,556 DEBUG            http.wire| http-outgoing-0 << "0[\r][\n]"
22:20:42,556 DEBUG            http.wire| http-outgoing-0 << "[\r][\n]"
22:20:42,556 DEBUG entConnectionManager| Connection [id: 0][route: {}->http://localhost:8080] can be kept alive for 60.0 seconds
22:20:42,556 DEBUG HttpClientConnection| http-outgoing-0: set socket timeout to 0
22:20:42,556 DEBUG entConnectionManager| Connection released: [id: 0][route: {}->http://localhost:8080][total available: 1; route allocated: 1 of 5; total allocated: 1 of 10]
22:20:42,556 DEBUG ingClientInterceptor| Received Http response message
22:20:42,558 DEBUG    Logger.Message_IN| RAWMESSAGE [id: f28c61ec-c08d-491b-8762-a2998e76fe6d, payload: HTTP/1.1 200 OK 
Content-Type:application/json
Transfer-Encoding:chunked
Date:Wed, 12 Jul 2023 19:20:41 GMT
Keep-Alive:timeout=60
Connection:keep-alive

{"userId":76,"name":"Azalee Bernier I","course":"Legacy Intranet Engineer","email":"76@qa.ru","age":10,"mark":{"name":"Course mark","score":0}}][headers: {citrus_message_id=f28c61ec-c08d-491b-8762-a2998e76fe6d, citrus_message_timestamp=1689189642556}]
22:20:42,558 DEBUG  client.RestTemplate| Response 200 OK
22:20:42,558 DEBUG  client.RestTemplate| Reading to [java.lang.String] as "application/json"
22:20:42,558 INFO     client.HttpClient| HTTP message was sent to endpoint: 'http://localhost:8080/user/get/76'
22:20:42,558 DEBUG aultHttpHeaderMapper| inboundHeaderNames=[Accept-Ranges, Age, Allow, Cache-Control, Connection, Content-Encoding, Content-Language, Content-Length, Content-Location, Content-MD5, Content-Range, Content-Type, Content-Disposition, Transfer-Encoding, Date, ETag, Expires, Last-Modified, Location, Pragma, Proxy-Authenticate, Refresh, Retry-After, Server, Set-Cookie, Trailer, Vary, Via, Warning, WWW-Authenticate]
22:20:42,558 DEBUG aultHttpHeaderMapper| headerName=[content-type] WILL be mapped, matched pattern=content-type
22:20:42,558 DEBUG aultHttpHeaderMapper| setting headerName=[contentType], value=application/json
22:20:42,558 DEBUG aultHttpHeaderMapper| headerName=[transfer-encoding] WILL be mapped, matched pattern=transfer-encoding
22:20:42,558 DEBUG aultHttpHeaderMapper| setting headerName=[Transfer-Encoding], value=[chunked]
22:20:42,558 DEBUG aultHttpHeaderMapper| headerName=[date] WILL be mapped, matched pattern=date
22:20:42,558 DEBUG aultHttpHeaderMapper| setting headerName=[Date], value=1 689 189 641 000
22:20:42,558 DEBUG aultHttpHeaderMapper| headerName=[keep-alive] WILL NOT be mapped
22:20:42,558 DEBUG aultHttpHeaderMapper| headerName=[connection] WILL be mapped, matched pattern=connection
22:20:42,558 DEBUG aultHttpHeaderMapper| setting headerName=[Connection], value=[keep-alive]
22:20:42,558 DEBUG ltCorrelationManager| Saving correlated object for 'citrus_message_id = '07210889-b7f1-47c6-86ad-fa1876555233''
22:20:42,558 INFO  port.LoggingReporter| 
22:20:42,558 DEBUG port.LoggingReporter| TEST STEP 151 SUCCESS
22:20:42,558 INFO  port.LoggingReporter| 
22:20:42,558 DEBUG port.LoggingReporter| TEST STEP 152: receive
22:20:42,558 DEBUG ngCorrelationManager| Get correlation key for 'citrus_message_correlator_httpRESTClient'
22:20:42,558 DEBUG ltCorrelationManager| Finding correlated object for 'citrus_message_id = '07210889-b7f1-47c6-86ad-fa1876555233''
22:20:42,559 DEBUG ageValidatorRegistry| Found 4 message validators for message
22:20:42,559 DEBUG ssageHeaderValidator| Start message header validation ...
22:20:42,560 DEBUG faultHeaderValidator| Validating header element: citrus_http_reason_phrase='OK': OK.
22:20:42,560 DEBUG faultHeaderValidator| Validating header element: citrus_http_status_code='200': OK.
22:20:42,560 INFO  ssageHeaderValidator| Message header validation successful: All values OK
22:20:42,560 DEBUG TextMessageValidator| Start JSON message validation ...
22:20:42,560 DEBUG JsonSchemaValidation| Starting Json schema validation ...
22:20:42,560 INFO  JsonSchemaValidation| Json schema validation successful: All values OK
22:20:42,560 DEBUG TextMessageValidator| Received message:
HTTPMESSAGE [id: e0771d11-a941-4aa7-97f9-3978a1aeaca6, payload: {"userId":76,"name":"Azalee Bernier I","course":"Legacy Intranet Engineer","email":"76@qa.ru","age":10,"mark":{"name":"Course mark","score":0}}][headers: {Transfer-Encoding=chunked, Connection=keep-alive, contentType=application/json, Date=1689189641000, citrus_message_id=e0771d11-a941-4aa7-97f9-3978a1aeaca6, citrus_message_timestamp=1689189642558, Keep-Alive=timeout=60, Content-Type=application/json, citrus_http_status_code=200, citrus_http_reason_phrase=OK, citrus_http_version=HTTP/1.1}]
22:20:42,560 DEBUG TextMessageValidator| Control message:
HTTPMESSAGE [id: c95b0591-84c5-41e1-81ea-47ea38de6d08, payload: {"userId":76,"email":"@contains('@qa.ru')@","name":"@matches('^[a-zA-Z\\s\\.]*$')@","course":"@matches('^[a-zA-Z\\s]*$')@","age":"@isNumber()@","mark":{"name":"@contains('Course mark')@","score":"@isNumber()@"}}][headers: {citrus_message_id=c95b0591-84c5-41e1-81ea-47ea38de6d08, citrus_message_timestamp=1689189642558, citrus_http_reason_phrase=OK, citrus_http_status_code=200, citrus_message_type=JSON}]
22:20:42,560 DEBUG TextMessageValidator| Validation successful for JSON entry 'name' (@matches('^[a-zA-Z\s\.]*$')@)
22:20:42,560 DEBUG TextMessageValidator| Validation successful for JSON entry 'course' (@matches('^[a-zA-Z\s]*$')@)
22:20:42,560 DEBUG TextMessageValidator| Validation successful for JSON entry 'userId' (76)
22:20:42,560 DEBUG TextMessageValidator| Validation successful for JSON entry 'email' (@contains('@qa.ru')@)
22:20:42,560 DEBUG TextMessageValidator| Validation successful for JSON entry 'age' (@isNumber()@)
22:20:42,560 DEBUG TextMessageValidator| Validation successful for JSON entry 'score' (@isNumber()@)
22:20:42,560 DEBUG TextMessageValidator| Validation successful for JSON entry 'name' (@contains('Course mark')@)
22:20:42,560 DEBUG TextMessageValidator| Validation successful for JSON entry 'mark' ({"score":"@isNumber()@","name":"@contains('Course mark')@"})
22:20:42,560 INFO  TextMessageValidator| JSON message validation successful: All values OK
22:20:42,560 INFO  port.LoggingReporter| 
22:20:42,560 DEBUG port.LoggingReporter| TEST STEP 152 SUCCESS
]]></system-out>
  </testcase>
  <testcase name="getUserStubParametrizedTest(int)[77]" classname="citrus.HttpRESTStubTests" time="0.008">
    <system-out><![CDATA[22:20:42,562 INFO  port.LoggingReporter| 
22:20:42,562 INFO  port.LoggingReporter| ------------------------------------------------------------------------
22:20:42,562 DEBUG port.LoggingReporter| STARTING TEST HttpRESTStubTests.getUserStubParametrizedTest <citrus>
22:20:42,562 INFO  port.LoggingReporter| 
22:20:42,562 DEBUG trus.DefaultTestCase| Initializing test case
22:20:42,562 DEBUG trus.DefaultTestCase| Global variables:
22:20:42,562 DEBUG trus.DefaultTestCase| citrus_message_correlator_httpRESTClient = citrus_message_id = '07210889-b7f1-47c6-86ad-fa1876555233'
22:20:42,562 DEBUG trus.DefaultTestCase| default.test.author = Unknown
22:20:42,562 DEBUG trus.DefaultTestCase| citrus.test.package = citrus
22:20:42,562 DEBUG trus.DefaultTestCase| citrus.test.name = HttpRESTStubTests.getUserStubParametrizedTest
22:20:42,562 DEBUG trus.DefaultTestCase| project.name = Citrus Integration Tests
22:20:42,562 DEBUG trus.DefaultTestCase| userId = 35
22:20:42,562 DEBUG trus.DefaultTestCase| citrus_message_replyTo_citrus_message_correlator_httpRESTClient = http://localhost:8080/user/get/76
22:20:42,562 DEBUG trus.DefaultTestCase| url = http://localhost:8080/user
22:20:42,562 DEBUG trus.DefaultTestCase| default.test.package = citrus
22:20:42,562 DEBUG  context.TestContext| Setting variable: citrus.test.name with value: 'HttpRESTStubTests.getUserStubParametrizedTest'
22:20:42,562 DEBUG  context.TestContext| Setting variable: citrus.test.package with value: 'citrus'
22:20:42,562 DEBUG trus.DefaultTestCase| Test variables:
22:20:42,562 DEBUG trus.DefaultTestCase| citrus_message_correlator_httpRESTClient = citrus_message_id = '07210889-b7f1-47c6-86ad-fa1876555233'
22:20:42,562 DEBUG trus.DefaultTestCase| default.test.author = Unknown
22:20:42,562 DEBUG trus.DefaultTestCase| citrus.test.package = citrus
22:20:42,562 DEBUG trus.DefaultTestCase| citrus.test.name = HttpRESTStubTests.getUserStubParametrizedTest
22:20:42,562 DEBUG trus.DefaultTestCase| project.name = Citrus Integration Tests
22:20:42,562 DEBUG trus.DefaultTestCase| userId = 35
22:20:42,562 DEBUG trus.DefaultTestCase| citrus_message_replyTo_citrus_message_correlator_httpRESTClient = http://localhost:8080/user/get/76
22:20:42,562 DEBUG trus.DefaultTestCase| url = http://localhost:8080/user
22:20:42,562 DEBUG trus.DefaultTestCase| default.test.package = citrus
22:20:42,562 INFO  port.LoggingReporter| 
22:20:42,562 DEBUG port.LoggingReporter| TEST STEP 153: send
22:20:42,562 DEBUG ltCorrelationManager| Saving correlation key for 'citrus_message_correlator_httpRESTClient'
22:20:42,562 DEBUG  context.TestContext| Setting variable: citrus_message_correlator_httpRESTClient with value: 'citrus_message_id = 'b6cfc4ea-f094-4e50-ae1d-0fe2678f6613''
22:20:42,562 DEBUG  context.TestContext| Setting variable: citrus_message_replyTo_citrus_message_correlator_httpRESTClient with value: 'http://localhost:8080/user/get/77'
22:20:42,562 INFO     client.HttpClient| Sending HTTP message to: 'http://localhost:8080/user/get/77'
22:20:42,562 DEBUG    client.HttpClient| Message to send:

22:20:42,562 DEBUG aultHttpHeaderMapper| outboundHeaderNames=[Accept, Accept-Charset, Accept-Encoding, Accept-Language, Accept-Ranges, Authorization, Cache-Control, Connection, Content-Length, Content-Type, Cookie, Date, Expect, From, Host, If-Match, If-Modified-Since, If-None-Match, If-Range, If-Unmodified-Since, Max-Forwards, Pragma, Proxy-Authorization, Range, Referer, TE, Upgrade, User-Agent, Via, Warning]
22:20:42,562 DEBUG aultHttpHeaderMapper| headerName=[citrus_message_timestamp] WILL NOT be mapped
22:20:42,562 DEBUG aultHttpHeaderMapper| headerName=[citrus_message_type] WILL NOT be mapped
22:20:42,562 DEBUG aultHttpHeaderMapper| headerName=[citrus_request_path] WILL NOT be mapped
22:20:42,562 DEBUG aultHttpHeaderMapper| headerName=[citrus_http_request_uri] WILL NOT be mapped
22:20:42,562 DEBUG aultHttpHeaderMapper| headerName=[id] WILL NOT be mapped
22:20:42,562 DEBUG aultHttpHeaderMapper| headerName=[citrus_message_id] WILL NOT be mapped
22:20:42,562 DEBUG aultHttpHeaderMapper| headerName=[citrus_http_method] WILL NOT be mapped
22:20:42,562 DEBUG aultHttpHeaderMapper| headerName=[timestamp] WILL NOT be mapped
22:20:42,562 DEBUG  client.RestTemplate| HTTP GET http://localhost:8080/user/get/77
22:20:42,563 DEBUG  client.RestTemplate| Accept=[text/plain, application/json, application/*+json, */*]
22:20:42,563 DEBUG ingClientInterceptor| Sending Http request message
22:20:42,564 DEBUG   Logger.Message_OUT| RAWMESSAGE [id: d705ebc2-f8f5-4455-a190-071f1e23b617, payload: GET http://localhost:8080/user/get/77
Accept:text/plain, application/json, application/*+json, */*
Content-Type:application/json;charset=UTF-8
Content-Length:0][headers: {citrus_message_id=d705ebc2-f8f5-4455-a190-071f1e23b617, citrus_message_timestamp=1689189642563}]
22:20:42,564 DEBUG ol.RequestAddCookies| CookieSpec selected: default
22:20:42,564 DEBUG col.RequestAuthCache| Auth cache not set in the context
22:20:42,564 DEBUG entConnectionManager| Connection request: [route: {}->http://localhost:8080][total available: 1; route allocated: 1 of 5; total allocated: 1 of 10]
22:20:42,564 DEBUG entConnectionManager| Connection leased: [id: 0][route: {}->http://localhost:8080][total available: 0; route allocated: 1 of 5; total allocated: 1 of 10]
22:20:42,564 DEBUG HttpClientConnection| http-outgoing-0: set socket timeout to 0
22:20:42,564 DEBUG chain.MainClientExec| Executing request GET /user/get/77 HTTP/1.1
22:20:42,564 DEBUG chain.MainClientExec| Target auth state: UNCHALLENGED
22:20:42,564 DEBUG chain.MainClientExec| Proxy auth state: UNCHALLENGED
22:20:42,564 DEBUG         http.headers| http-outgoing-0 >> GET /user/get/77 HTTP/1.1
22:20:42,564 DEBUG         http.headers| http-outgoing-0 >> Accept: text/plain, application/json, application/*+json, */*
22:20:42,564 DEBUG         http.headers| http-outgoing-0 >> Content-Type: application/json;charset=UTF-8
22:20:42,564 DEBUG         http.headers| http-outgoing-0 >> Host: localhost:8080
22:20:42,564 DEBUG         http.headers| http-outgoing-0 >> Connection: Keep-Alive
22:20:42,564 DEBUG         http.headers| http-outgoing-0 >> User-Agent: Apache-HttpClient/4.5.13 (Java/11.0.16)
22:20:42,564 DEBUG         http.headers| http-outgoing-0 >> Accept-Encoding: gzip,deflate
22:20:42,564 DEBUG            http.wire| http-outgoing-0 >> "GET /user/get/77 HTTP/1.1[\r][\n]"
22:20:42,564 DEBUG            http.wire| http-outgoing-0 >> "Accept: text/plain, application/json, application/*+json, */*[\r][\n]"
22:20:42,564 DEBUG            http.wire| http-outgoing-0 >> "Content-Type: application/json;charset=UTF-8[\r][\n]"
22:20:42,564 DEBUG            http.wire| http-outgoing-0 >> "Host: localhost:8080[\r][\n]"
22:20:42,564 DEBUG            http.wire| http-outgoing-0 >> "Connection: Keep-Alive[\r][\n]"
22:20:42,564 DEBUG            http.wire| http-outgoing-0 >> "User-Agent: Apache-HttpClient/4.5.13 (Java/11.0.16)[\r][\n]"
22:20:42,564 DEBUG            http.wire| http-outgoing-0 >> "Accept-Encoding: gzip,deflate[\r][\n]"
22:20:42,564 DEBUG            http.wire| http-outgoing-0 >> "[\r][\n]"
22:20:42,565 DEBUG            http.wire| http-outgoing-0 << "HTTP/1.1 200 [\r][\n]"
22:20:42,565 DEBUG            http.wire| http-outgoing-0 << "Content-Type: application/json[\r][\n]"
22:20:42,565 DEBUG            http.wire| http-outgoing-0 << "Transfer-Encoding: chunked[\r][\n]"
22:20:42,565 DEBUG            http.wire| http-outgoing-0 << "Date: Wed, 12 Jul 2023 19:20:41 GMT[\r][\n]"
22:20:42,565 DEBUG            http.wire| http-outgoing-0 << "Keep-Alive: timeout=60[\r][\n]"
22:20:42,565 DEBUG            http.wire| http-outgoing-0 << "Connection: keep-alive[\r][\n]"
22:20:42,565 DEBUG            http.wire| http-outgoing-0 << "[\r][\n]"
22:20:42,565 DEBUG            http.wire| http-outgoing-0 << "96[\r][\n]"
22:20:42,565 DEBUG            http.wire| http-outgoing-0 << "{"userId":77,"name":"Marquetta Nikolaus","course":"Product Mobility Orchestrator","email":"77@qa.ru","age":45,"mark":{"name":"Course mark","score":6}}[\r][\n]"
22:20:42,565 DEBUG         http.headers| http-outgoing-0 << HTTP/1.1 200 
22:20:42,565 DEBUG         http.headers| http-outgoing-0 << Content-Type: application/json
22:20:42,565 DEBUG         http.headers| http-outgoing-0 << Transfer-Encoding: chunked
22:20:42,565 DEBUG         http.headers| http-outgoing-0 << Date: Wed, 12 Jul 2023 19:20:41 GMT
22:20:42,565 DEBUG         http.headers| http-outgoing-0 << Keep-Alive: timeout=60
22:20:42,565 DEBUG         http.headers| http-outgoing-0 << Connection: keep-alive
22:20:42,565 DEBUG chain.MainClientExec| Connection can be kept alive for 60000 MILLISECONDS
22:20:42,565 DEBUG            http.wire| http-outgoing-0 << "0[\r][\n]"
22:20:42,565 DEBUG            http.wire| http-outgoing-0 << "[\r][\n]"
22:20:42,565 DEBUG entConnectionManager| Connection [id: 0][route: {}->http://localhost:8080] can be kept alive for 60.0 seconds
22:20:42,565 DEBUG HttpClientConnection| http-outgoing-0: set socket timeout to 0
22:20:42,565 DEBUG entConnectionManager| Connection released: [id: 0][route: {}->http://localhost:8080][total available: 1; route allocated: 1 of 5; total allocated: 1 of 10]
22:20:42,565 DEBUG ingClientInterceptor| Received Http response message
22:20:42,566 DEBUG    Logger.Message_IN| RAWMESSAGE [id: 9d6b9793-4245-4dcf-bdc3-e3d27488d72c, payload: HTTP/1.1 200 OK 
Content-Type:application/json
Transfer-Encoding:chunked
Date:Wed, 12 Jul 2023 19:20:41 GMT
Keep-Alive:timeout=60
Connection:keep-alive

{"userId":77,"name":"Marquetta Nikolaus","course":"Product Mobility Orchestrator","email":"77@qa.ru","age":45,"mark":{"name":"Course mark","score":6}}][headers: {citrus_message_id=9d6b9793-4245-4dcf-bdc3-e3d27488d72c, citrus_message_timestamp=1689189642565}]
22:20:42,566 DEBUG  client.RestTemplate| Response 200 OK
22:20:42,566 DEBUG  client.RestTemplate| Reading to [java.lang.String] as "application/json"
22:20:42,567 INFO     client.HttpClient| HTTP message was sent to endpoint: 'http://localhost:8080/user/get/77'
22:20:42,567 DEBUG aultHttpHeaderMapper| inboundHeaderNames=[Accept-Ranges, Age, Allow, Cache-Control, Connection, Content-Encoding, Content-Language, Content-Length, Content-Location, Content-MD5, Content-Range, Content-Type, Content-Disposition, Transfer-Encoding, Date, ETag, Expires, Last-Modified, Location, Pragma, Proxy-Authenticate, Refresh, Retry-After, Server, Set-Cookie, Trailer, Vary, Via, Warning, WWW-Authenticate]
22:20:42,567 DEBUG aultHttpHeaderMapper| headerName=[content-type] WILL be mapped, matched pattern=content-type
22:20:42,567 DEBUG aultHttpHeaderMapper| setting headerName=[contentType], value=application/json
22:20:42,567 DEBUG aultHttpHeaderMapper| headerName=[transfer-encoding] WILL be mapped, matched pattern=transfer-encoding
22:20:42,567 DEBUG aultHttpHeaderMapper| setting headerName=[Transfer-Encoding], value=[chunked]
22:20:42,567 DEBUG aultHttpHeaderMapper| headerName=[date] WILL be mapped, matched pattern=date
22:20:42,567 DEBUG aultHttpHeaderMapper| setting headerName=[Date], value=1 689 189 641 000
22:20:42,567 DEBUG aultHttpHeaderMapper| headerName=[keep-alive] WILL NOT be mapped
22:20:42,567 DEBUG aultHttpHeaderMapper| headerName=[connection] WILL be mapped, matched pattern=connection
22:20:42,567 DEBUG aultHttpHeaderMapper| setting headerName=[Connection], value=[keep-alive]
22:20:42,567 DEBUG ltCorrelationManager| Saving correlated object for 'citrus_message_id = 'b6cfc4ea-f094-4e50-ae1d-0fe2678f6613''
22:20:42,567 INFO  port.LoggingReporter| 
22:20:42,567 DEBUG port.LoggingReporter| TEST STEP 153 SUCCESS
22:20:42,567 INFO  port.LoggingReporter| 
22:20:42,567 DEBUG port.LoggingReporter| TEST STEP 154: receive
22:20:42,567 DEBUG ngCorrelationManager| Get correlation key for 'citrus_message_correlator_httpRESTClient'
22:20:42,567 DEBUG ltCorrelationManager| Finding correlated object for 'citrus_message_id = 'b6cfc4ea-f094-4e50-ae1d-0fe2678f6613''
22:20:42,568 DEBUG ageValidatorRegistry| Found 4 message validators for message
22:20:42,568 DEBUG ssageHeaderValidator| Start message header validation ...
22:20:42,568 DEBUG faultHeaderValidator| Validating header element: citrus_http_reason_phrase='OK': OK.
22:20:42,568 DEBUG faultHeaderValidator| Validating header element: citrus_http_status_code='200': OK.
22:20:42,568 INFO  ssageHeaderValidator| Message header validation successful: All values OK
22:20:42,568 DEBUG TextMessageValidator| Start JSON message validation ...
22:20:42,568 DEBUG JsonSchemaValidation| Starting Json schema validation ...
22:20:42,568 INFO  JsonSchemaValidation| Json schema validation successful: All values OK
22:20:42,569 DEBUG TextMessageValidator| Received message:
HTTPMESSAGE [id: c2dab082-0200-4252-a4ec-f456f97d62f9, payload: {"userId":77,"name":"Marquetta Nikolaus","course":"Product Mobility Orchestrator","email":"77@qa.ru","age":45,"mark":{"name":"Course mark","score":6}}][headers: {Transfer-Encoding=chunked, Connection=keep-alive, contentType=application/json, Date=1689189641000, citrus_message_id=c2dab082-0200-4252-a4ec-f456f97d62f9, citrus_message_timestamp=1689189642567, Keep-Alive=timeout=60, Content-Type=application/json, citrus_http_status_code=200, citrus_http_reason_phrase=OK, citrus_http_version=HTTP/1.1}]
22:20:42,569 DEBUG TextMessageValidator| Control message:
HTTPMESSAGE [id: e48de468-590f-4476-8dc1-c504c8bc0893, payload: {"userId":77,"email":"@contains('@qa.ru')@","name":"@matches('^[a-zA-Z\\s\\.]*$')@","course":"@matches('^[a-zA-Z\\s]*$')@","age":"@isNumber()@","mark":{"name":"@contains('Course mark')@","score":"@isNumber()@"}}][headers: {citrus_message_id=e48de468-590f-4476-8dc1-c504c8bc0893, citrus_message_timestamp=1689189642567, citrus_http_reason_phrase=OK, citrus_http_status_code=200, citrus_message_type=JSON}]
22:20:42,569 DEBUG TextMessageValidator| Validation successful for JSON entry 'name' (@matches('^[a-zA-Z\s\.]*$')@)
22:20:42,569 DEBUG TextMessageValidator| Validation successful for JSON entry 'course' (@matches('^[a-zA-Z\s]*$')@)
22:20:42,569 DEBUG TextMessageValidator| Validation successful for JSON entry 'userId' (77)
22:20:42,569 DEBUG TextMessageValidator| Validation successful for JSON entry 'email' (@contains('@qa.ru')@)
22:20:42,569 DEBUG TextMessageValidator| Validation successful for JSON entry 'age' (@isNumber()@)
22:20:42,569 DEBUG TextMessageValidator| Validation successful for JSON entry 'score' (@isNumber()@)
22:20:42,569 DEBUG TextMessageValidator| Validation successful for JSON entry 'name' (@contains('Course mark')@)
22:20:42,569 DEBUG TextMessageValidator| Validation successful for JSON entry 'mark' ({"score":"@isNumber()@","name":"@contains('Course mark')@"})
22:20:42,569 INFO  TextMessageValidator| JSON message validation successful: All values OK
22:20:42,569 INFO  port.LoggingReporter| 
22:20:42,569 DEBUG port.LoggingReporter| TEST STEP 154 SUCCESS
]]></system-out>
  </testcase>
  <testcase name="getUserStubParametrizedTest(int)[78]" classname="citrus.HttpRESTStubTests" time="0.008">
    <system-out><![CDATA[22:20:42,571 INFO  port.LoggingReporter| 
22:20:42,571 INFO  port.LoggingReporter| ------------------------------------------------------------------------
22:20:42,571 DEBUG port.LoggingReporter| STARTING TEST HttpRESTStubTests.getUserStubParametrizedTest <citrus>
22:20:42,571 INFO  port.LoggingReporter| 
22:20:42,571 DEBUG trus.DefaultTestCase| Initializing test case
22:20:42,571 DEBUG trus.DefaultTestCase| Global variables:
22:20:42,571 DEBUG trus.DefaultTestCase| citrus_message_correlator_httpRESTClient = citrus_message_id = 'b6cfc4ea-f094-4e50-ae1d-0fe2678f6613'
22:20:42,571 DEBUG trus.DefaultTestCase| default.test.author = Unknown
22:20:42,571 DEBUG trus.DefaultTestCase| citrus.test.package = citrus
22:20:42,571 DEBUG trus.DefaultTestCase| citrus.test.name = HttpRESTStubTests.getUserStubParametrizedTest
22:20:42,571 DEBUG trus.DefaultTestCase| project.name = Citrus Integration Tests
22:20:42,571 DEBUG trus.DefaultTestCase| userId = 35
22:20:42,571 DEBUG trus.DefaultTestCase| citrus_message_replyTo_citrus_message_correlator_httpRESTClient = http://localhost:8080/user/get/77
22:20:42,571 DEBUG trus.DefaultTestCase| url = http://localhost:8080/user
22:20:42,571 DEBUG trus.DefaultTestCase| default.test.package = citrus
22:20:42,571 DEBUG  context.TestContext| Setting variable: citrus.test.name with value: 'HttpRESTStubTests.getUserStubParametrizedTest'
22:20:42,571 DEBUG  context.TestContext| Setting variable: citrus.test.package with value: 'citrus'
22:20:42,571 DEBUG trus.DefaultTestCase| Test variables:
22:20:42,571 DEBUG trus.DefaultTestCase| citrus_message_correlator_httpRESTClient = citrus_message_id = 'b6cfc4ea-f094-4e50-ae1d-0fe2678f6613'
22:20:42,571 DEBUG trus.DefaultTestCase| default.test.author = Unknown
22:20:42,571 DEBUG trus.DefaultTestCase| citrus.test.package = citrus
22:20:42,571 DEBUG trus.DefaultTestCase| citrus.test.name = HttpRESTStubTests.getUserStubParametrizedTest
22:20:42,571 DEBUG trus.DefaultTestCase| project.name = Citrus Integration Tests
22:20:42,571 DEBUG trus.DefaultTestCase| userId = 35
22:20:42,571 DEBUG trus.DefaultTestCase| citrus_message_replyTo_citrus_message_correlator_httpRESTClient = http://localhost:8080/user/get/77
22:20:42,571 DEBUG trus.DefaultTestCase| url = http://localhost:8080/user
22:20:42,571 DEBUG trus.DefaultTestCase| default.test.package = citrus
22:20:42,572 INFO  port.LoggingReporter| 
22:20:42,572 DEBUG port.LoggingReporter| TEST STEP 155: send
22:20:42,572 DEBUG ltCorrelationManager| Saving correlation key for 'citrus_message_correlator_httpRESTClient'
22:20:42,572 DEBUG  context.TestContext| Setting variable: citrus_message_correlator_httpRESTClient with value: 'citrus_message_id = 'ecf441e3-6fd6-4b60-b82d-efdbc2592ac9''
22:20:42,572 DEBUG  context.TestContext| Setting variable: citrus_message_replyTo_citrus_message_correlator_httpRESTClient with value: 'http://localhost:8080/user/get/78'
22:20:42,572 INFO     client.HttpClient| Sending HTTP message to: 'http://localhost:8080/user/get/78'
22:20:42,572 DEBUG    client.HttpClient| Message to send:

22:20:42,572 DEBUG aultHttpHeaderMapper| outboundHeaderNames=[Accept, Accept-Charset, Accept-Encoding, Accept-Language, Accept-Ranges, Authorization, Cache-Control, Connection, Content-Length, Content-Type, Cookie, Date, Expect, From, Host, If-Match, If-Modified-Since, If-None-Match, If-Range, If-Unmodified-Since, Max-Forwards, Pragma, Proxy-Authorization, Range, Referer, TE, Upgrade, User-Agent, Via, Warning]
22:20:42,572 DEBUG aultHttpHeaderMapper| headerName=[citrus_message_timestamp] WILL NOT be mapped
22:20:42,572 DEBUG aultHttpHeaderMapper| headerName=[citrus_message_type] WILL NOT be mapped
22:20:42,572 DEBUG aultHttpHeaderMapper| headerName=[citrus_request_path] WILL NOT be mapped
22:20:42,572 DEBUG aultHttpHeaderMapper| headerName=[citrus_http_request_uri] WILL NOT be mapped
22:20:42,572 DEBUG aultHttpHeaderMapper| headerName=[id] WILL NOT be mapped
22:20:42,572 DEBUG aultHttpHeaderMapper| headerName=[citrus_message_id] WILL NOT be mapped
22:20:42,572 DEBUG aultHttpHeaderMapper| headerName=[citrus_http_method] WILL NOT be mapped
22:20:42,572 DEBUG aultHttpHeaderMapper| headerName=[timestamp] WILL NOT be mapped
22:20:42,572 DEBUG  client.RestTemplate| HTTP GET http://localhost:8080/user/get/78
22:20:42,572 DEBUG  client.RestTemplate| Accept=[text/plain, application/json, application/*+json, */*]
22:20:42,572 DEBUG ingClientInterceptor| Sending Http request message
22:20:42,573 DEBUG   Logger.Message_OUT| RAWMESSAGE [id: b636632c-4597-49b4-ad74-aa3b851a5395, payload: GET http://localhost:8080/user/get/78
Accept:text/plain, application/json, application/*+json, */*
Content-Type:application/json;charset=UTF-8
Content-Length:0][headers: {citrus_message_id=b636632c-4597-49b4-ad74-aa3b851a5395, citrus_message_timestamp=1689189642572}]
22:20:42,573 DEBUG ol.RequestAddCookies| CookieSpec selected: default
22:20:42,573 DEBUG col.RequestAuthCache| Auth cache not set in the context
22:20:42,573 DEBUG entConnectionManager| Connection request: [route: {}->http://localhost:8080][total available: 1; route allocated: 1 of 5; total allocated: 1 of 10]
22:20:42,573 DEBUG entConnectionManager| Connection leased: [id: 0][route: {}->http://localhost:8080][total available: 0; route allocated: 1 of 5; total allocated: 1 of 10]
22:20:42,573 DEBUG HttpClientConnection| http-outgoing-0: set socket timeout to 0
22:20:42,573 DEBUG chain.MainClientExec| Executing request GET /user/get/78 HTTP/1.1
22:20:42,573 DEBUG chain.MainClientExec| Target auth state: UNCHALLENGED
22:20:42,573 DEBUG chain.MainClientExec| Proxy auth state: UNCHALLENGED
22:20:42,573 DEBUG         http.headers| http-outgoing-0 >> GET /user/get/78 HTTP/1.1
22:20:42,573 DEBUG         http.headers| http-outgoing-0 >> Accept: text/plain, application/json, application/*+json, */*
22:20:42,573 DEBUG         http.headers| http-outgoing-0 >> Content-Type: application/json;charset=UTF-8
22:20:42,573 DEBUG         http.headers| http-outgoing-0 >> Host: localhost:8080
22:20:42,573 DEBUG         http.headers| http-outgoing-0 >> Connection: Keep-Alive
22:20:42,573 DEBUG         http.headers| http-outgoing-0 >> User-Agent: Apache-HttpClient/4.5.13 (Java/11.0.16)
22:20:42,573 DEBUG         http.headers| http-outgoing-0 >> Accept-Encoding: gzip,deflate
22:20:42,573 DEBUG            http.wire| http-outgoing-0 >> "GET /user/get/78 HTTP/1.1[\r][\n]"
22:20:42,573 DEBUG            http.wire| http-outgoing-0 >> "Accept: text/plain, application/json, application/*+json, */*[\r][\n]"
22:20:42,573 DEBUG            http.wire| http-outgoing-0 >> "Content-Type: application/json;charset=UTF-8[\r][\n]"
22:20:42,573 DEBUG            http.wire| http-outgoing-0 >> "Host: localhost:8080[\r][\n]"
22:20:42,573 DEBUG            http.wire| http-outgoing-0 >> "Connection: Keep-Alive[\r][\n]"
22:20:42,573 DEBUG            http.wire| http-outgoing-0 >> "User-Agent: Apache-HttpClient/4.5.13 (Java/11.0.16)[\r][\n]"
22:20:42,573 DEBUG            http.wire| http-outgoing-0 >> "Accept-Encoding: gzip,deflate[\r][\n]"
22:20:42,573 DEBUG            http.wire| http-outgoing-0 >> "[\r][\n]"
22:20:42,574 DEBUG            http.wire| http-outgoing-0 << "HTTP/1.1 200 [\r][\n]"
22:20:42,574 DEBUG            http.wire| http-outgoing-0 << "Content-Type: application/json[\r][\n]"
22:20:42,574 DEBUG            http.wire| http-outgoing-0 << "Transfer-Encoding: chunked[\r][\n]"
22:20:42,574 DEBUG            http.wire| http-outgoing-0 << "Date: Wed, 12 Jul 2023 19:20:42 GMT[\r][\n]"
22:20:42,574 DEBUG            http.wire| http-outgoing-0 << "Keep-Alive: timeout=60[\r][\n]"
22:20:42,574 DEBUG            http.wire| http-outgoing-0 << "Connection: keep-alive[\r][\n]"
22:20:42,574 DEBUG            http.wire| http-outgoing-0 << "[\r][\n]"
22:20:42,574 DEBUG            http.wire| http-outgoing-0 << "91[\r][\n]"
22:20:42,574 DEBUG            http.wire| http-outgoing-0 << "{"userId":78,"name":"Christian Marks Sr.","course":"Regional Group Director","email":"78@qa.ru","age":65,"mark":{"name":"Course mark","score":2}}[\r][\n]"
22:20:42,574 DEBUG         http.headers| http-outgoing-0 << HTTP/1.1 200 
22:20:42,574 DEBUG         http.headers| http-outgoing-0 << Content-Type: application/json
22:20:42,574 DEBUG         http.headers| http-outgoing-0 << Transfer-Encoding: chunked
22:20:42,574 DEBUG         http.headers| http-outgoing-0 << Date: Wed, 12 Jul 2023 19:20:42 GMT
22:20:42,574 DEBUG         http.headers| http-outgoing-0 << Keep-Alive: timeout=60
22:20:42,574 DEBUG         http.headers| http-outgoing-0 << Connection: keep-alive
22:20:42,575 DEBUG chain.MainClientExec| Connection can be kept alive for 60000 MILLISECONDS
22:20:42,575 DEBUG            http.wire| http-outgoing-0 << "0[\r][\n]"
22:20:42,575 DEBUG            http.wire| http-outgoing-0 << "[\r][\n]"
22:20:42,575 DEBUG entConnectionManager| Connection [id: 0][route: {}->http://localhost:8080] can be kept alive for 60.0 seconds
22:20:42,575 DEBUG HttpClientConnection| http-outgoing-0: set socket timeout to 0
22:20:42,575 DEBUG entConnectionManager| Connection released: [id: 0][route: {}->http://localhost:8080][total available: 1; route allocated: 1 of 5; total allocated: 1 of 10]
22:20:42,575 DEBUG ingClientInterceptor| Received Http response message
22:20:42,576 DEBUG    Logger.Message_IN| RAWMESSAGE [id: 32cf1632-289f-4bcc-aeb6-def965e482cc, payload: HTTP/1.1 200 OK 
Content-Type:application/json
Transfer-Encoding:chunked
Date:Wed, 12 Jul 2023 19:20:42 GMT
Keep-Alive:timeout=60
Connection:keep-alive

{"userId":78,"name":"Christian Marks Sr.","course":"Regional Group Director","email":"78@qa.ru","age":65,"mark":{"name":"Course mark","score":2}}][headers: {citrus_message_id=32cf1632-289f-4bcc-aeb6-def965e482cc, citrus_message_timestamp=1689189642575}]
22:20:42,576 DEBUG  client.RestTemplate| Response 200 OK
22:20:42,576 DEBUG  client.RestTemplate| Reading to [java.lang.String] as "application/json"
22:20:42,576 INFO     client.HttpClient| HTTP message was sent to endpoint: 'http://localhost:8080/user/get/78'
22:20:42,576 DEBUG aultHttpHeaderMapper| inboundHeaderNames=[Accept-Ranges, Age, Allow, Cache-Control, Connection, Content-Encoding, Content-Language, Content-Length, Content-Location, Content-MD5, Content-Range, Content-Type, Content-Disposition, Transfer-Encoding, Date, ETag, Expires, Last-Modified, Location, Pragma, Proxy-Authenticate, Refresh, Retry-After, Server, Set-Cookie, Trailer, Vary, Via, Warning, WWW-Authenticate]
22:20:42,576 DEBUG aultHttpHeaderMapper| headerName=[content-type] WILL be mapped, matched pattern=content-type
22:20:42,576 DEBUG aultHttpHeaderMapper| setting headerName=[contentType], value=application/json
22:20:42,576 DEBUG aultHttpHeaderMapper| headerName=[transfer-encoding] WILL be mapped, matched pattern=transfer-encoding
22:20:42,576 DEBUG aultHttpHeaderMapper| setting headerName=[Transfer-Encoding], value=[chunked]
22:20:42,576 DEBUG aultHttpHeaderMapper| headerName=[date] WILL be mapped, matched pattern=date
22:20:42,576 DEBUG aultHttpHeaderMapper| setting headerName=[Date], value=1 689 189 642 000
22:20:42,576 DEBUG aultHttpHeaderMapper| headerName=[keep-alive] WILL NOT be mapped
22:20:42,576 DEBUG aultHttpHeaderMapper| headerName=[connection] WILL be mapped, matched pattern=connection
22:20:42,576 DEBUG aultHttpHeaderMapper| setting headerName=[Connection], value=[keep-alive]
22:20:42,576 DEBUG ltCorrelationManager| Saving correlated object for 'citrus_message_id = 'ecf441e3-6fd6-4b60-b82d-efdbc2592ac9''
22:20:42,576 INFO  port.LoggingReporter| 
22:20:42,576 DEBUG port.LoggingReporter| TEST STEP 155 SUCCESS
22:20:42,576 INFO  port.LoggingReporter| 
22:20:42,576 DEBUG port.LoggingReporter| TEST STEP 156: receive
22:20:42,576 DEBUG ngCorrelationManager| Get correlation key for 'citrus_message_correlator_httpRESTClient'
22:20:42,576 DEBUG ltCorrelationManager| Finding correlated object for 'citrus_message_id = 'ecf441e3-6fd6-4b60-b82d-efdbc2592ac9''
22:20:42,577 DEBUG ageValidatorRegistry| Found 4 message validators for message
22:20:42,577 DEBUG ssageHeaderValidator| Start message header validation ...
22:20:42,577 DEBUG faultHeaderValidator| Validating header element: citrus_http_reason_phrase='OK': OK.
22:20:42,577 DEBUG faultHeaderValidator| Validating header element: citrus_http_status_code='200': OK.
22:20:42,577 INFO  ssageHeaderValidator| Message header validation successful: All values OK
22:20:42,577 DEBUG TextMessageValidator| Start JSON message validation ...
22:20:42,577 DEBUG JsonSchemaValidation| Starting Json schema validation ...
22:20:42,577 INFO  JsonSchemaValidation| Json schema validation successful: All values OK
22:20:42,578 DEBUG TextMessageValidator| Received message:
HTTPMESSAGE [id: 561aa2ea-80fe-457a-9224-69c5f8718950, payload: {"userId":78,"name":"Christian Marks Sr.","course":"Regional Group Director","email":"78@qa.ru","age":65,"mark":{"name":"Course mark","score":2}}][headers: {Transfer-Encoding=chunked, Connection=keep-alive, contentType=application/json, Date=1689189642000, citrus_message_id=561aa2ea-80fe-457a-9224-69c5f8718950, citrus_message_timestamp=1689189642576, Keep-Alive=timeout=60, Content-Type=application/json, citrus_http_status_code=200, citrus_http_reason_phrase=OK, citrus_http_version=HTTP/1.1}]
22:20:42,578 DEBUG TextMessageValidator| Control message:
HTTPMESSAGE [id: 2070c5b5-8a15-4dc7-9429-c6050db8c5c3, payload: {"userId":78,"email":"@contains('@qa.ru')@","name":"@matches('^[a-zA-Z\\s\\.]*$')@","course":"@matches('^[a-zA-Z\\s]*$')@","age":"@isNumber()@","mark":{"name":"@contains('Course mark')@","score":"@isNumber()@"}}][headers: {citrus_message_id=2070c5b5-8a15-4dc7-9429-c6050db8c5c3, citrus_message_timestamp=1689189642576, citrus_http_reason_phrase=OK, citrus_http_status_code=200, citrus_message_type=JSON}]
22:20:42,578 DEBUG TextMessageValidator| Validation successful for JSON entry 'name' (@matches('^[a-zA-Z\s\.]*$')@)
22:20:42,578 DEBUG TextMessageValidator| Validation successful for JSON entry 'course' (@matches('^[a-zA-Z\s]*$')@)
22:20:42,578 DEBUG TextMessageValidator| Validation successful for JSON entry 'userId' (78)
22:20:42,578 DEBUG TextMessageValidator| Validation successful for JSON entry 'email' (@contains('@qa.ru')@)
22:20:42,578 DEBUG TextMessageValidator| Validation successful for JSON entry 'age' (@isNumber()@)
22:20:42,578 DEBUG TextMessageValidator| Validation successful for JSON entry 'score' (@isNumber()@)
22:20:42,578 DEBUG TextMessageValidator| Validation successful for JSON entry 'name' (@contains('Course mark')@)
22:20:42,578 DEBUG TextMessageValidator| Validation successful for JSON entry 'mark' ({"score":"@isNumber()@","name":"@contains('Course mark')@"})
22:20:42,578 INFO  TextMessageValidator| JSON message validation successful: All values OK
22:20:42,578 INFO  port.LoggingReporter| 
22:20:42,578 DEBUG port.LoggingReporter| TEST STEP 156 SUCCESS
]]></system-out>
  </testcase>
  <testcase name="getUserStubParametrizedTest(int)[79]" classname="citrus.HttpRESTStubTests" time="0.009">
    <system-out><![CDATA[22:20:42,580 INFO  port.LoggingReporter| 
22:20:42,580 INFO  port.LoggingReporter| ------------------------------------------------------------------------
22:20:42,580 DEBUG port.LoggingReporter| STARTING TEST HttpRESTStubTests.getUserStubParametrizedTest <citrus>
22:20:42,580 INFO  port.LoggingReporter| 
22:20:42,580 DEBUG trus.DefaultTestCase| Initializing test case
22:20:42,580 DEBUG trus.DefaultTestCase| Global variables:
22:20:42,580 DEBUG trus.DefaultTestCase| citrus_message_correlator_httpRESTClient = citrus_message_id = 'ecf441e3-6fd6-4b60-b82d-efdbc2592ac9'
22:20:42,580 DEBUG trus.DefaultTestCase| default.test.author = Unknown
22:20:42,580 DEBUG trus.DefaultTestCase| citrus.test.package = citrus
22:20:42,580 DEBUG trus.DefaultTestCase| citrus.test.name = HttpRESTStubTests.getUserStubParametrizedTest
22:20:42,580 DEBUG trus.DefaultTestCase| project.name = Citrus Integration Tests
22:20:42,580 DEBUG trus.DefaultTestCase| userId = 35
22:20:42,580 DEBUG trus.DefaultTestCase| citrus_message_replyTo_citrus_message_correlator_httpRESTClient = http://localhost:8080/user/get/78
22:20:42,580 DEBUG trus.DefaultTestCase| url = http://localhost:8080/user
22:20:42,580 DEBUG trus.DefaultTestCase| default.test.package = citrus
22:20:42,580 DEBUG  context.TestContext| Setting variable: citrus.test.name with value: 'HttpRESTStubTests.getUserStubParametrizedTest'
22:20:42,580 DEBUG  context.TestContext| Setting variable: citrus.test.package with value: 'citrus'
22:20:42,580 DEBUG trus.DefaultTestCase| Test variables:
22:20:42,580 DEBUG trus.DefaultTestCase| citrus_message_correlator_httpRESTClient = citrus_message_id = 'ecf441e3-6fd6-4b60-b82d-efdbc2592ac9'
22:20:42,580 DEBUG trus.DefaultTestCase| default.test.author = Unknown
22:20:42,580 DEBUG trus.DefaultTestCase| citrus.test.package = citrus
22:20:42,580 DEBUG trus.DefaultTestCase| citrus.test.name = HttpRESTStubTests.getUserStubParametrizedTest
22:20:42,580 DEBUG trus.DefaultTestCase| project.name = Citrus Integration Tests
22:20:42,580 DEBUG trus.DefaultTestCase| userId = 35
22:20:42,580 DEBUG trus.DefaultTestCase| citrus_message_replyTo_citrus_message_correlator_httpRESTClient = http://localhost:8080/user/get/78
22:20:42,580 DEBUG trus.DefaultTestCase| url = http://localhost:8080/user
22:20:42,580 DEBUG trus.DefaultTestCase| default.test.package = citrus
22:20:42,580 INFO  port.LoggingReporter| 
22:20:42,580 DEBUG port.LoggingReporter| TEST STEP 157: send
22:20:42,580 DEBUG ltCorrelationManager| Saving correlation key for 'citrus_message_correlator_httpRESTClient'
22:20:42,580 DEBUG  context.TestContext| Setting variable: citrus_message_correlator_httpRESTClient with value: 'citrus_message_id = 'fdc9a28e-ba79-4646-ae32-0df10819b009''
22:20:42,580 DEBUG  context.TestContext| Setting variable: citrus_message_replyTo_citrus_message_correlator_httpRESTClient with value: 'http://localhost:8080/user/get/79'
22:20:42,580 INFO     client.HttpClient| Sending HTTP message to: 'http://localhost:8080/user/get/79'
22:20:42,580 DEBUG    client.HttpClient| Message to send:

22:20:42,580 DEBUG aultHttpHeaderMapper| outboundHeaderNames=[Accept, Accept-Charset, Accept-Encoding, Accept-Language, Accept-Ranges, Authorization, Cache-Control, Connection, Content-Length, Content-Type, Cookie, Date, Expect, From, Host, If-Match, If-Modified-Since, If-None-Match, If-Range, If-Unmodified-Since, Max-Forwards, Pragma, Proxy-Authorization, Range, Referer, TE, Upgrade, User-Agent, Via, Warning]
22:20:42,580 DEBUG aultHttpHeaderMapper| headerName=[citrus_message_timestamp] WILL NOT be mapped
22:20:42,580 DEBUG aultHttpHeaderMapper| headerName=[citrus_message_type] WILL NOT be mapped
22:20:42,580 DEBUG aultHttpHeaderMapper| headerName=[citrus_request_path] WILL NOT be mapped
22:20:42,580 DEBUG aultHttpHeaderMapper| headerName=[citrus_http_request_uri] WILL NOT be mapped
22:20:42,580 DEBUG aultHttpHeaderMapper| headerName=[id] WILL NOT be mapped
22:20:42,580 DEBUG aultHttpHeaderMapper| headerName=[citrus_message_id] WILL NOT be mapped
22:20:42,580 DEBUG aultHttpHeaderMapper| headerName=[citrus_http_method] WILL NOT be mapped
22:20:42,580 DEBUG aultHttpHeaderMapper| headerName=[timestamp] WILL NOT be mapped
22:20:42,580 DEBUG  client.RestTemplate| HTTP GET http://localhost:8080/user/get/79
22:20:42,580 DEBUG  client.RestTemplate| Accept=[text/plain, application/json, application/*+json, */*]
22:20:42,580 DEBUG ingClientInterceptor| Sending Http request message
22:20:42,581 DEBUG   Logger.Message_OUT| RAWMESSAGE [id: 8133038c-578f-4463-8ff3-7e9b18cdc850, payload: GET http://localhost:8080/user/get/79
Accept:text/plain, application/json, application/*+json, */*
Content-Type:application/json;charset=UTF-8
Content-Length:0][headers: {citrus_message_id=8133038c-578f-4463-8ff3-7e9b18cdc850, citrus_message_timestamp=1689189642580}]
22:20:42,581 DEBUG ol.RequestAddCookies| CookieSpec selected: default
22:20:42,581 DEBUG col.RequestAuthCache| Auth cache not set in the context
22:20:42,581 DEBUG entConnectionManager| Connection request: [route: {}->http://localhost:8080][total available: 1; route allocated: 1 of 5; total allocated: 1 of 10]
22:20:42,581 DEBUG entConnectionManager| Connection leased: [id: 0][route: {}->http://localhost:8080][total available: 0; route allocated: 1 of 5; total allocated: 1 of 10]
22:20:42,581 DEBUG HttpClientConnection| http-outgoing-0: set socket timeout to 0
22:20:42,581 DEBUG chain.MainClientExec| Executing request GET /user/get/79 HTTP/1.1
22:20:42,581 DEBUG chain.MainClientExec| Target auth state: UNCHALLENGED
22:20:42,581 DEBUG chain.MainClientExec| Proxy auth state: UNCHALLENGED
22:20:42,581 DEBUG         http.headers| http-outgoing-0 >> GET /user/get/79 HTTP/1.1
22:20:42,581 DEBUG         http.headers| http-outgoing-0 >> Accept: text/plain, application/json, application/*+json, */*
22:20:42,581 DEBUG         http.headers| http-outgoing-0 >> Content-Type: application/json;charset=UTF-8
22:20:42,581 DEBUG         http.headers| http-outgoing-0 >> Host: localhost:8080
22:20:42,581 DEBUG         http.headers| http-outgoing-0 >> Connection: Keep-Alive
22:20:42,581 DEBUG         http.headers| http-outgoing-0 >> User-Agent: Apache-HttpClient/4.5.13 (Java/11.0.16)
22:20:42,581 DEBUG         http.headers| http-outgoing-0 >> Accept-Encoding: gzip,deflate
22:20:42,581 DEBUG            http.wire| http-outgoing-0 >> "GET /user/get/79 HTTP/1.1[\r][\n]"
22:20:42,581 DEBUG            http.wire| http-outgoing-0 >> "Accept: text/plain, application/json, application/*+json, */*[\r][\n]"
22:20:42,581 DEBUG            http.wire| http-outgoing-0 >> "Content-Type: application/json;charset=UTF-8[\r][\n]"
22:20:42,581 DEBUG            http.wire| http-outgoing-0 >> "Host: localhost:8080[\r][\n]"
22:20:42,581 DEBUG            http.wire| http-outgoing-0 >> "Connection: Keep-Alive[\r][\n]"
22:20:42,581 DEBUG            http.wire| http-outgoing-0 >> "User-Agent: Apache-HttpClient/4.5.13 (Java/11.0.16)[\r][\n]"
22:20:42,581 DEBUG            http.wire| http-outgoing-0 >> "Accept-Encoding: gzip,deflate[\r][\n]"
22:20:42,581 DEBUG            http.wire| http-outgoing-0 >> "[\r][\n]"
22:20:42,583 DEBUG            http.wire| http-outgoing-0 << "HTTP/1.1 200 [\r][\n]"
22:20:42,583 DEBUG            http.wire| http-outgoing-0 << "Content-Type: application/json[\r][\n]"
22:20:42,583 DEBUG            http.wire| http-outgoing-0 << "Transfer-Encoding: chunked[\r][\n]"
22:20:42,583 DEBUG            http.wire| http-outgoing-0 << "Date: Wed, 12 Jul 2023 19:20:42 GMT[\r][\n]"
22:20:42,583 DEBUG            http.wire| http-outgoing-0 << "Keep-Alive: timeout=60[\r][\n]"
22:20:42,583 DEBUG            http.wire| http-outgoing-0 << "Connection: keep-alive[\r][\n]"
22:20:42,583 DEBUG            http.wire| http-outgoing-0 << "[\r][\n]"
22:20:42,583 DEBUG            http.wire| http-outgoing-0 << "8f[\r][\n]"
22:20:42,583 DEBUG            http.wire| http-outgoing-0 << "{"userId":79,"name":"Santo Gorczany","course":"Direct Paradigm Consultant","email":"79@qa.ru","age":39,"mark":{"name":"Course mark","score":6}}[\r][\n]"
22:20:42,583 DEBUG         http.headers| http-outgoing-0 << HTTP/1.1 200 
22:20:42,583 DEBUG         http.headers| http-outgoing-0 << Content-Type: application/json
22:20:42,583 DEBUG         http.headers| http-outgoing-0 << Transfer-Encoding: chunked
22:20:42,583 DEBUG         http.headers| http-outgoing-0 << Date: Wed, 12 Jul 2023 19:20:42 GMT
22:20:42,583 DEBUG         http.headers| http-outgoing-0 << Keep-Alive: timeout=60
22:20:42,583 DEBUG         http.headers| http-outgoing-0 << Connection: keep-alive
22:20:42,583 DEBUG chain.MainClientExec| Connection can be kept alive for 60000 MILLISECONDS
22:20:42,583 DEBUG            http.wire| http-outgoing-0 << "0[\r][\n]"
22:20:42,583 DEBUG            http.wire| http-outgoing-0 << "[\r][\n]"
22:20:42,583 DEBUG entConnectionManager| Connection [id: 0][route: {}->http://localhost:8080] can be kept alive for 60.0 seconds
22:20:42,583 DEBUG HttpClientConnection| http-outgoing-0: set socket timeout to 0
22:20:42,583 DEBUG entConnectionManager| Connection released: [id: 0][route: {}->http://localhost:8080][total available: 1; route allocated: 1 of 5; total allocated: 1 of 10]
22:20:42,583 DEBUG ingClientInterceptor| Received Http response message
22:20:42,584 DEBUG    Logger.Message_IN| RAWMESSAGE [id: a4527dee-00bc-4dcf-b0a2-5250fcd1361a, payload: HTTP/1.1 200 OK 
Content-Type:application/json
Transfer-Encoding:chunked
Date:Wed, 12 Jul 2023 19:20:42 GMT
Keep-Alive:timeout=60
Connection:keep-alive

{"userId":79,"name":"Santo Gorczany","course":"Direct Paradigm Consultant","email":"79@qa.ru","age":39,"mark":{"name":"Course mark","score":6}}][headers: {citrus_message_id=a4527dee-00bc-4dcf-b0a2-5250fcd1361a, citrus_message_timestamp=1689189642583}]
22:20:42,585 DEBUG  client.RestTemplate| Response 200 OK
22:20:42,585 DEBUG  client.RestTemplate| Reading to [java.lang.String] as "application/json"
22:20:42,585 INFO     client.HttpClient| HTTP message was sent to endpoint: 'http://localhost:8080/user/get/79'
22:20:42,585 DEBUG aultHttpHeaderMapper| inboundHeaderNames=[Accept-Ranges, Age, Allow, Cache-Control, Connection, Content-Encoding, Content-Language, Content-Length, Content-Location, Content-MD5, Content-Range, Content-Type, Content-Disposition, Transfer-Encoding, Date, ETag, Expires, Last-Modified, Location, Pragma, Proxy-Authenticate, Refresh, Retry-After, Server, Set-Cookie, Trailer, Vary, Via, Warning, WWW-Authenticate]
22:20:42,585 DEBUG aultHttpHeaderMapper| headerName=[content-type] WILL be mapped, matched pattern=content-type
22:20:42,585 DEBUG aultHttpHeaderMapper| setting headerName=[contentType], value=application/json
22:20:42,585 DEBUG aultHttpHeaderMapper| headerName=[transfer-encoding] WILL be mapped, matched pattern=transfer-encoding
22:20:42,585 DEBUG aultHttpHeaderMapper| setting headerName=[Transfer-Encoding], value=[chunked]
22:20:42,585 DEBUG aultHttpHeaderMapper| headerName=[date] WILL be mapped, matched pattern=date
22:20:42,585 DEBUG aultHttpHeaderMapper| setting headerName=[Date], value=1 689 189 642 000
22:20:42,585 DEBUG aultHttpHeaderMapper| headerName=[keep-alive] WILL NOT be mapped
22:20:42,585 DEBUG aultHttpHeaderMapper| headerName=[connection] WILL be mapped, matched pattern=connection
22:20:42,585 DEBUG aultHttpHeaderMapper| setting headerName=[Connection], value=[keep-alive]
22:20:42,585 DEBUG ltCorrelationManager| Saving correlated object for 'citrus_message_id = 'fdc9a28e-ba79-4646-ae32-0df10819b009''
22:20:42,585 INFO  port.LoggingReporter| 
22:20:42,585 DEBUG port.LoggingReporter| TEST STEP 157 SUCCESS
22:20:42,585 INFO  port.LoggingReporter| 
22:20:42,585 DEBUG port.LoggingReporter| TEST STEP 158: receive
22:20:42,585 DEBUG ngCorrelationManager| Get correlation key for 'citrus_message_correlator_httpRESTClient'
22:20:42,585 DEBUG ltCorrelationManager| Finding correlated object for 'citrus_message_id = 'fdc9a28e-ba79-4646-ae32-0df10819b009''
22:20:42,586 DEBUG ageValidatorRegistry| Found 4 message validators for message
22:20:42,586 DEBUG ssageHeaderValidator| Start message header validation ...
22:20:42,586 DEBUG faultHeaderValidator| Validating header element: citrus_http_reason_phrase='OK': OK.
22:20:42,586 DEBUG faultHeaderValidator| Validating header element: citrus_http_status_code='200': OK.
22:20:42,586 INFO  ssageHeaderValidator| Message header validation successful: All values OK
22:20:42,586 DEBUG TextMessageValidator| Start JSON message validation ...
22:20:42,586 DEBUG JsonSchemaValidation| Starting Json schema validation ...
22:20:42,586 INFO  JsonSchemaValidation| Json schema validation successful: All values OK
22:20:42,587 DEBUG TextMessageValidator| Received message:
HTTPMESSAGE [id: 8780a99f-5657-4fb9-90c4-2df3176c1e02, payload: {"userId":79,"name":"Santo Gorczany","course":"Direct Paradigm Consultant","email":"79@qa.ru","age":39,"mark":{"name":"Course mark","score":6}}][headers: {Transfer-Encoding=chunked, Connection=keep-alive, contentType=application/json, Date=1689189642000, citrus_message_id=8780a99f-5657-4fb9-90c4-2df3176c1e02, citrus_message_timestamp=1689189642585, Keep-Alive=timeout=60, Content-Type=application/json, citrus_http_status_code=200, citrus_http_reason_phrase=OK, citrus_http_version=HTTP/1.1}]
22:20:42,587 DEBUG TextMessageValidator| Control message:
HTTPMESSAGE [id: e132e5d2-cc44-4c82-8c0b-a86487f3ce9e, payload: {"userId":79,"email":"@contains('@qa.ru')@","name":"@matches('^[a-zA-Z\\s\\.]*$')@","course":"@matches('^[a-zA-Z\\s]*$')@","age":"@isNumber()@","mark":{"name":"@contains('Course mark')@","score":"@isNumber()@"}}][headers: {citrus_message_id=e132e5d2-cc44-4c82-8c0b-a86487f3ce9e, citrus_message_timestamp=1689189642585, citrus_http_reason_phrase=OK, citrus_http_status_code=200, citrus_message_type=JSON}]
22:20:42,587 DEBUG TextMessageValidator| Validation successful for JSON entry 'name' (@matches('^[a-zA-Z\s\.]*$')@)
22:20:42,587 DEBUG TextMessageValidator| Validation successful for JSON entry 'course' (@matches('^[a-zA-Z\s]*$')@)
22:20:42,587 DEBUG TextMessageValidator| Validation successful for JSON entry 'userId' (79)
22:20:42,587 DEBUG TextMessageValidator| Validation successful for JSON entry 'email' (@contains('@qa.ru')@)
22:20:42,587 DEBUG TextMessageValidator| Validation successful for JSON entry 'age' (@isNumber()@)
22:20:42,587 DEBUG TextMessageValidator| Validation successful for JSON entry 'score' (@isNumber()@)
22:20:42,587 DEBUG TextMessageValidator| Validation successful for JSON entry 'name' (@contains('Course mark')@)
22:20:42,587 DEBUG TextMessageValidator| Validation successful for JSON entry 'mark' ({"score":"@isNumber()@","name":"@contains('Course mark')@"})
22:20:42,587 INFO  TextMessageValidator| JSON message validation successful: All values OK
22:20:42,587 INFO  port.LoggingReporter| 
22:20:42,587 DEBUG port.LoggingReporter| TEST STEP 158 SUCCESS
]]></system-out>
  </testcase>
  <testcase name="getUserStubParametrizedTest(int)[80]" classname="citrus.HttpRESTStubTests" time="0.008">
    <system-out><![CDATA[22:20:42,589 INFO  port.LoggingReporter| 
22:20:42,589 INFO  port.LoggingReporter| ------------------------------------------------------------------------
22:20:42,589 DEBUG port.LoggingReporter| STARTING TEST HttpRESTStubTests.getUserStubParametrizedTest <citrus>
22:20:42,589 INFO  port.LoggingReporter| 
22:20:42,589 DEBUG trus.DefaultTestCase| Initializing test case
22:20:42,589 DEBUG trus.DefaultTestCase| Global variables:
22:20:42,589 DEBUG trus.DefaultTestCase| citrus_message_correlator_httpRESTClient = citrus_message_id = 'fdc9a28e-ba79-4646-ae32-0df10819b009'
22:20:42,589 DEBUG trus.DefaultTestCase| default.test.author = Unknown
22:20:42,589 DEBUG trus.DefaultTestCase| citrus.test.package = citrus
22:20:42,589 DEBUG trus.DefaultTestCase| citrus.test.name = HttpRESTStubTests.getUserStubParametrizedTest
22:20:42,589 DEBUG trus.DefaultTestCase| project.name = Citrus Integration Tests
22:20:42,589 DEBUG trus.DefaultTestCase| userId = 35
22:20:42,589 DEBUG trus.DefaultTestCase| citrus_message_replyTo_citrus_message_correlator_httpRESTClient = http://localhost:8080/user/get/79
22:20:42,589 DEBUG trus.DefaultTestCase| url = http://localhost:8080/user
22:20:42,589 DEBUG trus.DefaultTestCase| default.test.package = citrus
22:20:42,589 DEBUG  context.TestContext| Setting variable: citrus.test.name with value: 'HttpRESTStubTests.getUserStubParametrizedTest'
22:20:42,589 DEBUG  context.TestContext| Setting variable: citrus.test.package with value: 'citrus'
22:20:42,589 DEBUG trus.DefaultTestCase| Test variables:
22:20:42,589 DEBUG trus.DefaultTestCase| citrus_message_correlator_httpRESTClient = citrus_message_id = 'fdc9a28e-ba79-4646-ae32-0df10819b009'
22:20:42,589 DEBUG trus.DefaultTestCase| default.test.author = Unknown
22:20:42,589 DEBUG trus.DefaultTestCase| citrus.test.package = citrus
22:20:42,589 DEBUG trus.DefaultTestCase| citrus.test.name = HttpRESTStubTests.getUserStubParametrizedTest
22:20:42,589 DEBUG trus.DefaultTestCase| project.name = Citrus Integration Tests
22:20:42,589 DEBUG trus.DefaultTestCase| userId = 35
22:20:42,589 DEBUG trus.DefaultTestCase| citrus_message_replyTo_citrus_message_correlator_httpRESTClient = http://localhost:8080/user/get/79
22:20:42,589 DEBUG trus.DefaultTestCase| url = http://localhost:8080/user
22:20:42,589 DEBUG trus.DefaultTestCase| default.test.package = citrus
22:20:42,590 INFO  port.LoggingReporter| 
22:20:42,590 DEBUG port.LoggingReporter| TEST STEP 159: send
22:20:42,590 DEBUG ltCorrelationManager| Saving correlation key for 'citrus_message_correlator_httpRESTClient'
22:20:42,590 DEBUG  context.TestContext| Setting variable: citrus_message_correlator_httpRESTClient with value: 'citrus_message_id = '536de16d-d735-41ef-81e8-de3a81c79582''
22:20:42,590 DEBUG  context.TestContext| Setting variable: citrus_message_replyTo_citrus_message_correlator_httpRESTClient with value: 'http://localhost:8080/user/get/80'
22:20:42,590 INFO     client.HttpClient| Sending HTTP message to: 'http://localhost:8080/user/get/80'
22:20:42,590 DEBUG    client.HttpClient| Message to send:

22:20:42,590 DEBUG aultHttpHeaderMapper| outboundHeaderNames=[Accept, Accept-Charset, Accept-Encoding, Accept-Language, Accept-Ranges, Authorization, Cache-Control, Connection, Content-Length, Content-Type, Cookie, Date, Expect, From, Host, If-Match, If-Modified-Since, If-None-Match, If-Range, If-Unmodified-Since, Max-Forwards, Pragma, Proxy-Authorization, Range, Referer, TE, Upgrade, User-Agent, Via, Warning]
22:20:42,590 DEBUG aultHttpHeaderMapper| headerName=[citrus_message_timestamp] WILL NOT be mapped
22:20:42,590 DEBUG aultHttpHeaderMapper| headerName=[citrus_message_type] WILL NOT be mapped
22:20:42,590 DEBUG aultHttpHeaderMapper| headerName=[citrus_request_path] WILL NOT be mapped
22:20:42,590 DEBUG aultHttpHeaderMapper| headerName=[citrus_http_request_uri] WILL NOT be mapped
22:20:42,590 DEBUG aultHttpHeaderMapper| headerName=[id] WILL NOT be mapped
22:20:42,590 DEBUG aultHttpHeaderMapper| headerName=[citrus_message_id] WILL NOT be mapped
22:20:42,590 DEBUG aultHttpHeaderMapper| headerName=[citrus_http_method] WILL NOT be mapped
22:20:42,590 DEBUG aultHttpHeaderMapper| headerName=[timestamp] WILL NOT be mapped
22:20:42,590 DEBUG  client.RestTemplate| HTTP GET http://localhost:8080/user/get/80
22:20:42,590 DEBUG  client.RestTemplate| Accept=[text/plain, application/json, application/*+json, */*]
22:20:42,590 DEBUG ingClientInterceptor| Sending Http request message
22:20:42,591 DEBUG   Logger.Message_OUT| RAWMESSAGE [id: 5beaf778-5f70-4198-9763-2fd3e85ae08a, payload: GET http://localhost:8080/user/get/80
Accept:text/plain, application/json, application/*+json, */*
Content-Type:application/json;charset=UTF-8
Content-Length:0][headers: {citrus_message_id=5beaf778-5f70-4198-9763-2fd3e85ae08a, citrus_message_timestamp=1689189642590}]
22:20:42,592 DEBUG ol.RequestAddCookies| CookieSpec selected: default
22:20:42,592 DEBUG col.RequestAuthCache| Auth cache not set in the context
22:20:42,592 DEBUG entConnectionManager| Connection request: [route: {}->http://localhost:8080][total available: 1; route allocated: 1 of 5; total allocated: 1 of 10]
22:20:42,592 DEBUG entConnectionManager| Connection leased: [id: 0][route: {}->http://localhost:8080][total available: 0; route allocated: 1 of 5; total allocated: 1 of 10]
22:20:42,592 DEBUG HttpClientConnection| http-outgoing-0: set socket timeout to 0
22:20:42,592 DEBUG chain.MainClientExec| Executing request GET /user/get/80 HTTP/1.1
22:20:42,592 DEBUG chain.MainClientExec| Target auth state: UNCHALLENGED
22:20:42,592 DEBUG chain.MainClientExec| Proxy auth state: UNCHALLENGED
22:20:42,592 DEBUG         http.headers| http-outgoing-0 >> GET /user/get/80 HTTP/1.1
22:20:42,592 DEBUG         http.headers| http-outgoing-0 >> Accept: text/plain, application/json, application/*+json, */*
22:20:42,592 DEBUG         http.headers| http-outgoing-0 >> Content-Type: application/json;charset=UTF-8
22:20:42,592 DEBUG         http.headers| http-outgoing-0 >> Host: localhost:8080
22:20:42,592 DEBUG         http.headers| http-outgoing-0 >> Connection: Keep-Alive
22:20:42,592 DEBUG         http.headers| http-outgoing-0 >> User-Agent: Apache-HttpClient/4.5.13 (Java/11.0.16)
22:20:42,592 DEBUG         http.headers| http-outgoing-0 >> Accept-Encoding: gzip,deflate
22:20:42,592 DEBUG            http.wire| http-outgoing-0 >> "GET /user/get/80 HTTP/1.1[\r][\n]"
22:20:42,592 DEBUG            http.wire| http-outgoing-0 >> "Accept: text/plain, application/json, application/*+json, */*[\r][\n]"
22:20:42,592 DEBUG            http.wire| http-outgoing-0 >> "Content-Type: application/json;charset=UTF-8[\r][\n]"
22:20:42,592 DEBUG            http.wire| http-outgoing-0 >> "Host: localhost:8080[\r][\n]"
22:20:42,592 DEBUG            http.wire| http-outgoing-0 >> "Connection: Keep-Alive[\r][\n]"
22:20:42,592 DEBUG            http.wire| http-outgoing-0 >> "User-Agent: Apache-HttpClient/4.5.13 (Java/11.0.16)[\r][\n]"
22:20:42,592 DEBUG            http.wire| http-outgoing-0 >> "Accept-Encoding: gzip,deflate[\r][\n]"
22:20:42,592 DEBUG            http.wire| http-outgoing-0 >> "[\r][\n]"
22:20:42,593 DEBUG            http.wire| http-outgoing-0 << "HTTP/1.1 200 [\r][\n]"
22:20:42,593 DEBUG            http.wire| http-outgoing-0 << "Content-Type: application/json[\r][\n]"
22:20:42,593 DEBUG            http.wire| http-outgoing-0 << "Transfer-Encoding: chunked[\r][\n]"
22:20:42,593 DEBUG            http.wire| http-outgoing-0 << "Date: Wed, 12 Jul 2023 19:20:42 GMT[\r][\n]"
22:20:42,593 DEBUG            http.wire| http-outgoing-0 << "Keep-Alive: timeout=60[\r][\n]"
22:20:42,593 DEBUG            http.wire| http-outgoing-0 << "Connection: keep-alive[\r][\n]"
22:20:42,593 DEBUG            http.wire| http-outgoing-0 << "[\r][\n]"
22:20:42,593 DEBUG            http.wire| http-outgoing-0 << "90[\r][\n]"
22:20:42,593 DEBUG            http.wire| http-outgoing-0 << "{"userId":80,"name":"Dominique Wolff","course":"Future Intranet Strategist","email":"80@qa.ru","age":92,"mark":{"name":"Course mark","score":4}}[\r][\n]"
22:20:42,593 DEBUG         http.headers| http-outgoing-0 << HTTP/1.1 200 
22:20:42,593 DEBUG         http.headers| http-outgoing-0 << Content-Type: application/json
22:20:42,593 DEBUG         http.headers| http-outgoing-0 << Transfer-Encoding: chunked
22:20:42,593 DEBUG         http.headers| http-outgoing-0 << Date: Wed, 12 Jul 2023 19:20:42 GMT
22:20:42,593 DEBUG         http.headers| http-outgoing-0 << Keep-Alive: timeout=60
22:20:42,593 DEBUG         http.headers| http-outgoing-0 << Connection: keep-alive
22:20:42,593 DEBUG chain.MainClientExec| Connection can be kept alive for 60000 MILLISECONDS
22:20:42,593 DEBUG            http.wire| http-outgoing-0 << "0[\r][\n]"
22:20:42,593 DEBUG            http.wire| http-outgoing-0 << "[\r][\n]"
22:20:42,593 DEBUG entConnectionManager| Connection [id: 0][route: {}->http://localhost:8080] can be kept alive for 60.0 seconds
22:20:42,593 DEBUG HttpClientConnection| http-outgoing-0: set socket timeout to 0
22:20:42,593 DEBUG entConnectionManager| Connection released: [id: 0][route: {}->http://localhost:8080][total available: 1; route allocated: 1 of 5; total allocated: 1 of 10]
22:20:42,593 DEBUG ingClientInterceptor| Received Http response message
22:20:42,594 DEBUG    Logger.Message_IN| RAWMESSAGE [id: 74eaa7db-d765-4708-bf3a-de3914f3e845, payload: HTTP/1.1 200 OK 
Content-Type:application/json
Transfer-Encoding:chunked
Date:Wed, 12 Jul 2023 19:20:42 GMT
Keep-Alive:timeout=60
Connection:keep-alive

{"userId":80,"name":"Dominique Wolff","course":"Future Intranet Strategist","email":"80@qa.ru","age":92,"mark":{"name":"Course mark","score":4}}][headers: {citrus_message_id=74eaa7db-d765-4708-bf3a-de3914f3e845, citrus_message_timestamp=1689189642593}]
22:20:42,594 DEBUG  client.RestTemplate| Response 200 OK
22:20:42,594 DEBUG  client.RestTemplate| Reading to [java.lang.String] as "application/json"
22:20:42,594 INFO     client.HttpClient| HTTP message was sent to endpoint: 'http://localhost:8080/user/get/80'
22:20:42,594 DEBUG aultHttpHeaderMapper| inboundHeaderNames=[Accept-Ranges, Age, Allow, Cache-Control, Connection, Content-Encoding, Content-Language, Content-Length, Content-Location, Content-MD5, Content-Range, Content-Type, Content-Disposition, Transfer-Encoding, Date, ETag, Expires, Last-Modified, Location, Pragma, Proxy-Authenticate, Refresh, Retry-After, Server, Set-Cookie, Trailer, Vary, Via, Warning, WWW-Authenticate]
22:20:42,594 DEBUG aultHttpHeaderMapper| headerName=[content-type] WILL be mapped, matched pattern=content-type
22:20:42,594 DEBUG aultHttpHeaderMapper| setting headerName=[contentType], value=application/json
22:20:42,594 DEBUG aultHttpHeaderMapper| headerName=[transfer-encoding] WILL be mapped, matched pattern=transfer-encoding
22:20:42,594 DEBUG aultHttpHeaderMapper| setting headerName=[Transfer-Encoding], value=[chunked]
22:20:42,594 DEBUG aultHttpHeaderMapper| headerName=[date] WILL be mapped, matched pattern=date
22:20:42,594 DEBUG aultHttpHeaderMapper| setting headerName=[Date], value=1 689 189 642 000
22:20:42,594 DEBUG aultHttpHeaderMapper| headerName=[keep-alive] WILL NOT be mapped
22:20:42,594 DEBUG aultHttpHeaderMapper| headerName=[connection] WILL be mapped, matched pattern=connection
22:20:42,594 DEBUG aultHttpHeaderMapper| setting headerName=[Connection], value=[keep-alive]
22:20:42,595 DEBUG ltCorrelationManager| Saving correlated object for 'citrus_message_id = '536de16d-d735-41ef-81e8-de3a81c79582''
22:20:42,595 INFO  port.LoggingReporter| 
22:20:42,595 DEBUG port.LoggingReporter| TEST STEP 159 SUCCESS
22:20:42,595 INFO  port.LoggingReporter| 
22:20:42,595 DEBUG port.LoggingReporter| TEST STEP 160: receive
22:20:42,595 DEBUG ngCorrelationManager| Get correlation key for 'citrus_message_correlator_httpRESTClient'
22:20:42,595 DEBUG ltCorrelationManager| Finding correlated object for 'citrus_message_id = '536de16d-d735-41ef-81e8-de3a81c79582''
22:20:42,595 DEBUG ageValidatorRegistry| Found 4 message validators for message
22:20:42,595 DEBUG ssageHeaderValidator| Start message header validation ...
22:20:42,595 DEBUG faultHeaderValidator| Validating header element: citrus_http_reason_phrase='OK': OK.
22:20:42,596 DEBUG faultHeaderValidator| Validating header element: citrus_http_status_code='200': OK.
22:20:42,596 INFO  ssageHeaderValidator| Message header validation successful: All values OK
22:20:42,596 DEBUG TextMessageValidator| Start JSON message validation ...
22:20:42,596 DEBUG JsonSchemaValidation| Starting Json schema validation ...
22:20:42,596 INFO  JsonSchemaValidation| Json schema validation successful: All values OK
22:20:42,596 DEBUG TextMessageValidator| Received message:
HTTPMESSAGE [id: df5d2774-7383-491e-9d8b-08c75a457042, payload: {"userId":80,"name":"Dominique Wolff","course":"Future Intranet Strategist","email":"80@qa.ru","age":92,"mark":{"name":"Course mark","score":4}}][headers: {Transfer-Encoding=chunked, Connection=keep-alive, contentType=application/json, Date=1689189642000, citrus_message_id=df5d2774-7383-491e-9d8b-08c75a457042, citrus_message_timestamp=1689189642594, Keep-Alive=timeout=60, Content-Type=application/json, citrus_http_status_code=200, citrus_http_reason_phrase=OK, citrus_http_version=HTTP/1.1}]
22:20:42,596 DEBUG TextMessageValidator| Control message:
HTTPMESSAGE [id: 7ddf30da-d4f6-42f7-b67c-be70fe30a6a2, payload: {"userId":80,"email":"@contains('@qa.ru')@","name":"@matches('^[a-zA-Z\\s\\.]*$')@","course":"@matches('^[a-zA-Z\\s]*$')@","age":"@isNumber()@","mark":{"name":"@contains('Course mark')@","score":"@isNumber()@"}}][headers: {citrus_message_id=7ddf30da-d4f6-42f7-b67c-be70fe30a6a2, citrus_message_timestamp=1689189642595, citrus_http_reason_phrase=OK, citrus_http_status_code=200, citrus_message_type=JSON}]
22:20:42,596 DEBUG TextMessageValidator| Validation successful for JSON entry 'name' (@matches('^[a-zA-Z\s\.]*$')@)
22:20:42,596 DEBUG TextMessageValidator| Validation successful for JSON entry 'course' (@matches('^[a-zA-Z\s]*$')@)
22:20:42,596 DEBUG TextMessageValidator| Validation successful for JSON entry 'userId' (80)
22:20:42,596 DEBUG TextMessageValidator| Validation successful for JSON entry 'email' (@contains('@qa.ru')@)
22:20:42,596 DEBUG TextMessageValidator| Validation successful for JSON entry 'age' (@isNumber()@)
22:20:42,596 DEBUG TextMessageValidator| Validation successful for JSON entry 'score' (@isNumber()@)
22:20:42,596 DEBUG TextMessageValidator| Validation successful for JSON entry 'name' (@contains('Course mark')@)
22:20:42,596 DEBUG TextMessageValidator| Validation successful for JSON entry 'mark' ({"score":"@isNumber()@","name":"@contains('Course mark')@"})
22:20:42,596 INFO  TextMessageValidator| JSON message validation successful: All values OK
22:20:42,596 INFO  port.LoggingReporter| 
22:20:42,596 DEBUG port.LoggingReporter| TEST STEP 160 SUCCESS
]]></system-out>
  </testcase>
  <testcase name="getUserStubParametrizedTest(int)[81]" classname="citrus.HttpRESTStubTests" time="0.006">
    <system-out><![CDATA[22:20:42,598 INFO  port.LoggingReporter| 
22:20:42,598 INFO  port.LoggingReporter| ------------------------------------------------------------------------
22:20:42,598 DEBUG port.LoggingReporter| STARTING TEST HttpRESTStubTests.getUserStubParametrizedTest <citrus>
22:20:42,598 INFO  port.LoggingReporter| 
22:20:42,598 DEBUG trus.DefaultTestCase| Initializing test case
22:20:42,598 DEBUG trus.DefaultTestCase| Global variables:
22:20:42,598 DEBUG trus.DefaultTestCase| citrus_message_correlator_httpRESTClient = citrus_message_id = '536de16d-d735-41ef-81e8-de3a81c79582'
22:20:42,598 DEBUG trus.DefaultTestCase| default.test.author = Unknown
22:20:42,598 DEBUG trus.DefaultTestCase| citrus.test.package = citrus
22:20:42,598 DEBUG trus.DefaultTestCase| citrus.test.name = HttpRESTStubTests.getUserStubParametrizedTest
22:20:42,598 DEBUG trus.DefaultTestCase| project.name = Citrus Integration Tests
22:20:42,598 DEBUG trus.DefaultTestCase| userId = 35
22:20:42,598 DEBUG trus.DefaultTestCase| citrus_message_replyTo_citrus_message_correlator_httpRESTClient = http://localhost:8080/user/get/80
22:20:42,598 DEBUG trus.DefaultTestCase| url = http://localhost:8080/user
22:20:42,598 DEBUG trus.DefaultTestCase| default.test.package = citrus
22:20:42,598 DEBUG  context.TestContext| Setting variable: citrus.test.name with value: 'HttpRESTStubTests.getUserStubParametrizedTest'
22:20:42,598 DEBUG  context.TestContext| Setting variable: citrus.test.package with value: 'citrus'
22:20:42,598 DEBUG trus.DefaultTestCase| Test variables:
22:20:42,598 DEBUG trus.DefaultTestCase| citrus_message_correlator_httpRESTClient = citrus_message_id = '536de16d-d735-41ef-81e8-de3a81c79582'
22:20:42,598 DEBUG trus.DefaultTestCase| default.test.author = Unknown
22:20:42,598 DEBUG trus.DefaultTestCase| citrus.test.package = citrus
22:20:42,598 DEBUG trus.DefaultTestCase| citrus.test.name = HttpRESTStubTests.getUserStubParametrizedTest
22:20:42,598 DEBUG trus.DefaultTestCase| project.name = Citrus Integration Tests
22:20:42,598 DEBUG trus.DefaultTestCase| userId = 35
22:20:42,598 DEBUG trus.DefaultTestCase| citrus_message_replyTo_citrus_message_correlator_httpRESTClient = http://localhost:8080/user/get/80
22:20:42,598 DEBUG trus.DefaultTestCase| url = http://localhost:8080/user
22:20:42,598 DEBUG trus.DefaultTestCase| default.test.package = citrus
22:20:42,598 INFO  port.LoggingReporter| 
22:20:42,598 DEBUG port.LoggingReporter| TEST STEP 161: send
22:20:42,598 DEBUG ltCorrelationManager| Saving correlation key for 'citrus_message_correlator_httpRESTClient'
22:20:42,598 DEBUG  context.TestContext| Setting variable: citrus_message_correlator_httpRESTClient with value: 'citrus_message_id = '0f33d715-ab27-4976-8ff3-1c8e935b5a84''
22:20:42,598 DEBUG  context.TestContext| Setting variable: citrus_message_replyTo_citrus_message_correlator_httpRESTClient with value: 'http://localhost:8080/user/get/81'
22:20:42,598 INFO     client.HttpClient| Sending HTTP message to: 'http://localhost:8080/user/get/81'
22:20:42,598 DEBUG    client.HttpClient| Message to send:

22:20:42,598 DEBUG aultHttpHeaderMapper| outboundHeaderNames=[Accept, Accept-Charset, Accept-Encoding, Accept-Language, Accept-Ranges, Authorization, Cache-Control, Connection, Content-Length, Content-Type, Cookie, Date, Expect, From, Host, If-Match, If-Modified-Since, If-None-Match, If-Range, If-Unmodified-Since, Max-Forwards, Pragma, Proxy-Authorization, Range, Referer, TE, Upgrade, User-Agent, Via, Warning]
22:20:42,598 DEBUG aultHttpHeaderMapper| headerName=[citrus_message_timestamp] WILL NOT be mapped
22:20:42,598 DEBUG aultHttpHeaderMapper| headerName=[citrus_message_type] WILL NOT be mapped
22:20:42,598 DEBUG aultHttpHeaderMapper| headerName=[citrus_request_path] WILL NOT be mapped
22:20:42,598 DEBUG aultHttpHeaderMapper| headerName=[citrus_http_request_uri] WILL NOT be mapped
22:20:42,598 DEBUG aultHttpHeaderMapper| headerName=[id] WILL NOT be mapped
22:20:42,598 DEBUG aultHttpHeaderMapper| headerName=[citrus_message_id] WILL NOT be mapped
22:20:42,598 DEBUG aultHttpHeaderMapper| headerName=[citrus_http_method] WILL NOT be mapped
22:20:42,598 DEBUG aultHttpHeaderMapper| headerName=[timestamp] WILL NOT be mapped
22:20:42,598 DEBUG  client.RestTemplate| HTTP GET http://localhost:8080/user/get/81
22:20:42,598 DEBUG  client.RestTemplate| Accept=[text/plain, application/json, application/*+json, */*]
22:20:42,598 DEBUG ingClientInterceptor| Sending Http request message
22:20:42,599 DEBUG   Logger.Message_OUT| RAWMESSAGE [id: b700082c-9457-4197-9595-dea84dd5775a, payload: GET http://localhost:8080/user/get/81
Accept:text/plain, application/json, application/*+json, */*
Content-Type:application/json;charset=UTF-8
Content-Length:0][headers: {citrus_message_id=b700082c-9457-4197-9595-dea84dd5775a, citrus_message_timestamp=1689189642598}]
22:20:42,599 DEBUG ol.RequestAddCookies| CookieSpec selected: default
22:20:42,599 DEBUG col.RequestAuthCache| Auth cache not set in the context
22:20:42,599 DEBUG entConnectionManager| Connection request: [route: {}->http://localhost:8080][total available: 1; route allocated: 1 of 5; total allocated: 1 of 10]
22:20:42,599 DEBUG entConnectionManager| Connection leased: [id: 0][route: {}->http://localhost:8080][total available: 0; route allocated: 1 of 5; total allocated: 1 of 10]
22:20:42,599 DEBUG HttpClientConnection| http-outgoing-0: set socket timeout to 0
22:20:42,599 DEBUG chain.MainClientExec| Executing request GET /user/get/81 HTTP/1.1
22:20:42,599 DEBUG chain.MainClientExec| Target auth state: UNCHALLENGED
22:20:42,599 DEBUG chain.MainClientExec| Proxy auth state: UNCHALLENGED
22:20:42,599 DEBUG         http.headers| http-outgoing-0 >> GET /user/get/81 HTTP/1.1
22:20:42,599 DEBUG         http.headers| http-outgoing-0 >> Accept: text/plain, application/json, application/*+json, */*
22:20:42,599 DEBUG         http.headers| http-outgoing-0 >> Content-Type: application/json;charset=UTF-8
22:20:42,599 DEBUG         http.headers| http-outgoing-0 >> Host: localhost:8080
22:20:42,599 DEBUG         http.headers| http-outgoing-0 >> Connection: Keep-Alive
22:20:42,599 DEBUG         http.headers| http-outgoing-0 >> User-Agent: Apache-HttpClient/4.5.13 (Java/11.0.16)
22:20:42,599 DEBUG         http.headers| http-outgoing-0 >> Accept-Encoding: gzip,deflate
22:20:42,599 DEBUG            http.wire| http-outgoing-0 >> "GET /user/get/81 HTTP/1.1[\r][\n]"
22:20:42,599 DEBUG            http.wire| http-outgoing-0 >> "Accept: text/plain, application/json, application/*+json, */*[\r][\n]"
22:20:42,599 DEBUG            http.wire| http-outgoing-0 >> "Content-Type: application/json;charset=UTF-8[\r][\n]"
22:20:42,599 DEBUG            http.wire| http-outgoing-0 >> "Host: localhost:8080[\r][\n]"
22:20:42,599 DEBUG            http.wire| http-outgoing-0 >> "Connection: Keep-Alive[\r][\n]"
22:20:42,599 DEBUG            http.wire| http-outgoing-0 >> "User-Agent: Apache-HttpClient/4.5.13 (Java/11.0.16)[\r][\n]"
22:20:42,599 DEBUG            http.wire| http-outgoing-0 >> "Accept-Encoding: gzip,deflate[\r][\n]"
22:20:42,599 DEBUG            http.wire| http-outgoing-0 >> "[\r][\n]"
22:20:42,600 DEBUG            http.wire| http-outgoing-0 << "HTTP/1.1 200 [\r][\n]"
22:20:42,600 DEBUG            http.wire| http-outgoing-0 << "Content-Type: application/json[\r][\n]"
22:20:42,600 DEBUG            http.wire| http-outgoing-0 << "Transfer-Encoding: chunked[\r][\n]"
22:20:42,600 DEBUG            http.wire| http-outgoing-0 << "Date: Wed, 12 Jul 2023 19:20:42 GMT[\r][\n]"
22:20:42,600 DEBUG            http.wire| http-outgoing-0 << "Keep-Alive: timeout=60[\r][\n]"
22:20:42,600 DEBUG            http.wire| http-outgoing-0 << "Connection: keep-alive[\r][\n]"
22:20:42,600 DEBUG            http.wire| http-outgoing-0 << "[\r][\n]"
22:20:42,600 DEBUG            http.wire| http-outgoing-0 << "8c[\r][\n]"
22:20:42,600 DEBUG            http.wire| http-outgoing-0 << "{"userId":81,"name":"Dwight Moen","course":"Product Research Architect","email":"81@qa.ru","age":90,"mark":{"name":"Course mark","score":9}}[\r][\n]"
22:20:42,600 DEBUG         http.headers| http-outgoing-0 << HTTP/1.1 200 
22:20:42,600 DEBUG         http.headers| http-outgoing-0 << Content-Type: application/json
22:20:42,600 DEBUG         http.headers| http-outgoing-0 << Transfer-Encoding: chunked
22:20:42,600 DEBUG         http.headers| http-outgoing-0 << Date: Wed, 12 Jul 2023 19:20:42 GMT
22:20:42,600 DEBUG         http.headers| http-outgoing-0 << Keep-Alive: timeout=60
22:20:42,600 DEBUG         http.headers| http-outgoing-0 << Connection: keep-alive
22:20:42,600 DEBUG chain.MainClientExec| Connection can be kept alive for 60000 MILLISECONDS
22:20:42,600 DEBUG            http.wire| http-outgoing-0 << "0[\r][\n]"
22:20:42,600 DEBUG            http.wire| http-outgoing-0 << "[\r][\n]"
22:20:42,600 DEBUG entConnectionManager| Connection [id: 0][route: {}->http://localhost:8080] can be kept alive for 60.0 seconds
22:20:42,601 DEBUG HttpClientConnection| http-outgoing-0: set socket timeout to 0
22:20:42,601 DEBUG entConnectionManager| Connection released: [id: 0][route: {}->http://localhost:8080][total available: 1; route allocated: 1 of 5; total allocated: 1 of 10]
22:20:42,601 DEBUG ingClientInterceptor| Received Http response message
22:20:42,601 DEBUG    Logger.Message_IN| RAWMESSAGE [id: 4d82d41a-6195-4029-854e-36218496a712, payload: HTTP/1.1 200 OK 
Content-Type:application/json
Transfer-Encoding:chunked
Date:Wed, 12 Jul 2023 19:20:42 GMT
Keep-Alive:timeout=60
Connection:keep-alive

{"userId":81,"name":"Dwight Moen","course":"Product Research Architect","email":"81@qa.ru","age":90,"mark":{"name":"Course mark","score":9}}][headers: {citrus_message_id=4d82d41a-6195-4029-854e-36218496a712, citrus_message_timestamp=1689189642601}]
22:20:42,602 DEBUG  client.RestTemplate| Response 200 OK
22:20:42,602 DEBUG  client.RestTemplate| Reading to [java.lang.String] as "application/json"
22:20:42,602 INFO     client.HttpClient| HTTP message was sent to endpoint: 'http://localhost:8080/user/get/81'
22:20:42,602 DEBUG aultHttpHeaderMapper| inboundHeaderNames=[Accept-Ranges, Age, Allow, Cache-Control, Connection, Content-Encoding, Content-Language, Content-Length, Content-Location, Content-MD5, Content-Range, Content-Type, Content-Disposition, Transfer-Encoding, Date, ETag, Expires, Last-Modified, Location, Pragma, Proxy-Authenticate, Refresh, Retry-After, Server, Set-Cookie, Trailer, Vary, Via, Warning, WWW-Authenticate]
22:20:42,602 DEBUG aultHttpHeaderMapper| headerName=[content-type] WILL be mapped, matched pattern=content-type
22:20:42,602 DEBUG aultHttpHeaderMapper| setting headerName=[contentType], value=application/json
22:20:42,602 DEBUG aultHttpHeaderMapper| headerName=[transfer-encoding] WILL be mapped, matched pattern=transfer-encoding
22:20:42,602 DEBUG aultHttpHeaderMapper| setting headerName=[Transfer-Encoding], value=[chunked]
22:20:42,602 DEBUG aultHttpHeaderMapper| headerName=[date] WILL be mapped, matched pattern=date
22:20:42,602 DEBUG aultHttpHeaderMapper| setting headerName=[Date], value=1 689 189 642 000
22:20:42,602 DEBUG aultHttpHeaderMapper| headerName=[keep-alive] WILL NOT be mapped
22:20:42,602 DEBUG aultHttpHeaderMapper| headerName=[connection] WILL be mapped, matched pattern=connection
22:20:42,602 DEBUG aultHttpHeaderMapper| setting headerName=[Connection], value=[keep-alive]
22:20:42,602 DEBUG ltCorrelationManager| Saving correlated object for 'citrus_message_id = '0f33d715-ab27-4976-8ff3-1c8e935b5a84''
22:20:42,602 INFO  port.LoggingReporter| 
22:20:42,602 DEBUG port.LoggingReporter| TEST STEP 161 SUCCESS
22:20:42,602 INFO  port.LoggingReporter| 
22:20:42,602 DEBUG port.LoggingReporter| TEST STEP 162: receive
22:20:42,602 DEBUG ngCorrelationManager| Get correlation key for 'citrus_message_correlator_httpRESTClient'
22:20:42,602 DEBUG ltCorrelationManager| Finding correlated object for 'citrus_message_id = '0f33d715-ab27-4976-8ff3-1c8e935b5a84''
22:20:42,603 DEBUG ageValidatorRegistry| Found 4 message validators for message
22:20:42,603 DEBUG ssageHeaderValidator| Start message header validation ...
22:20:42,603 DEBUG faultHeaderValidator| Validating header element: citrus_http_reason_phrase='OK': OK.
22:20:42,603 DEBUG faultHeaderValidator| Validating header element: citrus_http_status_code='200': OK.
22:20:42,603 INFO  ssageHeaderValidator| Message header validation successful: All values OK
22:20:42,603 DEBUG TextMessageValidator| Start JSON message validation ...
22:20:42,603 DEBUG JsonSchemaValidation| Starting Json schema validation ...
22:20:42,603 INFO  JsonSchemaValidation| Json schema validation successful: All values OK
22:20:42,603 DEBUG TextMessageValidator| Received message:
HTTPMESSAGE [id: 0edf573c-e38e-4567-b699-f4bebdb3153e, payload: {"userId":81,"name":"Dwight Moen","course":"Product Research Architect","email":"81@qa.ru","age":90,"mark":{"name":"Course mark","score":9}}][headers: {Transfer-Encoding=chunked, Connection=keep-alive, contentType=application/json, Date=1689189642000, citrus_message_id=0edf573c-e38e-4567-b699-f4bebdb3153e, citrus_message_timestamp=1689189642602, Keep-Alive=timeout=60, Content-Type=application/json, citrus_http_status_code=200, citrus_http_reason_phrase=OK, citrus_http_version=HTTP/1.1}]
22:20:42,603 DEBUG TextMessageValidator| Control message:
HTTPMESSAGE [id: 53d07e63-4c1d-41df-a046-ea1eb3b4c117, payload: {"userId":81,"email":"@contains('@qa.ru')@","name":"@matches('^[a-zA-Z\\s\\.]*$')@","course":"@matches('^[a-zA-Z\\s]*$')@","age":"@isNumber()@","mark":{"name":"@contains('Course mark')@","score":"@isNumber()@"}}][headers: {citrus_message_id=53d07e63-4c1d-41df-a046-ea1eb3b4c117, citrus_message_timestamp=1689189642602, citrus_http_reason_phrase=OK, citrus_http_status_code=200, citrus_message_type=JSON}]
22:20:42,603 DEBUG TextMessageValidator| Validation successful for JSON entry 'name' (@matches('^[a-zA-Z\s\.]*$')@)
22:20:42,603 DEBUG TextMessageValidator| Validation successful for JSON entry 'course' (@matches('^[a-zA-Z\s]*$')@)
22:20:42,603 DEBUG TextMessageValidator| Validation successful for JSON entry 'userId' (81)
22:20:42,603 DEBUG TextMessageValidator| Validation successful for JSON entry 'email' (@contains('@qa.ru')@)
22:20:42,603 DEBUG TextMessageValidator| Validation successful for JSON entry 'age' (@isNumber()@)
22:20:42,603 DEBUG TextMessageValidator| Validation successful for JSON entry 'score' (@isNumber()@)
22:20:42,603 DEBUG TextMessageValidator| Validation successful for JSON entry 'name' (@contains('Course mark')@)
22:20:42,603 DEBUG TextMessageValidator| Validation successful for JSON entry 'mark' ({"score":"@isNumber()@","name":"@contains('Course mark')@"})
22:20:42,603 INFO  TextMessageValidator| JSON message validation successful: All values OK
22:20:42,603 INFO  port.LoggingReporter| 
22:20:42,603 DEBUG port.LoggingReporter| TEST STEP 162 SUCCESS
]]></system-out>
  </testcase>
  <testcase name="getUserStubParametrizedTest(int)[82]" classname="citrus.HttpRESTStubTests" time="0.008">
    <system-out><![CDATA[22:20:42,605 INFO  port.LoggingReporter| 
22:20:42,605 INFO  port.LoggingReporter| ------------------------------------------------------------------------
22:20:42,605 DEBUG port.LoggingReporter| STARTING TEST HttpRESTStubTests.getUserStubParametrizedTest <citrus>
22:20:42,605 INFO  port.LoggingReporter| 
22:20:42,605 DEBUG trus.DefaultTestCase| Initializing test case
22:20:42,605 DEBUG trus.DefaultTestCase| Global variables:
22:20:42,605 DEBUG trus.DefaultTestCase| citrus_message_correlator_httpRESTClient = citrus_message_id = '0f33d715-ab27-4976-8ff3-1c8e935b5a84'
22:20:42,605 DEBUG trus.DefaultTestCase| default.test.author = Unknown
22:20:42,605 DEBUG trus.DefaultTestCase| citrus.test.package = citrus
22:20:42,605 DEBUG trus.DefaultTestCase| citrus.test.name = HttpRESTStubTests.getUserStubParametrizedTest
22:20:42,605 DEBUG trus.DefaultTestCase| project.name = Citrus Integration Tests
22:20:42,605 DEBUG trus.DefaultTestCase| userId = 35
22:20:42,605 DEBUG trus.DefaultTestCase| citrus_message_replyTo_citrus_message_correlator_httpRESTClient = http://localhost:8080/user/get/81
22:20:42,605 DEBUG trus.DefaultTestCase| url = http://localhost:8080/user
22:20:42,605 DEBUG trus.DefaultTestCase| default.test.package = citrus
22:20:42,605 DEBUG  context.TestContext| Setting variable: citrus.test.name with value: 'HttpRESTStubTests.getUserStubParametrizedTest'
22:20:42,605 DEBUG  context.TestContext| Setting variable: citrus.test.package with value: 'citrus'
22:20:42,605 DEBUG trus.DefaultTestCase| Test variables:
22:20:42,605 DEBUG trus.DefaultTestCase| citrus_message_correlator_httpRESTClient = citrus_message_id = '0f33d715-ab27-4976-8ff3-1c8e935b5a84'
22:20:42,605 DEBUG trus.DefaultTestCase| default.test.author = Unknown
22:20:42,605 DEBUG trus.DefaultTestCase| citrus.test.package = citrus
22:20:42,605 DEBUG trus.DefaultTestCase| citrus.test.name = HttpRESTStubTests.getUserStubParametrizedTest
22:20:42,605 DEBUG trus.DefaultTestCase| project.name = Citrus Integration Tests
22:20:42,605 DEBUG trus.DefaultTestCase| userId = 35
22:20:42,605 DEBUG trus.DefaultTestCase| citrus_message_replyTo_citrus_message_correlator_httpRESTClient = http://localhost:8080/user/get/81
22:20:42,605 DEBUG trus.DefaultTestCase| url = http://localhost:8080/user
22:20:42,605 DEBUG trus.DefaultTestCase| default.test.package = citrus
22:20:42,605 INFO  port.LoggingReporter| 
22:20:42,605 DEBUG port.LoggingReporter| TEST STEP 163: send
22:20:42,606 DEBUG ltCorrelationManager| Saving correlation key for 'citrus_message_correlator_httpRESTClient'
22:20:42,606 DEBUG  context.TestContext| Setting variable: citrus_message_correlator_httpRESTClient with value: 'citrus_message_id = '2e05ec4c-686f-477d-a4ce-c9636e0e031f''
22:20:42,606 DEBUG  context.TestContext| Setting variable: citrus_message_replyTo_citrus_message_correlator_httpRESTClient with value: 'http://localhost:8080/user/get/82'
22:20:42,606 INFO     client.HttpClient| Sending HTTP message to: 'http://localhost:8080/user/get/82'
22:20:42,606 DEBUG    client.HttpClient| Message to send:

22:20:42,606 DEBUG aultHttpHeaderMapper| outboundHeaderNames=[Accept, Accept-Charset, Accept-Encoding, Accept-Language, Accept-Ranges, Authorization, Cache-Control, Connection, Content-Length, Content-Type, Cookie, Date, Expect, From, Host, If-Match, If-Modified-Since, If-None-Match, If-Range, If-Unmodified-Since, Max-Forwards, Pragma, Proxy-Authorization, Range, Referer, TE, Upgrade, User-Agent, Via, Warning]
22:20:42,606 DEBUG aultHttpHeaderMapper| headerName=[citrus_message_timestamp] WILL NOT be mapped
22:20:42,606 DEBUG aultHttpHeaderMapper| headerName=[citrus_message_type] WILL NOT be mapped
22:20:42,606 DEBUG aultHttpHeaderMapper| headerName=[citrus_request_path] WILL NOT be mapped
22:20:42,606 DEBUG aultHttpHeaderMapper| headerName=[citrus_http_request_uri] WILL NOT be mapped
22:20:42,606 DEBUG aultHttpHeaderMapper| headerName=[id] WILL NOT be mapped
22:20:42,606 DEBUG aultHttpHeaderMapper| headerName=[citrus_message_id] WILL NOT be mapped
22:20:42,606 DEBUG aultHttpHeaderMapper| headerName=[citrus_http_method] WILL NOT be mapped
22:20:42,606 DEBUG aultHttpHeaderMapper| headerName=[timestamp] WILL NOT be mapped
22:20:42,606 DEBUG  client.RestTemplate| HTTP GET http://localhost:8080/user/get/82
22:20:42,606 DEBUG  client.RestTemplate| Accept=[text/plain, application/json, application/*+json, */*]
22:20:42,606 DEBUG ingClientInterceptor| Sending Http request message
22:20:42,607 DEBUG   Logger.Message_OUT| RAWMESSAGE [id: 17bc3fba-3071-454c-b2c1-c89cc50cc96f, payload: GET http://localhost:8080/user/get/82
Accept:text/plain, application/json, application/*+json, */*
Content-Type:application/json;charset=UTF-8
Content-Length:0][headers: {citrus_message_id=17bc3fba-3071-454c-b2c1-c89cc50cc96f, citrus_message_timestamp=1689189642606}]
22:20:42,607 DEBUG ol.RequestAddCookies| CookieSpec selected: default
22:20:42,607 DEBUG col.RequestAuthCache| Auth cache not set in the context
22:20:42,607 DEBUG entConnectionManager| Connection request: [route: {}->http://localhost:8080][total available: 1; route allocated: 1 of 5; total allocated: 1 of 10]
22:20:42,607 DEBUG entConnectionManager| Connection leased: [id: 0][route: {}->http://localhost:8080][total available: 0; route allocated: 1 of 5; total allocated: 1 of 10]
22:20:42,607 DEBUG HttpClientConnection| http-outgoing-0: set socket timeout to 0
22:20:42,607 DEBUG chain.MainClientExec| Executing request GET /user/get/82 HTTP/1.1
22:20:42,607 DEBUG chain.MainClientExec| Target auth state: UNCHALLENGED
22:20:42,607 DEBUG chain.MainClientExec| Proxy auth state: UNCHALLENGED
22:20:42,607 DEBUG         http.headers| http-outgoing-0 >> GET /user/get/82 HTTP/1.1
22:20:42,607 DEBUG         http.headers| http-outgoing-0 >> Accept: text/plain, application/json, application/*+json, */*
22:20:42,607 DEBUG         http.headers| http-outgoing-0 >> Content-Type: application/json;charset=UTF-8
22:20:42,607 DEBUG         http.headers| http-outgoing-0 >> Host: localhost:8080
22:20:42,607 DEBUG         http.headers| http-outgoing-0 >> Connection: Keep-Alive
22:20:42,607 DEBUG         http.headers| http-outgoing-0 >> User-Agent: Apache-HttpClient/4.5.13 (Java/11.0.16)
22:20:42,607 DEBUG         http.headers| http-outgoing-0 >> Accept-Encoding: gzip,deflate
22:20:42,607 DEBUG            http.wire| http-outgoing-0 >> "GET /user/get/82 HTTP/1.1[\r][\n]"
22:20:42,607 DEBUG            http.wire| http-outgoing-0 >> "Accept: text/plain, application/json, application/*+json, */*[\r][\n]"
22:20:42,607 DEBUG            http.wire| http-outgoing-0 >> "Content-Type: application/json;charset=UTF-8[\r][\n]"
22:20:42,607 DEBUG            http.wire| http-outgoing-0 >> "Host: localhost:8080[\r][\n]"
22:20:42,607 DEBUG            http.wire| http-outgoing-0 >> "Connection: Keep-Alive[\r][\n]"
22:20:42,607 DEBUG            http.wire| http-outgoing-0 >> "User-Agent: Apache-HttpClient/4.5.13 (Java/11.0.16)[\r][\n]"
22:20:42,607 DEBUG            http.wire| http-outgoing-0 >> "Accept-Encoding: gzip,deflate[\r][\n]"
22:20:42,607 DEBUG            http.wire| http-outgoing-0 >> "[\r][\n]"
22:20:42,608 DEBUG            http.wire| http-outgoing-0 << "HTTP/1.1 200 [\r][\n]"
22:20:42,608 DEBUG            http.wire| http-outgoing-0 << "Content-Type: application/json[\r][\n]"
22:20:42,608 DEBUG            http.wire| http-outgoing-0 << "Transfer-Encoding: chunked[\r][\n]"
22:20:42,608 DEBUG            http.wire| http-outgoing-0 << "Date: Wed, 12 Jul 2023 19:20:42 GMT[\r][\n]"
22:20:42,608 DEBUG            http.wire| http-outgoing-0 << "Keep-Alive: timeout=60[\r][\n]"
22:20:42,608 DEBUG            http.wire| http-outgoing-0 << "Connection: keep-alive[\r][\n]"
22:20:42,608 DEBUG            http.wire| http-outgoing-0 << "[\r][\n]"
22:20:42,608 DEBUG            http.wire| http-outgoing-0 << "96[\r][\n]"
22:20:42,608 DEBUG            http.wire| http-outgoing-0 << "{"userId":82,"name":"Miss Sharmaine Schoen","course":"Dynamic Paradigm Assistant","email":"82@qa.ru","age":69,"mark":{"name":"Course mark","score":3}}[\r][\n]"
22:20:42,608 DEBUG         http.headers| http-outgoing-0 << HTTP/1.1 200 
22:20:42,608 DEBUG         http.headers| http-outgoing-0 << Content-Type: application/json
22:20:42,608 DEBUG         http.headers| http-outgoing-0 << Transfer-Encoding: chunked
22:20:42,608 DEBUG         http.headers| http-outgoing-0 << Date: Wed, 12 Jul 2023 19:20:42 GMT
22:20:42,608 DEBUG         http.headers| http-outgoing-0 << Keep-Alive: timeout=60
22:20:42,608 DEBUG         http.headers| http-outgoing-0 << Connection: keep-alive
22:20:42,608 DEBUG chain.MainClientExec| Connection can be kept alive for 60000 MILLISECONDS
22:20:42,609 DEBUG            http.wire| http-outgoing-0 << "0[\r][\n]"
22:20:42,609 DEBUG            http.wire| http-outgoing-0 << "[\r][\n]"
22:20:42,609 DEBUG entConnectionManager| Connection [id: 0][route: {}->http://localhost:8080] can be kept alive for 60.0 seconds
22:20:42,609 DEBUG HttpClientConnection| http-outgoing-0: set socket timeout to 0
22:20:42,609 DEBUG entConnectionManager| Connection released: [id: 0][route: {}->http://localhost:8080][total available: 1; route allocated: 1 of 5; total allocated: 1 of 10]
22:20:42,609 DEBUG ingClientInterceptor| Received Http response message
22:20:42,610 DEBUG    Logger.Message_IN| RAWMESSAGE [id: 1ec162c1-e265-4f19-ac19-6b0d7e79ae85, payload: HTTP/1.1 200 OK 
Content-Type:application/json
Transfer-Encoding:chunked
Date:Wed, 12 Jul 2023 19:20:42 GMT
Keep-Alive:timeout=60
Connection:keep-alive

{"userId":82,"name":"Miss Sharmaine Schoen","course":"Dynamic Paradigm Assistant","email":"82@qa.ru","age":69,"mark":{"name":"Course mark","score":3}}][headers: {citrus_message_id=1ec162c1-e265-4f19-ac19-6b0d7e79ae85, citrus_message_timestamp=1689189642609}]
22:20:42,610 DEBUG  client.RestTemplate| Response 200 OK
22:20:42,610 DEBUG  client.RestTemplate| Reading to [java.lang.String] as "application/json"
22:20:42,610 INFO     client.HttpClient| HTTP message was sent to endpoint: 'http://localhost:8080/user/get/82'
22:20:42,610 DEBUG aultHttpHeaderMapper| inboundHeaderNames=[Accept-Ranges, Age, Allow, Cache-Control, Connection, Content-Encoding, Content-Language, Content-Length, Content-Location, Content-MD5, Content-Range, Content-Type, Content-Disposition, Transfer-Encoding, Date, ETag, Expires, Last-Modified, Location, Pragma, Proxy-Authenticate, Refresh, Retry-After, Server, Set-Cookie, Trailer, Vary, Via, Warning, WWW-Authenticate]
22:20:42,610 DEBUG aultHttpHeaderMapper| headerName=[content-type] WILL be mapped, matched pattern=content-type
22:20:42,610 DEBUG aultHttpHeaderMapper| setting headerName=[contentType], value=application/json
22:20:42,610 DEBUG aultHttpHeaderMapper| headerName=[transfer-encoding] WILL be mapped, matched pattern=transfer-encoding
22:20:42,610 DEBUG aultHttpHeaderMapper| setting headerName=[Transfer-Encoding], value=[chunked]
22:20:42,610 DEBUG aultHttpHeaderMapper| headerName=[date] WILL be mapped, matched pattern=date
22:20:42,610 DEBUG aultHttpHeaderMapper| setting headerName=[Date], value=1 689 189 642 000
22:20:42,610 DEBUG aultHttpHeaderMapper| headerName=[keep-alive] WILL NOT be mapped
22:20:42,610 DEBUG aultHttpHeaderMapper| headerName=[connection] WILL be mapped, matched pattern=connection
22:20:42,610 DEBUG aultHttpHeaderMapper| setting headerName=[Connection], value=[keep-alive]
22:20:42,610 DEBUG ltCorrelationManager| Saving correlated object for 'citrus_message_id = '2e05ec4c-686f-477d-a4ce-c9636e0e031f''
22:20:42,610 INFO  port.LoggingReporter| 
22:20:42,610 DEBUG port.LoggingReporter| TEST STEP 163 SUCCESS
22:20:42,610 INFO  port.LoggingReporter| 
22:20:42,610 DEBUG port.LoggingReporter| TEST STEP 164: receive
22:20:42,610 DEBUG ngCorrelationManager| Get correlation key for 'citrus_message_correlator_httpRESTClient'
22:20:42,610 DEBUG ltCorrelationManager| Finding correlated object for 'citrus_message_id = '2e05ec4c-686f-477d-a4ce-c9636e0e031f''
22:20:42,611 DEBUG ageValidatorRegistry| Found 4 message validators for message
22:20:42,611 DEBUG ssageHeaderValidator| Start message header validation ...
22:20:42,611 DEBUG faultHeaderValidator| Validating header element: citrus_http_reason_phrase='OK': OK.
22:20:42,611 DEBUG faultHeaderValidator| Validating header element: citrus_http_status_code='200': OK.
22:20:42,611 INFO  ssageHeaderValidator| Message header validation successful: All values OK
22:20:42,611 DEBUG TextMessageValidator| Start JSON message validation ...
22:20:42,611 DEBUG JsonSchemaValidation| Starting Json schema validation ...
22:20:42,611 INFO  JsonSchemaValidation| Json schema validation successful: All values OK
22:20:42,611 DEBUG TextMessageValidator| Received message:
HTTPMESSAGE [id: dcb42b60-45f8-4363-89a2-d07a3a481dea, payload: {"userId":82,"name":"Miss Sharmaine Schoen","course":"Dynamic Paradigm Assistant","email":"82@qa.ru","age":69,"mark":{"name":"Course mark","score":3}}][headers: {Transfer-Encoding=chunked, Connection=keep-alive, contentType=application/json, Date=1689189642000, citrus_message_id=dcb42b60-45f8-4363-89a2-d07a3a481dea, citrus_message_timestamp=1689189642610, Keep-Alive=timeout=60, Content-Type=application/json, citrus_http_status_code=200, citrus_http_reason_phrase=OK, citrus_http_version=HTTP/1.1}]
22:20:42,612 DEBUG TextMessageValidator| Control message:
HTTPMESSAGE [id: b41344e9-b84c-4b3b-a42a-b24916932a28, payload: {"userId":82,"email":"@contains('@qa.ru')@","name":"@matches('^[a-zA-Z\\s\\.]*$')@","course":"@matches('^[a-zA-Z\\s]*$')@","age":"@isNumber()@","mark":{"name":"@contains('Course mark')@","score":"@isNumber()@"}}][headers: {citrus_message_id=b41344e9-b84c-4b3b-a42a-b24916932a28, citrus_message_timestamp=1689189642610, citrus_http_reason_phrase=OK, citrus_http_status_code=200, citrus_message_type=JSON}]
22:20:42,612 DEBUG TextMessageValidator| Validation successful for JSON entry 'name' (@matches('^[a-zA-Z\s\.]*$')@)
22:20:42,612 DEBUG TextMessageValidator| Validation successful for JSON entry 'course' (@matches('^[a-zA-Z\s]*$')@)
22:20:42,612 DEBUG TextMessageValidator| Validation successful for JSON entry 'userId' (82)
22:20:42,612 DEBUG TextMessageValidator| Validation successful for JSON entry 'email' (@contains('@qa.ru')@)
22:20:42,612 DEBUG TextMessageValidator| Validation successful for JSON entry 'age' (@isNumber()@)
22:20:42,612 DEBUG TextMessageValidator| Validation successful for JSON entry 'score' (@isNumber()@)
22:20:42,612 DEBUG TextMessageValidator| Validation successful for JSON entry 'name' (@contains('Course mark')@)
22:20:42,612 DEBUG TextMessageValidator| Validation successful for JSON entry 'mark' ({"score":"@isNumber()@","name":"@contains('Course mark')@"})
22:20:42,612 INFO  TextMessageValidator| JSON message validation successful: All values OK
22:20:42,612 INFO  port.LoggingReporter| 
22:20:42,612 DEBUG port.LoggingReporter| TEST STEP 164 SUCCESS
]]></system-out>
  </testcase>
  <testcase name="getUserStubParametrizedTest(int)[83]" classname="citrus.HttpRESTStubTests" time="0.007">
    <system-out><![CDATA[22:20:42,614 INFO  port.LoggingReporter| 
22:20:42,614 INFO  port.LoggingReporter| ------------------------------------------------------------------------
22:20:42,614 DEBUG port.LoggingReporter| STARTING TEST HttpRESTStubTests.getUserStubParametrizedTest <citrus>
22:20:42,614 INFO  port.LoggingReporter| 
22:20:42,614 DEBUG trus.DefaultTestCase| Initializing test case
22:20:42,614 DEBUG trus.DefaultTestCase| Global variables:
22:20:42,614 DEBUG trus.DefaultTestCase| citrus_message_correlator_httpRESTClient = citrus_message_id = '2e05ec4c-686f-477d-a4ce-c9636e0e031f'
22:20:42,614 DEBUG trus.DefaultTestCase| default.test.author = Unknown
22:20:42,614 DEBUG trus.DefaultTestCase| citrus.test.package = citrus
22:20:42,614 DEBUG trus.DefaultTestCase| citrus.test.name = HttpRESTStubTests.getUserStubParametrizedTest
22:20:42,614 DEBUG trus.DefaultTestCase| project.name = Citrus Integration Tests
22:20:42,614 DEBUG trus.DefaultTestCase| userId = 35
22:20:42,614 DEBUG trus.DefaultTestCase| citrus_message_replyTo_citrus_message_correlator_httpRESTClient = http://localhost:8080/user/get/82
22:20:42,614 DEBUG trus.DefaultTestCase| url = http://localhost:8080/user
22:20:42,614 DEBUG trus.DefaultTestCase| default.test.package = citrus
22:20:42,614 DEBUG  context.TestContext| Setting variable: citrus.test.name with value: 'HttpRESTStubTests.getUserStubParametrizedTest'
22:20:42,614 DEBUG  context.TestContext| Setting variable: citrus.test.package with value: 'citrus'
22:20:42,614 DEBUG trus.DefaultTestCase| Test variables:
22:20:42,614 DEBUG trus.DefaultTestCase| citrus_message_correlator_httpRESTClient = citrus_message_id = '2e05ec4c-686f-477d-a4ce-c9636e0e031f'
22:20:42,614 DEBUG trus.DefaultTestCase| default.test.author = Unknown
22:20:42,614 DEBUG trus.DefaultTestCase| citrus.test.package = citrus
22:20:42,614 DEBUG trus.DefaultTestCase| citrus.test.name = HttpRESTStubTests.getUserStubParametrizedTest
22:20:42,614 DEBUG trus.DefaultTestCase| project.name = Citrus Integration Tests
22:20:42,614 DEBUG trus.DefaultTestCase| userId = 35
22:20:42,614 DEBUG trus.DefaultTestCase| citrus_message_replyTo_citrus_message_correlator_httpRESTClient = http://localhost:8080/user/get/82
22:20:42,614 DEBUG trus.DefaultTestCase| url = http://localhost:8080/user
22:20:42,614 DEBUG trus.DefaultTestCase| default.test.package = citrus
22:20:42,614 INFO  port.LoggingReporter| 
22:20:42,614 DEBUG port.LoggingReporter| TEST STEP 165: send
22:20:42,614 DEBUG ltCorrelationManager| Saving correlation key for 'citrus_message_correlator_httpRESTClient'
22:20:42,614 DEBUG  context.TestContext| Setting variable: citrus_message_correlator_httpRESTClient with value: 'citrus_message_id = '62e743e8-c026-465d-9c0e-4595e42497c6''
22:20:42,614 DEBUG  context.TestContext| Setting variable: citrus_message_replyTo_citrus_message_correlator_httpRESTClient with value: 'http://localhost:8080/user/get/83'
22:20:42,614 INFO     client.HttpClient| Sending HTTP message to: 'http://localhost:8080/user/get/83'
22:20:42,614 DEBUG    client.HttpClient| Message to send:

22:20:42,614 DEBUG aultHttpHeaderMapper| outboundHeaderNames=[Accept, Accept-Charset, Accept-Encoding, Accept-Language, Accept-Ranges, Authorization, Cache-Control, Connection, Content-Length, Content-Type, Cookie, Date, Expect, From, Host, If-Match, If-Modified-Since, If-None-Match, If-Range, If-Unmodified-Since, Max-Forwards, Pragma, Proxy-Authorization, Range, Referer, TE, Upgrade, User-Agent, Via, Warning]
22:20:42,614 DEBUG aultHttpHeaderMapper| headerName=[citrus_message_timestamp] WILL NOT be mapped
22:20:42,614 DEBUG aultHttpHeaderMapper| headerName=[citrus_message_type] WILL NOT be mapped
22:20:42,614 DEBUG aultHttpHeaderMapper| headerName=[citrus_request_path] WILL NOT be mapped
22:20:42,614 DEBUG aultHttpHeaderMapper| headerName=[citrus_http_request_uri] WILL NOT be mapped
22:20:42,614 DEBUG aultHttpHeaderMapper| headerName=[id] WILL NOT be mapped
22:20:42,615 DEBUG aultHttpHeaderMapper| headerName=[citrus_message_id] WILL NOT be mapped
22:20:42,615 DEBUG aultHttpHeaderMapper| headerName=[citrus_http_method] WILL NOT be mapped
22:20:42,615 DEBUG aultHttpHeaderMapper| headerName=[timestamp] WILL NOT be mapped
22:20:42,615 DEBUG  client.RestTemplate| HTTP GET http://localhost:8080/user/get/83
22:20:42,615 DEBUG  client.RestTemplate| Accept=[text/plain, application/json, application/*+json, */*]
22:20:42,615 DEBUG ingClientInterceptor| Sending Http request message
22:20:42,615 DEBUG   Logger.Message_OUT| RAWMESSAGE [id: 0b247d52-30fc-4262-8963-31fb0b56419e, payload: GET http://localhost:8080/user/get/83
Accept:text/plain, application/json, application/*+json, */*
Content-Type:application/json;charset=UTF-8
Content-Length:0][headers: {citrus_message_id=0b247d52-30fc-4262-8963-31fb0b56419e, citrus_message_timestamp=1689189642615}]
22:20:42,616 DEBUG ol.RequestAddCookies| CookieSpec selected: default
22:20:42,616 DEBUG col.RequestAuthCache| Auth cache not set in the context
22:20:42,616 DEBUG entConnectionManager| Connection request: [route: {}->http://localhost:8080][total available: 1; route allocated: 1 of 5; total allocated: 1 of 10]
22:20:42,616 DEBUG entConnectionManager| Connection leased: [id: 0][route: {}->http://localhost:8080][total available: 0; route allocated: 1 of 5; total allocated: 1 of 10]
22:20:42,616 DEBUG HttpClientConnection| http-outgoing-0: set socket timeout to 0
22:20:42,616 DEBUG chain.MainClientExec| Executing request GET /user/get/83 HTTP/1.1
22:20:42,616 DEBUG chain.MainClientExec| Target auth state: UNCHALLENGED
22:20:42,616 DEBUG chain.MainClientExec| Proxy auth state: UNCHALLENGED
22:20:42,616 DEBUG         http.headers| http-outgoing-0 >> GET /user/get/83 HTTP/1.1
22:20:42,616 DEBUG         http.headers| http-outgoing-0 >> Accept: text/plain, application/json, application/*+json, */*
22:20:42,616 DEBUG         http.headers| http-outgoing-0 >> Content-Type: application/json;charset=UTF-8
22:20:42,616 DEBUG         http.headers| http-outgoing-0 >> Host: localhost:8080
22:20:42,616 DEBUG         http.headers| http-outgoing-0 >> Connection: Keep-Alive
22:20:42,616 DEBUG         http.headers| http-outgoing-0 >> User-Agent: Apache-HttpClient/4.5.13 (Java/11.0.16)
22:20:42,616 DEBUG         http.headers| http-outgoing-0 >> Accept-Encoding: gzip,deflate
22:20:42,616 DEBUG            http.wire| http-outgoing-0 >> "GET /user/get/83 HTTP/1.1[\r][\n]"
22:20:42,616 DEBUG            http.wire| http-outgoing-0 >> "Accept: text/plain, application/json, application/*+json, */*[\r][\n]"
22:20:42,616 DEBUG            http.wire| http-outgoing-0 >> "Content-Type: application/json;charset=UTF-8[\r][\n]"
22:20:42,616 DEBUG            http.wire| http-outgoing-0 >> "Host: localhost:8080[\r][\n]"
22:20:42,616 DEBUG            http.wire| http-outgoing-0 >> "Connection: Keep-Alive[\r][\n]"
22:20:42,616 DEBUG            http.wire| http-outgoing-0 >> "User-Agent: Apache-HttpClient/4.5.13 (Java/11.0.16)[\r][\n]"
22:20:42,616 DEBUG            http.wire| http-outgoing-0 >> "Accept-Encoding: gzip,deflate[\r][\n]"
22:20:42,616 DEBUG            http.wire| http-outgoing-0 >> "[\r][\n]"
22:20:42,617 DEBUG            http.wire| http-outgoing-0 << "HTTP/1.1 200 [\r][\n]"
22:20:42,617 DEBUG            http.wire| http-outgoing-0 << "Content-Type: application/json[\r][\n]"
22:20:42,617 DEBUG            http.wire| http-outgoing-0 << "Transfer-Encoding: chunked[\r][\n]"
22:20:42,617 DEBUG            http.wire| http-outgoing-0 << "Date: Wed, 12 Jul 2023 19:20:42 GMT[\r][\n]"
22:20:42,617 DEBUG            http.wire| http-outgoing-0 << "Keep-Alive: timeout=60[\r][\n]"
22:20:42,617 DEBUG            http.wire| http-outgoing-0 << "Connection: keep-alive[\r][\n]"
22:20:42,617 DEBUG            http.wire| http-outgoing-0 << "[\r][\n]"
22:20:42,617 DEBUG            http.wire| http-outgoing-0 << "8d[\r][\n]"
22:20:42,617 DEBUG            http.wire| http-outgoing-0 << "{"userId":83,"name":"Toni Dooley","course":"Product Division Strategist","email":"83@qa.ru","age":35,"mark":{"name":"Course mark","score":1}}[\r][\n]"
22:20:42,617 DEBUG         http.headers| http-outgoing-0 << HTTP/1.1 200 
22:20:42,617 DEBUG         http.headers| http-outgoing-0 << Content-Type: application/json
22:20:42,617 DEBUG         http.headers| http-outgoing-0 << Transfer-Encoding: chunked
22:20:42,617 DEBUG         http.headers| http-outgoing-0 << Date: Wed, 12 Jul 2023 19:20:42 GMT
22:20:42,617 DEBUG         http.headers| http-outgoing-0 << Keep-Alive: timeout=60
22:20:42,617 DEBUG         http.headers| http-outgoing-0 << Connection: keep-alive
22:20:42,617 DEBUG chain.MainClientExec| Connection can be kept alive for 60000 MILLISECONDS
22:20:42,617 DEBUG            http.wire| http-outgoing-0 << "0[\r][\n]"
22:20:42,617 DEBUG            http.wire| http-outgoing-0 << "[\r][\n]"
22:20:42,617 DEBUG entConnectionManager| Connection [id: 0][route: {}->http://localhost:8080] can be kept alive for 60.0 seconds
22:20:42,617 DEBUG HttpClientConnection| http-outgoing-0: set socket timeout to 0
22:20:42,617 DEBUG entConnectionManager| Connection released: [id: 0][route: {}->http://localhost:8080][total available: 1; route allocated: 1 of 5; total allocated: 1 of 10]
22:20:42,617 DEBUG ingClientInterceptor| Received Http response message
22:20:42,618 DEBUG    Logger.Message_IN| RAWMESSAGE [id: 25cb7234-1675-4b03-80d2-d48b015bcc1c, payload: HTTP/1.1 200 OK 
Content-Type:application/json
Transfer-Encoding:chunked
Date:Wed, 12 Jul 2023 19:20:42 GMT
Keep-Alive:timeout=60
Connection:keep-alive

{"userId":83,"name":"Toni Dooley","course":"Product Division Strategist","email":"83@qa.ru","age":35,"mark":{"name":"Course mark","score":1}}][headers: {citrus_message_id=25cb7234-1675-4b03-80d2-d48b015bcc1c, citrus_message_timestamp=1689189642617}]
22:20:42,618 DEBUG  client.RestTemplate| Response 200 OK
22:20:42,618 DEBUG  client.RestTemplate| Reading to [java.lang.String] as "application/json"
22:20:42,618 INFO     client.HttpClient| HTTP message was sent to endpoint: 'http://localhost:8080/user/get/83'
22:20:42,618 DEBUG aultHttpHeaderMapper| inboundHeaderNames=[Accept-Ranges, Age, Allow, Cache-Control, Connection, Content-Encoding, Content-Language, Content-Length, Content-Location, Content-MD5, Content-Range, Content-Type, Content-Disposition, Transfer-Encoding, Date, ETag, Expires, Last-Modified, Location, Pragma, Proxy-Authenticate, Refresh, Retry-After, Server, Set-Cookie, Trailer, Vary, Via, Warning, WWW-Authenticate]
22:20:42,618 DEBUG aultHttpHeaderMapper| headerName=[content-type] WILL be mapped, matched pattern=content-type
22:20:42,618 DEBUG aultHttpHeaderMapper| setting headerName=[contentType], value=application/json
22:20:42,618 DEBUG aultHttpHeaderMapper| headerName=[transfer-encoding] WILL be mapped, matched pattern=transfer-encoding
22:20:42,618 DEBUG aultHttpHeaderMapper| setting headerName=[Transfer-Encoding], value=[chunked]
22:20:42,618 DEBUG aultHttpHeaderMapper| headerName=[date] WILL be mapped, matched pattern=date
22:20:42,618 DEBUG aultHttpHeaderMapper| setting headerName=[Date], value=1 689 189 642 000
22:20:42,618 DEBUG aultHttpHeaderMapper| headerName=[keep-alive] WILL NOT be mapped
22:20:42,618 DEBUG aultHttpHeaderMapper| headerName=[connection] WILL be mapped, matched pattern=connection
22:20:42,618 DEBUG aultHttpHeaderMapper| setting headerName=[Connection], value=[keep-alive]
22:20:42,618 DEBUG ltCorrelationManager| Saving correlated object for 'citrus_message_id = '62e743e8-c026-465d-9c0e-4595e42497c6''
22:20:42,618 INFO  port.LoggingReporter| 
22:20:42,618 DEBUG port.LoggingReporter| TEST STEP 165 SUCCESS
22:20:42,619 INFO  port.LoggingReporter| 
22:20:42,619 DEBUG port.LoggingReporter| TEST STEP 166: receive
22:20:42,619 DEBUG ngCorrelationManager| Get correlation key for 'citrus_message_correlator_httpRESTClient'
22:20:42,619 DEBUG ltCorrelationManager| Finding correlated object for 'citrus_message_id = '62e743e8-c026-465d-9c0e-4595e42497c6''
22:20:42,619 DEBUG ageValidatorRegistry| Found 4 message validators for message
22:20:42,619 DEBUG ssageHeaderValidator| Start message header validation ...
22:20:42,619 DEBUG faultHeaderValidator| Validating header element: citrus_http_reason_phrase='OK': OK.
22:20:42,619 DEBUG faultHeaderValidator| Validating header element: citrus_http_status_code='200': OK.
22:20:42,619 INFO  ssageHeaderValidator| Message header validation successful: All values OK
22:20:42,619 DEBUG TextMessageValidator| Start JSON message validation ...
22:20:42,619 DEBUG JsonSchemaValidation| Starting Json schema validation ...
22:20:42,619 INFO  JsonSchemaValidation| Json schema validation successful: All values OK
22:20:42,620 DEBUG TextMessageValidator| Received message:
HTTPMESSAGE [id: c6cc4332-d48f-4bb0-afc8-84fcc0fe34f7, payload: {"userId":83,"name":"Toni Dooley","course":"Product Division Strategist","email":"83@qa.ru","age":35,"mark":{"name":"Course mark","score":1}}][headers: {Transfer-Encoding=chunked, Connection=keep-alive, contentType=application/json, Date=1689189642000, citrus_message_id=c6cc4332-d48f-4bb0-afc8-84fcc0fe34f7, citrus_message_timestamp=1689189642618, Keep-Alive=timeout=60, Content-Type=application/json, citrus_http_status_code=200, citrus_http_reason_phrase=OK, citrus_http_version=HTTP/1.1}]
22:20:42,620 DEBUG TextMessageValidator| Control message:
HTTPMESSAGE [id: 7d2a7c2f-9030-47d7-a116-16a2faf0f33a, payload: {"userId":83,"email":"@contains('@qa.ru')@","name":"@matches('^[a-zA-Z\\s\\.]*$')@","course":"@matches('^[a-zA-Z\\s]*$')@","age":"@isNumber()@","mark":{"name":"@contains('Course mark')@","score":"@isNumber()@"}}][headers: {citrus_message_id=7d2a7c2f-9030-47d7-a116-16a2faf0f33a, citrus_message_timestamp=1689189642618, citrus_http_reason_phrase=OK, citrus_http_status_code=200, citrus_message_type=JSON}]
22:20:42,620 DEBUG TextMessageValidator| Validation successful for JSON entry 'name' (@matches('^[a-zA-Z\s\.]*$')@)
22:20:42,620 DEBUG TextMessageValidator| Validation successful for JSON entry 'course' (@matches('^[a-zA-Z\s]*$')@)
22:20:42,620 DEBUG TextMessageValidator| Validation successful for JSON entry 'userId' (83)
22:20:42,620 DEBUG TextMessageValidator| Validation successful for JSON entry 'email' (@contains('@qa.ru')@)
22:20:42,620 DEBUG TextMessageValidator| Validation successful for JSON entry 'age' (@isNumber()@)
22:20:42,620 DEBUG TextMessageValidator| Validation successful for JSON entry 'score' (@isNumber()@)
22:20:42,620 DEBUG TextMessageValidator| Validation successful for JSON entry 'name' (@contains('Course mark')@)
22:20:42,620 DEBUG TextMessageValidator| Validation successful for JSON entry 'mark' ({"score":"@isNumber()@","name":"@contains('Course mark')@"})
22:20:42,620 INFO  TextMessageValidator| JSON message validation successful: All values OK
22:20:42,620 INFO  port.LoggingReporter| 
22:20:42,620 DEBUG port.LoggingReporter| TEST STEP 166 SUCCESS
]]></system-out>
  </testcase>
  <testcase name="getUserStubParametrizedTest(int)[84]" classname="citrus.HttpRESTStubTests" time="0.01">
    <system-out><![CDATA[22:20:42,621 INFO  port.LoggingReporter| 
22:20:42,621 INFO  port.LoggingReporter| ------------------------------------------------------------------------
22:20:42,621 DEBUG port.LoggingReporter| STARTING TEST HttpRESTStubTests.getUserStubParametrizedTest <citrus>
22:20:42,621 INFO  port.LoggingReporter| 
22:20:42,621 DEBUG trus.DefaultTestCase| Initializing test case
22:20:42,622 DEBUG trus.DefaultTestCase| Global variables:
22:20:42,622 DEBUG trus.DefaultTestCase| citrus_message_correlator_httpRESTClient = citrus_message_id = '62e743e8-c026-465d-9c0e-4595e42497c6'
22:20:42,622 DEBUG trus.DefaultTestCase| default.test.author = Unknown
22:20:42,622 DEBUG trus.DefaultTestCase| citrus.test.package = citrus
22:20:42,622 DEBUG trus.DefaultTestCase| citrus.test.name = HttpRESTStubTests.getUserStubParametrizedTest
22:20:42,622 DEBUG trus.DefaultTestCase| project.name = Citrus Integration Tests
22:20:42,622 DEBUG trus.DefaultTestCase| userId = 35
22:20:42,622 DEBUG trus.DefaultTestCase| citrus_message_replyTo_citrus_message_correlator_httpRESTClient = http://localhost:8080/user/get/83
22:20:42,622 DEBUG trus.DefaultTestCase| url = http://localhost:8080/user
22:20:42,622 DEBUG trus.DefaultTestCase| default.test.package = citrus
22:20:42,622 DEBUG  context.TestContext| Setting variable: citrus.test.name with value: 'HttpRESTStubTests.getUserStubParametrizedTest'
22:20:42,622 DEBUG  context.TestContext| Setting variable: citrus.test.package with value: 'citrus'
22:20:42,622 DEBUG trus.DefaultTestCase| Test variables:
22:20:42,622 DEBUG trus.DefaultTestCase| citrus_message_correlator_httpRESTClient = citrus_message_id = '62e743e8-c026-465d-9c0e-4595e42497c6'
22:20:42,622 DEBUG trus.DefaultTestCase| default.test.author = Unknown
22:20:42,622 DEBUG trus.DefaultTestCase| citrus.test.package = citrus
22:20:42,622 DEBUG trus.DefaultTestCase| citrus.test.name = HttpRESTStubTests.getUserStubParametrizedTest
22:20:42,622 DEBUG trus.DefaultTestCase| project.name = Citrus Integration Tests
22:20:42,622 DEBUG trus.DefaultTestCase| userId = 35
22:20:42,622 DEBUG trus.DefaultTestCase| citrus_message_replyTo_citrus_message_correlator_httpRESTClient = http://localhost:8080/user/get/83
22:20:42,622 DEBUG trus.DefaultTestCase| url = http://localhost:8080/user
22:20:42,622 DEBUG trus.DefaultTestCase| default.test.package = citrus
22:20:42,622 INFO  port.LoggingReporter| 
22:20:42,622 DEBUG port.LoggingReporter| TEST STEP 167: send
22:20:42,622 DEBUG ltCorrelationManager| Saving correlation key for 'citrus_message_correlator_httpRESTClient'
22:20:42,622 DEBUG  context.TestContext| Setting variable: citrus_message_correlator_httpRESTClient with value: 'citrus_message_id = '69c6b3cd-cdb0-4fe8-8e3a-dae0f85b2ca4''
22:20:42,622 DEBUG  context.TestContext| Setting variable: citrus_message_replyTo_citrus_message_correlator_httpRESTClient with value: 'http://localhost:8080/user/get/84'
22:20:42,622 INFO     client.HttpClient| Sending HTTP message to: 'http://localhost:8080/user/get/84'
22:20:42,622 DEBUG    client.HttpClient| Message to send:

22:20:42,622 DEBUG aultHttpHeaderMapper| outboundHeaderNames=[Accept, Accept-Charset, Accept-Encoding, Accept-Language, Accept-Ranges, Authorization, Cache-Control, Connection, Content-Length, Content-Type, Cookie, Date, Expect, From, Host, If-Match, If-Modified-Since, If-None-Match, If-Range, If-Unmodified-Since, Max-Forwards, Pragma, Proxy-Authorization, Range, Referer, TE, Upgrade, User-Agent, Via, Warning]
22:20:42,622 DEBUG aultHttpHeaderMapper| headerName=[citrus_message_timestamp] WILL NOT be mapped
22:20:42,622 DEBUG aultHttpHeaderMapper| headerName=[citrus_message_type] WILL NOT be mapped
22:20:42,622 DEBUG aultHttpHeaderMapper| headerName=[citrus_request_path] WILL NOT be mapped
22:20:42,622 DEBUG aultHttpHeaderMapper| headerName=[citrus_http_request_uri] WILL NOT be mapped
22:20:42,622 DEBUG aultHttpHeaderMapper| headerName=[id] WILL NOT be mapped
22:20:42,622 DEBUG aultHttpHeaderMapper| headerName=[citrus_message_id] WILL NOT be mapped
22:20:42,622 DEBUG aultHttpHeaderMapper| headerName=[citrus_http_method] WILL NOT be mapped
22:20:42,622 DEBUG aultHttpHeaderMapper| headerName=[timestamp] WILL NOT be mapped
22:20:42,622 DEBUG  client.RestTemplate| HTTP GET http://localhost:8080/user/get/84
22:20:42,622 DEBUG  client.RestTemplate| Accept=[text/plain, application/json, application/*+json, */*]
22:20:42,622 DEBUG ingClientInterceptor| Sending Http request message
22:20:42,623 DEBUG   Logger.Message_OUT| RAWMESSAGE [id: ba75892e-50de-4f7e-b6ee-aabded6fbc84, payload: GET http://localhost:8080/user/get/84
Accept:text/plain, application/json, application/*+json, */*
Content-Type:application/json;charset=UTF-8
Content-Length:0][headers: {citrus_message_id=ba75892e-50de-4f7e-b6ee-aabded6fbc84, citrus_message_timestamp=1689189642622}]
22:20:42,624 DEBUG ol.RequestAddCookies| CookieSpec selected: default
22:20:42,624 DEBUG col.RequestAuthCache| Auth cache not set in the context
22:20:42,624 DEBUG entConnectionManager| Connection request: [route: {}->http://localhost:8080][total available: 1; route allocated: 1 of 5; total allocated: 1 of 10]
22:20:42,624 DEBUG entConnectionManager| Connection leased: [id: 0][route: {}->http://localhost:8080][total available: 0; route allocated: 1 of 5; total allocated: 1 of 10]
22:20:42,624 DEBUG HttpClientConnection| http-outgoing-0: set socket timeout to 0
22:20:42,624 DEBUG chain.MainClientExec| Executing request GET /user/get/84 HTTP/1.1
22:20:42,624 DEBUG chain.MainClientExec| Target auth state: UNCHALLENGED
22:20:42,624 DEBUG chain.MainClientExec| Proxy auth state: UNCHALLENGED
22:20:42,624 DEBUG         http.headers| http-outgoing-0 >> GET /user/get/84 HTTP/1.1
22:20:42,624 DEBUG         http.headers| http-outgoing-0 >> Accept: text/plain, application/json, application/*+json, */*
22:20:42,624 DEBUG         http.headers| http-outgoing-0 >> Content-Type: application/json;charset=UTF-8
22:20:42,624 DEBUG         http.headers| http-outgoing-0 >> Host: localhost:8080
22:20:42,624 DEBUG         http.headers| http-outgoing-0 >> Connection: Keep-Alive
22:20:42,624 DEBUG         http.headers| http-outgoing-0 >> User-Agent: Apache-HttpClient/4.5.13 (Java/11.0.16)
22:20:42,624 DEBUG         http.headers| http-outgoing-0 >> Accept-Encoding: gzip,deflate
22:20:42,624 DEBUG            http.wire| http-outgoing-0 >> "GET /user/get/84 HTTP/1.1[\r][\n]"
22:20:42,624 DEBUG            http.wire| http-outgoing-0 >> "Accept: text/plain, application/json, application/*+json, */*[\r][\n]"
22:20:42,624 DEBUG            http.wire| http-outgoing-0 >> "Content-Type: application/json;charset=UTF-8[\r][\n]"
22:20:42,624 DEBUG            http.wire| http-outgoing-0 >> "Host: localhost:8080[\r][\n]"
22:20:42,624 DEBUG            http.wire| http-outgoing-0 >> "Connection: Keep-Alive[\r][\n]"
22:20:42,624 DEBUG            http.wire| http-outgoing-0 >> "User-Agent: Apache-HttpClient/4.5.13 (Java/11.0.16)[\r][\n]"
22:20:42,624 DEBUG            http.wire| http-outgoing-0 >> "Accept-Encoding: gzip,deflate[\r][\n]"
22:20:42,624 DEBUG            http.wire| http-outgoing-0 >> "[\r][\n]"
22:20:42,626 DEBUG            http.wire| http-outgoing-0 << "HTTP/1.1 200 [\r][\n]"
22:20:42,626 DEBUG            http.wire| http-outgoing-0 << "Content-Type: application/json[\r][\n]"
22:20:42,626 DEBUG            http.wire| http-outgoing-0 << "Transfer-Encoding: chunked[\r][\n]"
22:20:42,626 DEBUG            http.wire| http-outgoing-0 << "Date: Wed, 12 Jul 2023 19:20:42 GMT[\r][\n]"
22:20:42,626 DEBUG            http.wire| http-outgoing-0 << "Keep-Alive: timeout=60[\r][\n]"
22:20:42,626 DEBUG            http.wire| http-outgoing-0 << "Connection: keep-alive[\r][\n]"
22:20:42,626 DEBUG            http.wire| http-outgoing-0 << "[\r][\n]"
22:20:42,626 DEBUG            http.wire| http-outgoing-0 << "90[\r][\n]"
22:20:42,626 DEBUG            http.wire| http-outgoing-0 << "{"userId":84,"name":"Renata Nolan","course":"Regional Creative Facilitator","email":"84@qa.ru","age":63,"mark":{"name":"Course mark","score":2}}[\r][\n]"
22:20:42,626 DEBUG         http.headers| http-outgoing-0 << HTTP/1.1 200 
22:20:42,626 DEBUG         http.headers| http-outgoing-0 << Content-Type: application/json
22:20:42,626 DEBUG         http.headers| http-outgoing-0 << Transfer-Encoding: chunked
22:20:42,626 DEBUG         http.headers| http-outgoing-0 << Date: Wed, 12 Jul 2023 19:20:42 GMT
22:20:42,626 DEBUG         http.headers| http-outgoing-0 << Keep-Alive: timeout=60
22:20:42,626 DEBUG         http.headers| http-outgoing-0 << Connection: keep-alive
22:20:42,626 DEBUG chain.MainClientExec| Connection can be kept alive for 60000 MILLISECONDS
22:20:42,626 DEBUG            http.wire| http-outgoing-0 << "0[\r][\n]"
22:20:42,626 DEBUG            http.wire| http-outgoing-0 << "[\r][\n]"
22:20:42,626 DEBUG entConnectionManager| Connection [id: 0][route: {}->http://localhost:8080] can be kept alive for 60.0 seconds
22:20:42,626 DEBUG HttpClientConnection| http-outgoing-0: set socket timeout to 0
22:20:42,626 DEBUG entConnectionManager| Connection released: [id: 0][route: {}->http://localhost:8080][total available: 1; route allocated: 1 of 5; total allocated: 1 of 10]
22:20:42,626 DEBUG ingClientInterceptor| Received Http response message
22:20:42,627 DEBUG    Logger.Message_IN| RAWMESSAGE [id: e015da4f-704b-484b-9da7-3af6657dad0a, payload: HTTP/1.1 200 OK 
Content-Type:application/json
Transfer-Encoding:chunked
Date:Wed, 12 Jul 2023 19:20:42 GMT
Keep-Alive:timeout=60
Connection:keep-alive

{"userId":84,"name":"Renata Nolan","course":"Regional Creative Facilitator","email":"84@qa.ru","age":63,"mark":{"name":"Course mark","score":2}}][headers: {citrus_message_id=e015da4f-704b-484b-9da7-3af6657dad0a, citrus_message_timestamp=1689189642626}]
22:20:42,627 DEBUG  client.RestTemplate| Response 200 OK
22:20:42,627 DEBUG  client.RestTemplate| Reading to [java.lang.String] as "application/json"
22:20:42,627 INFO     client.HttpClient| HTTP message was sent to endpoint: 'http://localhost:8080/user/get/84'
22:20:42,627 DEBUG aultHttpHeaderMapper| inboundHeaderNames=[Accept-Ranges, Age, Allow, Cache-Control, Connection, Content-Encoding, Content-Language, Content-Length, Content-Location, Content-MD5, Content-Range, Content-Type, Content-Disposition, Transfer-Encoding, Date, ETag, Expires, Last-Modified, Location, Pragma, Proxy-Authenticate, Refresh, Retry-After, Server, Set-Cookie, Trailer, Vary, Via, Warning, WWW-Authenticate]
22:20:42,627 DEBUG aultHttpHeaderMapper| headerName=[content-type] WILL be mapped, matched pattern=content-type
22:20:42,627 DEBUG aultHttpHeaderMapper| setting headerName=[contentType], value=application/json
22:20:42,627 DEBUG aultHttpHeaderMapper| headerName=[transfer-encoding] WILL be mapped, matched pattern=transfer-encoding
22:20:42,627 DEBUG aultHttpHeaderMapper| setting headerName=[Transfer-Encoding], value=[chunked]
22:20:42,627 DEBUG aultHttpHeaderMapper| headerName=[date] WILL be mapped, matched pattern=date
22:20:42,628 DEBUG aultHttpHeaderMapper| setting headerName=[Date], value=1 689 189 642 000
22:20:42,628 DEBUG aultHttpHeaderMapper| headerName=[keep-alive] WILL NOT be mapped
22:20:42,628 DEBUG aultHttpHeaderMapper| headerName=[connection] WILL be mapped, matched pattern=connection
22:20:42,628 DEBUG aultHttpHeaderMapper| setting headerName=[Connection], value=[keep-alive]
22:20:42,628 DEBUG ltCorrelationManager| Saving correlated object for 'citrus_message_id = '69c6b3cd-cdb0-4fe8-8e3a-dae0f85b2ca4''
22:20:42,628 INFO  port.LoggingReporter| 
22:20:42,628 DEBUG port.LoggingReporter| TEST STEP 167 SUCCESS
22:20:42,628 INFO  port.LoggingReporter| 
22:20:42,628 DEBUG port.LoggingReporter| TEST STEP 168: receive
22:20:42,628 DEBUG ngCorrelationManager| Get correlation key for 'citrus_message_correlator_httpRESTClient'
22:20:42,628 DEBUG ltCorrelationManager| Finding correlated object for 'citrus_message_id = '69c6b3cd-cdb0-4fe8-8e3a-dae0f85b2ca4''
22:20:42,629 DEBUG ageValidatorRegistry| Found 4 message validators for message
22:20:42,629 DEBUG ssageHeaderValidator| Start message header validation ...
22:20:42,629 DEBUG faultHeaderValidator| Validating header element: citrus_http_reason_phrase='OK': OK.
22:20:42,629 DEBUG faultHeaderValidator| Validating header element: citrus_http_status_code='200': OK.
22:20:42,629 INFO  ssageHeaderValidator| Message header validation successful: All values OK
22:20:42,629 DEBUG TextMessageValidator| Start JSON message validation ...
22:20:42,629 DEBUG JsonSchemaValidation| Starting Json schema validation ...
22:20:42,629 INFO  JsonSchemaValidation| Json schema validation successful: All values OK
22:20:42,629 DEBUG TextMessageValidator| Received message:
HTTPMESSAGE [id: 49cbfca3-3eba-457e-b368-1abe2be4bdf3, payload: {"userId":84,"name":"Renata Nolan","course":"Regional Creative Facilitator","email":"84@qa.ru","age":63,"mark":{"name":"Course mark","score":2}}][headers: {Transfer-Encoding=chunked, Connection=keep-alive, contentType=application/json, Date=1689189642000, citrus_message_id=49cbfca3-3eba-457e-b368-1abe2be4bdf3, citrus_message_timestamp=1689189642628, Keep-Alive=timeout=60, Content-Type=application/json, citrus_http_status_code=200, citrus_http_reason_phrase=OK, citrus_http_version=HTTP/1.1}]
22:20:42,629 DEBUG TextMessageValidator| Control message:
HTTPMESSAGE [id: dece549e-712d-41f9-b852-262318c85713, payload: {"userId":84,"email":"@contains('@qa.ru')@","name":"@matches('^[a-zA-Z\\s\\.]*$')@","course":"@matches('^[a-zA-Z\\s]*$')@","age":"@isNumber()@","mark":{"name":"@contains('Course mark')@","score":"@isNumber()@"}}][headers: {citrus_message_id=dece549e-712d-41f9-b852-262318c85713, citrus_message_timestamp=1689189642628, citrus_http_reason_phrase=OK, citrus_http_status_code=200, citrus_message_type=JSON}]
22:20:42,629 DEBUG TextMessageValidator| Validation successful for JSON entry 'name' (@matches('^[a-zA-Z\s\.]*$')@)
22:20:42,629 DEBUG TextMessageValidator| Validation successful for JSON entry 'course' (@matches('^[a-zA-Z\s]*$')@)
22:20:42,629 DEBUG TextMessageValidator| Validation successful for JSON entry 'userId' (84)
22:20:42,629 DEBUG TextMessageValidator| Validation successful for JSON entry 'email' (@contains('@qa.ru')@)
22:20:42,629 DEBUG TextMessageValidator| Validation successful for JSON entry 'age' (@isNumber()@)
22:20:42,629 DEBUG TextMessageValidator| Validation successful for JSON entry 'score' (@isNumber()@)
22:20:42,629 DEBUG TextMessageValidator| Validation successful for JSON entry 'name' (@contains('Course mark')@)
22:20:42,629 DEBUG TextMessageValidator| Validation successful for JSON entry 'mark' ({"score":"@isNumber()@","name":"@contains('Course mark')@"})
22:20:42,629 INFO  TextMessageValidator| JSON message validation successful: All values OK
22:20:42,629 INFO  port.LoggingReporter| 
22:20:42,629 DEBUG port.LoggingReporter| TEST STEP 168 SUCCESS
]]></system-out>
  </testcase>
  <testcase name="getUserStubParametrizedTest(int)[85]" classname="citrus.HttpRESTStubTests" time="0.008">
    <system-out><![CDATA[22:20:42,631 INFO  port.LoggingReporter| 
22:20:42,631 INFO  port.LoggingReporter| ------------------------------------------------------------------------
22:20:42,631 DEBUG port.LoggingReporter| STARTING TEST HttpRESTStubTests.getUserStubParametrizedTest <citrus>
22:20:42,631 INFO  port.LoggingReporter| 
22:20:42,631 DEBUG trus.DefaultTestCase| Initializing test case
22:20:42,632 DEBUG trus.DefaultTestCase| Global variables:
22:20:42,632 DEBUG trus.DefaultTestCase| citrus_message_correlator_httpRESTClient = citrus_message_id = '69c6b3cd-cdb0-4fe8-8e3a-dae0f85b2ca4'
22:20:42,632 DEBUG trus.DefaultTestCase| default.test.author = Unknown
22:20:42,632 DEBUG trus.DefaultTestCase| citrus.test.package = citrus
22:20:42,632 DEBUG trus.DefaultTestCase| citrus.test.name = HttpRESTStubTests.getUserStubParametrizedTest
22:20:42,632 DEBUG trus.DefaultTestCase| project.name = Citrus Integration Tests
22:20:42,632 DEBUG trus.DefaultTestCase| userId = 35
22:20:42,632 DEBUG trus.DefaultTestCase| citrus_message_replyTo_citrus_message_correlator_httpRESTClient = http://localhost:8080/user/get/84
22:20:42,632 DEBUG trus.DefaultTestCase| url = http://localhost:8080/user
22:20:42,632 DEBUG trus.DefaultTestCase| default.test.package = citrus
22:20:42,632 DEBUG  context.TestContext| Setting variable: citrus.test.name with value: 'HttpRESTStubTests.getUserStubParametrizedTest'
22:20:42,632 DEBUG  context.TestContext| Setting variable: citrus.test.package with value: 'citrus'
22:20:42,632 DEBUG trus.DefaultTestCase| Test variables:
22:20:42,632 DEBUG trus.DefaultTestCase| citrus_message_correlator_httpRESTClient = citrus_message_id = '69c6b3cd-cdb0-4fe8-8e3a-dae0f85b2ca4'
22:20:42,632 DEBUG trus.DefaultTestCase| default.test.author = Unknown
22:20:42,632 DEBUG trus.DefaultTestCase| citrus.test.package = citrus
22:20:42,632 DEBUG trus.DefaultTestCase| citrus.test.name = HttpRESTStubTests.getUserStubParametrizedTest
22:20:42,632 DEBUG trus.DefaultTestCase| project.name = Citrus Integration Tests
22:20:42,632 DEBUG trus.DefaultTestCase| userId = 35
22:20:42,632 DEBUG trus.DefaultTestCase| citrus_message_replyTo_citrus_message_correlator_httpRESTClient = http://localhost:8080/user/get/84
22:20:42,632 DEBUG trus.DefaultTestCase| url = http://localhost:8080/user
22:20:42,632 DEBUG trus.DefaultTestCase| default.test.package = citrus
22:20:42,632 INFO  port.LoggingReporter| 
22:20:42,632 DEBUG port.LoggingReporter| TEST STEP 169: send
22:20:42,632 DEBUG ltCorrelationManager| Saving correlation key for 'citrus_message_correlator_httpRESTClient'
22:20:42,632 DEBUG  context.TestContext| Setting variable: citrus_message_correlator_httpRESTClient with value: 'citrus_message_id = 'b80efcca-fc32-4f4c-b953-a6efc6906e7c''
22:20:42,632 DEBUG  context.TestContext| Setting variable: citrus_message_replyTo_citrus_message_correlator_httpRESTClient with value: 'http://localhost:8080/user/get/85'
22:20:42,632 INFO     client.HttpClient| Sending HTTP message to: 'http://localhost:8080/user/get/85'
22:20:42,632 DEBUG    client.HttpClient| Message to send:

22:20:42,632 DEBUG aultHttpHeaderMapper| outboundHeaderNames=[Accept, Accept-Charset, Accept-Encoding, Accept-Language, Accept-Ranges, Authorization, Cache-Control, Connection, Content-Length, Content-Type, Cookie, Date, Expect, From, Host, If-Match, If-Modified-Since, If-None-Match, If-Range, If-Unmodified-Since, Max-Forwards, Pragma, Proxy-Authorization, Range, Referer, TE, Upgrade, User-Agent, Via, Warning]
22:20:42,632 DEBUG aultHttpHeaderMapper| headerName=[citrus_message_timestamp] WILL NOT be mapped
22:20:42,632 DEBUG aultHttpHeaderMapper| headerName=[citrus_message_type] WILL NOT be mapped
22:20:42,632 DEBUG aultHttpHeaderMapper| headerName=[citrus_request_path] WILL NOT be mapped
22:20:42,632 DEBUG aultHttpHeaderMapper| headerName=[citrus_http_request_uri] WILL NOT be mapped
22:20:42,632 DEBUG aultHttpHeaderMapper| headerName=[id] WILL NOT be mapped
22:20:42,632 DEBUG aultHttpHeaderMapper| headerName=[citrus_message_id] WILL NOT be mapped
22:20:42,632 DEBUG aultHttpHeaderMapper| headerName=[citrus_http_method] WILL NOT be mapped
22:20:42,632 DEBUG aultHttpHeaderMapper| headerName=[timestamp] WILL NOT be mapped
22:20:42,632 DEBUG  client.RestTemplate| HTTP GET http://localhost:8080/user/get/85
22:20:42,632 DEBUG  client.RestTemplate| Accept=[text/plain, application/json, application/*+json, */*]
22:20:42,632 DEBUG ingClientInterceptor| Sending Http request message
22:20:42,633 DEBUG   Logger.Message_OUT| RAWMESSAGE [id: 46b7e77b-369a-492d-bd50-f409aa340f1c, payload: GET http://localhost:8080/user/get/85
Accept:text/plain, application/json, application/*+json, */*
Content-Type:application/json;charset=UTF-8
Content-Length:0][headers: {citrus_message_id=46b7e77b-369a-492d-bd50-f409aa340f1c, citrus_message_timestamp=1689189642632}]
22:20:42,633 DEBUG ol.RequestAddCookies| CookieSpec selected: default
22:20:42,634 DEBUG col.RequestAuthCache| Auth cache not set in the context
22:20:42,634 DEBUG entConnectionManager| Connection request: [route: {}->http://localhost:8080][total available: 1; route allocated: 1 of 5; total allocated: 1 of 10]
22:20:42,634 DEBUG entConnectionManager| Connection leased: [id: 0][route: {}->http://localhost:8080][total available: 0; route allocated: 1 of 5; total allocated: 1 of 10]
22:20:42,634 DEBUG HttpClientConnection| http-outgoing-0: set socket timeout to 0
22:20:42,634 DEBUG chain.MainClientExec| Executing request GET /user/get/85 HTTP/1.1
22:20:42,634 DEBUG chain.MainClientExec| Target auth state: UNCHALLENGED
22:20:42,634 DEBUG chain.MainClientExec| Proxy auth state: UNCHALLENGED
22:20:42,634 DEBUG         http.headers| http-outgoing-0 >> GET /user/get/85 HTTP/1.1
22:20:42,634 DEBUG         http.headers| http-outgoing-0 >> Accept: text/plain, application/json, application/*+json, */*
22:20:42,634 DEBUG         http.headers| http-outgoing-0 >> Content-Type: application/json;charset=UTF-8
22:20:42,634 DEBUG         http.headers| http-outgoing-0 >> Host: localhost:8080
22:20:42,634 DEBUG         http.headers| http-outgoing-0 >> Connection: Keep-Alive
22:20:42,634 DEBUG         http.headers| http-outgoing-0 >> User-Agent: Apache-HttpClient/4.5.13 (Java/11.0.16)
22:20:42,634 DEBUG         http.headers| http-outgoing-0 >> Accept-Encoding: gzip,deflate
22:20:42,634 DEBUG            http.wire| http-outgoing-0 >> "GET /user/get/85 HTTP/1.1[\r][\n]"
22:20:42,634 DEBUG            http.wire| http-outgoing-0 >> "Accept: text/plain, application/json, application/*+json, */*[\r][\n]"
22:20:42,634 DEBUG            http.wire| http-outgoing-0 >> "Content-Type: application/json;charset=UTF-8[\r][\n]"
22:20:42,634 DEBUG            http.wire| http-outgoing-0 >> "Host: localhost:8080[\r][\n]"
22:20:42,634 DEBUG            http.wire| http-outgoing-0 >> "Connection: Keep-Alive[\r][\n]"
22:20:42,634 DEBUG            http.wire| http-outgoing-0 >> "User-Agent: Apache-HttpClient/4.5.13 (Java/11.0.16)[\r][\n]"
22:20:42,634 DEBUG            http.wire| http-outgoing-0 >> "Accept-Encoding: gzip,deflate[\r][\n]"
22:20:42,634 DEBUG            http.wire| http-outgoing-0 >> "[\r][\n]"
22:20:42,635 DEBUG            http.wire| http-outgoing-0 << "HTTP/1.1 200 [\r][\n]"
22:20:42,635 DEBUG            http.wire| http-outgoing-0 << "Content-Type: application/json[\r][\n]"
22:20:42,635 DEBUG            http.wire| http-outgoing-0 << "Transfer-Encoding: chunked[\r][\n]"
22:20:42,635 DEBUG            http.wire| http-outgoing-0 << "Date: Wed, 12 Jul 2023 19:20:42 GMT[\r][\n]"
22:20:42,635 DEBUG            http.wire| http-outgoing-0 << "Keep-Alive: timeout=60[\r][\n]"
22:20:42,635 DEBUG            http.wire| http-outgoing-0 << "Connection: keep-alive[\r][\n]"
22:20:42,635 DEBUG            http.wire| http-outgoing-0 << "[\r][\n]"
22:20:42,635 DEBUG            http.wire| http-outgoing-0 << "96[\r][\n]"
22:20:42,635 DEBUG            http.wire| http-outgoing-0 << "{"userId":85,"name":"Dani Sanford PhD","course":"Human Communications Supervisor","email":"85@qa.ru","age":97,"mark":{"name":"Course mark","score":8}}[\r][\n]"
22:20:42,635 DEBUG         http.headers| http-outgoing-0 << HTTP/1.1 200 
22:20:42,635 DEBUG         http.headers| http-outgoing-0 << Content-Type: application/json
22:20:42,635 DEBUG         http.headers| http-outgoing-0 << Transfer-Encoding: chunked
22:20:42,635 DEBUG         http.headers| http-outgoing-0 << Date: Wed, 12 Jul 2023 19:20:42 GMT
22:20:42,635 DEBUG         http.headers| http-outgoing-0 << Keep-Alive: timeout=60
22:20:42,635 DEBUG         http.headers| http-outgoing-0 << Connection: keep-alive
22:20:42,635 DEBUG chain.MainClientExec| Connection can be kept alive for 60000 MILLISECONDS
22:20:42,635 DEBUG            http.wire| http-outgoing-0 << "0[\r][\n]"
22:20:42,635 DEBUG            http.wire| http-outgoing-0 << "[\r][\n]"
22:20:42,635 DEBUG entConnectionManager| Connection [id: 0][route: {}->http://localhost:8080] can be kept alive for 60.0 seconds
22:20:42,635 DEBUG HttpClientConnection| http-outgoing-0: set socket timeout to 0
22:20:42,635 DEBUG entConnectionManager| Connection released: [id: 0][route: {}->http://localhost:8080][total available: 1; route allocated: 1 of 5; total allocated: 1 of 10]
22:20:42,635 DEBUG ingClientInterceptor| Received Http response message
22:20:42,636 DEBUG    Logger.Message_IN| RAWMESSAGE [id: 3e04a4c5-a780-4dd2-bf5e-feffbf3240e8, payload: HTTP/1.1 200 OK 
Content-Type:application/json
Transfer-Encoding:chunked
Date:Wed, 12 Jul 2023 19:20:42 GMT
Keep-Alive:timeout=60
Connection:keep-alive

{"userId":85,"name":"Dani Sanford PhD","course":"Human Communications Supervisor","email":"85@qa.ru","age":97,"mark":{"name":"Course mark","score":8}}][headers: {citrus_message_id=3e04a4c5-a780-4dd2-bf5e-feffbf3240e8, citrus_message_timestamp=1689189642635}]
22:20:42,636 DEBUG  client.RestTemplate| Response 200 OK
22:20:42,636 DEBUG  client.RestTemplate| Reading to [java.lang.String] as "application/json"
22:20:42,636 INFO     client.HttpClient| HTTP message was sent to endpoint: 'http://localhost:8080/user/get/85'
22:20:42,636 DEBUG aultHttpHeaderMapper| inboundHeaderNames=[Accept-Ranges, Age, Allow, Cache-Control, Connection, Content-Encoding, Content-Language, Content-Length, Content-Location, Content-MD5, Content-Range, Content-Type, Content-Disposition, Transfer-Encoding, Date, ETag, Expires, Last-Modified, Location, Pragma, Proxy-Authenticate, Refresh, Retry-After, Server, Set-Cookie, Trailer, Vary, Via, Warning, WWW-Authenticate]
22:20:42,636 DEBUG aultHttpHeaderMapper| headerName=[content-type] WILL be mapped, matched pattern=content-type
22:20:42,636 DEBUG aultHttpHeaderMapper| setting headerName=[contentType], value=application/json
22:20:42,636 DEBUG aultHttpHeaderMapper| headerName=[transfer-encoding] WILL be mapped, matched pattern=transfer-encoding
22:20:42,636 DEBUG aultHttpHeaderMapper| setting headerName=[Transfer-Encoding], value=[chunked]
22:20:42,636 DEBUG aultHttpHeaderMapper| headerName=[date] WILL be mapped, matched pattern=date
22:20:42,637 DEBUG aultHttpHeaderMapper| setting headerName=[Date], value=1 689 189 642 000
22:20:42,637 DEBUG aultHttpHeaderMapper| headerName=[keep-alive] WILL NOT be mapped
22:20:42,637 DEBUG aultHttpHeaderMapper| headerName=[connection] WILL be mapped, matched pattern=connection
22:20:42,637 DEBUG aultHttpHeaderMapper| setting headerName=[Connection], value=[keep-alive]
22:20:42,637 DEBUG ltCorrelationManager| Saving correlated object for 'citrus_message_id = 'b80efcca-fc32-4f4c-b953-a6efc6906e7c''
22:20:42,637 INFO  port.LoggingReporter| 
22:20:42,637 DEBUG port.LoggingReporter| TEST STEP 169 SUCCESS
22:20:42,637 INFO  port.LoggingReporter| 
22:20:42,637 DEBUG port.LoggingReporter| TEST STEP 170: receive
22:20:42,637 DEBUG ngCorrelationManager| Get correlation key for 'citrus_message_correlator_httpRESTClient'
22:20:42,637 DEBUG ltCorrelationManager| Finding correlated object for 'citrus_message_id = 'b80efcca-fc32-4f4c-b953-a6efc6906e7c''
22:20:42,638 DEBUG ageValidatorRegistry| Found 4 message validators for message
22:20:42,638 DEBUG ssageHeaderValidator| Start message header validation ...
22:20:42,638 DEBUG faultHeaderValidator| Validating header element: citrus_http_reason_phrase='OK': OK.
22:20:42,638 DEBUG faultHeaderValidator| Validating header element: citrus_http_status_code='200': OK.
22:20:42,638 INFO  ssageHeaderValidator| Message header validation successful: All values OK
22:20:42,638 DEBUG TextMessageValidator| Start JSON message validation ...
22:20:42,638 DEBUG JsonSchemaValidation| Starting Json schema validation ...
22:20:42,638 INFO  JsonSchemaValidation| Json schema validation successful: All values OK
22:20:42,638 DEBUG TextMessageValidator| Received message:
HTTPMESSAGE [id: d1804a8d-f6b4-4ede-9b69-62a46a872c31, payload: {"userId":85,"name":"Dani Sanford PhD","course":"Human Communications Supervisor","email":"85@qa.ru","age":97,"mark":{"name":"Course mark","score":8}}][headers: {Transfer-Encoding=chunked, Connection=keep-alive, contentType=application/json, Date=1689189642000, citrus_message_id=d1804a8d-f6b4-4ede-9b69-62a46a872c31, citrus_message_timestamp=1689189642637, Keep-Alive=timeout=60, Content-Type=application/json, citrus_http_status_code=200, citrus_http_reason_phrase=OK, citrus_http_version=HTTP/1.1}]
22:20:42,638 DEBUG TextMessageValidator| Control message:
HTTPMESSAGE [id: 63ca44d5-c9eb-4d61-ae27-f9a6bb8b999d, payload: {"userId":85,"email":"@contains('@qa.ru')@","name":"@matches('^[a-zA-Z\\s\\.]*$')@","course":"@matches('^[a-zA-Z\\s]*$')@","age":"@isNumber()@","mark":{"name":"@contains('Course mark')@","score":"@isNumber()@"}}][headers: {citrus_message_id=63ca44d5-c9eb-4d61-ae27-f9a6bb8b999d, citrus_message_timestamp=1689189642637, citrus_http_reason_phrase=OK, citrus_http_status_code=200, citrus_message_type=JSON}]
22:20:42,638 DEBUG TextMessageValidator| Validation successful for JSON entry 'name' (@matches('^[a-zA-Z\s\.]*$')@)
22:20:42,638 DEBUG TextMessageValidator| Validation successful for JSON entry 'course' (@matches('^[a-zA-Z\s]*$')@)
22:20:42,638 DEBUG TextMessageValidator| Validation successful for JSON entry 'userId' (85)
22:20:42,638 DEBUG TextMessageValidator| Validation successful for JSON entry 'email' (@contains('@qa.ru')@)
22:20:42,638 DEBUG TextMessageValidator| Validation successful for JSON entry 'age' (@isNumber()@)
22:20:42,638 DEBUG TextMessageValidator| Validation successful for JSON entry 'score' (@isNumber()@)
22:20:42,638 DEBUG TextMessageValidator| Validation successful for JSON entry 'name' (@contains('Course mark')@)
22:20:42,638 DEBUG TextMessageValidator| Validation successful for JSON entry 'mark' ({"score":"@isNumber()@","name":"@contains('Course mark')@"})
22:20:42,638 INFO  TextMessageValidator| JSON message validation successful: All values OK
22:20:42,638 INFO  port.LoggingReporter| 
22:20:42,638 DEBUG port.LoggingReporter| TEST STEP 170 SUCCESS
]]></system-out>
  </testcase>
  <testcase name="getUserStubParametrizedTest(int)[86]" classname="citrus.HttpRESTStubTests" time="0.009">
    <system-out><![CDATA[22:20:42,640 INFO  port.LoggingReporter| 
22:20:42,640 INFO  port.LoggingReporter| ------------------------------------------------------------------------
22:20:42,640 DEBUG port.LoggingReporter| STARTING TEST HttpRESTStubTests.getUserStubParametrizedTest <citrus>
22:20:42,640 INFO  port.LoggingReporter| 
22:20:42,640 DEBUG trus.DefaultTestCase| Initializing test case
22:20:42,640 DEBUG trus.DefaultTestCase| Global variables:
22:20:42,640 DEBUG trus.DefaultTestCase| citrus_message_correlator_httpRESTClient = citrus_message_id = 'b80efcca-fc32-4f4c-b953-a6efc6906e7c'
22:20:42,640 DEBUG trus.DefaultTestCase| default.test.author = Unknown
22:20:42,640 DEBUG trus.DefaultTestCase| citrus.test.package = citrus
22:20:42,640 DEBUG trus.DefaultTestCase| citrus.test.name = HttpRESTStubTests.getUserStubParametrizedTest
22:20:42,640 DEBUG trus.DefaultTestCase| project.name = Citrus Integration Tests
22:20:42,640 DEBUG trus.DefaultTestCase| userId = 35
22:20:42,640 DEBUG trus.DefaultTestCase| citrus_message_replyTo_citrus_message_correlator_httpRESTClient = http://localhost:8080/user/get/85
22:20:42,640 DEBUG trus.DefaultTestCase| url = http://localhost:8080/user
22:20:42,640 DEBUG trus.DefaultTestCase| default.test.package = citrus
22:20:42,640 DEBUG  context.TestContext| Setting variable: citrus.test.name with value: 'HttpRESTStubTests.getUserStubParametrizedTest'
22:20:42,640 DEBUG  context.TestContext| Setting variable: citrus.test.package with value: 'citrus'
22:20:42,640 DEBUG trus.DefaultTestCase| Test variables:
22:20:42,640 DEBUG trus.DefaultTestCase| citrus_message_correlator_httpRESTClient = citrus_message_id = 'b80efcca-fc32-4f4c-b953-a6efc6906e7c'
22:20:42,640 DEBUG trus.DefaultTestCase| default.test.author = Unknown
22:20:42,640 DEBUG trus.DefaultTestCase| citrus.test.package = citrus
22:20:42,640 DEBUG trus.DefaultTestCase| citrus.test.name = HttpRESTStubTests.getUserStubParametrizedTest
22:20:42,640 DEBUG trus.DefaultTestCase| project.name = Citrus Integration Tests
22:20:42,641 DEBUG trus.DefaultTestCase| userId = 35
22:20:42,641 DEBUG trus.DefaultTestCase| citrus_message_replyTo_citrus_message_correlator_httpRESTClient = http://localhost:8080/user/get/85
22:20:42,641 DEBUG trus.DefaultTestCase| url = http://localhost:8080/user
22:20:42,641 DEBUG trus.DefaultTestCase| default.test.package = citrus
22:20:42,641 INFO  port.LoggingReporter| 
22:20:42,641 DEBUG port.LoggingReporter| TEST STEP 171: send
22:20:42,641 DEBUG ltCorrelationManager| Saving correlation key for 'citrus_message_correlator_httpRESTClient'
22:20:42,641 DEBUG  context.TestContext| Setting variable: citrus_message_correlator_httpRESTClient with value: 'citrus_message_id = 'c7c7d6ea-2076-4a9d-bd87-537a56dbe1c2''
22:20:42,641 DEBUG  context.TestContext| Setting variable: citrus_message_replyTo_citrus_message_correlator_httpRESTClient with value: 'http://localhost:8080/user/get/86'
22:20:42,641 INFO     client.HttpClient| Sending HTTP message to: 'http://localhost:8080/user/get/86'
22:20:42,641 DEBUG    client.HttpClient| Message to send:

22:20:42,641 DEBUG aultHttpHeaderMapper| outboundHeaderNames=[Accept, Accept-Charset, Accept-Encoding, Accept-Language, Accept-Ranges, Authorization, Cache-Control, Connection, Content-Length, Content-Type, Cookie, Date, Expect, From, Host, If-Match, If-Modified-Since, If-None-Match, If-Range, If-Unmodified-Since, Max-Forwards, Pragma, Proxy-Authorization, Range, Referer, TE, Upgrade, User-Agent, Via, Warning]
22:20:42,641 DEBUG aultHttpHeaderMapper| headerName=[citrus_message_timestamp] WILL NOT be mapped
22:20:42,641 DEBUG aultHttpHeaderMapper| headerName=[citrus_message_type] WILL NOT be mapped
22:20:42,641 DEBUG aultHttpHeaderMapper| headerName=[citrus_request_path] WILL NOT be mapped
22:20:42,641 DEBUG aultHttpHeaderMapper| headerName=[citrus_http_request_uri] WILL NOT be mapped
22:20:42,641 DEBUG aultHttpHeaderMapper| headerName=[id] WILL NOT be mapped
22:20:42,641 DEBUG aultHttpHeaderMapper| headerName=[citrus_message_id] WILL NOT be mapped
22:20:42,641 DEBUG aultHttpHeaderMapper| headerName=[citrus_http_method] WILL NOT be mapped
22:20:42,641 DEBUG aultHttpHeaderMapper| headerName=[timestamp] WILL NOT be mapped
22:20:42,641 DEBUG  client.RestTemplate| HTTP GET http://localhost:8080/user/get/86
22:20:42,641 DEBUG  client.RestTemplate| Accept=[text/plain, application/json, application/*+json, */*]
22:20:42,641 DEBUG ingClientInterceptor| Sending Http request message
22:20:42,643 DEBUG   Logger.Message_OUT| RAWMESSAGE [id: a9d9bfef-2e2d-4316-a77d-9bdaeb194264, payload: GET http://localhost:8080/user/get/86
Accept:text/plain, application/json, application/*+json, */*
Content-Type:application/json;charset=UTF-8
Content-Length:0][headers: {citrus_message_id=a9d9bfef-2e2d-4316-a77d-9bdaeb194264, citrus_message_timestamp=1689189642641}]
22:20:42,643 DEBUG ol.RequestAddCookies| CookieSpec selected: default
22:20:42,643 DEBUG col.RequestAuthCache| Auth cache not set in the context
22:20:42,643 DEBUG entConnectionManager| Connection request: [route: {}->http://localhost:8080][total available: 1; route allocated: 1 of 5; total allocated: 1 of 10]
22:20:42,643 DEBUG entConnectionManager| Connection leased: [id: 0][route: {}->http://localhost:8080][total available: 0; route allocated: 1 of 5; total allocated: 1 of 10]
22:20:42,643 DEBUG HttpClientConnection| http-outgoing-0: set socket timeout to 0
22:20:42,643 DEBUG chain.MainClientExec| Executing request GET /user/get/86 HTTP/1.1
22:20:42,643 DEBUG chain.MainClientExec| Target auth state: UNCHALLENGED
22:20:42,643 DEBUG chain.MainClientExec| Proxy auth state: UNCHALLENGED
22:20:42,643 DEBUG         http.headers| http-outgoing-0 >> GET /user/get/86 HTTP/1.1
22:20:42,643 DEBUG         http.headers| http-outgoing-0 >> Accept: text/plain, application/json, application/*+json, */*
22:20:42,643 DEBUG         http.headers| http-outgoing-0 >> Content-Type: application/json;charset=UTF-8
22:20:42,643 DEBUG         http.headers| http-outgoing-0 >> Host: localhost:8080
22:20:42,643 DEBUG         http.headers| http-outgoing-0 >> Connection: Keep-Alive
22:20:42,643 DEBUG         http.headers| http-outgoing-0 >> User-Agent: Apache-HttpClient/4.5.13 (Java/11.0.16)
22:20:42,643 DEBUG         http.headers| http-outgoing-0 >> Accept-Encoding: gzip,deflate
22:20:42,643 DEBUG            http.wire| http-outgoing-0 >> "GET /user/get/86 HTTP/1.1[\r][\n]"
22:20:42,643 DEBUG            http.wire| http-outgoing-0 >> "Accept: text/plain, application/json, application/*+json, */*[\r][\n]"
22:20:42,643 DEBUG            http.wire| http-outgoing-0 >> "Content-Type: application/json;charset=UTF-8[\r][\n]"
22:20:42,643 DEBUG            http.wire| http-outgoing-0 >> "Host: localhost:8080[\r][\n]"
22:20:42,643 DEBUG            http.wire| http-outgoing-0 >> "Connection: Keep-Alive[\r][\n]"
22:20:42,643 DEBUG            http.wire| http-outgoing-0 >> "User-Agent: Apache-HttpClient/4.5.13 (Java/11.0.16)[\r][\n]"
22:20:42,643 DEBUG            http.wire| http-outgoing-0 >> "Accept-Encoding: gzip,deflate[\r][\n]"
22:20:42,643 DEBUG            http.wire| http-outgoing-0 >> "[\r][\n]"
22:20:42,644 DEBUG            http.wire| http-outgoing-0 << "HTTP/1.1 200 [\r][\n]"
22:20:42,644 DEBUG            http.wire| http-outgoing-0 << "Content-Type: application/json[\r][\n]"
22:20:42,644 DEBUG            http.wire| http-outgoing-0 << "Transfer-Encoding: chunked[\r][\n]"
22:20:42,644 DEBUG            http.wire| http-outgoing-0 << "Date: Wed, 12 Jul 2023 19:20:42 GMT[\r][\n]"
22:20:42,644 DEBUG            http.wire| http-outgoing-0 << "Keep-Alive: timeout=60[\r][\n]"
22:20:42,645 DEBUG            http.wire| http-outgoing-0 << "Connection: keep-alive[\r][\n]"
22:20:42,645 DEBUG            http.wire| http-outgoing-0 << "[\r][\n]"
22:20:42,645 DEBUG            http.wire| http-outgoing-0 << "8a[\r][\n]"
22:20:42,645 DEBUG            http.wire| http-outgoing-0 << "{"userId":86,"name":"Elliot Batz","course":"Product Brand Specialist","email":"86@qa.ru","age":21,"mark":{"name":"Course mark","score":7}}[\r][\n]"
22:20:42,645 DEBUG         http.headers| http-outgoing-0 << HTTP/1.1 200 
22:20:42,645 DEBUG         http.headers| http-outgoing-0 << Content-Type: application/json
22:20:42,645 DEBUG         http.headers| http-outgoing-0 << Transfer-Encoding: chunked
22:20:42,645 DEBUG         http.headers| http-outgoing-0 << Date: Wed, 12 Jul 2023 19:20:42 GMT
22:20:42,645 DEBUG         http.headers| http-outgoing-0 << Keep-Alive: timeout=60
22:20:42,645 DEBUG         http.headers| http-outgoing-0 << Connection: keep-alive
22:20:42,645 DEBUG chain.MainClientExec| Connection can be kept alive for 60000 MILLISECONDS
22:20:42,645 DEBUG            http.wire| http-outgoing-0 << "0[\r][\n]"
22:20:42,645 DEBUG            http.wire| http-outgoing-0 << "[\r][\n]"
22:20:42,645 DEBUG entConnectionManager| Connection [id: 0][route: {}->http://localhost:8080] can be kept alive for 60.0 seconds
22:20:42,645 DEBUG HttpClientConnection| http-outgoing-0: set socket timeout to 0
22:20:42,645 DEBUG entConnectionManager| Connection released: [id: 0][route: {}->http://localhost:8080][total available: 1; route allocated: 1 of 5; total allocated: 1 of 10]
22:20:42,645 DEBUG ingClientInterceptor| Received Http response message
22:20:42,646 DEBUG    Logger.Message_IN| RAWMESSAGE [id: c2656422-dd15-4550-923c-4e788d0c06e4, payload: HTTP/1.1 200 OK 
Content-Type:application/json
Transfer-Encoding:chunked
Date:Wed, 12 Jul 2023 19:20:42 GMT
Keep-Alive:timeout=60
Connection:keep-alive

{"userId":86,"name":"Elliot Batz","course":"Product Brand Specialist","email":"86@qa.ru","age":21,"mark":{"name":"Course mark","score":7}}][headers: {citrus_message_id=c2656422-dd15-4550-923c-4e788d0c06e4, citrus_message_timestamp=1689189642645}]
22:20:42,646 DEBUG  client.RestTemplate| Response 200 OK
22:20:42,646 DEBUG  client.RestTemplate| Reading to [java.lang.String] as "application/json"
22:20:42,646 INFO     client.HttpClient| HTTP message was sent to endpoint: 'http://localhost:8080/user/get/86'
22:20:42,646 DEBUG aultHttpHeaderMapper| inboundHeaderNames=[Accept-Ranges, Age, Allow, Cache-Control, Connection, Content-Encoding, Content-Language, Content-Length, Content-Location, Content-MD5, Content-Range, Content-Type, Content-Disposition, Transfer-Encoding, Date, ETag, Expires, Last-Modified, Location, Pragma, Proxy-Authenticate, Refresh, Retry-After, Server, Set-Cookie, Trailer, Vary, Via, Warning, WWW-Authenticate]
22:20:42,646 DEBUG aultHttpHeaderMapper| headerName=[content-type] WILL be mapped, matched pattern=content-type
22:20:42,646 DEBUG aultHttpHeaderMapper| setting headerName=[contentType], value=application/json
22:20:42,646 DEBUG aultHttpHeaderMapper| headerName=[transfer-encoding] WILL be mapped, matched pattern=transfer-encoding
22:20:42,646 DEBUG aultHttpHeaderMapper| setting headerName=[Transfer-Encoding], value=[chunked]
22:20:42,646 DEBUG aultHttpHeaderMapper| headerName=[date] WILL be mapped, matched pattern=date
22:20:42,646 DEBUG aultHttpHeaderMapper| setting headerName=[Date], value=1 689 189 642 000
22:20:42,646 DEBUG aultHttpHeaderMapper| headerName=[keep-alive] WILL NOT be mapped
22:20:42,646 DEBUG aultHttpHeaderMapper| headerName=[connection] WILL be mapped, matched pattern=connection
22:20:42,646 DEBUG aultHttpHeaderMapper| setting headerName=[Connection], value=[keep-alive]
22:20:42,646 DEBUG ltCorrelationManager| Saving correlated object for 'citrus_message_id = 'c7c7d6ea-2076-4a9d-bd87-537a56dbe1c2''
22:20:42,646 INFO  port.LoggingReporter| 
22:20:42,646 DEBUG port.LoggingReporter| TEST STEP 171 SUCCESS
22:20:42,647 INFO  port.LoggingReporter| 
22:20:42,647 DEBUG port.LoggingReporter| TEST STEP 172: receive
22:20:42,647 DEBUG ngCorrelationManager| Get correlation key for 'citrus_message_correlator_httpRESTClient'
22:20:42,647 DEBUG ltCorrelationManager| Finding correlated object for 'citrus_message_id = 'c7c7d6ea-2076-4a9d-bd87-537a56dbe1c2''
22:20:42,647 DEBUG ageValidatorRegistry| Found 4 message validators for message
22:20:42,647 DEBUG ssageHeaderValidator| Start message header validation ...
22:20:42,647 DEBUG faultHeaderValidator| Validating header element: citrus_http_reason_phrase='OK': OK.
22:20:42,648 DEBUG faultHeaderValidator| Validating header element: citrus_http_status_code='200': OK.
22:20:42,648 INFO  ssageHeaderValidator| Message header validation successful: All values OK
22:20:42,648 DEBUG TextMessageValidator| Start JSON message validation ...
22:20:42,648 DEBUG JsonSchemaValidation| Starting Json schema validation ...
22:20:42,648 INFO  JsonSchemaValidation| Json schema validation successful: All values OK
22:20:42,648 DEBUG TextMessageValidator| Received message:
HTTPMESSAGE [id: 6b5d02b0-03df-41a3-8ed5-ad9293a095ad, payload: {"userId":86,"name":"Elliot Batz","course":"Product Brand Specialist","email":"86@qa.ru","age":21,"mark":{"name":"Course mark","score":7}}][headers: {Transfer-Encoding=chunked, Connection=keep-alive, contentType=application/json, Date=1689189642000, citrus_message_id=6b5d02b0-03df-41a3-8ed5-ad9293a095ad, citrus_message_timestamp=1689189642646, Keep-Alive=timeout=60, Content-Type=application/json, citrus_http_status_code=200, citrus_http_reason_phrase=OK, citrus_http_version=HTTP/1.1}]
22:20:42,648 DEBUG TextMessageValidator| Control message:
HTTPMESSAGE [id: f7473bab-bd91-4768-a1ea-d3683a7ab12b, payload: {"userId":86,"email":"@contains('@qa.ru')@","name":"@matches('^[a-zA-Z\\s\\.]*$')@","course":"@matches('^[a-zA-Z\\s]*$')@","age":"@isNumber()@","mark":{"name":"@contains('Course mark')@","score":"@isNumber()@"}}][headers: {citrus_message_id=f7473bab-bd91-4768-a1ea-d3683a7ab12b, citrus_message_timestamp=1689189642646, citrus_http_reason_phrase=OK, citrus_http_status_code=200, citrus_message_type=JSON}]
22:20:42,648 DEBUG TextMessageValidator| Validation successful for JSON entry 'name' (@matches('^[a-zA-Z\s\.]*$')@)
22:20:42,648 DEBUG TextMessageValidator| Validation successful for JSON entry 'course' (@matches('^[a-zA-Z\s]*$')@)
22:20:42,648 DEBUG TextMessageValidator| Validation successful for JSON entry 'userId' (86)
22:20:42,648 DEBUG TextMessageValidator| Validation successful for JSON entry 'email' (@contains('@qa.ru')@)
22:20:42,648 DEBUG TextMessageValidator| Validation successful for JSON entry 'age' (@isNumber()@)
22:20:42,648 DEBUG TextMessageValidator| Validation successful for JSON entry 'score' (@isNumber()@)
22:20:42,648 DEBUG TextMessageValidator| Validation successful for JSON entry 'name' (@contains('Course mark')@)
22:20:42,648 DEBUG TextMessageValidator| Validation successful for JSON entry 'mark' ({"score":"@isNumber()@","name":"@contains('Course mark')@"})
22:20:42,648 INFO  TextMessageValidator| JSON message validation successful: All values OK
22:20:42,648 INFO  port.LoggingReporter| 
22:20:42,648 DEBUG port.LoggingReporter| TEST STEP 172 SUCCESS
]]></system-out>
  </testcase>
  <testcase name="getUserStubParametrizedTest(int)[87]" classname="citrus.HttpRESTStubTests" time="0.008">
    <system-out><![CDATA[22:20:42,650 INFO  port.LoggingReporter| 
22:20:42,650 INFO  port.LoggingReporter| ------------------------------------------------------------------------
22:20:42,650 DEBUG port.LoggingReporter| STARTING TEST HttpRESTStubTests.getUserStubParametrizedTest <citrus>
22:20:42,650 INFO  port.LoggingReporter| 
22:20:42,650 DEBUG trus.DefaultTestCase| Initializing test case
22:20:42,650 DEBUG trus.DefaultTestCase| Global variables:
22:20:42,650 DEBUG trus.DefaultTestCase| citrus_message_correlator_httpRESTClient = citrus_message_id = 'c7c7d6ea-2076-4a9d-bd87-537a56dbe1c2'
22:20:42,650 DEBUG trus.DefaultTestCase| default.test.author = Unknown
22:20:42,650 DEBUG trus.DefaultTestCase| citrus.test.package = citrus
22:20:42,650 DEBUG trus.DefaultTestCase| citrus.test.name = HttpRESTStubTests.getUserStubParametrizedTest
22:20:42,650 DEBUG trus.DefaultTestCase| project.name = Citrus Integration Tests
22:20:42,650 DEBUG trus.DefaultTestCase| userId = 35
22:20:42,650 DEBUG trus.DefaultTestCase| citrus_message_replyTo_citrus_message_correlator_httpRESTClient = http://localhost:8080/user/get/86
22:20:42,650 DEBUG trus.DefaultTestCase| url = http://localhost:8080/user
22:20:42,650 DEBUG trus.DefaultTestCase| default.test.package = citrus
22:20:42,650 DEBUG  context.TestContext| Setting variable: citrus.test.name with value: 'HttpRESTStubTests.getUserStubParametrizedTest'
22:20:42,650 DEBUG  context.TestContext| Setting variable: citrus.test.package with value: 'citrus'
22:20:42,650 DEBUG trus.DefaultTestCase| Test variables:
22:20:42,650 DEBUG trus.DefaultTestCase| citrus_message_correlator_httpRESTClient = citrus_message_id = 'c7c7d6ea-2076-4a9d-bd87-537a56dbe1c2'
22:20:42,650 DEBUG trus.DefaultTestCase| default.test.author = Unknown
22:20:42,650 DEBUG trus.DefaultTestCase| citrus.test.package = citrus
22:20:42,650 DEBUG trus.DefaultTestCase| citrus.test.name = HttpRESTStubTests.getUserStubParametrizedTest
22:20:42,650 DEBUG trus.DefaultTestCase| project.name = Citrus Integration Tests
22:20:42,650 DEBUG trus.DefaultTestCase| userId = 35
22:20:42,650 DEBUG trus.DefaultTestCase| citrus_message_replyTo_citrus_message_correlator_httpRESTClient = http://localhost:8080/user/get/86
22:20:42,650 DEBUG trus.DefaultTestCase| url = http://localhost:8080/user
22:20:42,650 DEBUG trus.DefaultTestCase| default.test.package = citrus
22:20:42,650 INFO  port.LoggingReporter| 
22:20:42,650 DEBUG port.LoggingReporter| TEST STEP 173: send
22:20:42,650 DEBUG ltCorrelationManager| Saving correlation key for 'citrus_message_correlator_httpRESTClient'
22:20:42,650 DEBUG  context.TestContext| Setting variable: citrus_message_correlator_httpRESTClient with value: 'citrus_message_id = '4a5c1008-34e8-49f7-a2bb-c23dee4c15c0''
22:20:42,650 DEBUG  context.TestContext| Setting variable: citrus_message_replyTo_citrus_message_correlator_httpRESTClient with value: 'http://localhost:8080/user/get/87'
22:20:42,650 INFO     client.HttpClient| Sending HTTP message to: 'http://localhost:8080/user/get/87'
22:20:42,650 DEBUG    client.HttpClient| Message to send:

22:20:42,650 DEBUG aultHttpHeaderMapper| outboundHeaderNames=[Accept, Accept-Charset, Accept-Encoding, Accept-Language, Accept-Ranges, Authorization, Cache-Control, Connection, Content-Length, Content-Type, Cookie, Date, Expect, From, Host, If-Match, If-Modified-Since, If-None-Match, If-Range, If-Unmodified-Since, Max-Forwards, Pragma, Proxy-Authorization, Range, Referer, TE, Upgrade, User-Agent, Via, Warning]
22:20:42,650 DEBUG aultHttpHeaderMapper| headerName=[citrus_message_timestamp] WILL NOT be mapped
22:20:42,650 DEBUG aultHttpHeaderMapper| headerName=[citrus_message_type] WILL NOT be mapped
22:20:42,650 DEBUG aultHttpHeaderMapper| headerName=[citrus_request_path] WILL NOT be mapped
22:20:42,650 DEBUG aultHttpHeaderMapper| headerName=[citrus_http_request_uri] WILL NOT be mapped
22:20:42,650 DEBUG aultHttpHeaderMapper| headerName=[id] WILL NOT be mapped
22:20:42,650 DEBUG aultHttpHeaderMapper| headerName=[citrus_message_id] WILL NOT be mapped
22:20:42,651 DEBUG aultHttpHeaderMapper| headerName=[citrus_http_method] WILL NOT be mapped
22:20:42,651 DEBUG aultHttpHeaderMapper| headerName=[timestamp] WILL NOT be mapped
22:20:42,651 DEBUG  client.RestTemplate| HTTP GET http://localhost:8080/user/get/87
22:20:42,651 DEBUG  client.RestTemplate| Accept=[text/plain, application/json, application/*+json, */*]
22:20:42,651 DEBUG ingClientInterceptor| Sending Http request message
22:20:42,652 DEBUG   Logger.Message_OUT| RAWMESSAGE [id: a340ad1f-f4f2-4ea3-acb3-998d45e1a473, payload: GET http://localhost:8080/user/get/87
Accept:text/plain, application/json, application/*+json, */*
Content-Type:application/json;charset=UTF-8
Content-Length:0][headers: {citrus_message_id=a340ad1f-f4f2-4ea3-acb3-998d45e1a473, citrus_message_timestamp=1689189642651}]
22:20:42,652 DEBUG ol.RequestAddCookies| CookieSpec selected: default
22:20:42,652 DEBUG col.RequestAuthCache| Auth cache not set in the context
22:20:42,652 DEBUG entConnectionManager| Connection request: [route: {}->http://localhost:8080][total available: 1; route allocated: 1 of 5; total allocated: 1 of 10]
22:20:42,652 DEBUG entConnectionManager| Connection leased: [id: 0][route: {}->http://localhost:8080][total available: 0; route allocated: 1 of 5; total allocated: 1 of 10]
22:20:42,652 DEBUG HttpClientConnection| http-outgoing-0: set socket timeout to 0
22:20:42,652 DEBUG chain.MainClientExec| Executing request GET /user/get/87 HTTP/1.1
22:20:42,652 DEBUG chain.MainClientExec| Target auth state: UNCHALLENGED
22:20:42,652 DEBUG chain.MainClientExec| Proxy auth state: UNCHALLENGED
22:20:42,652 DEBUG         http.headers| http-outgoing-0 >> GET /user/get/87 HTTP/1.1
22:20:42,652 DEBUG         http.headers| http-outgoing-0 >> Accept: text/plain, application/json, application/*+json, */*
22:20:42,652 DEBUG         http.headers| http-outgoing-0 >> Content-Type: application/json;charset=UTF-8
22:20:42,652 DEBUG         http.headers| http-outgoing-0 >> Host: localhost:8080
22:20:42,652 DEBUG         http.headers| http-outgoing-0 >> Connection: Keep-Alive
22:20:42,652 DEBUG         http.headers| http-outgoing-0 >> User-Agent: Apache-HttpClient/4.5.13 (Java/11.0.16)
22:20:42,652 DEBUG         http.headers| http-outgoing-0 >> Accept-Encoding: gzip,deflate
22:20:42,652 DEBUG            http.wire| http-outgoing-0 >> "GET /user/get/87 HTTP/1.1[\r][\n]"
22:20:42,652 DEBUG            http.wire| http-outgoing-0 >> "Accept: text/plain, application/json, application/*+json, */*[\r][\n]"
22:20:42,652 DEBUG            http.wire| http-outgoing-0 >> "Content-Type: application/json;charset=UTF-8[\r][\n]"
22:20:42,652 DEBUG            http.wire| http-outgoing-0 >> "Host: localhost:8080[\r][\n]"
22:20:42,652 DEBUG            http.wire| http-outgoing-0 >> "Connection: Keep-Alive[\r][\n]"
22:20:42,652 DEBUG            http.wire| http-outgoing-0 >> "User-Agent: Apache-HttpClient/4.5.13 (Java/11.0.16)[\r][\n]"
22:20:42,652 DEBUG            http.wire| http-outgoing-0 >> "Accept-Encoding: gzip,deflate[\r][\n]"
22:20:42,652 DEBUG            http.wire| http-outgoing-0 >> "[\r][\n]"
22:20:42,653 DEBUG            http.wire| http-outgoing-0 << "HTTP/1.1 200 [\r][\n]"
22:20:42,653 DEBUG            http.wire| http-outgoing-0 << "Content-Type: application/json[\r][\n]"
22:20:42,653 DEBUG            http.wire| http-outgoing-0 << "Transfer-Encoding: chunked[\r][\n]"
22:20:42,653 DEBUG            http.wire| http-outgoing-0 << "Date: Wed, 12 Jul 2023 19:20:42 GMT[\r][\n]"
22:20:42,653 DEBUG            http.wire| http-outgoing-0 << "Keep-Alive: timeout=60[\r][\n]"
22:20:42,653 DEBUG            http.wire| http-outgoing-0 << "Connection: keep-alive[\r][\n]"
22:20:42,653 DEBUG            http.wire| http-outgoing-0 << "[\r][\n]"
22:20:42,653 DEBUG            http.wire| http-outgoing-0 << "8e[\r][\n]"
22:20:42,653 DEBUG            http.wire| http-outgoing-0 << "{"userId":87,"name":"Forest Nienow","course":"Central Creative Assistant","email":"87@qa.ru","age":91,"mark":{"name":"Course mark","score":0}}[\r][\n]"
22:20:42,653 DEBUG         http.headers| http-outgoing-0 << HTTP/1.1 200 
22:20:42,653 DEBUG         http.headers| http-outgoing-0 << Content-Type: application/json
22:20:42,653 DEBUG         http.headers| http-outgoing-0 << Transfer-Encoding: chunked
22:20:42,653 DEBUG         http.headers| http-outgoing-0 << Date: Wed, 12 Jul 2023 19:20:42 GMT
22:20:42,653 DEBUG         http.headers| http-outgoing-0 << Keep-Alive: timeout=60
22:20:42,653 DEBUG         http.headers| http-outgoing-0 << Connection: keep-alive
22:20:42,653 DEBUG chain.MainClientExec| Connection can be kept alive for 60000 MILLISECONDS
22:20:42,653 DEBUG            http.wire| http-outgoing-0 << "0[\r][\n]"
22:20:42,653 DEBUG            http.wire| http-outgoing-0 << "[\r][\n]"
22:20:42,653 DEBUG entConnectionManager| Connection [id: 0][route: {}->http://localhost:8080] can be kept alive for 60.0 seconds
22:20:42,653 DEBUG HttpClientConnection| http-outgoing-0: set socket timeout to 0
22:20:42,653 DEBUG entConnectionManager| Connection released: [id: 0][route: {}->http://localhost:8080][total available: 1; route allocated: 1 of 5; total allocated: 1 of 10]
22:20:42,653 DEBUG ingClientInterceptor| Received Http response message
22:20:42,654 DEBUG    Logger.Message_IN| RAWMESSAGE [id: b7ab2dea-b6f2-4be9-acad-44de7179b4ee, payload: HTTP/1.1 200 OK 
Content-Type:application/json
Transfer-Encoding:chunked
Date:Wed, 12 Jul 2023 19:20:42 GMT
Keep-Alive:timeout=60
Connection:keep-alive

{"userId":87,"name":"Forest Nienow","course":"Central Creative Assistant","email":"87@qa.ru","age":91,"mark":{"name":"Course mark","score":0}}][headers: {citrus_message_id=b7ab2dea-b6f2-4be9-acad-44de7179b4ee, citrus_message_timestamp=1689189642653}]
22:20:42,654 DEBUG  client.RestTemplate| Response 200 OK
22:20:42,654 DEBUG  client.RestTemplate| Reading to [java.lang.String] as "application/json"
22:20:42,655 INFO     client.HttpClient| HTTP message was sent to endpoint: 'http://localhost:8080/user/get/87'
22:20:42,655 DEBUG aultHttpHeaderMapper| inboundHeaderNames=[Accept-Ranges, Age, Allow, Cache-Control, Connection, Content-Encoding, Content-Language, Content-Length, Content-Location, Content-MD5, Content-Range, Content-Type, Content-Disposition, Transfer-Encoding, Date, ETag, Expires, Last-Modified, Location, Pragma, Proxy-Authenticate, Refresh, Retry-After, Server, Set-Cookie, Trailer, Vary, Via, Warning, WWW-Authenticate]
22:20:42,655 DEBUG aultHttpHeaderMapper| headerName=[content-type] WILL be mapped, matched pattern=content-type
22:20:42,655 DEBUG aultHttpHeaderMapper| setting headerName=[contentType], value=application/json
22:20:42,655 DEBUG aultHttpHeaderMapper| headerName=[transfer-encoding] WILL be mapped, matched pattern=transfer-encoding
22:20:42,655 DEBUG aultHttpHeaderMapper| setting headerName=[Transfer-Encoding], value=[chunked]
22:20:42,655 DEBUG aultHttpHeaderMapper| headerName=[date] WILL be mapped, matched pattern=date
22:20:42,655 DEBUG aultHttpHeaderMapper| setting headerName=[Date], value=1 689 189 642 000
22:20:42,655 DEBUG aultHttpHeaderMapper| headerName=[keep-alive] WILL NOT be mapped
22:20:42,655 DEBUG aultHttpHeaderMapper| headerName=[connection] WILL be mapped, matched pattern=connection
22:20:42,655 DEBUG aultHttpHeaderMapper| setting headerName=[Connection], value=[keep-alive]
22:20:42,655 DEBUG ltCorrelationManager| Saving correlated object for 'citrus_message_id = '4a5c1008-34e8-49f7-a2bb-c23dee4c15c0''
22:20:42,655 INFO  port.LoggingReporter| 
22:20:42,655 DEBUG port.LoggingReporter| TEST STEP 173 SUCCESS
22:20:42,655 INFO  port.LoggingReporter| 
22:20:42,655 DEBUG port.LoggingReporter| TEST STEP 174: receive
22:20:42,655 DEBUG ngCorrelationManager| Get correlation key for 'citrus_message_correlator_httpRESTClient'
22:20:42,655 DEBUG ltCorrelationManager| Finding correlated object for 'citrus_message_id = '4a5c1008-34e8-49f7-a2bb-c23dee4c15c0''
22:20:42,656 DEBUG ageValidatorRegistry| Found 4 message validators for message
22:20:42,656 DEBUG ssageHeaderValidator| Start message header validation ...
22:20:42,656 DEBUG faultHeaderValidator| Validating header element: citrus_http_reason_phrase='OK': OK.
22:20:42,656 DEBUG faultHeaderValidator| Validating header element: citrus_http_status_code='200': OK.
22:20:42,656 INFO  ssageHeaderValidator| Message header validation successful: All values OK
22:20:42,656 DEBUG TextMessageValidator| Start JSON message validation ...
22:20:42,656 DEBUG JsonSchemaValidation| Starting Json schema validation ...
22:20:42,656 INFO  JsonSchemaValidation| Json schema validation successful: All values OK
22:20:42,656 DEBUG TextMessageValidator| Received message:
HTTPMESSAGE [id: 89bf4b4d-4a5e-451e-b164-4f64346b17d7, payload: {"userId":87,"name":"Forest Nienow","course":"Central Creative Assistant","email":"87@qa.ru","age":91,"mark":{"name":"Course mark","score":0}}][headers: {Transfer-Encoding=chunked, Connection=keep-alive, contentType=application/json, Date=1689189642000, citrus_message_id=89bf4b4d-4a5e-451e-b164-4f64346b17d7, citrus_message_timestamp=1689189642655, Keep-Alive=timeout=60, Content-Type=application/json, citrus_http_status_code=200, citrus_http_reason_phrase=OK, citrus_http_version=HTTP/1.1}]
22:20:42,656 DEBUG TextMessageValidator| Control message:
HTTPMESSAGE [id: ef3a7235-3628-4b49-83c1-8caabce0c75f, payload: {"userId":87,"email":"@contains('@qa.ru')@","name":"@matches('^[a-zA-Z\\s\\.]*$')@","course":"@matches('^[a-zA-Z\\s]*$')@","age":"@isNumber()@","mark":{"name":"@contains('Course mark')@","score":"@isNumber()@"}}][headers: {citrus_message_id=ef3a7235-3628-4b49-83c1-8caabce0c75f, citrus_message_timestamp=1689189642655, citrus_http_reason_phrase=OK, citrus_http_status_code=200, citrus_message_type=JSON}]
22:20:42,656 DEBUG TextMessageValidator| Validation successful for JSON entry 'name' (@matches('^[a-zA-Z\s\.]*$')@)
22:20:42,656 DEBUG TextMessageValidator| Validation successful for JSON entry 'course' (@matches('^[a-zA-Z\s]*$')@)
22:20:42,656 DEBUG TextMessageValidator| Validation successful for JSON entry 'userId' (87)
22:20:42,656 DEBUG TextMessageValidator| Validation successful for JSON entry 'email' (@contains('@qa.ru')@)
22:20:42,656 DEBUG TextMessageValidator| Validation successful for JSON entry 'age' (@isNumber()@)
22:20:42,656 DEBUG TextMessageValidator| Validation successful for JSON entry 'score' (@isNumber()@)
22:20:42,656 DEBUG TextMessageValidator| Validation successful for JSON entry 'name' (@contains('Course mark')@)
22:20:42,656 DEBUG TextMessageValidator| Validation successful for JSON entry 'mark' ({"score":"@isNumber()@","name":"@contains('Course mark')@"})
22:20:42,656 INFO  TextMessageValidator| JSON message validation successful: All values OK
22:20:42,656 INFO  port.LoggingReporter| 
22:20:42,656 DEBUG port.LoggingReporter| TEST STEP 174 SUCCESS
]]></system-out>
  </testcase>
  <testcase name="getUserStubParametrizedTest(int)[88]" classname="citrus.HttpRESTStubTests" time="0.01">
    <system-out><![CDATA[22:20:42,659 INFO  port.LoggingReporter| 
22:20:42,659 INFO  port.LoggingReporter| ------------------------------------------------------------------------
22:20:42,659 DEBUG port.LoggingReporter| STARTING TEST HttpRESTStubTests.getUserStubParametrizedTest <citrus>
22:20:42,659 INFO  port.LoggingReporter| 
22:20:42,659 DEBUG trus.DefaultTestCase| Initializing test case
22:20:42,659 DEBUG trus.DefaultTestCase| Global variables:
22:20:42,659 DEBUG trus.DefaultTestCase| citrus_message_correlator_httpRESTClient = citrus_message_id = '4a5c1008-34e8-49f7-a2bb-c23dee4c15c0'
22:20:42,659 DEBUG trus.DefaultTestCase| default.test.author = Unknown
22:20:42,659 DEBUG trus.DefaultTestCase| citrus.test.package = citrus
22:20:42,659 DEBUG trus.DefaultTestCase| citrus.test.name = HttpRESTStubTests.getUserStubParametrizedTest
22:20:42,659 DEBUG trus.DefaultTestCase| project.name = Citrus Integration Tests
22:20:42,659 DEBUG trus.DefaultTestCase| userId = 35
22:20:42,659 DEBUG trus.DefaultTestCase| citrus_message_replyTo_citrus_message_correlator_httpRESTClient = http://localhost:8080/user/get/87
22:20:42,659 DEBUG trus.DefaultTestCase| url = http://localhost:8080/user
22:20:42,659 DEBUG trus.DefaultTestCase| default.test.package = citrus
22:20:42,659 DEBUG  context.TestContext| Setting variable: citrus.test.name with value: 'HttpRESTStubTests.getUserStubParametrizedTest'
22:20:42,659 DEBUG  context.TestContext| Setting variable: citrus.test.package with value: 'citrus'
22:20:42,659 DEBUG trus.DefaultTestCase| Test variables:
22:20:42,659 DEBUG trus.DefaultTestCase| citrus_message_correlator_httpRESTClient = citrus_message_id = '4a5c1008-34e8-49f7-a2bb-c23dee4c15c0'
22:20:42,659 DEBUG trus.DefaultTestCase| default.test.author = Unknown
22:20:42,659 DEBUG trus.DefaultTestCase| citrus.test.package = citrus
22:20:42,659 DEBUG trus.DefaultTestCase| citrus.test.name = HttpRESTStubTests.getUserStubParametrizedTest
22:20:42,659 DEBUG trus.DefaultTestCase| project.name = Citrus Integration Tests
22:20:42,659 DEBUG trus.DefaultTestCase| userId = 35
22:20:42,659 DEBUG trus.DefaultTestCase| citrus_message_replyTo_citrus_message_correlator_httpRESTClient = http://localhost:8080/user/get/87
22:20:42,659 DEBUG trus.DefaultTestCase| url = http://localhost:8080/user
22:20:42,659 DEBUG trus.DefaultTestCase| default.test.package = citrus
22:20:42,659 INFO  port.LoggingReporter| 
22:20:42,659 DEBUG port.LoggingReporter| TEST STEP 175: send
22:20:42,659 DEBUG ltCorrelationManager| Saving correlation key for 'citrus_message_correlator_httpRESTClient'
22:20:42,659 DEBUG  context.TestContext| Setting variable: citrus_message_correlator_httpRESTClient with value: 'citrus_message_id = '3979c834-559f-4d14-a1fb-928825a4e082''
22:20:42,659 DEBUG  context.TestContext| Setting variable: citrus_message_replyTo_citrus_message_correlator_httpRESTClient with value: 'http://localhost:8080/user/get/88'
22:20:42,659 INFO     client.HttpClient| Sending HTTP message to: 'http://localhost:8080/user/get/88'
22:20:42,659 DEBUG    client.HttpClient| Message to send:

22:20:42,659 DEBUG aultHttpHeaderMapper| outboundHeaderNames=[Accept, Accept-Charset, Accept-Encoding, Accept-Language, Accept-Ranges, Authorization, Cache-Control, Connection, Content-Length, Content-Type, Cookie, Date, Expect, From, Host, If-Match, If-Modified-Since, If-None-Match, If-Range, If-Unmodified-Since, Max-Forwards, Pragma, Proxy-Authorization, Range, Referer, TE, Upgrade, User-Agent, Via, Warning]
22:20:42,659 DEBUG aultHttpHeaderMapper| headerName=[citrus_message_timestamp] WILL NOT be mapped
22:20:42,659 DEBUG aultHttpHeaderMapper| headerName=[citrus_message_type] WILL NOT be mapped
22:20:42,659 DEBUG aultHttpHeaderMapper| headerName=[citrus_request_path] WILL NOT be mapped
22:20:42,659 DEBUG aultHttpHeaderMapper| headerName=[citrus_http_request_uri] WILL NOT be mapped
22:20:42,659 DEBUG aultHttpHeaderMapper| headerName=[id] WILL NOT be mapped
22:20:42,659 DEBUG aultHttpHeaderMapper| headerName=[citrus_message_id] WILL NOT be mapped
22:20:42,659 DEBUG aultHttpHeaderMapper| headerName=[citrus_http_method] WILL NOT be mapped
22:20:42,659 DEBUG aultHttpHeaderMapper| headerName=[timestamp] WILL NOT be mapped
22:20:42,659 DEBUG  client.RestTemplate| HTTP GET http://localhost:8080/user/get/88
22:20:42,659 DEBUG  client.RestTemplate| Accept=[text/plain, application/json, application/*+json, */*]
22:20:42,660 DEBUG ingClientInterceptor| Sending Http request message
22:20:42,661 DEBUG   Logger.Message_OUT| RAWMESSAGE [id: 3c63b3eb-52a5-4eef-9cab-36e6de084a8d, payload: GET http://localhost:8080/user/get/88
Accept:text/plain, application/json, application/*+json, */*
Content-Type:application/json;charset=UTF-8
Content-Length:0][headers: {citrus_message_id=3c63b3eb-52a5-4eef-9cab-36e6de084a8d, citrus_message_timestamp=1689189642660}]
22:20:42,661 DEBUG ol.RequestAddCookies| CookieSpec selected: default
22:20:42,661 DEBUG col.RequestAuthCache| Auth cache not set in the context
22:20:42,661 DEBUG entConnectionManager| Connection request: [route: {}->http://localhost:8080][total available: 1; route allocated: 1 of 5; total allocated: 1 of 10]
22:20:42,661 DEBUG entConnectionManager| Connection leased: [id: 0][route: {}->http://localhost:8080][total available: 0; route allocated: 1 of 5; total allocated: 1 of 10]
22:20:42,661 DEBUG HttpClientConnection| http-outgoing-0: set socket timeout to 0
22:20:42,661 DEBUG chain.MainClientExec| Executing request GET /user/get/88 HTTP/1.1
22:20:42,661 DEBUG chain.MainClientExec| Target auth state: UNCHALLENGED
22:20:42,661 DEBUG chain.MainClientExec| Proxy auth state: UNCHALLENGED
22:20:42,661 DEBUG         http.headers| http-outgoing-0 >> GET /user/get/88 HTTP/1.1
22:20:42,661 DEBUG         http.headers| http-outgoing-0 >> Accept: text/plain, application/json, application/*+json, */*
22:20:42,661 DEBUG         http.headers| http-outgoing-0 >> Content-Type: application/json;charset=UTF-8
22:20:42,661 DEBUG         http.headers| http-outgoing-0 >> Host: localhost:8080
22:20:42,661 DEBUG         http.headers| http-outgoing-0 >> Connection: Keep-Alive
22:20:42,661 DEBUG         http.headers| http-outgoing-0 >> User-Agent: Apache-HttpClient/4.5.13 (Java/11.0.16)
22:20:42,661 DEBUG         http.headers| http-outgoing-0 >> Accept-Encoding: gzip,deflate
22:20:42,661 DEBUG            http.wire| http-outgoing-0 >> "GET /user/get/88 HTTP/1.1[\r][\n]"
22:20:42,661 DEBUG            http.wire| http-outgoing-0 >> "Accept: text/plain, application/json, application/*+json, */*[\r][\n]"
22:20:42,661 DEBUG            http.wire| http-outgoing-0 >> "Content-Type: application/json;charset=UTF-8[\r][\n]"
22:20:42,661 DEBUG            http.wire| http-outgoing-0 >> "Host: localhost:8080[\r][\n]"
22:20:42,661 DEBUG            http.wire| http-outgoing-0 >> "Connection: Keep-Alive[\r][\n]"
22:20:42,661 DEBUG            http.wire| http-outgoing-0 >> "User-Agent: Apache-HttpClient/4.5.13 (Java/11.0.16)[\r][\n]"
22:20:42,661 DEBUG            http.wire| http-outgoing-0 >> "Accept-Encoding: gzip,deflate[\r][\n]"
22:20:42,661 DEBUG            http.wire| http-outgoing-0 >> "[\r][\n]"
22:20:42,662 DEBUG            http.wire| http-outgoing-0 << "HTTP/1.1 200 [\r][\n]"
22:20:42,662 DEBUG            http.wire| http-outgoing-0 << "Content-Type: application/json[\r][\n]"
22:20:42,662 DEBUG            http.wire| http-outgoing-0 << "Transfer-Encoding: chunked[\r][\n]"
22:20:42,662 DEBUG            http.wire| http-outgoing-0 << "Date: Wed, 12 Jul 2023 19:20:42 GMT[\r][\n]"
22:20:42,662 DEBUG            http.wire| http-outgoing-0 << "Keep-Alive: timeout=60[\r][\n]"
22:20:42,662 DEBUG            http.wire| http-outgoing-0 << "Connection: keep-alive[\r][\n]"
22:20:42,662 DEBUG            http.wire| http-outgoing-0 << "[\r][\n]"
22:20:42,662 DEBUG            http.wire| http-outgoing-0 << "8d[\r][\n]"
22:20:42,662 DEBUG            http.wire| http-outgoing-0 << "{"userId":88,"name":"Damian Denesik","course":"Future Solutions Analyst","email":"88@qa.ru","age":26,"mark":{"name":"Course mark","score":4}}[\r][\n]"
22:20:42,662 DEBUG         http.headers| http-outgoing-0 << HTTP/1.1 200 
22:20:42,662 DEBUG         http.headers| http-outgoing-0 << Content-Type: application/json
22:20:42,662 DEBUG         http.headers| http-outgoing-0 << Transfer-Encoding: chunked
22:20:42,662 DEBUG         http.headers| http-outgoing-0 << Date: Wed, 12 Jul 2023 19:20:42 GMT
22:20:42,662 DEBUG         http.headers| http-outgoing-0 << Keep-Alive: timeout=60
22:20:42,662 DEBUG         http.headers| http-outgoing-0 << Connection: keep-alive
22:20:42,662 DEBUG chain.MainClientExec| Connection can be kept alive for 60000 MILLISECONDS
22:20:42,662 DEBUG            http.wire| http-outgoing-0 << "0[\r][\n]"
22:20:42,662 DEBUG            http.wire| http-outgoing-0 << "[\r][\n]"
22:20:42,662 DEBUG entConnectionManager| Connection [id: 0][route: {}->http://localhost:8080] can be kept alive for 60.0 seconds
22:20:42,662 DEBUG HttpClientConnection| http-outgoing-0: set socket timeout to 0
22:20:42,662 DEBUG entConnectionManager| Connection released: [id: 0][route: {}->http://localhost:8080][total available: 1; route allocated: 1 of 5; total allocated: 1 of 10]
22:20:42,662 DEBUG ingClientInterceptor| Received Http response message
22:20:42,664 DEBUG    Logger.Message_IN| RAWMESSAGE [id: 08d0c669-29f0-4596-a6ee-0c7c40d6b675, payload: HTTP/1.1 200 OK 
Content-Type:application/json
Transfer-Encoding:chunked
Date:Wed, 12 Jul 2023 19:20:42 GMT
Keep-Alive:timeout=60
Connection:keep-alive

{"userId":88,"name":"Damian Denesik","course":"Future Solutions Analyst","email":"88@qa.ru","age":26,"mark":{"name":"Course mark","score":4}}][headers: {citrus_message_id=08d0c669-29f0-4596-a6ee-0c7c40d6b675, citrus_message_timestamp=1689189642662}]
22:20:42,664 DEBUG  client.RestTemplate| Response 200 OK
22:20:42,664 DEBUG  client.RestTemplate| Reading to [java.lang.String] as "application/json"
22:20:42,664 INFO     client.HttpClient| HTTP message was sent to endpoint: 'http://localhost:8080/user/get/88'
22:20:42,664 DEBUG aultHttpHeaderMapper| inboundHeaderNames=[Accept-Ranges, Age, Allow, Cache-Control, Connection, Content-Encoding, Content-Language, Content-Length, Content-Location, Content-MD5, Content-Range, Content-Type, Content-Disposition, Transfer-Encoding, Date, ETag, Expires, Last-Modified, Location, Pragma, Proxy-Authenticate, Refresh, Retry-After, Server, Set-Cookie, Trailer, Vary, Via, Warning, WWW-Authenticate]
22:20:42,664 DEBUG aultHttpHeaderMapper| headerName=[content-type] WILL be mapped, matched pattern=content-type
22:20:42,664 DEBUG aultHttpHeaderMapper| setting headerName=[contentType], value=application/json
22:20:42,664 DEBUG aultHttpHeaderMapper| headerName=[transfer-encoding] WILL be mapped, matched pattern=transfer-encoding
22:20:42,664 DEBUG aultHttpHeaderMapper| setting headerName=[Transfer-Encoding], value=[chunked]
22:20:42,664 DEBUG aultHttpHeaderMapper| headerName=[date] WILL be mapped, matched pattern=date
22:20:42,664 DEBUG aultHttpHeaderMapper| setting headerName=[Date], value=1 689 189 642 000
22:20:42,664 DEBUG aultHttpHeaderMapper| headerName=[keep-alive] WILL NOT be mapped
22:20:42,664 DEBUG aultHttpHeaderMapper| headerName=[connection] WILL be mapped, matched pattern=connection
22:20:42,664 DEBUG aultHttpHeaderMapper| setting headerName=[Connection], value=[keep-alive]
22:20:42,664 DEBUG ltCorrelationManager| Saving correlated object for 'citrus_message_id = '3979c834-559f-4d14-a1fb-928825a4e082''
22:20:42,665 INFO  port.LoggingReporter| 
22:20:42,665 DEBUG port.LoggingReporter| TEST STEP 175 SUCCESS
22:20:42,665 INFO  port.LoggingReporter| 
22:20:42,665 DEBUG port.LoggingReporter| TEST STEP 176: receive
22:20:42,665 DEBUG ngCorrelationManager| Get correlation key for 'citrus_message_correlator_httpRESTClient'
22:20:42,665 DEBUG ltCorrelationManager| Finding correlated object for 'citrus_message_id = '3979c834-559f-4d14-a1fb-928825a4e082''
22:20:42,666 DEBUG ageValidatorRegistry| Found 4 message validators for message
22:20:42,666 DEBUG ssageHeaderValidator| Start message header validation ...
22:20:42,666 DEBUG faultHeaderValidator| Validating header element: citrus_http_reason_phrase='OK': OK.
22:20:42,666 DEBUG faultHeaderValidator| Validating header element: citrus_http_status_code='200': OK.
22:20:42,666 INFO  ssageHeaderValidator| Message header validation successful: All values OK
22:20:42,666 DEBUG TextMessageValidator| Start JSON message validation ...
22:20:42,666 DEBUG JsonSchemaValidation| Starting Json schema validation ...
22:20:42,666 INFO  JsonSchemaValidation| Json schema validation successful: All values OK
22:20:42,666 DEBUG TextMessageValidator| Received message:
HTTPMESSAGE [id: 82822d5f-ce64-4039-b3a1-3b8c17d4ac9c, payload: {"userId":88,"name":"Damian Denesik","course":"Future Solutions Analyst","email":"88@qa.ru","age":26,"mark":{"name":"Course mark","score":4}}][headers: {Transfer-Encoding=chunked, Connection=keep-alive, contentType=application/json, Date=1689189642000, citrus_message_id=82822d5f-ce64-4039-b3a1-3b8c17d4ac9c, citrus_message_timestamp=1689189642664, Keep-Alive=timeout=60, Content-Type=application/json, citrus_http_status_code=200, citrus_http_reason_phrase=OK, citrus_http_version=HTTP/1.1}]
22:20:42,666 DEBUG TextMessageValidator| Control message:
HTTPMESSAGE [id: 7c267da0-8bfa-41e0-bef2-40d9a815f66f, payload: {"userId":88,"email":"@contains('@qa.ru')@","name":"@matches('^[a-zA-Z\\s\\.]*$')@","course":"@matches('^[a-zA-Z\\s]*$')@","age":"@isNumber()@","mark":{"name":"@contains('Course mark')@","score":"@isNumber()@"}}][headers: {citrus_message_id=7c267da0-8bfa-41e0-bef2-40d9a815f66f, citrus_message_timestamp=1689189642665, citrus_http_reason_phrase=OK, citrus_http_status_code=200, citrus_message_type=JSON}]
22:20:42,666 DEBUG TextMessageValidator| Validation successful for JSON entry 'name' (@matches('^[a-zA-Z\s\.]*$')@)
22:20:42,666 DEBUG TextMessageValidator| Validation successful for JSON entry 'course' (@matches('^[a-zA-Z\s]*$')@)
22:20:42,666 DEBUG TextMessageValidator| Validation successful for JSON entry 'userId' (88)
22:20:42,666 DEBUG TextMessageValidator| Validation successful for JSON entry 'email' (@contains('@qa.ru')@)
22:20:42,666 DEBUG TextMessageValidator| Validation successful for JSON entry 'age' (@isNumber()@)
22:20:42,666 DEBUG TextMessageValidator| Validation successful for JSON entry 'score' (@isNumber()@)
22:20:42,666 DEBUG TextMessageValidator| Validation successful for JSON entry 'name' (@contains('Course mark')@)
22:20:42,666 DEBUG TextMessageValidator| Validation successful for JSON entry 'mark' ({"score":"@isNumber()@","name":"@contains('Course mark')@"})
22:20:42,666 INFO  TextMessageValidator| JSON message validation successful: All values OK
22:20:42,666 INFO  port.LoggingReporter| 
22:20:42,667 DEBUG port.LoggingReporter| TEST STEP 176 SUCCESS
]]></system-out>
  </testcase>
  <testcase name="getUserStubParametrizedTest(int)[89]" classname="citrus.HttpRESTStubTests" time="0.011">
    <system-out><![CDATA[22:20:42,669 INFO  port.LoggingReporter| 
22:20:42,669 INFO  port.LoggingReporter| ------------------------------------------------------------------------
22:20:42,669 DEBUG port.LoggingReporter| STARTING TEST HttpRESTStubTests.getUserStubParametrizedTest <citrus>
22:20:42,669 INFO  port.LoggingReporter| 
22:20:42,669 DEBUG trus.DefaultTestCase| Initializing test case
22:20:42,669 DEBUG trus.DefaultTestCase| Global variables:
22:20:42,669 DEBUG trus.DefaultTestCase| citrus_message_correlator_httpRESTClient = citrus_message_id = '3979c834-559f-4d14-a1fb-928825a4e082'
22:20:42,669 DEBUG trus.DefaultTestCase| default.test.author = Unknown
22:20:42,669 DEBUG trus.DefaultTestCase| citrus.test.package = citrus
22:20:42,669 DEBUG trus.DefaultTestCase| citrus.test.name = HttpRESTStubTests.getUserStubParametrizedTest
22:20:42,669 DEBUG trus.DefaultTestCase| project.name = Citrus Integration Tests
22:20:42,669 DEBUG trus.DefaultTestCase| userId = 35
22:20:42,669 DEBUG trus.DefaultTestCase| citrus_message_replyTo_citrus_message_correlator_httpRESTClient = http://localhost:8080/user/get/88
22:20:42,669 DEBUG trus.DefaultTestCase| url = http://localhost:8080/user
22:20:42,669 DEBUG trus.DefaultTestCase| default.test.package = citrus
22:20:42,669 DEBUG  context.TestContext| Setting variable: citrus.test.name with value: 'HttpRESTStubTests.getUserStubParametrizedTest'
22:20:42,669 DEBUG  context.TestContext| Setting variable: citrus.test.package with value: 'citrus'
22:20:42,669 DEBUG trus.DefaultTestCase| Test variables:
22:20:42,669 DEBUG trus.DefaultTestCase| citrus_message_correlator_httpRESTClient = citrus_message_id = '3979c834-559f-4d14-a1fb-928825a4e082'
22:20:42,669 DEBUG trus.DefaultTestCase| default.test.author = Unknown
22:20:42,669 DEBUG trus.DefaultTestCase| citrus.test.package = citrus
22:20:42,669 DEBUG trus.DefaultTestCase| citrus.test.name = HttpRESTStubTests.getUserStubParametrizedTest
22:20:42,669 DEBUG trus.DefaultTestCase| project.name = Citrus Integration Tests
22:20:42,669 DEBUG trus.DefaultTestCase| userId = 35
22:20:42,669 DEBUG trus.DefaultTestCase| citrus_message_replyTo_citrus_message_correlator_httpRESTClient = http://localhost:8080/user/get/88
22:20:42,669 DEBUG trus.DefaultTestCase| url = http://localhost:8080/user
22:20:42,669 DEBUG trus.DefaultTestCase| default.test.package = citrus
22:20:42,670 INFO  port.LoggingReporter| 
22:20:42,670 DEBUG port.LoggingReporter| TEST STEP 177: send
22:20:42,670 DEBUG ltCorrelationManager| Saving correlation key for 'citrus_message_correlator_httpRESTClient'
22:20:42,670 DEBUG  context.TestContext| Setting variable: citrus_message_correlator_httpRESTClient with value: 'citrus_message_id = '87eaffab-d896-4b56-966f-0a1d85b42e9f''
22:20:42,670 DEBUG  context.TestContext| Setting variable: citrus_message_replyTo_citrus_message_correlator_httpRESTClient with value: 'http://localhost:8080/user/get/89'
22:20:42,670 INFO     client.HttpClient| Sending HTTP message to: 'http://localhost:8080/user/get/89'
22:20:42,670 DEBUG    client.HttpClient| Message to send:

22:20:42,670 DEBUG aultHttpHeaderMapper| outboundHeaderNames=[Accept, Accept-Charset, Accept-Encoding, Accept-Language, Accept-Ranges, Authorization, Cache-Control, Connection, Content-Length, Content-Type, Cookie, Date, Expect, From, Host, If-Match, If-Modified-Since, If-None-Match, If-Range, If-Unmodified-Since, Max-Forwards, Pragma, Proxy-Authorization, Range, Referer, TE, Upgrade, User-Agent, Via, Warning]
22:20:42,670 DEBUG aultHttpHeaderMapper| headerName=[citrus_message_timestamp] WILL NOT be mapped
22:20:42,670 DEBUG aultHttpHeaderMapper| headerName=[citrus_message_type] WILL NOT be mapped
22:20:42,670 DEBUG aultHttpHeaderMapper| headerName=[citrus_request_path] WILL NOT be mapped
22:20:42,670 DEBUG aultHttpHeaderMapper| headerName=[citrus_http_request_uri] WILL NOT be mapped
22:20:42,670 DEBUG aultHttpHeaderMapper| headerName=[id] WILL NOT be mapped
22:20:42,670 DEBUG aultHttpHeaderMapper| headerName=[citrus_message_id] WILL NOT be mapped
22:20:42,670 DEBUG aultHttpHeaderMapper| headerName=[citrus_http_method] WILL NOT be mapped
22:20:42,670 DEBUG aultHttpHeaderMapper| headerName=[timestamp] WILL NOT be mapped
22:20:42,670 DEBUG  client.RestTemplate| HTTP GET http://localhost:8080/user/get/89
22:20:42,670 DEBUG  client.RestTemplate| Accept=[text/plain, application/json, application/*+json, */*]
22:20:42,670 DEBUG ingClientInterceptor| Sending Http request message
22:20:42,671 DEBUG   Logger.Message_OUT| RAWMESSAGE [id: 297e5978-c110-459b-816d-f30342f37d76, payload: GET http://localhost:8080/user/get/89
Accept:text/plain, application/json, application/*+json, */*
Content-Type:application/json;charset=UTF-8
Content-Length:0][headers: {citrus_message_id=297e5978-c110-459b-816d-f30342f37d76, citrus_message_timestamp=1689189642670}]
22:20:42,672 DEBUG ol.RequestAddCookies| CookieSpec selected: default
22:20:42,672 DEBUG col.RequestAuthCache| Auth cache not set in the context
22:20:42,672 DEBUG entConnectionManager| Connection request: [route: {}->http://localhost:8080][total available: 1; route allocated: 1 of 5; total allocated: 1 of 10]
22:20:42,672 DEBUG entConnectionManager| Connection leased: [id: 0][route: {}->http://localhost:8080][total available: 0; route allocated: 1 of 5; total allocated: 1 of 10]
22:20:42,672 DEBUG HttpClientConnection| http-outgoing-0: set socket timeout to 0
22:20:42,672 DEBUG chain.MainClientExec| Executing request GET /user/get/89 HTTP/1.1
22:20:42,672 DEBUG chain.MainClientExec| Target auth state: UNCHALLENGED
22:20:42,672 DEBUG chain.MainClientExec| Proxy auth state: UNCHALLENGED
22:20:42,672 DEBUG         http.headers| http-outgoing-0 >> GET /user/get/89 HTTP/1.1
22:20:42,672 DEBUG         http.headers| http-outgoing-0 >> Accept: text/plain, application/json, application/*+json, */*
22:20:42,672 DEBUG         http.headers| http-outgoing-0 >> Content-Type: application/json;charset=UTF-8
22:20:42,672 DEBUG         http.headers| http-outgoing-0 >> Host: localhost:8080
22:20:42,672 DEBUG         http.headers| http-outgoing-0 >> Connection: Keep-Alive
22:20:42,672 DEBUG         http.headers| http-outgoing-0 >> User-Agent: Apache-HttpClient/4.5.13 (Java/11.0.16)
22:20:42,672 DEBUG         http.headers| http-outgoing-0 >> Accept-Encoding: gzip,deflate
22:20:42,672 DEBUG            http.wire| http-outgoing-0 >> "GET /user/get/89 HTTP/1.1[\r][\n]"
22:20:42,672 DEBUG            http.wire| http-outgoing-0 >> "Accept: text/plain, application/json, application/*+json, */*[\r][\n]"
22:20:42,672 DEBUG            http.wire| http-outgoing-0 >> "Content-Type: application/json;charset=UTF-8[\r][\n]"
22:20:42,672 DEBUG            http.wire| http-outgoing-0 >> "Host: localhost:8080[\r][\n]"
22:20:42,672 DEBUG            http.wire| http-outgoing-0 >> "Connection: Keep-Alive[\r][\n]"
22:20:42,672 DEBUG            http.wire| http-outgoing-0 >> "User-Agent: Apache-HttpClient/4.5.13 (Java/11.0.16)[\r][\n]"
22:20:42,672 DEBUG            http.wire| http-outgoing-0 >> "Accept-Encoding: gzip,deflate[\r][\n]"
22:20:42,672 DEBUG            http.wire| http-outgoing-0 >> "[\r][\n]"
22:20:42,673 DEBUG            http.wire| http-outgoing-0 << "HTTP/1.1 200 [\r][\n]"
22:20:42,673 DEBUG            http.wire| http-outgoing-0 << "Content-Type: application/json[\r][\n]"
22:20:42,673 DEBUG            http.wire| http-outgoing-0 << "Transfer-Encoding: chunked[\r][\n]"
22:20:42,673 DEBUG            http.wire| http-outgoing-0 << "Date: Wed, 12 Jul 2023 19:20:42 GMT[\r][\n]"
22:20:42,673 DEBUG            http.wire| http-outgoing-0 << "Keep-Alive: timeout=60[\r][\n]"
22:20:42,673 DEBUG            http.wire| http-outgoing-0 << "Connection: keep-alive[\r][\n]"
22:20:42,673 DEBUG            http.wire| http-outgoing-0 << "[\r][\n]"
22:20:42,673 DEBUG            http.wire| http-outgoing-0 << "92[\r][\n]"
22:20:42,673 DEBUG            http.wire| http-outgoing-0 << "{"userId":89,"name":"John Rolfson","course":"Future Interactions Coordinator","email":"89@qa.ru","age":65,"mark":{"name":"Course mark","score":9}}[\r][\n]"
22:20:42,673 DEBUG         http.headers| http-outgoing-0 << HTTP/1.1 200 
22:20:42,673 DEBUG         http.headers| http-outgoing-0 << Content-Type: application/json
22:20:42,673 DEBUG         http.headers| http-outgoing-0 << Transfer-Encoding: chunked
22:20:42,673 DEBUG         http.headers| http-outgoing-0 << Date: Wed, 12 Jul 2023 19:20:42 GMT
22:20:42,673 DEBUG         http.headers| http-outgoing-0 << Keep-Alive: timeout=60
22:20:42,673 DEBUG         http.headers| http-outgoing-0 << Connection: keep-alive
22:20:42,673 DEBUG chain.MainClientExec| Connection can be kept alive for 60000 MILLISECONDS
22:20:42,673 DEBUG            http.wire| http-outgoing-0 << "0[\r][\n]"
22:20:42,673 DEBUG            http.wire| http-outgoing-0 << "[\r][\n]"
22:20:42,673 DEBUG entConnectionManager| Connection [id: 0][route: {}->http://localhost:8080] can be kept alive for 60.0 seconds
22:20:42,673 DEBUG HttpClientConnection| http-outgoing-0: set socket timeout to 0
22:20:42,673 DEBUG entConnectionManager| Connection released: [id: 0][route: {}->http://localhost:8080][total available: 1; route allocated: 1 of 5; total allocated: 1 of 10]
22:20:42,673 DEBUG ingClientInterceptor| Received Http response message
22:20:42,675 DEBUG    Logger.Message_IN| RAWMESSAGE [id: 2c7bd16b-d39b-451a-8c7a-a8edee7dd251, payload: HTTP/1.1 200 OK 
Content-Type:application/json
Transfer-Encoding:chunked
Date:Wed, 12 Jul 2023 19:20:42 GMT
Keep-Alive:timeout=60
Connection:keep-alive

{"userId":89,"name":"John Rolfson","course":"Future Interactions Coordinator","email":"89@qa.ru","age":65,"mark":{"name":"Course mark","score":9}}][headers: {citrus_message_id=2c7bd16b-d39b-451a-8c7a-a8edee7dd251, citrus_message_timestamp=1689189642673}]
22:20:42,675 DEBUG  client.RestTemplate| Response 200 OK
22:20:42,675 DEBUG  client.RestTemplate| Reading to [java.lang.String] as "application/json"
22:20:42,675 INFO     client.HttpClient| HTTP message was sent to endpoint: 'http://localhost:8080/user/get/89'
22:20:42,675 DEBUG aultHttpHeaderMapper| inboundHeaderNames=[Accept-Ranges, Age, Allow, Cache-Control, Connection, Content-Encoding, Content-Language, Content-Length, Content-Location, Content-MD5, Content-Range, Content-Type, Content-Disposition, Transfer-Encoding, Date, ETag, Expires, Last-Modified, Location, Pragma, Proxy-Authenticate, Refresh, Retry-After, Server, Set-Cookie, Trailer, Vary, Via, Warning, WWW-Authenticate]
22:20:42,675 DEBUG aultHttpHeaderMapper| headerName=[content-type] WILL be mapped, matched pattern=content-type
22:20:42,675 DEBUG aultHttpHeaderMapper| setting headerName=[contentType], value=application/json
22:20:42,675 DEBUG aultHttpHeaderMapper| headerName=[transfer-encoding] WILL be mapped, matched pattern=transfer-encoding
22:20:42,675 DEBUG aultHttpHeaderMapper| setting headerName=[Transfer-Encoding], value=[chunked]
22:20:42,675 DEBUG aultHttpHeaderMapper| headerName=[date] WILL be mapped, matched pattern=date
22:20:42,675 DEBUG aultHttpHeaderMapper| setting headerName=[Date], value=1 689 189 642 000
22:20:42,675 DEBUG aultHttpHeaderMapper| headerName=[keep-alive] WILL NOT be mapped
22:20:42,675 DEBUG aultHttpHeaderMapper| headerName=[connection] WILL be mapped, matched pattern=connection
22:20:42,675 DEBUG aultHttpHeaderMapper| setting headerName=[Connection], value=[keep-alive]
22:20:42,675 DEBUG ltCorrelationManager| Saving correlated object for 'citrus_message_id = '87eaffab-d896-4b56-966f-0a1d85b42e9f''
22:20:42,675 INFO  port.LoggingReporter| 
22:20:42,675 DEBUG port.LoggingReporter| TEST STEP 177 SUCCESS
22:20:42,675 INFO  port.LoggingReporter| 
22:20:42,675 DEBUG port.LoggingReporter| TEST STEP 178: receive
22:20:42,675 DEBUG ngCorrelationManager| Get correlation key for 'citrus_message_correlator_httpRESTClient'
22:20:42,675 DEBUG ltCorrelationManager| Finding correlated object for 'citrus_message_id = '87eaffab-d896-4b56-966f-0a1d85b42e9f''
22:20:42,677 DEBUG ageValidatorRegistry| Found 4 message validators for message
22:20:42,677 DEBUG ssageHeaderValidator| Start message header validation ...
22:20:42,677 DEBUG faultHeaderValidator| Validating header element: citrus_http_reason_phrase='OK': OK.
22:20:42,677 DEBUG faultHeaderValidator| Validating header element: citrus_http_status_code='200': OK.
22:20:42,677 INFO  ssageHeaderValidator| Message header validation successful: All values OK
22:20:42,677 DEBUG TextMessageValidator| Start JSON message validation ...
22:20:42,677 DEBUG JsonSchemaValidation| Starting Json schema validation ...
22:20:42,677 INFO  JsonSchemaValidation| Json schema validation successful: All values OK
22:20:42,677 DEBUG TextMessageValidator| Received message:
HTTPMESSAGE [id: 92ca28fc-8083-47e7-80d7-cb2747fc12a8, payload: {"userId":89,"name":"John Rolfson","course":"Future Interactions Coordinator","email":"89@qa.ru","age":65,"mark":{"name":"Course mark","score":9}}][headers: {Transfer-Encoding=chunked, Connection=keep-alive, contentType=application/json, Date=1689189642000, citrus_message_id=92ca28fc-8083-47e7-80d7-cb2747fc12a8, citrus_message_timestamp=1689189642675, Keep-Alive=timeout=60, Content-Type=application/json, citrus_http_status_code=200, citrus_http_reason_phrase=OK, citrus_http_version=HTTP/1.1}]
22:20:42,677 DEBUG TextMessageValidator| Control message:
HTTPMESSAGE [id: ae27c049-0afb-42a6-8fd1-19289755e43b, payload: {"userId":89,"email":"@contains('@qa.ru')@","name":"@matches('^[a-zA-Z\\s\\.]*$')@","course":"@matches('^[a-zA-Z\\s]*$')@","age":"@isNumber()@","mark":{"name":"@contains('Course mark')@","score":"@isNumber()@"}}][headers: {citrus_message_id=ae27c049-0afb-42a6-8fd1-19289755e43b, citrus_message_timestamp=1689189642675, citrus_http_reason_phrase=OK, citrus_http_status_code=200, citrus_message_type=JSON}]
22:20:42,677 DEBUG TextMessageValidator| Validation successful for JSON entry 'name' (@matches('^[a-zA-Z\s\.]*$')@)
22:20:42,677 DEBUG TextMessageValidator| Validation successful for JSON entry 'course' (@matches('^[a-zA-Z\s]*$')@)
22:20:42,677 DEBUG TextMessageValidator| Validation successful for JSON entry 'userId' (89)
22:20:42,677 DEBUG TextMessageValidator| Validation successful for JSON entry 'email' (@contains('@qa.ru')@)
22:20:42,677 DEBUG TextMessageValidator| Validation successful for JSON entry 'age' (@isNumber()@)
22:20:42,677 DEBUG TextMessageValidator| Validation successful for JSON entry 'score' (@isNumber()@)
22:20:42,677 DEBUG TextMessageValidator| Validation successful for JSON entry 'name' (@contains('Course mark')@)
22:20:42,677 DEBUG TextMessageValidator| Validation successful for JSON entry 'mark' ({"score":"@isNumber()@","name":"@contains('Course mark')@"})
22:20:42,677 INFO  TextMessageValidator| JSON message validation successful: All values OK
22:20:42,677 INFO  port.LoggingReporter| 
22:20:42,677 DEBUG port.LoggingReporter| TEST STEP 178 SUCCESS
]]></system-out>
  </testcase>
  <testcase name="getUserStubParametrizedTest(int)[90]" classname="citrus.HttpRESTStubTests" time="0.011">
    <system-out><![CDATA[22:20:42,680 INFO  port.LoggingReporter| 
22:20:42,680 INFO  port.LoggingReporter| ------------------------------------------------------------------------
22:20:42,680 DEBUG port.LoggingReporter| STARTING TEST HttpRESTStubTests.getUserStubParametrizedTest <citrus>
22:20:42,680 INFO  port.LoggingReporter| 
22:20:42,680 DEBUG trus.DefaultTestCase| Initializing test case
22:20:42,680 DEBUG trus.DefaultTestCase| Global variables:
22:20:42,680 DEBUG trus.DefaultTestCase| citrus_message_correlator_httpRESTClient = citrus_message_id = '87eaffab-d896-4b56-966f-0a1d85b42e9f'
22:20:42,680 DEBUG trus.DefaultTestCase| default.test.author = Unknown
22:20:42,680 DEBUG trus.DefaultTestCase| citrus.test.package = citrus
22:20:42,680 DEBUG trus.DefaultTestCase| citrus.test.name = HttpRESTStubTests.getUserStubParametrizedTest
22:20:42,680 DEBUG trus.DefaultTestCase| project.name = Citrus Integration Tests
22:20:42,680 DEBUG trus.DefaultTestCase| userId = 35
22:20:42,680 DEBUG trus.DefaultTestCase| citrus_message_replyTo_citrus_message_correlator_httpRESTClient = http://localhost:8080/user/get/89
22:20:42,680 DEBUG trus.DefaultTestCase| url = http://localhost:8080/user
22:20:42,680 DEBUG trus.DefaultTestCase| default.test.package = citrus
22:20:42,680 DEBUG  context.TestContext| Setting variable: citrus.test.name with value: 'HttpRESTStubTests.getUserStubParametrizedTest'
22:20:42,680 DEBUG  context.TestContext| Setting variable: citrus.test.package with value: 'citrus'
22:20:42,680 DEBUG trus.DefaultTestCase| Test variables:
22:20:42,680 DEBUG trus.DefaultTestCase| citrus_message_correlator_httpRESTClient = citrus_message_id = '87eaffab-d896-4b56-966f-0a1d85b42e9f'
22:20:42,680 DEBUG trus.DefaultTestCase| default.test.author = Unknown
22:20:42,680 DEBUG trus.DefaultTestCase| citrus.test.package = citrus
22:20:42,680 DEBUG trus.DefaultTestCase| citrus.test.name = HttpRESTStubTests.getUserStubParametrizedTest
22:20:42,680 DEBUG trus.DefaultTestCase| project.name = Citrus Integration Tests
22:20:42,680 DEBUG trus.DefaultTestCase| userId = 35
22:20:42,680 DEBUG trus.DefaultTestCase| citrus_message_replyTo_citrus_message_correlator_httpRESTClient = http://localhost:8080/user/get/89
22:20:42,680 DEBUG trus.DefaultTestCase| url = http://localhost:8080/user
22:20:42,680 DEBUG trus.DefaultTestCase| default.test.package = citrus
22:20:42,681 INFO  port.LoggingReporter| 
22:20:42,681 DEBUG port.LoggingReporter| TEST STEP 179: send
22:20:42,681 DEBUG ltCorrelationManager| Saving correlation key for 'citrus_message_correlator_httpRESTClient'
22:20:42,681 DEBUG  context.TestContext| Setting variable: citrus_message_correlator_httpRESTClient with value: 'citrus_message_id = 'ad1dba61-05cb-47ae-b09c-8c7a95729d66''
22:20:42,681 DEBUG  context.TestContext| Setting variable: citrus_message_replyTo_citrus_message_correlator_httpRESTClient with value: 'http://localhost:8080/user/get/90'
22:20:42,681 INFO     client.HttpClient| Sending HTTP message to: 'http://localhost:8080/user/get/90'
22:20:42,681 DEBUG    client.HttpClient| Message to send:

22:20:42,681 DEBUG aultHttpHeaderMapper| outboundHeaderNames=[Accept, Accept-Charset, Accept-Encoding, Accept-Language, Accept-Ranges, Authorization, Cache-Control, Connection, Content-Length, Content-Type, Cookie, Date, Expect, From, Host, If-Match, If-Modified-Since, If-None-Match, If-Range, If-Unmodified-Since, Max-Forwards, Pragma, Proxy-Authorization, Range, Referer, TE, Upgrade, User-Agent, Via, Warning]
22:20:42,681 DEBUG aultHttpHeaderMapper| headerName=[citrus_message_timestamp] WILL NOT be mapped
22:20:42,681 DEBUG aultHttpHeaderMapper| headerName=[citrus_message_type] WILL NOT be mapped
22:20:42,681 DEBUG aultHttpHeaderMapper| headerName=[citrus_request_path] WILL NOT be mapped
22:20:42,681 DEBUG aultHttpHeaderMapper| headerName=[citrus_http_request_uri] WILL NOT be mapped
22:20:42,681 DEBUG aultHttpHeaderMapper| headerName=[id] WILL NOT be mapped
22:20:42,681 DEBUG aultHttpHeaderMapper| headerName=[citrus_message_id] WILL NOT be mapped
22:20:42,681 DEBUG aultHttpHeaderMapper| headerName=[citrus_http_method] WILL NOT be mapped
22:20:42,681 DEBUG aultHttpHeaderMapper| headerName=[timestamp] WILL NOT be mapped
22:20:42,681 DEBUG  client.RestTemplate| HTTP GET http://localhost:8080/user/get/90
22:20:42,681 DEBUG  client.RestTemplate| Accept=[text/plain, application/json, application/*+json, */*]
22:20:42,681 DEBUG ingClientInterceptor| Sending Http request message
22:20:42,683 DEBUG   Logger.Message_OUT| RAWMESSAGE [id: d2af3e3f-78d2-4576-a5f8-429951661466, payload: GET http://localhost:8080/user/get/90
Accept:text/plain, application/json, application/*+json, */*
Content-Type:application/json;charset=UTF-8
Content-Length:0][headers: {citrus_message_id=d2af3e3f-78d2-4576-a5f8-429951661466, citrus_message_timestamp=1689189642681}]
22:20:42,683 DEBUG ol.RequestAddCookies| CookieSpec selected: default
22:20:42,683 DEBUG col.RequestAuthCache| Auth cache not set in the context
22:20:42,683 DEBUG entConnectionManager| Connection request: [route: {}->http://localhost:8080][total available: 1; route allocated: 1 of 5; total allocated: 1 of 10]
22:20:42,683 DEBUG entConnectionManager| Connection leased: [id: 0][route: {}->http://localhost:8080][total available: 0; route allocated: 1 of 5; total allocated: 1 of 10]
22:20:42,683 DEBUG HttpClientConnection| http-outgoing-0: set socket timeout to 0
22:20:42,683 DEBUG chain.MainClientExec| Executing request GET /user/get/90 HTTP/1.1
22:20:42,683 DEBUG chain.MainClientExec| Target auth state: UNCHALLENGED
22:20:42,683 DEBUG chain.MainClientExec| Proxy auth state: UNCHALLENGED
22:20:42,683 DEBUG         http.headers| http-outgoing-0 >> GET /user/get/90 HTTP/1.1
22:20:42,683 DEBUG         http.headers| http-outgoing-0 >> Accept: text/plain, application/json, application/*+json, */*
22:20:42,683 DEBUG         http.headers| http-outgoing-0 >> Content-Type: application/json;charset=UTF-8
22:20:42,683 DEBUG         http.headers| http-outgoing-0 >> Host: localhost:8080
22:20:42,683 DEBUG         http.headers| http-outgoing-0 >> Connection: Keep-Alive
22:20:42,683 DEBUG         http.headers| http-outgoing-0 >> User-Agent: Apache-HttpClient/4.5.13 (Java/11.0.16)
22:20:42,683 DEBUG         http.headers| http-outgoing-0 >> Accept-Encoding: gzip,deflate
22:20:42,683 DEBUG            http.wire| http-outgoing-0 >> "GET /user/get/90 HTTP/1.1[\r][\n]"
22:20:42,683 DEBUG            http.wire| http-outgoing-0 >> "Accept: text/plain, application/json, application/*+json, */*[\r][\n]"
22:20:42,683 DEBUG            http.wire| http-outgoing-0 >> "Content-Type: application/json;charset=UTF-8[\r][\n]"
22:20:42,683 DEBUG            http.wire| http-outgoing-0 >> "Host: localhost:8080[\r][\n]"
22:20:42,683 DEBUG            http.wire| http-outgoing-0 >> "Connection: Keep-Alive[\r][\n]"
22:20:42,683 DEBUG            http.wire| http-outgoing-0 >> "User-Agent: Apache-HttpClient/4.5.13 (Java/11.0.16)[\r][\n]"
22:20:42,683 DEBUG            http.wire| http-outgoing-0 >> "Accept-Encoding: gzip,deflate[\r][\n]"
22:20:42,683 DEBUG            http.wire| http-outgoing-0 >> "[\r][\n]"
22:20:42,684 DEBUG            http.wire| http-outgoing-0 << "HTTP/1.1 200 [\r][\n]"
22:20:42,684 DEBUG            http.wire| http-outgoing-0 << "Content-Type: application/json[\r][\n]"
22:20:42,684 DEBUG            http.wire| http-outgoing-0 << "Transfer-Encoding: chunked[\r][\n]"
22:20:42,684 DEBUG            http.wire| http-outgoing-0 << "Date: Wed, 12 Jul 2023 19:20:42 GMT[\r][\n]"
22:20:42,684 DEBUG            http.wire| http-outgoing-0 << "Keep-Alive: timeout=60[\r][\n]"
22:20:42,684 DEBUG            http.wire| http-outgoing-0 << "Connection: keep-alive[\r][\n]"
22:20:42,684 DEBUG            http.wire| http-outgoing-0 << "[\r][\n]"
22:20:42,684 DEBUG            http.wire| http-outgoing-0 << "94[\r][\n]"
22:20:42,684 DEBUG            http.wire| http-outgoing-0 << "{"userId":90,"name":"Lemuel Rogahn I","course":"Dynamic Integration Supervisor","email":"90@qa.ru","age":17,"mark":{"name":"Course mark","score":9}}[\r][\n]"
22:20:42,684 DEBUG         http.headers| http-outgoing-0 << HTTP/1.1 200 
22:20:42,684 DEBUG         http.headers| http-outgoing-0 << Content-Type: application/json
22:20:42,684 DEBUG         http.headers| http-outgoing-0 << Transfer-Encoding: chunked
22:20:42,684 DEBUG         http.headers| http-outgoing-0 << Date: Wed, 12 Jul 2023 19:20:42 GMT
22:20:42,684 DEBUG         http.headers| http-outgoing-0 << Keep-Alive: timeout=60
22:20:42,684 DEBUG         http.headers| http-outgoing-0 << Connection: keep-alive
22:20:42,684 DEBUG chain.MainClientExec| Connection can be kept alive for 60000 MILLISECONDS
22:20:42,685 DEBUG            http.wire| http-outgoing-0 << "0[\r][\n]"
22:20:42,685 DEBUG            http.wire| http-outgoing-0 << "[\r][\n]"
22:20:42,685 DEBUG entConnectionManager| Connection [id: 0][route: {}->http://localhost:8080] can be kept alive for 60.0 seconds
22:20:42,685 DEBUG HttpClientConnection| http-outgoing-0: set socket timeout to 0
22:20:42,685 DEBUG entConnectionManager| Connection released: [id: 0][route: {}->http://localhost:8080][total available: 1; route allocated: 1 of 5; total allocated: 1 of 10]
22:20:42,685 DEBUG ingClientInterceptor| Received Http response message
22:20:42,686 DEBUG    Logger.Message_IN| RAWMESSAGE [id: f1a3fc7a-2d4f-4b58-a821-003fe5c861f0, payload: HTTP/1.1 200 OK 
Content-Type:application/json
Transfer-Encoding:chunked
Date:Wed, 12 Jul 2023 19:20:42 GMT
Keep-Alive:timeout=60
Connection:keep-alive

{"userId":90,"name":"Lemuel Rogahn I","course":"Dynamic Integration Supervisor","email":"90@qa.ru","age":17,"mark":{"name":"Course mark","score":9}}][headers: {citrus_message_id=f1a3fc7a-2d4f-4b58-a821-003fe5c861f0, citrus_message_timestamp=1689189642685}]
22:20:42,686 DEBUG  client.RestTemplate| Response 200 OK
22:20:42,686 DEBUG  client.RestTemplate| Reading to [java.lang.String] as "application/json"
22:20:42,686 INFO     client.HttpClient| HTTP message was sent to endpoint: 'http://localhost:8080/user/get/90'
22:20:42,686 DEBUG aultHttpHeaderMapper| inboundHeaderNames=[Accept-Ranges, Age, Allow, Cache-Control, Connection, Content-Encoding, Content-Language, Content-Length, Content-Location, Content-MD5, Content-Range, Content-Type, Content-Disposition, Transfer-Encoding, Date, ETag, Expires, Last-Modified, Location, Pragma, Proxy-Authenticate, Refresh, Retry-After, Server, Set-Cookie, Trailer, Vary, Via, Warning, WWW-Authenticate]
22:20:42,686 DEBUG aultHttpHeaderMapper| headerName=[content-type] WILL be mapped, matched pattern=content-type
22:20:42,686 DEBUG aultHttpHeaderMapper| setting headerName=[contentType], value=application/json
22:20:42,686 DEBUG aultHttpHeaderMapper| headerName=[transfer-encoding] WILL be mapped, matched pattern=transfer-encoding
22:20:42,686 DEBUG aultHttpHeaderMapper| setting headerName=[Transfer-Encoding], value=[chunked]
22:20:42,686 DEBUG aultHttpHeaderMapper| headerName=[date] WILL be mapped, matched pattern=date
22:20:42,687 DEBUG aultHttpHeaderMapper| setting headerName=[Date], value=1 689 189 642 000
22:20:42,687 DEBUG aultHttpHeaderMapper| headerName=[keep-alive] WILL NOT be mapped
22:20:42,687 DEBUG aultHttpHeaderMapper| headerName=[connection] WILL be mapped, matched pattern=connection
22:20:42,687 DEBUG aultHttpHeaderMapper| setting headerName=[Connection], value=[keep-alive]
22:20:42,687 DEBUG ltCorrelationManager| Saving correlated object for 'citrus_message_id = 'ad1dba61-05cb-47ae-b09c-8c7a95729d66''
22:20:42,687 INFO  port.LoggingReporter| 
22:20:42,687 DEBUG port.LoggingReporter| TEST STEP 179 SUCCESS
22:20:42,687 INFO  port.LoggingReporter| 
22:20:42,687 DEBUG port.LoggingReporter| TEST STEP 180: receive
22:20:42,687 DEBUG ngCorrelationManager| Get correlation key for 'citrus_message_correlator_httpRESTClient'
22:20:42,687 DEBUG ltCorrelationManager| Finding correlated object for 'citrus_message_id = 'ad1dba61-05cb-47ae-b09c-8c7a95729d66''
22:20:42,688 DEBUG ageValidatorRegistry| Found 4 message validators for message
22:20:42,688 DEBUG ssageHeaderValidator| Start message header validation ...
22:20:42,688 DEBUG faultHeaderValidator| Validating header element: citrus_http_reason_phrase='OK': OK.
22:20:42,688 DEBUG faultHeaderValidator| Validating header element: citrus_http_status_code='200': OK.
22:20:42,688 INFO  ssageHeaderValidator| Message header validation successful: All values OK
22:20:42,688 DEBUG TextMessageValidator| Start JSON message validation ...
22:20:42,688 DEBUG JsonSchemaValidation| Starting Json schema validation ...
22:20:42,688 INFO  JsonSchemaValidation| Json schema validation successful: All values OK
22:20:42,688 DEBUG TextMessageValidator| Received message:
HTTPMESSAGE [id: 6717ffe8-4228-48db-bfb0-93a2f6ad0e32, payload: {"userId":90,"name":"Lemuel Rogahn I","course":"Dynamic Integration Supervisor","email":"90@qa.ru","age":17,"mark":{"name":"Course mark","score":9}}][headers: {Transfer-Encoding=chunked, Connection=keep-alive, contentType=application/json, Date=1689189642000, citrus_message_id=6717ffe8-4228-48db-bfb0-93a2f6ad0e32, citrus_message_timestamp=1689189642687, Keep-Alive=timeout=60, Content-Type=application/json, citrus_http_status_code=200, citrus_http_reason_phrase=OK, citrus_http_version=HTTP/1.1}]
22:20:42,688 DEBUG TextMessageValidator| Control message:
HTTPMESSAGE [id: 7642e51f-733c-4499-bfce-97d8db3626dc, payload: {"userId":90,"email":"@contains('@qa.ru')@","name":"@matches('^[a-zA-Z\\s\\.]*$')@","course":"@matches('^[a-zA-Z\\s]*$')@","age":"@isNumber()@","mark":{"name":"@contains('Course mark')@","score":"@isNumber()@"}}][headers: {citrus_message_id=7642e51f-733c-4499-bfce-97d8db3626dc, citrus_message_timestamp=1689189642687, citrus_http_reason_phrase=OK, citrus_http_status_code=200, citrus_message_type=JSON}]
22:20:42,689 DEBUG TextMessageValidator| Validation successful for JSON entry 'name' (@matches('^[a-zA-Z\s\.]*$')@)
22:20:42,689 DEBUG TextMessageValidator| Validation successful for JSON entry 'course' (@matches('^[a-zA-Z\s]*$')@)
22:20:42,689 DEBUG TextMessageValidator| Validation successful for JSON entry 'userId' (90)
22:20:42,689 DEBUG TextMessageValidator| Validation successful for JSON entry 'email' (@contains('@qa.ru')@)
22:20:42,689 DEBUG TextMessageValidator| Validation successful for JSON entry 'age' (@isNumber()@)
22:20:42,689 DEBUG TextMessageValidator| Validation successful for JSON entry 'score' (@isNumber()@)
22:20:42,689 DEBUG TextMessageValidator| Validation successful for JSON entry 'name' (@contains('Course mark')@)
22:20:42,689 DEBUG TextMessageValidator| Validation successful for JSON entry 'mark' ({"score":"@isNumber()@","name":"@contains('Course mark')@"})
22:20:42,689 INFO  TextMessageValidator| JSON message validation successful: All values OK
22:20:42,689 INFO  port.LoggingReporter| 
22:20:42,689 DEBUG port.LoggingReporter| TEST STEP 180 SUCCESS
]]></system-out>
  </testcase>
  <testcase name="getUserStubParametrizedTest(int)[91]" classname="citrus.HttpRESTStubTests" time="0.016">
    <system-out><![CDATA[22:20:42,691 INFO  port.LoggingReporter| 
22:20:42,691 INFO  port.LoggingReporter| ------------------------------------------------------------------------
22:20:42,691 DEBUG port.LoggingReporter| STARTING TEST HttpRESTStubTests.getUserStubParametrizedTest <citrus>
22:20:42,691 INFO  port.LoggingReporter| 
22:20:42,691 DEBUG trus.DefaultTestCase| Initializing test case
22:20:42,691 DEBUG trus.DefaultTestCase| Global variables:
22:20:42,691 DEBUG trus.DefaultTestCase| citrus_message_correlator_httpRESTClient = citrus_message_id = 'ad1dba61-05cb-47ae-b09c-8c7a95729d66'
22:20:42,691 DEBUG trus.DefaultTestCase| default.test.author = Unknown
22:20:42,691 DEBUG trus.DefaultTestCase| citrus.test.package = citrus
22:20:42,691 DEBUG trus.DefaultTestCase| citrus.test.name = HttpRESTStubTests.getUserStubParametrizedTest
22:20:42,691 DEBUG trus.DefaultTestCase| project.name = Citrus Integration Tests
22:20:42,691 DEBUG trus.DefaultTestCase| userId = 35
22:20:42,691 DEBUG trus.DefaultTestCase| citrus_message_replyTo_citrus_message_correlator_httpRESTClient = http://localhost:8080/user/get/90
22:20:42,691 DEBUG trus.DefaultTestCase| url = http://localhost:8080/user
22:20:42,691 DEBUG trus.DefaultTestCase| default.test.package = citrus
22:20:42,691 DEBUG  context.TestContext| Setting variable: citrus.test.name with value: 'HttpRESTStubTests.getUserStubParametrizedTest'
22:20:42,691 DEBUG  context.TestContext| Setting variable: citrus.test.package with value: 'citrus'
22:20:42,691 DEBUG trus.DefaultTestCase| Test variables:
22:20:42,691 DEBUG trus.DefaultTestCase| citrus_message_correlator_httpRESTClient = citrus_message_id = 'ad1dba61-05cb-47ae-b09c-8c7a95729d66'
22:20:42,691 DEBUG trus.DefaultTestCase| default.test.author = Unknown
22:20:42,691 DEBUG trus.DefaultTestCase| citrus.test.package = citrus
22:20:42,691 DEBUG trus.DefaultTestCase| citrus.test.name = HttpRESTStubTests.getUserStubParametrizedTest
22:20:42,691 DEBUG trus.DefaultTestCase| project.name = Citrus Integration Tests
22:20:42,691 DEBUG trus.DefaultTestCase| userId = 35
22:20:42,691 DEBUG trus.DefaultTestCase| citrus_message_replyTo_citrus_message_correlator_httpRESTClient = http://localhost:8080/user/get/90
22:20:42,691 DEBUG trus.DefaultTestCase| url = http://localhost:8080/user
22:20:42,691 DEBUG trus.DefaultTestCase| default.test.package = citrus
22:20:42,692 INFO  port.LoggingReporter| 
22:20:42,692 DEBUG port.LoggingReporter| TEST STEP 181: send
22:20:42,692 DEBUG ltCorrelationManager| Saving correlation key for 'citrus_message_correlator_httpRESTClient'
22:20:42,692 DEBUG  context.TestContext| Setting variable: citrus_message_correlator_httpRESTClient with value: 'citrus_message_id = 'ab30612c-5dcf-413a-8d7c-dc9cb8808c51''
22:20:42,692 DEBUG  context.TestContext| Setting variable: citrus_message_replyTo_citrus_message_correlator_httpRESTClient with value: 'http://localhost:8080/user/get/91'
22:20:42,692 INFO     client.HttpClient| Sending HTTP message to: 'http://localhost:8080/user/get/91'
22:20:42,692 DEBUG    client.HttpClient| Message to send:

22:20:42,692 DEBUG aultHttpHeaderMapper| outboundHeaderNames=[Accept, Accept-Charset, Accept-Encoding, Accept-Language, Accept-Ranges, Authorization, Cache-Control, Connection, Content-Length, Content-Type, Cookie, Date, Expect, From, Host, If-Match, If-Modified-Since, If-None-Match, If-Range, If-Unmodified-Since, Max-Forwards, Pragma, Proxy-Authorization, Range, Referer, TE, Upgrade, User-Agent, Via, Warning]
22:20:42,692 DEBUG aultHttpHeaderMapper| headerName=[citrus_message_timestamp] WILL NOT be mapped
22:20:42,692 DEBUG aultHttpHeaderMapper| headerName=[citrus_message_type] WILL NOT be mapped
22:20:42,692 DEBUG aultHttpHeaderMapper| headerName=[citrus_request_path] WILL NOT be mapped
22:20:42,692 DEBUG aultHttpHeaderMapper| headerName=[citrus_http_request_uri] WILL NOT be mapped
22:20:42,692 DEBUG aultHttpHeaderMapper| headerName=[id] WILL NOT be mapped
22:20:42,692 DEBUG aultHttpHeaderMapper| headerName=[citrus_message_id] WILL NOT be mapped
22:20:42,692 DEBUG aultHttpHeaderMapper| headerName=[citrus_http_method] WILL NOT be mapped
22:20:42,692 DEBUG aultHttpHeaderMapper| headerName=[timestamp] WILL NOT be mapped
22:20:42,692 DEBUG  client.RestTemplate| HTTP GET http://localhost:8080/user/get/91
22:20:42,692 DEBUG  client.RestTemplate| Accept=[text/plain, application/json, application/*+json, */*]
22:20:42,692 DEBUG ingClientInterceptor| Sending Http request message
22:20:42,694 DEBUG   Logger.Message_OUT| RAWMESSAGE [id: a6678bd2-af49-4a8e-802c-1c7a806ba59b, payload: GET http://localhost:8080/user/get/91
Accept:text/plain, application/json, application/*+json, */*
Content-Type:application/json;charset=UTF-8
Content-Length:0][headers: {citrus_message_id=a6678bd2-af49-4a8e-802c-1c7a806ba59b, citrus_message_timestamp=1689189642692}]
22:20:42,694 DEBUG ol.RequestAddCookies| CookieSpec selected: default
22:20:42,694 DEBUG col.RequestAuthCache| Auth cache not set in the context
22:20:42,694 DEBUG entConnectionManager| Connection request: [route: {}->http://localhost:8080][total available: 1; route allocated: 1 of 5; total allocated: 1 of 10]
22:20:42,694 DEBUG entConnectionManager| Connection leased: [id: 0][route: {}->http://localhost:8080][total available: 0; route allocated: 1 of 5; total allocated: 1 of 10]
22:20:42,694 DEBUG HttpClientConnection| http-outgoing-0: set socket timeout to 0
22:20:42,694 DEBUG chain.MainClientExec| Executing request GET /user/get/91 HTTP/1.1
22:20:42,694 DEBUG chain.MainClientExec| Target auth state: UNCHALLENGED
22:20:42,694 DEBUG chain.MainClientExec| Proxy auth state: UNCHALLENGED
22:20:42,694 DEBUG         http.headers| http-outgoing-0 >> GET /user/get/91 HTTP/1.1
22:20:42,694 DEBUG         http.headers| http-outgoing-0 >> Accept: text/plain, application/json, application/*+json, */*
22:20:42,694 DEBUG         http.headers| http-outgoing-0 >> Content-Type: application/json;charset=UTF-8
22:20:42,694 DEBUG         http.headers| http-outgoing-0 >> Host: localhost:8080
22:20:42,694 DEBUG         http.headers| http-outgoing-0 >> Connection: Keep-Alive
22:20:42,694 DEBUG         http.headers| http-outgoing-0 >> User-Agent: Apache-HttpClient/4.5.13 (Java/11.0.16)
22:20:42,694 DEBUG         http.headers| http-outgoing-0 >> Accept-Encoding: gzip,deflate
22:20:42,694 DEBUG            http.wire| http-outgoing-0 >> "GET /user/get/91 HTTP/1.1[\r][\n]"
22:20:42,694 DEBUG            http.wire| http-outgoing-0 >> "Accept: text/plain, application/json, application/*+json, */*[\r][\n]"
22:20:42,694 DEBUG            http.wire| http-outgoing-0 >> "Content-Type: application/json;charset=UTF-8[\r][\n]"
22:20:42,694 DEBUG            http.wire| http-outgoing-0 >> "Host: localhost:8080[\r][\n]"
22:20:42,694 DEBUG            http.wire| http-outgoing-0 >> "Connection: Keep-Alive[\r][\n]"
22:20:42,694 DEBUG            http.wire| http-outgoing-0 >> "User-Agent: Apache-HttpClient/4.5.13 (Java/11.0.16)[\r][\n]"
22:20:42,694 DEBUG            http.wire| http-outgoing-0 >> "Accept-Encoding: gzip,deflate[\r][\n]"
22:20:42,694 DEBUG            http.wire| http-outgoing-0 >> "[\r][\n]"
22:20:42,695 DEBUG            http.wire| http-outgoing-0 << "HTTP/1.1 200 [\r][\n]"
22:20:42,695 DEBUG            http.wire| http-outgoing-0 << "Content-Type: application/json[\r][\n]"
22:20:42,695 DEBUG            http.wire| http-outgoing-0 << "Transfer-Encoding: chunked[\r][\n]"
22:20:42,695 DEBUG            http.wire| http-outgoing-0 << "Date: Wed, 12 Jul 2023 19:20:42 GMT[\r][\n]"
22:20:42,695 DEBUG            http.wire| http-outgoing-0 << "Keep-Alive: timeout=60[\r][\n]"
22:20:42,695 DEBUG            http.wire| http-outgoing-0 << "Connection: keep-alive[\r][\n]"
22:20:42,695 DEBUG            http.wire| http-outgoing-0 << "[\r][\n]"
22:20:42,695 DEBUG            http.wire| http-outgoing-0 << "96[\r][\n]"
22:20:42,695 DEBUG            http.wire| http-outgoing-0 << "{"userId":91,"name":"Leatrice Ruecker Jr.","course":"Principal Group Coordinator","email":"91@qa.ru","age":46,"mark":{"name":"Course mark","score":3}}[\r][\n]"
22:20:42,695 DEBUG         http.headers| http-outgoing-0 << HTTP/1.1 200 
22:20:42,695 DEBUG         http.headers| http-outgoing-0 << Content-Type: application/json
22:20:42,695 DEBUG         http.headers| http-outgoing-0 << Transfer-Encoding: chunked
22:20:42,696 DEBUG         http.headers| http-outgoing-0 << Date: Wed, 12 Jul 2023 19:20:42 GMT
22:20:42,696 DEBUG         http.headers| http-outgoing-0 << Keep-Alive: timeout=60
22:20:42,696 DEBUG         http.headers| http-outgoing-0 << Connection: keep-alive
22:20:42,696 DEBUG chain.MainClientExec| Connection can be kept alive for 60000 MILLISECONDS
22:20:42,696 DEBUG            http.wire| http-outgoing-0 << "0[\r][\n]"
22:20:42,696 DEBUG            http.wire| http-outgoing-0 << "[\r][\n]"
22:20:42,696 DEBUG entConnectionManager| Connection [id: 0][route: {}->http://localhost:8080] can be kept alive for 60.0 seconds
22:20:42,696 DEBUG HttpClientConnection| http-outgoing-0: set socket timeout to 0
22:20:42,696 DEBUG entConnectionManager| Connection released: [id: 0][route: {}->http://localhost:8080][total available: 1; route allocated: 1 of 5; total allocated: 1 of 10]
22:20:42,702 DEBUG ingClientInterceptor| Received Http response message
22:20:42,704 DEBUG    Logger.Message_IN| RAWMESSAGE [id: e464cecc-dac2-41fb-b253-d0059695ae4d, payload: HTTP/1.1 200 OK 
Content-Type:application/json
Transfer-Encoding:chunked
Date:Wed, 12 Jul 2023 19:20:42 GMT
Keep-Alive:timeout=60
Connection:keep-alive

{"userId":91,"name":"Leatrice Ruecker Jr.","course":"Principal Group Coordinator","email":"91@qa.ru","age":46,"mark":{"name":"Course mark","score":3}}][headers: {citrus_message_id=e464cecc-dac2-41fb-b253-d0059695ae4d, citrus_message_timestamp=1689189642702}]
22:20:42,704 DEBUG  client.RestTemplate| Response 200 OK
22:20:42,704 DEBUG  client.RestTemplate| Reading to [java.lang.String] as "application/json"
22:20:42,704 INFO     client.HttpClient| HTTP message was sent to endpoint: 'http://localhost:8080/user/get/91'
22:20:42,704 DEBUG aultHttpHeaderMapper| inboundHeaderNames=[Accept-Ranges, Age, Allow, Cache-Control, Connection, Content-Encoding, Content-Language, Content-Length, Content-Location, Content-MD5, Content-Range, Content-Type, Content-Disposition, Transfer-Encoding, Date, ETag, Expires, Last-Modified, Location, Pragma, Proxy-Authenticate, Refresh, Retry-After, Server, Set-Cookie, Trailer, Vary, Via, Warning, WWW-Authenticate]
22:20:42,704 DEBUG aultHttpHeaderMapper| headerName=[content-type] WILL be mapped, matched pattern=content-type
22:20:42,704 DEBUG aultHttpHeaderMapper| setting headerName=[contentType], value=application/json
22:20:42,704 DEBUG aultHttpHeaderMapper| headerName=[transfer-encoding] WILL be mapped, matched pattern=transfer-encoding
22:20:42,704 DEBUG aultHttpHeaderMapper| setting headerName=[Transfer-Encoding], value=[chunked]
22:20:42,704 DEBUG aultHttpHeaderMapper| headerName=[date] WILL be mapped, matched pattern=date
22:20:42,704 DEBUG aultHttpHeaderMapper| setting headerName=[Date], value=1 689 189 642 000
22:20:42,704 DEBUG aultHttpHeaderMapper| headerName=[keep-alive] WILL NOT be mapped
22:20:42,704 DEBUG aultHttpHeaderMapper| headerName=[connection] WILL be mapped, matched pattern=connection
22:20:42,704 DEBUG aultHttpHeaderMapper| setting headerName=[Connection], value=[keep-alive]
22:20:42,704 DEBUG ltCorrelationManager| Saving correlated object for 'citrus_message_id = 'ab30612c-5dcf-413a-8d7c-dc9cb8808c51''
22:20:42,704 INFO  port.LoggingReporter| 
22:20:42,704 DEBUG port.LoggingReporter| TEST STEP 181 SUCCESS
22:20:42,704 INFO  port.LoggingReporter| 
22:20:42,704 DEBUG port.LoggingReporter| TEST STEP 182: receive
22:20:42,704 DEBUG ngCorrelationManager| Get correlation key for 'citrus_message_correlator_httpRESTClient'
22:20:42,704 DEBUG ltCorrelationManager| Finding correlated object for 'citrus_message_id = 'ab30612c-5dcf-413a-8d7c-dc9cb8808c51''
22:20:42,705 DEBUG ageValidatorRegistry| Found 4 message validators for message
22:20:42,705 DEBUG ssageHeaderValidator| Start message header validation ...
22:20:42,705 DEBUG faultHeaderValidator| Validating header element: citrus_http_reason_phrase='OK': OK.
22:20:42,705 DEBUG faultHeaderValidator| Validating header element: citrus_http_status_code='200': OK.
22:20:42,705 INFO  ssageHeaderValidator| Message header validation successful: All values OK
22:20:42,705 DEBUG TextMessageValidator| Start JSON message validation ...
22:20:42,705 DEBUG JsonSchemaValidation| Starting Json schema validation ...
22:20:42,705 INFO  JsonSchemaValidation| Json schema validation successful: All values OK
22:20:42,706 DEBUG TextMessageValidator| Received message:
HTTPMESSAGE [id: 90230a3f-dbc8-4bf2-a786-c254bb77481a, payload: {"userId":91,"name":"Leatrice Ruecker Jr.","course":"Principal Group Coordinator","email":"91@qa.ru","age":46,"mark":{"name":"Course mark","score":3}}][headers: {Transfer-Encoding=chunked, Connection=keep-alive, contentType=application/json, Date=1689189642000, citrus_message_id=90230a3f-dbc8-4bf2-a786-c254bb77481a, citrus_message_timestamp=1689189642704, Keep-Alive=timeout=60, Content-Type=application/json, citrus_http_status_code=200, citrus_http_reason_phrase=OK, citrus_http_version=HTTP/1.1}]
22:20:42,706 DEBUG TextMessageValidator| Control message:
HTTPMESSAGE [id: 372b2586-fd73-4e66-8abd-490ed6f6ae6f, payload: {"userId":91,"email":"@contains('@qa.ru')@","name":"@matches('^[a-zA-Z\\s\\.]*$')@","course":"@matches('^[a-zA-Z\\s]*$')@","age":"@isNumber()@","mark":{"name":"@contains('Course mark')@","score":"@isNumber()@"}}][headers: {citrus_message_id=372b2586-fd73-4e66-8abd-490ed6f6ae6f, citrus_message_timestamp=1689189642704, citrus_http_reason_phrase=OK, citrus_http_status_code=200, citrus_message_type=JSON}]
22:20:42,706 DEBUG TextMessageValidator| Validation successful for JSON entry 'name' (@matches('^[a-zA-Z\s\.]*$')@)
22:20:42,706 DEBUG TextMessageValidator| Validation successful for JSON entry 'course' (@matches('^[a-zA-Z\s]*$')@)
22:20:42,706 DEBUG TextMessageValidator| Validation successful for JSON entry 'userId' (91)
22:20:42,706 DEBUG TextMessageValidator| Validation successful for JSON entry 'email' (@contains('@qa.ru')@)
22:20:42,706 DEBUG TextMessageValidator| Validation successful for JSON entry 'age' (@isNumber()@)
22:20:42,706 DEBUG TextMessageValidator| Validation successful for JSON entry 'score' (@isNumber()@)
22:20:42,706 DEBUG TextMessageValidator| Validation successful for JSON entry 'name' (@contains('Course mark')@)
22:20:42,706 DEBUG TextMessageValidator| Validation successful for JSON entry 'mark' ({"score":"@isNumber()@","name":"@contains('Course mark')@"})
22:20:42,706 INFO  TextMessageValidator| JSON message validation successful: All values OK
22:20:42,706 INFO  port.LoggingReporter| 
22:20:42,706 DEBUG port.LoggingReporter| TEST STEP 182 SUCCESS
]]></system-out>
  </testcase>
  <testcase name="getUserStubParametrizedTest(int)[92]" classname="citrus.HttpRESTStubTests" time="0.009">
    <system-out><![CDATA[22:20:42,708 INFO  port.LoggingReporter| 
22:20:42,708 INFO  port.LoggingReporter| ------------------------------------------------------------------------
22:20:42,708 DEBUG port.LoggingReporter| STARTING TEST HttpRESTStubTests.getUserStubParametrizedTest <citrus>
22:20:42,708 INFO  port.LoggingReporter| 
22:20:42,708 DEBUG trus.DefaultTestCase| Initializing test case
22:20:42,708 DEBUG trus.DefaultTestCase| Global variables:
22:20:42,708 DEBUG trus.DefaultTestCase| citrus_message_correlator_httpRESTClient = citrus_message_id = 'ab30612c-5dcf-413a-8d7c-dc9cb8808c51'
22:20:42,708 DEBUG trus.DefaultTestCase| default.test.author = Unknown
22:20:42,708 DEBUG trus.DefaultTestCase| citrus.test.package = citrus
22:20:42,708 DEBUG trus.DefaultTestCase| citrus.test.name = HttpRESTStubTests.getUserStubParametrizedTest
22:20:42,708 DEBUG trus.DefaultTestCase| project.name = Citrus Integration Tests
22:20:42,708 DEBUG trus.DefaultTestCase| userId = 35
22:20:42,708 DEBUG trus.DefaultTestCase| citrus_message_replyTo_citrus_message_correlator_httpRESTClient = http://localhost:8080/user/get/91
22:20:42,708 DEBUG trus.DefaultTestCase| url = http://localhost:8080/user
22:20:42,708 DEBUG trus.DefaultTestCase| default.test.package = citrus
22:20:42,708 DEBUG  context.TestContext| Setting variable: citrus.test.name with value: 'HttpRESTStubTests.getUserStubParametrizedTest'
22:20:42,709 DEBUG  context.TestContext| Setting variable: citrus.test.package with value: 'citrus'
22:20:42,709 DEBUG trus.DefaultTestCase| Test variables:
22:20:42,709 DEBUG trus.DefaultTestCase| citrus_message_correlator_httpRESTClient = citrus_message_id = 'ab30612c-5dcf-413a-8d7c-dc9cb8808c51'
22:20:42,709 DEBUG trus.DefaultTestCase| default.test.author = Unknown
22:20:42,709 DEBUG trus.DefaultTestCase| citrus.test.package = citrus
22:20:42,709 DEBUG trus.DefaultTestCase| citrus.test.name = HttpRESTStubTests.getUserStubParametrizedTest
22:20:42,709 DEBUG trus.DefaultTestCase| project.name = Citrus Integration Tests
22:20:42,709 DEBUG trus.DefaultTestCase| userId = 35
22:20:42,709 DEBUG trus.DefaultTestCase| citrus_message_replyTo_citrus_message_correlator_httpRESTClient = http://localhost:8080/user/get/91
22:20:42,709 DEBUG trus.DefaultTestCase| url = http://localhost:8080/user
22:20:42,709 DEBUG trus.DefaultTestCase| default.test.package = citrus
22:20:42,709 INFO  port.LoggingReporter| 
22:20:42,709 DEBUG port.LoggingReporter| TEST STEP 183: send
22:20:42,709 DEBUG ltCorrelationManager| Saving correlation key for 'citrus_message_correlator_httpRESTClient'
22:20:42,709 DEBUG  context.TestContext| Setting variable: citrus_message_correlator_httpRESTClient with value: 'citrus_message_id = '3d2f0fbf-1304-44b1-b8a2-f765216e870f''
22:20:42,709 DEBUG  context.TestContext| Setting variable: citrus_message_replyTo_citrus_message_correlator_httpRESTClient with value: 'http://localhost:8080/user/get/92'
22:20:42,709 INFO     client.HttpClient| Sending HTTP message to: 'http://localhost:8080/user/get/92'
22:20:42,709 DEBUG    client.HttpClient| Message to send:

22:20:42,709 DEBUG aultHttpHeaderMapper| outboundHeaderNames=[Accept, Accept-Charset, Accept-Encoding, Accept-Language, Accept-Ranges, Authorization, Cache-Control, Connection, Content-Length, Content-Type, Cookie, Date, Expect, From, Host, If-Match, If-Modified-Since, If-None-Match, If-Range, If-Unmodified-Since, Max-Forwards, Pragma, Proxy-Authorization, Range, Referer, TE, Upgrade, User-Agent, Via, Warning]
22:20:42,709 DEBUG aultHttpHeaderMapper| headerName=[citrus_message_timestamp] WILL NOT be mapped
22:20:42,709 DEBUG aultHttpHeaderMapper| headerName=[citrus_message_type] WILL NOT be mapped
22:20:42,709 DEBUG aultHttpHeaderMapper| headerName=[citrus_request_path] WILL NOT be mapped
22:20:42,709 DEBUG aultHttpHeaderMapper| headerName=[citrus_http_request_uri] WILL NOT be mapped
22:20:42,709 DEBUG aultHttpHeaderMapper| headerName=[id] WILL NOT be mapped
22:20:42,709 DEBUG aultHttpHeaderMapper| headerName=[citrus_message_id] WILL NOT be mapped
22:20:42,709 DEBUG aultHttpHeaderMapper| headerName=[citrus_http_method] WILL NOT be mapped
22:20:42,709 DEBUG aultHttpHeaderMapper| headerName=[timestamp] WILL NOT be mapped
22:20:42,709 DEBUG  client.RestTemplate| HTTP GET http://localhost:8080/user/get/92
22:20:42,709 DEBUG  client.RestTemplate| Accept=[text/plain, application/json, application/*+json, */*]
22:20:42,709 DEBUG ingClientInterceptor| Sending Http request message
22:20:42,711 DEBUG   Logger.Message_OUT| RAWMESSAGE [id: ba2744e8-4e6e-4cf7-81d3-a735d0cd59b3, payload: GET http://localhost:8080/user/get/92
Accept:text/plain, application/json, application/*+json, */*
Content-Type:application/json;charset=UTF-8
Content-Length:0][headers: {citrus_message_id=ba2744e8-4e6e-4cf7-81d3-a735d0cd59b3, citrus_message_timestamp=1689189642709}]
22:20:42,711 DEBUG ol.RequestAddCookies| CookieSpec selected: default
22:20:42,711 DEBUG col.RequestAuthCache| Auth cache not set in the context
22:20:42,711 DEBUG entConnectionManager| Connection request: [route: {}->http://localhost:8080][total available: 1; route allocated: 1 of 5; total allocated: 1 of 10]
22:20:42,711 DEBUG entConnectionManager| Connection leased: [id: 0][route: {}->http://localhost:8080][total available: 0; route allocated: 1 of 5; total allocated: 1 of 10]
22:20:42,711 DEBUG HttpClientConnection| http-outgoing-0: set socket timeout to 0
22:20:42,711 DEBUG chain.MainClientExec| Executing request GET /user/get/92 HTTP/1.1
22:20:42,711 DEBUG chain.MainClientExec| Target auth state: UNCHALLENGED
22:20:42,711 DEBUG chain.MainClientExec| Proxy auth state: UNCHALLENGED
22:20:42,711 DEBUG         http.headers| http-outgoing-0 >> GET /user/get/92 HTTP/1.1
22:20:42,711 DEBUG         http.headers| http-outgoing-0 >> Accept: text/plain, application/json, application/*+json, */*
22:20:42,711 DEBUG         http.headers| http-outgoing-0 >> Content-Type: application/json;charset=UTF-8
22:20:42,711 DEBUG         http.headers| http-outgoing-0 >> Host: localhost:8080
22:20:42,711 DEBUG         http.headers| http-outgoing-0 >> Connection: Keep-Alive
22:20:42,711 DEBUG         http.headers| http-outgoing-0 >> User-Agent: Apache-HttpClient/4.5.13 (Java/11.0.16)
22:20:42,711 DEBUG         http.headers| http-outgoing-0 >> Accept-Encoding: gzip,deflate
22:20:42,711 DEBUG            http.wire| http-outgoing-0 >> "GET /user/get/92 HTTP/1.1[\r][\n]"
22:20:42,711 DEBUG            http.wire| http-outgoing-0 >> "Accept: text/plain, application/json, application/*+json, */*[\r][\n]"
22:20:42,711 DEBUG            http.wire| http-outgoing-0 >> "Content-Type: application/json;charset=UTF-8[\r][\n]"
22:20:42,711 DEBUG            http.wire| http-outgoing-0 >> "Host: localhost:8080[\r][\n]"
22:20:42,711 DEBUG            http.wire| http-outgoing-0 >> "Connection: Keep-Alive[\r][\n]"
22:20:42,711 DEBUG            http.wire| http-outgoing-0 >> "User-Agent: Apache-HttpClient/4.5.13 (Java/11.0.16)[\r][\n]"
22:20:42,711 DEBUG            http.wire| http-outgoing-0 >> "Accept-Encoding: gzip,deflate[\r][\n]"
22:20:42,711 DEBUG            http.wire| http-outgoing-0 >> "[\r][\n]"
22:20:42,712 DEBUG            http.wire| http-outgoing-0 << "HTTP/1.1 200 [\r][\n]"
22:20:42,712 DEBUG            http.wire| http-outgoing-0 << "Content-Type: application/json[\r][\n]"
22:20:42,712 DEBUG            http.wire| http-outgoing-0 << "Transfer-Encoding: chunked[\r][\n]"
22:20:42,712 DEBUG            http.wire| http-outgoing-0 << "Date: Wed, 12 Jul 2023 19:20:42 GMT[\r][\n]"
22:20:42,712 DEBUG            http.wire| http-outgoing-0 << "Keep-Alive: timeout=60[\r][\n]"
22:20:42,712 DEBUG            http.wire| http-outgoing-0 << "Connection: keep-alive[\r][\n]"
22:20:42,712 DEBUG            http.wire| http-outgoing-0 << "[\r][\n]"
22:20:42,712 DEBUG            http.wire| http-outgoing-0 << "90[\r][\n]"
22:20:42,712 DEBUG            http.wire| http-outgoing-0 << "{"userId":92,"name":"Gayle Cronin","course":"Investor Usability Consultant","email":"92@qa.ru","age":91,"mark":{"name":"Course mark","score":5}}[\r][\n]"
22:20:42,712 DEBUG         http.headers| http-outgoing-0 << HTTP/1.1 200 
22:20:42,712 DEBUG         http.headers| http-outgoing-0 << Content-Type: application/json
22:20:42,712 DEBUG         http.headers| http-outgoing-0 << Transfer-Encoding: chunked
22:20:42,712 DEBUG         http.headers| http-outgoing-0 << Date: Wed, 12 Jul 2023 19:20:42 GMT
22:20:42,712 DEBUG         http.headers| http-outgoing-0 << Keep-Alive: timeout=60
22:20:42,712 DEBUG         http.headers| http-outgoing-0 << Connection: keep-alive
22:20:42,712 DEBUG chain.MainClientExec| Connection can be kept alive for 60000 MILLISECONDS
22:20:42,713 DEBUG            http.wire| http-outgoing-0 << "0[\r][\n]"
22:20:42,713 DEBUG            http.wire| http-outgoing-0 << "[\r][\n]"
22:20:42,713 DEBUG entConnectionManager| Connection [id: 0][route: {}->http://localhost:8080] can be kept alive for 60.0 seconds
22:20:42,713 DEBUG HttpClientConnection| http-outgoing-0: set socket timeout to 0
22:20:42,713 DEBUG entConnectionManager| Connection released: [id: 0][route: {}->http://localhost:8080][total available: 1; route allocated: 1 of 5; total allocated: 1 of 10]
22:20:42,713 DEBUG ingClientInterceptor| Received Http response message
22:20:42,714 DEBUG    Logger.Message_IN| RAWMESSAGE [id: 66d77d43-5b2f-4493-ae91-729a15013b6c, payload: HTTP/1.1 200 OK 
Content-Type:application/json
Transfer-Encoding:chunked
Date:Wed, 12 Jul 2023 19:20:42 GMT
Keep-Alive:timeout=60
Connection:keep-alive

{"userId":92,"name":"Gayle Cronin","course":"Investor Usability Consultant","email":"92@qa.ru","age":91,"mark":{"name":"Course mark","score":5}}][headers: {citrus_message_id=66d77d43-5b2f-4493-ae91-729a15013b6c, citrus_message_timestamp=1689189642713}]
22:20:42,714 DEBUG  client.RestTemplate| Response 200 OK
22:20:42,714 DEBUG  client.RestTemplate| Reading to [java.lang.String] as "application/json"
22:20:42,714 INFO     client.HttpClient| HTTP message was sent to endpoint: 'http://localhost:8080/user/get/92'
22:20:42,714 DEBUG aultHttpHeaderMapper| inboundHeaderNames=[Accept-Ranges, Age, Allow, Cache-Control, Connection, Content-Encoding, Content-Language, Content-Length, Content-Location, Content-MD5, Content-Range, Content-Type, Content-Disposition, Transfer-Encoding, Date, ETag, Expires, Last-Modified, Location, Pragma, Proxy-Authenticate, Refresh, Retry-After, Server, Set-Cookie, Trailer, Vary, Via, Warning, WWW-Authenticate]
22:20:42,714 DEBUG aultHttpHeaderMapper| headerName=[content-type] WILL be mapped, matched pattern=content-type
22:20:42,714 DEBUG aultHttpHeaderMapper| setting headerName=[contentType], value=application/json
22:20:42,714 DEBUG aultHttpHeaderMapper| headerName=[transfer-encoding] WILL be mapped, matched pattern=transfer-encoding
22:20:42,714 DEBUG aultHttpHeaderMapper| setting headerName=[Transfer-Encoding], value=[chunked]
22:20:42,714 DEBUG aultHttpHeaderMapper| headerName=[date] WILL be mapped, matched pattern=date
22:20:42,714 DEBUG aultHttpHeaderMapper| setting headerName=[Date], value=1 689 189 642 000
22:20:42,714 DEBUG aultHttpHeaderMapper| headerName=[keep-alive] WILL NOT be mapped
22:20:42,714 DEBUG aultHttpHeaderMapper| headerName=[connection] WILL be mapped, matched pattern=connection
22:20:42,714 DEBUG aultHttpHeaderMapper| setting headerName=[Connection], value=[keep-alive]
22:20:42,714 DEBUG ltCorrelationManager| Saving correlated object for 'citrus_message_id = '3d2f0fbf-1304-44b1-b8a2-f765216e870f''
22:20:42,714 INFO  port.LoggingReporter| 
22:20:42,714 DEBUG port.LoggingReporter| TEST STEP 183 SUCCESS
22:20:42,715 INFO  port.LoggingReporter| 
22:20:42,715 DEBUG port.LoggingReporter| TEST STEP 184: receive
22:20:42,715 DEBUG ngCorrelationManager| Get correlation key for 'citrus_message_correlator_httpRESTClient'
22:20:42,715 DEBUG ltCorrelationManager| Finding correlated object for 'citrus_message_id = '3d2f0fbf-1304-44b1-b8a2-f765216e870f''
22:20:42,716 DEBUG ageValidatorRegistry| Found 4 message validators for message
22:20:42,716 DEBUG ssageHeaderValidator| Start message header validation ...
22:20:42,716 DEBUG faultHeaderValidator| Validating header element: citrus_http_reason_phrase='OK': OK.
22:20:42,716 DEBUG faultHeaderValidator| Validating header element: citrus_http_status_code='200': OK.
22:20:42,716 INFO  ssageHeaderValidator| Message header validation successful: All values OK
22:20:42,716 DEBUG TextMessageValidator| Start JSON message validation ...
22:20:42,716 DEBUG JsonSchemaValidation| Starting Json schema validation ...
22:20:42,716 INFO  JsonSchemaValidation| Json schema validation successful: All values OK
22:20:42,716 DEBUG TextMessageValidator| Received message:
HTTPMESSAGE [id: 00cd2ecb-528e-46f7-97d2-afdbbc31e841, payload: {"userId":92,"name":"Gayle Cronin","course":"Investor Usability Consultant","email":"92@qa.ru","age":91,"mark":{"name":"Course mark","score":5}}][headers: {Transfer-Encoding=chunked, Connection=keep-alive, contentType=application/json, Date=1689189642000, citrus_message_id=00cd2ecb-528e-46f7-97d2-afdbbc31e841, citrus_message_timestamp=1689189642714, Keep-Alive=timeout=60, Content-Type=application/json, citrus_http_status_code=200, citrus_http_reason_phrase=OK, citrus_http_version=HTTP/1.1}]
22:20:42,716 DEBUG TextMessageValidator| Control message:
HTTPMESSAGE [id: 17d0e52a-33b6-4419-ab6f-6196e70a0811, payload: {"userId":92,"email":"@contains('@qa.ru')@","name":"@matches('^[a-zA-Z\\s\\.]*$')@","course":"@matches('^[a-zA-Z\\s]*$')@","age":"@isNumber()@","mark":{"name":"@contains('Course mark')@","score":"@isNumber()@"}}][headers: {citrus_message_id=17d0e52a-33b6-4419-ab6f-6196e70a0811, citrus_message_timestamp=1689189642715, citrus_http_reason_phrase=OK, citrus_http_status_code=200, citrus_message_type=JSON}]
22:20:42,716 DEBUG TextMessageValidator| Validation successful for JSON entry 'name' (@matches('^[a-zA-Z\s\.]*$')@)
22:20:42,716 DEBUG TextMessageValidator| Validation successful for JSON entry 'course' (@matches('^[a-zA-Z\s]*$')@)
22:20:42,716 DEBUG TextMessageValidator| Validation successful for JSON entry 'userId' (92)
22:20:42,716 DEBUG TextMessageValidator| Validation successful for JSON entry 'email' (@contains('@qa.ru')@)
22:20:42,716 DEBUG TextMessageValidator| Validation successful for JSON entry 'age' (@isNumber()@)
22:20:42,716 DEBUG TextMessageValidator| Validation successful for JSON entry 'score' (@isNumber()@)
22:20:42,716 DEBUG TextMessageValidator| Validation successful for JSON entry 'name' (@contains('Course mark')@)
22:20:42,716 DEBUG TextMessageValidator| Validation successful for JSON entry 'mark' ({"score":"@isNumber()@","name":"@contains('Course mark')@"})
22:20:42,716 INFO  TextMessageValidator| JSON message validation successful: All values OK
22:20:42,716 INFO  port.LoggingReporter| 
22:20:42,716 DEBUG port.LoggingReporter| TEST STEP 184 SUCCESS
]]></system-out>
  </testcase>
  <testcase name="getUserStubParametrizedTest(int)[93]" classname="citrus.HttpRESTStubTests" time="0.01">
    <system-out><![CDATA[22:20:42,718 INFO  port.LoggingReporter| 
22:20:42,718 INFO  port.LoggingReporter| ------------------------------------------------------------------------
22:20:42,719 DEBUG port.LoggingReporter| STARTING TEST HttpRESTStubTests.getUserStubParametrizedTest <citrus>
22:20:42,719 INFO  port.LoggingReporter| 
22:20:42,719 DEBUG trus.DefaultTestCase| Initializing test case
22:20:42,719 DEBUG trus.DefaultTestCase| Global variables:
22:20:42,719 DEBUG trus.DefaultTestCase| citrus_message_correlator_httpRESTClient = citrus_message_id = '3d2f0fbf-1304-44b1-b8a2-f765216e870f'
22:20:42,719 DEBUG trus.DefaultTestCase| default.test.author = Unknown
22:20:42,719 DEBUG trus.DefaultTestCase| citrus.test.package = citrus
22:20:42,719 DEBUG trus.DefaultTestCase| citrus.test.name = HttpRESTStubTests.getUserStubParametrizedTest
22:20:42,719 DEBUG trus.DefaultTestCase| project.name = Citrus Integration Tests
22:20:42,719 DEBUG trus.DefaultTestCase| userId = 35
22:20:42,719 DEBUG trus.DefaultTestCase| citrus_message_replyTo_citrus_message_correlator_httpRESTClient = http://localhost:8080/user/get/92
22:20:42,719 DEBUG trus.DefaultTestCase| url = http://localhost:8080/user
22:20:42,719 DEBUG trus.DefaultTestCase| default.test.package = citrus
22:20:42,719 DEBUG  context.TestContext| Setting variable: citrus.test.name with value: 'HttpRESTStubTests.getUserStubParametrizedTest'
22:20:42,719 DEBUG  context.TestContext| Setting variable: citrus.test.package with value: 'citrus'
22:20:42,719 DEBUG trus.DefaultTestCase| Test variables:
22:20:42,719 DEBUG trus.DefaultTestCase| citrus_message_correlator_httpRESTClient = citrus_message_id = '3d2f0fbf-1304-44b1-b8a2-f765216e870f'
22:20:42,719 DEBUG trus.DefaultTestCase| default.test.author = Unknown
22:20:42,719 DEBUG trus.DefaultTestCase| citrus.test.package = citrus
22:20:42,719 DEBUG trus.DefaultTestCase| citrus.test.name = HttpRESTStubTests.getUserStubParametrizedTest
22:20:42,719 DEBUG trus.DefaultTestCase| project.name = Citrus Integration Tests
22:20:42,719 DEBUG trus.DefaultTestCase| userId = 35
22:20:42,719 DEBUG trus.DefaultTestCase| citrus_message_replyTo_citrus_message_correlator_httpRESTClient = http://localhost:8080/user/get/92
22:20:42,719 DEBUG trus.DefaultTestCase| url = http://localhost:8080/user
22:20:42,719 DEBUG trus.DefaultTestCase| default.test.package = citrus
22:20:42,719 INFO  port.LoggingReporter| 
22:20:42,719 DEBUG port.LoggingReporter| TEST STEP 185: send
22:20:42,719 DEBUG ltCorrelationManager| Saving correlation key for 'citrus_message_correlator_httpRESTClient'
22:20:42,719 DEBUG  context.TestContext| Setting variable: citrus_message_correlator_httpRESTClient with value: 'citrus_message_id = 'e64a5e1b-05df-4a83-91fd-e7cdb85826e1''
22:20:42,719 DEBUG  context.TestContext| Setting variable: citrus_message_replyTo_citrus_message_correlator_httpRESTClient with value: 'http://localhost:8080/user/get/93'
22:20:42,719 INFO     client.HttpClient| Sending HTTP message to: 'http://localhost:8080/user/get/93'
22:20:42,719 DEBUG    client.HttpClient| Message to send:

22:20:42,719 DEBUG aultHttpHeaderMapper| outboundHeaderNames=[Accept, Accept-Charset, Accept-Encoding, Accept-Language, Accept-Ranges, Authorization, Cache-Control, Connection, Content-Length, Content-Type, Cookie, Date, Expect, From, Host, If-Match, If-Modified-Since, If-None-Match, If-Range, If-Unmodified-Since, Max-Forwards, Pragma, Proxy-Authorization, Range, Referer, TE, Upgrade, User-Agent, Via, Warning]
22:20:42,719 DEBUG aultHttpHeaderMapper| headerName=[citrus_message_timestamp] WILL NOT be mapped
22:20:42,719 DEBUG aultHttpHeaderMapper| headerName=[citrus_message_type] WILL NOT be mapped
22:20:42,719 DEBUG aultHttpHeaderMapper| headerName=[citrus_request_path] WILL NOT be mapped
22:20:42,719 DEBUG aultHttpHeaderMapper| headerName=[citrus_http_request_uri] WILL NOT be mapped
22:20:42,719 DEBUG aultHttpHeaderMapper| headerName=[id] WILL NOT be mapped
22:20:42,719 DEBUG aultHttpHeaderMapper| headerName=[citrus_message_id] WILL NOT be mapped
22:20:42,719 DEBUG aultHttpHeaderMapper| headerName=[citrus_http_method] WILL NOT be mapped
22:20:42,719 DEBUG aultHttpHeaderMapper| headerName=[timestamp] WILL NOT be mapped
22:20:42,719 DEBUG  client.RestTemplate| HTTP GET http://localhost:8080/user/get/93
22:20:42,719 DEBUG  client.RestTemplate| Accept=[text/plain, application/json, application/*+json, */*]
22:20:42,719 DEBUG ingClientInterceptor| Sending Http request message
22:20:42,721 DEBUG   Logger.Message_OUT| RAWMESSAGE [id: 7a97655d-0efc-4cd0-a6f2-2adf374f3332, payload: GET http://localhost:8080/user/get/93
Accept:text/plain, application/json, application/*+json, */*
Content-Type:application/json;charset=UTF-8
Content-Length:0][headers: {citrus_message_id=7a97655d-0efc-4cd0-a6f2-2adf374f3332, citrus_message_timestamp=1689189642720}]
22:20:42,721 DEBUG ol.RequestAddCookies| CookieSpec selected: default
22:20:42,721 DEBUG col.RequestAuthCache| Auth cache not set in the context
22:20:42,721 DEBUG entConnectionManager| Connection request: [route: {}->http://localhost:8080][total available: 1; route allocated: 1 of 5; total allocated: 1 of 10]
22:20:42,721 DEBUG entConnectionManager| Connection leased: [id: 0][route: {}->http://localhost:8080][total available: 0; route allocated: 1 of 5; total allocated: 1 of 10]
22:20:42,721 DEBUG HttpClientConnection| http-outgoing-0: set socket timeout to 0
22:20:42,721 DEBUG chain.MainClientExec| Executing request GET /user/get/93 HTTP/1.1
22:20:42,721 DEBUG chain.MainClientExec| Target auth state: UNCHALLENGED
22:20:42,721 DEBUG chain.MainClientExec| Proxy auth state: UNCHALLENGED
22:20:42,721 DEBUG         http.headers| http-outgoing-0 >> GET /user/get/93 HTTP/1.1
22:20:42,721 DEBUG         http.headers| http-outgoing-0 >> Accept: text/plain, application/json, application/*+json, */*
22:20:42,721 DEBUG         http.headers| http-outgoing-0 >> Content-Type: application/json;charset=UTF-8
22:20:42,721 DEBUG         http.headers| http-outgoing-0 >> Host: localhost:8080
22:20:42,721 DEBUG         http.headers| http-outgoing-0 >> Connection: Keep-Alive
22:20:42,721 DEBUG         http.headers| http-outgoing-0 >> User-Agent: Apache-HttpClient/4.5.13 (Java/11.0.16)
22:20:42,721 DEBUG         http.headers| http-outgoing-0 >> Accept-Encoding: gzip,deflate
22:20:42,721 DEBUG            http.wire| http-outgoing-0 >> "GET /user/get/93 HTTP/1.1[\r][\n]"
22:20:42,721 DEBUG            http.wire| http-outgoing-0 >> "Accept: text/plain, application/json, application/*+json, */*[\r][\n]"
22:20:42,721 DEBUG            http.wire| http-outgoing-0 >> "Content-Type: application/json;charset=UTF-8[\r][\n]"
22:20:42,721 DEBUG            http.wire| http-outgoing-0 >> "Host: localhost:8080[\r][\n]"
22:20:42,721 DEBUG            http.wire| http-outgoing-0 >> "Connection: Keep-Alive[\r][\n]"
22:20:42,721 DEBUG            http.wire| http-outgoing-0 >> "User-Agent: Apache-HttpClient/4.5.13 (Java/11.0.16)[\r][\n]"
22:20:42,721 DEBUG            http.wire| http-outgoing-0 >> "Accept-Encoding: gzip,deflate[\r][\n]"
22:20:42,721 DEBUG            http.wire| http-outgoing-0 >> "[\r][\n]"
22:20:42,722 DEBUG            http.wire| http-outgoing-0 << "HTTP/1.1 200 [\r][\n]"
22:20:42,722 DEBUG            http.wire| http-outgoing-0 << "Content-Type: application/json[\r][\n]"
22:20:42,722 DEBUG            http.wire| http-outgoing-0 << "Transfer-Encoding: chunked[\r][\n]"
22:20:42,722 DEBUG            http.wire| http-outgoing-0 << "Date: Wed, 12 Jul 2023 19:20:42 GMT[\r][\n]"
22:20:42,722 DEBUG            http.wire| http-outgoing-0 << "Keep-Alive: timeout=60[\r][\n]"
22:20:42,722 DEBUG            http.wire| http-outgoing-0 << "Connection: keep-alive[\r][\n]"
22:20:42,722 DEBUG            http.wire| http-outgoing-0 << "[\r][\n]"
22:20:42,722 DEBUG            http.wire| http-outgoing-0 << "92[\r][\n]"
22:20:42,722 DEBUG            http.wire| http-outgoing-0 << "{"userId":93,"name":"Classie DuBuque","course":"District Brand Administrator","email":"93@qa.ru","age":42,"mark":{"name":"Course mark","score":5}}[\r][\n]"
22:20:42,723 DEBUG         http.headers| http-outgoing-0 << HTTP/1.1 200 
22:20:42,723 DEBUG         http.headers| http-outgoing-0 << Content-Type: application/json
22:20:42,723 DEBUG         http.headers| http-outgoing-0 << Transfer-Encoding: chunked
22:20:42,723 DEBUG         http.headers| http-outgoing-0 << Date: Wed, 12 Jul 2023 19:20:42 GMT
22:20:42,723 DEBUG         http.headers| http-outgoing-0 << Keep-Alive: timeout=60
22:20:42,723 DEBUG         http.headers| http-outgoing-0 << Connection: keep-alive
22:20:42,723 DEBUG chain.MainClientExec| Connection can be kept alive for 60000 MILLISECONDS
22:20:42,723 DEBUG            http.wire| http-outgoing-0 << "0[\r][\n]"
22:20:42,723 DEBUG            http.wire| http-outgoing-0 << "[\r][\n]"
22:20:42,723 DEBUG entConnectionManager| Connection [id: 0][route: {}->http://localhost:8080] can be kept alive for 60.0 seconds
22:20:42,723 DEBUG HttpClientConnection| http-outgoing-0: set socket timeout to 0
22:20:42,723 DEBUG entConnectionManager| Connection released: [id: 0][route: {}->http://localhost:8080][total available: 1; route allocated: 1 of 5; total allocated: 1 of 10]
22:20:42,723 DEBUG ingClientInterceptor| Received Http response message
22:20:42,724 DEBUG    Logger.Message_IN| RAWMESSAGE [id: 07e50718-51ac-4ab0-b62f-29f5450fd5e7, payload: HTTP/1.1 200 OK 
Content-Type:application/json
Transfer-Encoding:chunked
Date:Wed, 12 Jul 2023 19:20:42 GMT
Keep-Alive:timeout=60
Connection:keep-alive

{"userId":93,"name":"Classie DuBuque","course":"District Brand Administrator","email":"93@qa.ru","age":42,"mark":{"name":"Course mark","score":5}}][headers: {citrus_message_id=07e50718-51ac-4ab0-b62f-29f5450fd5e7, citrus_message_timestamp=1689189642723}]
22:20:42,725 DEBUG  client.RestTemplate| Response 200 OK
22:20:42,725 DEBUG  client.RestTemplate| Reading to [java.lang.String] as "application/json"
22:20:42,725 INFO     client.HttpClient| HTTP message was sent to endpoint: 'http://localhost:8080/user/get/93'
22:20:42,725 DEBUG aultHttpHeaderMapper| inboundHeaderNames=[Accept-Ranges, Age, Allow, Cache-Control, Connection, Content-Encoding, Content-Language, Content-Length, Content-Location, Content-MD5, Content-Range, Content-Type, Content-Disposition, Transfer-Encoding, Date, ETag, Expires, Last-Modified, Location, Pragma, Proxy-Authenticate, Refresh, Retry-After, Server, Set-Cookie, Trailer, Vary, Via, Warning, WWW-Authenticate]
22:20:42,725 DEBUG aultHttpHeaderMapper| headerName=[content-type] WILL be mapped, matched pattern=content-type
22:20:42,725 DEBUG aultHttpHeaderMapper| setting headerName=[contentType], value=application/json
22:20:42,725 DEBUG aultHttpHeaderMapper| headerName=[transfer-encoding] WILL be mapped, matched pattern=transfer-encoding
22:20:42,725 DEBUG aultHttpHeaderMapper| setting headerName=[Transfer-Encoding], value=[chunked]
22:20:42,725 DEBUG aultHttpHeaderMapper| headerName=[date] WILL be mapped, matched pattern=date
22:20:42,725 DEBUG aultHttpHeaderMapper| setting headerName=[Date], value=1 689 189 642 000
22:20:42,725 DEBUG aultHttpHeaderMapper| headerName=[keep-alive] WILL NOT be mapped
22:20:42,725 DEBUG aultHttpHeaderMapper| headerName=[connection] WILL be mapped, matched pattern=connection
22:20:42,725 DEBUG aultHttpHeaderMapper| setting headerName=[Connection], value=[keep-alive]
22:20:42,725 DEBUG ltCorrelationManager| Saving correlated object for 'citrus_message_id = 'e64a5e1b-05df-4a83-91fd-e7cdb85826e1''
22:20:42,725 INFO  port.LoggingReporter| 
22:20:42,725 DEBUG port.LoggingReporter| TEST STEP 185 SUCCESS
22:20:42,725 INFO  port.LoggingReporter| 
22:20:42,725 DEBUG port.LoggingReporter| TEST STEP 186: receive
22:20:42,725 DEBUG ngCorrelationManager| Get correlation key for 'citrus_message_correlator_httpRESTClient'
22:20:42,725 DEBUG ltCorrelationManager| Finding correlated object for 'citrus_message_id = 'e64a5e1b-05df-4a83-91fd-e7cdb85826e1''
22:20:42,727 DEBUG ageValidatorRegistry| Found 4 message validators for message
22:20:42,727 DEBUG ssageHeaderValidator| Start message header validation ...
22:20:42,727 DEBUG faultHeaderValidator| Validating header element: citrus_http_reason_phrase='OK': OK.
22:20:42,727 DEBUG faultHeaderValidator| Validating header element: citrus_http_status_code='200': OK.
22:20:42,727 INFO  ssageHeaderValidator| Message header validation successful: All values OK
22:20:42,727 DEBUG TextMessageValidator| Start JSON message validation ...
22:20:42,727 DEBUG JsonSchemaValidation| Starting Json schema validation ...
22:20:42,727 INFO  JsonSchemaValidation| Json schema validation successful: All values OK
22:20:42,727 DEBUG TextMessageValidator| Received message:
HTTPMESSAGE [id: 8726fbb1-7575-4f33-9715-cfd761055138, payload: {"userId":93,"name":"Classie DuBuque","course":"District Brand Administrator","email":"93@qa.ru","age":42,"mark":{"name":"Course mark","score":5}}][headers: {Transfer-Encoding=chunked, Connection=keep-alive, contentType=application/json, Date=1689189642000, citrus_message_id=8726fbb1-7575-4f33-9715-cfd761055138, citrus_message_timestamp=1689189642725, Keep-Alive=timeout=60, Content-Type=application/json, citrus_http_status_code=200, citrus_http_reason_phrase=OK, citrus_http_version=HTTP/1.1}]
22:20:42,727 DEBUG TextMessageValidator| Control message:
HTTPMESSAGE [id: 09dbabfa-aa8b-4eb4-b3c9-7dece7793e49, payload: {"userId":93,"email":"@contains('@qa.ru')@","name":"@matches('^[a-zA-Z\\s\\.]*$')@","course":"@matches('^[a-zA-Z\\s]*$')@","age":"@isNumber()@","mark":{"name":"@contains('Course mark')@","score":"@isNumber()@"}}][headers: {citrus_message_id=09dbabfa-aa8b-4eb4-b3c9-7dece7793e49, citrus_message_timestamp=1689189642725, citrus_http_reason_phrase=OK, citrus_http_status_code=200, citrus_message_type=JSON}]
22:20:42,727 DEBUG TextMessageValidator| Validation successful for JSON entry 'name' (@matches('^[a-zA-Z\s\.]*$')@)
22:20:42,727 DEBUG TextMessageValidator| Validation successful for JSON entry 'course' (@matches('^[a-zA-Z\s]*$')@)
22:20:42,727 DEBUG TextMessageValidator| Validation successful for JSON entry 'userId' (93)
22:20:42,727 DEBUG TextMessageValidator| Validation successful for JSON entry 'email' (@contains('@qa.ru')@)
22:20:42,727 DEBUG TextMessageValidator| Validation successful for JSON entry 'age' (@isNumber()@)
22:20:42,727 DEBUG TextMessageValidator| Validation successful for JSON entry 'score' (@isNumber()@)
22:20:42,727 DEBUG TextMessageValidator| Validation successful for JSON entry 'name' (@contains('Course mark')@)
22:20:42,727 DEBUG TextMessageValidator| Validation successful for JSON entry 'mark' ({"score":"@isNumber()@","name":"@contains('Course mark')@"})
22:20:42,727 INFO  TextMessageValidator| JSON message validation successful: All values OK
22:20:42,727 INFO  port.LoggingReporter| 
22:20:42,727 DEBUG port.LoggingReporter| TEST STEP 186 SUCCESS
]]></system-out>
  </testcase>
  <testcase name="getUserStubParametrizedTest(int)[94]" classname="citrus.HttpRESTStubTests" time="0.009">
    <system-out><![CDATA[22:20:42,730 INFO  port.LoggingReporter| 
22:20:42,730 INFO  port.LoggingReporter| ------------------------------------------------------------------------
22:20:42,730 DEBUG port.LoggingReporter| STARTING TEST HttpRESTStubTests.getUserStubParametrizedTest <citrus>
22:20:42,730 INFO  port.LoggingReporter| 
22:20:42,730 DEBUG trus.DefaultTestCase| Initializing test case
22:20:42,730 DEBUG trus.DefaultTestCase| Global variables:
22:20:42,730 DEBUG trus.DefaultTestCase| citrus_message_correlator_httpRESTClient = citrus_message_id = 'e64a5e1b-05df-4a83-91fd-e7cdb85826e1'
22:20:42,730 DEBUG trus.DefaultTestCase| default.test.author = Unknown
22:20:42,730 DEBUG trus.DefaultTestCase| citrus.test.package = citrus
22:20:42,730 DEBUG trus.DefaultTestCase| citrus.test.name = HttpRESTStubTests.getUserStubParametrizedTest
22:20:42,730 DEBUG trus.DefaultTestCase| project.name = Citrus Integration Tests
22:20:42,730 DEBUG trus.DefaultTestCase| userId = 35
22:20:42,730 DEBUG trus.DefaultTestCase| citrus_message_replyTo_citrus_message_correlator_httpRESTClient = http://localhost:8080/user/get/93
22:20:42,730 DEBUG trus.DefaultTestCase| url = http://localhost:8080/user
22:20:42,730 DEBUG trus.DefaultTestCase| default.test.package = citrus
22:20:42,730 DEBUG  context.TestContext| Setting variable: citrus.test.name with value: 'HttpRESTStubTests.getUserStubParametrizedTest'
22:20:42,730 DEBUG  context.TestContext| Setting variable: citrus.test.package with value: 'citrus'
22:20:42,730 DEBUG trus.DefaultTestCase| Test variables:
22:20:42,730 DEBUG trus.DefaultTestCase| citrus_message_correlator_httpRESTClient = citrus_message_id = 'e64a5e1b-05df-4a83-91fd-e7cdb85826e1'
22:20:42,730 DEBUG trus.DefaultTestCase| default.test.author = Unknown
22:20:42,730 DEBUG trus.DefaultTestCase| citrus.test.package = citrus
22:20:42,730 DEBUG trus.DefaultTestCase| citrus.test.name = HttpRESTStubTests.getUserStubParametrizedTest
22:20:42,730 DEBUG trus.DefaultTestCase| project.name = Citrus Integration Tests
22:20:42,730 DEBUG trus.DefaultTestCase| userId = 35
22:20:42,730 DEBUG trus.DefaultTestCase| citrus_message_replyTo_citrus_message_correlator_httpRESTClient = http://localhost:8080/user/get/93
22:20:42,730 DEBUG trus.DefaultTestCase| url = http://localhost:8080/user
22:20:42,730 DEBUG trus.DefaultTestCase| default.test.package = citrus
22:20:42,730 INFO  port.LoggingReporter| 
22:20:42,730 DEBUG port.LoggingReporter| TEST STEP 187: send
22:20:42,730 DEBUG ltCorrelationManager| Saving correlation key for 'citrus_message_correlator_httpRESTClient'
22:20:42,730 DEBUG  context.TestContext| Setting variable: citrus_message_correlator_httpRESTClient with value: 'citrus_message_id = '63b2ee89-c3a0-4185-b74d-e98e512bb431''
22:20:42,730 DEBUG  context.TestContext| Setting variable: citrus_message_replyTo_citrus_message_correlator_httpRESTClient with value: 'http://localhost:8080/user/get/94'
22:20:42,730 INFO     client.HttpClient| Sending HTTP message to: 'http://localhost:8080/user/get/94'
22:20:42,730 DEBUG    client.HttpClient| Message to send:

22:20:42,730 DEBUG aultHttpHeaderMapper| outboundHeaderNames=[Accept, Accept-Charset, Accept-Encoding, Accept-Language, Accept-Ranges, Authorization, Cache-Control, Connection, Content-Length, Content-Type, Cookie, Date, Expect, From, Host, If-Match, If-Modified-Since, If-None-Match, If-Range, If-Unmodified-Since, Max-Forwards, Pragma, Proxy-Authorization, Range, Referer, TE, Upgrade, User-Agent, Via, Warning]
22:20:42,730 DEBUG aultHttpHeaderMapper| headerName=[citrus_message_timestamp] WILL NOT be mapped
22:20:42,730 DEBUG aultHttpHeaderMapper| headerName=[citrus_message_type] WILL NOT be mapped
22:20:42,730 DEBUG aultHttpHeaderMapper| headerName=[citrus_request_path] WILL NOT be mapped
22:20:42,730 DEBUG aultHttpHeaderMapper| headerName=[citrus_http_request_uri] WILL NOT be mapped
22:20:42,730 DEBUG aultHttpHeaderMapper| headerName=[id] WILL NOT be mapped
22:20:42,730 DEBUG aultHttpHeaderMapper| headerName=[citrus_message_id] WILL NOT be mapped
22:20:42,730 DEBUG aultHttpHeaderMapper| headerName=[citrus_http_method] WILL NOT be mapped
22:20:42,730 DEBUG aultHttpHeaderMapper| headerName=[timestamp] WILL NOT be mapped
22:20:42,730 DEBUG  client.RestTemplate| HTTP GET http://localhost:8080/user/get/94
22:20:42,731 DEBUG  client.RestTemplate| Accept=[text/plain, application/json, application/*+json, */*]
22:20:42,731 DEBUG ingClientInterceptor| Sending Http request message
22:20:42,732 DEBUG   Logger.Message_OUT| RAWMESSAGE [id: 6748f8a2-2bc7-4ed2-a101-22867004874a, payload: GET http://localhost:8080/user/get/94
Accept:text/plain, application/json, application/*+json, */*
Content-Type:application/json;charset=UTF-8
Content-Length:0][headers: {citrus_message_id=6748f8a2-2bc7-4ed2-a101-22867004874a, citrus_message_timestamp=1689189642731}]
22:20:42,732 DEBUG ol.RequestAddCookies| CookieSpec selected: default
22:20:42,732 DEBUG col.RequestAuthCache| Auth cache not set in the context
22:20:42,732 DEBUG entConnectionManager| Connection request: [route: {}->http://localhost:8080][total available: 1; route allocated: 1 of 5; total allocated: 1 of 10]
22:20:42,732 DEBUG entConnectionManager| Connection leased: [id: 0][route: {}->http://localhost:8080][total available: 0; route allocated: 1 of 5; total allocated: 1 of 10]
22:20:42,732 DEBUG HttpClientConnection| http-outgoing-0: set socket timeout to 0
22:20:42,732 DEBUG chain.MainClientExec| Executing request GET /user/get/94 HTTP/1.1
22:20:42,732 DEBUG chain.MainClientExec| Target auth state: UNCHALLENGED
22:20:42,732 DEBUG chain.MainClientExec| Proxy auth state: UNCHALLENGED
22:20:42,732 DEBUG         http.headers| http-outgoing-0 >> GET /user/get/94 HTTP/1.1
22:20:42,732 DEBUG         http.headers| http-outgoing-0 >> Accept: text/plain, application/json, application/*+json, */*
22:20:42,732 DEBUG         http.headers| http-outgoing-0 >> Content-Type: application/json;charset=UTF-8
22:20:42,732 DEBUG         http.headers| http-outgoing-0 >> Host: localhost:8080
22:20:42,732 DEBUG         http.headers| http-outgoing-0 >> Connection: Keep-Alive
22:20:42,732 DEBUG         http.headers| http-outgoing-0 >> User-Agent: Apache-HttpClient/4.5.13 (Java/11.0.16)
22:20:42,732 DEBUG         http.headers| http-outgoing-0 >> Accept-Encoding: gzip,deflate
22:20:42,732 DEBUG            http.wire| http-outgoing-0 >> "GET /user/get/94 HTTP/1.1[\r][\n]"
22:20:42,732 DEBUG            http.wire| http-outgoing-0 >> "Accept: text/plain, application/json, application/*+json, */*[\r][\n]"
22:20:42,732 DEBUG            http.wire| http-outgoing-0 >> "Content-Type: application/json;charset=UTF-8[\r][\n]"
22:20:42,732 DEBUG            http.wire| http-outgoing-0 >> "Host: localhost:8080[\r][\n]"
22:20:42,732 DEBUG            http.wire| http-outgoing-0 >> "Connection: Keep-Alive[\r][\n]"
22:20:42,732 DEBUG            http.wire| http-outgoing-0 >> "User-Agent: Apache-HttpClient/4.5.13 (Java/11.0.16)[\r][\n]"
22:20:42,732 DEBUG            http.wire| http-outgoing-0 >> "Accept-Encoding: gzip,deflate[\r][\n]"
22:20:42,732 DEBUG            http.wire| http-outgoing-0 >> "[\r][\n]"
22:20:42,733 DEBUG            http.wire| http-outgoing-0 << "HTTP/1.1 200 [\r][\n]"
22:20:42,733 DEBUG            http.wire| http-outgoing-0 << "Content-Type: application/json[\r][\n]"
22:20:42,733 DEBUG            http.wire| http-outgoing-0 << "Transfer-Encoding: chunked[\r][\n]"
22:20:42,733 DEBUG            http.wire| http-outgoing-0 << "Date: Wed, 12 Jul 2023 19:20:42 GMT[\r][\n]"
22:20:42,733 DEBUG            http.wire| http-outgoing-0 << "Keep-Alive: timeout=60[\r][\n]"
22:20:42,733 DEBUG            http.wire| http-outgoing-0 << "Connection: keep-alive[\r][\n]"
22:20:42,733 DEBUG            http.wire| http-outgoing-0 << "[\r][\n]"
22:20:42,733 DEBUG            http.wire| http-outgoing-0 << "91[\r][\n]"
22:20:42,733 DEBUG            http.wire| http-outgoing-0 << "{"userId":94,"name":"Alexis Steuber","course":"Corporate Metrics Consultant","email":"94@qa.ru","age":62,"mark":{"name":"Course mark","score":5}}[\r][\n]"
22:20:42,733 DEBUG         http.headers| http-outgoing-0 << HTTP/1.1 200 
22:20:42,733 DEBUG         http.headers| http-outgoing-0 << Content-Type: application/json
22:20:42,733 DEBUG         http.headers| http-outgoing-0 << Transfer-Encoding: chunked
22:20:42,733 DEBUG         http.headers| http-outgoing-0 << Date: Wed, 12 Jul 2023 19:20:42 GMT
22:20:42,733 DEBUG         http.headers| http-outgoing-0 << Keep-Alive: timeout=60
22:20:42,733 DEBUG         http.headers| http-outgoing-0 << Connection: keep-alive
22:20:42,733 DEBUG chain.MainClientExec| Connection can be kept alive for 60000 MILLISECONDS
22:20:42,734 DEBUG            http.wire| http-outgoing-0 << "0[\r][\n]"
22:20:42,734 DEBUG            http.wire| http-outgoing-0 << "[\r][\n]"
22:20:42,734 DEBUG entConnectionManager| Connection [id: 0][route: {}->http://localhost:8080] can be kept alive for 60.0 seconds
22:20:42,734 DEBUG HttpClientConnection| http-outgoing-0: set socket timeout to 0
22:20:42,734 DEBUG entConnectionManager| Connection released: [id: 0][route: {}->http://localhost:8080][total available: 1; route allocated: 1 of 5; total allocated: 1 of 10]
22:20:42,734 DEBUG ingClientInterceptor| Received Http response message
22:20:42,735 DEBUG    Logger.Message_IN| RAWMESSAGE [id: 72abf750-9bba-40da-965b-37ee4f9e8ab1, payload: HTTP/1.1 200 OK 
Content-Type:application/json
Transfer-Encoding:chunked
Date:Wed, 12 Jul 2023 19:20:42 GMT
Keep-Alive:timeout=60
Connection:keep-alive

{"userId":94,"name":"Alexis Steuber","course":"Corporate Metrics Consultant","email":"94@qa.ru","age":62,"mark":{"name":"Course mark","score":5}}][headers: {citrus_message_id=72abf750-9bba-40da-965b-37ee4f9e8ab1, citrus_message_timestamp=1689189642734}]
22:20:42,735 DEBUG  client.RestTemplate| Response 200 OK
22:20:42,735 DEBUG  client.RestTemplate| Reading to [java.lang.String] as "application/json"
22:20:42,735 INFO     client.HttpClient| HTTP message was sent to endpoint: 'http://localhost:8080/user/get/94'
22:20:42,735 DEBUG aultHttpHeaderMapper| inboundHeaderNames=[Accept-Ranges, Age, Allow, Cache-Control, Connection, Content-Encoding, Content-Language, Content-Length, Content-Location, Content-MD5, Content-Range, Content-Type, Content-Disposition, Transfer-Encoding, Date, ETag, Expires, Last-Modified, Location, Pragma, Proxy-Authenticate, Refresh, Retry-After, Server, Set-Cookie, Trailer, Vary, Via, Warning, WWW-Authenticate]
22:20:42,735 DEBUG aultHttpHeaderMapper| headerName=[content-type] WILL be mapped, matched pattern=content-type
22:20:42,735 DEBUG aultHttpHeaderMapper| setting headerName=[contentType], value=application/json
22:20:42,735 DEBUG aultHttpHeaderMapper| headerName=[transfer-encoding] WILL be mapped, matched pattern=transfer-encoding
22:20:42,735 DEBUG aultHttpHeaderMapper| setting headerName=[Transfer-Encoding], value=[chunked]
22:20:42,735 DEBUG aultHttpHeaderMapper| headerName=[date] WILL be mapped, matched pattern=date
22:20:42,735 DEBUG aultHttpHeaderMapper| setting headerName=[Date], value=1 689 189 642 000
22:20:42,735 DEBUG aultHttpHeaderMapper| headerName=[keep-alive] WILL NOT be mapped
22:20:42,735 DEBUG aultHttpHeaderMapper| headerName=[connection] WILL be mapped, matched pattern=connection
22:20:42,735 DEBUG aultHttpHeaderMapper| setting headerName=[Connection], value=[keep-alive]
22:20:42,736 DEBUG ltCorrelationManager| Saving correlated object for 'citrus_message_id = '63b2ee89-c3a0-4185-b74d-e98e512bb431''
22:20:42,736 INFO  port.LoggingReporter| 
22:20:42,736 DEBUG port.LoggingReporter| TEST STEP 187 SUCCESS
22:20:42,736 INFO  port.LoggingReporter| 
22:20:42,736 DEBUG port.LoggingReporter| TEST STEP 188: receive
22:20:42,736 DEBUG ngCorrelationManager| Get correlation key for 'citrus_message_correlator_httpRESTClient'
22:20:42,736 DEBUG ltCorrelationManager| Finding correlated object for 'citrus_message_id = '63b2ee89-c3a0-4185-b74d-e98e512bb431''
22:20:42,736 DEBUG ageValidatorRegistry| Found 4 message validators for message
22:20:42,736 DEBUG ssageHeaderValidator| Start message header validation ...
22:20:42,737 DEBUG faultHeaderValidator| Validating header element: citrus_http_reason_phrase='OK': OK.
22:20:42,737 DEBUG faultHeaderValidator| Validating header element: citrus_http_status_code='200': OK.
22:20:42,737 INFO  ssageHeaderValidator| Message header validation successful: All values OK
22:20:42,737 DEBUG TextMessageValidator| Start JSON message validation ...
22:20:42,737 DEBUG JsonSchemaValidation| Starting Json schema validation ...
22:20:42,737 INFO  JsonSchemaValidation| Json schema validation successful: All values OK
22:20:42,737 DEBUG TextMessageValidator| Received message:
HTTPMESSAGE [id: db2eb2af-ffa3-4711-b56f-2debf9e39756, payload: {"userId":94,"name":"Alexis Steuber","course":"Corporate Metrics Consultant","email":"94@qa.ru","age":62,"mark":{"name":"Course mark","score":5}}][headers: {Transfer-Encoding=chunked, Connection=keep-alive, contentType=application/json, Date=1689189642000, citrus_message_id=db2eb2af-ffa3-4711-b56f-2debf9e39756, citrus_message_timestamp=1689189642736, Keep-Alive=timeout=60, Content-Type=application/json, citrus_http_status_code=200, citrus_http_reason_phrase=OK, citrus_http_version=HTTP/1.1}]
22:20:42,737 DEBUG TextMessageValidator| Control message:
HTTPMESSAGE [id: db837428-3de8-4580-828d-a6ec901beec2, payload: {"userId":94,"email":"@contains('@qa.ru')@","name":"@matches('^[a-zA-Z\\s\\.]*$')@","course":"@matches('^[a-zA-Z\\s]*$')@","age":"@isNumber()@","mark":{"name":"@contains('Course mark')@","score":"@isNumber()@"}}][headers: {citrus_message_id=db837428-3de8-4580-828d-a6ec901beec2, citrus_message_timestamp=1689189642736, citrus_http_reason_phrase=OK, citrus_http_status_code=200, citrus_message_type=JSON}]
22:20:42,737 DEBUG TextMessageValidator| Validation successful for JSON entry 'name' (@matches('^[a-zA-Z\s\.]*$')@)
22:20:42,737 DEBUG TextMessageValidator| Validation successful for JSON entry 'course' (@matches('^[a-zA-Z\s]*$')@)
22:20:42,737 DEBUG TextMessageValidator| Validation successful for JSON entry 'userId' (94)
22:20:42,737 DEBUG TextMessageValidator| Validation successful for JSON entry 'email' (@contains('@qa.ru')@)
22:20:42,737 DEBUG TextMessageValidator| Validation successful for JSON entry 'age' (@isNumber()@)
22:20:42,737 DEBUG TextMessageValidator| Validation successful for JSON entry 'score' (@isNumber()@)
22:20:42,737 DEBUG TextMessageValidator| Validation successful for JSON entry 'name' (@contains('Course mark')@)
22:20:42,737 DEBUG TextMessageValidator| Validation successful for JSON entry 'mark' ({"score":"@isNumber()@","name":"@contains('Course mark')@"})
22:20:42,737 INFO  TextMessageValidator| JSON message validation successful: All values OK
22:20:42,737 INFO  port.LoggingReporter| 
22:20:42,737 DEBUG port.LoggingReporter| TEST STEP 188 SUCCESS
]]></system-out>
  </testcase>
  <testcase name="getUserStubParametrizedTest(int)[95]" classname="citrus.HttpRESTStubTests" time="0.009">
    <system-out><![CDATA[22:20:42,739 INFO  port.LoggingReporter| 
22:20:42,739 INFO  port.LoggingReporter| ------------------------------------------------------------------------
22:20:42,739 DEBUG port.LoggingReporter| STARTING TEST HttpRESTStubTests.getUserStubParametrizedTest <citrus>
22:20:42,739 INFO  port.LoggingReporter| 
22:20:42,739 DEBUG trus.DefaultTestCase| Initializing test case
22:20:42,739 DEBUG trus.DefaultTestCase| Global variables:
22:20:42,739 DEBUG trus.DefaultTestCase| citrus_message_correlator_httpRESTClient = citrus_message_id = '63b2ee89-c3a0-4185-b74d-e98e512bb431'
22:20:42,739 DEBUG trus.DefaultTestCase| default.test.author = Unknown
22:20:42,739 DEBUG trus.DefaultTestCase| citrus.test.package = citrus
22:20:42,739 DEBUG trus.DefaultTestCase| citrus.test.name = HttpRESTStubTests.getUserStubParametrizedTest
22:20:42,739 DEBUG trus.DefaultTestCase| project.name = Citrus Integration Tests
22:20:42,739 DEBUG trus.DefaultTestCase| userId = 35
22:20:42,739 DEBUG trus.DefaultTestCase| citrus_message_replyTo_citrus_message_correlator_httpRESTClient = http://localhost:8080/user/get/94
22:20:42,739 DEBUG trus.DefaultTestCase| url = http://localhost:8080/user
22:20:42,739 DEBUG trus.DefaultTestCase| default.test.package = citrus
22:20:42,739 DEBUG  context.TestContext| Setting variable: citrus.test.name with value: 'HttpRESTStubTests.getUserStubParametrizedTest'
22:20:42,739 DEBUG  context.TestContext| Setting variable: citrus.test.package with value: 'citrus'
22:20:42,739 DEBUG trus.DefaultTestCase| Test variables:
22:20:42,739 DEBUG trus.DefaultTestCase| citrus_message_correlator_httpRESTClient = citrus_message_id = '63b2ee89-c3a0-4185-b74d-e98e512bb431'
22:20:42,739 DEBUG trus.DefaultTestCase| default.test.author = Unknown
22:20:42,739 DEBUG trus.DefaultTestCase| citrus.test.package = citrus
22:20:42,739 DEBUG trus.DefaultTestCase| citrus.test.name = HttpRESTStubTests.getUserStubParametrizedTest
22:20:42,739 DEBUG trus.DefaultTestCase| project.name = Citrus Integration Tests
22:20:42,739 DEBUG trus.DefaultTestCase| userId = 35
22:20:42,739 DEBUG trus.DefaultTestCase| citrus_message_replyTo_citrus_message_correlator_httpRESTClient = http://localhost:8080/user/get/94
22:20:42,739 DEBUG trus.DefaultTestCase| url = http://localhost:8080/user
22:20:42,739 DEBUG trus.DefaultTestCase| default.test.package = citrus
22:20:42,740 INFO  port.LoggingReporter| 
22:20:42,740 DEBUG port.LoggingReporter| TEST STEP 189: send
22:20:42,740 DEBUG ltCorrelationManager| Saving correlation key for 'citrus_message_correlator_httpRESTClient'
22:20:42,740 DEBUG  context.TestContext| Setting variable: citrus_message_correlator_httpRESTClient with value: 'citrus_message_id = '364ccabd-cfe7-4f7a-8e9d-6dd381a3ffab''
22:20:42,740 DEBUG  context.TestContext| Setting variable: citrus_message_replyTo_citrus_message_correlator_httpRESTClient with value: 'http://localhost:8080/user/get/95'
22:20:42,740 INFO     client.HttpClient| Sending HTTP message to: 'http://localhost:8080/user/get/95'
22:20:42,740 DEBUG    client.HttpClient| Message to send:

22:20:42,740 DEBUG aultHttpHeaderMapper| outboundHeaderNames=[Accept, Accept-Charset, Accept-Encoding, Accept-Language, Accept-Ranges, Authorization, Cache-Control, Connection, Content-Length, Content-Type, Cookie, Date, Expect, From, Host, If-Match, If-Modified-Since, If-None-Match, If-Range, If-Unmodified-Since, Max-Forwards, Pragma, Proxy-Authorization, Range, Referer, TE, Upgrade, User-Agent, Via, Warning]
22:20:42,740 DEBUG aultHttpHeaderMapper| headerName=[citrus_message_timestamp] WILL NOT be mapped
22:20:42,740 DEBUG aultHttpHeaderMapper| headerName=[citrus_message_type] WILL NOT be mapped
22:20:42,740 DEBUG aultHttpHeaderMapper| headerName=[citrus_request_path] WILL NOT be mapped
22:20:42,740 DEBUG aultHttpHeaderMapper| headerName=[citrus_http_request_uri] WILL NOT be mapped
22:20:42,740 DEBUG aultHttpHeaderMapper| headerName=[id] WILL NOT be mapped
22:20:42,740 DEBUG aultHttpHeaderMapper| headerName=[citrus_message_id] WILL NOT be mapped
22:20:42,740 DEBUG aultHttpHeaderMapper| headerName=[citrus_http_method] WILL NOT be mapped
22:20:42,740 DEBUG aultHttpHeaderMapper| headerName=[timestamp] WILL NOT be mapped
22:20:42,740 DEBUG  client.RestTemplate| HTTP GET http://localhost:8080/user/get/95
22:20:42,740 DEBUG  client.RestTemplate| Accept=[text/plain, application/json, application/*+json, */*]
22:20:42,740 DEBUG ingClientInterceptor| Sending Http request message
22:20:42,742 DEBUG   Logger.Message_OUT| RAWMESSAGE [id: 5be8ed39-c733-4801-b3a5-e56c0a878308, payload: GET http://localhost:8080/user/get/95
Accept:text/plain, application/json, application/*+json, */*
Content-Type:application/json;charset=UTF-8
Content-Length:0][headers: {citrus_message_id=5be8ed39-c733-4801-b3a5-e56c0a878308, citrus_message_timestamp=1689189642740}]
22:20:42,742 DEBUG ol.RequestAddCookies| CookieSpec selected: default
22:20:42,742 DEBUG col.RequestAuthCache| Auth cache not set in the context
22:20:42,742 DEBUG entConnectionManager| Connection request: [route: {}->http://localhost:8080][total available: 1; route allocated: 1 of 5; total allocated: 1 of 10]
22:20:42,743 DEBUG entConnectionManager| Connection leased: [id: 0][route: {}->http://localhost:8080][total available: 0; route allocated: 1 of 5; total allocated: 1 of 10]
22:20:42,743 DEBUG HttpClientConnection| http-outgoing-0: set socket timeout to 0
22:20:42,743 DEBUG chain.MainClientExec| Executing request GET /user/get/95 HTTP/1.1
22:20:42,743 DEBUG chain.MainClientExec| Target auth state: UNCHALLENGED
22:20:42,743 DEBUG chain.MainClientExec| Proxy auth state: UNCHALLENGED
22:20:42,743 DEBUG         http.headers| http-outgoing-0 >> GET /user/get/95 HTTP/1.1
22:20:42,743 DEBUG         http.headers| http-outgoing-0 >> Accept: text/plain, application/json, application/*+json, */*
22:20:42,743 DEBUG         http.headers| http-outgoing-0 >> Content-Type: application/json;charset=UTF-8
22:20:42,743 DEBUG         http.headers| http-outgoing-0 >> Host: localhost:8080
22:20:42,743 DEBUG         http.headers| http-outgoing-0 >> Connection: Keep-Alive
22:20:42,743 DEBUG         http.headers| http-outgoing-0 >> User-Agent: Apache-HttpClient/4.5.13 (Java/11.0.16)
22:20:42,743 DEBUG         http.headers| http-outgoing-0 >> Accept-Encoding: gzip,deflate
22:20:42,743 DEBUG            http.wire| http-outgoing-0 >> "GET /user/get/95 HTTP/1.1[\r][\n]"
22:20:42,743 DEBUG            http.wire| http-outgoing-0 >> "Accept: text/plain, application/json, application/*+json, */*[\r][\n]"
22:20:42,743 DEBUG            http.wire| http-outgoing-0 >> "Content-Type: application/json;charset=UTF-8[\r][\n]"
22:20:42,743 DEBUG            http.wire| http-outgoing-0 >> "Host: localhost:8080[\r][\n]"
22:20:42,743 DEBUG            http.wire| http-outgoing-0 >> "Connection: Keep-Alive[\r][\n]"
22:20:42,743 DEBUG            http.wire| http-outgoing-0 >> "User-Agent: Apache-HttpClient/4.5.13 (Java/11.0.16)[\r][\n]"
22:20:42,743 DEBUG            http.wire| http-outgoing-0 >> "Accept-Encoding: gzip,deflate[\r][\n]"
22:20:42,743 DEBUG            http.wire| http-outgoing-0 >> "[\r][\n]"
22:20:42,744 DEBUG            http.wire| http-outgoing-0 << "HTTP/1.1 200 [\r][\n]"
22:20:42,744 DEBUG            http.wire| http-outgoing-0 << "Content-Type: application/json[\r][\n]"
22:20:42,744 DEBUG            http.wire| http-outgoing-0 << "Transfer-Encoding: chunked[\r][\n]"
22:20:42,744 DEBUG            http.wire| http-outgoing-0 << "Date: Wed, 12 Jul 2023 19:20:42 GMT[\r][\n]"
22:20:42,744 DEBUG            http.wire| http-outgoing-0 << "Keep-Alive: timeout=60[\r][\n]"
22:20:42,744 DEBUG            http.wire| http-outgoing-0 << "Connection: keep-alive[\r][\n]"
22:20:42,744 DEBUG            http.wire| http-outgoing-0 << "[\r][\n]"
22:20:42,744 DEBUG            http.wire| http-outgoing-0 << "99[\r][\n]"
22:20:42,744 DEBUG            http.wire| http-outgoing-0 << "{"userId":95,"name":"Michelina Hartmann","course":"District Usability Administrator","email":"95@qa.ru","age":45,"mark":{"name":"Course mark","score":9}}[\r][\n]"
22:20:42,744 DEBUG         http.headers| http-outgoing-0 << HTTP/1.1 200 
22:20:42,744 DEBUG         http.headers| http-outgoing-0 << Content-Type: application/json
22:20:42,744 DEBUG         http.headers| http-outgoing-0 << Transfer-Encoding: chunked
22:20:42,744 DEBUG         http.headers| http-outgoing-0 << Date: Wed, 12 Jul 2023 19:20:42 GMT
22:20:42,744 DEBUG         http.headers| http-outgoing-0 << Keep-Alive: timeout=60
22:20:42,744 DEBUG         http.headers| http-outgoing-0 << Connection: keep-alive
22:20:42,744 DEBUG chain.MainClientExec| Connection can be kept alive for 60000 MILLISECONDS
22:20:42,744 DEBUG            http.wire| http-outgoing-0 << "0[\r][\n]"
22:20:42,744 DEBUG            http.wire| http-outgoing-0 << "[\r][\n]"
22:20:42,744 DEBUG entConnectionManager| Connection [id: 0][route: {}->http://localhost:8080] can be kept alive for 60.0 seconds
22:20:42,744 DEBUG HttpClientConnection| http-outgoing-0: set socket timeout to 0
22:20:42,744 DEBUG entConnectionManager| Connection released: [id: 0][route: {}->http://localhost:8080][total available: 1; route allocated: 1 of 5; total allocated: 1 of 10]
22:20:42,744 DEBUG ingClientInterceptor| Received Http response message
22:20:42,745 DEBUG    Logger.Message_IN| RAWMESSAGE [id: de222743-174b-4cfe-b3af-1f2407d3bb21, payload: HTTP/1.1 200 OK 
Content-Type:application/json
Transfer-Encoding:chunked
Date:Wed, 12 Jul 2023 19:20:42 GMT
Keep-Alive:timeout=60
Connection:keep-alive

{"userId":95,"name":"Michelina Hartmann","course":"District Usability Administrator","email":"95@qa.ru","age":45,"mark":{"name":"Course mark","score":9}}][headers: {citrus_message_id=de222743-174b-4cfe-b3af-1f2407d3bb21, citrus_message_timestamp=1689189642744}]
22:20:42,745 DEBUG  client.RestTemplate| Response 200 OK
22:20:42,745 DEBUG  client.RestTemplate| Reading to [java.lang.String] as "application/json"
22:20:42,745 INFO     client.HttpClient| HTTP message was sent to endpoint: 'http://localhost:8080/user/get/95'
22:20:42,745 DEBUG aultHttpHeaderMapper| inboundHeaderNames=[Accept-Ranges, Age, Allow, Cache-Control, Connection, Content-Encoding, Content-Language, Content-Length, Content-Location, Content-MD5, Content-Range, Content-Type, Content-Disposition, Transfer-Encoding, Date, ETag, Expires, Last-Modified, Location, Pragma, Proxy-Authenticate, Refresh, Retry-After, Server, Set-Cookie, Trailer, Vary, Via, Warning, WWW-Authenticate]
22:20:42,745 DEBUG aultHttpHeaderMapper| headerName=[content-type] WILL be mapped, matched pattern=content-type
22:20:42,745 DEBUG aultHttpHeaderMapper| setting headerName=[contentType], value=application/json
22:20:42,745 DEBUG aultHttpHeaderMapper| headerName=[transfer-encoding] WILL be mapped, matched pattern=transfer-encoding
22:20:42,745 DEBUG aultHttpHeaderMapper| setting headerName=[Transfer-Encoding], value=[chunked]
22:20:42,745 DEBUG aultHttpHeaderMapper| headerName=[date] WILL be mapped, matched pattern=date
22:20:42,745 DEBUG aultHttpHeaderMapper| setting headerName=[Date], value=1 689 189 642 000
22:20:42,745 DEBUG aultHttpHeaderMapper| headerName=[keep-alive] WILL NOT be mapped
22:20:42,745 DEBUG aultHttpHeaderMapper| headerName=[connection] WILL be mapped, matched pattern=connection
22:20:42,745 DEBUG aultHttpHeaderMapper| setting headerName=[Connection], value=[keep-alive]
22:20:42,746 DEBUG ltCorrelationManager| Saving correlated object for 'citrus_message_id = '364ccabd-cfe7-4f7a-8e9d-6dd381a3ffab''
22:20:42,746 INFO  port.LoggingReporter| 
22:20:42,746 DEBUG port.LoggingReporter| TEST STEP 189 SUCCESS
22:20:42,746 INFO  port.LoggingReporter| 
22:20:42,746 DEBUG port.LoggingReporter| TEST STEP 190: receive
22:20:42,746 DEBUG ngCorrelationManager| Get correlation key for 'citrus_message_correlator_httpRESTClient'
22:20:42,746 DEBUG ltCorrelationManager| Finding correlated object for 'citrus_message_id = '364ccabd-cfe7-4f7a-8e9d-6dd381a3ffab''
22:20:42,746 DEBUG ageValidatorRegistry| Found 4 message validators for message
22:20:42,746 DEBUG ssageHeaderValidator| Start message header validation ...
22:20:42,746 DEBUG faultHeaderValidator| Validating header element: citrus_http_reason_phrase='OK': OK.
22:20:42,747 DEBUG faultHeaderValidator| Validating header element: citrus_http_status_code='200': OK.
22:20:42,747 INFO  ssageHeaderValidator| Message header validation successful: All values OK
22:20:42,747 DEBUG TextMessageValidator| Start JSON message validation ...
22:20:42,747 DEBUG JsonSchemaValidation| Starting Json schema validation ...
22:20:42,747 INFO  JsonSchemaValidation| Json schema validation successful: All values OK
22:20:42,747 DEBUG TextMessageValidator| Received message:
HTTPMESSAGE [id: 82f9da72-c717-44da-9e54-cb0abfcc7f69, payload: {"userId":95,"name":"Michelina Hartmann","course":"District Usability Administrator","email":"95@qa.ru","age":45,"mark":{"name":"Course mark","score":9}}][headers: {Transfer-Encoding=chunked, Connection=keep-alive, contentType=application/json, Date=1689189642000, citrus_message_id=82f9da72-c717-44da-9e54-cb0abfcc7f69, citrus_message_timestamp=1689189642745, Keep-Alive=timeout=60, Content-Type=application/json, citrus_http_status_code=200, citrus_http_reason_phrase=OK, citrus_http_version=HTTP/1.1}]
22:20:42,747 DEBUG TextMessageValidator| Control message:
HTTPMESSAGE [id: fa3e8176-3b16-4cbb-869c-b588a1e23919, payload: {"userId":95,"email":"@contains('@qa.ru')@","name":"@matches('^[a-zA-Z\\s\\.]*$')@","course":"@matches('^[a-zA-Z\\s]*$')@","age":"@isNumber()@","mark":{"name":"@contains('Course mark')@","score":"@isNumber()@"}}][headers: {citrus_message_id=fa3e8176-3b16-4cbb-869c-b588a1e23919, citrus_message_timestamp=1689189642746, citrus_http_reason_phrase=OK, citrus_http_status_code=200, citrus_message_type=JSON}]
22:20:42,747 DEBUG TextMessageValidator| Validation successful for JSON entry 'name' (@matches('^[a-zA-Z\s\.]*$')@)
22:20:42,747 DEBUG TextMessageValidator| Validation successful for JSON entry 'course' (@matches('^[a-zA-Z\s]*$')@)
22:20:42,747 DEBUG TextMessageValidator| Validation successful for JSON entry 'userId' (95)
22:20:42,747 DEBUG TextMessageValidator| Validation successful for JSON entry 'email' (@contains('@qa.ru')@)
22:20:42,747 DEBUG TextMessageValidator| Validation successful for JSON entry 'age' (@isNumber()@)
22:20:42,747 DEBUG TextMessageValidator| Validation successful for JSON entry 'score' (@isNumber()@)
22:20:42,747 DEBUG TextMessageValidator| Validation successful for JSON entry 'name' (@contains('Course mark')@)
22:20:42,747 DEBUG TextMessageValidator| Validation successful for JSON entry 'mark' ({"score":"@isNumber()@","name":"@contains('Course mark')@"})
22:20:42,747 INFO  TextMessageValidator| JSON message validation successful: All values OK
22:20:42,747 INFO  port.LoggingReporter| 
22:20:42,747 DEBUG port.LoggingReporter| TEST STEP 190 SUCCESS
]]></system-out>
  </testcase>
  <testcase name="getUserStubParametrizedTest(int)[96]" classname="citrus.HttpRESTStubTests" time="0.007">
    <system-out><![CDATA[22:20:42,749 INFO  port.LoggingReporter| 
22:20:42,749 INFO  port.LoggingReporter| ------------------------------------------------------------------------
22:20:42,749 DEBUG port.LoggingReporter| STARTING TEST HttpRESTStubTests.getUserStubParametrizedTest <citrus>
22:20:42,749 INFO  port.LoggingReporter| 
22:20:42,749 DEBUG trus.DefaultTestCase| Initializing test case
22:20:42,749 DEBUG trus.DefaultTestCase| Global variables:
22:20:42,749 DEBUG trus.DefaultTestCase| citrus_message_correlator_httpRESTClient = citrus_message_id = '364ccabd-cfe7-4f7a-8e9d-6dd381a3ffab'
22:20:42,749 DEBUG trus.DefaultTestCase| default.test.author = Unknown
22:20:42,749 DEBUG trus.DefaultTestCase| citrus.test.package = citrus
22:20:42,749 DEBUG trus.DefaultTestCase| citrus.test.name = HttpRESTStubTests.getUserStubParametrizedTest
22:20:42,749 DEBUG trus.DefaultTestCase| project.name = Citrus Integration Tests
22:20:42,749 DEBUG trus.DefaultTestCase| userId = 35
22:20:42,749 DEBUG trus.DefaultTestCase| citrus_message_replyTo_citrus_message_correlator_httpRESTClient = http://localhost:8080/user/get/95
22:20:42,749 DEBUG trus.DefaultTestCase| url = http://localhost:8080/user
22:20:42,749 DEBUG trus.DefaultTestCase| default.test.package = citrus
22:20:42,749 DEBUG  context.TestContext| Setting variable: citrus.test.name with value: 'HttpRESTStubTests.getUserStubParametrizedTest'
22:20:42,749 DEBUG  context.TestContext| Setting variable: citrus.test.package with value: 'citrus'
22:20:42,749 DEBUG trus.DefaultTestCase| Test variables:
22:20:42,749 DEBUG trus.DefaultTestCase| citrus_message_correlator_httpRESTClient = citrus_message_id = '364ccabd-cfe7-4f7a-8e9d-6dd381a3ffab'
22:20:42,749 DEBUG trus.DefaultTestCase| default.test.author = Unknown
22:20:42,749 DEBUG trus.DefaultTestCase| citrus.test.package = citrus
22:20:42,749 DEBUG trus.DefaultTestCase| citrus.test.name = HttpRESTStubTests.getUserStubParametrizedTest
22:20:42,749 DEBUG trus.DefaultTestCase| project.name = Citrus Integration Tests
22:20:42,749 DEBUG trus.DefaultTestCase| userId = 35
22:20:42,749 DEBUG trus.DefaultTestCase| citrus_message_replyTo_citrus_message_correlator_httpRESTClient = http://localhost:8080/user/get/95
22:20:42,749 DEBUG trus.DefaultTestCase| url = http://localhost:8080/user
22:20:42,749 DEBUG trus.DefaultTestCase| default.test.package = citrus
22:20:42,749 INFO  port.LoggingReporter| 
22:20:42,749 DEBUG port.LoggingReporter| TEST STEP 191: send
22:20:42,749 DEBUG ltCorrelationManager| Saving correlation key for 'citrus_message_correlator_httpRESTClient'
22:20:42,749 DEBUG  context.TestContext| Setting variable: citrus_message_correlator_httpRESTClient with value: 'citrus_message_id = 'a80e10e6-b2ec-4855-9c96-611c786dba70''
22:20:42,749 DEBUG  context.TestContext| Setting variable: citrus_message_replyTo_citrus_message_correlator_httpRESTClient with value: 'http://localhost:8080/user/get/96'
22:20:42,749 INFO     client.HttpClient| Sending HTTP message to: 'http://localhost:8080/user/get/96'
22:20:42,749 DEBUG    client.HttpClient| Message to send:

22:20:42,749 DEBUG aultHttpHeaderMapper| outboundHeaderNames=[Accept, Accept-Charset, Accept-Encoding, Accept-Language, Accept-Ranges, Authorization, Cache-Control, Connection, Content-Length, Content-Type, Cookie, Date, Expect, From, Host, If-Match, If-Modified-Since, If-None-Match, If-Range, If-Unmodified-Since, Max-Forwards, Pragma, Proxy-Authorization, Range, Referer, TE, Upgrade, User-Agent, Via, Warning]
22:20:42,749 DEBUG aultHttpHeaderMapper| headerName=[citrus_message_timestamp] WILL NOT be mapped
22:20:42,749 DEBUG aultHttpHeaderMapper| headerName=[citrus_message_type] WILL NOT be mapped
22:20:42,749 DEBUG aultHttpHeaderMapper| headerName=[citrus_request_path] WILL NOT be mapped
22:20:42,749 DEBUG aultHttpHeaderMapper| headerName=[citrus_http_request_uri] WILL NOT be mapped
22:20:42,749 DEBUG aultHttpHeaderMapper| headerName=[id] WILL NOT be mapped
22:20:42,749 DEBUG aultHttpHeaderMapper| headerName=[citrus_message_id] WILL NOT be mapped
22:20:42,749 DEBUG aultHttpHeaderMapper| headerName=[citrus_http_method] WILL NOT be mapped
22:20:42,749 DEBUG aultHttpHeaderMapper| headerName=[timestamp] WILL NOT be mapped
22:20:42,749 DEBUG  client.RestTemplate| HTTP GET http://localhost:8080/user/get/96
22:20:42,749 DEBUG  client.RestTemplate| Accept=[text/plain, application/json, application/*+json, */*]
22:20:42,749 DEBUG ingClientInterceptor| Sending Http request message
22:20:42,750 DEBUG   Logger.Message_OUT| RAWMESSAGE [id: 2b6cdfdd-3348-43f7-a9cc-ec3dd1240dc5, payload: GET http://localhost:8080/user/get/96
Accept:text/plain, application/json, application/*+json, */*
Content-Type:application/json;charset=UTF-8
Content-Length:0][headers: {citrus_message_id=2b6cdfdd-3348-43f7-a9cc-ec3dd1240dc5, citrus_message_timestamp=1689189642749}]
22:20:42,750 DEBUG ol.RequestAddCookies| CookieSpec selected: default
22:20:42,750 DEBUG col.RequestAuthCache| Auth cache not set in the context
22:20:42,750 DEBUG entConnectionManager| Connection request: [route: {}->http://localhost:8080][total available: 1; route allocated: 1 of 5; total allocated: 1 of 10]
22:20:42,750 DEBUG entConnectionManager| Connection leased: [id: 0][route: {}->http://localhost:8080][total available: 0; route allocated: 1 of 5; total allocated: 1 of 10]
22:20:42,750 DEBUG HttpClientConnection| http-outgoing-0: set socket timeout to 0
22:20:42,750 DEBUG chain.MainClientExec| Executing request GET /user/get/96 HTTP/1.1
22:20:42,750 DEBUG chain.MainClientExec| Target auth state: UNCHALLENGED
22:20:42,750 DEBUG chain.MainClientExec| Proxy auth state: UNCHALLENGED
22:20:42,750 DEBUG         http.headers| http-outgoing-0 >> GET /user/get/96 HTTP/1.1
22:20:42,750 DEBUG         http.headers| http-outgoing-0 >> Accept: text/plain, application/json, application/*+json, */*
22:20:42,750 DEBUG         http.headers| http-outgoing-0 >> Content-Type: application/json;charset=UTF-8
22:20:42,750 DEBUG         http.headers| http-outgoing-0 >> Host: localhost:8080
22:20:42,750 DEBUG         http.headers| http-outgoing-0 >> Connection: Keep-Alive
22:20:42,750 DEBUG         http.headers| http-outgoing-0 >> User-Agent: Apache-HttpClient/4.5.13 (Java/11.0.16)
22:20:42,750 DEBUG         http.headers| http-outgoing-0 >> Accept-Encoding: gzip,deflate
22:20:42,750 DEBUG            http.wire| http-outgoing-0 >> "GET /user/get/96 HTTP/1.1[\r][\n]"
22:20:42,750 DEBUG            http.wire| http-outgoing-0 >> "Accept: text/plain, application/json, application/*+json, */*[\r][\n]"
22:20:42,750 DEBUG            http.wire| http-outgoing-0 >> "Content-Type: application/json;charset=UTF-8[\r][\n]"
22:20:42,750 DEBUG            http.wire| http-outgoing-0 >> "Host: localhost:8080[\r][\n]"
22:20:42,750 DEBUG            http.wire| http-outgoing-0 >> "Connection: Keep-Alive[\r][\n]"
22:20:42,750 DEBUG            http.wire| http-outgoing-0 >> "User-Agent: Apache-HttpClient/4.5.13 (Java/11.0.16)[\r][\n]"
22:20:42,750 DEBUG            http.wire| http-outgoing-0 >> "Accept-Encoding: gzip,deflate[\r][\n]"
22:20:42,750 DEBUG            http.wire| http-outgoing-0 >> "[\r][\n]"
22:20:42,751 DEBUG            http.wire| http-outgoing-0 << "HTTP/1.1 200 [\r][\n]"
22:20:42,751 DEBUG            http.wire| http-outgoing-0 << "Content-Type: application/json[\r][\n]"
22:20:42,751 DEBUG            http.wire| http-outgoing-0 << "Transfer-Encoding: chunked[\r][\n]"
22:20:42,751 DEBUG            http.wire| http-outgoing-0 << "Date: Wed, 12 Jul 2023 19:20:42 GMT[\r][\n]"
22:20:42,751 DEBUG            http.wire| http-outgoing-0 << "Keep-Alive: timeout=60[\r][\n]"
22:20:42,751 DEBUG            http.wire| http-outgoing-0 << "Connection: keep-alive[\r][\n]"
22:20:42,751 DEBUG            http.wire| http-outgoing-0 << "[\r][\n]"
22:20:42,751 DEBUG            http.wire| http-outgoing-0 << "92[\r][\n]"
22:20:42,751 DEBUG            http.wire| http-outgoing-0 << "{"userId":96,"name":"Mr. Chad Legros","course":"National Assurance Developer","email":"96@qa.ru","age":84,"mark":{"name":"Course mark","score":6}}[\r][\n]"
22:20:42,751 DEBUG         http.headers| http-outgoing-0 << HTTP/1.1 200 
22:20:42,751 DEBUG         http.headers| http-outgoing-0 << Content-Type: application/json
22:20:42,751 DEBUG         http.headers| http-outgoing-0 << Transfer-Encoding: chunked
22:20:42,751 DEBUG         http.headers| http-outgoing-0 << Date: Wed, 12 Jul 2023 19:20:42 GMT
22:20:42,751 DEBUG         http.headers| http-outgoing-0 << Keep-Alive: timeout=60
22:20:42,751 DEBUG         http.headers| http-outgoing-0 << Connection: keep-alive
22:20:42,751 DEBUG chain.MainClientExec| Connection can be kept alive for 60000 MILLISECONDS
22:20:42,752 DEBUG            http.wire| http-outgoing-0 << "0[\r][\n]"
22:20:42,752 DEBUG            http.wire| http-outgoing-0 << "[\r][\n]"
22:20:42,752 DEBUG entConnectionManager| Connection [id: 0][route: {}->http://localhost:8080] can be kept alive for 60.0 seconds
22:20:42,752 DEBUG HttpClientConnection| http-outgoing-0: set socket timeout to 0
22:20:42,752 DEBUG entConnectionManager| Connection released: [id: 0][route: {}->http://localhost:8080][total available: 1; route allocated: 1 of 5; total allocated: 1 of 10]
22:20:42,752 DEBUG ingClientInterceptor| Received Http response message
22:20:42,753 DEBUG    Logger.Message_IN| RAWMESSAGE [id: 894d662f-fbaa-45de-871a-99ab4ab680bf, payload: HTTP/1.1 200 OK 
Content-Type:application/json
Transfer-Encoding:chunked
Date:Wed, 12 Jul 2023 19:20:42 GMT
Keep-Alive:timeout=60
Connection:keep-alive

{"userId":96,"name":"Mr. Chad Legros","course":"National Assurance Developer","email":"96@qa.ru","age":84,"mark":{"name":"Course mark","score":6}}][headers: {citrus_message_id=894d662f-fbaa-45de-871a-99ab4ab680bf, citrus_message_timestamp=1689189642752}]
22:20:42,753 DEBUG  client.RestTemplate| Response 200 OK
22:20:42,753 DEBUG  client.RestTemplate| Reading to [java.lang.String] as "application/json"
22:20:42,753 INFO     client.HttpClient| HTTP message was sent to endpoint: 'http://localhost:8080/user/get/96'
22:20:42,753 DEBUG aultHttpHeaderMapper| inboundHeaderNames=[Accept-Ranges, Age, Allow, Cache-Control, Connection, Content-Encoding, Content-Language, Content-Length, Content-Location, Content-MD5, Content-Range, Content-Type, Content-Disposition, Transfer-Encoding, Date, ETag, Expires, Last-Modified, Location, Pragma, Proxy-Authenticate, Refresh, Retry-After, Server, Set-Cookie, Trailer, Vary, Via, Warning, WWW-Authenticate]
22:20:42,753 DEBUG aultHttpHeaderMapper| headerName=[content-type] WILL be mapped, matched pattern=content-type
22:20:42,753 DEBUG aultHttpHeaderMapper| setting headerName=[contentType], value=application/json
22:20:42,753 DEBUG aultHttpHeaderMapper| headerName=[transfer-encoding] WILL be mapped, matched pattern=transfer-encoding
22:20:42,753 DEBUG aultHttpHeaderMapper| setting headerName=[Transfer-Encoding], value=[chunked]
22:20:42,753 DEBUG aultHttpHeaderMapper| headerName=[date] WILL be mapped, matched pattern=date
22:20:42,753 DEBUG aultHttpHeaderMapper| setting headerName=[Date], value=1 689 189 642 000
22:20:42,753 DEBUG aultHttpHeaderMapper| headerName=[keep-alive] WILL NOT be mapped
22:20:42,753 DEBUG aultHttpHeaderMapper| headerName=[connection] WILL be mapped, matched pattern=connection
22:20:42,753 DEBUG aultHttpHeaderMapper| setting headerName=[Connection], value=[keep-alive]
22:20:42,753 DEBUG ltCorrelationManager| Saving correlated object for 'citrus_message_id = 'a80e10e6-b2ec-4855-9c96-611c786dba70''
22:20:42,753 INFO  port.LoggingReporter| 
22:20:42,753 DEBUG port.LoggingReporter| TEST STEP 191 SUCCESS
22:20:42,753 INFO  port.LoggingReporter| 
22:20:42,753 DEBUG port.LoggingReporter| TEST STEP 192: receive
22:20:42,753 DEBUG ngCorrelationManager| Get correlation key for 'citrus_message_correlator_httpRESTClient'
22:20:42,753 DEBUG ltCorrelationManager| Finding correlated object for 'citrus_message_id = 'a80e10e6-b2ec-4855-9c96-611c786dba70''
22:20:42,755 DEBUG ageValidatorRegistry| Found 4 message validators for message
22:20:42,755 DEBUG ssageHeaderValidator| Start message header validation ...
22:20:42,755 DEBUG faultHeaderValidator| Validating header element: citrus_http_reason_phrase='OK': OK.
22:20:42,755 DEBUG faultHeaderValidator| Validating header element: citrus_http_status_code='200': OK.
22:20:42,755 INFO  ssageHeaderValidator| Message header validation successful: All values OK
22:20:42,755 DEBUG TextMessageValidator| Start JSON message validation ...
22:20:42,755 DEBUG JsonSchemaValidation| Starting Json schema validation ...
22:20:42,755 INFO  JsonSchemaValidation| Json schema validation successful: All values OK
22:20:42,755 DEBUG TextMessageValidator| Received message:
HTTPMESSAGE [id: 11466d5d-3da5-4432-bb07-b33d2e6780c8, payload: {"userId":96,"name":"Mr. Chad Legros","course":"National Assurance Developer","email":"96@qa.ru","age":84,"mark":{"name":"Course mark","score":6}}][headers: {Transfer-Encoding=chunked, Connection=keep-alive, contentType=application/json, Date=1689189642000, citrus_message_id=11466d5d-3da5-4432-bb07-b33d2e6780c8, citrus_message_timestamp=1689189642753, Keep-Alive=timeout=60, Content-Type=application/json, citrus_http_status_code=200, citrus_http_reason_phrase=OK, citrus_http_version=HTTP/1.1}]
22:20:42,755 DEBUG TextMessageValidator| Control message:
HTTPMESSAGE [id: 9496ac40-4055-4f3c-b6f3-a73936e963b4, payload: {"userId":96,"email":"@contains('@qa.ru')@","name":"@matches('^[a-zA-Z\\s\\.]*$')@","course":"@matches('^[a-zA-Z\\s]*$')@","age":"@isNumber()@","mark":{"name":"@contains('Course mark')@","score":"@isNumber()@"}}][headers: {citrus_message_id=9496ac40-4055-4f3c-b6f3-a73936e963b4, citrus_message_timestamp=1689189642753, citrus_http_reason_phrase=OK, citrus_http_status_code=200, citrus_message_type=JSON}]
22:20:42,755 DEBUG TextMessageValidator| Validation successful for JSON entry 'name' (@matches('^[a-zA-Z\s\.]*$')@)
22:20:42,755 DEBUG TextMessageValidator| Validation successful for JSON entry 'course' (@matches('^[a-zA-Z\s]*$')@)
22:20:42,755 DEBUG TextMessageValidator| Validation successful for JSON entry 'userId' (96)
22:20:42,755 DEBUG TextMessageValidator| Validation successful for JSON entry 'email' (@contains('@qa.ru')@)
22:20:42,755 DEBUG TextMessageValidator| Validation successful for JSON entry 'age' (@isNumber()@)
22:20:42,755 DEBUG TextMessageValidator| Validation successful for JSON entry 'score' (@isNumber()@)
22:20:42,755 DEBUG TextMessageValidator| Validation successful for JSON entry 'name' (@contains('Course mark')@)
22:20:42,755 DEBUG TextMessageValidator| Validation successful for JSON entry 'mark' ({"score":"@isNumber()@","name":"@contains('Course mark')@"})
22:20:42,755 INFO  TextMessageValidator| JSON message validation successful: All values OK
22:20:42,755 INFO  port.LoggingReporter| 
22:20:42,755 DEBUG port.LoggingReporter| TEST STEP 192 SUCCESS
]]></system-out>
  </testcase>
  <testcase name="getUserStubParametrizedTest(int)[97]" classname="citrus.HttpRESTStubTests" time="0.007">
    <system-out><![CDATA[22:20:42,757 INFO  port.LoggingReporter| 
22:20:42,757 INFO  port.LoggingReporter| ------------------------------------------------------------------------
22:20:42,757 DEBUG port.LoggingReporter| STARTING TEST HttpRESTStubTests.getUserStubParametrizedTest <citrus>
22:20:42,757 INFO  port.LoggingReporter| 
22:20:42,757 DEBUG trus.DefaultTestCase| Initializing test case
22:20:42,757 DEBUG trus.DefaultTestCase| Global variables:
22:20:42,757 DEBUG trus.DefaultTestCase| citrus_message_correlator_httpRESTClient = citrus_message_id = 'a80e10e6-b2ec-4855-9c96-611c786dba70'
22:20:42,757 DEBUG trus.DefaultTestCase| default.test.author = Unknown
22:20:42,757 DEBUG trus.DefaultTestCase| citrus.test.package = citrus
22:20:42,757 DEBUG trus.DefaultTestCase| citrus.test.name = HttpRESTStubTests.getUserStubParametrizedTest
22:20:42,757 DEBUG trus.DefaultTestCase| project.name = Citrus Integration Tests
22:20:42,757 DEBUG trus.DefaultTestCase| userId = 35
22:20:42,757 DEBUG trus.DefaultTestCase| citrus_message_replyTo_citrus_message_correlator_httpRESTClient = http://localhost:8080/user/get/96
22:20:42,757 DEBUG trus.DefaultTestCase| url = http://localhost:8080/user
22:20:42,757 DEBUG trus.DefaultTestCase| default.test.package = citrus
22:20:42,757 DEBUG  context.TestContext| Setting variable: citrus.test.name with value: 'HttpRESTStubTests.getUserStubParametrizedTest'
22:20:42,757 DEBUG  context.TestContext| Setting variable: citrus.test.package with value: 'citrus'
22:20:42,757 DEBUG trus.DefaultTestCase| Test variables:
22:20:42,757 DEBUG trus.DefaultTestCase| citrus_message_correlator_httpRESTClient = citrus_message_id = 'a80e10e6-b2ec-4855-9c96-611c786dba70'
22:20:42,757 DEBUG trus.DefaultTestCase| default.test.author = Unknown
22:20:42,757 DEBUG trus.DefaultTestCase| citrus.test.package = citrus
22:20:42,757 DEBUG trus.DefaultTestCase| citrus.test.name = HttpRESTStubTests.getUserStubParametrizedTest
22:20:42,757 DEBUG trus.DefaultTestCase| project.name = Citrus Integration Tests
22:20:42,757 DEBUG trus.DefaultTestCase| userId = 35
22:20:42,757 DEBUG trus.DefaultTestCase| citrus_message_replyTo_citrus_message_correlator_httpRESTClient = http://localhost:8080/user/get/96
22:20:42,757 DEBUG trus.DefaultTestCase| url = http://localhost:8080/user
22:20:42,757 DEBUG trus.DefaultTestCase| default.test.package = citrus
22:20:42,757 INFO  port.LoggingReporter| 
22:20:42,757 DEBUG port.LoggingReporter| TEST STEP 193: send
22:20:42,757 DEBUG ltCorrelationManager| Saving correlation key for 'citrus_message_correlator_httpRESTClient'
22:20:42,757 DEBUG  context.TestContext| Setting variable: citrus_message_correlator_httpRESTClient with value: 'citrus_message_id = '38718d36-1ffb-4497-9347-502f80cb6de1''
22:20:42,757 DEBUG  context.TestContext| Setting variable: citrus_message_replyTo_citrus_message_correlator_httpRESTClient with value: 'http://localhost:8080/user/get/97'
22:20:42,757 INFO     client.HttpClient| Sending HTTP message to: 'http://localhost:8080/user/get/97'
22:20:42,757 DEBUG    client.HttpClient| Message to send:

22:20:42,757 DEBUG aultHttpHeaderMapper| outboundHeaderNames=[Accept, Accept-Charset, Accept-Encoding, Accept-Language, Accept-Ranges, Authorization, Cache-Control, Connection, Content-Length, Content-Type, Cookie, Date, Expect, From, Host, If-Match, If-Modified-Since, If-None-Match, If-Range, If-Unmodified-Since, Max-Forwards, Pragma, Proxy-Authorization, Range, Referer, TE, Upgrade, User-Agent, Via, Warning]
22:20:42,757 DEBUG aultHttpHeaderMapper| headerName=[citrus_message_timestamp] WILL NOT be mapped
22:20:42,757 DEBUG aultHttpHeaderMapper| headerName=[citrus_message_type] WILL NOT be mapped
22:20:42,757 DEBUG aultHttpHeaderMapper| headerName=[citrus_request_path] WILL NOT be mapped
22:20:42,757 DEBUG aultHttpHeaderMapper| headerName=[citrus_http_request_uri] WILL NOT be mapped
22:20:42,757 DEBUG aultHttpHeaderMapper| headerName=[id] WILL NOT be mapped
22:20:42,757 DEBUG aultHttpHeaderMapper| headerName=[citrus_message_id] WILL NOT be mapped
22:20:42,757 DEBUG aultHttpHeaderMapper| headerName=[citrus_http_method] WILL NOT be mapped
22:20:42,757 DEBUG aultHttpHeaderMapper| headerName=[timestamp] WILL NOT be mapped
22:20:42,757 DEBUG  client.RestTemplate| HTTP GET http://localhost:8080/user/get/97
22:20:42,758 DEBUG  client.RestTemplate| Accept=[text/plain, application/json, application/*+json, */*]
22:20:42,758 DEBUG ingClientInterceptor| Sending Http request message
22:20:42,758 DEBUG   Logger.Message_OUT| RAWMESSAGE [id: c2e1824d-e18a-4769-a826-4d0203b711af, payload: GET http://localhost:8080/user/get/97
Accept:text/plain, application/json, application/*+json, */*
Content-Type:application/json;charset=UTF-8
Content-Length:0][headers: {citrus_message_id=c2e1824d-e18a-4769-a826-4d0203b711af, citrus_message_timestamp=1689189642758}]
22:20:42,759 DEBUG ol.RequestAddCookies| CookieSpec selected: default
22:20:42,759 DEBUG col.RequestAuthCache| Auth cache not set in the context
22:20:42,759 DEBUG entConnectionManager| Connection request: [route: {}->http://localhost:8080][total available: 1; route allocated: 1 of 5; total allocated: 1 of 10]
22:20:42,759 DEBUG entConnectionManager| Connection leased: [id: 0][route: {}->http://localhost:8080][total available: 0; route allocated: 1 of 5; total allocated: 1 of 10]
22:20:42,759 DEBUG HttpClientConnection| http-outgoing-0: set socket timeout to 0
22:20:42,759 DEBUG chain.MainClientExec| Executing request GET /user/get/97 HTTP/1.1
22:20:42,759 DEBUG chain.MainClientExec| Target auth state: UNCHALLENGED
22:20:42,759 DEBUG chain.MainClientExec| Proxy auth state: UNCHALLENGED
22:20:42,759 DEBUG         http.headers| http-outgoing-0 >> GET /user/get/97 HTTP/1.1
22:20:42,759 DEBUG         http.headers| http-outgoing-0 >> Accept: text/plain, application/json, application/*+json, */*
22:20:42,759 DEBUG         http.headers| http-outgoing-0 >> Content-Type: application/json;charset=UTF-8
22:20:42,759 DEBUG         http.headers| http-outgoing-0 >> Host: localhost:8080
22:20:42,759 DEBUG         http.headers| http-outgoing-0 >> Connection: Keep-Alive
22:20:42,759 DEBUG         http.headers| http-outgoing-0 >> User-Agent: Apache-HttpClient/4.5.13 (Java/11.0.16)
22:20:42,759 DEBUG         http.headers| http-outgoing-0 >> Accept-Encoding: gzip,deflate
22:20:42,759 DEBUG            http.wire| http-outgoing-0 >> "GET /user/get/97 HTTP/1.1[\r][\n]"
22:20:42,759 DEBUG            http.wire| http-outgoing-0 >> "Accept: text/plain, application/json, application/*+json, */*[\r][\n]"
22:20:42,759 DEBUG            http.wire| http-outgoing-0 >> "Content-Type: application/json;charset=UTF-8[\r][\n]"
22:20:42,759 DEBUG            http.wire| http-outgoing-0 >> "Host: localhost:8080[\r][\n]"
22:20:42,759 DEBUG            http.wire| http-outgoing-0 >> "Connection: Keep-Alive[\r][\n]"
22:20:42,759 DEBUG            http.wire| http-outgoing-0 >> "User-Agent: Apache-HttpClient/4.5.13 (Java/11.0.16)[\r][\n]"
22:20:42,759 DEBUG            http.wire| http-outgoing-0 >> "Accept-Encoding: gzip,deflate[\r][\n]"
22:20:42,759 DEBUG            http.wire| http-outgoing-0 >> "[\r][\n]"
22:20:42,760 DEBUG            http.wire| http-outgoing-0 << "HTTP/1.1 200 [\r][\n]"
22:20:42,760 DEBUG            http.wire| http-outgoing-0 << "Content-Type: application/json[\r][\n]"
22:20:42,760 DEBUG            http.wire| http-outgoing-0 << "Transfer-Encoding: chunked[\r][\n]"
22:20:42,760 DEBUG            http.wire| http-outgoing-0 << "Date: Wed, 12 Jul 2023 19:20:42 GMT[\r][\n]"
22:20:42,760 DEBUG            http.wire| http-outgoing-0 << "Keep-Alive: timeout=60[\r][\n]"
22:20:42,760 DEBUG            http.wire| http-outgoing-0 << "Connection: keep-alive[\r][\n]"
22:20:42,760 DEBUG            http.wire| http-outgoing-0 << "[\r][\n]"
22:20:42,760 DEBUG            http.wire| http-outgoing-0 << "93[\r][\n]"
22:20:42,760 DEBUG            http.wire| http-outgoing-0 << "{"userId":97,"name":"Kara Smitham","course":"Global Interactions Orchestrator","email":"97@qa.ru","age":91,"mark":{"name":"Course mark","score":7}}[\r][\n]"
22:20:42,760 DEBUG         http.headers| http-outgoing-0 << HTTP/1.1 200 
22:20:42,760 DEBUG         http.headers| http-outgoing-0 << Content-Type: application/json
22:20:42,760 DEBUG         http.headers| http-outgoing-0 << Transfer-Encoding: chunked
22:20:42,760 DEBUG         http.headers| http-outgoing-0 << Date: Wed, 12 Jul 2023 19:20:42 GMT
22:20:42,760 DEBUG         http.headers| http-outgoing-0 << Keep-Alive: timeout=60
22:20:42,760 DEBUG         http.headers| http-outgoing-0 << Connection: keep-alive
22:20:42,760 DEBUG chain.MainClientExec| Connection can be kept alive for 60000 MILLISECONDS
22:20:42,760 DEBUG            http.wire| http-outgoing-0 << "0[\r][\n]"
22:20:42,760 DEBUG            http.wire| http-outgoing-0 << "[\r][\n]"
22:20:42,760 DEBUG entConnectionManager| Connection [id: 0][route: {}->http://localhost:8080] can be kept alive for 60.0 seconds
22:20:42,760 DEBUG HttpClientConnection| http-outgoing-0: set socket timeout to 0
22:20:42,760 DEBUG entConnectionManager| Connection released: [id: 0][route: {}->http://localhost:8080][total available: 1; route allocated: 1 of 5; total allocated: 1 of 10]
22:20:42,760 DEBUG ingClientInterceptor| Received Http response message
22:20:42,761 DEBUG    Logger.Message_IN| RAWMESSAGE [id: b1e186b1-9f30-4bca-af14-80dc802b8cb4, payload: HTTP/1.1 200 OK 
Content-Type:application/json
Transfer-Encoding:chunked
Date:Wed, 12 Jul 2023 19:20:42 GMT
Keep-Alive:timeout=60
Connection:keep-alive

{"userId":97,"name":"Kara Smitham","course":"Global Interactions Orchestrator","email":"97@qa.ru","age":91,"mark":{"name":"Course mark","score":7}}][headers: {citrus_message_id=b1e186b1-9f30-4bca-af14-80dc802b8cb4, citrus_message_timestamp=1689189642760}]
22:20:42,761 DEBUG  client.RestTemplate| Response 200 OK
22:20:42,761 DEBUG  client.RestTemplate| Reading to [java.lang.String] as "application/json"
22:20:42,761 INFO     client.HttpClient| HTTP message was sent to endpoint: 'http://localhost:8080/user/get/97'
22:20:42,761 DEBUG aultHttpHeaderMapper| inboundHeaderNames=[Accept-Ranges, Age, Allow, Cache-Control, Connection, Content-Encoding, Content-Language, Content-Length, Content-Location, Content-MD5, Content-Range, Content-Type, Content-Disposition, Transfer-Encoding, Date, ETag, Expires, Last-Modified, Location, Pragma, Proxy-Authenticate, Refresh, Retry-After, Server, Set-Cookie, Trailer, Vary, Via, Warning, WWW-Authenticate]
22:20:42,761 DEBUG aultHttpHeaderMapper| headerName=[content-type] WILL be mapped, matched pattern=content-type
22:20:42,761 DEBUG aultHttpHeaderMapper| setting headerName=[contentType], value=application/json
22:20:42,761 DEBUG aultHttpHeaderMapper| headerName=[transfer-encoding] WILL be mapped, matched pattern=transfer-encoding
22:20:42,761 DEBUG aultHttpHeaderMapper| setting headerName=[Transfer-Encoding], value=[chunked]
22:20:42,761 DEBUG aultHttpHeaderMapper| headerName=[date] WILL be mapped, matched pattern=date
22:20:42,761 DEBUG aultHttpHeaderMapper| setting headerName=[Date], value=1 689 189 642 000
22:20:42,761 DEBUG aultHttpHeaderMapper| headerName=[keep-alive] WILL NOT be mapped
22:20:42,761 DEBUG aultHttpHeaderMapper| headerName=[connection] WILL be mapped, matched pattern=connection
22:20:42,761 DEBUG aultHttpHeaderMapper| setting headerName=[Connection], value=[keep-alive]
22:20:42,761 DEBUG ltCorrelationManager| Saving correlated object for 'citrus_message_id = '38718d36-1ffb-4497-9347-502f80cb6de1''
22:20:42,761 INFO  port.LoggingReporter| 
22:20:42,761 DEBUG port.LoggingReporter| TEST STEP 193 SUCCESS
22:20:42,761 INFO  port.LoggingReporter| 
22:20:42,761 DEBUG port.LoggingReporter| TEST STEP 194: receive
22:20:42,761 DEBUG ngCorrelationManager| Get correlation key for 'citrus_message_correlator_httpRESTClient'
22:20:42,761 DEBUG ltCorrelationManager| Finding correlated object for 'citrus_message_id = '38718d36-1ffb-4497-9347-502f80cb6de1''
22:20:42,762 DEBUG ageValidatorRegistry| Found 4 message validators for message
22:20:42,762 DEBUG ssageHeaderValidator| Start message header validation ...
22:20:42,762 DEBUG faultHeaderValidator| Validating header element: citrus_http_reason_phrase='OK': OK.
22:20:42,762 DEBUG faultHeaderValidator| Validating header element: citrus_http_status_code='200': OK.
22:20:42,762 INFO  ssageHeaderValidator| Message header validation successful: All values OK
22:20:42,762 DEBUG TextMessageValidator| Start JSON message validation ...
22:20:42,762 DEBUG JsonSchemaValidation| Starting Json schema validation ...
22:20:42,762 INFO  JsonSchemaValidation| Json schema validation successful: All values OK
22:20:42,762 DEBUG TextMessageValidator| Received message:
HTTPMESSAGE [id: cef1a0f2-4154-43ce-ac98-e67c9af53e7a, payload: {"userId":97,"name":"Kara Smitham","course":"Global Interactions Orchestrator","email":"97@qa.ru","age":91,"mark":{"name":"Course mark","score":7}}][headers: {Transfer-Encoding=chunked, Connection=keep-alive, contentType=application/json, Date=1689189642000, citrus_message_id=cef1a0f2-4154-43ce-ac98-e67c9af53e7a, citrus_message_timestamp=1689189642761, Keep-Alive=timeout=60, Content-Type=application/json, citrus_http_status_code=200, citrus_http_reason_phrase=OK, citrus_http_version=HTTP/1.1}]
22:20:42,762 DEBUG TextMessageValidator| Control message:
HTTPMESSAGE [id: 55b7b252-e6c8-4038-9fd2-d3b22893af40, payload: {"userId":97,"email":"@contains('@qa.ru')@","name":"@matches('^[a-zA-Z\\s\\.]*$')@","course":"@matches('^[a-zA-Z\\s]*$')@","age":"@isNumber()@","mark":{"name":"@contains('Course mark')@","score":"@isNumber()@"}}][headers: {citrus_message_id=55b7b252-e6c8-4038-9fd2-d3b22893af40, citrus_message_timestamp=1689189642761, citrus_http_reason_phrase=OK, citrus_http_status_code=200, citrus_message_type=JSON}]
22:20:42,763 DEBUG TextMessageValidator| Validation successful for JSON entry 'name' (@matches('^[a-zA-Z\s\.]*$')@)
22:20:42,763 DEBUG TextMessageValidator| Validation successful for JSON entry 'course' (@matches('^[a-zA-Z\s]*$')@)
22:20:42,763 DEBUG TextMessageValidator| Validation successful for JSON entry 'userId' (97)
22:20:42,763 DEBUG TextMessageValidator| Validation successful for JSON entry 'email' (@contains('@qa.ru')@)
22:20:42,763 DEBUG TextMessageValidator| Validation successful for JSON entry 'age' (@isNumber()@)
22:20:42,763 DEBUG TextMessageValidator| Validation successful for JSON entry 'score' (@isNumber()@)
22:20:42,763 DEBUG TextMessageValidator| Validation successful for JSON entry 'name' (@contains('Course mark')@)
22:20:42,763 DEBUG TextMessageValidator| Validation successful for JSON entry 'mark' ({"score":"@isNumber()@","name":"@contains('Course mark')@"})
22:20:42,763 INFO  TextMessageValidator| JSON message validation successful: All values OK
22:20:42,763 INFO  port.LoggingReporter| 
22:20:42,763 DEBUG port.LoggingReporter| TEST STEP 194 SUCCESS
]]></system-out>
  </testcase>
  <testcase name="getUserStubParametrizedTest(int)[98]" classname="citrus.HttpRESTStubTests" time="0.007">
    <system-out><![CDATA[22:20:42,765 INFO  port.LoggingReporter| 
22:20:42,765 INFO  port.LoggingReporter| ------------------------------------------------------------------------
22:20:42,765 DEBUG port.LoggingReporter| STARTING TEST HttpRESTStubTests.getUserStubParametrizedTest <citrus>
22:20:42,765 INFO  port.LoggingReporter| 
22:20:42,765 DEBUG trus.DefaultTestCase| Initializing test case
22:20:42,765 DEBUG trus.DefaultTestCase| Global variables:
22:20:42,765 DEBUG trus.DefaultTestCase| citrus_message_correlator_httpRESTClient = citrus_message_id = '38718d36-1ffb-4497-9347-502f80cb6de1'
22:20:42,765 DEBUG trus.DefaultTestCase| default.test.author = Unknown
22:20:42,765 DEBUG trus.DefaultTestCase| citrus.test.package = citrus
22:20:42,765 DEBUG trus.DefaultTestCase| citrus.test.name = HttpRESTStubTests.getUserStubParametrizedTest
22:20:42,765 DEBUG trus.DefaultTestCase| project.name = Citrus Integration Tests
22:20:42,765 DEBUG trus.DefaultTestCase| userId = 35
22:20:42,765 DEBUG trus.DefaultTestCase| citrus_message_replyTo_citrus_message_correlator_httpRESTClient = http://localhost:8080/user/get/97
22:20:42,765 DEBUG trus.DefaultTestCase| url = http://localhost:8080/user
22:20:42,765 DEBUG trus.DefaultTestCase| default.test.package = citrus
22:20:42,765 DEBUG  context.TestContext| Setting variable: citrus.test.name with value: 'HttpRESTStubTests.getUserStubParametrizedTest'
22:20:42,765 DEBUG  context.TestContext| Setting variable: citrus.test.package with value: 'citrus'
22:20:42,765 DEBUG trus.DefaultTestCase| Test variables:
22:20:42,765 DEBUG trus.DefaultTestCase| citrus_message_correlator_httpRESTClient = citrus_message_id = '38718d36-1ffb-4497-9347-502f80cb6de1'
22:20:42,765 DEBUG trus.DefaultTestCase| default.test.author = Unknown
22:20:42,765 DEBUG trus.DefaultTestCase| citrus.test.package = citrus
22:20:42,765 DEBUG trus.DefaultTestCase| citrus.test.name = HttpRESTStubTests.getUserStubParametrizedTest
22:20:42,765 DEBUG trus.DefaultTestCase| project.name = Citrus Integration Tests
22:20:42,765 DEBUG trus.DefaultTestCase| userId = 35
22:20:42,765 DEBUG trus.DefaultTestCase| citrus_message_replyTo_citrus_message_correlator_httpRESTClient = http://localhost:8080/user/get/97
22:20:42,765 DEBUG trus.DefaultTestCase| url = http://localhost:8080/user
22:20:42,765 DEBUG trus.DefaultTestCase| default.test.package = citrus
22:20:42,765 INFO  port.LoggingReporter| 
22:20:42,765 DEBUG port.LoggingReporter| TEST STEP 195: send
22:20:42,765 DEBUG ltCorrelationManager| Saving correlation key for 'citrus_message_correlator_httpRESTClient'
22:20:42,765 DEBUG  context.TestContext| Setting variable: citrus_message_correlator_httpRESTClient with value: 'citrus_message_id = '619a73a8-a5d2-49dc-a0c7-9b7fea90fd56''
22:20:42,765 DEBUG  context.TestContext| Setting variable: citrus_message_replyTo_citrus_message_correlator_httpRESTClient with value: 'http://localhost:8080/user/get/98'
22:20:42,765 INFO     client.HttpClient| Sending HTTP message to: 'http://localhost:8080/user/get/98'
22:20:42,765 DEBUG    client.HttpClient| Message to send:

22:20:42,765 DEBUG aultHttpHeaderMapper| outboundHeaderNames=[Accept, Accept-Charset, Accept-Encoding, Accept-Language, Accept-Ranges, Authorization, Cache-Control, Connection, Content-Length, Content-Type, Cookie, Date, Expect, From, Host, If-Match, If-Modified-Since, If-None-Match, If-Range, If-Unmodified-Since, Max-Forwards, Pragma, Proxy-Authorization, Range, Referer, TE, Upgrade, User-Agent, Via, Warning]
22:20:42,765 DEBUG aultHttpHeaderMapper| headerName=[citrus_message_timestamp] WILL NOT be mapped
22:20:42,765 DEBUG aultHttpHeaderMapper| headerName=[citrus_message_type] WILL NOT be mapped
22:20:42,765 DEBUG aultHttpHeaderMapper| headerName=[citrus_request_path] WILL NOT be mapped
22:20:42,765 DEBUG aultHttpHeaderMapper| headerName=[citrus_http_request_uri] WILL NOT be mapped
22:20:42,765 DEBUG aultHttpHeaderMapper| headerName=[id] WILL NOT be mapped
22:20:42,765 DEBUG aultHttpHeaderMapper| headerName=[citrus_message_id] WILL NOT be mapped
22:20:42,765 DEBUG aultHttpHeaderMapper| headerName=[citrus_http_method] WILL NOT be mapped
22:20:42,765 DEBUG aultHttpHeaderMapper| headerName=[timestamp] WILL NOT be mapped
22:20:42,765 DEBUG  client.RestTemplate| HTTP GET http://localhost:8080/user/get/98
22:20:42,765 DEBUG  client.RestTemplate| Accept=[text/plain, application/json, application/*+json, */*]
22:20:42,765 DEBUG ingClientInterceptor| Sending Http request message
22:20:42,766 DEBUG   Logger.Message_OUT| RAWMESSAGE [id: 0b471236-e04f-407f-8562-2a38a3a258fd, payload: GET http://localhost:8080/user/get/98
Accept:text/plain, application/json, application/*+json, */*
Content-Type:application/json;charset=UTF-8
Content-Length:0][headers: {citrus_message_id=0b471236-e04f-407f-8562-2a38a3a258fd, citrus_message_timestamp=1689189642765}]
22:20:42,766 DEBUG ol.RequestAddCookies| CookieSpec selected: default
22:20:42,766 DEBUG col.RequestAuthCache| Auth cache not set in the context
22:20:42,766 DEBUG entConnectionManager| Connection request: [route: {}->http://localhost:8080][total available: 1; route allocated: 1 of 5; total allocated: 1 of 10]
22:20:42,766 DEBUG entConnectionManager| Connection leased: [id: 0][route: {}->http://localhost:8080][total available: 0; route allocated: 1 of 5; total allocated: 1 of 10]
22:20:42,766 DEBUG HttpClientConnection| http-outgoing-0: set socket timeout to 0
22:20:42,766 DEBUG chain.MainClientExec| Executing request GET /user/get/98 HTTP/1.1
22:20:42,766 DEBUG chain.MainClientExec| Target auth state: UNCHALLENGED
22:20:42,766 DEBUG chain.MainClientExec| Proxy auth state: UNCHALLENGED
22:20:42,766 DEBUG         http.headers| http-outgoing-0 >> GET /user/get/98 HTTP/1.1
22:20:42,766 DEBUG         http.headers| http-outgoing-0 >> Accept: text/plain, application/json, application/*+json, */*
22:20:42,766 DEBUG         http.headers| http-outgoing-0 >> Content-Type: application/json;charset=UTF-8
22:20:42,766 DEBUG         http.headers| http-outgoing-0 >> Host: localhost:8080
22:20:42,767 DEBUG         http.headers| http-outgoing-0 >> Connection: Keep-Alive
22:20:42,767 DEBUG         http.headers| http-outgoing-0 >> User-Agent: Apache-HttpClient/4.5.13 (Java/11.0.16)
22:20:42,767 DEBUG         http.headers| http-outgoing-0 >> Accept-Encoding: gzip,deflate
22:20:42,767 DEBUG            http.wire| http-outgoing-0 >> "GET /user/get/98 HTTP/1.1[\r][\n]"
22:20:42,767 DEBUG            http.wire| http-outgoing-0 >> "Accept: text/plain, application/json, application/*+json, */*[\r][\n]"
22:20:42,767 DEBUG            http.wire| http-outgoing-0 >> "Content-Type: application/json;charset=UTF-8[\r][\n]"
22:20:42,767 DEBUG            http.wire| http-outgoing-0 >> "Host: localhost:8080[\r][\n]"
22:20:42,767 DEBUG            http.wire| http-outgoing-0 >> "Connection: Keep-Alive[\r][\n]"
22:20:42,767 DEBUG            http.wire| http-outgoing-0 >> "User-Agent: Apache-HttpClient/4.5.13 (Java/11.0.16)[\r][\n]"
22:20:42,767 DEBUG            http.wire| http-outgoing-0 >> "Accept-Encoding: gzip,deflate[\r][\n]"
22:20:42,767 DEBUG            http.wire| http-outgoing-0 >> "[\r][\n]"
22:20:42,767 DEBUG            http.wire| http-outgoing-0 << "HTTP/1.1 200 [\r][\n]"
22:20:42,767 DEBUG            http.wire| http-outgoing-0 << "Content-Type: application/json[\r][\n]"
22:20:42,767 DEBUG            http.wire| http-outgoing-0 << "Transfer-Encoding: chunked[\r][\n]"
22:20:42,767 DEBUG            http.wire| http-outgoing-0 << "Date: Wed, 12 Jul 2023 19:20:42 GMT[\r][\n]"
22:20:42,767 DEBUG            http.wire| http-outgoing-0 << "Connection: close[\r][\n]"
22:20:42,767 DEBUG            http.wire| http-outgoing-0 << "[\r][\n]"
22:20:42,767 DEBUG            http.wire| http-outgoing-0 << "94[\r][\n]"
22:20:42,767 DEBUG            http.wire| http-outgoing-0 << "{"userId":98,"name":"Miss Wynell Spinka","course":"Corporate Assurance Liaison","email":"98@qa.ru","age":76,"mark":{"name":"Course mark","score":1}}[\r][\n]"
22:20:42,768 DEBUG         http.headers| http-outgoing-0 << HTTP/1.1 200 
22:20:42,768 DEBUG         http.headers| http-outgoing-0 << Content-Type: application/json
22:20:42,768 DEBUG         http.headers| http-outgoing-0 << Transfer-Encoding: chunked
22:20:42,768 DEBUG         http.headers| http-outgoing-0 << Date: Wed, 12 Jul 2023 19:20:42 GMT
22:20:42,768 DEBUG         http.headers| http-outgoing-0 << Connection: close
22:20:42,768 DEBUG            http.wire| http-outgoing-0 << "0[\r][\n]"
22:20:42,768 DEBUG            http.wire| http-outgoing-0 << "[\r][\n]"
22:20:42,768 DEBUG HttpClientConnection| http-outgoing-0: Close connection
22:20:42,768 DEBUG chain.MainClientExec| Connection discarded
22:20:42,768 DEBUG entConnectionManager| Connection released: [id: 0][route: {}->http://localhost:8080][total available: 0; route allocated: 0 of 5; total allocated: 0 of 10]
22:20:42,768 DEBUG ingClientInterceptor| Received Http response message
22:20:42,769 DEBUG    Logger.Message_IN| RAWMESSAGE [id: 4f5eacc2-4c5f-4610-a798-cef912c4cd2b, payload: HTTP/1.1 200 OK 
Content-Type:application/json
Transfer-Encoding:chunked
Date:Wed, 12 Jul 2023 19:20:42 GMT
Connection:close

{"userId":98,"name":"Miss Wynell Spinka","course":"Corporate Assurance Liaison","email":"98@qa.ru","age":76,"mark":{"name":"Course mark","score":1}}][headers: {citrus_message_id=4f5eacc2-4c5f-4610-a798-cef912c4cd2b, citrus_message_timestamp=1689189642768}]
22:20:42,769 DEBUG  client.RestTemplate| Response 200 OK
22:20:42,769 DEBUG  client.RestTemplate| Reading to [java.lang.String] as "application/json"
22:20:42,769 INFO     client.HttpClient| HTTP message was sent to endpoint: 'http://localhost:8080/user/get/98'
22:20:42,769 DEBUG aultHttpHeaderMapper| inboundHeaderNames=[Accept-Ranges, Age, Allow, Cache-Control, Connection, Content-Encoding, Content-Language, Content-Length, Content-Location, Content-MD5, Content-Range, Content-Type, Content-Disposition, Transfer-Encoding, Date, ETag, Expires, Last-Modified, Location, Pragma, Proxy-Authenticate, Refresh, Retry-After, Server, Set-Cookie, Trailer, Vary, Via, Warning, WWW-Authenticate]
22:20:42,769 DEBUG aultHttpHeaderMapper| headerName=[content-type] WILL be mapped, matched pattern=content-type
22:20:42,769 DEBUG aultHttpHeaderMapper| setting headerName=[contentType], value=application/json
22:20:42,769 DEBUG aultHttpHeaderMapper| headerName=[transfer-encoding] WILL be mapped, matched pattern=transfer-encoding
22:20:42,769 DEBUG aultHttpHeaderMapper| setting headerName=[Transfer-Encoding], value=[chunked]
22:20:42,769 DEBUG aultHttpHeaderMapper| headerName=[date] WILL be mapped, matched pattern=date
22:20:42,770 DEBUG aultHttpHeaderMapper| setting headerName=[Date], value=1 689 189 642 000
22:20:42,770 DEBUG aultHttpHeaderMapper| headerName=[connection] WILL be mapped, matched pattern=connection
22:20:42,770 DEBUG aultHttpHeaderMapper| setting headerName=[Connection], value=[close]
22:20:42,770 DEBUG ltCorrelationManager| Saving correlated object for 'citrus_message_id = '619a73a8-a5d2-49dc-a0c7-9b7fea90fd56''
22:20:42,770 INFO  port.LoggingReporter| 
22:20:42,770 DEBUG port.LoggingReporter| TEST STEP 195 SUCCESS
22:20:42,770 INFO  port.LoggingReporter| 
22:20:42,770 DEBUG port.LoggingReporter| TEST STEP 196: receive
22:20:42,770 DEBUG ngCorrelationManager| Get correlation key for 'citrus_message_correlator_httpRESTClient'
22:20:42,770 DEBUG ltCorrelationManager| Finding correlated object for 'citrus_message_id = '619a73a8-a5d2-49dc-a0c7-9b7fea90fd56''
22:20:42,770 DEBUG ageValidatorRegistry| Found 4 message validators for message
22:20:42,770 DEBUG ssageHeaderValidator| Start message header validation ...
22:20:42,771 DEBUG faultHeaderValidator| Validating header element: citrus_http_reason_phrase='OK': OK.
22:20:42,771 DEBUG faultHeaderValidator| Validating header element: citrus_http_status_code='200': OK.
22:20:42,771 INFO  ssageHeaderValidator| Message header validation successful: All values OK
22:20:42,771 DEBUG TextMessageValidator| Start JSON message validation ...
22:20:42,771 DEBUG JsonSchemaValidation| Starting Json schema validation ...
22:20:42,771 INFO  JsonSchemaValidation| Json schema validation successful: All values OK
22:20:42,771 DEBUG TextMessageValidator| Received message:
HTTPMESSAGE [id: cdbc5e7d-c147-42c8-8054-c73b89da5cb5, payload: {"userId":98,"name":"Miss Wynell Spinka","course":"Corporate Assurance Liaison","email":"98@qa.ru","age":76,"mark":{"name":"Course mark","score":1}}][headers: {Transfer-Encoding=chunked, Connection=close, contentType=application/json, Date=1689189642000, citrus_message_id=cdbc5e7d-c147-42c8-8054-c73b89da5cb5, citrus_message_timestamp=1689189642770, Content-Type=application/json, citrus_http_status_code=200, citrus_http_reason_phrase=OK, citrus_http_version=HTTP/1.1}]
22:20:42,771 DEBUG TextMessageValidator| Control message:
HTTPMESSAGE [id: f740a138-7348-44b8-bb80-77f2481eacd8, payload: {"userId":98,"email":"@contains('@qa.ru')@","name":"@matches('^[a-zA-Z\\s\\.]*$')@","course":"@matches('^[a-zA-Z\\s]*$')@","age":"@isNumber()@","mark":{"name":"@contains('Course mark')@","score":"@isNumber()@"}}][headers: {citrus_message_id=f740a138-7348-44b8-bb80-77f2481eacd8, citrus_message_timestamp=1689189642770, citrus_http_reason_phrase=OK, citrus_http_status_code=200, citrus_message_type=JSON}]
22:20:42,771 DEBUG TextMessageValidator| Validation successful for JSON entry 'name' (@matches('^[a-zA-Z\s\.]*$')@)
22:20:42,771 DEBUG TextMessageValidator| Validation successful for JSON entry 'course' (@matches('^[a-zA-Z\s]*$')@)
22:20:42,771 DEBUG TextMessageValidator| Validation successful for JSON entry 'userId' (98)
22:20:42,771 DEBUG TextMessageValidator| Validation successful for JSON entry 'email' (@contains('@qa.ru')@)
22:20:42,771 DEBUG TextMessageValidator| Validation successful for JSON entry 'age' (@isNumber()@)
22:20:42,771 DEBUG TextMessageValidator| Validation successful for JSON entry 'score' (@isNumber()@)
22:20:42,771 DEBUG TextMessageValidator| Validation successful for JSON entry 'name' (@contains('Course mark')@)
22:20:42,771 DEBUG TextMessageValidator| Validation successful for JSON entry 'mark' ({"score":"@isNumber()@","name":"@contains('Course mark')@"})
22:20:42,771 INFO  TextMessageValidator| JSON message validation successful: All values OK
22:20:42,771 INFO  port.LoggingReporter| 
22:20:42,771 DEBUG port.LoggingReporter| TEST STEP 196 SUCCESS
]]></system-out>
  </testcase>
  <testcase name="getUserStubParametrizedTest(int)[99]" classname="citrus.HttpRESTStubTests" time="0.009">
    <error type="com.consol.citrus.exceptions.TestCaseFailedException"><![CDATA[com.consol.citrus.exceptions.TestCaseFailedException: MatchesValidationMatcher failed for field 'name'. Received value is 'Kareem O'Conner', control value is '^[a-zA-Z\s\.]*$'
	at citrus.HttpRESTStubTests.getUserStubParametrizedTest(HttpRESTStubTests.java:94)
Caused by: com.consol.citrus.exceptions.ValidationException: MatchesValidationMatcher failed for field 'name'. Received value is 'Kareem O'Conner', control value is '^[a-zA-Z\s\.]*$'
	at citrus.HttpRESTStubTests.getUserStubParametrizedTest(HttpRESTStubTests.java:94)
]]></error>
    <system-out><![CDATA[22:20:42,773 INFO  port.LoggingReporter| 
22:20:42,773 INFO  port.LoggingReporter| ------------------------------------------------------------------------
22:20:42,773 DEBUG port.LoggingReporter| STARTING TEST HttpRESTStubTests.getUserStubParametrizedTest <citrus>
22:20:42,773 INFO  port.LoggingReporter| 
22:20:42,773 DEBUG trus.DefaultTestCase| Initializing test case
22:20:42,773 DEBUG trus.DefaultTestCase| Global variables:
22:20:42,773 DEBUG trus.DefaultTestCase| citrus_message_correlator_httpRESTClient = citrus_message_id = '619a73a8-a5d2-49dc-a0c7-9b7fea90fd56'
22:20:42,773 DEBUG trus.DefaultTestCase| default.test.author = Unknown
22:20:42,773 DEBUG trus.DefaultTestCase| citrus.test.package = citrus
22:20:42,773 DEBUG trus.DefaultTestCase| citrus.test.name = HttpRESTStubTests.getUserStubParametrizedTest
22:20:42,773 DEBUG trus.DefaultTestCase| project.name = Citrus Integration Tests
22:20:42,773 DEBUG trus.DefaultTestCase| userId = 35
22:20:42,773 DEBUG trus.DefaultTestCase| citrus_message_replyTo_citrus_message_correlator_httpRESTClient = http://localhost:8080/user/get/98
22:20:42,773 DEBUG trus.DefaultTestCase| url = http://localhost:8080/user
22:20:42,773 DEBUG trus.DefaultTestCase| default.test.package = citrus
22:20:42,773 DEBUG  context.TestContext| Setting variable: citrus.test.name with value: 'HttpRESTStubTests.getUserStubParametrizedTest'
22:20:42,773 DEBUG  context.TestContext| Setting variable: citrus.test.package with value: 'citrus'
22:20:42,773 DEBUG trus.DefaultTestCase| Test variables:
22:20:42,773 DEBUG trus.DefaultTestCase| citrus_message_correlator_httpRESTClient = citrus_message_id = '619a73a8-a5d2-49dc-a0c7-9b7fea90fd56'
22:20:42,773 DEBUG trus.DefaultTestCase| default.test.author = Unknown
22:20:42,773 DEBUG trus.DefaultTestCase| citrus.test.package = citrus
22:20:42,773 DEBUG trus.DefaultTestCase| citrus.test.name = HttpRESTStubTests.getUserStubParametrizedTest
22:20:42,773 DEBUG trus.DefaultTestCase| project.name = Citrus Integration Tests
22:20:42,773 DEBUG trus.DefaultTestCase| userId = 35
22:20:42,773 DEBUG trus.DefaultTestCase| citrus_message_replyTo_citrus_message_correlator_httpRESTClient = http://localhost:8080/user/get/98
22:20:42,773 DEBUG trus.DefaultTestCase| url = http://localhost:8080/user
22:20:42,773 DEBUG trus.DefaultTestCase| default.test.package = citrus
22:20:42,774 INFO  port.LoggingReporter| 
22:20:42,774 DEBUG port.LoggingReporter| TEST STEP 197: send
22:20:42,774 DEBUG ltCorrelationManager| Saving correlation key for 'citrus_message_correlator_httpRESTClient'
22:20:42,774 DEBUG  context.TestContext| Setting variable: citrus_message_correlator_httpRESTClient with value: 'citrus_message_id = '56f40b36-0373-4d47-a1a1-19fc3da54b4e''
22:20:42,774 DEBUG  context.TestContext| Setting variable: citrus_message_replyTo_citrus_message_correlator_httpRESTClient with value: 'http://localhost:8080/user/get/99'
22:20:42,774 INFO     client.HttpClient| Sending HTTP message to: 'http://localhost:8080/user/get/99'
22:20:42,774 DEBUG    client.HttpClient| Message to send:

22:20:42,774 DEBUG aultHttpHeaderMapper| outboundHeaderNames=[Accept, Accept-Charset, Accept-Encoding, Accept-Language, Accept-Ranges, Authorization, Cache-Control, Connection, Content-Length, Content-Type, Cookie, Date, Expect, From, Host, If-Match, If-Modified-Since, If-None-Match, If-Range, If-Unmodified-Since, Max-Forwards, Pragma, Proxy-Authorization, Range, Referer, TE, Upgrade, User-Agent, Via, Warning]
22:20:42,774 DEBUG aultHttpHeaderMapper| headerName=[citrus_message_timestamp] WILL NOT be mapped
22:20:42,774 DEBUG aultHttpHeaderMapper| headerName=[citrus_message_type] WILL NOT be mapped
22:20:42,774 DEBUG aultHttpHeaderMapper| headerName=[citrus_request_path] WILL NOT be mapped
22:20:42,774 DEBUG aultHttpHeaderMapper| headerName=[citrus_http_request_uri] WILL NOT be mapped
22:20:42,774 DEBUG aultHttpHeaderMapper| headerName=[id] WILL NOT be mapped
22:20:42,774 DEBUG aultHttpHeaderMapper| headerName=[citrus_message_id] WILL NOT be mapped
22:20:42,774 DEBUG aultHttpHeaderMapper| headerName=[citrus_http_method] WILL NOT be mapped
22:20:42,774 DEBUG aultHttpHeaderMapper| headerName=[timestamp] WILL NOT be mapped
22:20:42,774 DEBUG  client.RestTemplate| HTTP GET http://localhost:8080/user/get/99
22:20:42,774 DEBUG  client.RestTemplate| Accept=[text/plain, application/json, application/*+json, */*]
22:20:42,774 DEBUG ingClientInterceptor| Sending Http request message
22:20:42,775 DEBUG   Logger.Message_OUT| RAWMESSAGE [id: 46ff4481-1c3e-4db9-8d5d-7f365abf1140, payload: GET http://localhost:8080/user/get/99
Accept:text/plain, application/json, application/*+json, */*
Content-Type:application/json;charset=UTF-8
Content-Length:0][headers: {citrus_message_id=46ff4481-1c3e-4db9-8d5d-7f365abf1140, citrus_message_timestamp=1689189642774}]
22:20:42,776 DEBUG ol.RequestAddCookies| CookieSpec selected: default
22:20:42,776 DEBUG col.RequestAuthCache| Auth cache not set in the context
22:20:42,776 DEBUG entConnectionManager| Connection request: [route: {}->http://localhost:8080][total available: 0; route allocated: 0 of 5; total allocated: 0 of 10]
22:20:42,776 DEBUG entConnectionManager| Connection leased: [id: 1][route: {}->http://localhost:8080][total available: 0; route allocated: 1 of 5; total allocated: 1 of 10]
22:20:42,776 DEBUG chain.MainClientExec| Opening connection {}->http://localhost:8080
22:20:42,776 DEBUG ntConnectionOperator| Connecting to localhost/127.0.0.1:8080
22:20:42,776 DEBUG ntConnectionOperator| Connection established 127.0.0.1:52104<->127.0.0.1:8080
22:20:42,776 DEBUG chain.MainClientExec| Executing request GET /user/get/99 HTTP/1.1
22:20:42,776 DEBUG chain.MainClientExec| Target auth state: UNCHALLENGED
22:20:42,776 DEBUG chain.MainClientExec| Proxy auth state: UNCHALLENGED
22:20:42,776 DEBUG         http.headers| http-outgoing-1 >> GET /user/get/99 HTTP/1.1
22:20:42,776 DEBUG         http.headers| http-outgoing-1 >> Accept: text/plain, application/json, application/*+json, */*
22:20:42,776 DEBUG         http.headers| http-outgoing-1 >> Content-Type: application/json;charset=UTF-8
22:20:42,776 DEBUG         http.headers| http-outgoing-1 >> Host: localhost:8080
22:20:42,776 DEBUG         http.headers| http-outgoing-1 >> Connection: Keep-Alive
22:20:42,776 DEBUG         http.headers| http-outgoing-1 >> User-Agent: Apache-HttpClient/4.5.13 (Java/11.0.16)
22:20:42,776 DEBUG         http.headers| http-outgoing-1 >> Accept-Encoding: gzip,deflate
22:20:42,776 DEBUG            http.wire| http-outgoing-1 >> "GET /user/get/99 HTTP/1.1[\r][\n]"
22:20:42,776 DEBUG            http.wire| http-outgoing-1 >> "Accept: text/plain, application/json, application/*+json, */*[\r][\n]"
22:20:42,776 DEBUG            http.wire| http-outgoing-1 >> "Content-Type: application/json;charset=UTF-8[\r][\n]"
22:20:42,776 DEBUG            http.wire| http-outgoing-1 >> "Host: localhost:8080[\r][\n]"
22:20:42,776 DEBUG            http.wire| http-outgoing-1 >> "Connection: Keep-Alive[\r][\n]"
22:20:42,776 DEBUG            http.wire| http-outgoing-1 >> "User-Agent: Apache-HttpClient/4.5.13 (Java/11.0.16)[\r][\n]"
22:20:42,776 DEBUG            http.wire| http-outgoing-1 >> "Accept-Encoding: gzip,deflate[\r][\n]"
22:20:42,776 DEBUG            http.wire| http-outgoing-1 >> "[\r][\n]"
22:20:42,778 DEBUG            http.wire| http-outgoing-1 << "HTTP/1.1 200 [\r][\n]"
22:20:42,778 DEBUG            http.wire| http-outgoing-1 << "Content-Type: application/json[\r][\n]"
22:20:42,778 DEBUG            http.wire| http-outgoing-1 << "Transfer-Encoding: chunked[\r][\n]"
22:20:42,778 DEBUG            http.wire| http-outgoing-1 << "Date: Wed, 12 Jul 2023 19:20:42 GMT[\r][\n]"
22:20:42,778 DEBUG            http.wire| http-outgoing-1 << "Keep-Alive: timeout=60[\r][\n]"
22:20:42,778 DEBUG            http.wire| http-outgoing-1 << "Connection: keep-alive[\r][\n]"
22:20:42,778 DEBUG            http.wire| http-outgoing-1 << "[\r][\n]"
22:20:42,778 DEBUG            http.wire| http-outgoing-1 << "95[\r][\n]"
22:20:42,778 DEBUG            http.wire| http-outgoing-1 << "{"userId":99,"name":"Kareem O'Conner","course":"Forward Mobility Representative","email":"99@qa.ru","age":39,"mark":{"name":"Course mark","score":9}}[\r][\n]"
22:20:42,778 DEBUG         http.headers| http-outgoing-1 << HTTP/1.1 200 
22:20:42,778 DEBUG         http.headers| http-outgoing-1 << Content-Type: application/json
22:20:42,778 DEBUG         http.headers| http-outgoing-1 << Transfer-Encoding: chunked
22:20:42,778 DEBUG         http.headers| http-outgoing-1 << Date: Wed, 12 Jul 2023 19:20:42 GMT
22:20:42,778 DEBUG         http.headers| http-outgoing-1 << Keep-Alive: timeout=60
22:20:42,778 DEBUG         http.headers| http-outgoing-1 << Connection: keep-alive
22:20:42,778 DEBUG chain.MainClientExec| Connection can be kept alive for 60000 MILLISECONDS
22:20:42,778 DEBUG            http.wire| http-outgoing-1 << "0[\r][\n]"
22:20:42,778 DEBUG            http.wire| http-outgoing-1 << "[\r][\n]"
22:20:42,778 DEBUG entConnectionManager| Connection [id: 1][route: {}->http://localhost:8080] can be kept alive for 60.0 seconds
22:20:42,778 DEBUG HttpClientConnection| http-outgoing-1: set socket timeout to 0
22:20:42,778 DEBUG entConnectionManager| Connection released: [id: 1][route: {}->http://localhost:8080][total available: 1; route allocated: 1 of 5; total allocated: 1 of 10]
22:20:42,778 DEBUG ingClientInterceptor| Received Http response message
22:20:42,779 DEBUG    Logger.Message_IN| RAWMESSAGE [id: c08661a9-00ee-4eb5-86de-57140a8d8c3b, payload: HTTP/1.1 200 OK 
Content-Type:application/json
Transfer-Encoding:chunked
Date:Wed, 12 Jul 2023 19:20:42 GMT
Keep-Alive:timeout=60
Connection:keep-alive

{"userId":99,"name":"Kareem O'Conner","course":"Forward Mobility Representative","email":"99@qa.ru","age":39,"mark":{"name":"Course mark","score":9}}][headers: {citrus_message_id=c08661a9-00ee-4eb5-86de-57140a8d8c3b, citrus_message_timestamp=1689189642778}]
22:20:42,779 DEBUG  client.RestTemplate| Response 200 OK
22:20:42,779 DEBUG  client.RestTemplate| Reading to [java.lang.String] as "application/json"
22:20:42,779 INFO     client.HttpClient| HTTP message was sent to endpoint: 'http://localhost:8080/user/get/99'
22:20:42,779 DEBUG aultHttpHeaderMapper| inboundHeaderNames=[Accept-Ranges, Age, Allow, Cache-Control, Connection, Content-Encoding, Content-Language, Content-Length, Content-Location, Content-MD5, Content-Range, Content-Type, Content-Disposition, Transfer-Encoding, Date, ETag, Expires, Last-Modified, Location, Pragma, Proxy-Authenticate, Refresh, Retry-After, Server, Set-Cookie, Trailer, Vary, Via, Warning, WWW-Authenticate]
22:20:42,779 DEBUG aultHttpHeaderMapper| headerName=[content-type] WILL be mapped, matched pattern=content-type
22:20:42,779 DEBUG aultHttpHeaderMapper| setting headerName=[contentType], value=application/json
22:20:42,779 DEBUG aultHttpHeaderMapper| headerName=[transfer-encoding] WILL be mapped, matched pattern=transfer-encoding
22:20:42,779 DEBUG aultHttpHeaderMapper| setting headerName=[Transfer-Encoding], value=[chunked]
22:20:42,779 DEBUG aultHttpHeaderMapper| headerName=[date] WILL be mapped, matched pattern=date
22:20:42,779 DEBUG aultHttpHeaderMapper| setting headerName=[Date], value=1 689 189 642 000
22:20:42,779 DEBUG aultHttpHeaderMapper| headerName=[keep-alive] WILL NOT be mapped
22:20:42,779 DEBUG aultHttpHeaderMapper| headerName=[connection] WILL be mapped, matched pattern=connection
22:20:42,779 DEBUG aultHttpHeaderMapper| setting headerName=[Connection], value=[keep-alive]
22:20:42,779 DEBUG ltCorrelationManager| Saving correlated object for 'citrus_message_id = '56f40b36-0373-4d47-a1a1-19fc3da54b4e''
22:20:42,779 INFO  port.LoggingReporter| 
22:20:42,779 DEBUG port.LoggingReporter| TEST STEP 197 SUCCESS
22:20:42,779 INFO  port.LoggingReporter| 
22:20:42,779 DEBUG port.LoggingReporter| TEST STEP 198: receive
22:20:42,780 DEBUG ngCorrelationManager| Get correlation key for 'citrus_message_correlator_httpRESTClient'
22:20:42,780 DEBUG ltCorrelationManager| Finding correlated object for 'citrus_message_id = '56f40b36-0373-4d47-a1a1-19fc3da54b4e''
22:20:42,780 DEBUG ageValidatorRegistry| Found 4 message validators for message
22:20:42,780 DEBUG ssageHeaderValidator| Start message header validation ...
22:20:42,780 DEBUG faultHeaderValidator| Validating header element: citrus_http_reason_phrase='OK': OK.
22:20:42,780 DEBUG faultHeaderValidator| Validating header element: citrus_http_status_code='200': OK.
22:20:42,780 INFO  ssageHeaderValidator| Message header validation successful: All values OK
22:20:42,780 DEBUG TextMessageValidator| Start JSON message validation ...
22:20:42,780 DEBUG JsonSchemaValidation| Starting Json schema validation ...
22:20:42,780 INFO  JsonSchemaValidation| Json schema validation successful: All values OK
22:20:42,780 DEBUG TextMessageValidator| Received message:
HTTPMESSAGE [id: 53dcb3aa-9ed9-409f-9760-a7d00fa698f1, payload: {"userId":99,"name":"Kareem O'Conner","course":"Forward Mobility Representative","email":"99@qa.ru","age":39,"mark":{"name":"Course mark","score":9}}][headers: {Transfer-Encoding=chunked, Connection=keep-alive, contentType=application/json, Date=1689189642000, citrus_message_id=53dcb3aa-9ed9-409f-9760-a7d00fa698f1, citrus_message_timestamp=1689189642779, Keep-Alive=timeout=60, Content-Type=application/json, citrus_http_status_code=200, citrus_http_reason_phrase=OK, citrus_http_version=HTTP/1.1}]
22:20:42,781 DEBUG TextMessageValidator| Control message:
HTTPMESSAGE [id: 708a0c5c-5923-4665-b771-a84a92e51327, payload: {"userId":99,"email":"@contains('@qa.ru')@","name":"@matches('^[a-zA-Z\\s\\.]*$')@","course":"@matches('^[a-zA-Z\\s]*$')@","age":"@isNumber()@","mark":{"name":"@contains('Course mark')@","score":"@isNumber()@"}}][headers: {citrus_message_id=708a0c5c-5923-4665-b771-a84a92e51327, citrus_message_timestamp=1689189642779, citrus_http_reason_phrase=OK, citrus_http_status_code=200, citrus_message_type=JSON}]
]]></system-out>
  </testcase>
</testsuite>